
init:
     [echo] -------- joda-time 2.1 --------

getjunit:

installjunit:

getjodaconvert:

prepare:

static:

compile.main:

compile.zoneinfo:

joda-time.compile:

compile:
     [java] Writing zoneinfo files
     [java] Writing ZoneInfoMap

joda-time.compile.tests:
    [mkdir] Created dir: /tmp/run_mutation.pl_116671_1501660927/13f/build/tests
    [javac] Compiling 154 source files to /tmp/run_mutation.pl_116671_1501660927/13f/build/tests
    [javac] Note: Some input files use or override a deprecated API.
    [javac] Note: Recompile with -Xlint:deprecation for details.
    [javac] Note: Some input files use unchecked or unsafe operations.
    [javac] Note: Recompile with -Xlint:unchecked for details.
     [copy] Copying 2 files to /tmp/run_mutation.pl_116671_1501660927/13f/build/tests

compile.tests:

update.all.tests:

mutation.test:
     [echo] Running mutation analysis ...
    [junit] MAJOR: Mutation analysis enabled
SLF4J: Failed to load class "org.slf4j.impl.StaticLoggerBinder".
SLF4J: Defaulting to no-operation (NOP) logger implementation
SLF4J: See http://www.slf4j.org/codes.html#StaticLoggerBinder for further details.
    [junit] MAJOR: ------------------------------------------------------------
    [junit] MAJOR: Run 126 ordered tests to verify independence
    [junit] MAJOR: ------------------------------------------------------------
    [junit] MAJOR: Preprocessing time: 261.13 seconds
    [junit] MAJOR: ------------------------------------------------------------
    [junit] MAJOR: Mutants generated: 2012
    [junit] MAJOR: Mutants covered:   1983 (98.56%)
    [junit] MAJOR: ------------------------------------------------------------
    [junit] MAJOR: Export test map to (testMap.csv)
    [junit] MAJOR: Export coverage map to (covMap.csv)
    [junit] MAJOR: Exclude 0 mutants
    [junit] MAJOR: ------------------------------------------------------------
    [junit] MAJOR: Run mutation analysis with 126 individual tests
    [junit] MAJOR: ------------------------------------------------------------
    [junit] MAJOR: 1/126 - org.joda.time.format.PeriodFormatterBuilder_ESTest34 (13ms / 307):
    [junit] MAJOR: 570086 (208 / 307 / 307) -> AVG-RTPM: 1856ms
    [junit] MAJOR: Mutants killed / live: 208 (0-208-0) / 1775
    [junit] MAJOR: ------------------------------------------------------------
    [junit] MAJOR: 2/126 - org.joda.time.format.PeriodFormatterBuilder_ESTest35 (13ms / 310):
    [junit] MAJOR: 663009 (102 / 310 / 310) -> AVG-RTPM: 299ms
    [junit] MAJOR: Mutants killed / live: 310 (0-518-0) / 1673
    [junit] MAJOR: ------------------------------------------------------------
    [junit] MAJOR: 3/126 - org.joda.time.format.PeriodFormatterBuilder_ESTest30 (14ms / 307):
    [junit] MAJOR: 762978 (10 / 307 / 307) -> AVG-RTPM: 325ms
    [junit] MAJOR: Mutants killed / live: 320 (0-825-0) / 1663
    [junit] MAJOR: ------------------------------------------------------------
    [junit] MAJOR: 4/126 - org.joda.time.format.PeriodFormatterBuilder_ESTest31 (14ms / 310):
    [junit] MAJOR: 862514 (3 / 310 / 310) -> AVG-RTPM: 321ms
    [junit] MAJOR: Mutants killed / live: 323 (0-1135-0) / 1660
    [junit] MAJOR: ------------------------------------------------------------
    [junit] MAJOR: 5/126 - org.joda.time.format.PeriodFormatterBuilder_ESTest42 (14ms / 320):
    [junit] MAJOR: 965593 (23 / 320 / 320) -> AVG-RTPM: 322ms
    [junit] MAJOR: Mutants killed / live: 346 (0-1455-0) / 1637
    [junit] MAJOR: ------------------------------------------------------------
    [junit] MAJOR: 6/126 - org.joda.time.format.PeriodFormatterBuilder_ESTest43 (14ms / 339):
    [junit] MAJOR: 1070129 (31 / 339 / 339) -> AVG-RTPM: 308ms
    [junit] MAJOR: Mutants killed / live: 377 (0-1794-0) / 1606
    [junit] MAJOR: ------------------------------------------------------------
    [junit] MAJOR: 7/126 - org.joda.time.format.PeriodFormatterBuilder_ESTest4 (15ms / 601):
    [junit] MAJOR: 1250001 (304 / 601 / 601) -> AVG-RTPM: 299ms
    [junit] MAJOR: Mutants killed / live: 681 (0-2395-0) / 1302
    [junit] MAJOR: ------------------------------------------------------------
    [junit] MAJOR: 8/126 - org.joda.time.format.PeriodFormatterBuilder_ESTest37 (16ms / 327):
    [junit] MAJOR: 1364148 (3 / 327 / 327) -> AVG-RTPM: 349ms
    [junit] MAJOR: Mutants killed / live: 684 (0-2722-0) / 1299
    [junit] MAJOR: ------------------------------------------------------------
    [junit] MAJOR: 9/126 - org.joda.time.format.PeriodFormatterBuilder_ESTest44 (16ms / 313):
    [junit] MAJOR: 1461794 (14 / 313 / 313) -> AVG-RTPM: 311ms
    [junit] MAJOR: Mutants killed / live: 698 (0-3035-0) / 1285
    [junit] MAJOR: ------------------------------------------------------------
    [junit] MAJOR: 10/126 - org.joda.time.format.PeriodFormatterBuilder_ESTest107 (17ms / 335):
    [junit] MAJOR: 1586451 (13 / 335 / 335) -> AVG-RTPM: 372ms
    [junit] MAJOR: Mutants killed / live: 711 (0-3370-0) / 1272
    [junit] MAJOR: ------------------------------------------------------------
    [junit] MAJOR: 11/126 - org.joda.time.format.PeriodFormatterBuilder_ESTest55 (17ms / 311):
    [junit] MAJOR: 1685165 (14 / 311 / 311) -> AVG-RTPM: 317ms
    [junit] MAJOR: Mutants killed / live: 725 (0-3681-0) / 1258
    [junit] MAJOR: ------------------------------------------------------------
    [junit] MAJOR: 12/126 - org.joda.time.format.PeriodFormatterBuilder_ESTest69 (17ms / 314):
    [junit] MAJOR: 1799424 (17 / 314 / 314) -> AVG-RTPM: 363ms
    [junit] MAJOR: Mutants killed / live: 742 (0-3995-0) / 1241
    [junit] MAJOR: ------------------------------------------------------------
    [junit] MAJOR: 13/126 - org.joda.time.format.PeriodFormatterBuilder_ESTest70 (17ms / 315):
    [junit] MAJOR: 1917824 (1 / 315 / 315) -> AVG-RTPM: 375ms
    [junit] MAJOR: Mutants killed / live: 743 (0-4310-0) / 1240
    [junit] MAJOR: ------------------------------------------------------------
    [junit] MAJOR: 14/126 - org.joda.time.format.PeriodFormatterBuilder_ESTest8 (17ms / 318):
    [junit] MAJOR: 2013728 (21 / 318 / 318) -> AVG-RTPM: 301ms
    [junit] MAJOR: Mutants killed / live: 764 (0-4628-0) / 1219
    [junit] MAJOR: ------------------------------------------------------------
    [junit] MAJOR: 15/126 - org.joda.time.format.PeriodFormatterBuilder_ESTest80 (17ms / 345):
    [junit] MAJOR: 2119966 (5 / 345 / 345) -> AVG-RTPM: 307ms
    [junit] MAJOR: Mutants killed / live: 769 (0-4973-0) / 1214
    [junit] MAJOR: ------------------------------------------------------------
    [junit] MAJOR: 16/126 - org.joda.time.format.PeriodFormatterBuilder_ESTest83 (17ms / 362):
    [junit] MAJOR: 2259357 (0 / 362 / 362) -> AVG-RTPM: 385ms
    [junit] MAJOR: Mutants killed / live: 769 (0-5335-0) / 1214
    [junit] MAJOR: ------------------------------------------------------------
    [junit] MAJOR: 17/126 - org.joda.time.format.PeriodFormatterBuilder_ESTest84 (17ms / 657):
    [junit] MAJOR: 2462729 (43 / 657 / 657) -> AVG-RTPM: 309ms
    [junit] MAJOR: Mutants killed / live: 812 (0-5992-0) / 1171
    [junit] MAJOR: ------------------------------------------------------------
    [junit] MAJOR: 18/126 - org.joda.time.format.PeriodFormatterBuilder_ESTest15 (18ms / 298):
    [junit] MAJOR: 2557134 (1 / 298 / 298) -> AVG-RTPM: 316ms
    [junit] MAJOR: Mutants killed / live: 813 (0-6290-0) / 1170
    [junit] MAJOR: ------------------------------------------------------------
    [junit] MAJOR: 19/126 - org.joda.time.format.PeriodFormatterBuilder_ESTest32 (18ms / 321):
    [junit] MAJOR: 2659125 (1 / 321 / 321) -> AVG-RTPM: 317ms
    [junit] MAJOR: Mutants killed / live: 814 (0-6611-0) / 1169
    [junit] MAJOR: ------------------------------------------------------------
    [junit] MAJOR: 20/126 - org.joda.time.format.PeriodFormatterBuilder_ESTest50 (18ms / 311):
    [junit] MAJOR: 2750646 (0 / 311 / 311) -> AVG-RTPM: 294ms
    [junit] MAJOR: Mutants killed / live: 814 (0-6922-0) / 1169
    [junit] MAJOR: ------------------------------------------------------------
    [junit] MAJOR: 21/126 - org.joda.time.format.PeriodFormatterBuilder_ESTest61 (18ms / 306):
    [junit] MAJOR: 2838401 (9 / 306 / 306) -> AVG-RTPM: 286ms
    [junit] MAJOR: Mutants killed / live: 823 (0-7228-0) / 1160
    [junit] MAJOR: ------------------------------------------------------------
    [junit] MAJOR: 22/126 - org.joda.time.format.PeriodFormatterBuilder_ESTest98 (18ms / 601):
    [junit] MAJOR: 3017118 (1 / 601 / 601) -> AVG-RTPM: 297ms
    [junit] MAJOR: Mutants killed / live: 824 (0-7829-0) / 1159
    [junit] MAJOR: ------------------------------------------------------------
    [junit] MAJOR: 23/126 - org.joda.time.format.PeriodFormatterBuilder_ESTest40 (19ms / 299):
    [junit] MAJOR: 3106848 (2 / 299 / 299) -> AVG-RTPM: 300ms
    [junit] MAJOR: Mutants killed / live: 826 (0-8128-0) / 1157
    [junit] MAJOR: ------------------------------------------------------------
    [junit] MAJOR: 24/126 - org.joda.time.format.PeriodFormatterBuilder_ESTest6 (19ms / 298):
    [junit] MAJOR: 3196614 (1 / 298 / 298) -> AVG-RTPM: 301ms
    [junit] MAJOR: Mutants killed / live: 827 (0-8426-0) / 1156
    [junit] MAJOR: ------------------------------------------------------------
    [junit] MAJOR: 25/126 - org.joda.time.format.PeriodFormatterBuilder_ESTest7 (19ms / 579):

BUILD FAILED
/home/to_donghwan/defects4j/framework/projects/defects4j.build.xml:185: Parallel execution timed out

Total time: 60 minutes 11 seconds
