
init:
     [echo] -------- joda-time 2.1 --------

getjunit:

installjunit:

getjodaconvert:

prepare:

static:

compile.main:

compile.zoneinfo:

joda-time.compile:

compile:
     [java] Writing zoneinfo files
     [java] Writing ZoneInfoMap

joda-time.compile.tests:
    [mkdir] Created dir: /tmp/run_mutation.pl_61037_1501376399/14f/build/tests
    [javac] Compiling 154 source files to /tmp/run_mutation.pl_61037_1501376399/14f/build/tests
    [javac] Note: Some input files use or override a deprecated API.
    [javac] Note: Recompile with -Xlint:deprecation for details.
    [javac] Note: Some input files use unchecked or unsafe operations.
    [javac] Note: Recompile with -Xlint:unchecked for details.
     [copy] Copying 2 files to /tmp/run_mutation.pl_61037_1501376399/14f/build/tests

compile.tests:

update.all.tests:

mutation.test:
     [echo] Running mutation analysis ...
    [junit] MAJOR: Mutation analysis enabled
SLF4J: Failed to load class "org.slf4j.impl.StaticLoggerBinder".
SLF4J: Defaulting to no-operation (NOP) logger implementation
SLF4J: See http://www.slf4j.org/codes.html#StaticLoggerBinder for further details.
    [junit] MAJOR: org.joda.time.chrono.BasicMonthOfYearDateTimeField_ESTest0[test00] failed!
    [junit] MAJOR:  -> AssertionFailedError
    [junit] MAJOR:  -> "expected:<1> but was:<6>"
    [junit] MAJOR: Exclude 1 failing test class:
    [junit] MAJOR:  - org.joda.time.chrono.BasicMonthOfYearDateTimeField_ESTest0
    [junit] MAJOR: ------------------------------------------------------------
    [junit] MAJOR: Run 23 ordered tests to verify independence
    [junit] MAJOR: ------------------------------------------------------------
    [junit] MAJOR: Preprocessing time: 19.72 seconds
    [junit] MAJOR: ------------------------------------------------------------
    [junit] MAJOR: Mutants generated: 427
    [junit] MAJOR: Mutants covered:   388 (90.87%)
    [junit] MAJOR: ------------------------------------------------------------
    [junit] MAJOR: Export test map to (testMap.csv)
    [junit] MAJOR: Export coverage map to (covMap.csv)
    [junit] MAJOR: Exclude 0 mutants
    [junit] MAJOR: ------------------------------------------------------------
    [junit] MAJOR: Run mutation analysis with 23 individual tests
    [junit] MAJOR: ------------------------------------------------------------
    [junit] MAJOR: 1/23 - org.joda.time.chrono.BasicMonthOfYearDateTimeField_ESTest6 (14ms / 77):
    [junit] MAJOR: 59362 (45 / 77 / 77) -> AVG-RTPM: 770ms
    [junit] MAJOR: Mutants killed / live: 45 (39-6-0) / 343
    [junit] MAJOR: ------------------------------------------------------------
    [junit] MAJOR: 2/23 - org.joda.time.chrono.BasicMonthOfYearDateTimeField_ESTest17 (15ms / 59):
    [junit] MAJOR: 148396 (28 / 59 / 59) -> AVG-RTPM: 1509ms
    [junit] MAJOR: Mutants killed / live: 73 (65-8-0) / 315
    [junit] MAJOR: ------------------------------------------------------------
    [junit] MAJOR: 3/23 - org.joda.time.chrono.BasicMonthOfYearDateTimeField_ESTest19 (15ms / 58):
    [junit] MAJOR: 283340 (18 / 58 / 58) -> AVG-RTPM: 2326ms
    [junit] MAJOR: Mutants killed / live: 91 (94-16-0) / 297
    [junit] MAJOR: ------------------------------------------------------------
    [junit] MAJOR: 4/23 - org.joda.time.chrono.BasicMonthOfYearDateTimeField_ESTest4 (15ms / 13):
    [junit] MAJOR: 286191 (9 / 13 / 13) -> AVG-RTPM: 219ms
    [junit] MAJOR: Mutants killed / live: 100 (94-29-0) / 288
    [junit] MAJOR: ------------------------------------------------------------
    [junit] MAJOR: 5/23 - org.joda.time.chrono.BasicMonthOfYearDateTimeField_ESTest23 (16ms / 25):
    [junit] MAJOR: 291486 (13 / 25 / 25) -> AVG-RTPM: 211ms
    [junit] MAJOR: Mutants killed / live: 113 (94-54-0) / 275
    [junit] MAJOR: ------------------------------------------------------------
    [junit] MAJOR: 6/23 - org.joda.time.chrono.BasicMonthOfYearDateTimeField_ESTest3 (16ms / 12):
    [junit] MAJOR: 293980 (0 / 12 / 12) -> AVG-RTPM: 207ms
    [junit] MAJOR: Mutants killed / live: 113 (94-66-0) / 275
    [junit] MAJOR: ------------------------------------------------------------
    [junit] MAJOR: 7/23 - org.joda.time.chrono.BasicMonthOfYearDateTimeField_ESTest18 (17ms / 64):
    [junit] MAJOR: 307333 (12 / 64 / 64) -> AVG-RTPM: 208ms
    [junit] MAJOR: Mutants killed / live: 125 (94-130-0) / 263
    [junit] MAJOR: ------------------------------------------------------------
    [junit] MAJOR: 8/23 - org.joda.time.chrono.BasicMonthOfYearDateTimeField_ESTest5 (17ms / 12):
    [junit] MAJOR: 309811 (0 / 12 / 12) -> AVG-RTPM: 206ms
    [junit] MAJOR: Mutants killed / live: 125 (94-142-0) / 263
    [junit] MAJOR: ------------------------------------------------------------
    [junit] MAJOR: 9/23 - org.joda.time.chrono.BasicMonthOfYearDateTimeField_ESTest11 (18ms / 104):
    [junit] MAJOR: 331040 (92 / 104 / 104) -> AVG-RTPM: 204ms
    [junit] MAJOR: Mutants killed / live: 217 (94-246-0) / 171
    [junit] MAJOR: ------------------------------------------------------------
    [junit] MAJOR: 10/23 - org.joda.time.chrono.BasicMonthOfYearDateTimeField_ESTest16 (18ms / 69):
    [junit] MAJOR: 346495 (57 / 69 / 69) -> AVG-RTPM: 223ms
    [junit] MAJOR: Mutants killed / live: 274 (94-315-0) / 114
    [junit] MAJOR: ------------------------------------------------------------
    [junit] MAJOR: 11/23 - org.joda.time.chrono.BasicMonthOfYearDateTimeField_ESTest7 (18ms / 28):
    [junit] MAJOR: 352825 (5 / 28 / 28) -> AVG-RTPM: 226ms
    [junit] MAJOR: Mutants killed / live: 279 (94-343-0) / 109
    [junit] MAJOR: ------------------------------------------------------------
    [junit] MAJOR: 12/23 - org.joda.time.chrono.BasicMonthOfYearDateTimeField_ESTest10 (19ms / 100):
    [junit] MAJOR: 373839 (0 / 100 / 100) -> AVG-RTPM: 210ms
    [junit] MAJOR: Mutants killed / live: 279 (94-443-0) / 109
    [junit] MAJOR: ------------------------------------------------------------
    [junit] MAJOR: 13/23 - org.joda.time.chrono.BasicMonthOfYearDateTimeField_ESTest1 (20ms / 16):
    [junit] MAJOR: 377299 (4 / 16 / 16) -> AVG-RTPM: 216ms
    [junit] MAJOR: Mutants killed / live: 283 (94-459-0) / 105
    [junit] MAJOR: ------------------------------------------------------------
    [junit] MAJOR: 14/23 - org.joda.time.chrono.BasicMonthOfYearDateTimeField_ESTest20 (21ms / 13):
    [junit] MAJOR: 379981 (1 / 13 / 13) -> AVG-RTPM: 206ms
    [junit] MAJOR: Mutants killed / live: 284 (94-472-0) / 104
    [junit] MAJOR: ------------------------------------------------------------
    [junit] MAJOR: 15/23 - org.joda.time.chrono.BasicMonthOfYearDateTimeField_ESTest9 (21ms / 90):
    [junit] MAJOR: 400023 (38 / 90 / 90) -> AVG-RTPM: 222ms
    [junit] MAJOR: Mutants killed / live: 322 (94-562-0) / 66
    [junit] MAJOR: ------------------------------------------------------------
    [junit] MAJOR: 16/23 - org.joda.time.chrono.BasicMonthOfYearDateTimeField_ESTest13 (23ms / 89):
    [junit] MAJOR: 417765 (0 / 89 / 89) -> AVG-RTPM: 199ms
    [junit] MAJOR: Mutants killed / live: 322 (94-651-0) / 66
    [junit] MAJOR: ------------------------------------------------------------
    [junit] MAJOR: 17/23 - org.joda.time.chrono.BasicMonthOfYearDateTimeField_ESTest15 (23ms / 149):
    [junit] MAJOR: 452369 (61 / 149 / 149) -> AVG-RTPM: 232ms
    [junit] MAJOR: Mutants killed / live: 383 (94-800-0) / 5
    [junit] MAJOR: ------------------------------------------------------------
    [junit] MAJOR: 18/23 - org.joda.time.chrono.BasicMonthOfYearDateTimeField_ESTest2 (24ms / 60):
    [junit] MAJOR: 466684 (0 / 60 / 60) -> AVG-RTPM: 238ms
    [junit] MAJOR: Mutants killed / live: 383 (94-860-0) / 5
    [junit] MAJOR: ------------------------------------------------------------
    [junit] MAJOR: 19/23 - org.joda.time.chrono.BasicMonthOfYearDateTimeField_ESTest21 (39ms / 19):
    [junit] MAJOR: 471185 (3 / 19 / 19) -> AVG-RTPM: 236ms
    [junit] MAJOR: Mutants killed / live: 386 (94-879-0) / 2
    [junit] MAJOR: ------------------------------------------------------------
    [junit] MAJOR: 20/23 - org.joda.time.chrono.BasicMonthOfYearDateTimeField_ESTest22 (46ms / 25):
    [junit] MAJOR: 476036 (0 / 25 / 25) -> AVG-RTPM: 194ms
    [junit] MAJOR: Mutants killed / live: 386 (94-904-0) / 2
    [junit] MAJOR: ------------------------------------------------------------
    [junit] MAJOR: 21/23 - org.joda.time.chrono.BasicMonthOfYearDateTimeField_ESTest14 (47ms / 21):
    [junit] MAJOR: 480500 (0 / 21 / 21) -> AVG-RTPM: 212ms
    [junit] MAJOR: Mutants killed / live: 386 (94-925-0) / 2
    [junit] MAJOR: ------------------------------------------------------------
    [junit] MAJOR: 22/23 - org.joda.time.chrono.BasicMonthOfYearDateTimeField_ESTest8 (47ms / 107):
    [junit] MAJOR: 500527 (1 / 107 / 107) -> AVG-RTPM: 187ms
    [junit] MAJOR: Mutants killed / live: 387 (94-1032-0) / 1
    [junit] MAJOR: ------------------------------------------------------------
    [junit] MAJOR: 23/23 - org.joda.time.chrono.BasicMonthOfYearDateTimeField_ESTest12 (50ms / 78):
    [junit] MAJOR: 516838 (0 / 78 / 78) -> AVG-RTPM: 209ms
    [junit] MAJOR: Mutants killed / live: 387 (94-1110-0) / 1
    [junit] MAJOR: ------------------------------------------------------------
    [junit] MAJOR: Summary:
    [junit] MAJOR: 
    [junit] MAJOR: Analysis time:  516.8 seconds
    [junit] MAJOR: Mutation score: 90.63% (99.74%)
    [junit] MAJOR: Mutants killed / live: 387 (94-1110-0) / 1
    [junit] MAJOR: Mutant executions: 1288
    [junit] MAJOR: ------------------------------------------------------------
    [junit] MAJOR: Export summary of results (to summary.csv)
    [junit] MAJOR: Export mutant kill details (to /tmp/run_mutation.pl_61037_1501376399/14f/kill.csv)
    [junit] MAJOR: Export kill map (to killMap.csv)!

BUILD SUCCESSFUL
Total time: 9 minutes 10 seconds
