
init:
     [echo] -------- joda-time 2.1 --------

getjunit:

installjunit:

getjodaconvert:

prepare:

static:

compile.main:

compile.zoneinfo:

joda-time.compile:

compile:
     [java] Writing zoneinfo files
     [java] Writing ZoneInfoMap

joda-time.compile.tests:
    [mkdir] Created dir: /tmp/run_mutation.pl_84045_1501621863/15f/build/tests
    [javac] Compiling 154 source files to /tmp/run_mutation.pl_84045_1501621863/15f/build/tests
    [javac] Note: Some input files use or override a deprecated API.
    [javac] Note: Recompile with -Xlint:deprecation for details.
    [javac] Note: Some input files use unchecked or unsafe operations.
    [javac] Note: Recompile with -Xlint:unchecked for details.
     [copy] Copying 2 files to /tmp/run_mutation.pl_84045_1501621863/15f/build/tests

compile.tests:

update.all.tests:

mutation.test:
     [echo] Running mutation analysis ...
    [junit] MAJOR: Mutation analysis enabled
SLF4J: Failed to load class "org.slf4j.impl.StaticLoggerBinder".
SLF4J: Defaulting to no-operation (NOP) logger implementation
SLF4J: See http://www.slf4j.org/codes.html#StaticLoggerBinder for further details.
    [junit] MAJOR: ------------------------------------------------------------
    [junit] MAJOR: Run 45 ordered tests to verify independence
    [junit] MAJOR: ------------------------------------------------------------
    [junit] MAJOR: Preprocessing time: 26.67 seconds
    [junit] MAJOR: ------------------------------------------------------------
    [junit] MAJOR: Mutants generated: 449
    [junit] MAJOR: Mutants covered:   440 (98.00%)
    [junit] MAJOR: ------------------------------------------------------------
    [junit] MAJOR: Export test map to (testMap.csv)
    [junit] MAJOR: Export coverage map to (covMap.csv)
    [junit] MAJOR: Exclude 0 mutants
    [junit] MAJOR: ------------------------------------------------------------
    [junit] MAJOR: Run mutation analysis with 45 individual tests
    [junit] MAJOR: ------------------------------------------------------------
    [junit] MAJOR: 1/45 - org.joda.time.field.FieldUtils_ESTest20 (12ms / 49):
    [junit] MAJOR: 34626 (4 / 49 / 49) -> AVG-RTPM: 706ms
    [junit] MAJOR: Mutants killed / live: 4 (4-0-0) / 436
    [junit] MAJOR: ------------------------------------------------------------
    [junit] MAJOR: 2/45 - org.joda.time.field.FieldUtils_ESTest28 (12ms / 56):
    [junit] MAJOR: 105483 (8 / 56 / 56) -> AVG-RTPM: 1265ms
    [junit] MAJOR: Mutants killed / live: 12 (12-0-0) / 428
    [junit] MAJOR: ------------------------------------------------------------
    [junit] MAJOR: 3/45 - org.joda.time.field.FieldUtils_ESTest29 (12ms / 42):
    [junit] MAJOR: 189936 (28 / 42 / 42) -> AVG-RTPM: 2010ms
    [junit] MAJOR: Mutants killed / live: 40 (16-24-0) / 400
    [junit] MAJOR: ------------------------------------------------------------
    [junit] MAJOR: 4/45 - org.joda.time.field.FieldUtils_ESTest32 (12ms / 42):
    [junit] MAJOR: 311737 (4 / 42 / 42) -> AVG-RTPM: 2900ms
    [junit] MAJOR: Mutants killed / live: 44 (24-24-0) / 396
    [junit] MAJOR: ------------------------------------------------------------
    [junit] MAJOR: 5/45 - org.joda.time.field.FieldUtils_ESTest7 (12ms / 64):
    [junit] MAJOR: 340679 (31 / 64 / 64) -> AVG-RTPM: 452ms
    [junit] MAJOR: Mutants killed / live: 75 (28-82-1) / 365
    [junit] MAJOR: ------------------------------------------------------------
    [junit] MAJOR: 6/45 - org.joda.time.field.FieldUtils_ESTest9 (12ms / 75):
    [junit] MAJOR: 349927 (12 / 75 / 75) -> AVG-RTPM: 123ms
    [junit] MAJOR: Mutants killed / live: 87 (28-157-1) / 353
    [junit] MAJOR: ------------------------------------------------------------
    [junit] MAJOR: 7/45 - org.joda.time.field.FieldUtils_ESTest16 (13ms / 51):
    [junit] MAJOR: 356779 (5 / 51 / 51) -> AVG-RTPM: 134ms
    [junit] MAJOR: Mutants killed / live: 92 (28-208-1) / 348
    [junit] MAJOR: ------------------------------------------------------------
    [junit] MAJOR: 8/45 - org.joda.time.field.FieldUtils_ESTest17 (13ms / 57):
    [junit] MAJOR: 364468 (15 / 57 / 57) -> AVG-RTPM: 134ms
    [junit] MAJOR: Mutants killed / live: 107 (28-265-1) / 333
    [junit] MAJOR: ------------------------------------------------------------
    [junit] MAJOR: 9/45 - org.joda.time.field.FieldUtils_ESTest21 (13ms / 57):
    [junit] MAJOR: 373057 (0 / 57 / 57) -> AVG-RTPM: 150ms
    [junit] MAJOR: Mutants killed / live: 107 (28-322-1) / 333
    [junit] MAJOR: ------------------------------------------------------------
    [junit] MAJOR: 10/45 - org.joda.time.field.FieldUtils_ESTest24 (13ms / 78):
    [junit] MAJOR: 384996 (36 / 78 / 78) -> AVG-RTPM: 153ms
    [junit] MAJOR: Mutants killed / live: 143 (28-400-1) / 297
    [junit] MAJOR: ------------------------------------------------------------
    [junit] MAJOR: 11/45 - org.joda.time.field.FieldUtils_ESTest3 (13ms / 49):
    [junit] MAJOR: 392619 (7 / 49 / 49) -> AVG-RTPM: 155ms
    [junit] MAJOR: Mutants killed / live: 150 (28-449-1) / 290
    [junit] MAJOR: ------------------------------------------------------------
    [junit] MAJOR: 12/45 - org.joda.time.field.FieldUtils_ESTest30 (13ms / 42):
    [junit] MAJOR: 404070 (0 / 42 / 42) -> AVG-RTPM: 272ms
    [junit] MAJOR: Mutants killed / live: 150 (28-491-1) / 290
    [junit] MAJOR: ------------------------------------------------------------
    [junit] MAJOR: 13/45 - org.joda.time.field.FieldUtils_ESTest31 (13ms / 42):
    [junit] MAJOR: 414063 (0 / 42 / 42) -> AVG-RTPM: 237ms
    [junit] MAJOR: Mutants killed / live: 150 (28-533-1) / 290
    [junit] MAJOR: ------------------------------------------------------------
    [junit] MAJOR: 14/45 - org.joda.time.field.FieldUtils_ESTest33 (13ms / 42):
    [junit] MAJOR: 418638 (0 / 42 / 42) -> AVG-RTPM: 108ms
    [junit] MAJOR: Mutants killed / live: 150 (28-575-1) / 290
    [junit] MAJOR: ------------------------------------------------------------
    [junit] MAJOR: 15/45 - org.joda.time.field.FieldUtils_ESTest34 (13ms / 42):
    [junit] MAJOR: 424339 (0 / 42 / 42) -> AVG-RTPM: 135ms
    [junit] MAJOR: Mutants killed / live: 150 (28-617-1) / 290
    [junit] MAJOR: ------------------------------------------------------------
    [junit] MAJOR: 16/45 - org.joda.time.field.FieldUtils_ESTest36 (13ms / 63):
    [junit] MAJOR: 433119 (21 / 63 / 63) -> AVG-RTPM: 139ms
    [junit] MAJOR: Mutants killed / live: 171 (28-680-1) / 269
    [junit] MAJOR: ------------------------------------------------------------
    [junit] MAJOR: 17/45 - org.joda.time.field.FieldUtils_ESTest37 (13ms / 63):
    [junit] MAJOR: 442573 (0 / 63 / 63) -> AVG-RTPM: 150ms
    [junit] MAJOR: Mutants killed / live: 171 (28-743-1) / 269
    [junit] MAJOR: ------------------------------------------------------------
    [junit] MAJOR: 18/45 - org.joda.time.field.FieldUtils_ESTest41 (13ms / 58):
    [junit] MAJOR: 451304 (16 / 58 / 58) -> AVG-RTPM: 150ms
    [junit] MAJOR: Mutants killed / live: 187 (28-801-1) / 253
    [junit] MAJOR: ------------------------------------------------------------
    [junit] MAJOR: 19/45 - org.joda.time.field.FieldUtils_ESTest43 (13ms / 56):
    [junit] MAJOR: 460021 (1 / 56 / 56) -> AVG-RTPM: 155ms
    [junit] MAJOR: Mutants killed / live: 188 (28-857-1) / 252
    [junit] MAJOR: ------------------------------------------------------------
    [junit] MAJOR: 20/45 - org.joda.time.field.FieldUtils_ESTest5 (13ms / 75):
    [junit] MAJOR: 471520 (33 / 75 / 75) -> AVG-RTPM: 153ms
    [junit] MAJOR: Mutants killed / live: 221 (28-932-1) / 219
    [junit] MAJOR: ------------------------------------------------------------
    [junit] MAJOR: 21/45 - org.joda.time.field.FieldUtils_ESTest15 (14ms / 67):
    [junit] MAJOR: 481590 (25 / 67 / 67) -> AVG-RTPM: 150ms
    [junit] MAJOR: Mutants killed / live: 246 (28-999-1) / 194
    [junit] MAJOR: ------------------------------------------------------------
    [junit] MAJOR: 22/45 - org.joda.time.field.FieldUtils_ESTest19 (14ms / 42):
    [junit] MAJOR: 488033 (0 / 42 / 42) -> AVG-RTPM: 153ms
    [junit] MAJOR: Mutants killed / live: 246 (28-1041-1) / 194
    [junit] MAJOR: ------------------------------------------------------------
    [junit] MAJOR: 23/45 - org.joda.time.field.FieldUtils_ESTest2 (14ms / 51):
    [junit] MAJOR: 495720 (2 / 51 / 51) -> AVG-RTPM: 150ms
    [junit] MAJOR: Mutants killed / live: 248 (28-1092-1) / 192
    [junit] MAJOR: ------------------------------------------------------------
    [junit] MAJOR: 24/45 - org.joda.time.field.FieldUtils_ESTest23 (14ms / 81):
    [junit] MAJOR: 508108 (13 / 81 / 81) -> AVG-RTPM: 152ms
    [junit] MAJOR: Mutants killed / live: 261 (28-1173-1) / 179
    [junit] MAJOR: ------------------------------------------------------------
    [junit] MAJOR: 25/45 - org.joda.time.field.FieldUtils_ESTest25 (14ms / 108):
    [junit] MAJOR: 525138 (9 / 108 / 108) -> AVG-RTPM: 157ms
    [junit] MAJOR: Mutants killed / live: 270 (28-1281-1) / 170
    [junit] MAJOR: ------------------------------------------------------------
    [junit] MAJOR: 26/45 - org.joda.time.field.FieldUtils_ESTest35 (14ms / 56):
    [junit] MAJOR: 534109 (0 / 56 / 56) -> AVG-RTPM: 160ms
    [junit] MAJOR: Mutants killed / live: 270 (28-1337-1) / 170
    [junit] MAJOR: ------------------------------------------------------------
    [junit] MAJOR: 27/45 - org.joda.time.field.FieldUtils_ESTest38 (14ms / 53):
    [junit] MAJOR: 542399 (11 / 53 / 53) -> AVG-RTPM: 156ms
    [junit] MAJOR: Mutants killed / live: 281 (28-1390-1) / 159
    [junit] MAJOR: ------------------------------------------------------------
    [junit] MAJOR: 28/45 - org.joda.time.field.FieldUtils_ESTest40 (14ms / 90):
    [junit] MAJOR: 556727 (41 / 90 / 90) -> AVG-RTPM: 159ms
    [junit] MAJOR: Mutants killed / live: 322 (28-1480-1) / 118
    [junit] MAJOR: ------------------------------------------------------------
    [junit] MAJOR: 29/45 - org.joda.time.field.FieldUtils_ESTest42 (14ms / 46):
    [junit] MAJOR: 564060 (1 / 46 / 46) -> AVG-RTPM: 159ms
    [junit] MAJOR: Mutants killed / live: 323 (28-1526-1) / 117
    [junit] MAJOR: ------------------------------------------------------------
    [junit] MAJOR: 30/45 - org.joda.time.field.FieldUtils_ESTest44 (14ms / 59):
    [junit] MAJOR: 573380 (0 / 59 / 59) -> AVG-RTPM: 157ms
    [junit] MAJOR: Mutants killed / live: 323 (28-1585-1) / 117
    [junit] MAJOR: ------------------------------------------------------------
    [junit] MAJOR: 31/45 - org.joda.time.field.FieldUtils_ESTest10 (15ms / 64):
    [junit] MAJOR: 583741 (22 / 64 / 64) -> AVG-RTPM: 161ms
    [junit] MAJOR: Mutants killed / live: 345 (28-1649-1) / 95
    [junit] MAJOR: ------------------------------------------------------------
    [junit] MAJOR: 32/45 - org.joda.time.field.FieldUtils_ESTest18 (15ms / 44):
    [junit] MAJOR: 590761 (2 / 44 / 44) -> AVG-RTPM: 159ms
    [junit] MAJOR: Mutants killed / live: 347 (28-1693-1) / 93
    [junit] MAJOR: ------------------------------------------------------------
    [junit] MAJOR: 33/45 - org.joda.time.field.FieldUtils_ESTest22 (15ms / 51):
    [junit] MAJOR: 598687 (0 / 51 / 51) -> AVG-RTPM: 155ms
    [junit] MAJOR: Mutants killed / live: 347 (28-1744-1) / 93
    [junit] MAJOR: ------------------------------------------------------------
    [junit] MAJOR: 34/45 - org.joda.time.field.FieldUtils_ESTest4 (15ms / 64):
    [junit] MAJOR: 608659 (0 / 64 / 64) -> AVG-RTPM: 155ms
    [junit] MAJOR: Mutants killed / live: 347 (28-1808-1) / 93
    [junit] MAJOR: ------------------------------------------------------------
    [junit] MAJOR: 35/45 - org.joda.time.field.FieldUtils_ESTest8 (15ms / 75):
    [junit] MAJOR: 620448 (0 / 75 / 75) -> AVG-RTPM: 157ms
    [junit] MAJOR: Mutants killed / live: 347 (28-1883-1) / 93
    [junit] MAJOR: ------------------------------------------------------------
    [junit] MAJOR: 36/45 - org.joda.time.field.FieldUtils_ESTest26 (16ms / 114):
    [junit] MAJOR: 639093 (29 / 114 / 114) -> AVG-RTPM: 163ms
    [junit] MAJOR: Mutants killed / live: 376 (28-1997-1) / 64
    [junit] MAJOR: ------------------------------------------------------------
    [junit] MAJOR: 37/45 - org.joda.time.field.FieldUtils_ESTest11 (17ms / 75):
    [junit] MAJOR: 651143 (11 / 75 / 75) -> AVG-RTPM: 160ms
    [junit] MAJOR: Mutants killed / live: 387 (28-2072-1) / 53
    [junit] MAJOR: ------------------------------------------------------------
    [junit] MAJOR: 38/45 - org.joda.time.field.FieldUtils_ESTest13 (17ms / 60):
    [junit] MAJOR: 660840 (0 / 60 / 60) -> AVG-RTPM: 161ms
    [junit] MAJOR: Mutants killed / live: 387 (28-2132-1) / 53
    [junit] MAJOR: ------------------------------------------------------------
    [junit] MAJOR: 39/45 - org.joda.time.field.FieldUtils_ESTest14 (18ms / 67):
    [junit] MAJOR: 671558 (0 / 67 / 67) -> AVG-RTPM: 159ms
    [junit] MAJOR: Mutants killed / live: 387 (28-2199-1) / 53
    [junit] MAJOR: ------------------------------------------------------------
    [junit] MAJOR: 40/45 - org.joda.time.field.FieldUtils_ESTest39 (19ms / 77):
    [junit] MAJOR: 684163 (8 / 77 / 77) -> AVG-RTPM: 163ms
    [junit] MAJOR: Mutants killed / live: 395 (28-2276-1) / 45
    [junit] MAJOR: ------------------------------------------------------------
    [junit] MAJOR: 41/45 - org.joda.time.field.FieldUtils_ESTest0 (21ms / 163):
    [junit] MAJOR: 711148 (28 / 163 / 163) -> AVG-RTPM: 165ms
    [junit] MAJOR: Mutants killed / live: 423 (28-2439-1) / 17
    [junit] MAJOR: ------------------------------------------------------------
    [junit] MAJOR: 42/45 - org.joda.time.field.FieldUtils_ESTest12 (21ms / 75):
    [junit] MAJOR: 723543 (0 / 75 / 75) -> AVG-RTPM: 165ms
    [junit] MAJOR: Mutants killed / live: 423 (28-2514-1) / 17
    [junit] MAJOR: ------------------------------------------------------------
    [junit] MAJOR: 43/45 - org.joda.time.field.FieldUtils_ESTest27 (21ms / 137):
    [junit] MAJOR: 745945 (9 / 137 / 137) -> AVG-RTPM: 163ms
    [junit] MAJOR: Mutants killed / live: 432 (28-2651-1) / 8
    [junit] MAJOR: ------------------------------------------------------------
    [junit] MAJOR: 44/45 - org.joda.time.field.FieldUtils_ESTest1 (23ms / 96):
    [junit] MAJOR: 762119 (8 / 96 / 96) -> AVG-RTPM: 168ms
    [junit] MAJOR: Mutants killed / live: 440 (28-2747-1) / 0
    [junit] MAJOR: ------------------------------------------------------------
    [junit] MAJOR: 45/45 - org.joda.time.field.FieldUtils_ESTest6 (55ms / 75):
    [junit] MAJOR: 774356 (0 / 75 / 75) -> AVG-RTPM: 163ms
    [junit] MAJOR: Mutants killed / live: 440 (28-2822-1) / 0
    [junit] MAJOR: ------------------------------------------------------------
    [junit] MAJOR: Summary:
    [junit] MAJOR: 
    [junit] MAJOR: Analysis time:  774.4 seconds
    [junit] MAJOR: Mutation score: 98.00% (100.00%)
    [junit] MAJOR: Mutants killed / live: 440 (28-2822-1) / 0
    [junit] MAJOR: Mutant executions: 2993
    [junit] MAJOR: ------------------------------------------------------------
    [junit] MAJOR: Export summary of results (to summary.csv)
    [junit] MAJOR: Export mutant kill details (to /tmp/run_mutation.pl_84045_1501621863/15f/kill.csv)
    [junit] MAJOR: Export kill map (to killMap.csv)!

BUILD SUCCESSFUL
Total time: 13 minutes 28 seconds
