
init:
     [echo] -------- joda-time 2.1 --------

getjunit:

installjunit:

getjodaconvert:

prepare:

static:

compile.main:

compile.zoneinfo:

joda-time.compile:

compile:
     [java] Writing zoneinfo files
     [java] Writing ZoneInfoMap

joda-time.compile.tests:
    [mkdir] Created dir: /tmp/run_mutation.pl_112167_1501478437/16f/build/tests
    [javac] Compiling 154 source files to /tmp/run_mutation.pl_112167_1501478437/16f/build/tests
    [javac] Note: Some input files use or override a deprecated API.
    [javac] Note: Recompile with -Xlint:deprecation for details.
    [javac] Note: Some input files use unchecked or unsafe operations.
    [javac] Note: Recompile with -Xlint:unchecked for details.
     [copy] Copying 2 files to /tmp/run_mutation.pl_112167_1501478437/16f/build/tests

compile.tests:

update.all.tests:

mutation.test:
     [echo] Running mutation analysis ...
    [junit] MAJOR: Mutation analysis enabled
SLF4J: Failed to load class "org.slf4j.impl.StaticLoggerBinder".
SLF4J: Defaulting to no-operation (NOP) logger implementation
SLF4J: See http://www.slf4j.org/codes.html#StaticLoggerBinder for further details.
    [junit] MAJOR: org.joda.time.format.DateTimeFormatter_ESTest32[test32] failed!
    [junit] MAJOR:  -> AssertionFailedError
    [junit] MAJOR:  -> "expected:<1392409281320> but was:<1501478494342>"
    [junit] MAJOR: Exclude 1 failing test class:
    [junit] MAJOR:  - org.joda.time.format.DateTimeFormatter_ESTest32
    [junit] MAJOR: ------------------------------------------------------------
    [junit] MAJOR: Run 49 ordered tests to verify independence
    [junit] MAJOR: ------------------------------------------------------------
    [junit] MAJOR: Preprocessing time: 44.32 seconds
    [junit] MAJOR: ------------------------------------------------------------
    [junit] MAJOR: Mutants generated: 348
    [junit] MAJOR: Mutants covered:   336 (96.55%)
    [junit] MAJOR: ------------------------------------------------------------
    [junit] MAJOR: Export test map to (testMap.csv)
    [junit] MAJOR: Export coverage map to (covMap.csv)
    [junit] MAJOR: Exclude 0 mutants
    [junit] MAJOR: ------------------------------------------------------------
    [junit] MAJOR: Run mutation analysis with 49 individual tests
    [junit] MAJOR: ------------------------------------------------------------
    [junit] MAJOR: 1/49 - org.joda.time.format.DateTimeFormatter_ESTest31 (14ms / 90):
    [junit] MAJOR: 117424 (41 / 90 / 90) -> AVG-RTPM: 1304ms
    [junit] MAJOR: Mutants killed / live: 41 (10-31-0) / 295
    [junit] MAJOR: ------------------------------------------------------------
    [junit] MAJOR: 2/49 - org.joda.time.format.DateTimeFormatter_ESTest33 (14ms / 33):
    [junit] MAJOR: 195814 (1 / 33 / 33) -> AVG-RTPM: 2375ms
    [junit] MAJOR: Mutants killed / live: 42 (10-34-0) / 294
    [junit] MAJOR: ------------------------------------------------------------
    [junit] MAJOR: 3/49 - org.joda.time.format.DateTimeFormatter_ESTest34 (14ms / 38):
    [junit] MAJOR: 318280 (11 / 38 / 38) -> AVG-RTPM: 3222ms
    [junit] MAJOR: Mutants killed / live: 53 (15-46-0) / 283
    [junit] MAJOR: ------------------------------------------------------------
    [junit] MAJOR: 4/49 - org.joda.time.format.DateTimeFormatter_ESTest45 (14ms / 37):
    [junit] MAJOR: 478896 (2 / 37 / 37) -> AVG-RTPM: 4340ms
    [junit] MAJOR: Mutants killed / live: 55 (19-48-0) / 281
    [junit] MAJOR: ------------------------------------------------------------
    [junit] MAJOR: 5/49 - org.joda.time.format.DateTimeFormatter_ESTest48 (14ms / 10):
    [junit] MAJOR: 491742 (5 / 10 / 10) -> AVG-RTPM: 1284ms
    [junit] MAJOR: Mutants killed / live: 60 (19-58-0) / 276
    [junit] MAJOR: ------------------------------------------------------------
    [junit] MAJOR: 6/49 - org.joda.time.format.DateTimeFormatter_ESTest8 (14ms / 7):
    [junit] MAJOR: 493518 (0 / 7 / 7) -> AVG-RTPM: 253ms
    [junit] MAJOR: Mutants killed / live: 60 (19-65-0) / 276
    [junit] MAJOR: ------------------------------------------------------------
    [junit] MAJOR: 7/49 - org.joda.time.format.DateTimeFormatter_ESTest25 (15ms / 14):
    [junit] MAJOR: 496818 (7 / 14 / 14) -> AVG-RTPM: 235ms
    [junit] MAJOR: Mutants killed / live: 67 (19-79-0) / 269
    [junit] MAJOR: ------------------------------------------------------------
    [junit] MAJOR: 8/49 - org.joda.time.format.DateTimeFormatter_ESTest27 (15ms / 112):
    [junit] MAJOR: 524394 (78 / 112 / 112) -> AVG-RTPM: 246ms
    [junit] MAJOR: Mutants killed / live: 145 (19-191-0) / 191
    [junit] MAJOR: ------------------------------------------------------------
    [junit] MAJOR: 9/49 - org.joda.time.format.DateTimeFormatter_ESTest36 (15ms / 37):
    [junit] MAJOR: 533832 (20 / 37 / 37) -> AVG-RTPM: 255ms
    [junit] MAJOR: Mutants killed / live: 165 (19-228-0) / 171
    [junit] MAJOR: ------------------------------------------------------------
    [junit] MAJOR: 10/49 - org.joda.time.format.DateTimeFormatter_ESTest46 (15ms / 59):
    [junit] MAJOR: 548932 (4 / 59 / 59) -> AVG-RTPM: 255ms
    [junit] MAJOR: Mutants killed / live: 169 (19-287-0) / 167
    [junit] MAJOR: ------------------------------------------------------------
    [junit] MAJOR: 11/49 - org.joda.time.format.DateTimeFormatter_ESTest49 (15ms / 56):
    [junit] MAJOR: 570594 (4 / 56 / 56) -> AVG-RTPM: 386ms
    [junit] MAJOR: Mutants killed / live: 173 (19-343-0) / 163
    [junit] MAJOR: ------------------------------------------------------------
    [junit] MAJOR: 12/49 - org.joda.time.format.DateTimeFormatter_ESTest24 (16ms / 13):
    [junit] MAJOR: 573557 (3 / 13 / 13) -> AVG-RTPM: 227ms
    [junit] MAJOR: Mutants killed / live: 176 (19-356-0) / 160
    [junit] MAJOR: ------------------------------------------------------------
    [junit] MAJOR: 13/49 - org.joda.time.format.DateTimeFormatter_ESTest28 (16ms / 91):
    [junit] MAJOR: 598085 (36 / 91 / 91) -> AVG-RTPM: 269ms
    [junit] MAJOR: Mutants killed / live: 212 (19-447-0) / 124
    [junit] MAJOR: ------------------------------------------------------------
    [junit] MAJOR: 14/49 - org.joda.time.format.DateTimeFormatter_ESTest35 (16ms / 37):
    [junit] MAJOR: 607158 (8 / 37 / 37) -> AVG-RTPM: 245ms
    [junit] MAJOR: Mutants killed / live: 220 (19-484-0) / 116
    [junit] MAJOR: ------------------------------------------------------------
    [junit] MAJOR: 15/49 - org.joda.time.format.DateTimeFormatter_ESTest4 (16ms / 7):
    [junit] MAJOR: 609309 (0 / 7 / 7) -> AVG-RTPM: 307ms
    [junit] MAJOR: Mutants killed / live: 220 (19-491-0) / 116
    [junit] MAJOR: ------------------------------------------------------------
    [junit] MAJOR: 16/49 - org.joda.time.format.DateTimeFormatter_ESTest40 (16ms / 37):
    [junit] MAJOR: 617739 (20 / 37 / 37) -> AVG-RTPM: 227ms
    [junit] MAJOR: Mutants killed / live: 240 (19-528-0) / 96
    [junit] MAJOR: ------------------------------------------------------------
    [junit] MAJOR: 17/49 - org.joda.time.format.DateTimeFormatter_ESTest41 (16ms / 62):
    [junit] MAJOR: 633262 (18 / 62 / 62) -> AVG-RTPM: 250ms
    [junit] MAJOR: Mutants killed / live: 258 (19-590-0) / 78
    [junit] MAJOR: ------------------------------------------------------------
    [junit] MAJOR: 18/49 - org.joda.time.format.DateTimeFormatter_ESTest13 (17ms / 42):
    [junit] MAJOR: 643333 (1 / 42 / 42) -> AVG-RTPM: 239ms
    [junit] MAJOR: Mutants killed / live: 259 (19-632-0) / 77
    [junit] MAJOR: ------------------------------------------------------------
    [junit] MAJOR: 19/49 - org.joda.time.format.DateTimeFormatter_ESTest18 (17ms / 27):
    [junit] MAJOR: 649057 (0 / 27 / 27) -> AVG-RTPM: 211ms
    [junit] MAJOR: Mutants killed / live: 259 (19-659-0) / 77
    [junit] MAJOR: ------------------------------------------------------------
    [junit] MAJOR: 20/49 - org.joda.time.format.DateTimeFormatter_ESTest5 (17ms / 7):
    [junit] MAJOR: 651207 (0 / 7 / 7) -> AVG-RTPM: 307ms
    [junit] MAJOR: Mutants killed / live: 259 (19-666-0) / 77
    [junit] MAJOR: ------------------------------------------------------------
    [junit] MAJOR: 21/49 - org.joda.time.format.DateTimeFormatter_ESTest12 (18ms / 7):
    [junit] MAJOR: 652988 (0 / 7 / 7) -> AVG-RTPM: 254ms
    [junit] MAJOR: Mutants killed / live: 259 (19-673-0) / 77
    [junit] MAJOR: ------------------------------------------------------------
    [junit] MAJOR: 22/49 - org.joda.time.format.DateTimeFormatter_ESTest3 (18ms / 7):
    [junit] MAJOR: 655049 (0 / 7 / 7) -> AVG-RTPM: 294ms
    [junit] MAJOR: Mutants killed / live: 259 (19-680-0) / 77
    [junit] MAJOR: ------------------------------------------------------------
    [junit] MAJOR: 23/49 - org.joda.time.format.DateTimeFormatter_ESTest43 (18ms / 54):
    [junit] MAJOR: 669052 (2 / 54 / 54) -> AVG-RTPM: 259ms
    [junit] MAJOR: Mutants killed / live: 261 (19-734-0) / 75
    [junit] MAJOR: ------------------------------------------------------------
    [junit] MAJOR: 24/49 - org.joda.time.format.DateTimeFormatter_ESTest15 (19ms / 10):
    [junit] MAJOR: 671415 (3 / 10 / 10) -> AVG-RTPM: 236ms
    [junit] MAJOR: Mutants killed / live: 264 (19-744-0) / 72
    [junit] MAJOR: ------------------------------------------------------------
    [junit] MAJOR: 25/49 - org.joda.time.format.DateTimeFormatter_ESTest26 (19ms / 13):
    [junit] MAJOR: 674962 (0 / 13 / 13) -> AVG-RTPM: 272ms
    [junit] MAJOR: Mutants killed / live: 264 (19-757-0) / 72
    [junit] MAJOR: ------------------------------------------------------------
    [junit] MAJOR: 26/49 - org.joda.time.format.DateTimeFormatter_ESTest7 (19ms / 7):
    [junit] MAJOR: 676744 (0 / 7 / 7) -> AVG-RTPM: 254ms
    [junit] MAJOR: Mutants killed / live: 264 (19-764-0) / 72
    [junit] MAJOR: ------------------------------------------------------------
    [junit] MAJOR: 27/49 - org.joda.time.format.DateTimeFormatter_ESTest22 (20ms / 27):
    [junit] MAJOR: 683695 (20 / 27 / 27) -> AVG-RTPM: 257ms
    [junit] MAJOR: Mutants killed / live: 284 (19-791-0) / 52
    [junit] MAJOR: ------------------------------------------------------------
    [junit] MAJOR: 28/49 - org.joda.time.format.DateTimeFormatter_ESTest6 (20ms / 17):
    [junit] MAJOR: 688178 (0 / 17 / 17) -> AVG-RTPM: 263ms
    [junit] MAJOR: Mutants killed / live: 284 (19-808-0) / 52
    [junit] MAJOR: ------------------------------------------------------------
    [junit] MAJOR: 29/49 - org.joda.time.format.DateTimeFormatter_ESTest42 (21ms / 59):
    [junit] MAJOR: 701902 (1 / 59 / 59) -> AVG-RTPM: 232ms
    [junit] MAJOR: Mutants killed / live: 285 (19-867-0) / 51
    [junit] MAJOR: ------------------------------------------------------------
    [junit] MAJOR: 30/49 - org.joda.time.format.DateTimeFormatter_ESTest2 (22ms / 33):
    [junit] MAJOR: 710693 (3 / 33 / 33) -> AVG-RTPM: 266ms
    [junit] MAJOR: Mutants killed / live: 288 (19-900-0) / 48
    [junit] MAJOR: ------------------------------------------------------------
    [junit] MAJOR: 31/49 - org.joda.time.format.DateTimeFormatter_ESTest20 (22ms / 10):
    [junit] MAJOR: 713092 (0 / 10 / 10) -> AVG-RTPM: 239ms
    [junit] MAJOR: Mutants killed / live: 288 (19-910-0) / 48
    [junit] MAJOR: ------------------------------------------------------------
    [junit] MAJOR: 32/49 - org.joda.time.format.DateTimeFormatter_ESTest39 (22ms / 33):
    [junit] MAJOR: 722011 (3 / 33 / 33) -> AVG-RTPM: 270ms
    [junit] MAJOR: Mutants killed / live: 291 (19-943-0) / 45
    [junit] MAJOR: ------------------------------------------------------------
    [junit] MAJOR: 33/49 - org.joda.time.format.DateTimeFormatter_ESTest10 (23ms / 7):
    [junit] MAJOR: 723777 (0 / 7 / 7) -> AVG-RTPM: 252ms
    [junit] MAJOR: Mutants killed / live: 291 (19-950-0) / 45
    [junit] MAJOR: ------------------------------------------------------------
    [junit] MAJOR: 34/49 - org.joda.time.format.DateTimeFormatter_ESTest19 (23ms / 14):
    [junit] MAJOR: 727026 (0 / 14 / 14) -> AVG-RTPM: 232ms
    [junit] MAJOR: Mutants killed / live: 291 (19-964-0) / 45
    [junit] MAJOR: ------------------------------------------------------------
    [junit] MAJOR: 35/49 - org.joda.time.format.DateTimeFormatter_ESTest11 (25ms / 44):
    [junit] MAJOR: 738620 (1 / 44 / 44) -> AVG-RTPM: 263ms
    [junit] MAJOR: Mutants killed / live: 292 (19-1008-0) / 44
    [junit] MAJOR: ------------------------------------------------------------
    [junit] MAJOR: 36/49 - org.joda.time.format.DateTimeFormatter_ESTest9 (29ms / 42):
    [junit] MAJOR: 749429 (5 / 42 / 42) -> AVG-RTPM: 257ms
    [junit] MAJOR: Mutants killed / live: 297 (19-1050-0) / 39
    [junit] MAJOR: ------------------------------------------------------------
    [junit] MAJOR: 37/49 - org.joda.time.format.DateTimeFormatter_ESTest1 (34ms / 16):
    [junit] MAJOR: 754146 (3 / 16 / 16) -> AVG-RTPM: 294ms
    [junit] MAJOR: Mutants killed / live: 300 (19-1066-0) / 36
    [junit] MAJOR: ------------------------------------------------------------
    [junit] MAJOR: 38/49 - org.joda.time.format.DateTimeFormatter_ESTest38 (37ms / 44):
    [junit] MAJOR: 764802 (3 / 44 / 44) -> AVG-RTPM: 242ms
    [junit] MAJOR: Mutants killed / live: 303 (19-1110-0) / 33
    [junit] MAJOR: ------------------------------------------------------------
    [junit] MAJOR: 39/49 - org.joda.time.format.DateTimeFormatter_ESTest29 (40ms / 10):
    [junit] MAJOR: 767147 (0 / 10 / 10) -> AVG-RTPM: 234ms
    [junit] MAJOR: Mutants killed / live: 303 (19-1120-0) / 33
    [junit] MAJOR: ------------------------------------------------------------
    [junit] MAJOR: 40/49 - org.joda.time.format.DateTimeFormatter_ESTest16 (42ms / 10):
    [junit] MAJOR: 769792 (3 / 10 / 10) -> AVG-RTPM: 264ms
    [junit] MAJOR: Mutants killed / live: 306 (19-1130-0) / 30
    [junit] MAJOR: ------------------------------------------------------------
    [junit] MAJOR: 41/49 - org.joda.time.format.DateTimeFormatter_ESTest21 (46ms / 7):
    [junit] MAJOR: 771427 (0 / 7 / 7) -> AVG-RTPM: 233ms
    [junit] MAJOR: Mutants killed / live: 306 (19-1137-0) / 30
    [junit] MAJOR: ------------------------------------------------------------
    [junit] MAJOR: 42/49 - org.joda.time.format.DateTimeFormatter_ESTest30 (46ms / 13):
    [junit] MAJOR: 774876 (1 / 13 / 13) -> AVG-RTPM: 265ms
    [junit] MAJOR: Mutants killed / live: 307 (19-1150-0) / 29
    [junit] MAJOR: ------------------------------------------------------------
    [junit] MAJOR: 43/49 - org.joda.time.format.DateTimeFormatter_ESTest37 (46ms / 45):
    [junit] MAJOR: 786399 (1 / 45 / 45) -> AVG-RTPM: 256ms
    [junit] MAJOR: Mutants killed / live: 308 (19-1195-0) / 28
    [junit] MAJOR: ------------------------------------------------------------
    [junit] MAJOR: 44/49 - org.joda.time.format.DateTimeFormatter_ESTest44 (48ms / 33):
    [junit] MAJOR: 795118 (3 / 33 / 33) -> AVG-RTPM: 264ms
    [junit] MAJOR: Mutants killed / live: 311 (19-1228-0) / 25
    [junit] MAJOR: ------------------------------------------------------------
    [junit] MAJOR: 45/49 - org.joda.time.format.DateTimeFormatter_ESTest23 (51ms / 27):
    [junit] MAJOR: 801714 (0 / 27 / 27) -> AVG-RTPM: 244ms
    [junit] MAJOR: Mutants killed / live: 311 (19-1255-0) / 25
    [junit] MAJOR: ------------------------------------------------------------
    [junit] MAJOR: 46/49 - org.joda.time.format.DateTimeFormatter_ESTest47 (53ms / 54):
    [junit] MAJOR: 817374 (1 / 54 / 54) -> AVG-RTPM: 290ms
    [junit] MAJOR: Mutants killed / live: 312 (19-1309-0) / 24
    [junit] MAJOR: ------------------------------------------------------------
    [junit] MAJOR: 47/49 - org.joda.time.format.DateTimeFormatter_ESTest17 (60ms / 10):
    [junit] MAJOR: 819821 (0 / 10 / 10) -> AVG-RTPM: 244ms
    [junit] MAJOR: Mutants killed / live: 312 (19-1319-0) / 24
    [junit] MAJOR: ------------------------------------------------------------
    [junit] MAJOR: 48/49 - org.joda.time.format.DateTimeFormatter_ESTest0 (69ms / 44):
    [junit] MAJOR: 831133 (3 / 44 / 44) -> AVG-RTPM: 257ms
    [junit] MAJOR: Mutants killed / live: 315 (19-1363-0) / 21
    [junit] MAJOR: ------------------------------------------------------------
    [junit] MAJOR: 49/49 - org.joda.time.format.DateTimeFormatter_ESTest14 (89ms / 10):
    [junit] MAJOR: 833410 (0 / 10 / 10) -> AVG-RTPM: 227ms
    [junit] MAJOR: Mutants killed / live: 315 (19-1373-0) / 21
    [junit] MAJOR: ------------------------------------------------------------
    [junit] MAJOR: Summary:
    [junit] MAJOR: 
    [junit] MAJOR: Analysis time:  833.4 seconds
    [junit] MAJOR: Mutation score: 90.52% (93.75%)
    [junit] MAJOR: Mutants killed / live: 315 (19-1373-0) / 21
    [junit] MAJOR: Mutant executions: 1523
    [junit] MAJOR: ------------------------------------------------------------
    [junit] MAJOR: Export summary of results (to summary.csv)
    [junit] MAJOR: Export mutant kill details (to /tmp/run_mutation.pl_112167_1501478437/16f/kill.csv)
    [junit] MAJOR: Export kill map (to killMap.csv)!

BUILD SUCCESSFUL
Total time: 14 minutes 48 seconds
