
init:
     [echo] -------- joda-time 2.0 --------

getjunit:

installjunit:

getjodaconvert:

prepare:

static:

compile.main:

compile.zoneinfo:

joda-time.compile:

compile:
     [java] Writing zoneinfo files
     [java] Writing ZoneInfoMap

joda-time.compile.tests:
    [mkdir] Created dir: /tmp/run_mutation.pl_124952_1501481432/18f/build/tests
    [javac] Compiling 153 source files to /tmp/run_mutation.pl_124952_1501481432/18f/build/tests
    [javac] Note: Some input files use or override a deprecated API.
    [javac] Note: Recompile with -Xlint:deprecation for details.
    [javac] Note: Some input files use unchecked or unsafe operations.
    [javac] Note: Recompile with -Xlint:unchecked for details.
     [copy] Copying 2 files to /tmp/run_mutation.pl_124952_1501481432/18f/build/tests

compile.tests:

update.all.tests:

mutation.test:
     [echo] Running mutation analysis ...
    [junit] MAJOR: Mutation analysis enabled
SLF4J: Failed to load class "org.slf4j.impl.StaticLoggerBinder".
SLF4J: Defaulting to no-operation (NOP) logger implementation
SLF4J: See http://www.slf4j.org/codes.html#StaticLoggerBinder for further details.
    [junit] MAJOR: org.joda.time.chrono.GJChronology_ESTest2[test02] failed!
    [junit] MAJOR:  -> AssertionFailedError
    [junit] MAJOR:  -> "expected:<2> but was:<19>"
    [junit] MAJOR: org.joda.time.chrono.GJChronology_ESTest20[test20] failed!
    [junit] MAJOR:  -> AssertionFailedError
    [junit] MAJOR:  -> "expected:<1392409281320> but was:<1501481487890>"
    [junit] MAJOR: org.joda.time.chrono.GJChronology_ESTest25[test25] failed!
    [junit] MAJOR:  -> AssertionFailedError
    [junit] MAJOR:  -> "expected:<-62163603518680> but was:<-62149484909919>"
    [junit] MAJOR: org.joda.time.chrono.GJChronology_ESTest31[test31] failed!
    [junit] MAJOR:  -> AssertionFailedError
    [junit] MAJOR:  -> "expected:<2> but was:<7>"
    [junit] MAJOR: org.joda.time.chrono.GJChronology_ESTest32[test32] failed!
    [junit] MAJOR:  -> AssertionFailedError
    [junit] MAJOR:  -> "Expecting exception: IllegalArgumentException"
    [junit] MAJOR: org.joda.time.chrono.GJChronology_ESTest33[test33] failed!
    [junit] MAJOR:  -> AssertionFailedError
    [junit] MAJOR:  -> "Expecting exception: IllegalArgumentException"
    [junit] MAJOR: Exclude 6 failing test classes:
    [junit] MAJOR:  - org.joda.time.chrono.GJChronology_ESTest2
    [junit] MAJOR:  - org.joda.time.chrono.GJChronology_ESTest20
    [junit] MAJOR:  - org.joda.time.chrono.GJChronology_ESTest25
    [junit] MAJOR:  - org.joda.time.chrono.GJChronology_ESTest31
    [junit] MAJOR:  - org.joda.time.chrono.GJChronology_ESTest32
    [junit] MAJOR:  - org.joda.time.chrono.GJChronology_ESTest33
    [junit] MAJOR: ------------------------------------------------------------
    [junit] MAJOR: Run 40 ordered tests to verify independence
    [junit] MAJOR: ------------------------------------------------------------
    [junit] MAJOR: Preprocessing time: 38.10 seconds
    [junit] MAJOR: ------------------------------------------------------------
    [junit] MAJOR: Mutants generated: 703
    [junit] MAJOR: Mutants covered:   546 (77.67%)
    [junit] MAJOR: ------------------------------------------------------------
    [junit] MAJOR: Export test map to (testMap.csv)
    [junit] MAJOR: Export coverage map to (covMap.csv)
    [junit] MAJOR: Exclude 0 mutants
    [junit] MAJOR: ------------------------------------------------------------
    [junit] MAJOR: Run mutation analysis with 40 individual tests
    [junit] MAJOR: ------------------------------------------------------------
    [junit] MAJOR: 1/40 - org.joda.time.chrono.GJChronology_ESTest30 (13ms / 180):
    [junit] MAJOR: 358731 (30 / 180 / 180) -> AVG-RTPM: 1992ms
    [junit] MAJOR: Mutants killed / live: 30 (5-25-0) / 516
    [junit] MAJOR: ------------------------------------------------------------
    [junit] MAJOR: 2/40 - org.joda.time.chrono.GJChronology_ESTest3 (14ms / 173):
    [junit] MAJOR: 422061 (146 / 173 / 173) -> AVG-RTPM: 366ms
    [junit] MAJOR: Mutants killed / live: 176 (5-195-1) / 370
    [junit] MAJOR: ------------------------------------------------------------
    [junit] MAJOR: 3/40 - org.joda.time.chrono.GJChronology_ESTest42 (14ms / 186):
    [junit] MAJOR: 460904 (16 / 186 / 186) -> AVG-RTPM: 208ms
    [junit] MAJOR: Mutants killed / live: 192 (5-381-1) / 354
    [junit] MAJOR: ------------------------------------------------------------
    [junit] MAJOR: 4/40 - org.joda.time.chrono.GJChronology_ESTest43 (14ms / 187):
    [junit] MAJOR: 521547 (14 / 187 / 187) -> AVG-RTPM: 324ms
    [junit] MAJOR: Mutants killed / live: 206 (5-568-1) / 340
    [junit] MAJOR: ------------------------------------------------------------
    [junit] MAJOR: 5/40 - org.joda.time.chrono.GJChronology_ESTest44 (14ms / 180):
    [junit] MAJOR: 564541 (7 / 180 / 180) -> AVG-RTPM: 238ms
    [junit] MAJOR: Mutants killed / live: 213 (5-748-1) / 333
    [junit] MAJOR: ------------------------------------------------------------
    [junit] MAJOR: 6/40 - org.joda.time.chrono.GJChronology_ESTest8 (14ms / 173):
    [junit] MAJOR: 606476 (0 / 173 / 173) -> AVG-RTPM: 242ms
    [junit] MAJOR: Mutants killed / live: 213 (5-921-1) / 333
    [junit] MAJOR: ------------------------------------------------------------
    [junit] MAJOR: 7/40 - org.joda.time.chrono.GJChronology_ESTest9 (14ms / 191):
    [junit] MAJOR: 639306 (20 / 191 / 191) -> AVG-RTPM: 171ms
    [junit] MAJOR: Mutants killed / live: 233 (5-1112-1) / 313
    [junit] MAJOR: ------------------------------------------------------------
    [junit] MAJOR: 8/40 - org.joda.time.chrono.GJChronology_ESTest14 (15ms / 178):
    [junit] MAJOR: 674912 (7 / 178 / 178) -> AVG-RTPM: 200ms
    [junit] MAJOR: Mutants killed / live: 240 (5-1290-1) / 306
    [junit] MAJOR: ------------------------------------------------------------
    [junit] MAJOR: 9/40 - org.joda.time.chrono.GJChronology_ESTest16 (15ms / 181):
    [junit] MAJOR: 721597 (10 / 181 / 181) -> AVG-RTPM: 257ms
    [junit] MAJOR: Mutants killed / live: 250 (5-1471-1) / 296
    [junit] MAJOR: ------------------------------------------------------------
    [junit] MAJOR: 10/40 - org.joda.time.chrono.GJChronology_ESTest28 (15ms / 219):
    [junit] MAJOR: 762242 (41 / 219 / 219) -> AVG-RTPM: 185ms
    [junit] MAJOR: Mutants killed / live: 291 (5-1690-1) / 255
    [junit] MAJOR: ------------------------------------------------------------
    [junit] MAJOR: 11/40 - org.joda.time.chrono.GJChronology_ESTest29 (15ms / 228):
    [junit] MAJOR: 808448 (2 / 228 / 228) -> AVG-RTPM: 202ms
    [junit] MAJOR: Mutants killed / live: 293 (5-1918-1) / 253
    [junit] MAJOR: ------------------------------------------------------------
    [junit] MAJOR: 12/40 - org.joda.time.chrono.GJChronology_ESTest41 (15ms / 188):
    [junit] MAJOR: 844345 (8 / 188 / 188) -> AVG-RTPM: 190ms
    [junit] MAJOR: Mutants killed / live: 301 (5-2106-1) / 245
    [junit] MAJOR: ------------------------------------------------------------
    [junit] MAJOR: 13/40 - org.joda.time.chrono.GJChronology_ESTest45 (15ms / 180):
    [junit] MAJOR: 902609 (0 / 180 / 180) -> AVG-RTPM: 323ms
    [junit] MAJOR: Mutants killed / live: 301 (5-2286-1) / 245
    [junit] MAJOR: ------------------------------------------------------------
    [junit] MAJOR: 14/40 - org.joda.time.chrono.GJChronology_ESTest13 (16ms / 225):
    [junit] MAJOR: 950595 (52 / 225 / 225) -> AVG-RTPM: 213ms
    [junit] MAJOR: Mutants killed / live: 353 (5-2511-1) / 193
    [junit] MAJOR: ------------------------------------------------------------
    [junit] MAJOR: 15/40 - org.joda.time.chrono.GJChronology_ESTest23 (16ms / 221):
    [junit] MAJOR: 997246 (43 / 221 / 221) -> AVG-RTPM: 211ms
    [junit] MAJOR: Mutants killed / live: 396 (5-2732-1) / 150
    [junit] MAJOR: ------------------------------------------------------------
    [junit] MAJOR: 16/40 - org.joda.time.chrono.GJChronology_ESTest37 (16ms / 188):
    [junit] MAJOR: 1043229 (15 / 188 / 188) -> AVG-RTPM: 244ms
    [junit] MAJOR: Mutants killed / live: 411 (5-2920-1) / 135
    [junit] MAJOR: ------------------------------------------------------------
    [junit] MAJOR: 17/40 - org.joda.time.chrono.GJChronology_ESTest38 (16ms / 181):
    [junit] MAJOR: 1101659 (1 / 181 / 181) -> AVG-RTPM: 322ms
    [junit] MAJOR: Mutants killed / live: 412 (5-3101-1) / 134
    [junit] MAJOR: ------------------------------------------------------------
    [junit] MAJOR: 18/40 - org.joda.time.chrono.GJChronology_ESTest12 (17ms / 173):
    [junit] MAJOR: 1133324 (0 / 173 / 173) -> AVG-RTPM: 183ms
    [junit] MAJOR: Mutants killed / live: 412 (5-3274-1) / 134
    [junit] MAJOR: ------------------------------------------------------------
    [junit] MAJOR: 19/40 - org.joda.time.chrono.GJChronology_ESTest15 (17ms / 178):
    [junit] MAJOR: 1165233 (0 / 178 / 178) -> AVG-RTPM: 179ms
    [junit] MAJOR: Mutants killed / live: 412 (5-3452-1) / 134
    [junit] MAJOR: ------------------------------------------------------------
    [junit] MAJOR: 20/40 - org.joda.time.chrono.GJChronology_ESTest5 (17ms / 173):
    [junit] MAJOR: 1223947 (0 / 173 / 173) -> AVG-RTPM: 339ms
    [junit] MAJOR: Mutants killed / live: 412 (5-3625-1) / 134
    [junit] MAJOR: ------------------------------------------------------------
    [junit] MAJOR: 21/40 - org.joda.time.chrono.GJChronology_ESTest11 (18ms / 198):
    [junit] MAJOR: 1267599 (12 / 198 / 198) -> AVG-RTPM: 220ms
    [junit] MAJOR: Mutants killed / live: 424 (5-3823-1) / 122
    [junit] MAJOR: ------------------------------------------------------------
    [junit] MAJOR: 22/40 - org.joda.time.chrono.GJChronology_ESTest17 (18ms / 181):
    [junit] MAJOR: 1294407 (1 / 181 / 181) -> AVG-RTPM: 148ms
    [junit] MAJOR: Mutants killed / live: 425 (5-4004-1) / 121
    [junit] MAJOR: ------------------------------------------------------------
    [junit] MAJOR: 23/40 - org.joda.time.chrono.GJChronology_ESTest34 (18ms / 181):
    [junit] MAJOR: 1349578 (8 / 181 / 181) -> AVG-RTPM: 304ms
    [junit] MAJOR: Mutants killed / live: 433 (5-4185-1) / 113
    [junit] MAJOR: ------------------------------------------------------------
    [junit] MAJOR: 24/40 - org.joda.time.chrono.GJChronology_ESTest18 (19ms / 197):
    [junit] MAJOR: 1386287 (16 / 197 / 197) -> AVG-RTPM: 186ms
    [junit] MAJOR: Mutants killed / live: 449 (5-4382-1) / 97
    [junit] MAJOR: ------------------------------------------------------------
    [junit] MAJOR: 25/40 - org.joda.time.chrono.GJChronology_ESTest27 (19ms / 219):
    [junit] MAJOR: 1425970 (0 / 219 / 219) -> AVG-RTPM: 181ms
    [junit] MAJOR: Mutants killed / live: 449 (5-4601-1) / 97
    [junit] MAJOR: ------------------------------------------------------------
    [junit] MAJOR: 26/40 - org.joda.time.chrono.GJChronology_ESTest36 (20ms / 236):
    [junit] MAJOR: 1481387 (49 / 236 / 236) -> AVG-RTPM: 234ms
    [junit] MAJOR: Mutants killed / live: 498 (5-4837-1) / 48
    [junit] MAJOR: ------------------------------------------------------------
    [junit] MAJOR: 27/40 - org.joda.time.chrono.GJChronology_ESTest4 (21ms / 173):
    [junit] MAJOR: 1535566 (0 / 173 / 173) -> AVG-RTPM: 313ms
    [junit] MAJOR: Mutants killed / live: 498 (5-5010-1) / 48
    [junit] MAJOR: ------------------------------------------------------------
    [junit] MAJOR: 28/40 - org.joda.time.chrono.GJChronology_ESTest7 (21ms / 173):
    [junit] MAJOR: 1577346 (0 / 173 / 173) -> AVG-RTPM: 241ms
    [junit] MAJOR: Mutants killed / live: 498 (5-5183-1) / 48
    [junit] MAJOR: ------------------------------------------------------------
    [junit] MAJOR: 29/40 - org.joda.time.chrono.GJChronology_ESTest24 (22ms / 213):
    [junit] MAJOR: 1619127 (0 / 213 / 213) -> AVG-RTPM: 196ms
    [junit] MAJOR: Mutants killed / live: 498 (5-5396-1) / 48
    [junit] MAJOR: ------------------------------------------------------------
    [junit] MAJOR: 30/40 - org.joda.time.chrono.GJChronology_ESTest1 (24ms / 173):
    [junit] MAJOR: 1656768 (0 / 173 / 173) -> AVG-RTPM: 217ms
    [junit] MAJOR: Mutants killed / live: 498 (5-5569-1) / 48
    [junit] MAJOR: ------------------------------------------------------------
    [junit] MAJOR: 31/40 - org.joda.time.chrono.GJChronology_ESTest21 (25ms / 203):
    [junit] MAJOR: 1696551 (0 / 203 / 203) -> AVG-RTPM: 195ms
    [junit] MAJOR: Mutants killed / live: 498 (5-5772-1) / 48
    [junit] MAJOR: ------------------------------------------------------------
    [junit] MAJOR: 32/40 - org.joda.time.chrono.GJChronology_ESTest35 (28ms / 180):
    [junit] MAJOR: 1738441 (7 / 180 / 180) -> AVG-RTPM: 232ms
    [junit] MAJOR: Mutants killed / live: 505 (5-5952-1) / 41
    [junit] MAJOR: ------------------------------------------------------------
    [junit] MAJOR: 33/40 - org.joda.time.chrono.GJChronology_ESTest0 (31ms / 149):
    [junit] MAJOR: 1770820 (1 / 149 / 149) -> AVG-RTPM: 217ms
    [junit] MAJOR: Mutants killed / live: 506 (5-6101-1) / 40
    [junit] MAJOR: ------------------------------------------------------------
    [junit] MAJOR: 34/40 - org.joda.time.chrono.GJChronology_ESTest6 (38ms / 173):
    [junit] MAJOR: 1805263 (0 / 173 / 173) -> AVG-RTPM: 199ms
    [junit] MAJOR: Mutants killed / live: 506 (5-6274-1) / 40
    [junit] MAJOR: ------------------------------------------------------------
    [junit] MAJOR: 35/40 - org.joda.time.chrono.GJChronology_ESTest10 (43ms / 178):
    [junit] MAJOR: 1835648 (5 / 178 / 178) -> AVG-RTPM: 170ms
    [junit] MAJOR: Mutants killed / live: 511 (5-6452-1) / 35
    [junit] MAJOR: ------------------------------------------------------------
    [junit] MAJOR: 36/40 - org.joda.time.chrono.GJChronology_ESTest39 (55ms / 225):
    [junit] MAJOR: 1889109 (20 / 225 / 225) -> AVG-RTPM: 237ms
    [junit] MAJOR: Mutants killed / live: 531 (5-6677-1) / 15
    [junit] MAJOR: ------------------------------------------------------------
    [junit] MAJOR: 37/40 - org.joda.time.chrono.GJChronology_ESTest26 (59ms / 196):
    [junit] MAJOR: 1923506 (0 / 196 / 196) -> AVG-RTPM: 175ms
    [junit] MAJOR: Mutants killed / live: 531 (5-6873-1) / 15
    [junit] MAJOR: ------------------------------------------------------------
    [junit] MAJOR: 38/40 - org.joda.time.chrono.GJChronology_ESTest40 (67ms / 200):
    [junit] MAJOR: 1965404 (12 / 200 / 200) -> AVG-RTPM: 209ms
    [junit] MAJOR: Mutants killed / live: 543 (5-7073-1) / 3
    [junit] MAJOR: ------------------------------------------------------------
    [junit] MAJOR: 39/40 - org.joda.time.chrono.GJChronology_ESTest22 (70ms / 199):
    [junit] MAJOR: 1999391 (0 / 199 / 199) -> AVG-RTPM: 170ms
    [junit] MAJOR: Mutants killed / live: 543 (5-7272-1) / 3
    [junit] MAJOR: ------------------------------------------------------------
    [junit] MAJOR: 40/40 - org.joda.time.chrono.GJChronology_ESTest19 (140ms / 181):
    [junit] MAJOR: 2030952 (0 / 181 / 181) -> AVG-RTPM: 174ms
    [junit] MAJOR: Mutants killed / live: 543 (5-7453-1) / 3
    [junit] MAJOR: ------------------------------------------------------------
    [junit] MAJOR: Summary:
    [junit] MAJOR: 
    [junit] MAJOR: Analysis time:  2031.0 seconds
    [junit] MAJOR: Mutation score: 77.24% (99.45%)
    [junit] MAJOR: Mutants killed / live: 543 (5-7453-1) / 3
    [junit] MAJOR: Mutant executions: 7611
    [junit] MAJOR: ------------------------------------------------------------
    [junit] MAJOR: Export summary of results (to summary.csv)
    [junit] MAJOR: Export mutant kill details (to /tmp/run_mutation.pl_124952_1501481432/18f/kill.csv)
    [junit] MAJOR: Export kill map (to killMap.csv)!

BUILD SUCCESSFUL
Total time: 34 minutes 41 seconds
