
init:
     [echo] -------- joda-time 2.0 --------

getjunit:

installjunit:

getjodaconvert:

prepare:

static:

compile.main:

compile.zoneinfo:

joda-time.compile:

compile:
     [java] Writing zoneinfo files
     [java] Writing ZoneInfoMap

joda-time.compile.tests:
    [mkdir] Created dir: /tmp/run_mutation.pl_3754_1501483552/19f/build/tests
    [javac] Compiling 153 source files to /tmp/run_mutation.pl_3754_1501483552/19f/build/tests
    [javac] Note: Some input files use or override a deprecated API.
    [javac] Note: Recompile with -Xlint:deprecation for details.
    [javac] Note: Some input files use unchecked or unsafe operations.
    [javac] Note: Recompile with -Xlint:unchecked for details.
     [copy] Copying 2 files to /tmp/run_mutation.pl_3754_1501483552/19f/build/tests

compile.tests:

update.all.tests:

mutation.test:
     [echo] Running mutation analysis ...
    [junit] MAJOR: Mutation analysis enabled
SLF4J: Failed to load class "org.slf4j.impl.StaticLoggerBinder".
SLF4J: Defaulting to no-operation (NOP) logger implementation
SLF4J: See http://www.slf4j.org/codes.html#StaticLoggerBinder for further details.
    [junit] MAJOR: ------------------------------------------------------------
    [junit] MAJOR: Run 54 ordered tests to verify independence
    [junit] MAJOR: ------------------------------------------------------------
    [junit] MAJOR: Preprocessing time: 47.84 seconds
    [junit] MAJOR: ------------------------------------------------------------
    [junit] MAJOR: Mutants generated: 677
    [junit] MAJOR: Mutants covered:   667 (98.52%)
    [junit] MAJOR: ------------------------------------------------------------
    [junit] MAJOR: Export test map to (testMap.csv)
    [junit] MAJOR: Export coverage map to (covMap.csv)
    [junit] MAJOR: Exclude 0 mutants
    [junit] MAJOR: ------------------------------------------------------------
    [junit] MAJOR: Run mutation analysis with 54 individual tests
    [junit] MAJOR: ------------------------------------------------------------
    [junit] MAJOR: 1/54 - org.joda.time.DateTimeZone_ESTest50 (13ms / 154):
    [junit] MAJOR: 309600 (33 / 154 / 154) -> AVG-RTPM: 2010ms
    [junit] MAJOR: Mutants killed / live: 33 (0-33-0) / 634
    [junit] MAJOR: ------------------------------------------------------------
    [junit] MAJOR: 2/54 - org.joda.time.DateTimeZone_ESTest9 (13ms / 157):
    [junit] MAJOR: 397487 (119 / 157 / 157) -> AVG-RTPM: 559ms
    [junit] MAJOR: Mutants killed / live: 152 (0-177-0) / 515
    [junit] MAJOR: ------------------------------------------------------------
    [junit] MAJOR: 3/54 - org.joda.time.DateTimeZone_ESTest23 (14ms / 182):
    [junit] MAJOR: 430844 (43 / 182 / 182) -> AVG-RTPM: 183ms
    [junit] MAJOR: Mutants killed / live: 195 (0-359-0) / 472
    [junit] MAJOR: ------------------------------------------------------------
    [junit] MAJOR: 4/54 - org.joda.time.DateTimeZone_ESTest24 (14ms / 200):
    [junit] MAJOR: 466121 (53 / 200 / 200) -> AVG-RTPM: 176ms
    [junit] MAJOR: Mutants killed / live: 248 (0-559-0) / 419
    [junit] MAJOR: ------------------------------------------------------------
    [junit] MAJOR: 5/54 - org.joda.time.DateTimeZone_ESTest3 (14ms / 147):
    [junit] MAJOR: 493225 (0 / 147 / 147) -> AVG-RTPM: 184ms
    [junit] MAJOR: Mutants killed / live: 248 (0-706-0) / 419
    [junit] MAJOR: ------------------------------------------------------------
    [junit] MAJOR: 6/54 - org.joda.time.DateTimeZone_ESTest30 (14ms / 230):
    [junit] MAJOR: 534919 (30 / 230 / 230) -> AVG-RTPM: 181ms
    [junit] MAJOR: Mutants killed / live: 278 (0-936-0) / 389
    [junit] MAJOR: ------------------------------------------------------------
    [junit] MAJOR: 7/54 - org.joda.time.DateTimeZone_ESTest36 (14ms / 247):
    [junit] MAJOR: 579587 (4 / 247 / 247) -> AVG-RTPM: 180ms
    [junit] MAJOR: Mutants killed / live: 282 (0-1183-0) / 385
    [junit] MAJOR: ------------------------------------------------------------
    [junit] MAJOR: 8/54 - org.joda.time.DateTimeZone_ESTest43 (14ms / 299):
    [junit] MAJOR: 634551 (91 / 299 / 299) -> AVG-RTPM: 183ms
    [junit] MAJOR: Mutants killed / live: 373 (0-1482-0) / 294
    [junit] MAJOR: ------------------------------------------------------------
    [junit] MAJOR: 9/54 - org.joda.time.DateTimeZone_ESTest44 (14ms / 207):
    [junit] MAJOR: 672223 (42 / 207 / 207) -> AVG-RTPM: 181ms
    [junit] MAJOR: Mutants killed / live: 415 (0-1689-0) / 252
    [junit] MAJOR: ------------------------------------------------------------
    [junit] MAJOR: 10/54 - org.joda.time.DateTimeZone_ESTest51 (14ms / 274):
    [junit] MAJOR: 731580 (20 / 274 / 274) -> AVG-RTPM: 216ms
    [junit] MAJOR: Mutants killed / live: 435 (0-1963-0) / 232
    [junit] MAJOR: ------------------------------------------------------------
    [junit] MAJOR: 11/54 - org.joda.time.DateTimeZone_ESTest7 (14ms / 244):
    [junit] MAJOR: 776369 (0 / 244 / 244) -> AVG-RTPM: 183ms
    [junit] MAJOR: Mutants killed / live: 435 (0-2207-0) / 232
    [junit] MAJOR: ------------------------------------------------------------
    [junit] MAJOR: 12/54 - org.joda.time.DateTimeZone_ESTest13 (15ms / 147):
    [junit] MAJOR: 803825 (0 / 147 / 147) -> AVG-RTPM: 186ms
    [junit] MAJOR: Mutants killed / live: 435 (0-2354-0) / 232
    [junit] MAJOR: ------------------------------------------------------------
    [junit] MAJOR: 13/54 - org.joda.time.DateTimeZone_ESTest14 (15ms / 158):
    [junit] MAJOR: 832744 (0 / 158 / 158) -> AVG-RTPM: 183ms
    [junit] MAJOR: Mutants killed / live: 435 (0-2512-0) / 232
    [junit] MAJOR: ------------------------------------------------------------
    [junit] MAJOR: 14/54 - org.joda.time.DateTimeZone_ESTest15 (15ms / 258):
    [junit] MAJOR: 881231 (14 / 258 / 258) -> AVG-RTPM: 187ms
    [junit] MAJOR: Mutants killed / live: 449 (0-2770-0) / 218
    [junit] MAJOR: ------------------------------------------------------------
    [junit] MAJOR: 15/54 - org.joda.time.DateTimeZone_ESTest16 (15ms / 174):
    [junit] MAJOR: 913718 (0 / 174 / 174) -> AVG-RTPM: 186ms
    [junit] MAJOR: Mutants killed / live: 449 (0-2944-0) / 218
    [junit] MAJOR: ------------------------------------------------------------
    [junit] MAJOR: 16/54 - org.joda.time.DateTimeZone_ESTest21 (15ms / 247):
    [junit] MAJOR: 959469 (0 / 247 / 247) -> AVG-RTPM: 185ms
    [junit] MAJOR: Mutants killed / live: 449 (0-3191-0) / 218
    [junit] MAJOR: ------------------------------------------------------------
    [junit] MAJOR: 17/54 - org.joda.time.DateTimeZone_ESTest22 (15ms / 164):
    [junit] MAJOR: 992964 (5 / 164 / 164) -> AVG-RTPM: 204ms
    [junit] MAJOR: Mutants killed / live: 454 (0-3355-0) / 213
    [junit] MAJOR: ------------------------------------------------------------
    [junit] MAJOR: 18/54 - org.joda.time.DateTimeZone_ESTest25 (15ms / 275):
    [junit] MAJOR: 1044772 (0 / 275 / 275) -> AVG-RTPM: 188ms
    [junit] MAJOR: Mutants killed / live: 454 (0-3630-0) / 213
    [junit] MAJOR: ------------------------------------------------------------
    [junit] MAJOR: 19/54 - org.joda.time.DateTimeZone_ESTest29 (15ms / 147):
    [junit] MAJOR: 1072792 (0 / 147 / 147) -> AVG-RTPM: 190ms
    [junit] MAJOR: Mutants killed / live: 454 (0-3777-0) / 213
    [junit] MAJOR: ------------------------------------------------------------
    [junit] MAJOR: 20/54 - org.joda.time.DateTimeZone_ESTest32 (15ms / 270):
    [junit] MAJOR: 1123766 (6 / 270 / 270) -> AVG-RTPM: 188ms
    [junit] MAJOR: Mutants killed / live: 460 (0-4047-0) / 207
    [junit] MAJOR: ------------------------------------------------------------
    [junit] MAJOR: 21/54 - org.joda.time.DateTimeZone_ESTest37 (15ms / 154):
    [junit] MAJOR: 1149358 (7 / 154 / 154) -> AVG-RTPM: 166ms
    [junit] MAJOR: Mutants killed / live: 467 (0-4201-0) / 200
    [junit] MAJOR: ------------------------------------------------------------
    [junit] MAJOR: 22/54 - org.joda.time.DateTimeZone_ESTest41 (15ms / 184):
    [junit] MAJOR: 1186365 (37 / 184 / 184) -> AVG-RTPM: 201ms
    [junit] MAJOR: Mutants killed / live: 504 (0-4385-0) / 163
    [junit] MAJOR: ------------------------------------------------------------
    [junit] MAJOR: 23/54 - org.joda.time.DateTimeZone_ESTest42 (15ms / 340):
    [junit] MAJOR: 1244333 (30 / 340 / 340) -> AVG-RTPM: 170ms
    [junit] MAJOR: Mutants killed / live: 534 (0-4725-0) / 133
    [junit] MAJOR: ------------------------------------------------------------
    [junit] MAJOR: 24/54 - org.joda.time.DateTimeZone_ESTest5 (15ms / 266):
    [junit] MAJOR: 1289476 (0 / 266 / 266) -> AVG-RTPM: 169ms
    [junit] MAJOR: Mutants killed / live: 534 (0-4991-0) / 133
    [junit] MAJOR: ------------------------------------------------------------
    [junit] MAJOR: 25/54 - org.joda.time.DateTimeZone_ESTest39 (16ms / 171):
    [junit] MAJOR: 1319738 (13 / 171 / 171) -> AVG-RTPM: 176ms
    [junit] MAJOR: Mutants killed / live: 547 (0-5162-0) / 120
    [junit] MAJOR: ------------------------------------------------------------
    [junit] MAJOR: 26/54 - org.joda.time.DateTimeZone_ESTest45 (16ms / 259):
    [junit] MAJOR: 1364332 (68 / 259 / 259) -> AVG-RTPM: 172ms
    [junit] MAJOR: Mutants killed / live: 615 (0-5421-0) / 52
    [junit] MAJOR: ------------------------------------------------------------
    [junit] MAJOR: 27/54 - org.joda.time.DateTimeZone_ESTest18 (17ms / 188):
    [junit] MAJOR: 1396652 (0 / 188 / 188) -> AVG-RTPM: 171ms
    [junit] MAJOR: Mutants killed / live: 615 (0-5609-0) / 52
    [junit] MAJOR: ------------------------------------------------------------
    [junit] MAJOR: 28/54 - org.joda.time.DateTimeZone_ESTest38 (17ms / 182):
    [junit] MAJOR: 1428327 (11 / 182 / 182) -> AVG-RTPM: 174ms
    [junit] MAJOR: Mutants killed / live: 626 (0-5791-0) / 41
    [junit] MAJOR: ------------------------------------------------------------
    [junit] MAJOR: 29/54 - org.joda.time.DateTimeZone_ESTest1 (18ms / 157):
    [junit] MAJOR: 1456088 (4 / 157 / 157) -> AVG-RTPM: 176ms
    [junit] MAJOR: Mutants killed / live: 630 (0-5948-0) / 37
    [junit] MAJOR: ------------------------------------------------------------
    [junit] MAJOR: 30/54 - org.joda.time.DateTimeZone_ESTest49 (18ms / 153):
    [junit] MAJOR: 1495955 (0 / 153 / 153) -> AVG-RTPM: 260ms
    [junit] MAJOR: Mutants killed / live: 630 (0-6101-0) / 37
    [junit] MAJOR: ------------------------------------------------------------
    [junit] MAJOR: 31/54 - org.joda.time.DateTimeZone_ESTest35 (19ms / 150):
    [junit] MAJOR: 1528986 (0 / 150 / 150) -> AVG-RTPM: 220ms
    [junit] MAJOR: Mutants killed / live: 630 (0-6251-0) / 37
    [junit] MAJOR: ------------------------------------------------------------
    [junit] MAJOR: 32/54 - org.joda.time.DateTimeZone_ESTest8 (19ms / 147):
    [junit] MAJOR: 1555520 (0 / 147 / 147) -> AVG-RTPM: 180ms
    [junit] MAJOR: Mutants killed / live: 630 (0-6398-0) / 37
    [junit] MAJOR: ------------------------------------------------------------
    [junit] MAJOR: 33/54 - org.joda.time.DateTimeZone_ESTest31 (22ms / 203):
    [junit] MAJOR: 1591211 (0 / 203 / 203) -> AVG-RTPM: 175ms
    [junit] MAJOR: Mutants killed / live: 630 (0-6601-0) / 37
    [junit] MAJOR: ------------------------------------------------------------
    [junit] MAJOR: 34/54 - org.joda.time.DateTimeZone_ESTest0 (24ms / 267):
    [junit] MAJOR: 1638296 (1 / 267 / 267) -> AVG-RTPM: 176ms
    [junit] MAJOR: Mutants killed / live: 631 (0-6868-0) / 36
    [junit] MAJOR: ------------------------------------------------------------
    [junit] MAJOR: 35/54 - org.joda.time.DateTimeZone_ESTest33 (30ms / 240):
    [junit] MAJOR: 1680682 (0 / 240 / 240) -> AVG-RTPM: 176ms
    [junit] MAJOR: Mutants killed / live: 631 (0-7108-0) / 36
    [junit] MAJOR: ------------------------------------------------------------
    [junit] MAJOR: 36/54 - org.joda.time.DateTimeZone_ESTest52 (30ms / 243):
    [junit] MAJOR: 1724675 (1 / 243 / 243) -> AVG-RTPM: 181ms
    [junit] MAJOR: Mutants killed / live: 632 (0-7351-0) / 35
    [junit] MAJOR: ------------------------------------------------------------
    [junit] MAJOR: 37/54 - org.joda.time.DateTimeZone_ESTest28 (31ms / 152):
    [junit] MAJOR: 1751894 (5 / 152 / 152) -> AVG-RTPM: 179ms
    [junit] MAJOR: Mutants killed / live: 637 (0-7503-0) / 30
    [junit] MAJOR: ------------------------------------------------------------
    [junit] MAJOR: 38/54 - org.joda.time.DateTimeZone_ESTest10 (32ms / 155):
    [junit] MAJOR: 1784833 (8 / 155 / 155) -> AVG-RTPM: 212ms
    [junit] MAJOR: Mutants killed / live: 645 (0-7658-0) / 22
    [junit] MAJOR: ------------------------------------------------------------
    [junit] MAJOR: 39/54 - org.joda.time.DateTimeZone_ESTest11 (32ms / 154):
    [junit] MAJOR: 1812572 (0 / 154 / 154) -> AVG-RTPM: 180ms
    [junit] MAJOR: Mutants killed / live: 645 (0-7812-0) / 22
    [junit] MAJOR: ------------------------------------------------------------
    [junit] MAJOR: 40/54 - org.joda.time.DateTimeZone_ESTest6 (33ms / 147):
    [junit] MAJOR: 1838631 (0 / 147 / 147) -> AVG-RTPM: 177ms
    [junit] MAJOR: Mutants killed / live: 645 (0-7959-0) / 22
    [junit] MAJOR: ------------------------------------------------------------
    [junit] MAJOR: 41/54 - org.joda.time.DateTimeZone_ESTest48 (35ms / 278):
    [junit] MAJOR: 1888516 (0 / 278 / 278) -> AVG-RTPM: 179ms
    [junit] MAJOR: Mutants killed / live: 645 (0-8237-0) / 22
    [junit] MAJOR: ------------------------------------------------------------
    [junit] MAJOR: 42/54 - org.joda.time.DateTimeZone_ESTest26 (37ms / 237):
    [junit] MAJOR: 1931732 (3 / 237 / 237) -> AVG-RTPM: 182ms
    [junit] MAJOR: Mutants killed / live: 648 (0-8474-0) / 19
    [junit] MAJOR: ------------------------------------------------------------
    [junit] MAJOR: 43/54 - org.joda.time.DateTimeZone_ESTest19 (40ms / 271):
    [junit] MAJOR: 1980889 (3 / 271 / 271) -> AVG-RTPM: 181ms
    [junit] MAJOR: Mutants killed / live: 651 (0-8745-0) / 16
    [junit] MAJOR: ------------------------------------------------------------
    [junit] MAJOR: 44/54 - org.joda.time.DateTimeZone_ESTest40 (41ms / 190):
    [junit] MAJOR: 2015867 (15 / 190 / 190) -> AVG-RTPM: 184ms
    [junit] MAJOR: Mutants killed / live: 666 (0-8935-0) / 1
    [junit] MAJOR: ------------------------------------------------------------
    [junit] MAJOR: 45/54 - org.joda.time.DateTimeZone_ESTest2 (42ms / 152):
    [junit] MAJOR: 2043347 (0 / 152 / 152) -> AVG-RTPM: 180ms
    [junit] MAJOR: Mutants killed / live: 666 (0-9087-0) / 1
    [junit] MAJOR: ------------------------------------------------------------
    [junit] MAJOR: 46/54 - org.joda.time.DateTimeZone_ESTest34 (43ms / 203):
    [junit] MAJOR: 2078319 (0 / 203 / 203) -> AVG-RTPM: 172ms
    [junit] MAJOR: Mutants killed / live: 666 (0-9290-0) / 1
    [junit] MAJOR: ------------------------------------------------------------
    [junit] MAJOR: 47/54 - org.joda.time.DateTimeZone_ESTest46 (43ms / 207):
    [junit] MAJOR: 2113747 (0 / 207 / 207) -> AVG-RTPM: 171ms
    [junit] MAJOR: Mutants killed / live: 666 (0-9497-0) / 1
    [junit] MAJOR: ------------------------------------------------------------
    [junit] MAJOR: 48/54 - org.joda.time.DateTimeZone_ESTest4 (45ms / 177):
    [junit] MAJOR: 2151722 (0 / 177 / 177) -> AVG-RTPM: 214ms
    [junit] MAJOR: Mutants killed / live: 666 (0-9674-0) / 1
    [junit] MAJOR: ------------------------------------------------------------
    [junit] MAJOR: 49/54 - org.joda.time.DateTimeZone_ESTest53 (47ms / 210):
    [junit] MAJOR: 2188612 (0 / 210 / 210) -> AVG-RTPM: 175ms
    [junit] MAJOR: Mutants killed / live: 666 (0-9884-0) / 1
    [junit] MAJOR: ------------------------------------------------------------
    [junit] MAJOR: 50/54 - org.joda.time.DateTimeZone_ESTest47 (48ms / 216):
    [junit] MAJOR: 2226355 (1 / 216 / 216) -> AVG-RTPM: 174ms
    [junit] MAJOR: Mutants killed / live: 667 (0-10100-0) / 0
    [junit] MAJOR: ------------------------------------------------------------
    [junit] MAJOR: 51/54 - org.joda.time.DateTimeZone_ESTest12 (51ms / 147):
    [junit] MAJOR: 2252100 (0 / 147 / 147) -> AVG-RTPM: 175ms
    [junit] MAJOR: Mutants killed / live: 667 (0-10247-0) / 0
    [junit] MAJOR: ------------------------------------------------------------
    [junit] MAJOR: 52/54 - org.joda.time.DateTimeZone_ESTest27 (52ms / 152):
    [junit] MAJOR: 2278658 (0 / 152 / 152) -> AVG-RTPM: 174ms
    [junit] MAJOR: Mutants killed / live: 667 (0-10399-0) / 0
    [junit] MAJOR: ------------------------------------------------------------
    [junit] MAJOR: 53/54 - org.joda.time.DateTimeZone_ESTest20 (81ms / 154):
    [junit] MAJOR: 2305947 (0 / 154 / 154) -> AVG-RTPM: 177ms
    [junit] MAJOR: Mutants killed / live: 667 (0-10553-0) / 0
    [junit] MAJOR: ------------------------------------------------------------
    [junit] MAJOR: 54/54 - org.joda.time.DateTimeZone_ESTest17 (91ms / 188):
    [junit] MAJOR: 2339704 (0 / 188 / 188) -> AVG-RTPM: 179ms
    [junit] MAJOR: Mutants killed / live: 667 (0-10741-0) / 0
    [junit] MAJOR: ------------------------------------------------------------
    [junit] MAJOR: Summary:
    [junit] MAJOR: 
    [junit] MAJOR: Analysis time:  2339.7 seconds
    [junit] MAJOR: Mutation score: 98.52% (100.00%)
    [junit] MAJOR: Mutants killed / live: 667 (0-10741-0) / 0
    [junit] MAJOR: Mutant executions: 10875
    [junit] MAJOR: ------------------------------------------------------------
    [junit] MAJOR: Export summary of results (to summary.csv)
    [junit] MAJOR: Export mutant kill details (to /tmp/run_mutation.pl_3754_1501483552/19f/kill.csv)
    [junit] MAJOR: Export kill map (to killMap.csv)!

BUILD SUCCESSFUL
Total time: 39 minutes 58 seconds
