
init:
     [echo] -------- joda-time 2.0 --------

getjunit:

installjunit:

getjodaconvert:

prepare:

static:

compile.main:

compile.zoneinfo:

joda-time.compile:

compile:
     [java] Writing zoneinfo files
     [java] Writing ZoneInfoMap

joda-time.compile.tests:
    [mkdir] Created dir: /tmp/run_mutation.pl_97452_1501384171/20f/build/tests
    [javac] Compiling 153 source files to /tmp/run_mutation.pl_97452_1501384171/20f/build/tests
    [javac] Note: Some input files use or override a deprecated API.
    [javac] Note: Recompile with -Xlint:deprecation for details.
    [javac] Note: Some input files use unchecked or unsafe operations.
    [javac] Note: Recompile with -Xlint:unchecked for details.
     [copy] Copying 2 files to /tmp/run_mutation.pl_97452_1501384171/20f/build/tests

compile.tests:

update.all.tests:

mutation.test:
     [echo] Running mutation analysis ...
    [junit] MAJOR: Mutation analysis enabled
SLF4J: Failed to load class "org.slf4j.impl.StaticLoggerBinder".
SLF4J: Defaulting to no-operation (NOP) logger implementation
SLF4J: See http://www.slf4j.org/codes.html#StaticLoggerBinder for further details.
    [junit] MAJOR: org.joda.time.format.DateTimeFormatterBuilder_ESTest1[test001] failed!
    [junit] MAJOR:  -> AssertionFailedError
    [junit] MAJOR:  -> "expected:<201[4-02-14T20:21:21.320]> but was:<201[7-07-30T03:10:23.809]>"
    [junit] MAJOR: org.joda.time.format.DateTimeFormatterBuilder_ESTest51[test051] failed!
    [junit] MAJOR:  -> AssertionFailedError
    [junit] MAJOR:  -> "expected:<[Fri14]> but was:<[Sun17]>"
    [junit] MAJOR: Exclude 2 failing test classes:
    [junit] MAJOR:  - org.joda.time.format.DateTimeFormatterBuilder_ESTest1
    [junit] MAJOR:  - org.joda.time.format.DateTimeFormatterBuilder_ESTest51
    [junit] MAJOR: ------------------------------------------------------------
    [junit] MAJOR: Run 185 ordered tests to verify independence
    [junit] MAJOR: ------------------------------------------------------------
    [junit] MAJOR: Preprocessing time: 724.22 seconds
    [junit] MAJOR: ------------------------------------------------------------
    [junit] MAJOR: Mutants generated: 2939
    [junit] MAJOR: Mutants covered:   2415 (82.17%)
    [junit] MAJOR: ------------------------------------------------------------
    [junit] MAJOR: Export test map to (testMap.csv)
    [junit] MAJOR: Export coverage map to (covMap.csv)
    [junit] MAJOR: Exclude 0 mutants
    [junit] MAJOR: ------------------------------------------------------------
    [junit] MAJOR: Run mutation analysis with 185 individual tests
    [junit] MAJOR: ------------------------------------------------------------
    [junit] MAJOR: 1/185 - org.joda.time.format.DateTimeFormatterBuilder_ESTest111 (14ms / 333):
    [junit] MAJOR: 130763 (330 / 333 / 333) -> AVG-RTPM: 392ms
    [junit] MAJOR: Mutants killed / live: 330 (0-330-0) / 2085
    [junit] MAJOR: ------------------------------------------------------------
    [junit] MAJOR: 2/185 - org.joda.time.format.DateTimeFormatterBuilder_ESTest119 (14ms / 460):
    [junit] MAJOR: 284004 (134 / 460 / 460) -> AVG-RTPM: 333ms
    [junit] MAJOR: Mutants killed / live: 464 (0-790-0) / 1951
    [junit] MAJOR: ------------------------------------------------------------
    [junit] MAJOR: 3/185 - org.joda.time.format.DateTimeFormatterBuilder_ESTest120 (14ms / 349):
    [junit] MAJOR: 399865 (14 / 349 / 349) -> AVG-RTPM: 331ms
    [junit] MAJOR: Mutants killed / live: 478 (0-1139-0) / 1937
    [junit] MAJOR: ------------------------------------------------------------
    [junit] MAJOR: 4/185 - org.joda.time.format.DateTimeFormatterBuilder_ESTest121 (14ms / 357):
    [junit] MAJOR: 518861 (2 / 357 / 357) -> AVG-RTPM: 333ms
    [junit] MAJOR: Mutants killed / live: 480 (0-1496-0) / 1935
    [junit] MAJOR: ------------------------------------------------------------
    [junit] MAJOR: 5/185 - org.joda.time.format.DateTimeFormatterBuilder_ESTest122 (14ms / 433):
    [junit] MAJOR: 664096 (9 / 433 / 433) -> AVG-RTPM: 335ms
    [junit] MAJOR: Mutants killed / live: 489 (0-1929-0) / 1926
    [junit] MAJOR: ------------------------------------------------------------
    [junit] MAJOR: 6/185 - org.joda.time.format.DateTimeFormatterBuilder_ESTest128 (14ms / 342):
    [junit] MAJOR: 866887 (13 / 342 / 342) -> AVG-RTPM: 592ms
    [junit] MAJOR: Mutants killed / live: 502 (0-2271-0) / 1913
    [junit] MAJOR: ------------------------------------------------------------
    [junit] MAJOR: 7/185 - org.joda.time.format.DateTimeFormatterBuilder_ESTest129 (14ms / 356):
    [junit] MAJOR: 1059708 (27 / 356 / 356) -> AVG-RTPM: 541ms
    [junit] MAJOR: Mutants killed / live: 529 (0-2627-0) / 1886
    [junit] MAJOR: ------------------------------------------------------------
    [junit] MAJOR: 8/185 - org.joda.time.format.DateTimeFormatterBuilder_ESTest154 (14ms / 519):
    [junit] MAJOR: 1322685 (190 / 519 / 519) -> AVG-RTPM: 506ms
    [junit] MAJOR: Mutants killed / live: 719 (0-3146-0) / 1696
    [junit] MAJOR: ------------------------------------------------------------
    [junit] MAJOR: 9/185 - org.joda.time.format.DateTimeFormatterBuilder_ESTest164 (14ms / 410):
    [junit] MAJOR: 1466170 (49 / 410 / 410) -> AVG-RTPM: 349ms
    [junit] MAJOR: Mutants killed / live: 768 (0-3556-0) / 1647
    [junit] MAJOR: ------------------------------------------------------------
    [junit] MAJOR: 10/185 - org.joda.time.format.DateTimeFormatterBuilder_ESTest171 (14ms / 333):
    [junit] MAJOR: 1581752 (4 / 333 / 333) -> AVG-RTPM: 347ms
    [junit] MAJOR: Mutants killed / live: 772 (0-3889-0) / 1643
    [junit] MAJOR: ------------------------------------------------------------
    [junit] MAJOR: 11/185 - org.joda.time.format.DateTimeFormatterBuilder_ESTest103 (15ms / 418):
    [junit] MAJOR: 1728133 (89 / 418 / 418) -> AVG-RTPM: 350ms
    [junit] MAJOR: Mutants killed / live: 861 (0-4307-0) / 1554
    [junit] MAJOR: ------------------------------------------------------------
    [junit] MAJOR: 12/185 - org.joda.time.format.DateTimeFormatterBuilder_ESTest105 (15ms / 684):
    [junit] MAJOR: 1953019 (257 / 684 / 684) -> AVG-RTPM: 328ms
    [junit] MAJOR: Mutants killed / live: 1118 (0-4991-0) / 1297
    [junit] MAJOR: ------------------------------------------------------------
    [junit] MAJOR: 13/185 - org.joda.time.format.DateTimeFormatterBuilder_ESTest106 (15ms / 827):
    [junit] MAJOR: 2230117 (147 / 827 / 827) -> AVG-RTPM: 335ms
    [junit] MAJOR: Mutants killed / live: 1265 (0-5818-0) / 1150
    [junit] MAJOR: ------------------------------------------------------------
    [junit] MAJOR: 14/185 - org.joda.time.format.DateTimeFormatterBuilder_ESTest107 (15ms / 708):
    [junit] MAJOR: 2429972 (0 / 708 / 708) -> AVG-RTPM: 282ms
    [junit] MAJOR: Mutants killed / live: 1265 (0-6526-0) / 1150
    [junit] MAJOR: ------------------------------------------------------------
    [junit] MAJOR: 15/185 - org.joda.time.format.DateTimeFormatterBuilder_ESTest112 (15ms / 332):
    [junit] MAJOR: 2572767 (3 / 332 / 332) -> AVG-RTPM: 430ms
    [junit] MAJOR: Mutants killed / live: 1268 (0-6858-0) / 1147
    [junit] MAJOR: ------------------------------------------------------------
    [junit] MAJOR: 16/185 - org.joda.time.format.DateTimeFormatterBuilder_ESTest12 (15ms / 330):
    [junit] MAJOR: 2705826 (1 / 330 / 330) -> AVG-RTPM: 403ms
    [junit] MAJOR: Mutants killed / live: 1269 (0-7188-0) / 1146
    [junit] MAJOR: ------------------------------------------------------------
    [junit] MAJOR: 17/185 - org.joda.time.format.DateTimeFormatterBuilder_ESTest135 (15ms / 334):
    [junit] MAJOR: 2824892 (5 / 334 / 334) -> AVG-RTPM: 356ms
    [junit] MAJOR: Mutants killed / live: 1274 (0-7522-0) / 1141
    [junit] MAJOR: ------------------------------------------------------------
    [junit] MAJOR: 18/185 - org.joda.time.format.DateTimeFormatterBuilder_ESTest146 (15ms / 424):

BUILD FAILED
/home/donghwan/defects4j/framework/projects/defects4j.build.xml:185: Parallel execution timed out

Total time: 59 minutes 42 seconds
