
init:
     [echo] -------- joda-time 2.0 --------

getjunit:

installjunit:

getjodaconvert:

prepare:

static:

compile.main:

compile.zoneinfo:

joda-time.compile:

compile:
     [java] Writing zoneinfo files
     [java] Writing ZoneInfoMap

joda-time.compile.tests:
    [mkdir] Created dir: /tmp/run_mutation.pl_108719_1501388154/22f/build/tests
    [javac] Compiling 154 source files to /tmp/run_mutation.pl_108719_1501388154/22f/build/tests
    [javac] Note: Some input files use or override a deprecated API.
    [javac] Note: Recompile with -Xlint:deprecation for details.
    [javac] Note: Some input files use unchecked or unsafe operations.
    [javac] Note: Recompile with -Xlint:unchecked for details.
     [copy] Copying 2 files to /tmp/run_mutation.pl_108719_1501388154/22f/build/tests

compile.tests:

update.all.tests:

mutation.test:
     [echo] Running mutation analysis ...
    [junit] MAJOR: Mutation analysis enabled
SLF4J: Failed to load class "org.slf4j.impl.StaticLoggerBinder".
SLF4J: Defaulting to no-operation (NOP) logger implementation
SLF4J: See http://www.slf4j.org/codes.html#StaticLoggerBinder for further details.
    [junit] MAJOR: ------------------------------------------------------------
    [junit] MAJOR: Run 29 ordered tests to verify independence
    [junit] MAJOR: ------------------------------------------------------------
    [junit] MAJOR: Preprocessing time: 23.60 seconds
    [junit] MAJOR: ------------------------------------------------------------
    [junit] MAJOR: Mutants generated: 281
    [junit] MAJOR: Mutants covered:   281 (100.00%)
    [junit] MAJOR: ------------------------------------------------------------
    [junit] MAJOR: Export test map to (testMap.csv)
    [junit] MAJOR: Export coverage map to (covMap.csv)
    [junit] MAJOR: Exclude 0 mutants
    [junit] MAJOR: ------------------------------------------------------------
    [junit] MAJOR: Run mutation analysis with 29 individual tests
    [junit] MAJOR: ------------------------------------------------------------
    [junit] MAJOR: 1/29 - org.joda.time.base.BasePeriod_ESTest25 (13ms / 7):
    [junit] MAJOR: 3284 (4 / 7 / 7) -> AVG-RTPM: 469ms
    [junit] MAJOR: Mutants killed / live: 4 (0-4-0) / 277
    [junit] MAJOR: ------------------------------------------------------------
    [junit] MAJOR: 2/29 - org.joda.time.base.BasePeriod_ESTest27 (13ms / 40):
    [junit] MAJOR: 29355 (13 / 40 / 40) -> AVG-RTPM: 651ms
    [junit] MAJOR: Mutants killed / live: 17 (0-19-0) / 264
    [junit] MAJOR: ------------------------------------------------------------
    [junit] MAJOR: 3/29 - org.joda.time.base.BasePeriod_ESTest6 (13ms / 19):
    [junit] MAJOR: 47578 (9 / 19 / 19) -> AVG-RTPM: 959ms
    [junit] MAJOR: Mutants killed / live: 26 (0-31-0) / 255
    [junit] MAJOR: ------------------------------------------------------------
    [junit] MAJOR: 4/29 - org.joda.time.base.BasePeriod_ESTest7 (14ms / 6):
    [junit] MAJOR: 53536 (0 / 6 / 6) -> AVG-RTPM: 993ms
    [junit] MAJOR: Mutants killed / live: 26 (0-35-0) / 255
    [junit] MAJOR: ------------------------------------------------------------
    [junit] MAJOR: 5/29 - org.joda.time.base.BasePeriod_ESTest9 (14ms / 20):
    [junit] MAJOR: 78698 (1 / 20 / 20) -> AVG-RTPM: 1258ms
    [junit] MAJOR: Mutants killed / live: 27 (0-36-0) / 254
    [junit] MAJOR: ------------------------------------------------------------
    [junit] MAJOR: 6/29 - org.joda.time.base.BasePeriod_ESTest16 (15ms / 38):
    [junit] MAJOR: 136995 (8 / 38 / 38) -> AVG-RTPM: 1534ms
    [junit] MAJOR: Mutants killed / live: 35 (0-47-0) / 246
    [junit] MAJOR: ------------------------------------------------------------
    [junit] MAJOR: 7/29 - org.joda.time.base.BasePeriod_ESTest22 (15ms / 49):
    [junit] MAJOR: 226287 (14 / 49 / 49) -> AVG-RTPM: 1822ms
    [junit] MAJOR: Mutants killed / live: 49 (0-65-0) / 232
    [junit] MAJOR: ------------------------------------------------------------
    [junit] MAJOR: 8/29 - org.joda.time.base.BasePeriod_ESTest24 (15ms / 67):
    [junit] MAJOR: 235010 (50 / 67 / 67) -> AVG-RTPM: 130ms
    [junit] MAJOR: Mutants killed / live: 99 (0-132-0) / 182
    [junit] MAJOR: ------------------------------------------------------------
    [junit] MAJOR: 9/29 - org.joda.time.base.BasePeriod_ESTest8 (15ms / 17):
    [junit] MAJOR: 238066 (13 / 17 / 17) -> AVG-RTPM: 179ms
    [junit] MAJOR: Mutants killed / live: 112 (0-149-0) / 169
    [junit] MAJOR: ------------------------------------------------------------
    [junit] MAJOR: 10/29 - org.joda.time.base.BasePeriod_ESTest14 (16ms / 53):
    [junit] MAJOR: 247181 (43 / 53 / 53) -> AVG-RTPM: 171ms
    [junit] MAJOR: Mutants killed / live: 155 (0-202-0) / 126
    [junit] MAJOR: ------------------------------------------------------------
    [junit] MAJOR: 11/29 - org.joda.time.base.BasePeriod_ESTest17 (16ms / 50):
    [junit] MAJOR: 254415 (12 / 50 / 50) -> AVG-RTPM: 144ms
    [junit] MAJOR: Mutants killed / live: 167 (0-252-0) / 114
    [junit] MAJOR: ------------------------------------------------------------
    [junit] MAJOR: 12/29 - org.joda.time.base.BasePeriod_ESTest19 (16ms / 31):
    [junit] MAJOR: 257997 (27 / 31 / 31) -> AVG-RTPM: 115ms
    [junit] MAJOR: Mutants killed / live: 194 (0-283-0) / 87
    [junit] MAJOR: ------------------------------------------------------------
    [junit] MAJOR: 13/29 - org.joda.time.base.BasePeriod_ESTest23 (16ms / 33):
    [junit] MAJOR: 262510 (0 / 33 / 33) -> AVG-RTPM: 136ms
    [junit] MAJOR: Mutants killed / live: 194 (0-316-0) / 87
    [junit] MAJOR: ------------------------------------------------------------
    [junit] MAJOR: 14/29 - org.joda.time.base.BasePeriod_ESTest26 (16ms / 36):
    [junit] MAJOR: 266954 (25 / 36 / 36) -> AVG-RTPM: 123ms
    [junit] MAJOR: Mutants killed / live: 219 (0-352-0) / 62
    [junit] MAJOR: ------------------------------------------------------------
    [junit] MAJOR: 15/29 - org.joda.time.base.BasePeriod_ESTest18 (17ms / 19):
    [junit] MAJOR: 270300 (3 / 19 / 19) -> AVG-RTPM: 176ms
    [junit] MAJOR: Mutants killed / live: 222 (0-371-0) / 59
    [junit] MAJOR: ------------------------------------------------------------
    [junit] MAJOR: 16/29 - org.joda.time.base.BasePeriod_ESTest5 (19ms / 8):
    [junit] MAJOR: 272189 (2 / 8 / 8) -> AVG-RTPM: 236ms
    [junit] MAJOR: Mutants killed / live: 224 (0-379-0) / 57
    [junit] MAJOR: ------------------------------------------------------------
    [junit] MAJOR: 17/29 - org.joda.time.base.BasePeriod_ESTest15 (20ms / 38):
    [junit] MAJOR: 279111 (0 / 38 / 38) -> AVG-RTPM: 182ms
    [junit] MAJOR: Mutants killed / live: 224 (0-417-0) / 57
    [junit] MAJOR: ------------------------------------------------------------
    [junit] MAJOR: 18/29 - org.joda.time.base.BasePeriod_ESTest4 (20ms / 19):
    [junit] MAJOR: 282018 (2 / 19 / 19) -> AVG-RTPM: 152ms
    [junit] MAJOR: Mutants killed / live: 226 (0-436-0) / 55
    [junit] MAJOR: ------------------------------------------------------------
    [junit] MAJOR: 19/29 - org.joda.time.base.BasePeriod_ESTest1 (24ms / 26):
    [junit] MAJOR: 285369 (10 / 26 / 26) -> AVG-RTPM: 128ms
    [junit] MAJOR: Mutants killed / live: 236 (0-462-0) / 45
    [junit] MAJOR: ------------------------------------------------------------
    [junit] MAJOR: 20/29 - org.joda.time.base.BasePeriod_ESTest0 (27ms / 7):
    [junit] MAJOR: 286458 (3 / 7 / 7) -> AVG-RTPM: 155ms
    [junit] MAJOR: Mutants killed / live: 239 (0-469-0) / 42
    [junit] MAJOR: ------------------------------------------------------------
    [junit] MAJOR: 21/29 - org.joda.time.base.BasePeriod_ESTest13 (27ms / 17):
    [junit] MAJOR: 288625 (0 / 17 / 17) -> AVG-RTPM: 127ms
    [junit] MAJOR: Mutants killed / live: 239 (0-486-0) / 42
    [junit] MAJOR: ------------------------------------------------------------
    [junit] MAJOR: 22/29 - org.joda.time.base.BasePeriod_ESTest28 (29ms / 39):
    [junit] MAJOR: 293788 (0 / 39 / 39) -> AVG-RTPM: 132ms
    [junit] MAJOR: Mutants killed / live: 239 (0-525-0) / 42
    [junit] MAJOR: ------------------------------------------------------------
    [junit] MAJOR: 23/29 - org.joda.time.base.BasePeriod_ESTest20 (41ms / 67):
    [junit] MAJOR: 305105 (3 / 67 / 67) -> AVG-RTPM: 168ms
    [junit] MAJOR: Mutants killed / live: 242 (0-592-0) / 39
    [junit] MAJOR: ------------------------------------------------------------
    [junit] MAJOR: 24/29 - org.joda.time.base.BasePeriod_ESTest12 (42ms / 62):
    [junit] MAJOR: 313752 (12 / 62 / 62) -> AVG-RTPM: 139ms
    [junit] MAJOR: Mutants killed / live: 254 (0-654-0) / 27
    [junit] MAJOR: ------------------------------------------------------------
    [junit] MAJOR: 25/29 - org.joda.time.base.BasePeriod_ESTest21 (44ms / 33):
    [junit] MAJOR: 317666 (0 / 33 / 33) -> AVG-RTPM: 118ms
    [junit] MAJOR: Mutants killed / live: 254 (0-687-0) / 27
    [junit] MAJOR: ------------------------------------------------------------
    [junit] MAJOR: 26/29 - org.joda.time.base.BasePeriod_ESTest3 (44ms / 15):
    [junit] MAJOR: 319920 (1 / 15 / 15) -> AVG-RTPM: 150ms
    [junit] MAJOR: Mutants killed / live: 255 (0-702-0) / 26
    [junit] MAJOR: ------------------------------------------------------------
    [junit] MAJOR: 27/29 - org.joda.time.base.BasePeriod_ESTest2 (55ms / 30):
    [junit] MAJOR: 325156 (0 / 30 / 30) -> AVG-RTPM: 174ms
    [junit] MAJOR: Mutants killed / live: 255 (0-732-0) / 26
    [junit] MAJOR: ------------------------------------------------------------
    [junit] MAJOR: 28/29 - org.joda.time.base.BasePeriod_ESTest10 (77ms / 52):
    [junit] MAJOR: 333374 (15 / 52 / 52) -> AVG-RTPM: 158ms
    [junit] MAJOR: Mutants killed / live: 270 (0-784-0) / 11
    [junit] MAJOR: ------------------------------------------------------------
    [junit] MAJOR: 29/29 - org.joda.time.base.BasePeriod_ESTest11 (78ms / 14):
    [junit] MAJOR: 335246 (0 / 14 / 14) -> AVG-RTPM: 133ms
    [junit] MAJOR: Mutants killed / live: 270 (0-798-0) / 11
    [junit] MAJOR: ------------------------------------------------------------
    [junit] MAJOR: Summary:
    [junit] MAJOR: 
    [junit] MAJOR: Analysis time:  335.2 seconds
    [junit] MAJOR: Mutation score: 96.09% (96.09%)
    [junit] MAJOR: Mutants killed / live: 270 (0-798-0) / 11
    [junit] MAJOR: Mutant executions: 912
    [junit] MAJOR: ------------------------------------------------------------
    [junit] MAJOR: Export summary of results (to summary.csv)
    [junit] MAJOR: Export mutant kill details (to /tmp/run_mutation.pl_108719_1501388154/22f/kill.csv)
    [junit] MAJOR: Export kill map (to killMap.csv)!

BUILD SUCCESSFUL
Total time: 6 minutes 10 seconds
