
init:
     [echo] -------- joda-time 2.0 --------

getjunit:

installjunit:

getjodaconvert:

prepare:

static:

compile.main:

compile.zoneinfo:

joda-time.compile:

compile:
     [java] Writing zoneinfo files
     [java] Writing ZoneInfoMap

joda-time.compile.tests:
    [mkdir] Created dir: /tmp/run_mutation.pl_70669_1501675184/22f/build/tests
    [javac] Compiling 154 source files to /tmp/run_mutation.pl_70669_1501675184/22f/build/tests
    [javac] Note: Some input files use or override a deprecated API.
    [javac] Note: Recompile with -Xlint:deprecation for details.
    [javac] Note: Some input files use unchecked or unsafe operations.
    [javac] Note: Recompile with -Xlint:unchecked for details.
     [copy] Copying 2 files to /tmp/run_mutation.pl_70669_1501675184/22f/build/tests

compile.tests:

update.all.tests:

mutation.test:
     [echo] Running mutation analysis ...
    [junit] MAJOR: Mutation analysis enabled
SLF4J: Failed to load class "org.slf4j.impl.StaticLoggerBinder".
SLF4J: Defaulting to no-operation (NOP) logger implementation
SLF4J: See http://www.slf4j.org/codes.html#StaticLoggerBinder for further details.
    [junit] MAJOR: ------------------------------------------------------------
    [junit] MAJOR: Run 30 ordered tests to verify independence
    [junit] MAJOR: ------------------------------------------------------------
    [junit] MAJOR: Preprocessing time: 35.11 seconds
    [junit] MAJOR: ------------------------------------------------------------
    [junit] MAJOR: Mutants generated: 281
    [junit] MAJOR: Mutants covered:   281 (100.00%)
    [junit] MAJOR: ------------------------------------------------------------
    [junit] MAJOR: Export test map to (testMap.csv)
    [junit] MAJOR: Export coverage map to (covMap.csv)
    [junit] MAJOR: Exclude 0 mutants
    [junit] MAJOR: ------------------------------------------------------------
    [junit] MAJOR: Run mutation analysis with 30 individual tests
    [junit] MAJOR: ------------------------------------------------------------
    [junit] MAJOR: 1/30 - org.joda.time.base.BasePeriod_ESTest14 (17ms / 17):
    [junit] MAJOR: 13421 (9 / 17 / 17) -> AVG-RTPM: 789ms
    [junit] MAJOR: Mutants killed / live: 9 (0-9-0) / 272
    [junit] MAJOR: ------------------------------------------------------------
    [junit] MAJOR: 2/30 - org.joda.time.base.BasePeriod_ESTest21 (18ms / 34):
    [junit] MAJOR: 49992 (17 / 34 / 34) -> AVG-RTPM: 1075ms
    [junit] MAJOR: Mutants killed / live: 26 (9-17-0) / 255
    [junit] MAJOR: ------------------------------------------------------------
    [junit] MAJOR: 3/30 - org.joda.time.base.BasePeriod_ESTest5 (20ms / 6):
    [junit] MAJOR: 58505 (1 / 6 / 6) -> AVG-RTPM: 1418ms
    [junit] MAJOR: Mutants killed / live: 27 (9-20-0) / 254
    [junit] MAJOR: ------------------------------------------------------------
    [junit] MAJOR: 4/30 - org.joda.time.base.BasePeriod_ESTest7 (20ms / 15):
    [junit] MAJOR: 82879 (2 / 15 / 15) -> AVG-RTPM: 1624ms
    [junit] MAJOR: Mutants killed / live: 29 (9-27-0) / 252
    [junit] MAJOR: ------------------------------------------------------------
    [junit] MAJOR: 5/30 - org.joda.time.base.BasePeriod_ESTest15 (21ms / 38):
    [junit] MAJOR: 160037 (6 / 38 / 38) -> AVG-RTPM: 2030ms
    [junit] MAJOR: Mutants killed / live: 35 (9-36-0) / 246
    [junit] MAJOR: ------------------------------------------------------------
    [junit] MAJOR: 6/30 - org.joda.time.base.BasePeriod_ESTest6 (21ms / 40):
    [junit] MAJOR: 276852 (6 / 40 / 40) -> AVG-RTPM: 2920ms
    [junit] MAJOR: Mutants killed / live: 41 (9-42-0) / 240
    [junit] MAJOR: ------------------------------------------------------------
    [junit] MAJOR: 7/30 - org.joda.time.base.BasePeriod_ESTest23 (23ms / 37):
    [junit] MAJOR: 321607 (29 / 37 / 37) -> AVG-RTPM: 1209ms
    [junit] MAJOR: Mutants killed / live: 70 (9-71-0) / 211
    [junit] MAJOR: ------------------------------------------------------------
    [junit] MAJOR: 8/30 - org.joda.time.base.BasePeriod_ESTest25 (23ms / 33):
    [junit] MAJOR: 329399 (19 / 33 / 33) -> AVG-RTPM: 236ms
    [junit] MAJOR: Mutants killed / live: 89 (9-104-0) / 192
    [junit] MAJOR: ------------------------------------------------------------
    [junit] MAJOR: 9/30 - org.joda.time.base.BasePeriod_ESTest16 (24ms / 38):
    [junit] MAJOR: 339960 (26 / 38 / 38) -> AVG-RTPM: 277ms
    [junit] MAJOR: Mutants killed / live: 115 (9-142-0) / 166
    [junit] MAJOR: ------------------------------------------------------------
    [junit] MAJOR: 10/30 - org.joda.time.base.BasePeriod_ESTest24 (24ms / 33):
    [junit] MAJOR: 346352 (0 / 33 / 33) -> AVG-RTPM: 193ms
    [junit] MAJOR: Mutants killed / live: 115 (9-175-0) / 166
    [junit] MAJOR: ------------------------------------------------------------
    [junit] MAJOR: 11/30 - org.joda.time.base.BasePeriod_ESTest4 (24ms / 27):
    [junit] MAJOR: 351647 (7 / 27 / 27) -> AVG-RTPM: 196ms
    [junit] MAJOR: Mutants killed / live: 122 (9-202-0) / 159
    [junit] MAJOR: ------------------------------------------------------------
    [junit] MAJOR: 12/30 - org.joda.time.base.BasePeriod_ESTest22 (25ms / 36):
    [junit] MAJOR: 358763 (12 / 36 / 36) -> AVG-RTPM: 197ms
    [junit] MAJOR: Mutants killed / live: 134 (9-238-0) / 147
    [junit] MAJOR: ------------------------------------------------------------
    [junit] MAJOR: 13/30 - org.joda.time.base.BasePeriod_ESTest13 (26ms / 62):
    [junit] MAJOR: 371594 (27 / 62 / 62) -> AVG-RTPM: 206ms
    [junit] MAJOR: Mutants killed / live: 161 (9-300-0) / 120
    [junit] MAJOR: ------------------------------------------------------------
    [junit] MAJOR: 14/30 - org.joda.time.base.BasePeriod_ESTest17 (26ms / 41):
    [junit] MAJOR: 381897 (0 / 41 / 41) -> AVG-RTPM: 251ms
    [junit] MAJOR: Mutants killed / live: 161 (9-341-0) / 120
    [junit] MAJOR: ------------------------------------------------------------
    [junit] MAJOR: 15/30 - org.joda.time.base.BasePeriod_ESTest2 (40ms / 5):
    [junit] MAJOR: 383208 (1 / 5 / 5) -> AVG-RTPM: 262ms
    [junit] MAJOR: Mutants killed / live: 162 (9-346-0) / 119
    [junit] MAJOR: ------------------------------------------------------------
    [junit] MAJOR: 16/30 - org.joda.time.base.BasePeriod_ESTest9 (40ms / 17):
    [junit] MAJOR: 386263 (13 / 17 / 17) -> AVG-RTPM: 179ms
    [junit] MAJOR: Mutants killed / live: 175 (9-363-0) / 106
    [junit] MAJOR: ------------------------------------------------------------
    [junit] MAJOR: 17/30 - org.joda.time.base.BasePeriod_ESTest20 (49ms / 48):
    [junit] MAJOR: 394594 (32 / 48 / 48) -> AVG-RTPM: 173ms
    [junit] MAJOR: Mutants killed / live: 207 (9-411-0) / 74
    [junit] MAJOR: ------------------------------------------------------------
    [junit] MAJOR: 18/30 - org.joda.time.base.BasePeriod_ESTest3 (52ms / 34):
    [junit] MAJOR: 399999 (2 / 34 / 34) -> AVG-RTPM: 158ms
    [junit] MAJOR: Mutants killed / live: 209 (9-445-0) / 72
    [junit] MAJOR: ------------------------------------------------------------
    [junit] MAJOR: 19/30 - org.joda.time.base.BasePeriod_ESTest28 (56ms / 19):
    [junit] MAJOR: 403685 (15 / 19 / 19) -> AVG-RTPM: 194ms
    [junit] MAJOR: Mutants killed / live: 224 (9-464-0) / 57
    [junit] MAJOR: ------------------------------------------------------------
    [junit] MAJOR: 20/30 - org.joda.time.base.BasePeriod_ESTest29 (57ms / 37):
    [junit] MAJOR: 410158 (25 / 37 / 37) -> AVG-RTPM: 174ms
    [junit] MAJOR: Mutants killed / live: 249 (9-501-0) / 32
    [junit] MAJOR: ------------------------------------------------------------
    [junit] MAJOR: 21/30 - org.joda.time.base.BasePeriod_ESTest10 (59ms / 20):
    [junit] MAJOR: 413641 (5 / 20 / 20) -> AVG-RTPM: 174ms
    [junit] MAJOR: Mutants killed / live: 254 (9-521-0) / 27
    [junit] MAJOR: ------------------------------------------------------------
    [junit] MAJOR: 22/30 - org.joda.time.base.BasePeriod_ESTest12 (59ms / 14):
    [junit] MAJOR: 416001 (0 / 14 / 14) -> AVG-RTPM: 168ms
    [junit] MAJOR: Mutants killed / live: 254 (9-535-0) / 27
    [junit] MAJOR: ------------------------------------------------------------
    [junit] MAJOR: 23/30 - org.joda.time.base.BasePeriod_ESTest26 (62ms / 29):
    [junit] MAJOR: 421169 (4 / 29 / 29) -> AVG-RTPM: 178ms
    [junit] MAJOR: Mutants killed / live: 258 (9-564-0) / 23
    [junit] MAJOR: ------------------------------------------------------------
    [junit] MAJOR: 24/30 - org.joda.time.base.BasePeriod_ESTest18 (64ms / 50):
    [junit] MAJOR: 429945 (0 / 50 / 50) -> AVG-RTPM: 175ms
    [junit] MAJOR: Mutants killed / live: 258 (9-614-0) / 23
    [junit] MAJOR: ------------------------------------------------------------
    [junit] MAJOR: 25/30 - org.joda.time.base.BasePeriod_ESTest27 (71ms / 32):
    [junit] MAJOR: 436035 (11 / 32 / 32) -> AVG-RTPM: 190ms
    [junit] MAJOR: Mutants killed / live: 269 (9-646-0) / 12
    [junit] MAJOR: ------------------------------------------------------------
    [junit] MAJOR: 26/30 - org.joda.time.base.BasePeriod_ESTest0 (72ms / 10):
    [junit] MAJOR: 437493 (3 / 10 / 10) -> AVG-RTPM: 145ms
    [junit] MAJOR: Mutants killed / live: 272 (9-656-0) / 9
    [junit] MAJOR: ------------------------------------------------------------
    [junit] MAJOR: 27/30 - org.joda.time.base.BasePeriod_ESTest1 (73ms / 36):
    [junit] MAJOR: 443496 (1 / 36 / 36) -> AVG-RTPM: 166ms
    [junit] MAJOR: Mutants killed / live: 273 (9-692-0) / 8
    [junit] MAJOR: ------------------------------------------------------------
    [junit] MAJOR: 28/30 - org.joda.time.base.BasePeriod_ESTest19 (76ms / 39):
    [junit] MAJOR: 450461 (1 / 39 / 39) -> AVG-RTPM: 178ms
    [junit] MAJOR: Mutants killed / live: 274 (9-731-0) / 7
    [junit] MAJOR: ------------------------------------------------------------
    [junit] MAJOR: 29/30 - org.joda.time.base.BasePeriod_ESTest11 (84ms / 20):
    [junit] MAJOR: 453830 (0 / 20 / 20) -> AVG-RTPM: 168ms
    [junit] MAJOR: Mutants killed / live: 274 (9-751-0) / 7
    [junit] MAJOR: ------------------------------------------------------------
    [junit] MAJOR: 30/30 - org.joda.time.base.BasePeriod_ESTest8 (88ms / 6):
    [junit] MAJOR: 455531 (2 / 6 / 6) -> AVG-RTPM: 283ms
    [junit] MAJOR: Mutants killed / live: 276 (9-757-0) / 5
    [junit] MAJOR: ------------------------------------------------------------
    [junit] MAJOR: Summary:
    [junit] MAJOR: 
    [junit] MAJOR: Analysis time:  455.5 seconds
    [junit] MAJOR: Mutation score: 98.22% (98.22%)
    [junit] MAJOR: Mutants killed / live: 276 (9-757-0) / 5
    [junit] MAJOR: Mutant executions: 873
    [junit] MAJOR: ------------------------------------------------------------
    [junit] MAJOR: Export summary of results (to summary.csv)
    [junit] MAJOR: Export mutant kill details (to /tmp/run_mutation.pl_70669_1501675184/22f/kill.csv)
    [junit] MAJOR: Export kill map (to killMap.csv)!

BUILD SUCCESSFUL
Total time: 8 minutes 27 seconds
