
init:
     [echo] -------- joda-time 2.0 --------

getjunit:

installjunit:

prepare:

static:

compile.main:

compile.zoneinfo:

joda-time.compile:

compile:
     [java] Writing zoneinfo files
     [java] Writing ZoneInfoMap

joda-time.compile.tests:
    [mkdir] Created dir: /tmp/run_mutation.pl_40157_1483656227/25f/build/tests
    [javac] Compiling 154 source files to /tmp/run_mutation.pl_40157_1483656227/25f/build/tests
    [javac] Note: Some input files use or override a deprecated API.
    [javac] Note: Recompile with -Xlint:deprecation for details.
    [javac] Note: Some input files use unchecked or unsafe operations.
    [javac] Note: Recompile with -Xlint:unchecked for details.
     [copy] Copying 2 files to /tmp/run_mutation.pl_40157_1483656227/25f/build/tests

compile.tests:

update.all.tests:

mutation.test:
     [echo] Running mutation analysis ...
    [junit] MAJOR: Mutation analysis enabled
SLF4J: Failed to load class "org.slf4j.impl.StaticLoggerBinder".
SLF4J: Defaulting to no-operation (NOP) logger implementation
SLF4J: See http://www.slf4j.org/codes.html#StaticLoggerBinder for further details.
    [junit] MAJOR: ------------------------------------------------------------
    [junit] MAJOR: Run 50 ordered tests to verify independence
    [junit] MAJOR: ------------------------------------------------------------
    [junit] MAJOR: Preprocessing time: 31.35 seconds
    [junit] MAJOR: ------------------------------------------------------------
    [junit] MAJOR: Mutants generated: 653
    [junit] MAJOR: Mutants covered:   560 (85.76%)
    [junit] MAJOR: ------------------------------------------------------------
    [junit] MAJOR: Export test map to (testMap.csv)
    [junit] MAJOR: Export coverage map to (covMap.csv)
    [junit] MAJOR: Exclude 0 mutants
    [junit] MAJOR: ------------------------------------------------------------
    [junit] MAJOR: Run mutation analysis with 50 individual tests
    [junit] MAJOR: ------------------------------------------------------------
    [junit] MAJOR: 1/50 - org.joda.time.DateTimeZone_ESTest20 (12ms / 206):
    [junit] MAJOR: 343537 (44 / 206 / 206) -> AVG-RTPM: 1667ms
    [junit] MAJOR: Mutants killed / live: 44 (11-32-1) / 516
    [junit] MAJOR: ------------------------------------------------------------
    [junit] MAJOR: 2/50 - org.joda.time.DateTimeZone_ESTest22 (12ms / 146):
    [junit] MAJOR: 366635 (113 / 146 / 146) -> AVG-RTPM: 158ms
    [junit] MAJOR: Mutants killed / live: 157 (11-178-1) / 403
    [junit] MAJOR: ------------------------------------------------------------
    [junit] MAJOR: 3/50 - org.joda.time.DateTimeZone_ESTest29 (12ms / 181):
    [junit] MAJOR: 395639 (35 / 181 / 181) -> AVG-RTPM: 160ms
    [junit] MAJOR: Mutants killed / live: 192 (11-359-1) / 368
    [junit] MAJOR: ------------------------------------------------------------
    [junit] MAJOR: 4/50 - org.joda.time.DateTimeZone_ESTest17 (13ms / 173):
    [junit] MAJOR: 423815 (19 / 173 / 173) -> AVG-RTPM: 162ms
    [junit] MAJOR: Mutants killed / live: 211 (11-532-1) / 349
    [junit] MAJOR: ------------------------------------------------------------
    [junit] MAJOR: 5/50 - org.joda.time.DateTimeZone_ESTest19 (13ms / 178):
    [junit] MAJOR: 453032 (16 / 178 / 178) -> AVG-RTPM: 164ms
    [junit] MAJOR: Mutants killed / live: 227 (11-710-1) / 333
    [junit] MAJOR: ------------------------------------------------------------
    [junit] MAJOR: 6/50 - org.joda.time.DateTimeZone_ESTest21 (13ms / 146):
    [junit] MAJOR: 476348 (0 / 146 / 146) -> AVG-RTPM: 159ms
    [junit] MAJOR: Mutants killed / live: 227 (11-856-1) / 333
    [junit] MAJOR: ------------------------------------------------------------
    [junit] MAJOR: 7/50 - org.joda.time.DateTimeZone_ESTest23 (13ms / 199):
    [junit] MAJOR: 508652 (53 / 199 / 199) -> AVG-RTPM: 162ms
    [junit] MAJOR: Mutants killed / live: 280 (11-1055-1) / 280
    [junit] MAJOR: ------------------------------------------------------------
    [junit] MAJOR: 8/50 - org.joda.time.DateTimeZone_ESTest25 (13ms / 151):
    [junit] MAJOR: 535056 (5 / 151 / 151) -> AVG-RTPM: 174ms
    [junit] MAJOR: Mutants killed / live: 285 (11-1206-1) / 275
    [junit] MAJOR: ------------------------------------------------------------
    [junit] MAJOR: 9/50 - org.joda.time.DateTimeZone_ESTest28 (13ms / 229):
    [junit] MAJOR: 571572 (30 / 229 / 229) -> AVG-RTPM: 159ms
    [junit] MAJOR: Mutants killed / live: 315 (11-1435-1) / 245
    [junit] MAJOR: ------------------------------------------------------------
    [junit] MAJOR: 10/50 - org.joda.time.DateTimeZone_ESTest34 (13ms / 149):
    [junit] MAJOR: 601631 (3 / 149 / 149) -> AVG-RTPM: 201ms
    [junit] MAJOR: Mutants killed / live: 318 (11-1584-1) / 242
    [junit] MAJOR: ------------------------------------------------------------
    [junit] MAJOR: 11/50 - org.joda.time.DateTimeZone_ESTest36 (13ms / 153):
    [junit] MAJOR: 626379 (7 / 153 / 153) -> AVG-RTPM: 161ms
    [junit] MAJOR: Mutants killed / live: 325 (11-1737-1) / 235
    [junit] MAJOR: ------------------------------------------------------------
    [junit] MAJOR: 12/50 - org.joda.time.DateTimeZone_ESTest40 (13ms / 287):
    [junit] MAJOR: 673782 (44 / 287 / 287) -> AVG-RTPM: 165ms
    [junit] MAJOR: Mutants killed / live: 369 (11-2024-1) / 191
    [junit] MAJOR: ------------------------------------------------------------
    [junit] MAJOR: 13/50 - org.joda.time.DateTimeZone_ESTest41 (13ms / 269):
    [junit] MAJOR: 717776 (19 / 269 / 269) -> AVG-RTPM: 163ms
    [junit] MAJOR: Mutants killed / live: 388 (11-2293-1) / 172
    [junit] MAJOR: ------------------------------------------------------------
    [junit] MAJOR: 14/50 - org.joda.time.DateTimeZone_ESTest45 (13ms / 309):
    [junit] MAJOR: 768694 (44 / 309 / 309) -> AVG-RTPM: 164ms
    [junit] MAJOR: Mutants killed / live: 432 (11-2602-1) / 128
    [junit] MAJOR: ------------------------------------------------------------
    [junit] MAJOR: 15/50 - org.joda.time.DateTimeZone_ESTest49 (13ms / 155):
    [junit] MAJOR: 802221 (9 / 155 / 155) -> AVG-RTPM: 216ms
    [junit] MAJOR: Mutants killed / live: 441 (11-2757-1) / 119
    [junit] MAJOR: ------------------------------------------------------------
    [junit] MAJOR: 16/50 - org.joda.time.DateTimeZone_ESTest5 (13ms / 146):
    [junit] MAJOR: 827752 (0 / 146 / 146) -> AVG-RTPM: 174ms
    [junit] MAJOR: Mutants killed / live: 441 (11-2903-1) / 119
    [junit] MAJOR: ------------------------------------------------------------
    [junit] MAJOR: 17/50 - org.joda.time.DateTimeZone_ESTest13 (14ms / 146):
    [junit] MAJOR: 852238 (0 / 146 / 146) -> AVG-RTPM: 167ms
    [junit] MAJOR: Mutants killed / live: 441 (11-3049-1) / 119
    [junit] MAJOR: ------------------------------------------------------------
    [junit] MAJOR: 18/50 - org.joda.time.DateTimeZone_ESTest27 (14ms / 302):
    [junit] MAJOR: 903630 (4 / 302 / 302) -> AVG-RTPM: 170ms
    [junit] MAJOR: Mutants killed / live: 445 (11-3351-1) / 115
    [junit] MAJOR: ------------------------------------------------------------
    [junit] MAJOR: 19/50 - org.joda.time.DateTimeZone_ESTest3 (14ms / 151):
    [junit] MAJOR: 930392 (5 / 151 / 151) -> AVG-RTPM: 177ms
    [junit] MAJOR: Mutants killed / live: 450 (11-3502-1) / 110
    [junit] MAJOR: ------------------------------------------------------------
    [junit] MAJOR: 20/50 - org.joda.time.DateTimeZone_ESTest30 (14ms / 239):
    [junit] MAJOR: 970880 (6 / 239 / 239) -> AVG-RTPM: 169ms
    [junit] MAJOR: Mutants killed / live: 456 (11-3741-1) / 104
    [junit] MAJOR: ------------------------------------------------------------
    [junit] MAJOR: 21/50 - org.joda.time.DateTimeZone_ESTest35 (14ms / 153):
    [junit] MAJOR: 996985 (0 / 153 / 153) -> AVG-RTPM: 170ms
    [junit] MAJOR: Mutants killed / live: 456 (11-3894-1) / 104
    [junit] MAJOR: ------------------------------------------------------------
    [junit] MAJOR: 22/50 - org.joda.time.DateTimeZone_ESTest38 (14ms / 180):
    [junit] MAJOR: 1033797 (28 / 180 / 180) -> AVG-RTPM: 204ms
    [junit] MAJOR: Mutants killed / live: 484 (11-4074-1) / 76
    [junit] MAJOR: ------------------------------------------------------------
    [junit] MAJOR: 23/50 - org.joda.time.DateTimeZone_ESTest39 (14ms / 173):
    [junit] MAJOR: 1063378 (7 / 173 / 173) -> AVG-RTPM: 170ms
    [junit] MAJOR: Mutants killed / live: 491 (11-4247-1) / 69
    [junit] MAJOR: ------------------------------------------------------------
    [junit] MAJOR: 24/50 - org.joda.time.DateTimeZone_ESTest4 (14ms / 152):
    [junit] MAJOR: 1089611 (6 / 152 / 152) -> AVG-RTPM: 172ms
    [junit] MAJOR: Mutants killed / live: 497 (11-4399-1) / 63
    [junit] MAJOR: ------------------------------------------------------------
    [junit] MAJOR: 25/50 - org.joda.time.DateTimeZone_ESTest43 (14ms / 190):
    [junit] MAJOR: 1122120 (11 / 190 / 190) -> AVG-RTPM: 171ms
    [junit] MAJOR: Mutants killed / live: 508 (11-4589-1) / 52
    [junit] MAJOR: ------------------------------------------------------------
    [junit] MAJOR: 26/50 - org.joda.time.DateTimeZone_ESTest46 (14ms / 280):
    [junit] MAJOR: 1170319 (0 / 280 / 280) -> AVG-RTPM: 172ms
    [junit] MAJOR: Mutants killed / live: 508 (11-4869-1) / 52
    [junit] MAJOR: ------------------------------------------------------------
    [junit] MAJOR: 27/50 - org.joda.time.DateTimeZone_ESTest48 (14ms / 149):
    [junit] MAJOR: 1196483 (1 / 149 / 149) -> AVG-RTPM: 175ms
    [junit] MAJOR: Mutants killed / live: 509 (11-5018-1) / 51
    [junit] MAJOR: ------------------------------------------------------------
    [junit] MAJOR: 28/50 - org.joda.time.DateTimeZone_ESTest6 (14ms / 268):
    [junit] MAJOR: 1243537 (0 / 268 / 268) -> AVG-RTPM: 174ms
    [junit] MAJOR: Mutants killed / live: 509 (11-5286-1) / 51
    [junit] MAJOR: ------------------------------------------------------------
    [junit] MAJOR: 29/50 - org.joda.time.DateTimeZone_ESTest8 (14ms / 146):
    [junit] MAJOR: 1269137 (0 / 146 / 146) -> AVG-RTPM: 175ms
    [junit] MAJOR: Mutants killed / live: 509 (11-5432-1) / 51
    [junit] MAJOR: ------------------------------------------------------------
    [junit] MAJOR: 30/50 - org.joda.time.DateTimeZone_ESTest14 (15ms / 146):
    [junit] MAJOR: 1294746 (0 / 146 / 146) -> AVG-RTPM: 175ms
    [junit] MAJOR: Mutants killed / live: 509 (11-5578-1) / 51
    [junit] MAJOR: ------------------------------------------------------------
    [junit] MAJOR: 31/50 - org.joda.time.DateTimeZone_ESTest15 (15ms / 157):
    [junit] MAJOR: 1322310 (0 / 157 / 157) -> AVG-RTPM: 175ms
    [junit] MAJOR: Mutants killed / live: 509 (11-5735-1) / 51
    [junit] MAJOR: ------------------------------------------------------------
    [junit] MAJOR: 32/50 - org.joda.time.DateTimeZone_ESTest16 (15ms / 257):
    [junit] MAJOR: 1367843 (10 / 257 / 257) -> AVG-RTPM: 177ms
    [junit] MAJOR: Mutants killed / live: 519 (11-5992-1) / 41
    [junit] MAJOR: ------------------------------------------------------------
    [junit] MAJOR: 33/50 - org.joda.time.DateTimeZone_ESTest24 (15ms / 151):
    [junit] MAJOR: 1394219 (0 / 151 / 151) -> AVG-RTPM: 174ms
    [junit] MAJOR: Mutants killed / live: 519 (11-6143-1) / 41
    [junit] MAJOR: ------------------------------------------------------------
    [junit] MAJOR: 34/50 - org.joda.time.DateTimeZone_ESTest37 (15ms / 188):
    [junit] MAJOR: 1427512 (15 / 188 / 188) -> AVG-RTPM: 177ms
    [junit] MAJOR: Mutants killed / live: 534 (11-6331-1) / 26
    [junit] MAJOR: ------------------------------------------------------------
    [junit] MAJOR: 35/50 - org.joda.time.DateTimeZone_ESTest47 (15ms / 153):
    [junit] MAJOR: 1455325 (1 / 153 / 153) -> AVG-RTPM: 181ms
    [junit] MAJOR: Mutants killed / live: 535 (11-6484-1) / 25
    [junit] MAJOR: ------------------------------------------------------------
    [junit] MAJOR: 36/50 - org.joda.time.DateTimeZone_ESTest1 (16ms / 156):
    [junit] MAJOR: 1483713 (4 / 156 / 156) -> AVG-RTPM: 181ms
    [junit] MAJOR: Mutants killed / live: 539 (11-6640-1) / 21
    [junit] MAJOR: ------------------------------------------------------------
    [junit] MAJOR: 37/50 - org.joda.time.DateTimeZone_ESTest10 (16ms / 146):
    [junit] MAJOR: 1510053 (0 / 146 / 146) -> AVG-RTPM: 180ms
    [junit] MAJOR: Mutants killed / live: 539 (11-6786-1) / 21
    [junit] MAJOR: ------------------------------------------------------------
    [junit] MAJOR: 38/50 - org.joda.time.DateTimeZone_ESTest12 (16ms / 153):
    [junit] MAJOR: 1538217 (7 / 153 / 153) -> AVG-RTPM: 184ms
    [junit] MAJOR: Mutants killed / live: 546 (11-6939-1) / 14
    [junit] MAJOR: ------------------------------------------------------------
    [junit] MAJOR: 39/50 - org.joda.time.DateTimeZone_ESTest26 (16ms / 151):
    [junit] MAJOR: 1565898 (0 / 151 / 151) -> AVG-RTPM: 183ms
    [junit] MAJOR: Mutants killed / live: 546 (11-7090-1) / 14
    [junit] MAJOR: ------------------------------------------------------------
    [junit] MAJOR: 40/50 - org.joda.time.DateTimeZone_ESTest11 (17ms / 244):
    [junit] MAJOR: 1617215 (1 / 244 / 244) -> AVG-RTPM: 210ms
    [junit] MAJOR: Mutants killed / live: 547 (11-7334-1) / 13
    [junit] MAJOR: ------------------------------------------------------------
    [junit] MAJOR: 41/50 - org.joda.time.DateTimeZone_ESTest18 (17ms / 196):
    [junit] MAJOR: 1652983 (0 / 196 / 196) -> AVG-RTPM: 182ms
    [junit] MAJOR: Mutants killed / live: 547 (11-7530-1) / 13
    [junit] MAJOR: ------------------------------------------------------------
    [junit] MAJOR: 42/50 - org.joda.time.DateTimeZone_ESTest31 (17ms / 199):
    [junit] MAJOR: 1689245 (0 / 199 / 199) -> AVG-RTPM: 182ms
    [junit] MAJOR: Mutants killed / live: 547 (11-7729-1) / 13
    [junit] MAJOR: ------------------------------------------------------------
    [junit] MAJOR: 43/50 - org.joda.time.DateTimeZone_ESTest42 (17ms / 179):
    [junit] MAJOR: 1721299 (0 / 179 / 179) -> AVG-RTPM: 179ms
    [junit] MAJOR: Mutants killed / live: 547 (11-7908-1) / 13
    [junit] MAJOR: ------------------------------------------------------------
    [junit] MAJOR: 44/50 - org.joda.time.DateTimeZone_ESTest32 (18ms / 155):
    [junit] MAJOR: 1749225 (9 / 155 / 155) -> AVG-RTPM: 180ms
    [junit] MAJOR: Mutants killed / live: 556 (11-8063-1) / 4
    [junit] MAJOR: ------------------------------------------------------------
    [junit] MAJOR: 45/50 - org.joda.time.DateTimeZone_ESTest44 (21ms / 157):
    [junit] MAJOR: 1778636 (0 / 157 / 157) -> AVG-RTPM: 187ms
    [junit] MAJOR: Mutants killed / live: 556 (11-8220-1) / 4
    [junit] MAJOR: ------------------------------------------------------------
    [junit] MAJOR: 46/50 - org.joda.time.DateTimeZone_ESTest2 (22ms / 146):
    [junit] MAJOR: 1806055 (0 / 146 / 146) -> AVG-RTPM: 187ms
    [junit] MAJOR: Mutants killed / live: 556 (11-8366-1) / 4
    [junit] MAJOR: ------------------------------------------------------------
    [junit] MAJOR: 47/50 - org.joda.time.DateTimeZone_ESTest33 (24ms / 202):
    [junit] MAJOR: 1843638 (0 / 202 / 202) -> AVG-RTPM: 186ms
    [junit] MAJOR: Mutants killed / live: 556 (11-8568-1) / 4
    [junit] MAJOR: ------------------------------------------------------------
    [junit] MAJOR: 48/50 - org.joda.time.DateTimeZone_ESTest7 (33ms / 146):
    [junit] MAJOR: 1871159 (0 / 146 / 146) -> AVG-RTPM: 188ms
    [junit] MAJOR: Mutants killed / live: 556 (11-8714-1) / 4
    [junit] MAJOR: ------------------------------------------------------------
    [junit] MAJOR: 49/50 - org.joda.time.DateTimeZone_ESTest9 (42ms / 240):
    [junit] MAJOR: 1916715 (1 / 240 / 240) -> AVG-RTPM: 189ms
    [junit] MAJOR: Mutants killed / live: 557 (11-8954-1) / 3
    [junit] MAJOR: ------------------------------------------------------------
    [junit] MAJOR: 50/50 - org.joda.time.DateTimeZone_ESTest0 (44ms / 147):
    [junit] MAJOR: 1944998 (1 / 147 / 147) -> AVG-RTPM: 192ms
    [junit] MAJOR: Mutants killed / live: 558 (11-9101-1) / 2
    [junit] MAJOR: ------------------------------------------------------------
    [junit] MAJOR: Summary:
    [junit] MAJOR: 
    [junit] MAJOR: Analysis time:  1945.0 seconds
    [junit] MAJOR: Mutation score: 85.45% (99.64%)
    [junit] MAJOR: Mutants killed / live: 558 (11-9101-1) / 2
    [junit] MAJOR: Mutant executions: 9275
    [junit] MAJOR: ------------------------------------------------------------
    [junit] MAJOR: Export summary of results (to summary.csv)
    [junit] MAJOR: Export mutant kill details (to /tmp/run_mutation.pl_40157_1483656227/25f/kill.csv)
    [junit] MAJOR: Export kill map (to killMap.csv)!

BUILD SUCCESSFUL
Total time: 33 minutes 2 seconds
