
init:
     [echo] -------- joda-time 2.0 --------

getjunit:

installjunit:

prepare:

static:

compile.main:

compile.zoneinfo:

joda-time.compile:

compile:
     [java] Writing zoneinfo files
     [java] Writing ZoneInfoMap

joda-time.compile.tests:
    [mkdir] Created dir: /tmp/run_mutation.pl_122602_1501390793/25f/build/tests
    [javac] Compiling 154 source files to /tmp/run_mutation.pl_122602_1501390793/25f/build/tests
    [javac] Note: Some input files use or override a deprecated API.
    [javac] Note: Recompile with -Xlint:deprecation for details.
    [javac] Note: Some input files use unchecked or unsafe operations.
    [javac] Note: Recompile with -Xlint:unchecked for details.
     [copy] Copying 2 files to /tmp/run_mutation.pl_122602_1501390793/25f/build/tests

compile.tests:

update.all.tests:

mutation.test:
     [echo] Running mutation analysis ...
    [junit] MAJOR: Mutation analysis enabled
SLF4J: Failed to load class "org.slf4j.impl.StaticLoggerBinder".
SLF4J: Defaulting to no-operation (NOP) logger implementation
SLF4J: See http://www.slf4j.org/codes.html#StaticLoggerBinder for further details.
    [junit] MAJOR: ------------------------------------------------------------
    [junit] MAJOR: Run 48 ordered tests to verify independence
    [junit] MAJOR: ------------------------------------------------------------
    [junit] MAJOR: Preprocessing time: 41.05 seconds
    [junit] MAJOR: ------------------------------------------------------------
    [junit] MAJOR: Mutants generated: 653
    [junit] MAJOR: Mutants covered:   605 (92.65%)
    [junit] MAJOR: ------------------------------------------------------------
    [junit] MAJOR: Export test map to (testMap.csv)
    [junit] MAJOR: Export coverage map to (covMap.csv)
    [junit] MAJOR: Exclude 0 mutants
    [junit] MAJOR: ------------------------------------------------------------
    [junit] MAJOR: Run mutation analysis with 48 individual tests
    [junit] MAJOR: ------------------------------------------------------------
    [junit] MAJOR: 1/48 - org.joda.time.DateTimeZone_ESTest31 (13ms / 271):
    [junit] MAJOR: 513490 (103 / 271 / 271) -> AVG-RTPM: 1894ms
    [junit] MAJOR: Mutants killed / live: 103 (17-86-0) / 502
    [junit] MAJOR: ------------------------------------------------------------
    [junit] MAJOR: 2/48 - org.joda.time.DateTimeZone_ESTest33 (13ms / 149):
    [junit] MAJOR: 547374 (131 / 149 / 149) -> AVG-RTPM: 227ms
    [junit] MAJOR: Mutants killed / live: 234 (17-235-0) / 371
    [junit] MAJOR: ------------------------------------------------------------
    [junit] MAJOR: 3/48 - org.joda.time.DateTimeZone_ESTest34 (13ms / 149):
    [junit] MAJOR: 581201 (0 / 149 / 149) -> AVG-RTPM: 227ms
    [junit] MAJOR: Mutants killed / live: 234 (17-384-0) / 371
    [junit] MAJOR: ------------------------------------------------------------
    [junit] MAJOR: 4/48 - org.joda.time.DateTimeZone_ESTest6 (13ms / 173):
    [junit] MAJOR: 620279 (17 / 173 / 173) -> AVG-RTPM: 225ms
    [junit] MAJOR: Mutants killed / live: 251 (17-557-0) / 354
    [junit] MAJOR: ------------------------------------------------------------
    [junit] MAJOR: 5/48 - org.joda.time.DateTimeZone_ESTest7 (13ms / 146):
    [junit] MAJOR: 652552 (0 / 146 / 146) -> AVG-RTPM: 221ms
    [junit] MAJOR: Mutants killed / live: 251 (17-703-0) / 354
    [junit] MAJOR: ------------------------------------------------------------
    [junit] MAJOR: 6/48 - org.joda.time.DateTimeZone_ESTest39 (14ms / 255):
    [junit] MAJOR: 709895 (56 / 255 / 255) -> AVG-RTPM: 224ms
    [junit] MAJOR: Mutants killed / live: 307 (17-958-0) / 298
    [junit] MAJOR: ------------------------------------------------------------
    [junit] MAJOR: 7/48 - org.joda.time.DateTimeZone_ESTest40 (14ms / 298):
    [junit] MAJOR: 778277 (35 / 298 / 298) -> AVG-RTPM: 229ms
    [junit] MAJOR: Mutants killed / live: 342 (17-1256-0) / 263
    [junit] MAJOR: ------------------------------------------------------------
    [junit] MAJOR: 8/48 - org.joda.time.DateTimeZone_ESTest47 (14ms / 155):
    [junit] MAJOR: 819348 (9 / 155 / 155) -> AVG-RTPM: 264ms
    [junit] MAJOR: Mutants killed / live: 351 (17-1411-0) / 254
    [junit] MAJOR: ------------------------------------------------------------
    [junit] MAJOR: 9/48 - org.joda.time.DateTimeZone_ESTest8 (14ms / 243):
    [junit] MAJOR: 874979 (36 / 243 / 243) -> AVG-RTPM: 228ms
    [junit] MAJOR: Mutants killed / live: 387 (17-1654-0) / 218
    [junit] MAJOR: ------------------------------------------------------------
    [junit] MAJOR: 10/48 - org.joda.time.DateTimeZone_ESTest17 (15ms / 187):
    [junit] MAJOR: 917535 (0 / 187 / 187) -> AVG-RTPM: 227ms
    [junit] MAJOR: Mutants killed / live: 387 (17-1841-0) / 218
    [junit] MAJOR: ------------------------------------------------------------
    [junit] MAJOR: 11/48 - org.joda.time.DateTimeZone_ESTest18 (15ms / 146):
    [junit] MAJOR: 950516 (0 / 146 / 146) -> AVG-RTPM: 225ms
    [junit] MAJOR: Mutants killed / live: 387 (17-1987-0) / 218
    [junit] MAJOR: ------------------------------------------------------------
    [junit] MAJOR: 12/48 - org.joda.time.DateTimeZone_ESTest21 (15ms / 296):
    [junit] MAJOR: 1018069 (7 / 296 / 296) -> AVG-RTPM: 228ms
    [junit] MAJOR: Mutants killed / live: 394 (17-2283-0) / 211
    [junit] MAJOR: ------------------------------------------------------------
    [junit] MAJOR: 13/48 - org.joda.time.DateTimeZone_ESTest23 (15ms / 151):
    [junit] MAJOR: 1055115 (5 / 151 / 151) -> AVG-RTPM: 245ms
    [junit] MAJOR: Mutants killed / live: 399 (17-2434-0) / 206
    [junit] MAJOR: ------------------------------------------------------------
    [junit] MAJOR: 14/48 - org.joda.time.DateTimeZone_ESTest30 (15ms / 199):
    [junit] MAJOR: 1100740 (9 / 199 / 199) -> AVG-RTPM: 229ms
    [junit] MAJOR: Mutants killed / live: 408 (17-2633-0) / 197
    [junit] MAJOR: ------------------------------------------------------------
    [junit] MAJOR: 15/48 - org.joda.time.DateTimeZone_ESTest4 (15ms / 170):
    [junit] MAJOR: 1148205 (16 / 170 / 170) -> AVG-RTPM: 279ms
    [junit] MAJOR: Mutants killed / live: 424 (17-2803-0) / 181
    [junit] MAJOR: ------------------------------------------------------------
    [junit] MAJOR: 16/48 - org.joda.time.DateTimeZone_ESTest41 (15ms / 266):
    [junit] MAJOR: 1203017 (0 / 266 / 266) -> AVG-RTPM: 206ms
    [junit] MAJOR: Mutants killed / live: 424 (17-3069-0) / 181
    [junit] MAJOR: ------------------------------------------------------------
    [junit] MAJOR: 17/48 - org.joda.time.DateTimeZone_ESTest15 (16ms / 146):
    [junit] MAJOR: 1236027 (0 / 146 / 146) -> AVG-RTPM: 226ms
    [junit] MAJOR: Mutants killed / live: 424 (17-3215-0) / 181
    [junit] MAJOR: ------------------------------------------------------------
    [junit] MAJOR: 18/48 - org.joda.time.DateTimeZone_ESTest16 (16ms / 187):
    [junit] MAJOR: 1277705 (0 / 187 / 187) -> AVG-RTPM: 222ms
    [junit] MAJOR: Mutants killed / live: 424 (17-3402-0) / 181
    [junit] MAJOR: ------------------------------------------------------------
    [junit] MAJOR: 19/48 - org.joda.time.DateTimeZone_ESTest22 (16ms / 260):
    [junit] MAJOR: 1336984 (13 / 260 / 260) -> AVG-RTPM: 227ms
    [junit] MAJOR: Mutants killed / live: 437 (17-3662-0) / 168
    [junit] MAJOR: ------------------------------------------------------------
    [junit] MAJOR: 20/48 - org.joda.time.DateTimeZone_ESTest25 (16ms / 151):
    [junit] MAJOR: 1371843 (5 / 151 / 151) -> AVG-RTPM: 230ms
    [junit] MAJOR: Mutants killed / live: 442 (17-3813-0) / 163
    [junit] MAJOR: ------------------------------------------------------------
    [junit] MAJOR: 21/48 - org.joda.time.DateTimeZone_ESTest26 (16ms / 147):
    [junit] MAJOR: 1406358 (0 / 147 / 147) -> AVG-RTPM: 234ms
    [junit] MAJOR: Mutants killed / live: 442 (17-3960-0) / 163
    [junit] MAJOR: ------------------------------------------------------------
    [junit] MAJOR: 22/48 - org.joda.time.DateTimeZone_ESTest42 (16ms / 190):
    [junit] MAJOR: 1450994 (44 / 190 / 190) -> AVG-RTPM: 234ms
    [junit] MAJOR: Mutants killed / live: 486 (17-4150-0) / 119
    [junit] MAJOR: ------------------------------------------------------------
    [junit] MAJOR: 23/48 - org.joda.time.DateTimeZone_ESTest5 (16ms / 146):
    [junit] MAJOR: 1484901 (0 / 146 / 146) -> AVG-RTPM: 232ms
    [junit] MAJOR: Mutants killed / live: 486 (17-4296-0) / 119
    [junit] MAJOR: ------------------------------------------------------------
    [junit] MAJOR: 24/48 - org.joda.time.DateTimeZone_ESTest13 (17ms / 153):
    [junit] MAJOR: 1522058 (7 / 153 / 153) -> AVG-RTPM: 242ms
    [junit] MAJOR: Mutants killed / live: 493 (17-4449-0) / 112
    [junit] MAJOR: ------------------------------------------------------------
    [junit] MAJOR: 25/48 - org.joda.time.DateTimeZone_ESTest14 (18ms / 146):
    [junit] MAJOR: 1556231 (0 / 146 / 146) -> AVG-RTPM: 234ms
    [junit] MAJOR: Mutants killed / live: 493 (17-4595-0) / 112
    [junit] MAJOR: ------------------------------------------------------------
    [junit] MAJOR: 26/48 - org.joda.time.DateTimeZone_ESTest19 (18ms / 172):
    [junit] MAJOR: 1597060 (0 / 172 / 172) -> AVG-RTPM: 237ms
    [junit] MAJOR: Mutants killed / live: 493 (17-4767-0) / 112
    [junit] MAJOR: ------------------------------------------------------------
    [junit] MAJOR: 27/48 - org.joda.time.DateTimeZone_ESTest9 (18ms / 147):
    [junit] MAJOR: 1632313 (0 / 147 / 147) -> AVG-RTPM: 239ms
    [junit] MAJOR: Mutants killed / live: 493 (17-4914-0) / 112
    [junit] MAJOR: ------------------------------------------------------------
    [junit] MAJOR: 28/48 - org.joda.time.DateTimeZone_ESTest20 (19ms / 199):
    [junit] MAJOR: 1680272 (0 / 199 / 199) -> AVG-RTPM: 241ms
    [junit] MAJOR: Mutants killed / live: 493 (17-5113-0) / 112
    [junit] MAJOR: ------------------------------------------------------------
    [junit] MAJOR: 29/48 - org.joda.time.DateTimeZone_ESTest24 (19ms / 151):
    [junit] MAJOR: 1717809 (0 / 151 / 151) -> AVG-RTPM: 248ms
    [junit] MAJOR: Mutants killed / live: 493 (17-5264-0) / 112
    [junit] MAJOR: ------------------------------------------------------------
    [junit] MAJOR: 30/48 - org.joda.time.DateTimeZone_ESTest27 (19ms / 229):
    [junit] MAJOR: 1772713 (0 / 229 / 229) -> AVG-RTPM: 239ms
    [junit] MAJOR: Mutants killed / live: 493 (17-5493-0) / 112
    [junit] MAJOR: ------------------------------------------------------------
    [junit] MAJOR: 31/48 - org.joda.time.DateTimeZone_ESTest28 (19ms / 181):
    [junit] MAJOR: 1816188 (0 / 181 / 181) -> AVG-RTPM: 240ms
    [junit] MAJOR: Mutants killed / live: 493 (17-5674-0) / 112
    [junit] MAJOR: ------------------------------------------------------------
    [junit] MAJOR: 32/48 - org.joda.time.DateTimeZone_ESTest46 (19ms / 153):
    [junit] MAJOR: 1853516 (1 / 153 / 153) -> AVG-RTPM: 243ms
    [junit] MAJOR: Mutants killed / live: 494 (17-5827-0) / 111
    [junit] MAJOR: ------------------------------------------------------------
    [junit] MAJOR: 33/48 - org.joda.time.DateTimeZone_ESTest32 (20ms / 199):
    [junit] MAJOR: 1901390 (3 / 199 / 199) -> AVG-RTPM: 240ms
    [junit] MAJOR: Mutants killed / live: 497 (17-6026-0) / 108
    [junit] MAJOR: ------------------------------------------------------------
    [junit] MAJOR: 34/48 - org.joda.time.DateTimeZone_ESTest35 (20ms / 153):
    [junit] MAJOR: 1938073 (7 / 153 / 153) -> AVG-RTPM: 239ms
    [junit] MAJOR: Mutants killed / live: 504 (17-6179-0) / 101
    [junit] MAJOR: ------------------------------------------------------------
    [junit] MAJOR: 35/48 - org.joda.time.DateTimeZone_ESTest45 (20ms / 190):
    [junit] MAJOR: 1983832 (11 / 190 / 190) -> AVG-RTPM: 240ms
    [junit] MAJOR: Mutants killed / live: 515 (17-6369-0) / 90
    [junit] MAJOR: ------------------------------------------------------------
    [junit] MAJOR: 36/48 - org.joda.time.DateTimeZone_ESTest1 (21ms / 156):
    [junit] MAJOR: 2022122 (1 / 156 / 156) -> AVG-RTPM: 245ms
    [junit] MAJOR: Mutants killed / live: 516 (17-6525-0) / 89
    [junit] MAJOR: ------------------------------------------------------------
    [junit] MAJOR: 37/48 - org.joda.time.DateTimeZone_ESTest3 (21ms / 146):
    [junit] MAJOR: 2057655 (0 / 146 / 146) -> AVG-RTPM: 243ms
    [junit] MAJOR: Mutants killed / live: 516 (17-6671-0) / 89
    [junit] MAJOR: ------------------------------------------------------------
    [junit] MAJOR: 38/48 - org.joda.time.DateTimeZone_ESTest43 (27ms / 157):
    [junit] MAJOR: 2096197 (0 / 157 / 157) -> AVG-RTPM: 245ms
    [junit] MAJOR: Mutants killed / live: 516 (17-6828-0) / 89
    [junit] MAJOR: ------------------------------------------------------------
    [junit] MAJOR: 39/48 - org.joda.time.DateTimeZone_ESTest0 (28ms / 147):
    [junit] MAJOR: 2131468 (1 / 147 / 147) -> AVG-RTPM: 239ms
    [junit] MAJOR: Mutants killed / live: 517 (17-6975-0) / 88
    [junit] MAJOR: ------------------------------------------------------------
    [junit] MAJOR: 40/48 - org.joda.time.DateTimeZone_ESTest36 (29ms / 272):
    [junit] MAJOR: 2196617 (0 / 272 / 272) -> AVG-RTPM: 239ms
    [junit] MAJOR: Mutants killed / live: 517 (17-7247-0) / 88
    [junit] MAJOR: ------------------------------------------------------------
    [junit] MAJOR: 41/48 - org.joda.time.DateTimeZone_ESTest38 (31ms / 166):
    [junit] MAJOR: 2233888 (20 / 166 / 166) -> AVG-RTPM: 224ms
    [junit] MAJOR: Mutants killed / live: 537 (17-7413-0) / 68
    [junit] MAJOR: ------------------------------------------------------------
    [junit] MAJOR: 42/48 - org.joda.time.DateTimeZone_ESTest37 (33ms / 188):
    [junit] MAJOR: 2275152 (22 / 188 / 188) -> AVG-RTPM: 219ms
    [junit] MAJOR: Mutants killed / live: 559 (17-7601-0) / 46
    [junit] MAJOR: ------------------------------------------------------------
    [junit] MAJOR: 43/48 - org.joda.time.DateTimeZone_ESTest10 (40ms / 156):
    [junit] MAJOR: 2310334 (1 / 156 / 156) -> AVG-RTPM: 225ms
    [junit] MAJOR: Mutants killed / live: 560 (17-7757-0) / 45
    [junit] MAJOR: ------------------------------------------------------------
    [junit] MAJOR: 44/48 - org.joda.time.DateTimeZone_ESTest11 (44ms / 146):
    [junit] MAJOR: 2344047 (0 / 146 / 146) -> AVG-RTPM: 230ms
    [junit] MAJOR: Mutants killed / live: 560 (17-7903-0) / 45
    [junit] MAJOR: ------------------------------------------------------------
    [junit] MAJOR: 45/48 - org.joda.time.DateTimeZone_ESTest2 (45ms / 151):
    [junit] MAJOR: 2381660 (0 / 151 / 151) -> AVG-RTPM: 249ms
    [junit] MAJOR: Mutants killed / live: 560 (17-8054-0) / 45
    [junit] MAJOR: ------------------------------------------------------------
    [junit] MAJOR: 46/48 - org.joda.time.DateTimeZone_ESTest29 (46ms / 271):
    [junit] MAJOR: 2445369 (0 / 271 / 271) -> AVG-RTPM: 235ms
    [junit] MAJOR: Mutants killed / live: 560 (17-8325-0) / 45
    [junit] MAJOR: ------------------------------------------------------------
    [junit] MAJOR: 47/48 - org.joda.time.DateTimeZone_ESTest12 (59ms / 154):
    [junit] MAJOR: 2488508 (1 / 154 / 154) -> AVG-RTPM: 280ms
    [junit] MAJOR: Mutants killed / live: 561 (17-8479-0) / 44
    [junit] MAJOR: ------------------------------------------------------------
    [junit] MAJOR: 48/48 - org.joda.time.DateTimeZone_ESTest44 (61ms / 234):
    [junit] MAJOR: 2545671 (44 / 234 / 234) -> AVG-RTPM: 244ms
    [junit] MAJOR: Mutants killed / live: 605 (17-8713-0) / 0
    [junit] MAJOR: ------------------------------------------------------------
    [junit] MAJOR: Summary:
    [junit] MAJOR: 
    [junit] MAJOR: Analysis time:  2545.7 seconds
    [junit] MAJOR: Mutation score: 92.65% (100.00%)
    [junit] MAJOR: Mutants killed / live: 605 (17-8713-0) / 0
    [junit] MAJOR: Mutant executions: 8898
    [junit] MAJOR: ------------------------------------------------------------
    [junit] MAJOR: Export summary of results (to summary.csv)
    [junit] MAJOR: Export mutant kill details (to /tmp/run_mutation.pl_122602_1501390793/25f/kill.csv)
    [junit] MAJOR: Export kill map (to killMap.csv)!

BUILD SUCCESSFUL
Total time: 43 minutes 17 seconds
