
test-offline:

get-deps:

joda-time-from-maven.compile:
    [javac] /tmp/run_mutation.pl_7504_1501644141/2f/maven-build.xml:77: warning: 'includeantruntime' was not set, defaulting to build.sysclasspath=last; set to false for repeatable builds

joda-time.compile:

compile:
     [java] Writing zoneinfo files
     [java] Writing ZoneInfoMap

joda-time-from-maven.compile-tests:
    [mkdir] Created dir: /tmp/run_mutation.pl_7504_1501644141/2f/target/test-classes
    [javac] /tmp/run_mutation.pl_7504_1501644141/2f/maven-build.xml:114: warning: 'includeantruntime' was not set, defaulting to build.sysclasspath=last; set to false for repeatable builds
    [javac] Compiling 155 source files to /tmp/run_mutation.pl_7504_1501644141/2f/target/test-classes
    [javac] warning: [options] bootstrap class path not set in conjunction with -source 1.5
    [javac] /tmp/run_mutation.pl_7504_1501644141/2f/src/test/java/org/joda/time/chrono/TestGJChronology.java:24: warning: [deprecation] DateMidnight in org.joda.time has been deprecated
    [javac] import org.joda.time.DateMidnight;
    [javac]                     ^
    [javac] /tmp/run_mutation.pl_7504_1501644141/2f/src/test/java/org/joda/time/chrono/TestGJChronology.java:34: warning: [deprecation] TimeOfDay in org.joda.time has been deprecated
    [javac] import org.joda.time.TimeOfDay;
    [javac]                     ^
    [javac] /tmp/run_mutation.pl_7504_1501644141/2f/src/test/java/org/joda/time/chrono/TestGJChronology.java:35: warning: [deprecation] YearMonthDay in org.joda.time has been deprecated
    [javac] import org.joda.time.YearMonthDay;
    [javac]                     ^
    [javac] /tmp/run_mutation.pl_7504_1501644141/2f/src/test/java/org/joda/time/chrono/TestGregorianChronology.java:25: warning: [deprecation] DateMidnight in org.joda.time has been deprecated
    [javac] import org.joda.time.DateMidnight;
    [javac]                     ^
    [javac] /tmp/run_mutation.pl_7504_1501644141/2f/src/test/java/org/joda/time/chrono/TestGregorianChronology.java:29: warning: [deprecation] YearMonthDay in org.joda.time has been deprecated
    [javac] import org.joda.time.YearMonthDay;
    [javac]                     ^
    [javac] /tmp/run_mutation.pl_7504_1501644141/2f/src/test/java/org/joda/time/chrono/TestISOChronology.java:24: warning: [deprecation] DateMidnight in org.joda.time has been deprecated
    [javac] import org.joda.time.DateMidnight;
    [javac]                     ^
    [javac] /tmp/run_mutation.pl_7504_1501644141/2f/src/test/java/org/joda/time/chrono/TestISOChronology.java:34: warning: [deprecation] TimeOfDay in org.joda.time has been deprecated
    [javac] import org.joda.time.TimeOfDay;
    [javac]                     ^
    [javac] /tmp/run_mutation.pl_7504_1501644141/2f/src/test/java/org/joda/time/chrono/TestISOChronology.java:35: warning: [deprecation] YearMonthDay in org.joda.time has been deprecated
    [javac] import org.joda.time.YearMonthDay;
    [javac]                     ^
    [javac] /tmp/run_mutation.pl_7504_1501644141/2f/src/test/java/org/joda/time/convert/TestCalendarConverter.java:32: warning: [deprecation] TimeOfDay in org.joda.time has been deprecated
    [javac] import org.joda.time.TimeOfDay;
    [javac]                     ^
    [javac] /tmp/run_mutation.pl_7504_1501644141/2f/src/test/java/org/joda/time/convert/TestConverterManager.java:52: warning: [deprecation] TimeOfDay in org.joda.time has been deprecated
    [javac] import org.joda.time.TimeOfDay;
    [javac]                     ^
    [javac] /tmp/run_mutation.pl_7504_1501644141/2f/src/test/java/org/joda/time/convert/TestConverterSet.java:26: warning: [deprecation] DateMidnight in org.joda.time has been deprecated
    [javac] import org.joda.time.DateMidnight;
    [javac]                     ^
    [javac] /tmp/run_mutation.pl_7504_1501644141/2f/src/test/java/org/joda/time/convert/TestDateConverter.java:29: warning: [deprecation] TimeOfDay in org.joda.time has been deprecated
    [javac] import org.joda.time.TimeOfDay;
    [javac]                     ^
    [javac] /tmp/run_mutation.pl_7504_1501644141/2f/src/test/java/org/joda/time/convert/TestLongConverter.java:28: warning: [deprecation] TimeOfDay in org.joda.time has been deprecated
    [javac] import org.joda.time.TimeOfDay;
    [javac]                     ^
    [javac] /tmp/run_mutation.pl_7504_1501644141/2f/src/test/java/org/joda/time/convert/TestNullConverter.java:35: warning: [deprecation] TimeOfDay in org.joda.time has been deprecated
    [javac] import org.joda.time.TimeOfDay;
    [javac]                     ^
    [javac] /tmp/run_mutation.pl_7504_1501644141/2f/src/test/java/org/joda/time/convert/TestReadableInstantConverter.java:32: warning: [deprecation] TimeOfDay in org.joda.time has been deprecated
    [javac] import org.joda.time.TimeOfDay;
    [javac]                     ^
    [javac] /tmp/run_mutation.pl_7504_1501644141/2f/src/test/java/org/joda/time/convert/TestReadablePartialConverter.java:30: warning: [deprecation] TimeOfDay in org.joda.time has been deprecated
    [javac] import org.joda.time.TimeOfDay;
    [javac]                     ^
    [javac] /tmp/run_mutation.pl_7504_1501644141/2f/src/test/java/org/joda/time/convert/TestReadablePartialConverter.java:31: warning: [deprecation] YearMonthDay in org.joda.time has been deprecated
    [javac] import org.joda.time.YearMonthDay;
    [javac]                     ^
    [javac] /tmp/run_mutation.pl_7504_1501644141/2f/src/test/java/org/joda/time/convert/TestStringConverter.java:33: warning: [deprecation] TimeOfDay in org.joda.time has been deprecated
    [javac] import org.joda.time.TimeOfDay;
    [javac]                     ^
    [javac] /tmp/run_mutation.pl_7504_1501644141/2f/src/test/java/org/joda/time/field/TestBaseDateTimeField.java:29: warning: [deprecation] TimeOfDay in org.joda.time has been deprecated
    [javac] import org.joda.time.TimeOfDay;
    [javac]                     ^
    [javac] /tmp/run_mutation.pl_7504_1501644141/2f/src/test/java/org/joda/time/field/TestOffsetDateTimeField.java:27: warning: [deprecation] TimeOfDay in org.joda.time has been deprecated
    [javac] import org.joda.time.TimeOfDay;
    [javac]                     ^
    [javac] /tmp/run_mutation.pl_7504_1501644141/2f/src/test/java/org/joda/time/field/TestPreciseDateTimeField.java:27: warning: [deprecation] TimeOfDay in org.joda.time has been deprecated
    [javac] import org.joda.time.TimeOfDay;
    [javac]                     ^
    [javac] /tmp/run_mutation.pl_7504_1501644141/2f/src/test/java/org/joda/time/field/TestPreciseDurationDateTimeField.java:27: warning: [deprecation] TimeOfDay in org.joda.time has been deprecated
    [javac] import org.joda.time.TimeOfDay;
    [javac]                     ^
    [javac] /tmp/run_mutation.pl_7504_1501644141/2f/src/test/java/org/joda/time/TestDateTimeZoneCutover.java:225: warning: [deprecation] toDateMidnight(DateTimeZone) in LocalDate has been deprecated
    [javac]             date.toDateMidnight(MOCK_GAZA);
    [javac]                 ^
    [javac] /tmp/run_mutation.pl_7504_1501644141/2f/src/test/java/org/joda/time/TestDateTimeZoneCutover.java:441: warning: [deprecation] toDateMidnight(DateTimeZone) in LocalDate has been deprecated
    [javac]             date.toDateMidnight(MOCK_TURK);
    [javac]                 ^
    [javac] /tmp/run_mutation.pl_7504_1501644141/2f/src/test/java/org/joda/time/TestInstant_Basics.java:403: warning: [deprecation] toDateTimeISO() in Instant has been deprecated
    [javac]         DateTime result = test.toDateTimeISO();
    [javac]                               ^
    [javac] /tmp/run_mutation.pl_7504_1501644141/2f/src/test/java/org/joda/time/TestInstant_Basics.java:452: warning: [deprecation] toMutableDateTimeISO() in Instant has been deprecated
    [javac]         MutableDateTime result = test.toMutableDateTimeISO();
    [javac]                                      ^
    [javac] /tmp/run_mutation.pl_7504_1501644141/2f/src/test/java/org/joda/time/convert/TestCalendarConverter.java:170: warning: [deprecation] TimeOfDay in org.joda.time has been deprecated
    [javac]         TimeOfDay tod = new TimeOfDay();
    [javac]         ^
    [javac] /tmp/run_mutation.pl_7504_1501644141/2f/src/test/java/org/joda/time/convert/TestCalendarConverter.java:170: warning: [deprecation] TimeOfDay in org.joda.time has been deprecated
    [javac]         TimeOfDay tod = new TimeOfDay();
    [javac]                             ^
    [javac] /tmp/run_mutation.pl_7504_1501644141/2f/src/test/java/org/joda/time/convert/TestConverterManager.java:337: warning: [deprecation] TimeOfDay in org.joda.time has been deprecated
    [javac]         c = ConverterManager.getInstance().getPartialConverter(new TimeOfDay());
    [javac]                                                                    ^
    [javac] /tmp/run_mutation.pl_7504_1501644141/2f/src/test/java/org/joda/time/convert/TestConverterSet.java:104: warning: [deprecation] DateMidnight in org.joda.time has been deprecated
    [javac]         set.select(DateMidnight.class);
    [javac]                    ^
    [javac] /tmp/run_mutation.pl_7504_1501644141/2f/src/test/java/org/joda/time/convert/TestDateConverter.java:108: warning: [deprecation] TimeOfDay in org.joda.time has been deprecated
    [javac]         TimeOfDay tod = new TimeOfDay();
    [javac]         ^
    [javac] /tmp/run_mutation.pl_7504_1501644141/2f/src/test/java/org/joda/time/convert/TestDateConverter.java:108: warning: [deprecation] TimeOfDay in org.joda.time has been deprecated
    [javac]         TimeOfDay tod = new TimeOfDay();
    [javac]                             ^
    [javac] /tmp/run_mutation.pl_7504_1501644141/2f/src/test/java/org/joda/time/convert/TestLongConverter.java:105: warning: [deprecation] TimeOfDay in org.joda.time has been deprecated
    [javac]         TimeOfDay tod = new TimeOfDay();
    [javac]         ^
    [javac] /tmp/run_mutation.pl_7504_1501644141/2f/src/test/java/org/joda/time/convert/TestLongConverter.java:105: warning: [deprecation] TimeOfDay in org.joda.time has been deprecated
    [javac]         TimeOfDay tod = new TimeOfDay();
    [javac]                             ^
    [javac] /tmp/run_mutation.pl_7504_1501644141/2f/src/test/java/org/joda/time/convert/TestNullConverter.java:142: warning: [deprecation] TimeOfDay in org.joda.time has been deprecated
    [javac]         TimeOfDay tod = new TimeOfDay();
    [javac]         ^
    [javac] /tmp/run_mutation.pl_7504_1501644141/2f/src/test/java/org/joda/time/convert/TestNullConverter.java:142: warning: [deprecation] TimeOfDay in org.joda.time has been deprecated
    [javac]         TimeOfDay tod = new TimeOfDay();
    [javac]                             ^
    [javac] /tmp/run_mutation.pl_7504_1501644141/2f/src/test/java/org/joda/time/convert/TestReadableInstantConverter.java:136: warning: [deprecation] TimeOfDay in org.joda.time has been deprecated
    [javac]         TimeOfDay tod = new TimeOfDay();
    [javac]         ^
    [javac] /tmp/run_mutation.pl_7504_1501644141/2f/src/test/java/org/joda/time/convert/TestReadableInstantConverter.java:136: warning: [deprecation] TimeOfDay in org.joda.time has been deprecated
    [javac]         TimeOfDay tod = new TimeOfDay();
    [javac]                             ^
    [javac] /tmp/run_mutation.pl_7504_1501644141/2f/src/test/java/org/joda/time/convert/TestReadablePartialConverter.java:95: warning: [deprecation] TimeOfDay in org.joda.time has been deprecated
    [javac]         assertEquals(ISO_PARIS, ReadablePartialConverter.INSTANCE.getChronology(new TimeOfDay(123L), PARIS));
    [javac]                                                                                     ^
    [javac] /tmp/run_mutation.pl_7504_1501644141/2f/src/test/java/org/joda/time/convert/TestReadablePartialConverter.java:96: warning: [deprecation] TimeOfDay in org.joda.time has been deprecated
    [javac]         assertEquals(ISO, ReadablePartialConverter.INSTANCE.getChronology(new TimeOfDay(123L), DateTimeZone.getDefault()));
    [javac]                                                                               ^
    [javac] /tmp/run_mutation.pl_7504_1501644141/2f/src/test/java/org/joda/time/convert/TestReadablePartialConverter.java:97: warning: [deprecation] TimeOfDay in org.joda.time has been deprecated
    [javac]         assertEquals(ISO, ReadablePartialConverter.INSTANCE.getChronology(new TimeOfDay(123L), (DateTimeZone) null));
    [javac]                                                                               ^
    [javac] /tmp/run_mutation.pl_7504_1501644141/2f/src/test/java/org/joda/time/convert/TestReadablePartialConverter.java:101: warning: [deprecation] TimeOfDay in org.joda.time has been deprecated
    [javac]         assertEquals(JULIAN, ReadablePartialConverter.INSTANCE.getChronology(new TimeOfDay(123L, BUDDHIST), JULIAN));
    [javac]                                                                                  ^
    [javac] /tmp/run_mutation.pl_7504_1501644141/2f/src/test/java/org/joda/time/convert/TestReadablePartialConverter.java:102: warning: [deprecation] TimeOfDay in org.joda.time has been deprecated
    [javac]         assertEquals(JULIAN, ReadablePartialConverter.INSTANCE.getChronology(new TimeOfDay(123L), JULIAN));
    [javac]                                                                                  ^
    [javac] /tmp/run_mutation.pl_7504_1501644141/2f/src/test/java/org/joda/time/convert/TestReadablePartialConverter.java:103: warning: [deprecation] TimeOfDay in org.joda.time has been deprecated
    [javac]         assertEquals(BUDDHIST.withUTC(), ReadablePartialConverter.INSTANCE.getChronology(new TimeOfDay(123L, BUDDHIST), (Chronology) null));
    [javac]                                                                                              ^
    [javac] /tmp/run_mutation.pl_7504_1501644141/2f/src/test/java/org/joda/time/convert/TestReadablePartialConverter.java:108: warning: [deprecation] TimeOfDay in org.joda.time has been deprecated
    [javac]         TimeOfDay tod = new TimeOfDay();
    [javac]         ^
    [javac] /tmp/run_mutation.pl_7504_1501644141/2f/src/test/java/org/joda/time/convert/TestReadablePartialConverter.java:108: warning: [deprecation] TimeOfDay in org.joda.time has been deprecated
    [javac]         TimeOfDay tod = new TimeOfDay();
    [javac]                             ^
    [javac] /tmp/run_mutation.pl_7504_1501644141/2f/src/test/java/org/joda/time/convert/TestReadablePartialConverter.java:110: warning: [deprecation] TimeOfDay in org.joda.time has been deprecated
    [javac]         int[] actual = ReadablePartialConverter.INSTANCE.getPartialValues(tod, new TimeOfDay(1, 2, 3, 4), ISOChronology.getInstance(PARIS));
    [javac]                                                                                    ^
    [javac] /tmp/run_mutation.pl_7504_1501644141/2f/src/test/java/org/joda/time/convert/TestReadablePartialConverter.java:114: warning: [deprecation] YearMonthDay in org.joda.time has been deprecated
    [javac]             ReadablePartialConverter.INSTANCE.getPartialValues(tod, new YearMonthDay(2005, 6, 9), JULIAN);
    [javac]                                                                         ^
    [javac] /tmp/run_mutation.pl_7504_1501644141/2f/src/test/java/org/joda/time/convert/TestStringConverter.java:203: warning: [deprecation] TimeOfDay in org.joda.time has been deprecated
    [javac]         TimeOfDay tod = new TimeOfDay();
    [javac]         ^
    [javac] /tmp/run_mutation.pl_7504_1501644141/2f/src/test/java/org/joda/time/convert/TestStringConverter.java:203: warning: [deprecation] TimeOfDay in org.joda.time has been deprecated
    [javac]         TimeOfDay tod = new TimeOfDay();
    [javac]                             ^
    [javac] /tmp/run_mutation.pl_7504_1501644141/2f/src/test/java/org/joda/time/field/TestBaseDateTimeField.java:109: warning: [deprecation] TimeOfDay in org.joda.time has been deprecated
    [javac]         assertEquals("20", field.getAsText(new TimeOfDay(12, 30, 40, 50), 20, Locale.ENGLISH));
    [javac]                                                ^
    [javac] /tmp/run_mutation.pl_7504_1501644141/2f/src/test/java/org/joda/time/field/TestBaseDateTimeField.java:110: warning: [deprecation] TimeOfDay in org.joda.time has been deprecated
    [javac]         assertEquals("20", field.getAsText(new TimeOfDay(12, 30, 40, 50), 20, null));
    [javac]                                                ^
    [javac] /tmp/run_mutation.pl_7504_1501644141/2f/src/test/java/org/joda/time/field/TestBaseDateTimeField.java:115: warning: [deprecation] TimeOfDay in org.joda.time has been deprecated
    [javac]         assertEquals("40", field.getAsText(new TimeOfDay(12, 30, 40, 50), Locale.ENGLISH));
    [javac]                                                ^
    [javac] /tmp/run_mutation.pl_7504_1501644141/2f/src/test/java/org/joda/time/field/TestBaseDateTimeField.java:116: warning: [deprecation] TimeOfDay in org.joda.time has been deprecated
    [javac]         assertEquals("40", field.getAsText(new TimeOfDay(12, 30, 40, 50), null));
    [javac]                                                ^
    [javac] /tmp/run_mutation.pl_7504_1501644141/2f/src/test/java/org/joda/time/field/TestBaseDateTimeField.java:139: warning: [deprecation] TimeOfDay in org.joda.time has been deprecated
    [javac]         assertEquals("20", field.getAsShortText(new TimeOfDay(12, 30, 40, 50), 20, Locale.ENGLISH));
    [javac]                                                     ^
    [javac] /tmp/run_mutation.pl_7504_1501644141/2f/src/test/java/org/joda/time/field/TestBaseDateTimeField.java:140: warning: [deprecation] TimeOfDay in org.joda.time has been deprecated
    [javac]         assertEquals("20", field.getAsShortText(new TimeOfDay(12, 30, 40, 50), 20, null));
    [javac]                                                     ^
    [javac] /tmp/run_mutation.pl_7504_1501644141/2f/src/test/java/org/joda/time/field/TestBaseDateTimeField.java:145: warning: [deprecation] TimeOfDay in org.joda.time has been deprecated
    [javac]         assertEquals("40", field.getAsShortText(new TimeOfDay(12, 30, 40, 50), Locale.ENGLISH));
    [javac]                                                     ^
    [javac] /tmp/run_mutation.pl_7504_1501644141/2f/src/test/java/org/joda/time/field/TestBaseDateTimeField.java:146: warning: [deprecation] TimeOfDay in org.joda.time has been deprecated
    [javac]         assertEquals("40", field.getAsShortText(new TimeOfDay(12, 30, 40, 50), null));
    [javac]                                                     ^
    [javac] /tmp/run_mutation.pl_7504_1501644141/2f/src/test/java/org/joda/time/field/TestBaseDateTimeField.java:174: warning: [deprecation] TimeOfDay in org.joda.time has been deprecated
    [javac]         int[] result = field.add(new TimeOfDay(), 2, values, 0);
    [javac]                                      ^
    [javac] /tmp/run_mutation.pl_7504_1501644141/2f/src/test/java/org/joda/time/field/TestBaseDateTimeField.java:179: warning: [deprecation] TimeOfDay in org.joda.time has been deprecated
    [javac]         result = field.add(new TimeOfDay(), 2, values, 1);
    [javac]                                ^
    [javac] /tmp/run_mutation.pl_7504_1501644141/2f/src/test/java/org/joda/time/field/TestBaseDateTimeField.java:184: warning: [deprecation] TimeOfDay in org.joda.time has been deprecated
    [javac]         result = field.add(new TimeOfDay(), 2, values, 30);
    [javac]                                ^
    [javac] /tmp/run_mutation.pl_7504_1501644141/2f/src/test/java/org/joda/time/field/TestBaseDateTimeField.java:189: warning: [deprecation] TimeOfDay in org.joda.time has been deprecated
    [javac]             field.add(new TimeOfDay(), 2, values, 30);
    [javac]                           ^
    [javac] /tmp/run_mutation.pl_7504_1501644141/2f/src/test/java/org/joda/time/field/TestBaseDateTimeField.java:195: warning: [deprecation] TimeOfDay in org.joda.time has been deprecated
    [javac]         result = field.add(new TimeOfDay(), 2, values, -1);
    [javac]                                ^
    [javac] /tmp/run_mutation.pl_7504_1501644141/2f/src/test/java/org/joda/time/field/TestBaseDateTimeField.java:200: warning: [deprecation] TimeOfDay in org.joda.time has been deprecated
    [javac]         result = field.add(new TimeOfDay(), 2, values, -31);
    [javac]                                ^
    [javac] /tmp/run_mutation.pl_7504_1501644141/2f/src/test/java/org/joda/time/field/TestBaseDateTimeField.java:205: warning: [deprecation] TimeOfDay in org.joda.time has been deprecated
    [javac]             field.add(new TimeOfDay(), 2, values, -31);
    [javac]                           ^
    [javac] /tmp/run_mutation.pl_7504_1501644141/2f/src/test/java/org/joda/time/field/TestBaseDateTimeField.java:234: warning: [deprecation] TimeOfDay in org.joda.time has been deprecated
    [javac]         int[] result = field.addWrapField(new TimeOfDay(), 2, values, 0);
    [javac]                                               ^
    [javac] /tmp/run_mutation.pl_7504_1501644141/2f/src/test/java/org/joda/time/field/TestBaseDateTimeField.java:239: warning: [deprecation] TimeOfDay in org.joda.time has been deprecated
    [javac]         result = field.addWrapField(new TimeOfDay(), 2, values, 29);
    [javac]                                         ^
    [javac] /tmp/run_mutation.pl_7504_1501644141/2f/src/test/java/org/joda/time/field/TestBaseDateTimeField.java:244: warning: [deprecation] TimeOfDay in org.joda.time has been deprecated
    [javac]         result = field.addWrapField(new TimeOfDay(), 2, values, 30);
    [javac]                                         ^
    [javac] /tmp/run_mutation.pl_7504_1501644141/2f/src/test/java/org/joda/time/field/TestBaseDateTimeField.java:249: warning: [deprecation] TimeOfDay in org.joda.time has been deprecated
    [javac]         result = field.addWrapField(new TimeOfDay(), 2, values, 31);
    [javac]                                         ^
    [javac] /tmp/run_mutation.pl_7504_1501644141/2f/src/test/java/org/joda/time/field/TestBaseDateTimeField.java:279: warning: [deprecation] TimeOfDay in org.joda.time has been deprecated
    [javac]         int[] result = field.set(new TimeOfDay(), 2, values, 30);
    [javac]                                      ^
    [javac] /tmp/run_mutation.pl_7504_1501644141/2f/src/test/java/org/joda/time/field/TestBaseDateTimeField.java:284: warning: [deprecation] TimeOfDay in org.joda.time has been deprecated
    [javac]         result = field.set(new TimeOfDay(), 2, values, 29);
    [javac]                                ^
    [javac] /tmp/run_mutation.pl_7504_1501644141/2f/src/test/java/org/joda/time/field/TestBaseDateTimeField.java:290: warning: [deprecation] TimeOfDay in org.joda.time has been deprecated
    [javac]             field.set(new TimeOfDay(), 2, values, 60);
    [javac]                           ^
    [javac] /tmp/run_mutation.pl_7504_1501644141/2f/src/test/java/org/joda/time/field/TestBaseDateTimeField.java:298: warning: [deprecation] TimeOfDay in org.joda.time has been deprecated
    [javac]             field.set(new TimeOfDay(), 2, values, -1);
    [javac]                           ^
    [javac] /tmp/run_mutation.pl_7504_1501644141/2f/src/test/java/org/joda/time/field/TestBaseDateTimeField.java:320: warning: [deprecation] TimeOfDay in org.joda.time has been deprecated
    [javac]         int[] result = field.set(new TimeOfDay(), 2, values, "30", null);
    [javac]                                      ^
    [javac] /tmp/run_mutation.pl_7504_1501644141/2f/src/test/java/org/joda/time/field/TestBaseDateTimeField.java:325: warning: [deprecation] TimeOfDay in org.joda.time has been deprecated
    [javac]         result = field.set(new TimeOfDay(), 2, values, "29", Locale.ENGLISH);
    [javac]                                ^
    [javac] /tmp/run_mutation.pl_7504_1501644141/2f/src/test/java/org/joda/time/field/TestBaseDateTimeField.java:331: warning: [deprecation] TimeOfDay in org.joda.time has been deprecated
    [javac]             field.set(new TimeOfDay(), 2, values, "60", null);
    [javac]                           ^
    [javac] /tmp/run_mutation.pl_7504_1501644141/2f/src/test/java/org/joda/time/field/TestBaseDateTimeField.java:339: warning: [deprecation] TimeOfDay in org.joda.time has been deprecated
    [javac]             field.set(new TimeOfDay(), 2, values, "-1", null);
    [javac]                           ^
    [javac] /tmp/run_mutation.pl_7504_1501644141/2f/src/test/java/org/joda/time/field/TestBaseDateTimeField.java:392: warning: [deprecation] TimeOfDay in org.joda.time has been deprecated
    [javac]         assertEquals(0, field.getMinimumValue(new TimeOfDay()));
    [javac]                                                   ^
    [javac] /tmp/run_mutation.pl_7504_1501644141/2f/src/test/java/org/joda/time/field/TestBaseDateTimeField.java:397: warning: [deprecation] TimeOfDay in org.joda.time has been deprecated
    [javac]         assertEquals(0, field.getMinimumValue(new TimeOfDay(), new int[4]));
    [javac]                                                   ^
    [javac] /tmp/run_mutation.pl_7504_1501644141/2f/src/test/java/org/joda/time/field/TestBaseDateTimeField.java:412: warning: [deprecation] TimeOfDay in org.joda.time has been deprecated
    [javac]         assertEquals(59, field.getMaximumValue(new TimeOfDay()));
    [javac]                                                    ^
    [javac] /tmp/run_mutation.pl_7504_1501644141/2f/src/test/java/org/joda/time/field/TestBaseDateTimeField.java:417: warning: [deprecation] TimeOfDay in org.joda.time has been deprecated
    [javac]         assertEquals(59, field.getMaximumValue(new TimeOfDay(), new int[4]));
    [javac]                                                    ^
    [javac] /tmp/run_mutation.pl_7504_1501644141/2f/src/test/java/org/joda/time/field/TestOffsetDateTimeField.java:161: warning: [deprecation] TimeOfDay in org.joda.time has been deprecated
    [javac]         assertEquals("20", field.getAsText(new TimeOfDay(12, 30, 40, 50), 20, Locale.ENGLISH));
    [javac]                                                ^
    [javac] /tmp/run_mutation.pl_7504_1501644141/2f/src/test/java/org/joda/time/field/TestOffsetDateTimeField.java:162: warning: [deprecation] TimeOfDay in org.joda.time has been deprecated
    [javac]         assertEquals("20", field.getAsText(new TimeOfDay(12, 30, 40, 50), 20, null));
    [javac]                                                ^
    [javac] /tmp/run_mutation.pl_7504_1501644141/2f/src/test/java/org/joda/time/field/TestOffsetDateTimeField.java:167: warning: [deprecation] TimeOfDay in org.joda.time has been deprecated
    [javac]         assertEquals("40", field.getAsText(new TimeOfDay(12, 30, 40, 50), Locale.ENGLISH));
    [javac]                                                ^
    [javac] /tmp/run_mutation.pl_7504_1501644141/2f/src/test/java/org/joda/time/field/TestOffsetDateTimeField.java:168: warning: [deprecation] TimeOfDay in org.joda.time has been deprecated
    [javac]         assertEquals("40", field.getAsText(new TimeOfDay(12, 30, 40, 50), null));
    [javac]                                                ^
    [javac] /tmp/run_mutation.pl_7504_1501644141/2f/src/test/java/org/joda/time/field/TestOffsetDateTimeField.java:191: warning: [deprecation] TimeOfDay in org.joda.time has been deprecated
    [javac]         assertEquals("20", field.getAsShortText(new TimeOfDay(12, 30, 40, 50), 20, Locale.ENGLISH));
    [javac]                                                     ^
    [javac] /tmp/run_mutation.pl_7504_1501644141/2f/src/test/java/org/joda/time/field/TestOffsetDateTimeField.java:192: warning: [deprecation] TimeOfDay in org.joda.time has been deprecated
    [javac]         assertEquals("20", field.getAsShortText(new TimeOfDay(12, 30, 40, 50), 20, null));
    [javac]                                                     ^
    [javac] /tmp/run_mutation.pl_7504_1501644141/2f/src/test/java/org/joda/time/field/TestOffsetDateTimeField.java:197: warning: [deprecation] TimeOfDay in org.joda.time has been deprecated
    [javac]         assertEquals("40", field.getAsShortText(new TimeOfDay(12, 30, 40, 50), Locale.ENGLISH));
    [javac]                                                     ^
    [javac] /tmp/run_mutation.pl_7504_1501644141/2f/src/test/java/org/joda/time/field/TestOffsetDateTimeField.java:198: warning: [deprecation] TimeOfDay in org.joda.time has been deprecated
    [javac]         assertEquals("40", field.getAsShortText(new TimeOfDay(12, 30, 40, 50), null));
    [javac]                                                     ^
    [javac] /tmp/run_mutation.pl_7504_1501644141/2f/src/test/java/org/joda/time/field/TestOffsetDateTimeField.java:222: warning: [deprecation] TimeOfDay in org.joda.time has been deprecated
    [javac]         int[] result = field.add(new TimeOfDay(), 2, values, 0);
    [javac]                                      ^
    [javac] /tmp/run_mutation.pl_7504_1501644141/2f/src/test/java/org/joda/time/field/TestOffsetDateTimeField.java:227: warning: [deprecation] TimeOfDay in org.joda.time has been deprecated
    [javac]         result = field.add(new TimeOfDay(), 2, values, 1);
    [javac]                                ^
    [javac] /tmp/run_mutation.pl_7504_1501644141/2f/src/test/java/org/joda/time/field/TestOffsetDateTimeField.java:232: warning: [deprecation] TimeOfDay in org.joda.time has been deprecated
    [javac]         result = field.add(new TimeOfDay(), 2, values, 32);
    [javac]                                ^
    [javac] /tmp/run_mutation.pl_7504_1501644141/2f/src/test/java/org/joda/time/field/TestOffsetDateTimeField.java:237: warning: [deprecation] TimeOfDay in org.joda.time has been deprecated
    [javac]         result = field.add(new TimeOfDay(), 2, values, 33);
    [javac]                                ^
    [javac] /tmp/run_mutation.pl_7504_1501644141/2f/src/test/java/org/joda/time/field/TestOffsetDateTimeField.java:242: warning: [deprecation] TimeOfDay in org.joda.time has been deprecated
    [javac]             field.add(new TimeOfDay(), 2, values, 33);
    [javac]                           ^
    [javac] /tmp/run_mutation.pl_7504_1501644141/2f/src/test/java/org/joda/time/field/TestOffsetDateTimeField.java:248: warning: [deprecation] TimeOfDay in org.joda.time has been deprecated
    [javac]         result = field.add(new TimeOfDay(), 2, values, -1);
    [javac]                                ^
    [javac] /tmp/run_mutation.pl_7504_1501644141/2f/src/test/java/org/joda/time/field/TestOffsetDateTimeField.java:253: warning: [deprecation] TimeOfDay in org.joda.time has been deprecated
    [javac]         result = field.add(new TimeOfDay(), 2, values, -31);
    [javac]                                ^
    [javac] /tmp/run_mutation.pl_7504_1501644141/2f/src/test/java/org/joda/time/field/TestOffsetDateTimeField.java:258: warning: [deprecation] TimeOfDay in org.joda.time has been deprecated
    [javac]             field.add(new TimeOfDay(), 2, values, -31);
    [javac]                           ^
    [javac] /tmp/run_mutation.pl_7504_1501644141/2f/src/test/java/org/joda/time/field/TestOffsetDateTimeField.java:275: warning: [deprecation] TimeOfDay in org.joda.time has been deprecated
    [javac]         int[] result = field.addWrapField(new TimeOfDay(), 2, values, 0);
    [javac]                                               ^
    [javac] /tmp/run_mutation.pl_7504_1501644141/2f/src/test/java/org/joda/time/field/TestOffsetDateTimeField.java:280: warning: [deprecation] TimeOfDay in org.joda.time has been deprecated
    [javac]         result = field.addWrapField(new TimeOfDay(), 2, values, 29);
    [javac]                                         ^
    [javac] Note: Some input files additionally use or override a deprecated API.
    [javac] Note: Some input files use unchecked or unsafe operations.
    [javac] Note: Recompile with -Xlint:unchecked for details.
    [javac] 100 warnings
     [copy] Copying 32 files to /tmp/run_mutation.pl_7504_1501644141/2f/target/test-classes

joda-time.compile.tests:

compile.tests:

update.all.tests:

mutation.test:
     [echo] Running mutation analysis ...
    [junit] MAJOR: Mutation analysis enabled
SLF4J: Failed to load class "org.slf4j.impl.StaticLoggerBinder".
SLF4J: Defaulting to no-operation (NOP) logger implementation
SLF4J: See http://www.slf4j.org/codes.html#StaticLoggerBinder for further details.
    [junit] MAJOR: ------------------------------------------------------------
    [junit] MAJOR: Run 73 ordered tests to verify independence
    [junit] MAJOR: ------------------------------------------------------------
    [junit] MAJOR: Preprocessing time: 105.81 seconds
    [junit] MAJOR: ------------------------------------------------------------
    [junit] MAJOR: Mutants generated: 572
    [junit] MAJOR: Mutants covered:   567 (99.13%)
    [junit] MAJOR: ------------------------------------------------------------
    [junit] MAJOR: Export test map to (testMap.csv)
    [junit] MAJOR: Export coverage map to (covMap.csv)
    [junit] MAJOR: Exclude 0 mutants
    [junit] MAJOR: ------------------------------------------------------------
    [junit] MAJOR: Run mutation analysis with 73 individual tests
    [junit] MAJOR: ------------------------------------------------------------
    [junit] MAJOR: 1/73 - org.joda.time.Partial_ESTest27 (13ms / 186):
    [junit] MAJOR: 261864 (122 / 186 / 186) -> AVG-RTPM: 1407ms
    [junit] MAJOR: Mutants killed / live: 122 (0-121-1) / 445
    [junit] MAJOR: ------------------------------------------------------------
    [junit] MAJOR: 2/73 - org.joda.time.Partial_ESTest41 (14ms / 77):
    [junit] MAJOR: 280739 (65 / 77 / 77) -> AVG-RTPM: 245ms
    [junit] MAJOR: Mutants killed / live: 187 (0-198-1) / 380
    [junit] MAJOR: ------------------------------------------------------------
    [junit] MAJOR: 3/73 - org.joda.time.field.UnsupportedDurationField_ESTest10 (14ms / 12):
    [junit] MAJOR: 282376 (0 / 12 / 12) -> AVG-RTPM: 136ms
    [junit] MAJOR: Mutants killed / live: 187 (0-210-1) / 380
    [junit] MAJOR: ------------------------------------------------------------
    [junit] MAJOR: 4/73 - org.joda.time.Partial_ESTest28 (15ms / 185):
    [junit] MAJOR: 315035 (78 / 185 / 185) -> AVG-RTPM: 176ms
    [junit] MAJOR: Mutants killed / live: 265 (0-395-1) / 302
    [junit] MAJOR: ------------------------------------------------------------
    [junit] MAJOR: 5/73 - org.joda.time.Partial_ESTest32 (15ms / 71):
    [junit] MAJOR: 327100 (54 / 71 / 71) -> AVG-RTPM: 169ms
    [junit] MAJOR: Mutants killed / live: 319 (0-466-1) / 248
    [junit] MAJOR: ------------------------------------------------------------
    [junit] MAJOR: 6/73 - org.joda.time.Partial_ESTest18 (17ms / 197):
    [junit] MAJOR: 374398 (18 / 197 / 197) -> AVG-RTPM: 240ms
    [junit] MAJOR: Mutants killed / live: 337 (0-663-1) / 230
    [junit] MAJOR: ------------------------------------------------------------
    [junit] MAJOR: 7/73 - org.joda.time.Partial_ESTest29 (18ms / 242):
    [junit] MAJOR: 415503 (39 / 242 / 242) -> AVG-RTPM: 169ms
    [junit] MAJOR: Mutants killed / live: 376 (0-905-1) / 191
    [junit] MAJOR: ------------------------------------------------------------
    [junit] MAJOR: 8/73 - org.joda.time.Partial_ESTest26 (19ms / 140):
    [junit] MAJOR: 449349 (5 / 140 / 140) -> AVG-RTPM: 241ms
    [junit] MAJOR: Mutants killed / live: 381 (0-1045-1) / 186
    [junit] MAJOR: ------------------------------------------------------------
    [junit] MAJOR: 9/73 - org.joda.time.Partial_ESTest52 (19ms / 56):
    [junit] MAJOR: 458446 (40 / 56 / 56) -> AVG-RTPM: 162ms
    [junit] MAJOR: Mutants killed / live: 421 (0-1101-1) / 146
    [junit] MAJOR: ------------------------------------------------------------
    [junit] MAJOR: 10/73 - org.joda.time.field.UnsupportedDurationField_ESTest1 (19ms / 12):
    [junit] MAJOR: 459929 (0 / 12 / 12) -> AVG-RTPM: 123ms
    [junit] MAJOR: Mutants killed / live: 421 (0-1113-1) / 146
    [junit] MAJOR: ------------------------------------------------------------
    [junit] MAJOR: 11/73 - org.joda.time.field.UnsupportedDurationField_ESTest12 (19ms / 12):
    [junit] MAJOR: 462420 (0 / 12 / 12) -> AVG-RTPM: 207ms
    [junit] MAJOR: Mutants killed / live: 421 (0-1125-1) / 146
    [junit] MAJOR: ------------------------------------------------------------
    [junit] MAJOR: 12/73 - org.joda.time.Partial_ESTest33 (20ms / 20):
    [junit] MAJOR: 467653 (8 / 20 / 20) -> AVG-RTPM: 261ms
    [junit] MAJOR: Mutants killed / live: 429 (0-1145-1) / 138
    [junit] MAJOR: ------------------------------------------------------------
    [junit] MAJOR: 13/73 - org.joda.time.Partial_ESTest40 (20ms / 35):
    [junit] MAJOR: 474182 (0 / 35 / 35) -> AVG-RTPM: 186ms
    [junit] MAJOR: Mutants killed / live: 429 (0-1180-1) / 138
    [junit] MAJOR: ------------------------------------------------------------
    [junit] MAJOR: 14/73 - org.joda.time.Partial_ESTest49 (20ms / 56):
    [junit] MAJOR: 483925 (13 / 56 / 56) -> AVG-RTPM: 173ms
    [junit] MAJOR: Mutants killed / live: 442 (0-1236-1) / 125
    [junit] MAJOR: ------------------------------------------------------------
    [junit] MAJOR: 15/73 - org.joda.time.Partial_ESTest17 (21ms / 102):
    [junit] MAJOR: 500172 (6 / 102 / 102) -> AVG-RTPM: 159ms
    [junit] MAJOR: Mutants killed / live: 448 (0-1338-1) / 119
    [junit] MAJOR: ------------------------------------------------------------
    [junit] MAJOR: 16/73 - org.joda.time.Partial_ESTest35 (21ms / 22):
    [junit] MAJOR: 504051 (10 / 22 / 22) -> AVG-RTPM: 176ms
    [junit] MAJOR: Mutants killed / live: 458 (0-1360-1) / 109
    [junit] MAJOR: ------------------------------------------------------------
    [junit] MAJOR: 17/73 - org.joda.time.Partial_ESTest8 (21ms / 32):
    [junit] MAJOR: 512663 (6 / 32 / 32) -> AVG-RTPM: 269ms
    [junit] MAJOR: Mutants killed / live: 464 (0-1392-1) / 103
    [junit] MAJOR: ------------------------------------------------------------
    [junit] MAJOR: 18/73 - org.joda.time.field.UnsupportedDurationField_ESTest19 (21ms / 18):
    [junit] MAJOR: 515196 (6 / 18 / 18) -> AVG-RTPM: 140ms
    [junit] MAJOR: Mutants killed / live: 470 (0-1410-1) / 97
    [junit] MAJOR: ------------------------------------------------------------
    [junit] MAJOR: 19/73 - org.joda.time.Partial_ESTest12 (22ms / 16):
    [junit] MAJOR: 518281 (0 / 16 / 16) -> AVG-RTPM: 192ms
    [junit] MAJOR: Mutants killed / live: 470 (0-1426-1) / 97
    [junit] MAJOR: ------------------------------------------------------------
    [junit] MAJOR: 20/73 - org.joda.time.Partial_ESTest19 (22ms / 102):
    [junit] MAJOR: 535029 (6 / 102 / 102) -> AVG-RTPM: 164ms
    [junit] MAJOR: Mutants killed / live: 476 (0-1528-1) / 91
    [junit] MAJOR: ------------------------------------------------------------
    [junit] MAJOR: 21/73 - org.joda.time.Partial_ESTest36 (22ms / 26):
    [junit] MAJOR: 540981 (0 / 26 / 26) -> AVG-RTPM: 228ms
    [junit] MAJOR: Mutants killed / live: 476 (0-1554-1) / 91
    [junit] MAJOR: ------------------------------------------------------------
    [junit] MAJOR: 22/73 - org.joda.time.Partial_ESTest38 (22ms / 26):
    [junit] MAJOR: 546500 (9 / 26 / 26) -> AVG-RTPM: 212ms
    [junit] MAJOR: Mutants killed / live: 485 (0-1580-1) / 82
    [junit] MAJOR: ------------------------------------------------------------
    [junit] MAJOR: 23/73 - org.joda.time.Partial_ESTest4 (22ms / 16):
    [junit] MAJOR: 550037 (0 / 16 / 16) -> AVG-RTPM: 221ms
    [junit] MAJOR: Mutants killed / live: 485 (0-1596-1) / 82
    [junit] MAJOR: ------------------------------------------------------------
    [junit] MAJOR: 24/73 - org.joda.time.Partial_ESTest42 (22ms / 43):
    [junit] MAJOR: 558347 (17 / 43 / 43) -> AVG-RTPM: 193ms
    [junit] MAJOR: Mutants killed / live: 502 (0-1639-1) / 65
    [junit] MAJOR: ------------------------------------------------------------
    [junit] MAJOR: 25/73 - org.joda.time.Partial_ESTest46 (22ms / 79):
    [junit] MAJOR: 572512 (33 / 79 / 79) -> AVG-RTPM: 179ms
    [junit] MAJOR: Mutants killed / live: 535 (0-1718-1) / 32
    [junit] MAJOR: ------------------------------------------------------------
    [junit] MAJOR: 26/73 - org.joda.time.field.UnsupportedDurationField_ESTest17 (22ms / 16):
    [junit] MAJOR: 576895 (0 / 16 / 16) -> AVG-RTPM: 273ms
    [junit] MAJOR: Mutants killed / live: 535 (0-1734-1) / 32
    [junit] MAJOR: ------------------------------------------------------------
    [junit] MAJOR: 27/73 - org.joda.time.field.UnsupportedDurationField_ESTest18 (22ms / 16):
    [junit] MAJOR: 579492 (1 / 16 / 16) -> AVG-RTPM: 162ms
    [junit] MAJOR: Mutants killed / live: 536 (0-1750-1) / 31
    [junit] MAJOR: ------------------------------------------------------------
    [junit] MAJOR: 28/73 - org.joda.time.field.UnsupportedDurationField_ESTest5 (22ms / 12):
    [junit] MAJOR: 581761 (0 / 12 / 12) -> AVG-RTPM: 189ms
    [junit] MAJOR: Mutants killed / live: 536 (0-1762-1) / 31
    [junit] MAJOR: ------------------------------------------------------------
    [junit] MAJOR: 29/73 - org.joda.time.Partial_ESTest11 (23ms / 47):
    [junit] MAJOR: 589882 (0 / 47 / 47) -> AVG-RTPM: 172ms
    [junit] MAJOR: Mutants killed / live: 536 (0-1809-1) / 31
    [junit] MAJOR: ------------------------------------------------------------
    [junit] MAJOR: 30/73 - org.joda.time.Partial_ESTest2 (23ms / 12):
    [junit] MAJOR: 592280 (0 / 12 / 12) -> AVG-RTPM: 199ms
    [junit] MAJOR: Mutants killed / live: 536 (0-1821-1) / 31
    [junit] MAJOR: ------------------------------------------------------------
    [junit] MAJOR: 31/73 - org.joda.time.Partial_ESTest24 (23ms / 19):
    [junit] MAJOR: 596081 (0 / 19 / 19) -> AVG-RTPM: 200ms
    [junit] MAJOR: Mutants killed / live: 536 (0-1840-1) / 31
    [junit] MAJOR: ------------------------------------------------------------
    [junit] MAJOR: 32/73 - org.joda.time.Partial_ESTest47 (23ms / 58):
    [junit] MAJOR: 608605 (0 / 58 / 58) -> AVG-RTPM: 215ms
    [junit] MAJOR: Mutants killed / live: 536 (0-1898-1) / 31
    [junit] MAJOR: ------------------------------------------------------------
    [junit] MAJOR: 33/73 - org.joda.time.field.UnsupportedDurationField_ESTest11 (23ms / 12):
    [junit] MAJOR: 610659 (0 / 12 / 12) -> AVG-RTPM: 171ms
    [junit] MAJOR: Mutants killed / live: 536 (0-1910-1) / 31
    [junit] MAJOR: ------------------------------------------------------------
    [junit] MAJOR: 34/73 - org.joda.time.field.UnsupportedDurationField_ESTest16 (23ms / 12):
    [junit] MAJOR: 612982 (0 / 12 / 12) -> AVG-RTPM: 193ms
    [junit] MAJOR: Mutants killed / live: 536 (0-1922-1) / 31
    [junit] MAJOR: ------------------------------------------------------------
    [junit] MAJOR: 35/73 - org.joda.time.field.UnsupportedDurationField_ESTest4 (23ms / 12):
    [junit] MAJOR: 614850 (0 / 12 / 12) -> AVG-RTPM: 155ms
    [junit] MAJOR: Mutants killed / live: 536 (0-1934-1) / 31
    [junit] MAJOR: ------------------------------------------------------------
    [junit] MAJOR: 36/73 - org.joda.time.Partial_ESTest25 (24ms / 36):
    [junit] MAJOR: 622717 (7 / 36 / 36) -> AVG-RTPM: 218ms
    [junit] MAJOR: Mutants killed / live: 543 (0-1970-1) / 24
    [junit] MAJOR: ------------------------------------------------------------
    [junit] MAJOR: 37/73 - org.joda.time.Partial_ESTest34 (24ms / 24):
    [junit] MAJOR: 626890 (0 / 24 / 24) -> AVG-RTPM: 173ms
    [junit] MAJOR: Mutants killed / live: 543 (0-1994-1) / 24
    [junit] MAJOR: ------------------------------------------------------------
    [junit] MAJOR: 38/73 - org.joda.time.Partial_ESTest1 (25ms / 16):
    [junit] MAJOR: 629441 (0 / 16 / 16) -> AVG-RTPM: 159ms
    [junit] MAJOR: Mutants killed / live: 543 (0-2010-1) / 24
    [junit] MAJOR: ------------------------------------------------------------
    [junit] MAJOR: 39/73 - org.joda.time.Partial_ESTest10 (25ms / 65):
    [junit] MAJOR: 641058 (2 / 65 / 65) -> AVG-RTPM: 178ms
    [junit] MAJOR: Mutants killed / live: 545 (0-2075-1) / 22
    [junit] MAJOR: ------------------------------------------------------------
    [junit] MAJOR: 40/73 - org.joda.time.Partial_ESTest6 (25ms / 12):
    [junit] MAJOR: 642858 (0 / 12 / 12) -> AVG-RTPM: 150ms
    [junit] MAJOR: Mutants killed / live: 545 (0-2087-1) / 22
    [junit] MAJOR: ------------------------------------------------------------
    [junit] MAJOR: 41/73 - org.joda.time.Partial_ESTest21 (26ms / 228):
    [junit] MAJOR: 699869 (0 / 228 / 228) -> AVG-RTPM: 250ms
    [junit] MAJOR: Mutants killed / live: 545 (0-2315-1) / 22
    [junit] MAJOR: ------------------------------------------------------------
    [junit] MAJOR: 42/73 - org.joda.time.Partial_ESTest7 (26ms / 16):
    [junit] MAJOR: 702257 (0 / 16 / 16) -> AVG-RTPM: 149ms
    [junit] MAJOR: Mutants killed / live: 545 (0-2331-1) / 22
    [junit] MAJOR: ------------------------------------------------------------
    [junit] MAJOR: 43/73 - org.joda.time.field.UnsupportedDurationField_ESTest9 (27ms / 14):
    [junit] MAJOR: 704598 (0 / 14 / 14) -> AVG-RTPM: 167ms
    [junit] MAJOR: Mutants killed / live: 545 (0-2345-1) / 22
    [junit] MAJOR: ------------------------------------------------------------
    [junit] MAJOR: 44/73 - org.joda.time.Partial_ESTest48 (28ms / 207):
    [junit] MAJOR: 740504 (0 / 207 / 207) -> AVG-RTPM: 173ms
    [junit] MAJOR: Mutants killed / live: 545 (0-2552-1) / 22
    [junit] MAJOR: ------------------------------------------------------------
    [junit] MAJOR: 45/73 - org.joda.time.Partial_ESTest44 (32ms / 37):
    [junit] MAJOR: 749812 (1 / 37 / 37) -> AVG-RTPM: 251ms
    [junit] MAJOR: Mutants killed / live: 546 (0-2589-1) / 21
    [junit] MAJOR: ------------------------------------------------------------
    [junit] MAJOR: 46/73 - org.joda.time.field.UnsupportedDurationField_ESTest6 (32ms / 12):
    [junit] MAJOR: 751615 (0 / 12 / 12) -> AVG-RTPM: 150ms
    [junit] MAJOR: Mutants killed / live: 546 (0-2601-1) / 21
    [junit] MAJOR: ------------------------------------------------------------
    [junit] MAJOR: 47/73 - org.joda.time.Partial_ESTest16 (33ms / 126):
    [junit] MAJOR: 772769 (6 / 126 / 126) -> AVG-RTPM: 167ms
    [junit] MAJOR: Mutants killed / live: 552 (0-2727-1) / 15
    [junit] MAJOR: ------------------------------------------------------------
    [junit] MAJOR: 48/73 - org.joda.time.Partial_ESTest14 (35ms / 19):
    [junit] MAJOR: 776649 (0 / 19 / 19) -> AVG-RTPM: 204ms
    [junit] MAJOR: Mutants killed / live: 552 (0-2746-1) / 15
    [junit] MAJOR: ------------------------------------------------------------
    [junit] MAJOR: 49/73 - org.joda.time.field.UnsupportedDurationField_ESTest7 (36ms / 12):
    [junit] MAJOR: 778969 (0 / 12 / 12) -> AVG-RTPM: 193ms
    [junit] MAJOR: Mutants killed / live: 552 (0-2758-1) / 15
    [junit] MAJOR: ------------------------------------------------------------
    [junit] MAJOR: 50/73 - org.joda.time.Partial_ESTest37 (37ms / 22):
    [junit] MAJOR: 783300 (1 / 22 / 22) -> AVG-RTPM: 196ms
    [junit] MAJOR: Mutants killed / live: 553 (0-2780-1) / 14
    [junit] MAJOR: ------------------------------------------------------------
    [junit] MAJOR: 51/73 - org.joda.time.Partial_ESTest50 (37ms / 19):
    [junit] MAJOR: 786730 (0 / 19 / 19) -> AVG-RTPM: 180ms
    [junit] MAJOR: Mutants killed / live: 553 (0-2799-1) / 14
    [junit] MAJOR: ------------------------------------------------------------
    [junit] MAJOR: 52/73 - org.joda.time.Partial_ESTest51 (37ms / 19):
    [junit] MAJOR: 790376 (0 / 19 / 19) -> AVG-RTPM: 191ms
    [junit] MAJOR: Mutants killed / live: 553 (0-2818-1) / 14
    [junit] MAJOR: ------------------------------------------------------------
    [junit] MAJOR: 53/73 - org.joda.time.Partial_ESTest13 (38ms / 16):
    [junit] MAJOR: 793257 (0 / 16 / 16) -> AVG-RTPM: 180ms
    [junit] MAJOR: Mutants killed / live: 553 (0-2834-1) / 14
    [junit] MAJOR: ------------------------------------------------------------
    [junit] MAJOR: 54/73 - org.joda.time.field.UnsupportedDurationField_ESTest13 (40ms / 12):
    [junit] MAJOR: 794989 (0 / 12 / 12) -> AVG-RTPM: 144ms
    [junit] MAJOR: Mutants killed / live: 553 (0-2846-1) / 14
    [junit] MAJOR: ------------------------------------------------------------
    [junit] MAJOR: 55/73 - org.joda.time.Partial_ESTest30 (41ms / 37):
    [junit] MAJOR: 805929 (1 / 37 / 37) -> AVG-RTPM: 295ms
    [junit] MAJOR: Mutants killed / live: 554 (0-2883-1) / 13
    [junit] MAJOR: ------------------------------------------------------------
    [junit] MAJOR: 56/73 - org.joda.time.Partial_ESTest43 (41ms / 43):
    [junit] MAJOR: 815973 (1 / 43 / 43) -> AVG-RTPM: 233ms
    [junit] MAJOR: Mutants killed / live: 555 (0-2926-1) / 12
    [junit] MAJOR: ------------------------------------------------------------
    [junit] MAJOR: 57/73 - org.joda.time.Partial_ESTest31 (42ms / 25):
    [junit] MAJOR: 820808 (0 / 25 / 25) -> AVG-RTPM: 193ms
    [junit] MAJOR: Mutants killed / live: 555 (0-2951-1) / 12
    [junit] MAJOR: ------------------------------------------------------------
    [junit] MAJOR: 58/73 - org.joda.time.Partial_ESTest20 (44ms / 117):
    [junit] MAJOR: 850159 (6 / 117 / 117) -> AVG-RTPM: 250ms
    [junit] MAJOR: Mutants killed / live: 561 (0-3068-1) / 6
    [junit] MAJOR: ------------------------------------------------------------
    [junit] MAJOR: 59/73 - org.joda.time.Partial_ESTest23 (44ms / 31):
    [junit] MAJOR: 858052 (0 / 31 / 31) -> AVG-RTPM: 254ms
    [junit] MAJOR: Mutants killed / live: 561 (0-3099-1) / 6
    [junit] MAJOR: ------------------------------------------------------------
    [junit] MAJOR: 60/73 - org.joda.time.field.UnsupportedDurationField_ESTest2 (44ms / 12):
    [junit] MAJOR: 859972 (0 / 12 / 12) -> AVG-RTPM: 159ms
    [junit] MAJOR: Mutants killed / live: 561 (0-3111-1) / 6
    [junit] MAJOR: ------------------------------------------------------------
    [junit] MAJOR: 61/73 - org.joda.time.Partial_ESTest39 (45ms / 28):
    [junit] MAJOR: 865133 (0 / 28 / 28) -> AVG-RTPM: 184ms
    [junit] MAJOR: Mutants killed / live: 561 (0-3139-1) / 6
    [junit] MAJOR: ------------------------------------------------------------
    [junit] MAJOR: 62/73 - org.joda.time.field.UnsupportedDurationField_ESTest0 (45ms / 12):
    [junit] MAJOR: 867248 (0 / 12 / 12) -> AVG-RTPM: 176ms
    [junit] MAJOR: Mutants killed / live: 561 (0-3151-1) / 6
    [junit] MAJOR: ------------------------------------------------------------
    [junit] MAJOR: 63/73 - org.joda.time.field.UnsupportedDurationField_ESTest14 (45ms / 12):
    [junit] MAJOR: 869406 (0 / 12 / 12) -> AVG-RTPM: 179ms
    [junit] MAJOR: Mutants killed / live: 561 (0-3163-1) / 6
    [junit] MAJOR: ------------------------------------------------------------
    [junit] MAJOR: 64/73 - org.joda.time.field.UnsupportedDurationField_ESTest15 (46ms / 13):
    [junit] MAJOR: 871392 (1 / 13 / 13) -> AVG-RTPM: 152ms
    [junit] MAJOR: Mutants killed / live: 562 (0-3176-1) / 5
    [junit] MAJOR: ------------------------------------------------------------
    [junit] MAJOR: 65/73 - org.joda.time.Partial_ESTest5 (47ms / 17):
    [junit] MAJOR: 874475 (1 / 17 / 17) -> AVG-RTPM: 181ms
    [junit] MAJOR: Mutants killed / live: 563 (0-3193-1) / 4
    [junit] MAJOR: ------------------------------------------------------------
    [junit] MAJOR: 66/73 - org.joda.time.Partial_ESTest22 (48ms / 15):
    [junit] MAJOR: 877322 (0 / 15 / 15) -> AVG-RTPM: 189ms
    [junit] MAJOR: Mutants killed / live: 563 (0-3208-1) / 4
    [junit] MAJOR: ------------------------------------------------------------
    [junit] MAJOR: 67/73 - org.joda.time.Partial_ESTest45 (48ms / 19):
    [junit] MAJOR: 880356 (0 / 19 / 19) -> AVG-RTPM: 159ms
    [junit] MAJOR: Mutants killed / live: 563 (0-3227-1) / 4
    [junit] MAJOR: ------------------------------------------------------------
    [junit] MAJOR: 68/73 - org.joda.time.field.UnsupportedDurationField_ESTest3 (52ms / 16):
    [junit] MAJOR: 883287 (2 / 16 / 16) -> AVG-RTPM: 183ms
    [junit] MAJOR: Mutants killed / live: 565 (0-3243-1) / 2
    [junit] MAJOR: ------------------------------------------------------------
    [junit] MAJOR: 69/73 - org.joda.time.field.UnsupportedDurationField_ESTest8 (57ms / 12):
    [junit] MAJOR: 885791 (0 / 12 / 12) -> AVG-RTPM: 208ms
    [junit] MAJOR: Mutants killed / live: 565 (0-3255-1) / 2
    [junit] MAJOR: ------------------------------------------------------------
    [junit] MAJOR: 70/73 - org.joda.time.Partial_ESTest15 (58ms / 26):
    [junit] MAJOR: 890360 (0 / 26 / 26) -> AVG-RTPM: 175ms
    [junit] MAJOR: Mutants killed / live: 565 (0-3281-1) / 2
    [junit] MAJOR: ------------------------------------------------------------
    [junit] MAJOR: 71/73 - org.joda.time.Partial_ESTest0 (77ms / 17):
    [junit] MAJOR: 893221 (1 / 17 / 17) -> AVG-RTPM: 168ms
    [junit] MAJOR: Mutants killed / live: 566 (0-3298-1) / 1
    [junit] MAJOR: ------------------------------------------------------------
    [junit] MAJOR: 72/73 - org.joda.time.Partial_ESTest9 (97ms / 16):
    [junit] MAJOR: 897166 (0 / 16 / 16) -> AVG-RTPM: 246ms
    [junit] MAJOR: Mutants killed / live: 566 (0-3314-1) / 1
    [junit] MAJOR: ------------------------------------------------------------
    [junit] MAJOR: 73/73 - org.joda.time.Partial_ESTest3 (121ms / 27):
    [junit] MAJOR: 905708 (1 / 27 / 27) -> AVG-RTPM: 316ms
    [junit] MAJOR: Mutants killed / live: 567 (0-3341-1) / 0
    [junit] MAJOR: ------------------------------------------------------------
    [junit] MAJOR: Summary:
    [junit] MAJOR: 
    [junit] MAJOR: Analysis time:  905.7 seconds
    [junit] MAJOR: Mutation score: 99.13% (100.00%)
    [junit] MAJOR: Mutants killed / live: 567 (0-3341-1) / 0
    [junit] MAJOR: Mutant executions: 3406
    [junit] MAJOR: ------------------------------------------------------------
    [junit] MAJOR: Export summary of results (to summary.csv)
    [junit] MAJOR: Export mutant kill details (to /tmp/run_mutation.pl_7504_1501644141/2f/kill.csv)
    [junit] MAJOR: Export kill map (to killMap.csv)!

BUILD SUCCESSFUL
Total time: 17 minutes 6 seconds
