
test-offline:

get-deps:

joda-time-from-maven.compile:
    [javac] /tmp/run_mutation.pl_116689_1501359369/3f/maven-build.xml:77: warning: 'includeantruntime' was not set, defaulting to build.sysclasspath=last; set to false for repeatable builds

joda-time.compile:

compile:
     [java] Writing zoneinfo files
     [java] Writing ZoneInfoMap

joda-time-from-maven.compile-tests:
    [mkdir] Created dir: /tmp/run_mutation.pl_116689_1501359369/3f/target/test-classes
    [javac] /tmp/run_mutation.pl_116689_1501359369/3f/maven-build.xml:114: warning: 'includeantruntime' was not set, defaulting to build.sysclasspath=last; set to false for repeatable builds
    [javac] Compiling 155 source files to /tmp/run_mutation.pl_116689_1501359369/3f/target/test-classes
    [javac] warning: [options] bootstrap class path not set in conjunction with -source 1.5
    [javac] /tmp/run_mutation.pl_116689_1501359369/3f/src/test/java/org/joda/time/chrono/TestGJChronology.java:24: warning: [deprecation] DateMidnight in org.joda.time has been deprecated
    [javac] import org.joda.time.DateMidnight;
    [javac]                     ^
    [javac] /tmp/run_mutation.pl_116689_1501359369/3f/src/test/java/org/joda/time/chrono/TestGJChronology.java:34: warning: [deprecation] TimeOfDay in org.joda.time has been deprecated
    [javac] import org.joda.time.TimeOfDay;
    [javac]                     ^
    [javac] /tmp/run_mutation.pl_116689_1501359369/3f/src/test/java/org/joda/time/chrono/TestGJChronology.java:35: warning: [deprecation] YearMonthDay in org.joda.time has been deprecated
    [javac] import org.joda.time.YearMonthDay;
    [javac]                     ^
    [javac] /tmp/run_mutation.pl_116689_1501359369/3f/src/test/java/org/joda/time/chrono/TestGregorianChronology.java:25: warning: [deprecation] DateMidnight in org.joda.time has been deprecated
    [javac] import org.joda.time.DateMidnight;
    [javac]                     ^
    [javac] /tmp/run_mutation.pl_116689_1501359369/3f/src/test/java/org/joda/time/chrono/TestGregorianChronology.java:29: warning: [deprecation] YearMonthDay in org.joda.time has been deprecated
    [javac] import org.joda.time.YearMonthDay;
    [javac]                     ^
    [javac] /tmp/run_mutation.pl_116689_1501359369/3f/src/test/java/org/joda/time/chrono/TestISOChronology.java:24: warning: [deprecation] DateMidnight in org.joda.time has been deprecated
    [javac] import org.joda.time.DateMidnight;
    [javac]                     ^
    [javac] /tmp/run_mutation.pl_116689_1501359369/3f/src/test/java/org/joda/time/chrono/TestISOChronology.java:34: warning: [deprecation] TimeOfDay in org.joda.time has been deprecated
    [javac] import org.joda.time.TimeOfDay;
    [javac]                     ^
    [javac] /tmp/run_mutation.pl_116689_1501359369/3f/src/test/java/org/joda/time/chrono/TestISOChronology.java:35: warning: [deprecation] YearMonthDay in org.joda.time has been deprecated
    [javac] import org.joda.time.YearMonthDay;
    [javac]                     ^
    [javac] /tmp/run_mutation.pl_116689_1501359369/3f/src/test/java/org/joda/time/convert/TestCalendarConverter.java:32: warning: [deprecation] TimeOfDay in org.joda.time has been deprecated
    [javac] import org.joda.time.TimeOfDay;
    [javac]                     ^
    [javac] /tmp/run_mutation.pl_116689_1501359369/3f/src/test/java/org/joda/time/convert/TestConverterManager.java:52: warning: [deprecation] TimeOfDay in org.joda.time has been deprecated
    [javac] import org.joda.time.TimeOfDay;
    [javac]                     ^
    [javac] /tmp/run_mutation.pl_116689_1501359369/3f/src/test/java/org/joda/time/convert/TestConverterSet.java:26: warning: [deprecation] DateMidnight in org.joda.time has been deprecated
    [javac] import org.joda.time.DateMidnight;
    [javac]                     ^
    [javac] /tmp/run_mutation.pl_116689_1501359369/3f/src/test/java/org/joda/time/convert/TestDateConverter.java:29: warning: [deprecation] TimeOfDay in org.joda.time has been deprecated
    [javac] import org.joda.time.TimeOfDay;
    [javac]                     ^
    [javac] /tmp/run_mutation.pl_116689_1501359369/3f/src/test/java/org/joda/time/convert/TestLongConverter.java:28: warning: [deprecation] TimeOfDay in org.joda.time has been deprecated
    [javac] import org.joda.time.TimeOfDay;
    [javac]                     ^
    [javac] /tmp/run_mutation.pl_116689_1501359369/3f/src/test/java/org/joda/time/convert/TestNullConverter.java:35: warning: [deprecation] TimeOfDay in org.joda.time has been deprecated
    [javac] import org.joda.time.TimeOfDay;
    [javac]                     ^
    [javac] /tmp/run_mutation.pl_116689_1501359369/3f/src/test/java/org/joda/time/convert/TestReadableInstantConverter.java:32: warning: [deprecation] TimeOfDay in org.joda.time has been deprecated
    [javac] import org.joda.time.TimeOfDay;
    [javac]                     ^
    [javac] /tmp/run_mutation.pl_116689_1501359369/3f/src/test/java/org/joda/time/convert/TestReadablePartialConverter.java:30: warning: [deprecation] TimeOfDay in org.joda.time has been deprecated
    [javac] import org.joda.time.TimeOfDay;
    [javac]                     ^
    [javac] /tmp/run_mutation.pl_116689_1501359369/3f/src/test/java/org/joda/time/convert/TestReadablePartialConverter.java:31: warning: [deprecation] YearMonthDay in org.joda.time has been deprecated
    [javac] import org.joda.time.YearMonthDay;
    [javac]                     ^
    [javac] /tmp/run_mutation.pl_116689_1501359369/3f/src/test/java/org/joda/time/convert/TestStringConverter.java:33: warning: [deprecation] TimeOfDay in org.joda.time has been deprecated
    [javac] import org.joda.time.TimeOfDay;
    [javac]                     ^
    [javac] /tmp/run_mutation.pl_116689_1501359369/3f/src/test/java/org/joda/time/field/TestBaseDateTimeField.java:29: warning: [deprecation] TimeOfDay in org.joda.time has been deprecated
    [javac] import org.joda.time.TimeOfDay;
    [javac]                     ^
    [javac] /tmp/run_mutation.pl_116689_1501359369/3f/src/test/java/org/joda/time/field/TestOffsetDateTimeField.java:27: warning: [deprecation] TimeOfDay in org.joda.time has been deprecated
    [javac] import org.joda.time.TimeOfDay;
    [javac]                     ^
    [javac] /tmp/run_mutation.pl_116689_1501359369/3f/src/test/java/org/joda/time/field/TestPreciseDateTimeField.java:27: warning: [deprecation] TimeOfDay in org.joda.time has been deprecated
    [javac] import org.joda.time.TimeOfDay;
    [javac]                     ^
    [javac] /tmp/run_mutation.pl_116689_1501359369/3f/src/test/java/org/joda/time/field/TestPreciseDurationDateTimeField.java:27: warning: [deprecation] TimeOfDay in org.joda.time has been deprecated
    [javac] import org.joda.time.TimeOfDay;
    [javac]                     ^
    [javac] /tmp/run_mutation.pl_116689_1501359369/3f/src/test/java/org/joda/time/TestDateTimeZoneCutover.java:225: warning: [deprecation] toDateMidnight(DateTimeZone) in LocalDate has been deprecated
    [javac]             date.toDateMidnight(MOCK_GAZA);
    [javac]                 ^
    [javac] /tmp/run_mutation.pl_116689_1501359369/3f/src/test/java/org/joda/time/TestDateTimeZoneCutover.java:441: warning: [deprecation] toDateMidnight(DateTimeZone) in LocalDate has been deprecated
    [javac]             date.toDateMidnight(MOCK_TURK);
    [javac]                 ^
    [javac] /tmp/run_mutation.pl_116689_1501359369/3f/src/test/java/org/joda/time/TestInstant_Basics.java:403: warning: [deprecation] toDateTimeISO() in Instant has been deprecated
    [javac]         DateTime result = test.toDateTimeISO();
    [javac]                               ^
    [javac] /tmp/run_mutation.pl_116689_1501359369/3f/src/test/java/org/joda/time/TestInstant_Basics.java:452: warning: [deprecation] toMutableDateTimeISO() in Instant has been deprecated
    [javac]         MutableDateTime result = test.toMutableDateTimeISO();
    [javac]                                      ^
    [javac] /tmp/run_mutation.pl_116689_1501359369/3f/src/test/java/org/joda/time/convert/TestCalendarConverter.java:170: warning: [deprecation] TimeOfDay in org.joda.time has been deprecated
    [javac]         TimeOfDay tod = new TimeOfDay();
    [javac]         ^
    [javac] /tmp/run_mutation.pl_116689_1501359369/3f/src/test/java/org/joda/time/convert/TestCalendarConverter.java:170: warning: [deprecation] TimeOfDay in org.joda.time has been deprecated
    [javac]         TimeOfDay tod = new TimeOfDay();
    [javac]                             ^
    [javac] /tmp/run_mutation.pl_116689_1501359369/3f/src/test/java/org/joda/time/convert/TestConverterManager.java:337: warning: [deprecation] TimeOfDay in org.joda.time has been deprecated
    [javac]         c = ConverterManager.getInstance().getPartialConverter(new TimeOfDay());
    [javac]                                                                    ^
    [javac] /tmp/run_mutation.pl_116689_1501359369/3f/src/test/java/org/joda/time/convert/TestConverterSet.java:104: warning: [deprecation] DateMidnight in org.joda.time has been deprecated
    [javac]         set.select(DateMidnight.class);
    [javac]                    ^
    [javac] /tmp/run_mutation.pl_116689_1501359369/3f/src/test/java/org/joda/time/convert/TestDateConverter.java:108: warning: [deprecation] TimeOfDay in org.joda.time has been deprecated
    [javac]         TimeOfDay tod = new TimeOfDay();
    [javac]         ^
    [javac] /tmp/run_mutation.pl_116689_1501359369/3f/src/test/java/org/joda/time/convert/TestDateConverter.java:108: warning: [deprecation] TimeOfDay in org.joda.time has been deprecated
    [javac]         TimeOfDay tod = new TimeOfDay();
    [javac]                             ^
    [javac] /tmp/run_mutation.pl_116689_1501359369/3f/src/test/java/org/joda/time/convert/TestLongConverter.java:105: warning: [deprecation] TimeOfDay in org.joda.time has been deprecated
    [javac]         TimeOfDay tod = new TimeOfDay();
    [javac]         ^
    [javac] /tmp/run_mutation.pl_116689_1501359369/3f/src/test/java/org/joda/time/convert/TestLongConverter.java:105: warning: [deprecation] TimeOfDay in org.joda.time has been deprecated
    [javac]         TimeOfDay tod = new TimeOfDay();
    [javac]                             ^
    [javac] /tmp/run_mutation.pl_116689_1501359369/3f/src/test/java/org/joda/time/convert/TestNullConverter.java:142: warning: [deprecation] TimeOfDay in org.joda.time has been deprecated
    [javac]         TimeOfDay tod = new TimeOfDay();
    [javac]         ^
    [javac] /tmp/run_mutation.pl_116689_1501359369/3f/src/test/java/org/joda/time/convert/TestNullConverter.java:142: warning: [deprecation] TimeOfDay in org.joda.time has been deprecated
    [javac]         TimeOfDay tod = new TimeOfDay();
    [javac]                             ^
    [javac] /tmp/run_mutation.pl_116689_1501359369/3f/src/test/java/org/joda/time/convert/TestReadableInstantConverter.java:136: warning: [deprecation] TimeOfDay in org.joda.time has been deprecated
    [javac]         TimeOfDay tod = new TimeOfDay();
    [javac]         ^
    [javac] /tmp/run_mutation.pl_116689_1501359369/3f/src/test/java/org/joda/time/convert/TestReadableInstantConverter.java:136: warning: [deprecation] TimeOfDay in org.joda.time has been deprecated
    [javac]         TimeOfDay tod = new TimeOfDay();
    [javac]                             ^
    [javac] /tmp/run_mutation.pl_116689_1501359369/3f/src/test/java/org/joda/time/convert/TestReadablePartialConverter.java:95: warning: [deprecation] TimeOfDay in org.joda.time has been deprecated
    [javac]         assertEquals(ISO_PARIS, ReadablePartialConverter.INSTANCE.getChronology(new TimeOfDay(123L), PARIS));
    [javac]                                                                                     ^
    [javac] /tmp/run_mutation.pl_116689_1501359369/3f/src/test/java/org/joda/time/convert/TestReadablePartialConverter.java:96: warning: [deprecation] TimeOfDay in org.joda.time has been deprecated
    [javac]         assertEquals(ISO, ReadablePartialConverter.INSTANCE.getChronology(new TimeOfDay(123L), DateTimeZone.getDefault()));
    [javac]                                                                               ^
    [javac] /tmp/run_mutation.pl_116689_1501359369/3f/src/test/java/org/joda/time/convert/TestReadablePartialConverter.java:97: warning: [deprecation] TimeOfDay in org.joda.time has been deprecated
    [javac]         assertEquals(ISO, ReadablePartialConverter.INSTANCE.getChronology(new TimeOfDay(123L), (DateTimeZone) null));
    [javac]                                                                               ^
    [javac] /tmp/run_mutation.pl_116689_1501359369/3f/src/test/java/org/joda/time/convert/TestReadablePartialConverter.java:101: warning: [deprecation] TimeOfDay in org.joda.time has been deprecated
    [javac]         assertEquals(JULIAN, ReadablePartialConverter.INSTANCE.getChronology(new TimeOfDay(123L, BUDDHIST), JULIAN));
    [javac]                                                                                  ^
    [javac] /tmp/run_mutation.pl_116689_1501359369/3f/src/test/java/org/joda/time/convert/TestReadablePartialConverter.java:102: warning: [deprecation] TimeOfDay in org.joda.time has been deprecated
    [javac]         assertEquals(JULIAN, ReadablePartialConverter.INSTANCE.getChronology(new TimeOfDay(123L), JULIAN));
    [javac]                                                                                  ^
    [javac] /tmp/run_mutation.pl_116689_1501359369/3f/src/test/java/org/joda/time/convert/TestReadablePartialConverter.java:103: warning: [deprecation] TimeOfDay in org.joda.time has been deprecated
    [javac]         assertEquals(BUDDHIST.withUTC(), ReadablePartialConverter.INSTANCE.getChronology(new TimeOfDay(123L, BUDDHIST), (Chronology) null));
    [javac]                                                                                              ^
    [javac] /tmp/run_mutation.pl_116689_1501359369/3f/src/test/java/org/joda/time/convert/TestReadablePartialConverter.java:108: warning: [deprecation] TimeOfDay in org.joda.time has been deprecated
    [javac]         TimeOfDay tod = new TimeOfDay();
    [javac]         ^
    [javac] /tmp/run_mutation.pl_116689_1501359369/3f/src/test/java/org/joda/time/convert/TestReadablePartialConverter.java:108: warning: [deprecation] TimeOfDay in org.joda.time has been deprecated
    [javac]         TimeOfDay tod = new TimeOfDay();
    [javac]                             ^
    [javac] /tmp/run_mutation.pl_116689_1501359369/3f/src/test/java/org/joda/time/convert/TestReadablePartialConverter.java:110: warning: [deprecation] TimeOfDay in org.joda.time has been deprecated
    [javac]         int[] actual = ReadablePartialConverter.INSTANCE.getPartialValues(tod, new TimeOfDay(1, 2, 3, 4), ISOChronology.getInstance(PARIS));
    [javac]                                                                                    ^
    [javac] /tmp/run_mutation.pl_116689_1501359369/3f/src/test/java/org/joda/time/convert/TestReadablePartialConverter.java:114: warning: [deprecation] YearMonthDay in org.joda.time has been deprecated
    [javac]             ReadablePartialConverter.INSTANCE.getPartialValues(tod, new YearMonthDay(2005, 6, 9), JULIAN);
    [javac]                                                                         ^
    [javac] /tmp/run_mutation.pl_116689_1501359369/3f/src/test/java/org/joda/time/convert/TestStringConverter.java:203: warning: [deprecation] TimeOfDay in org.joda.time has been deprecated
    [javac]         TimeOfDay tod = new TimeOfDay();
    [javac]         ^
    [javac] /tmp/run_mutation.pl_116689_1501359369/3f/src/test/java/org/joda/time/convert/TestStringConverter.java:203: warning: [deprecation] TimeOfDay in org.joda.time has been deprecated
    [javac]         TimeOfDay tod = new TimeOfDay();
    [javac]                             ^
    [javac] /tmp/run_mutation.pl_116689_1501359369/3f/src/test/java/org/joda/time/field/TestBaseDateTimeField.java:109: warning: [deprecation] TimeOfDay in org.joda.time has been deprecated
    [javac]         assertEquals("20", field.getAsText(new TimeOfDay(12, 30, 40, 50), 20, Locale.ENGLISH));
    [javac]                                                ^
    [javac] /tmp/run_mutation.pl_116689_1501359369/3f/src/test/java/org/joda/time/field/TestBaseDateTimeField.java:110: warning: [deprecation] TimeOfDay in org.joda.time has been deprecated
    [javac]         assertEquals("20", field.getAsText(new TimeOfDay(12, 30, 40, 50), 20, null));
    [javac]                                                ^
    [javac] /tmp/run_mutation.pl_116689_1501359369/3f/src/test/java/org/joda/time/field/TestBaseDateTimeField.java:115: warning: [deprecation] TimeOfDay in org.joda.time has been deprecated
    [javac]         assertEquals("40", field.getAsText(new TimeOfDay(12, 30, 40, 50), Locale.ENGLISH));
    [javac]                                                ^
    [javac] /tmp/run_mutation.pl_116689_1501359369/3f/src/test/java/org/joda/time/field/TestBaseDateTimeField.java:116: warning: [deprecation] TimeOfDay in org.joda.time has been deprecated
    [javac]         assertEquals("40", field.getAsText(new TimeOfDay(12, 30, 40, 50), null));
    [javac]                                                ^
    [javac] /tmp/run_mutation.pl_116689_1501359369/3f/src/test/java/org/joda/time/field/TestBaseDateTimeField.java:139: warning: [deprecation] TimeOfDay in org.joda.time has been deprecated
    [javac]         assertEquals("20", field.getAsShortText(new TimeOfDay(12, 30, 40, 50), 20, Locale.ENGLISH));
    [javac]                                                     ^
    [javac] /tmp/run_mutation.pl_116689_1501359369/3f/src/test/java/org/joda/time/field/TestBaseDateTimeField.java:140: warning: [deprecation] TimeOfDay in org.joda.time has been deprecated
    [javac]         assertEquals("20", field.getAsShortText(new TimeOfDay(12, 30, 40, 50), 20, null));
    [javac]                                                     ^
    [javac] /tmp/run_mutation.pl_116689_1501359369/3f/src/test/java/org/joda/time/field/TestBaseDateTimeField.java:145: warning: [deprecation] TimeOfDay in org.joda.time has been deprecated
    [javac]         assertEquals("40", field.getAsShortText(new TimeOfDay(12, 30, 40, 50), Locale.ENGLISH));
    [javac]                                                     ^
    [javac] /tmp/run_mutation.pl_116689_1501359369/3f/src/test/java/org/joda/time/field/TestBaseDateTimeField.java:146: warning: [deprecation] TimeOfDay in org.joda.time has been deprecated
    [javac]         assertEquals("40", field.getAsShortText(new TimeOfDay(12, 30, 40, 50), null));
    [javac]                                                     ^
    [javac] /tmp/run_mutation.pl_116689_1501359369/3f/src/test/java/org/joda/time/field/TestBaseDateTimeField.java:174: warning: [deprecation] TimeOfDay in org.joda.time has been deprecated
    [javac]         int[] result = field.add(new TimeOfDay(), 2, values, 0);
    [javac]                                      ^
    [javac] /tmp/run_mutation.pl_116689_1501359369/3f/src/test/java/org/joda/time/field/TestBaseDateTimeField.java:179: warning: [deprecation] TimeOfDay in org.joda.time has been deprecated
    [javac]         result = field.add(new TimeOfDay(), 2, values, 1);
    [javac]                                ^
    [javac] /tmp/run_mutation.pl_116689_1501359369/3f/src/test/java/org/joda/time/field/TestBaseDateTimeField.java:184: warning: [deprecation] TimeOfDay in org.joda.time has been deprecated
    [javac]         result = field.add(new TimeOfDay(), 2, values, 30);
    [javac]                                ^
    [javac] /tmp/run_mutation.pl_116689_1501359369/3f/src/test/java/org/joda/time/field/TestBaseDateTimeField.java:189: warning: [deprecation] TimeOfDay in org.joda.time has been deprecated
    [javac]             field.add(new TimeOfDay(), 2, values, 30);
    [javac]                           ^
    [javac] /tmp/run_mutation.pl_116689_1501359369/3f/src/test/java/org/joda/time/field/TestBaseDateTimeField.java:195: warning: [deprecation] TimeOfDay in org.joda.time has been deprecated
    [javac]         result = field.add(new TimeOfDay(), 2, values, -1);
    [javac]                                ^
    [javac] /tmp/run_mutation.pl_116689_1501359369/3f/src/test/java/org/joda/time/field/TestBaseDateTimeField.java:200: warning: [deprecation] TimeOfDay in org.joda.time has been deprecated
    [javac]         result = field.add(new TimeOfDay(), 2, values, -31);
    [javac]                                ^
    [javac] /tmp/run_mutation.pl_116689_1501359369/3f/src/test/java/org/joda/time/field/TestBaseDateTimeField.java:205: warning: [deprecation] TimeOfDay in org.joda.time has been deprecated
    [javac]             field.add(new TimeOfDay(), 2, values, -31);
    [javac]                           ^
    [javac] /tmp/run_mutation.pl_116689_1501359369/3f/src/test/java/org/joda/time/field/TestBaseDateTimeField.java:234: warning: [deprecation] TimeOfDay in org.joda.time has been deprecated
    [javac]         int[] result = field.addWrapField(new TimeOfDay(), 2, values, 0);
    [javac]                                               ^
    [javac] /tmp/run_mutation.pl_116689_1501359369/3f/src/test/java/org/joda/time/field/TestBaseDateTimeField.java:239: warning: [deprecation] TimeOfDay in org.joda.time has been deprecated
    [javac]         result = field.addWrapField(new TimeOfDay(), 2, values, 29);
    [javac]                                         ^
    [javac] /tmp/run_mutation.pl_116689_1501359369/3f/src/test/java/org/joda/time/field/TestBaseDateTimeField.java:244: warning: [deprecation] TimeOfDay in org.joda.time has been deprecated
    [javac]         result = field.addWrapField(new TimeOfDay(), 2, values, 30);
    [javac]                                         ^
    [javac] /tmp/run_mutation.pl_116689_1501359369/3f/src/test/java/org/joda/time/field/TestBaseDateTimeField.java:249: warning: [deprecation] TimeOfDay in org.joda.time has been deprecated
    [javac]         result = field.addWrapField(new TimeOfDay(), 2, values, 31);
    [javac]                                         ^
    [javac] /tmp/run_mutation.pl_116689_1501359369/3f/src/test/java/org/joda/time/field/TestBaseDateTimeField.java:279: warning: [deprecation] TimeOfDay in org.joda.time has been deprecated
    [javac]         int[] result = field.set(new TimeOfDay(), 2, values, 30);
    [javac]                                      ^
    [javac] /tmp/run_mutation.pl_116689_1501359369/3f/src/test/java/org/joda/time/field/TestBaseDateTimeField.java:284: warning: [deprecation] TimeOfDay in org.joda.time has been deprecated
    [javac]         result = field.set(new TimeOfDay(), 2, values, 29);
    [javac]                                ^
    [javac] /tmp/run_mutation.pl_116689_1501359369/3f/src/test/java/org/joda/time/field/TestBaseDateTimeField.java:290: warning: [deprecation] TimeOfDay in org.joda.time has been deprecated
    [javac]             field.set(new TimeOfDay(), 2, values, 60);
    [javac]                           ^
    [javac] /tmp/run_mutation.pl_116689_1501359369/3f/src/test/java/org/joda/time/field/TestBaseDateTimeField.java:298: warning: [deprecation] TimeOfDay in org.joda.time has been deprecated
    [javac]             field.set(new TimeOfDay(), 2, values, -1);
    [javac]                           ^
    [javac] /tmp/run_mutation.pl_116689_1501359369/3f/src/test/java/org/joda/time/field/TestBaseDateTimeField.java:320: warning: [deprecation] TimeOfDay in org.joda.time has been deprecated
    [javac]         int[] result = field.set(new TimeOfDay(), 2, values, "30", null);
    [javac]                                      ^
    [javac] /tmp/run_mutation.pl_116689_1501359369/3f/src/test/java/org/joda/time/field/TestBaseDateTimeField.java:325: warning: [deprecation] TimeOfDay in org.joda.time has been deprecated
    [javac]         result = field.set(new TimeOfDay(), 2, values, "29", Locale.ENGLISH);
    [javac]                                ^
    [javac] /tmp/run_mutation.pl_116689_1501359369/3f/src/test/java/org/joda/time/field/TestBaseDateTimeField.java:331: warning: [deprecation] TimeOfDay in org.joda.time has been deprecated
    [javac]             field.set(new TimeOfDay(), 2, values, "60", null);
    [javac]                           ^
    [javac] /tmp/run_mutation.pl_116689_1501359369/3f/src/test/java/org/joda/time/field/TestBaseDateTimeField.java:339: warning: [deprecation] TimeOfDay in org.joda.time has been deprecated
    [javac]             field.set(new TimeOfDay(), 2, values, "-1", null);
    [javac]                           ^
    [javac] /tmp/run_mutation.pl_116689_1501359369/3f/src/test/java/org/joda/time/field/TestBaseDateTimeField.java:392: warning: [deprecation] TimeOfDay in org.joda.time has been deprecated
    [javac]         assertEquals(0, field.getMinimumValue(new TimeOfDay()));
    [javac]                                                   ^
    [javac] /tmp/run_mutation.pl_116689_1501359369/3f/src/test/java/org/joda/time/field/TestBaseDateTimeField.java:397: warning: [deprecation] TimeOfDay in org.joda.time has been deprecated
    [javac]         assertEquals(0, field.getMinimumValue(new TimeOfDay(), new int[4]));
    [javac]                                                   ^
    [javac] /tmp/run_mutation.pl_116689_1501359369/3f/src/test/java/org/joda/time/field/TestBaseDateTimeField.java:412: warning: [deprecation] TimeOfDay in org.joda.time has been deprecated
    [javac]         assertEquals(59, field.getMaximumValue(new TimeOfDay()));
    [javac]                                                    ^
    [javac] /tmp/run_mutation.pl_116689_1501359369/3f/src/test/java/org/joda/time/field/TestBaseDateTimeField.java:417: warning: [deprecation] TimeOfDay in org.joda.time has been deprecated
    [javac]         assertEquals(59, field.getMaximumValue(new TimeOfDay(), new int[4]));
    [javac]                                                    ^
    [javac] /tmp/run_mutation.pl_116689_1501359369/3f/src/test/java/org/joda/time/field/TestOffsetDateTimeField.java:161: warning: [deprecation] TimeOfDay in org.joda.time has been deprecated
    [javac]         assertEquals("20", field.getAsText(new TimeOfDay(12, 30, 40, 50), 20, Locale.ENGLISH));
    [javac]                                                ^
    [javac] /tmp/run_mutation.pl_116689_1501359369/3f/src/test/java/org/joda/time/field/TestOffsetDateTimeField.java:162: warning: [deprecation] TimeOfDay in org.joda.time has been deprecated
    [javac]         assertEquals("20", field.getAsText(new TimeOfDay(12, 30, 40, 50), 20, null));
    [javac]                                                ^
    [javac] /tmp/run_mutation.pl_116689_1501359369/3f/src/test/java/org/joda/time/field/TestOffsetDateTimeField.java:167: warning: [deprecation] TimeOfDay in org.joda.time has been deprecated
    [javac]         assertEquals("40", field.getAsText(new TimeOfDay(12, 30, 40, 50), Locale.ENGLISH));
    [javac]                                                ^
    [javac] /tmp/run_mutation.pl_116689_1501359369/3f/src/test/java/org/joda/time/field/TestOffsetDateTimeField.java:168: warning: [deprecation] TimeOfDay in org.joda.time has been deprecated
    [javac]         assertEquals("40", field.getAsText(new TimeOfDay(12, 30, 40, 50), null));
    [javac]                                                ^
    [javac] /tmp/run_mutation.pl_116689_1501359369/3f/src/test/java/org/joda/time/field/TestOffsetDateTimeField.java:191: warning: [deprecation] TimeOfDay in org.joda.time has been deprecated
    [javac]         assertEquals("20", field.getAsShortText(new TimeOfDay(12, 30, 40, 50), 20, Locale.ENGLISH));
    [javac]                                                     ^
    [javac] /tmp/run_mutation.pl_116689_1501359369/3f/src/test/java/org/joda/time/field/TestOffsetDateTimeField.java:192: warning: [deprecation] TimeOfDay in org.joda.time has been deprecated
    [javac]         assertEquals("20", field.getAsShortText(new TimeOfDay(12, 30, 40, 50), 20, null));
    [javac]                                                     ^
    [javac] /tmp/run_mutation.pl_116689_1501359369/3f/src/test/java/org/joda/time/field/TestOffsetDateTimeField.java:197: warning: [deprecation] TimeOfDay in org.joda.time has been deprecated
    [javac]         assertEquals("40", field.getAsShortText(new TimeOfDay(12, 30, 40, 50), Locale.ENGLISH));
    [javac]                                                     ^
    [javac] /tmp/run_mutation.pl_116689_1501359369/3f/src/test/java/org/joda/time/field/TestOffsetDateTimeField.java:198: warning: [deprecation] TimeOfDay in org.joda.time has been deprecated
    [javac]         assertEquals("40", field.getAsShortText(new TimeOfDay(12, 30, 40, 50), null));
    [javac]                                                     ^
    [javac] /tmp/run_mutation.pl_116689_1501359369/3f/src/test/java/org/joda/time/field/TestOffsetDateTimeField.java:222: warning: [deprecation] TimeOfDay in org.joda.time has been deprecated
    [javac]         int[] result = field.add(new TimeOfDay(), 2, values, 0);
    [javac]                                      ^
    [javac] /tmp/run_mutation.pl_116689_1501359369/3f/src/test/java/org/joda/time/field/TestOffsetDateTimeField.java:227: warning: [deprecation] TimeOfDay in org.joda.time has been deprecated
    [javac]         result = field.add(new TimeOfDay(), 2, values, 1);
    [javac]                                ^
    [javac] /tmp/run_mutation.pl_116689_1501359369/3f/src/test/java/org/joda/time/field/TestOffsetDateTimeField.java:232: warning: [deprecation] TimeOfDay in org.joda.time has been deprecated
    [javac]         result = field.add(new TimeOfDay(), 2, values, 32);
    [javac]                                ^
    [javac] /tmp/run_mutation.pl_116689_1501359369/3f/src/test/java/org/joda/time/field/TestOffsetDateTimeField.java:237: warning: [deprecation] TimeOfDay in org.joda.time has been deprecated
    [javac]         result = field.add(new TimeOfDay(), 2, values, 33);
    [javac]                                ^
    [javac] /tmp/run_mutation.pl_116689_1501359369/3f/src/test/java/org/joda/time/field/TestOffsetDateTimeField.java:242: warning: [deprecation] TimeOfDay in org.joda.time has been deprecated
    [javac]             field.add(new TimeOfDay(), 2, values, 33);
    [javac]                           ^
    [javac] /tmp/run_mutation.pl_116689_1501359369/3f/src/test/java/org/joda/time/field/TestOffsetDateTimeField.java:248: warning: [deprecation] TimeOfDay in org.joda.time has been deprecated
    [javac]         result = field.add(new TimeOfDay(), 2, values, -1);
    [javac]                                ^
    [javac] /tmp/run_mutation.pl_116689_1501359369/3f/src/test/java/org/joda/time/field/TestOffsetDateTimeField.java:253: warning: [deprecation] TimeOfDay in org.joda.time has been deprecated
    [javac]         result = field.add(new TimeOfDay(), 2, values, -31);
    [javac]                                ^
    [javac] /tmp/run_mutation.pl_116689_1501359369/3f/src/test/java/org/joda/time/field/TestOffsetDateTimeField.java:258: warning: [deprecation] TimeOfDay in org.joda.time has been deprecated
    [javac]             field.add(new TimeOfDay(), 2, values, -31);
    [javac]                           ^
    [javac] /tmp/run_mutation.pl_116689_1501359369/3f/src/test/java/org/joda/time/field/TestOffsetDateTimeField.java:275: warning: [deprecation] TimeOfDay in org.joda.time has been deprecated
    [javac]         int[] result = field.addWrapField(new TimeOfDay(), 2, values, 0);
    [javac]                                               ^
    [javac] /tmp/run_mutation.pl_116689_1501359369/3f/src/test/java/org/joda/time/field/TestOffsetDateTimeField.java:280: warning: [deprecation] TimeOfDay in org.joda.time has been deprecated
    [javac]         result = field.addWrapField(new TimeOfDay(), 2, values, 29);
    [javac]                                         ^
    [javac] Note: Some input files additionally use or override a deprecated API.
    [javac] Note: Some input files use unchecked or unsafe operations.
    [javac] Note: Recompile with -Xlint:unchecked for details.
    [javac] 100 warnings
     [copy] Copying 32 files to /tmp/run_mutation.pl_116689_1501359369/3f/target/test-classes

joda-time.compile.tests:

compile.tests:

update.all.tests:

mutation.test:
     [echo] Running mutation analysis ...
    [junit] MAJOR: Mutation analysis enabled
SLF4J: Failed to load class "org.slf4j.impl.StaticLoggerBinder".
SLF4J: Defaulting to no-operation (NOP) logger implementation
SLF4J: See http://www.slf4j.org/codes.html#StaticLoggerBinder for further details.
    [junit] MAJOR: org.joda.time.MutableDateTime_ESTest0[test00] failed!
    [junit] MAJOR:  -> AssertionFailedError
    [junit] MAJOR:  -> "expected:<-5142390809918680> but was:<-5142281859781675>"
    [junit] MAJOR: org.joda.time.MutableDateTime_ESTest1[test01] failed!
    [junit] MAJOR:  -> AssertionFailedError
    [junit] MAJOR:  -> "expected:<1392595200000> but was:<1501459200000>"
    [junit] MAJOR: org.joda.time.MutableDateTime_ESTest12[test12] failed!
    [junit] MAJOR:  -> AssertionFailedError
    [junit] MAJOR:  -> "expected:<1392409281320> but was:<1501359420418>"
    [junit] MAJOR: org.joda.time.MutableDateTime_ESTest14[test14] failed!
    [junit] MAJOR:  -> AssertionFailedError
    [junit] MAJOR:  -> "expected:<73281320> but was:<73020880>"
    [junit] MAJOR: org.joda.time.MutableDateTime_ESTest15[test15] failed!
    [junit] MAJOR:  -> AssertionFailedError
    [junit] MAJOR:  -> "expected:<1392409282490> but was:<1501359422318>"
    [junit] MAJOR: org.joda.time.MutableDateTime_ESTest19[test19] failed!
    [junit] MAJOR:  -> AssertionFailedError
    [junit] MAJOR:  -> "expected:<1392409281320> but was:<1501359422737>"
    [junit] MAJOR: org.joda.time.MutableDateTime_ESTest25[test25] failed!
    [junit] MAJOR:  -> AssertionFailedError
    [junit] MAJOR:  -> "expected:<1392409265320> but was:<1501359425126>"
    [junit] MAJOR: org.joda.time.MutableDateTime_ESTest3[test03] failed!
    [junit] MAJOR:  -> AssertionFailedError
    [junit] MAJOR:  -> "expected:<1392595200000> but was:<1501459200000>"
    [junit] MAJOR: org.joda.time.MutableDateTime_ESTest33[test33] failed!
    [junit] MAJOR:  -> AssertionFailedError
    [junit] MAJOR:  -> "expected:<1392336000000> but was:<1501286400000>"
    [junit] MAJOR: org.joda.time.MutableDateTime_ESTest41[test41] failed!
    [junit] MAJOR:  -> AssertionFailedError
    [junit] MAJOR:  -> "expected:<-53769152318680> but was:<-53754896568765>"
    [junit] MAJOR: org.joda.time.MutableDateTime_ESTest42[test42] failed!
    [junit] MAJOR:  -> AssertionFailedError
    [junit] MAJOR:  -> "expected:<1392337281320> but was:<1501287431608>"
    [junit] MAJOR: org.joda.time.MutableDateTime_ESTest5[test05] failed!
    [junit] MAJOR:  -> AssertionFailedError
    [junit] MAJOR:  -> "expected:<1392409281000> but was:<1501359435000>"
    [junit] MAJOR: org.joda.time.MutableDateTime_ESTest56[test56] failed!
    [junit] MAJOR:  -> AssertionFailedError
    [junit] MAJOR:  -> "expected:<1392409281320> but was:<1501359437703>"
    [junit] MAJOR: org.joda.time.MutableDateTime_ESTest6[test06] failed!
    [junit] MAJOR:  -> AssertionFailedError
    [junit] MAJOR:  -> "expected:<1392409281296> but was:<1501359439384>"
    [junit] MAJOR: org.joda.time.MutableDateTime_ESTest61[test61] failed!
    [junit] MAJOR:  -> AssertionFailedError
    [junit] MAJOR:  -> "expected:<1392409281000> but was:<1501359440000>"
    [junit] MAJOR: org.joda.time.MutableDateTime_ESTest62[test62] failed!
    [junit] MAJOR:  -> AssertionFailedError
    [junit] MAJOR:  -> "expected:<1392409281000> but was:<1501359441000>"
    [junit] MAJOR: org.joda.time.MutableDateTime_ESTest63[test63] failed!
    [junit] MAJOR:  -> AssertionFailedError
    [junit] MAJOR:  -> "expected:<1392497541320> but was:<1501447701249>"
    [junit] MAJOR: org.joda.time.MutableDateTime_ESTest67[test67] failed!
    [junit] MAJOR:  -> AssertionFailedError
    [junit] MAJOR:  -> "expected:<1392409280099> but was:<1501359441567>"
    [junit] MAJOR: org.joda.time.MutableDateTime_ESTest71[test71] failed!
    [junit] MAJOR:  -> AssertionFailedError
    [junit] MAJOR:  -> "expected:<1392412281320> but was:<1501362445333>"
    [junit] MAJOR: org.joda.time.MutableDateTime_ESTest73[test73] failed!
    [junit] MAJOR:  -> AssertionFailedError
    [junit] MAJOR:  -> "expected:<1392409281320> but was:<1501359446122>"
    [junit] MAJOR: org.joda.time.MutableDateTime_ESTest74[test74] failed!
    [junit] MAJOR:  -> AssertionFailedError
    [junit] MAJOR:  -> "expected:<1392409281320> but was:<1501359446679>"
    [junit] MAJOR: org.joda.time.MutableDateTime_ESTest75[test75] failed!
    [junit] MAJOR:  -> AssertionFailedError
    [junit] MAJOR:  -> "expected:<6567769281320> but was:<6676719447351>"
    [junit] MAJOR: org.joda.time.MutableDateTime_ESTest76[test76] failed!
    [junit] MAJOR:  -> AssertionFailedError
    [junit] MAJOR:  -> "expected:<1392409281320> but was:<1501359447930>"
    [junit] MAJOR: org.joda.time.MutableDateTime_ESTest77[test77] failed!
    [junit] MAJOR:  -> AssertionFailedError
    [junit] MAJOR:  -> "expected:<1487362881320> but was:<1595708248333>"
    [junit] MAJOR: org.joda.time.MutableDateTime_ESTest78[test78] failed!
    [junit] MAJOR:  -> AssertionFailedError
    [junit] MAJOR:  -> "expected:<1392409281320> but was:<1501359448731>"
    [junit] MAJOR: org.joda.time.MutableDateTime_ESTest79[test79] failed!
    [junit] MAJOR:  -> AssertionFailedError
    [junit] MAJOR:  -> "expected:<1163535681320> but was:<1272572249193>"
    [junit] MAJOR: org.joda.time.MutableDateTime_ESTest8[test08] failed!
    [junit] MAJOR:  -> AssertionFailedError
    [junit] MAJOR:  -> "expected:<1392422400000> but was:<1501372800000>"
    [junit] MAJOR: org.joda.time.MutableDateTime_ESTest80[test80] failed!
    [junit] MAJOR:  -> AssertionFailedError
    [junit] MAJOR:  -> "expected:<1392409281320> but was:<1501359450597>"
    [junit] MAJOR: org.joda.time.MutableDateTime_ESTest81[test81] failed!
    [junit] MAJOR:  -> AssertionFailedError
    [junit] MAJOR:  -> "expected:<1391804481320> but was:<1500754650999>"
    [junit] MAJOR: org.joda.time.MutableDateTime_ESTest82[test82] failed!
    [junit] MAJOR:  -> AssertionFailedError
    [junit] MAJOR:  -> "expected:<1392409281320> but was:<1501359451417>"
    [junit] MAJOR: org.joda.time.MutableDateTime_ESTest83[test83] failed!
    [junit] MAJOR:  -> AssertionFailedError
    [junit] MAJOR:  -> "expected:<1554162409281320> but was:<1554271359451826>"
    [junit] MAJOR: org.joda.time.MutableDateTime_ESTest84[test84] failed!
    [junit] MAJOR:  -> AssertionFailedError
    [junit] MAJOR:  -> "expected:<1392409281320> but was:<1501359452462>"
    [junit] MAJOR: org.joda.time.MutableDateTime_ESTest85[test85] failed!
    [junit] MAJOR:  -> AssertionFailedError
    [junit] MAJOR:  -> "expected:<1398075681320> but was:<1507025853146>"
    [junit] MAJOR: org.joda.time.MutableDateTime_ESTest87[test87] failed!
    [junit] MAJOR:  -> AssertionFailedError
    [junit] MAJOR:  -> "expected:<1392407181320> but was:<1501357354255>"
    [junit] MAJOR: org.joda.time.MutableDateTime_ESTest88[test88] failed!
    [junit] MAJOR:  -> AssertionFailedError
    [junit] MAJOR:  -> "expected:<1392409281320> but was:<1501359454677>"
    [junit] MAJOR: org.joda.time.MutableDateTime_ESTest89[test89] failed!
    [junit] MAJOR:  -> AssertionFailedError
    [junit] MAJOR:  -> "expected:<1392410974320> but was:<1501361148212>"
    [junit] MAJOR: org.joda.time.MutableDateTime_ESTest90[test90] failed!
    [junit] MAJOR:  -> AssertionFailedError
    [junit] MAJOR:  -> "expected:<1392409281320> but was:<1501359456844>"
    [junit] MAJOR: org.joda.time.MutableDateTime_ESTest91[test91] failed!
    [junit] MAJOR:  -> AssertionFailedError
    [junit] MAJOR:  -> "expected:<1392409281370> but was:<1501359457355>"
    [junit] MAJOR: org.joda.time.MutableDateTime_ESTest92[test92] failed!
    [junit] MAJOR:  -> AssertionFailedError
    [junit] MAJOR:  -> "expected:<1392409281320> but was:<1501359457786>"
    [junit] MAJOR: Exclude 39 failing test classes:
    [junit] MAJOR:  - org.joda.time.MutableDateTime_ESTest0
    [junit] MAJOR:  - org.joda.time.MutableDateTime_ESTest1
    [junit] MAJOR:  - org.joda.time.MutableDateTime_ESTest12
    [junit] MAJOR:  - org.joda.time.MutableDateTime_ESTest14
    [junit] MAJOR:  - org.joda.time.MutableDateTime_ESTest15
    [junit] MAJOR:  - org.joda.time.MutableDateTime_ESTest19
    [junit] MAJOR:  - org.joda.time.MutableDateTime_ESTest25
    [junit] MAJOR:  - org.joda.time.MutableDateTime_ESTest3
    [junit] MAJOR:  - org.joda.time.MutableDateTime_ESTest33
    [junit] MAJOR:  - org.joda.time.MutableDateTime_ESTest41
    [junit] MAJOR:  - org.joda.time.MutableDateTime_ESTest42
    [junit] MAJOR:  - org.joda.time.MutableDateTime_ESTest5
    [junit] MAJOR:  - org.joda.time.MutableDateTime_ESTest56
    [junit] MAJOR:  - org.joda.time.MutableDateTime_ESTest6
    [junit] MAJOR:  - org.joda.time.MutableDateTime_ESTest61
    [junit] MAJOR:  - org.joda.time.MutableDateTime_ESTest62
    [junit] MAJOR:  - org.joda.time.MutableDateTime_ESTest63
    [junit] MAJOR:  - org.joda.time.MutableDateTime_ESTest67
    [junit] MAJOR:  - org.joda.time.MutableDateTime_ESTest71
    [junit] MAJOR:  - org.joda.time.MutableDateTime_ESTest73
    [junit] MAJOR:  - org.joda.time.MutableDateTime_ESTest74
    [junit] MAJOR:  - org.joda.time.MutableDateTime_ESTest75
    [junit] MAJOR:  - org.joda.time.MutableDateTime_ESTest76
    [junit] MAJOR:  - org.joda.time.MutableDateTime_ESTest77
    [junit] MAJOR:  - org.joda.time.MutableDateTime_ESTest78
    [junit] MAJOR:  - org.joda.time.MutableDateTime_ESTest79
    [junit] MAJOR:  - org.joda.time.MutableDateTime_ESTest8
    [junit] MAJOR:  - org.joda.time.MutableDateTime_ESTest80
    [junit] MAJOR:  - org.joda.time.MutableDateTime_ESTest81
    [junit] MAJOR:  - org.joda.time.MutableDateTime_ESTest82
    [junit] MAJOR:  - org.joda.time.MutableDateTime_ESTest83
    [junit] MAJOR:  - org.joda.time.MutableDateTime_ESTest84
    [junit] MAJOR:  - org.joda.time.MutableDateTime_ESTest85
    [junit] MAJOR:  - org.joda.time.MutableDateTime_ESTest87
    [junit] MAJOR:  - org.joda.time.MutableDateTime_ESTest88
    [junit] MAJOR:  - org.joda.time.MutableDateTime_ESTest89
    [junit] MAJOR:  - org.joda.time.MutableDateTime_ESTest90
    [junit] MAJOR:  - org.joda.time.MutableDateTime_ESTest91
    [junit] MAJOR:  - org.joda.time.MutableDateTime_ESTest92
    [junit] MAJOR: ------------------------------------------------------------
    [junit] MAJOR: Run 56 ordered tests to verify independence
    [junit] MAJOR: ------------------------------------------------------------
    [junit] MAJOR: Preprocessing time: 86.87 seconds
    [junit] MAJOR: ------------------------------------------------------------
    [junit] MAJOR: Mutants generated: 249
    [junit] MAJOR: Mutants covered:   118 (47.39%)
    [junit] MAJOR: ------------------------------------------------------------
    [junit] MAJOR: Export test map to (testMap.csv)
    [junit] MAJOR: Export coverage map to (covMap.csv)
    [junit] MAJOR: Exclude 0 mutants
    [junit] MAJOR: ------------------------------------------------------------
    [junit] MAJOR: Run mutation analysis with 56 individual tests
    [junit] MAJOR: ------------------------------------------------------------
    [junit] MAJOR: 1/56 - org.joda.time.MutableDateTime_ESTest22 (13ms / 2):
    [junit] MAJOR: 2116 (0 / 2 / 2) -> AVG-RTPM: 1058ms
    [junit] MAJOR: Mutants killed / live: 0 (0-0-0) / 118
    [junit] MAJOR: ------------------------------------------------------------
    [junit] MAJOR: 2/56 - org.joda.time.MutableDateTime_ESTest30 (13ms / 0):
    [junit] MAJOR: 2117 (0 / 0 / 0) -> AVG-RTPM: 0ms
    [junit] MAJOR: Mutants killed / live: 0 (0-0-0) / 118
    [junit] MAJOR: ------------------------------------------------------------
    [junit] MAJOR: 3/56 - org.joda.time.MutableDateTime_ESTest32 (13ms / 2):
    [junit] MAJOR: 4571 (2 / 2 / 2) -> AVG-RTPM: 1227ms
    [junit] MAJOR: Mutants killed / live: 2 (2-0-0) / 116
    [junit] MAJOR: ------------------------------------------------------------
    [junit] MAJOR: 4/56 - org.joda.time.MutableDateTime_ESTest47 (13ms / 1):
    [junit] MAJOR: 5746 (1 / 1 / 1) -> AVG-RTPM: 1175ms
    [junit] MAJOR: Mutants killed / live: 3 (3-0-0) / 115
    [junit] MAJOR: ------------------------------------------------------------
    [junit] MAJOR: 5/56 - org.joda.time.MutableDateTime_ESTest23 (14ms / 2):
    [junit] MAJOR: 8743 (0 / 2 / 2) -> AVG-RTPM: 1498ms
    [junit] MAJOR: Mutants killed / live: 3 (3-0-0) / 115
    [junit] MAJOR: ------------------------------------------------------------
    [junit] MAJOR: 6/56 - org.joda.time.MutableDateTime_ESTest29 (14ms / 6):
    [junit] MAJOR: 16875 (2 / 6 / 6) -> AVG-RTPM: 1355ms
    [junit] MAJOR: Mutants killed / live: 5 (3-2-0) / 113
    [junit] MAJOR: ------------------------------------------------------------
    [junit] MAJOR: 7/56 - org.joda.time.MutableDateTime_ESTest31 (14ms / 0):
    [junit] MAJOR: 16875 (0 / 0 / 0) -> AVG-RTPM: 0ms
    [junit] MAJOR: Mutants killed / live: 5 (3-2-0) / 113
    [junit] MAJOR: ------------------------------------------------------------
    [junit] MAJOR: 8/56 - org.joda.time.MutableDateTime_ESTest4 (14ms / 2):
    [junit] MAJOR: 19894 (2 / 2 / 2) -> AVG-RTPM: 1509ms
    [junit] MAJOR: Mutants killed / live: 7 (3-4-0) / 111
    [junit] MAJOR: ------------------------------------------------------------
    [junit] MAJOR: 9/56 - org.joda.time.MutableDateTime_ESTest48 (14ms / 2):
    [junit] MAJOR: 22376 (0 / 2 / 2) -> AVG-RTPM: 1241ms
    [junit] MAJOR: Mutants killed / live: 7 (3-4-0) / 111
    [junit] MAJOR: ------------------------------------------------------------
    [junit] MAJOR: 10/56 - org.joda.time.MutableDateTime_ESTest51 (14ms / 0):
    [junit] MAJOR: 22376 (0 / 0 / 0) -> AVG-RTPM: 0ms
    [junit] MAJOR: Mutants killed / live: 7 (3-4-0) / 111
    [junit] MAJOR: ------------------------------------------------------------
    [junit] MAJOR: 11/56 - org.joda.time.MutableDateTime_ESTest54 (14ms / 3):
    [junit] MAJOR: 26113 (2 / 3 / 3) -> AVG-RTPM: 1245ms
    [junit] MAJOR: Mutants killed / live: 9 (5-4-0) / 109
    [junit] MAJOR: ------------------------------------------------------------
    [junit] MAJOR: 12/56 - org.joda.time.MutableDateTime_ESTest58 (14ms / 31):
    [junit] MAJOR: 83722 (12 / 31 / 31) -> AVG-RTPM: 1858ms
    [junit] MAJOR: Mutants killed / live: 21 (17-4-0) / 97
    [junit] MAJOR: ------------------------------------------------------------
    [junit] MAJOR: 13/56 - org.joda.time.MutableDateTime_ESTest59 (14ms / 46):
    [junit] MAJOR: 214558 (18 / 46 / 46) -> AVG-RTPM: 2844ms
    [junit] MAJOR: Mutants killed / live: 39 (20-23-0) / 79
    [junit] MAJOR: ------------------------------------------------------------
    [junit] MAJOR: 14/56 - org.joda.time.MutableDateTime_ESTest64 (14ms / 3):
    [junit] MAJOR: 224894 (0 / 3 / 3) -> AVG-RTPM: 3445ms
    [junit] MAJOR: Mutants killed / live: 39 (20-23-0) / 79
    [junit] MAJOR: ------------------------------------------------------------
    [junit] MAJOR: 15/56 - org.joda.time.MutableDateTime_ESTest13 (15ms / 0):
    [junit] MAJOR: 224895 (0 / 0 / 0) -> AVG-RTPM: 0ms
    [junit] MAJOR: Mutants killed / live: 39 (20-23-0) / 79
    [junit] MAJOR: ------------------------------------------------------------
    [junit] MAJOR: 16/56 - org.joda.time.MutableDateTime_ESTest20 (15ms / 0):
    [junit] MAJOR: 224895 (0 / 0 / 0) -> AVG-RTPM: 0ms
    [junit] MAJOR: Mutants killed / live: 39 (20-23-0) / 79
    [junit] MAJOR: ------------------------------------------------------------
    [junit] MAJOR: 17/56 - org.joda.time.MutableDateTime_ESTest37 (15ms / 0):
    [junit] MAJOR: 224895 (0 / 0 / 0) -> AVG-RTPM: 0ms
    [junit] MAJOR: Mutants killed / live: 39 (20-23-0) / 79
    [junit] MAJOR: ------------------------------------------------------------
    [junit] MAJOR: 18/56 - org.joda.time.MutableDateTime_ESTest39 (15ms / 2):
    [junit] MAJOR: 232104 (0 / 2 / 2) -> AVG-RTPM: 3604ms
    [junit] MAJOR: Mutants killed / live: 39 (20-23-0) / 79
    [junit] MAJOR: ------------------------------------------------------------
    [junit] MAJOR: 19/56 - org.joda.time.MutableDateTime_ESTest60 (15ms / 46):
    [junit] MAJOR: 395833 (0 / 46 / 46) -> AVG-RTPM: 3559ms
    [junit] MAJOR: Mutants killed / live: 39 (23-42-0) / 79
    [junit] MAJOR: ------------------------------------------------------------
    [junit] MAJOR: 20/56 - org.joda.time.MutableDateTime_ESTest65 (15ms / 4):
    [junit] MAJOR: 413450 (0 / 4 / 4) -> AVG-RTPM: 4404ms
    [junit] MAJOR: Mutants killed / live: 39 (23-42-0) / 79
    [junit] MAJOR: ------------------------------------------------------------
    [junit] MAJOR: 21/56 - org.joda.time.MutableDateTime_ESTest66 (15ms / 6):
    [junit] MAJOR: 430383 (5 / 6 / 6) -> AVG-RTPM: 2822ms
    [junit] MAJOR: Mutants killed / live: 44 (23-46-1) / 74
    [junit] MAJOR: ------------------------------------------------------------
    [junit] MAJOR: 22/56 - org.joda.time.MutableDateTime_ESTest70 (15ms / 3):
    [junit] MAJOR: 431150 (3 / 3 / 3) -> AVG-RTPM: 255ms
    [junit] MAJOR: Mutants killed / live: 47 (23-49-1) / 71
    [junit] MAJOR: ------------------------------------------------------------
    [junit] MAJOR: 23/56 - org.joda.time.MutableDateTime_ESTest72 (15ms / 3):
    [junit] MAJOR: 432358 (3 / 3 / 3) -> AVG-RTPM: 402ms
    [junit] MAJOR: Mutants killed / live: 50 (23-52-1) / 68
    [junit] MAJOR: ------------------------------------------------------------
    [junit] MAJOR: 24/56 - org.joda.time.MutableDateTime_ESTest38 (16ms / 1):
    [junit] MAJOR: 432596 (1 / 1 / 1) -> AVG-RTPM: 237ms
    [junit] MAJOR: Mutants killed / live: 51 (23-53-1) / 67
    [junit] MAJOR: ------------------------------------------------------------
    [junit] MAJOR: 25/56 - org.joda.time.MutableDateTime_ESTest45 (16ms / 1):
    [junit] MAJOR: 432811 (1 / 1 / 1) -> AVG-RTPM: 215ms
    [junit] MAJOR: Mutants killed / live: 52 (23-54-1) / 66
    [junit] MAJOR: ------------------------------------------------------------
    [junit] MAJOR: 26/56 - org.joda.time.MutableDateTime_ESTest52 (16ms / 0):
    [junit] MAJOR: 432811 (0 / 0 / 0) -> AVG-RTPM: 0ms
    [junit] MAJOR: Mutants killed / live: 52 (23-54-1) / 66
    [junit] MAJOR: ------------------------------------------------------------
    [junit] MAJOR: 27/56 - org.joda.time.MutableDateTime_ESTest53 (16ms / 0):
    [junit] MAJOR: 432811 (0 / 0 / 0) -> AVG-RTPM: 0ms
    [junit] MAJOR: Mutants killed / live: 52 (23-54-1) / 66
    [junit] MAJOR: ------------------------------------------------------------
    [junit] MAJOR: 28/56 - org.joda.time.MutableDateTime_ESTest86 (16ms / 9):
    [junit] MAJOR: 435902 (9 / 9 / 9) -> AVG-RTPM: 343ms
    [junit] MAJOR: Mutants killed / live: 61 (23-63-1) / 57
    [junit] MAJOR: ------------------------------------------------------------
    [junit] MAJOR: 29/56 - org.joda.time.MutableDateTime_ESTest46 (17ms / 2):
    [junit] MAJOR: 436402 (0 / 2 / 2) -> AVG-RTPM: 250ms
    [junit] MAJOR: Mutants killed / live: 61 (23-65-1) / 57
    [junit] MAJOR: ------------------------------------------------------------
    [junit] MAJOR: 30/56 - org.joda.time.MutableDateTime_ESTest34 (19ms / 2):
    [junit] MAJOR: 436774 (0 / 2 / 2) -> AVG-RTPM: 185ms
    [junit] MAJOR: Mutants killed / live: 61 (23-67-1) / 57
    [junit] MAJOR: ------------------------------------------------------------
    [junit] MAJOR: 31/56 - org.joda.time.MutableDateTime_ESTest35 (19ms / 1):
    [junit] MAJOR: 436977 (1 / 1 / 1) -> AVG-RTPM: 203ms
    [junit] MAJOR: Mutants killed / live: 62 (23-68-1) / 56
    [junit] MAJOR: ------------------------------------------------------------
    [junit] MAJOR: 32/56 - org.joda.time.MutableDateTime_ESTest43 (19ms / 2):
    [junit] MAJOR: 437685 (1 / 2 / 2) -> AVG-RTPM: 353ms
    [junit] MAJOR: Mutants killed / live: 63 (23-70-1) / 55
    [junit] MAJOR: ------------------------------------------------------------
    [junit] MAJOR: 33/56 - org.joda.time.MutableDateTime_ESTest18 (20ms / 2):
    [junit] MAJOR: 438335 (1 / 2 / 2) -> AVG-RTPM: 325ms
    [junit] MAJOR: Mutants killed / live: 64 (23-72-1) / 54
    [junit] MAJOR: ------------------------------------------------------------
    [junit] MAJOR: 34/56 - org.joda.time.MutableDateTime_ESTest68 (20ms / 7):
    [junit] MAJOR: 441286 (7 / 7 / 7) -> AVG-RTPM: 421ms
    [junit] MAJOR: Mutants killed / live: 71 (23-79-1) / 47
    [junit] MAJOR: ------------------------------------------------------------
    [junit] MAJOR: 35/56 - org.joda.time.MutableDateTime_ESTest21 (21ms / 0):
    [junit] MAJOR: 441287 (0 / 0 / 0) -> AVG-RTPM: 0ms
    [junit] MAJOR: Mutants killed / live: 71 (23-79-1) / 47
    [junit] MAJOR: ------------------------------------------------------------
    [junit] MAJOR: 36/56 - org.joda.time.MutableDateTime_ESTest40 (21ms / 2):
    [junit] MAJOR: 441622 (0 / 2 / 2) -> AVG-RTPM: 167ms
    [junit] MAJOR: Mutants killed / live: 71 (23-81-1) / 47
    [junit] MAJOR: ------------------------------------------------------------
    [junit] MAJOR: 37/56 - org.joda.time.MutableDateTime_ESTest44 (21ms / 0):
    [junit] MAJOR: 441622 (0 / 0 / 0) -> AVG-RTPM: 0ms
    [junit] MAJOR: Mutants killed / live: 71 (23-81-1) / 47
    [junit] MAJOR: ------------------------------------------------------------
    [junit] MAJOR: 38/56 - org.joda.time.MutableDateTime_ESTest93 (21ms / 11):
    [junit] MAJOR: 445026 (9 / 11 / 11) -> AVG-RTPM: 309ms
    [junit] MAJOR: Mutants killed / live: 80 (23-92-1) / 38
    [junit] MAJOR: ------------------------------------------------------------
    [junit] MAJOR: 39/56 - org.joda.time.MutableDateTime_ESTest2 (22ms / 2):
    [junit] MAJOR: 445383 (0 / 2 / 2) -> AVG-RTPM: 178ms
    [junit] MAJOR: Mutants killed / live: 80 (23-94-1) / 38
    [junit] MAJOR: ------------------------------------------------------------
    [junit] MAJOR: 40/56 - org.joda.time.MutableDateTime_ESTest36 (22ms / 0):
    [junit] MAJOR: 445383 (0 / 0 / 0) -> AVG-RTPM: 0ms
    [junit] MAJOR: Mutants killed / live: 80 (23-94-1) / 38
    [junit] MAJOR: ------------------------------------------------------------
    [junit] MAJOR: 41/56 - org.joda.time.MutableDateTime_ESTest11 (23ms / 3):
    [junit] MAJOR: 446030 (1 / 3 / 3) -> AVG-RTPM: 215ms
    [junit] MAJOR: Mutants killed / live: 81 (23-97-1) / 37
    [junit] MAJOR: ------------------------------------------------------------
    [junit] MAJOR: 42/56 - org.joda.time.MutableDateTime_ESTest7 (23ms / 7):
    [junit] MAJOR: 447868 (3 / 7 / 7) -> AVG-RTPM: 262ms
    [junit] MAJOR: Mutants killed / live: 84 (23-104-1) / 34
    [junit] MAJOR: ------------------------------------------------------------
    [junit] MAJOR: 43/56 - org.joda.time.MutableDateTime_ESTest94 (23ms / 3):
    [junit] MAJOR: 448477 (0 / 3 / 3) -> AVG-RTPM: 203ms
    [junit] MAJOR: Mutants killed / live: 84 (23-107-1) / 34
    [junit] MAJOR: ------------------------------------------------------------
    [junit] MAJOR: 44/56 - org.joda.time.MutableDateTime_ESTest49 (25ms / 1):
    [junit] MAJOR: 448758 (1 / 1 / 1) -> AVG-RTPM: 281ms
    [junit] MAJOR: Mutants killed / live: 85 (23-108-1) / 33
    [junit] MAJOR: ------------------------------------------------------------
    [junit] MAJOR: 45/56 - org.joda.time.MutableDateTime_ESTest26 (26ms / 47):
    [junit] MAJOR: 468558 (16 / 47 / 47) -> AVG-RTPM: 421ms
    [junit] MAJOR: Mutants killed / live: 101 (23-155-1) / 17
    [junit] MAJOR: ------------------------------------------------------------
    [junit] MAJOR: 46/56 - org.joda.time.MutableDateTime_ESTest28 (31ms / 1):
    [junit] MAJOR: 468804 (1 / 1 / 1) -> AVG-RTPM: 246ms
    [junit] MAJOR: Mutants killed / live: 102 (23-156-1) / 16
    [junit] MAJOR: ------------------------------------------------------------
    [junit] MAJOR: 47/56 - org.joda.time.MutableDateTime_ESTest17 (39ms / 2):
    [junit] MAJOR: 469187 (0 / 2 / 2) -> AVG-RTPM: 191ms
    [junit] MAJOR: Mutants killed / live: 102 (23-158-1) / 16
    [junit] MAJOR: ------------------------------------------------------------
    [junit] MAJOR: 48/56 - org.joda.time.MutableDateTime_ESTest24 (39ms / 2):
    [junit] MAJOR: 469580 (1 / 2 / 2) -> AVG-RTPM: 196ms
    [junit] MAJOR: Mutants killed / live: 103 (23-160-1) / 15
    [junit] MAJOR: ------------------------------------------------------------
    [junit] MAJOR: 49/56 - org.joda.time.MutableDateTime_ESTest57 (42ms / 24):
    [junit] MAJOR: 480175 (0 / 24 / 24) -> AVG-RTPM: 441ms
    [junit] MAJOR: Mutants killed / live: 103 (23-184-1) / 15
    [junit] MAJOR: ------------------------------------------------------------
    [junit] MAJOR: 50/56 - org.joda.time.MutableDateTime_ESTest55 (44ms / 3):
    [junit] MAJOR: 480748 (0 / 3 / 3) -> AVG-RTPM: 191ms
    [junit] MAJOR: Mutants killed / live: 103 (23-187-1) / 15
    [junit] MAJOR: ------------------------------------------------------------
    [junit] MAJOR: 51/56 - org.joda.time.MutableDateTime_ESTest69 (45ms / 4):
    [junit] MAJOR: 481716 (1 / 4 / 4) -> AVG-RTPM: 241ms
    [junit] MAJOR: Mutants killed / live: 104 (23-191-1) / 14
    [junit] MAJOR: ------------------------------------------------------------
    [junit] MAJOR: 52/56 - org.joda.time.MutableDateTime_ESTest16 (47ms / 2):
    [junit] MAJOR: 482145 (2 / 2 / 2) -> AVG-RTPM: 214ms
    [junit] MAJOR: Mutants killed / live: 106 (23-193-1) / 12
    [junit] MAJOR: ------------------------------------------------------------
    [junit] MAJOR: 53/56 - org.joda.time.MutableDateTime_ESTest50 (53ms / 2):
    [junit] MAJOR: 482641 (0 / 2 / 2) -> AVG-RTPM: 248ms
    [junit] MAJOR: Mutants killed / live: 106 (23-195-1) / 12
    [junit] MAJOR: ------------------------------------------------------------
    [junit] MAJOR: 54/56 - org.joda.time.MutableDateTime_ESTest10 (57ms / 2):
    [junit] MAJOR: 483341 (0 / 2 / 2) -> AVG-RTPM: 350ms
    [junit] MAJOR: Mutants killed / live: 106 (23-197-1) / 12
    [junit] MAJOR: ------------------------------------------------------------
    [junit] MAJOR: 55/56 - org.joda.time.MutableDateTime_ESTest27 (89ms / 2):
    [junit] MAJOR: 483779 (1 / 2 / 2) -> AVG-RTPM: 219ms
    [junit] MAJOR: Mutants killed / live: 107 (23-199-1) / 11
    [junit] MAJOR: ------------------------------------------------------------
    [junit] MAJOR: 56/56 - org.joda.time.MutableDateTime_ESTest9 (205ms / 4):
    [junit] MAJOR: 484535 (1 / 4 / 4) -> AVG-RTPM: 189ms
    [junit] MAJOR: Mutants killed / live: 108 (23-203-1) / 10
    [junit] MAJOR: ------------------------------------------------------------
    [junit] MAJOR: Summary:
    [junit] MAJOR: 
    [junit] MAJOR: Analysis time:  484.5 seconds
    [junit] MAJOR: Mutation score: 43.37% (91.53%)
    [junit] MAJOR: Mutants killed / live: 108 (23-203-1) / 10
    [junit] MAJOR: Mutant executions: 315
    [junit] MAJOR: ------------------------------------------------------------
    [junit] MAJOR: Export summary of results (to summary.csv)
    [junit] MAJOR: Export mutant kill details (to /tmp/run_mutation.pl_116689_1501359369/3f/kill.csv)
    [junit] MAJOR: Export kill map (to killMap.csv)!

BUILD SUCCESSFUL
Total time: 9 minutes 42 seconds
