
test-offline:

get-deps:

joda-time-from-maven.compile:
    [javac] /tmp/run_mutation.pl_46242_1483649036/4f/maven-build.xml:77: warning: 'includeantruntime' was not set, defaulting to build.sysclasspath=last; set to false for repeatable builds

joda-time.compile:

compile:
     [java] Writing zoneinfo files
     [java] Writing ZoneInfoMap

joda-time-from-maven.compile-tests:
    [mkdir] Created dir: /tmp/run_mutation.pl_46242_1483649036/4f/target/test-classes
    [javac] /tmp/run_mutation.pl_46242_1483649036/4f/maven-build.xml:114: warning: 'includeantruntime' was not set, defaulting to build.sysclasspath=last; set to false for repeatable builds
    [javac] Compiling 155 source files to /tmp/run_mutation.pl_46242_1483649036/4f/target/test-classes
    [javac] warning: [options] bootstrap class path not set in conjunction with -source 1.5
    [javac] /tmp/run_mutation.pl_46242_1483649036/4f/src/test/java/org/joda/time/chrono/TestGJChronology.java:24: warning: [deprecation] DateMidnight in org.joda.time has been deprecated
    [javac] import org.joda.time.DateMidnight;
    [javac]                     ^
    [javac] /tmp/run_mutation.pl_46242_1483649036/4f/src/test/java/org/joda/time/chrono/TestGJChronology.java:34: warning: [deprecation] TimeOfDay in org.joda.time has been deprecated
    [javac] import org.joda.time.TimeOfDay;
    [javac]                     ^
    [javac] /tmp/run_mutation.pl_46242_1483649036/4f/src/test/java/org/joda/time/chrono/TestGJChronology.java:35: warning: [deprecation] YearMonthDay in org.joda.time has been deprecated
    [javac] import org.joda.time.YearMonthDay;
    [javac]                     ^
    [javac] /tmp/run_mutation.pl_46242_1483649036/4f/src/test/java/org/joda/time/chrono/TestGregorianChronology.java:25: warning: [deprecation] DateMidnight in org.joda.time has been deprecated
    [javac] import org.joda.time.DateMidnight;
    [javac]                     ^
    [javac] /tmp/run_mutation.pl_46242_1483649036/4f/src/test/java/org/joda/time/chrono/TestGregorianChronology.java:29: warning: [deprecation] YearMonthDay in org.joda.time has been deprecated
    [javac] import org.joda.time.YearMonthDay;
    [javac]                     ^
    [javac] /tmp/run_mutation.pl_46242_1483649036/4f/src/test/java/org/joda/time/chrono/TestISOChronology.java:24: warning: [deprecation] DateMidnight in org.joda.time has been deprecated
    [javac] import org.joda.time.DateMidnight;
    [javac]                     ^
    [javac] /tmp/run_mutation.pl_46242_1483649036/4f/src/test/java/org/joda/time/chrono/TestISOChronology.java:34: warning: [deprecation] TimeOfDay in org.joda.time has been deprecated
    [javac] import org.joda.time.TimeOfDay;
    [javac]                     ^
    [javac] /tmp/run_mutation.pl_46242_1483649036/4f/src/test/java/org/joda/time/chrono/TestISOChronology.java:35: warning: [deprecation] YearMonthDay in org.joda.time has been deprecated
    [javac] import org.joda.time.YearMonthDay;
    [javac]                     ^
    [javac] /tmp/run_mutation.pl_46242_1483649036/4f/src/test/java/org/joda/time/convert/TestCalendarConverter.java:32: warning: [deprecation] TimeOfDay in org.joda.time has been deprecated
    [javac] import org.joda.time.TimeOfDay;
    [javac]                     ^
    [javac] /tmp/run_mutation.pl_46242_1483649036/4f/src/test/java/org/joda/time/convert/TestConverterManager.java:52: warning: [deprecation] TimeOfDay in org.joda.time has been deprecated
    [javac] import org.joda.time.TimeOfDay;
    [javac]                     ^
    [javac] /tmp/run_mutation.pl_46242_1483649036/4f/src/test/java/org/joda/time/convert/TestConverterSet.java:26: warning: [deprecation] DateMidnight in org.joda.time has been deprecated
    [javac] import org.joda.time.DateMidnight;
    [javac]                     ^
    [javac] /tmp/run_mutation.pl_46242_1483649036/4f/src/test/java/org/joda/time/convert/TestDateConverter.java:29: warning: [deprecation] TimeOfDay in org.joda.time has been deprecated
    [javac] import org.joda.time.TimeOfDay;
    [javac]                     ^
    [javac] /tmp/run_mutation.pl_46242_1483649036/4f/src/test/java/org/joda/time/convert/TestLongConverter.java:28: warning: [deprecation] TimeOfDay in org.joda.time has been deprecated
    [javac] import org.joda.time.TimeOfDay;
    [javac]                     ^
    [javac] /tmp/run_mutation.pl_46242_1483649036/4f/src/test/java/org/joda/time/convert/TestNullConverter.java:35: warning: [deprecation] TimeOfDay in org.joda.time has been deprecated
    [javac] import org.joda.time.TimeOfDay;
    [javac]                     ^
    [javac] /tmp/run_mutation.pl_46242_1483649036/4f/src/test/java/org/joda/time/convert/TestReadableInstantConverter.java:32: warning: [deprecation] TimeOfDay in org.joda.time has been deprecated
    [javac] import org.joda.time.TimeOfDay;
    [javac]                     ^
    [javac] /tmp/run_mutation.pl_46242_1483649036/4f/src/test/java/org/joda/time/convert/TestReadablePartialConverter.java:30: warning: [deprecation] TimeOfDay in org.joda.time has been deprecated
    [javac] import org.joda.time.TimeOfDay;
    [javac]                     ^
    [javac] /tmp/run_mutation.pl_46242_1483649036/4f/src/test/java/org/joda/time/convert/TestReadablePartialConverter.java:31: warning: [deprecation] YearMonthDay in org.joda.time has been deprecated
    [javac] import org.joda.time.YearMonthDay;
    [javac]                     ^
    [javac] /tmp/run_mutation.pl_46242_1483649036/4f/src/test/java/org/joda/time/convert/TestStringConverter.java:33: warning: [deprecation] TimeOfDay in org.joda.time has been deprecated
    [javac] import org.joda.time.TimeOfDay;
    [javac]                     ^
    [javac] /tmp/run_mutation.pl_46242_1483649036/4f/src/test/java/org/joda/time/field/TestBaseDateTimeField.java:29: warning: [deprecation] TimeOfDay in org.joda.time has been deprecated
    [javac] import org.joda.time.TimeOfDay;
    [javac]                     ^
    [javac] /tmp/run_mutation.pl_46242_1483649036/4f/src/test/java/org/joda/time/field/TestOffsetDateTimeField.java:27: warning: [deprecation] TimeOfDay in org.joda.time has been deprecated
    [javac] import org.joda.time.TimeOfDay;
    [javac]                     ^
    [javac] /tmp/run_mutation.pl_46242_1483649036/4f/src/test/java/org/joda/time/field/TestPreciseDateTimeField.java:27: warning: [deprecation] TimeOfDay in org.joda.time has been deprecated
    [javac] import org.joda.time.TimeOfDay;
    [javac]                     ^
    [javac] /tmp/run_mutation.pl_46242_1483649036/4f/src/test/java/org/joda/time/field/TestPreciseDurationDateTimeField.java:27: warning: [deprecation] TimeOfDay in org.joda.time has been deprecated
    [javac] import org.joda.time.TimeOfDay;
    [javac]                     ^
    [javac] /tmp/run_mutation.pl_46242_1483649036/4f/src/test/java/org/joda/time/TestDateTimeZoneCutover.java:225: warning: [deprecation] toDateMidnight(DateTimeZone) in LocalDate has been deprecated
    [javac]             date.toDateMidnight(MOCK_GAZA);
    [javac]                 ^
    [javac] /tmp/run_mutation.pl_46242_1483649036/4f/src/test/java/org/joda/time/TestDateTimeZoneCutover.java:441: warning: [deprecation] toDateMidnight(DateTimeZone) in LocalDate has been deprecated
    [javac]             date.toDateMidnight(MOCK_TURK);
    [javac]                 ^
    [javac] /tmp/run_mutation.pl_46242_1483649036/4f/src/test/java/org/joda/time/TestInstant_Basics.java:403: warning: [deprecation] toDateTimeISO() in Instant has been deprecated
    [javac]         DateTime result = test.toDateTimeISO();
    [javac]                               ^
    [javac] /tmp/run_mutation.pl_46242_1483649036/4f/src/test/java/org/joda/time/TestInstant_Basics.java:452: warning: [deprecation] toMutableDateTimeISO() in Instant has been deprecated
    [javac]         MutableDateTime result = test.toMutableDateTimeISO();
    [javac]                                      ^
    [javac] /tmp/run_mutation.pl_46242_1483649036/4f/src/test/java/org/joda/time/convert/TestCalendarConverter.java:170: warning: [deprecation] TimeOfDay in org.joda.time has been deprecated
    [javac]         TimeOfDay tod = new TimeOfDay();
    [javac]         ^
    [javac] /tmp/run_mutation.pl_46242_1483649036/4f/src/test/java/org/joda/time/convert/TestCalendarConverter.java:170: warning: [deprecation] TimeOfDay in org.joda.time has been deprecated
    [javac]         TimeOfDay tod = new TimeOfDay();
    [javac]                             ^
    [javac] /tmp/run_mutation.pl_46242_1483649036/4f/src/test/java/org/joda/time/convert/TestConverterManager.java:337: warning: [deprecation] TimeOfDay in org.joda.time has been deprecated
    [javac]         c = ConverterManager.getInstance().getPartialConverter(new TimeOfDay());
    [javac]                                                                    ^
    [javac] /tmp/run_mutation.pl_46242_1483649036/4f/src/test/java/org/joda/time/convert/TestConverterSet.java:104: warning: [deprecation] DateMidnight in org.joda.time has been deprecated
    [javac]         set.select(DateMidnight.class);
    [javac]                    ^
    [javac] /tmp/run_mutation.pl_46242_1483649036/4f/src/test/java/org/joda/time/convert/TestDateConverter.java:108: warning: [deprecation] TimeOfDay in org.joda.time has been deprecated
    [javac]         TimeOfDay tod = new TimeOfDay();
    [javac]         ^
    [javac] /tmp/run_mutation.pl_46242_1483649036/4f/src/test/java/org/joda/time/convert/TestDateConverter.java:108: warning: [deprecation] TimeOfDay in org.joda.time has been deprecated
    [javac]         TimeOfDay tod = new TimeOfDay();
    [javac]                             ^
    [javac] /tmp/run_mutation.pl_46242_1483649036/4f/src/test/java/org/joda/time/convert/TestLongConverter.java:105: warning: [deprecation] TimeOfDay in org.joda.time has been deprecated
    [javac]         TimeOfDay tod = new TimeOfDay();
    [javac]         ^
    [javac] /tmp/run_mutation.pl_46242_1483649036/4f/src/test/java/org/joda/time/convert/TestLongConverter.java:105: warning: [deprecation] TimeOfDay in org.joda.time has been deprecated
    [javac]         TimeOfDay tod = new TimeOfDay();
    [javac]                             ^
    [javac] /tmp/run_mutation.pl_46242_1483649036/4f/src/test/java/org/joda/time/convert/TestNullConverter.java:142: warning: [deprecation] TimeOfDay in org.joda.time has been deprecated
    [javac]         TimeOfDay tod = new TimeOfDay();
    [javac]         ^
    [javac] /tmp/run_mutation.pl_46242_1483649036/4f/src/test/java/org/joda/time/convert/TestNullConverter.java:142: warning: [deprecation] TimeOfDay in org.joda.time has been deprecated
    [javac]         TimeOfDay tod = new TimeOfDay();
    [javac]                             ^
    [javac] /tmp/run_mutation.pl_46242_1483649036/4f/src/test/java/org/joda/time/convert/TestReadableInstantConverter.java:136: warning: [deprecation] TimeOfDay in org.joda.time has been deprecated
    [javac]         TimeOfDay tod = new TimeOfDay();
    [javac]         ^
    [javac] /tmp/run_mutation.pl_46242_1483649036/4f/src/test/java/org/joda/time/convert/TestReadableInstantConverter.java:136: warning: [deprecation] TimeOfDay in org.joda.time has been deprecated
    [javac]         TimeOfDay tod = new TimeOfDay();
    [javac]                             ^
    [javac] /tmp/run_mutation.pl_46242_1483649036/4f/src/test/java/org/joda/time/convert/TestReadablePartialConverter.java:95: warning: [deprecation] TimeOfDay in org.joda.time has been deprecated
    [javac]         assertEquals(ISO_PARIS, ReadablePartialConverter.INSTANCE.getChronology(new TimeOfDay(123L), PARIS));
    [javac]                                                                                     ^
    [javac] /tmp/run_mutation.pl_46242_1483649036/4f/src/test/java/org/joda/time/convert/TestReadablePartialConverter.java:96: warning: [deprecation] TimeOfDay in org.joda.time has been deprecated
    [javac]         assertEquals(ISO, ReadablePartialConverter.INSTANCE.getChronology(new TimeOfDay(123L), DateTimeZone.getDefault()));
    [javac]                                                                               ^
    [javac] /tmp/run_mutation.pl_46242_1483649036/4f/src/test/java/org/joda/time/convert/TestReadablePartialConverter.java:97: warning: [deprecation] TimeOfDay in org.joda.time has been deprecated
    [javac]         assertEquals(ISO, ReadablePartialConverter.INSTANCE.getChronology(new TimeOfDay(123L), (DateTimeZone) null));
    [javac]                                                                               ^
    [javac] /tmp/run_mutation.pl_46242_1483649036/4f/src/test/java/org/joda/time/convert/TestReadablePartialConverter.java:101: warning: [deprecation] TimeOfDay in org.joda.time has been deprecated
    [javac]         assertEquals(JULIAN, ReadablePartialConverter.INSTANCE.getChronology(new TimeOfDay(123L, BUDDHIST), JULIAN));
    [javac]                                                                                  ^
    [javac] /tmp/run_mutation.pl_46242_1483649036/4f/src/test/java/org/joda/time/convert/TestReadablePartialConverter.java:102: warning: [deprecation] TimeOfDay in org.joda.time has been deprecated
    [javac]         assertEquals(JULIAN, ReadablePartialConverter.INSTANCE.getChronology(new TimeOfDay(123L), JULIAN));
    [javac]                                                                                  ^
    [javac] /tmp/run_mutation.pl_46242_1483649036/4f/src/test/java/org/joda/time/convert/TestReadablePartialConverter.java:103: warning: [deprecation] TimeOfDay in org.joda.time has been deprecated
    [javac]         assertEquals(BUDDHIST.withUTC(), ReadablePartialConverter.INSTANCE.getChronology(new TimeOfDay(123L, BUDDHIST), (Chronology) null));
    [javac]                                                                                              ^
    [javac] /tmp/run_mutation.pl_46242_1483649036/4f/src/test/java/org/joda/time/convert/TestReadablePartialConverter.java:108: warning: [deprecation] TimeOfDay in org.joda.time has been deprecated
    [javac]         TimeOfDay tod = new TimeOfDay();
    [javac]         ^
    [javac] /tmp/run_mutation.pl_46242_1483649036/4f/src/test/java/org/joda/time/convert/TestReadablePartialConverter.java:108: warning: [deprecation] TimeOfDay in org.joda.time has been deprecated
    [javac]         TimeOfDay tod = new TimeOfDay();
    [javac]                             ^
    [javac] /tmp/run_mutation.pl_46242_1483649036/4f/src/test/java/org/joda/time/convert/TestReadablePartialConverter.java:110: warning: [deprecation] TimeOfDay in org.joda.time has been deprecated
    [javac]         int[] actual = ReadablePartialConverter.INSTANCE.getPartialValues(tod, new TimeOfDay(1, 2, 3, 4), ISOChronology.getInstance(PARIS));
    [javac]                                                                                    ^
    [javac] /tmp/run_mutation.pl_46242_1483649036/4f/src/test/java/org/joda/time/convert/TestReadablePartialConverter.java:114: warning: [deprecation] YearMonthDay in org.joda.time has been deprecated
    [javac]             ReadablePartialConverter.INSTANCE.getPartialValues(tod, new YearMonthDay(2005, 6, 9), JULIAN);
    [javac]                                                                         ^
    [javac] /tmp/run_mutation.pl_46242_1483649036/4f/src/test/java/org/joda/time/convert/TestStringConverter.java:203: warning: [deprecation] TimeOfDay in org.joda.time has been deprecated
    [javac]         TimeOfDay tod = new TimeOfDay();
    [javac]         ^
    [javac] /tmp/run_mutation.pl_46242_1483649036/4f/src/test/java/org/joda/time/convert/TestStringConverter.java:203: warning: [deprecation] TimeOfDay in org.joda.time has been deprecated
    [javac]         TimeOfDay tod = new TimeOfDay();
    [javac]                             ^
    [javac] /tmp/run_mutation.pl_46242_1483649036/4f/src/test/java/org/joda/time/field/TestBaseDateTimeField.java:109: warning: [deprecation] TimeOfDay in org.joda.time has been deprecated
    [javac]         assertEquals("20", field.getAsText(new TimeOfDay(12, 30, 40, 50), 20, Locale.ENGLISH));
    [javac]                                                ^
    [javac] /tmp/run_mutation.pl_46242_1483649036/4f/src/test/java/org/joda/time/field/TestBaseDateTimeField.java:110: warning: [deprecation] TimeOfDay in org.joda.time has been deprecated
    [javac]         assertEquals("20", field.getAsText(new TimeOfDay(12, 30, 40, 50), 20, null));
    [javac]                                                ^
    [javac] /tmp/run_mutation.pl_46242_1483649036/4f/src/test/java/org/joda/time/field/TestBaseDateTimeField.java:115: warning: [deprecation] TimeOfDay in org.joda.time has been deprecated
    [javac]         assertEquals("40", field.getAsText(new TimeOfDay(12, 30, 40, 50), Locale.ENGLISH));
    [javac]                                                ^
    [javac] /tmp/run_mutation.pl_46242_1483649036/4f/src/test/java/org/joda/time/field/TestBaseDateTimeField.java:116: warning: [deprecation] TimeOfDay in org.joda.time has been deprecated
    [javac]         assertEquals("40", field.getAsText(new TimeOfDay(12, 30, 40, 50), null));
    [javac]                                                ^
    [javac] /tmp/run_mutation.pl_46242_1483649036/4f/src/test/java/org/joda/time/field/TestBaseDateTimeField.java:139: warning: [deprecation] TimeOfDay in org.joda.time has been deprecated
    [javac]         assertEquals("20", field.getAsShortText(new TimeOfDay(12, 30, 40, 50), 20, Locale.ENGLISH));
    [javac]                                                     ^
    [javac] /tmp/run_mutation.pl_46242_1483649036/4f/src/test/java/org/joda/time/field/TestBaseDateTimeField.java:140: warning: [deprecation] TimeOfDay in org.joda.time has been deprecated
    [javac]         assertEquals("20", field.getAsShortText(new TimeOfDay(12, 30, 40, 50), 20, null));
    [javac]                                                     ^
    [javac] /tmp/run_mutation.pl_46242_1483649036/4f/src/test/java/org/joda/time/field/TestBaseDateTimeField.java:145: warning: [deprecation] TimeOfDay in org.joda.time has been deprecated
    [javac]         assertEquals("40", field.getAsShortText(new TimeOfDay(12, 30, 40, 50), Locale.ENGLISH));
    [javac]                                                     ^
    [javac] /tmp/run_mutation.pl_46242_1483649036/4f/src/test/java/org/joda/time/field/TestBaseDateTimeField.java:146: warning: [deprecation] TimeOfDay in org.joda.time has been deprecated
    [javac]         assertEquals("40", field.getAsShortText(new TimeOfDay(12, 30, 40, 50), null));
    [javac]                                                     ^
    [javac] /tmp/run_mutation.pl_46242_1483649036/4f/src/test/java/org/joda/time/field/TestBaseDateTimeField.java:174: warning: [deprecation] TimeOfDay in org.joda.time has been deprecated
    [javac]         int[] result = field.add(new TimeOfDay(), 2, values, 0);
    [javac]                                      ^
    [javac] /tmp/run_mutation.pl_46242_1483649036/4f/src/test/java/org/joda/time/field/TestBaseDateTimeField.java:179: warning: [deprecation] TimeOfDay in org.joda.time has been deprecated
    [javac]         result = field.add(new TimeOfDay(), 2, values, 1);
    [javac]                                ^
    [javac] /tmp/run_mutation.pl_46242_1483649036/4f/src/test/java/org/joda/time/field/TestBaseDateTimeField.java:184: warning: [deprecation] TimeOfDay in org.joda.time has been deprecated
    [javac]         result = field.add(new TimeOfDay(), 2, values, 30);
    [javac]                                ^
    [javac] /tmp/run_mutation.pl_46242_1483649036/4f/src/test/java/org/joda/time/field/TestBaseDateTimeField.java:189: warning: [deprecation] TimeOfDay in org.joda.time has been deprecated
    [javac]             field.add(new TimeOfDay(), 2, values, 30);
    [javac]                           ^
    [javac] /tmp/run_mutation.pl_46242_1483649036/4f/src/test/java/org/joda/time/field/TestBaseDateTimeField.java:195: warning: [deprecation] TimeOfDay in org.joda.time has been deprecated
    [javac]         result = field.add(new TimeOfDay(), 2, values, -1);
    [javac]                                ^
    [javac] /tmp/run_mutation.pl_46242_1483649036/4f/src/test/java/org/joda/time/field/TestBaseDateTimeField.java:200: warning: [deprecation] TimeOfDay in org.joda.time has been deprecated
    [javac]         result = field.add(new TimeOfDay(), 2, values, -31);
    [javac]                                ^
    [javac] /tmp/run_mutation.pl_46242_1483649036/4f/src/test/java/org/joda/time/field/TestBaseDateTimeField.java:205: warning: [deprecation] TimeOfDay in org.joda.time has been deprecated
    [javac]             field.add(new TimeOfDay(), 2, values, -31);
    [javac]                           ^
    [javac] /tmp/run_mutation.pl_46242_1483649036/4f/src/test/java/org/joda/time/field/TestBaseDateTimeField.java:234: warning: [deprecation] TimeOfDay in org.joda.time has been deprecated
    [javac]         int[] result = field.addWrapField(new TimeOfDay(), 2, values, 0);
    [javac]                                               ^
    [javac] /tmp/run_mutation.pl_46242_1483649036/4f/src/test/java/org/joda/time/field/TestBaseDateTimeField.java:239: warning: [deprecation] TimeOfDay in org.joda.time has been deprecated
    [javac]         result = field.addWrapField(new TimeOfDay(), 2, values, 29);
    [javac]                                         ^
    [javac] /tmp/run_mutation.pl_46242_1483649036/4f/src/test/java/org/joda/time/field/TestBaseDateTimeField.java:244: warning: [deprecation] TimeOfDay in org.joda.time has been deprecated
    [javac]         result = field.addWrapField(new TimeOfDay(), 2, values, 30);
    [javac]                                         ^
    [javac] /tmp/run_mutation.pl_46242_1483649036/4f/src/test/java/org/joda/time/field/TestBaseDateTimeField.java:249: warning: [deprecation] TimeOfDay in org.joda.time has been deprecated
    [javac]         result = field.addWrapField(new TimeOfDay(), 2, values, 31);
    [javac]                                         ^
    [javac] /tmp/run_mutation.pl_46242_1483649036/4f/src/test/java/org/joda/time/field/TestBaseDateTimeField.java:279: warning: [deprecation] TimeOfDay in org.joda.time has been deprecated
    [javac]         int[] result = field.set(new TimeOfDay(), 2, values, 30);
    [javac]                                      ^
    [javac] /tmp/run_mutation.pl_46242_1483649036/4f/src/test/java/org/joda/time/field/TestBaseDateTimeField.java:284: warning: [deprecation] TimeOfDay in org.joda.time has been deprecated
    [javac]         result = field.set(new TimeOfDay(), 2, values, 29);
    [javac]                                ^
    [javac] /tmp/run_mutation.pl_46242_1483649036/4f/src/test/java/org/joda/time/field/TestBaseDateTimeField.java:290: warning: [deprecation] TimeOfDay in org.joda.time has been deprecated
    [javac]             field.set(new TimeOfDay(), 2, values, 60);
    [javac]                           ^
    [javac] /tmp/run_mutation.pl_46242_1483649036/4f/src/test/java/org/joda/time/field/TestBaseDateTimeField.java:298: warning: [deprecation] TimeOfDay in org.joda.time has been deprecated
    [javac]             field.set(new TimeOfDay(), 2, values, -1);
    [javac]                           ^
    [javac] /tmp/run_mutation.pl_46242_1483649036/4f/src/test/java/org/joda/time/field/TestBaseDateTimeField.java:320: warning: [deprecation] TimeOfDay in org.joda.time has been deprecated
    [javac]         int[] result = field.set(new TimeOfDay(), 2, values, "30", null);
    [javac]                                      ^
    [javac] /tmp/run_mutation.pl_46242_1483649036/4f/src/test/java/org/joda/time/field/TestBaseDateTimeField.java:325: warning: [deprecation] TimeOfDay in org.joda.time has been deprecated
    [javac]         result = field.set(new TimeOfDay(), 2, values, "29", Locale.ENGLISH);
    [javac]                                ^
    [javac] /tmp/run_mutation.pl_46242_1483649036/4f/src/test/java/org/joda/time/field/TestBaseDateTimeField.java:331: warning: [deprecation] TimeOfDay in org.joda.time has been deprecated
    [javac]             field.set(new TimeOfDay(), 2, values, "60", null);
    [javac]                           ^
    [javac] /tmp/run_mutation.pl_46242_1483649036/4f/src/test/java/org/joda/time/field/TestBaseDateTimeField.java:339: warning: [deprecation] TimeOfDay in org.joda.time has been deprecated
    [javac]             field.set(new TimeOfDay(), 2, values, "-1", null);
    [javac]                           ^
    [javac] /tmp/run_mutation.pl_46242_1483649036/4f/src/test/java/org/joda/time/field/TestBaseDateTimeField.java:392: warning: [deprecation] TimeOfDay in org.joda.time has been deprecated
    [javac]         assertEquals(0, field.getMinimumValue(new TimeOfDay()));
    [javac]                                                   ^
    [javac] /tmp/run_mutation.pl_46242_1483649036/4f/src/test/java/org/joda/time/field/TestBaseDateTimeField.java:397: warning: [deprecation] TimeOfDay in org.joda.time has been deprecated
    [javac]         assertEquals(0, field.getMinimumValue(new TimeOfDay(), new int[4]));
    [javac]                                                   ^
    [javac] /tmp/run_mutation.pl_46242_1483649036/4f/src/test/java/org/joda/time/field/TestBaseDateTimeField.java:412: warning: [deprecation] TimeOfDay in org.joda.time has been deprecated
    [javac]         assertEquals(59, field.getMaximumValue(new TimeOfDay()));
    [javac]                                                    ^
    [javac] /tmp/run_mutation.pl_46242_1483649036/4f/src/test/java/org/joda/time/field/TestBaseDateTimeField.java:417: warning: [deprecation] TimeOfDay in org.joda.time has been deprecated
    [javac]         assertEquals(59, field.getMaximumValue(new TimeOfDay(), new int[4]));
    [javac]                                                    ^
    [javac] /tmp/run_mutation.pl_46242_1483649036/4f/src/test/java/org/joda/time/field/TestOffsetDateTimeField.java:161: warning: [deprecation] TimeOfDay in org.joda.time has been deprecated
    [javac]         assertEquals("20", field.getAsText(new TimeOfDay(12, 30, 40, 50), 20, Locale.ENGLISH));
    [javac]                                                ^
    [javac] /tmp/run_mutation.pl_46242_1483649036/4f/src/test/java/org/joda/time/field/TestOffsetDateTimeField.java:162: warning: [deprecation] TimeOfDay in org.joda.time has been deprecated
    [javac]         assertEquals("20", field.getAsText(new TimeOfDay(12, 30, 40, 50), 20, null));
    [javac]                                                ^
    [javac] /tmp/run_mutation.pl_46242_1483649036/4f/src/test/java/org/joda/time/field/TestOffsetDateTimeField.java:167: warning: [deprecation] TimeOfDay in org.joda.time has been deprecated
    [javac]         assertEquals("40", field.getAsText(new TimeOfDay(12, 30, 40, 50), Locale.ENGLISH));
    [javac]                                                ^
    [javac] /tmp/run_mutation.pl_46242_1483649036/4f/src/test/java/org/joda/time/field/TestOffsetDateTimeField.java:168: warning: [deprecation] TimeOfDay in org.joda.time has been deprecated
    [javac]         assertEquals("40", field.getAsText(new TimeOfDay(12, 30, 40, 50), null));
    [javac]                                                ^
    [javac] /tmp/run_mutation.pl_46242_1483649036/4f/src/test/java/org/joda/time/field/TestOffsetDateTimeField.java:191: warning: [deprecation] TimeOfDay in org.joda.time has been deprecated
    [javac]         assertEquals("20", field.getAsShortText(new TimeOfDay(12, 30, 40, 50), 20, Locale.ENGLISH));
    [javac]                                                     ^
    [javac] /tmp/run_mutation.pl_46242_1483649036/4f/src/test/java/org/joda/time/field/TestOffsetDateTimeField.java:192: warning: [deprecation] TimeOfDay in org.joda.time has been deprecated
    [javac]         assertEquals("20", field.getAsShortText(new TimeOfDay(12, 30, 40, 50), 20, null));
    [javac]                                                     ^
    [javac] /tmp/run_mutation.pl_46242_1483649036/4f/src/test/java/org/joda/time/field/TestOffsetDateTimeField.java:197: warning: [deprecation] TimeOfDay in org.joda.time has been deprecated
    [javac]         assertEquals("40", field.getAsShortText(new TimeOfDay(12, 30, 40, 50), Locale.ENGLISH));
    [javac]                                                     ^
    [javac] /tmp/run_mutation.pl_46242_1483649036/4f/src/test/java/org/joda/time/field/TestOffsetDateTimeField.java:198: warning: [deprecation] TimeOfDay in org.joda.time has been deprecated
    [javac]         assertEquals("40", field.getAsShortText(new TimeOfDay(12, 30, 40, 50), null));
    [javac]                                                     ^
    [javac] /tmp/run_mutation.pl_46242_1483649036/4f/src/test/java/org/joda/time/field/TestOffsetDateTimeField.java:222: warning: [deprecation] TimeOfDay in org.joda.time has been deprecated
    [javac]         int[] result = field.add(new TimeOfDay(), 2, values, 0);
    [javac]                                      ^
    [javac] /tmp/run_mutation.pl_46242_1483649036/4f/src/test/java/org/joda/time/field/TestOffsetDateTimeField.java:227: warning: [deprecation] TimeOfDay in org.joda.time has been deprecated
    [javac]         result = field.add(new TimeOfDay(), 2, values, 1);
    [javac]                                ^
    [javac] /tmp/run_mutation.pl_46242_1483649036/4f/src/test/java/org/joda/time/field/TestOffsetDateTimeField.java:232: warning: [deprecation] TimeOfDay in org.joda.time has been deprecated
    [javac]         result = field.add(new TimeOfDay(), 2, values, 32);
    [javac]                                ^
    [javac] /tmp/run_mutation.pl_46242_1483649036/4f/src/test/java/org/joda/time/field/TestOffsetDateTimeField.java:237: warning: [deprecation] TimeOfDay in org.joda.time has been deprecated
    [javac]         result = field.add(new TimeOfDay(), 2, values, 33);
    [javac]                                ^
    [javac] /tmp/run_mutation.pl_46242_1483649036/4f/src/test/java/org/joda/time/field/TestOffsetDateTimeField.java:242: warning: [deprecation] TimeOfDay in org.joda.time has been deprecated
    [javac]             field.add(new TimeOfDay(), 2, values, 33);
    [javac]                           ^
    [javac] /tmp/run_mutation.pl_46242_1483649036/4f/src/test/java/org/joda/time/field/TestOffsetDateTimeField.java:248: warning: [deprecation] TimeOfDay in org.joda.time has been deprecated
    [javac]         result = field.add(new TimeOfDay(), 2, values, -1);
    [javac]                                ^
    [javac] /tmp/run_mutation.pl_46242_1483649036/4f/src/test/java/org/joda/time/field/TestOffsetDateTimeField.java:253: warning: [deprecation] TimeOfDay in org.joda.time has been deprecated
    [javac]         result = field.add(new TimeOfDay(), 2, values, -31);
    [javac]                                ^
    [javac] /tmp/run_mutation.pl_46242_1483649036/4f/src/test/java/org/joda/time/field/TestOffsetDateTimeField.java:258: warning: [deprecation] TimeOfDay in org.joda.time has been deprecated
    [javac]             field.add(new TimeOfDay(), 2, values, -31);
    [javac]                           ^
    [javac] /tmp/run_mutation.pl_46242_1483649036/4f/src/test/java/org/joda/time/field/TestOffsetDateTimeField.java:275: warning: [deprecation] TimeOfDay in org.joda.time has been deprecated
    [javac]         int[] result = field.addWrapField(new TimeOfDay(), 2, values, 0);
    [javac]                                               ^
    [javac] /tmp/run_mutation.pl_46242_1483649036/4f/src/test/java/org/joda/time/field/TestOffsetDateTimeField.java:280: warning: [deprecation] TimeOfDay in org.joda.time has been deprecated
    [javac]         result = field.addWrapField(new TimeOfDay(), 2, values, 29);
    [javac]                                         ^
    [javac] Note: Some input files additionally use or override a deprecated API.
    [javac] Note: Some input files use unchecked or unsafe operations.
    [javac] Note: Recompile with -Xlint:unchecked for details.
    [javac] 100 warnings
     [copy] Copying 32 files to /tmp/run_mutation.pl_46242_1483649036/4f/target/test-classes

joda-time.compile.tests:

compile.tests:

update.all.tests:

mutation.test:
     [echo] Running mutation analysis ...
    [junit] MAJOR: Mutation analysis enabled
SLF4J: Failed to load class "org.slf4j.impl.StaticLoggerBinder".
SLF4J: Defaulting to no-operation (NOP) logger implementation
SLF4J: See http://www.slf4j.org/codes.html#StaticLoggerBinder for further details.
    [junit] MAJOR: org.joda.time.Partial_ESTest50[test50] failed!
    [junit] MAJOR:  -> AssertionFailedError
    [junit] MAJOR:  -> "expected:<[year=201[4, monthOfYear=2, dayOfMonth=14, millisOfDay=73281320]]> but was:<[year=201[7, monthOfYear=1, dayOfMonth=5, millisOfDay=74680127]]>"
    [junit] MAJOR: org.joda.time.Partial_ESTest51[test51] failed!
    [junit] MAJOR:  -> AssertionFailedError
    [junit] MAJOR:  -> "expected:<--0[2-14]> but was:<--0[1-05]>"
    [junit] MAJOR: Exclude 2 failing test classes:
    [junit] MAJOR:  - org.joda.time.Partial_ESTest50
    [junit] MAJOR:  - org.joda.time.Partial_ESTest51
    [junit] MAJOR: ------------------------------------------------------------
    [junit] MAJOR: Run 53 ordered tests to verify independence
    [junit] MAJOR: ------------------------------------------------------------
    [junit] MAJOR: Preprocessing time: 38.16 seconds
    [junit] MAJOR: ------------------------------------------------------------
    [junit] MAJOR: Mutants generated: 554
    [junit] MAJOR: Mutants covered:   539 (97.29%)
    [junit] MAJOR: ------------------------------------------------------------
    [junit] MAJOR: Export test map to (testMap.csv)
    [junit] MAJOR: Export coverage map to (covMap.csv)
    [junit] MAJOR: Exclude 0 mutants
    [junit] MAJOR: ------------------------------------------------------------
    [junit] MAJOR: Run mutation analysis with 53 individual tests
    [junit] MAJOR: ------------------------------------------------------------
    [junit] MAJOR: 1/53 - org.joda.time.Partial_ESTest27 (12ms / 3):
    [junit] MAJOR: 1753 (2 / 3 / 3) -> AVG-RTPM: 584ms
    [junit] MAJOR: Mutants killed / live: 2 (0-2-0) / 537
    [junit] MAJOR: ------------------------------------------------------------
    [junit] MAJOR: 2/53 - org.joda.time.Partial_ESTest38 (12ms / 15):
    [junit] MAJOR: 12990 (8 / 15 / 15) -> AVG-RTPM: 749ms
    [junit] MAJOR: Mutants killed / live: 10 (5-5-0) / 529
    [junit] MAJOR: ------------------------------------------------------------
    [junit] MAJOR: 3/53 - org.joda.time.Partial_ESTest24 (13ms / 3):
    [junit] MAJOR: 15612 (2 / 3 / 3) -> AVG-RTPM: 874ms
    [junit] MAJOR: Mutants killed / live: 12 (5-7-0) / 527
    [junit] MAJOR: ------------------------------------------------------------
    [junit] MAJOR: 4/53 - org.joda.time.Partial_ESTest36 (13ms / 24):
    [junit] MAJOR: 37481 (14 / 24 / 24) -> AVG-RTPM: 911ms
    [junit] MAJOR: Mutants killed / live: 26 (9-18-0) / 513
    [junit] MAJOR: ------------------------------------------------------------
    [junit] MAJOR: 5/53 - org.joda.time.Partial_ESTest37 (13ms / 23):
    [junit] MAJOR: 66107 (4 / 23 / 23) -> AVG-RTPM: 1244ms
    [junit] MAJOR: Mutants killed / live: 30 (15-29-0) / 509
    [junit] MAJOR: ------------------------------------------------------------
    [junit] MAJOR: 6/53 - org.joda.time.Partial_ESTest4 (13ms / 5):
    [junit] MAJOR: 73390 (0 / 5 / 5) -> AVG-RTPM: 1456ms
    [junit] MAJOR: Mutants killed / live: 30 (15-32-0) / 509
    [junit] MAJOR: ------------------------------------------------------------
    [junit] MAJOR: 7/53 - org.joda.time.Partial_ESTest40 (13ms / 17):
    [junit] MAJOR: 100940 (6 / 17 / 17) -> AVG-RTPM: 1620ms
    [junit] MAJOR: Mutants killed / live: 36 (15-41-0) / 503
    [junit] MAJOR: ------------------------------------------------------------
    [junit] MAJOR: 8/53 - org.joda.time.Partial_ESTest42 (13ms / 43):
    [junit] MAJOR: 193604 (20 / 43 / 43) -> AVG-RTPM: 2154ms
    [junit] MAJOR: Mutants killed / live: 56 (31-50-0) / 483
    [junit] MAJOR: ------------------------------------------------------------
    [junit] MAJOR: 9/53 - org.joda.time.Partial_ESTest43 (13ms / 31):
    [junit] MAJOR: 284364 (9 / 31 / 31) -> AVG-RTPM: 2927ms
    [junit] MAJOR: Mutants killed / live: 65 (37-64-0) / 474
    [junit] MAJOR: ------------------------------------------------------------
    [junit] MAJOR: 10/53 - org.joda.time.Partial_ESTest46 (13ms / 8):
    [junit] MAJOR: 311361 (2 / 8 / 8) -> AVG-RTPM: 3374ms
    [junit] MAJOR: Mutants killed / live: 67 (37-69-0) / 472
    [junit] MAJOR: ------------------------------------------------------------
    [junit] MAJOR: 11/53 - org.joda.time.Partial_ESTest8 (13ms / 6):
    [junit] MAJOR: 332916 (1 / 6 / 6) -> AVG-RTPM: 3592ms
    [junit] MAJOR: Mutants killed / live: 68 (38-71-0) / 471
    [junit] MAJOR: ------------------------------------------------------------
    [junit] MAJOR: 12/53 - org.joda.time.Partial_ESTest9 (13ms / 4):
    [junit] MAJOR: 347569 (3 / 4 / 4) -> AVG-RTPM: 3663ms
    [junit] MAJOR: Mutants killed / live: 71 (39-73-0) / 468
    [junit] MAJOR: ------------------------------------------------------------
    [junit] MAJOR: 13/53 - org.joda.time.Partial_ESTest13 (14ms / 4):
    [junit] MAJOR: 363090 (2 / 4 / 4) -> AVG-RTPM: 3880ms
    [junit] MAJOR: Mutants killed / live: 73 (39-75-0) / 466
    [junit] MAJOR: ------------------------------------------------------------
    [junit] MAJOR: 14/53 - org.joda.time.Partial_ESTest17 (14ms / 257):
    [junit] MAJOR: 432792 (239 / 257 / 257) -> AVG-RTPM: 271ms
    [junit] MAJOR: Mutants killed / live: 312 (39-328-2) / 227
    [junit] MAJOR: ------------------------------------------------------------
    [junit] MAJOR: 15/53 - org.joda.time.Partial_ESTest28 (14ms / 20):
    [junit] MAJOR: 436453 (8 / 20 / 20) -> AVG-RTPM: 183ms
    [junit] MAJOR: Mutants killed / live: 320 (39-348-2) / 219
    [junit] MAJOR: ------------------------------------------------------------
    [junit] MAJOR: 16/53 - org.joda.time.Partial_ESTest3 (14ms / 5):
    [junit] MAJOR: 437297 (2 / 5 / 5) -> AVG-RTPM: 168ms
    [junit] MAJOR: Mutants killed / live: 322 (39-353-2) / 217
    [junit] MAJOR: ------------------------------------------------------------
    [junit] MAJOR: 17/53 - org.joda.time.Partial_ESTest30 (14ms / 256):
    [junit] MAJOR: 485236 (1 / 256 / 256) -> AVG-RTPM: 187ms
    [junit] MAJOR: Mutants killed / live: 323 (39-609-2) / 216
    [junit] MAJOR: ------------------------------------------------------------
    [junit] MAJOR: 18/53 - org.joda.time.Partial_ESTest31 (14ms / 24):
    [junit] MAJOR: 489621 (2 / 24 / 24) -> AVG-RTPM: 182ms
    [junit] MAJOR: Mutants killed / live: 325 (39-633-2) / 214
    [junit] MAJOR: ------------------------------------------------------------
    [junit] MAJOR: 19/53 - org.joda.time.Partial_ESTest34 (14ms / 13):
    [junit] MAJOR: 491746 (8 / 13 / 13) -> AVG-RTPM: 163ms
    [junit] MAJOR: Mutants killed / live: 333 (39-646-2) / 206
    [junit] MAJOR: ------------------------------------------------------------
    [junit] MAJOR: 20/53 - org.joda.time.Partial_ESTest5 (14ms / 5):
    [junit] MAJOR: 492556 (0 / 5 / 5) -> AVG-RTPM: 162ms
    [junit] MAJOR: Mutants killed / live: 333 (39-651-2) / 206
    [junit] MAJOR: ------------------------------------------------------------
    [junit] MAJOR: 21/53 - org.joda.time.Partial_ESTest52 (14ms / 69):
    [junit] MAJOR: 504057 (69 / 69 / 69) -> AVG-RTPM: 166ms
    [junit] MAJOR: Mutants killed / live: 402 (39-720-2) / 137
    [junit] MAJOR: ------------------------------------------------------------
    [junit] MAJOR: 22/53 - org.joda.time.Partial_ESTest54 (14ms / 7):
    [junit] MAJOR: 505197 (0 / 7 / 7) -> AVG-RTPM: 162ms
    [junit] MAJOR: Mutants killed / live: 402 (39-727-2) / 137
    [junit] MAJOR: ------------------------------------------------------------
    [junit] MAJOR: 23/53 - org.joda.time.Partial_ESTest6 (14ms / 0):
    [junit] MAJOR: 505197 (0 / 0 / 0) -> AVG-RTPM: 0ms
    [junit] MAJOR: Mutants killed / live: 402 (39-727-2) / 137
    [junit] MAJOR: ------------------------------------------------------------
    [junit] MAJOR: 24/53 - org.joda.time.Partial_ESTest7 (14ms / 0):
    [junit] MAJOR: 505198 (0 / 0 / 0) -> AVG-RTPM: 0ms
    [junit] MAJOR: Mutants killed / live: 402 (39-727-2) / 137
    [junit] MAJOR: ------------------------------------------------------------
    [junit] MAJOR: 25/53 - org.joda.time.Partial_ESTest11 (15ms / 35):
    [junit] MAJOR: 510998 (0 / 35 / 35) -> AVG-RTPM: 165ms
    [junit] MAJOR: Mutants killed / live: 402 (39-762-2) / 137
    [junit] MAJOR: ------------------------------------------------------------
    [junit] MAJOR: 26/53 - org.joda.time.Partial_ESTest14 (15ms / 7):
    [junit] MAJOR: 512586 (0 / 7 / 7) -> AVG-RTPM: 226ms
    [junit] MAJOR: Mutants killed / live: 402 (39-769-2) / 137
    [junit] MAJOR: ------------------------------------------------------------
    [junit] MAJOR: 27/53 - org.joda.time.Partial_ESTest15 (15ms / 14):
    [junit] MAJOR: 514970 (0 / 14 / 14) -> AVG-RTPM: 170ms
    [junit] MAJOR: Mutants killed / live: 402 (39-783-2) / 137
    [junit] MAJOR: ------------------------------------------------------------
    [junit] MAJOR: 28/53 - org.joda.time.Partial_ESTest48 (15ms / 73):
    [junit] MAJOR: 527798 (0 / 73 / 73) -> AVG-RTPM: 175ms
    [junit] MAJOR: Mutants killed / live: 402 (39-856-2) / 137
    [junit] MAJOR: ------------------------------------------------------------
    [junit] MAJOR: 29/53 - org.joda.time.Partial_ESTest49 (15ms / 41):
    [junit] MAJOR: 534794 (0 / 41 / 41) -> AVG-RTPM: 170ms
    [junit] MAJOR: Mutants killed / live: 402 (39-897-2) / 137
    [junit] MAJOR: ------------------------------------------------------------
    [junit] MAJOR: 30/53 - org.joda.time.Partial_ESTest53 (15ms / 7):
    [junit] MAJOR: 536664 (3 / 7 / 7) -> AVG-RTPM: 267ms
    [junit] MAJOR: Mutants killed / live: 405 (39-904-2) / 134
    [junit] MAJOR: ------------------------------------------------------------
    [junit] MAJOR: 31/53 - org.joda.time.Partial_ESTest12 (16ms / 4):
    [junit] MAJOR: 537347 (0 / 4 / 4) -> AVG-RTPM: 170ms
    [junit] MAJOR: Mutants killed / live: 405 (39-908-2) / 134
    [junit] MAJOR: ------------------------------------------------------------
    [junit] MAJOR: 32/53 - org.joda.time.Partial_ESTest10 (17ms / 53):
    [junit] MAJOR: 548664 (14 / 53 / 53) -> AVG-RTPM: 213ms
    [junit] MAJOR: Mutants killed / live: 419 (39-961-2) / 120
    [junit] MAJOR: ------------------------------------------------------------
    [junit] MAJOR: 33/53 - org.joda.time.Partial_ESTest47 (18ms / 25):
    [junit] MAJOR: 554484 (18 / 25 / 25) -> AVG-RTPM: 232ms
    [junit] MAJOR: Mutants killed / live: 437 (39-986-2) / 102
    [junit] MAJOR: ------------------------------------------------------------
    [junit] MAJOR: 34/53 - org.joda.time.Partial_ESTest1 (19ms / 4):
    [junit] MAJOR: 555484 (0 / 4 / 4) -> AVG-RTPM: 250ms
    [junit] MAJOR: Mutants killed / live: 437 (39-990-2) / 102
    [junit] MAJOR: ------------------------------------------------------------
    [junit] MAJOR: 35/53 - org.joda.time.Partial_ESTest19 (19ms / 196):
    [junit] MAJOR: 593006 (3 / 196 / 196) -> AVG-RTPM: 191ms
    [junit] MAJOR: Mutants killed / live: 440 (39-1186-2) / 99
    [junit] MAJOR: ------------------------------------------------------------
    [junit] MAJOR: 36/53 - org.joda.time.Partial_ESTest35 (20ms / 142):
    [junit] MAJOR: 618099 (0 / 142 / 142) -> AVG-RTPM: 176ms
    [junit] MAJOR: Mutants killed / live: 440 (39-1328-2) / 99
    [junit] MAJOR: ------------------------------------------------------------
    [junit] MAJOR: 37/53 - org.joda.time.Partial_ESTest45 (21ms / 25):
    [junit] MAJOR: 622661 (1 / 25 / 25) -> AVG-RTPM: 182ms
    [junit] MAJOR: Mutants killed / live: 441 (39-1353-2) / 98
    [junit] MAJOR: ------------------------------------------------------------
    [junit] MAJOR: 38/53 - org.joda.time.Partial_ESTest29 (23ms / 202):
    [junit] MAJOR: 664980 (0 / 202 / 202) -> AVG-RTPM: 209ms
    [junit] MAJOR: Mutants killed / live: 441 (39-1555-2) / 98
    [junit] MAJOR: ------------------------------------------------------------
    [junit] MAJOR: 39/53 - org.joda.time.Partial_ESTest22 (24ms / 134):
    [junit] MAJOR: 700257 (6 / 134 / 134) -> AVG-RTPM: 263ms
    [junit] MAJOR: Mutants killed / live: 447 (39-1689-2) / 92
    [junit] MAJOR: ------------------------------------------------------------
    [junit] MAJOR: 40/53 - org.joda.time.Partial_ESTest26 (25ms / 9):
    [junit] MAJOR: 701917 (5 / 9 / 9) -> AVG-RTPM: 184ms
    [junit] MAJOR: Mutants killed / live: 452 (39-1698-2) / 87
    [junit] MAJOR: ------------------------------------------------------------
    [junit] MAJOR: 41/53 - org.joda.time.Partial_ESTest20 (28ms / 107):
    [junit] MAJOR: 726608 (0 / 107 / 107) -> AVG-RTPM: 230ms
    [junit] MAJOR: Mutants killed / live: 452 (39-1805-2) / 87
    [junit] MAJOR: ------------------------------------------------------------
    [junit] MAJOR: 42/53 - org.joda.time.Partial_ESTest16 (30ms / 76):
    [junit] MAJOR: 740439 (6 / 76 / 76) -> AVG-RTPM: 181ms
    [junit] MAJOR: Mutants killed / live: 458 (39-1881-2) / 81
    [junit] MAJOR: ------------------------------------------------------------
    [junit] MAJOR: 43/53 - org.joda.time.Partial_ESTest2 (31ms / 0):
    [junit] MAJOR: 740439 (0 / 0 / 0) -> AVG-RTPM: 0ms
    [junit] MAJOR: Mutants killed / live: 458 (39-1881-2) / 81
    [junit] MAJOR: ------------------------------------------------------------
    [junit] MAJOR: 44/53 - org.joda.time.Partial_ESTest39 (31ms / 14):
    [junit] MAJOR: 743253 (5 / 14 / 14) -> AVG-RTPM: 201ms
    [junit] MAJOR: Mutants killed / live: 463 (39-1895-2) / 76
    [junit] MAJOR: ------------------------------------------------------------
    [junit] MAJOR: 45/53 - org.joda.time.Partial_ESTest25 (33ms / 10):
    [junit] MAJOR: 745642 (1 / 10 / 10) -> AVG-RTPM: 238ms
    [junit] MAJOR: Mutants killed / live: 464 (39-1905-2) / 75
    [junit] MAJOR: ------------------------------------------------------------
    [junit] MAJOR: 46/53 - org.joda.time.Partial_ESTest18 (36ms / 98):
    [junit] MAJOR: 763347 (0 / 98 / 98) -> AVG-RTPM: 180ms
    [junit] MAJOR: Mutants killed / live: 464 (39-2003-2) / 75
    [junit] MAJOR: ------------------------------------------------------------
    [junit] MAJOR: 47/53 - org.joda.time.Partial_ESTest23 (36ms / 131):
    [junit] MAJOR: 795661 (0 / 131 / 131) -> AVG-RTPM: 246ms
    [junit] MAJOR: Mutants killed / live: 464 (39-2134-2) / 75
    [junit] MAJOR: ------------------------------------------------------------
    [junit] MAJOR: 48/53 - org.joda.time.Partial_ESTest0 (37ms / 6):
    [junit] MAJOR: 796734 (1 / 6 / 6) -> AVG-RTPM: 178ms
    [junit] MAJOR: Mutants killed / live: 465 (39-2140-2) / 74
    [junit] MAJOR: ------------------------------------------------------------
    [junit] MAJOR: 49/53 - org.joda.time.Partial_ESTest44 (38ms / 22):
    [junit] MAJOR: 801212 (10 / 22 / 22) -> AVG-RTPM: 203ms
    [junit] MAJOR: Mutants killed / live: 475 (39-2162-2) / 64
    [junit] MAJOR: ------------------------------------------------------------
    [junit] MAJOR: 50/53 - org.joda.time.Partial_ESTest21 (41ms / 113):
    [junit] MAJOR: 831395 (6 / 113 / 113) -> AVG-RTPM: 267ms
    [junit] MAJOR: Mutants killed / live: 481 (39-2275-2) / 58
    [junit] MAJOR: ------------------------------------------------------------
    [junit] MAJOR: 51/53 - org.joda.time.Partial_ESTest41 (42ms / 24):
    [junit] MAJOR: 836018 (0 / 24 / 24) -> AVG-RTPM: 192ms
    [junit] MAJOR: Mutants killed / live: 481 (39-2299-2) / 58
    [junit] MAJOR: ------------------------------------------------------------
    [junit] MAJOR: 52/53 - org.joda.time.Partial_ESTest32 (53ms / 13):
    [junit] MAJOR: 838264 (9 / 13 / 13) -> AVG-RTPM: 172ms
    [junit] MAJOR: Mutants killed / live: 490 (39-2312-2) / 49
    [junit] MAJOR: ------------------------------------------------------------
    [junit] MAJOR: 53/53 - org.joda.time.Partial_ESTest33 (66ms / 59):
    [junit] MAJOR: 848811 (45 / 59 / 59) -> AVG-RTPM: 178ms
    [junit] MAJOR: Mutants killed / live: 535 (39-2371-2) / 4
    [junit] MAJOR: ------------------------------------------------------------
    [junit] MAJOR: Summary:
    [junit] MAJOR: 
    [junit] MAJOR: Analysis time:  848.8 seconds
    [junit] MAJOR: Mutation score: 96.57% (99.26%)
    [junit] MAJOR: Mutants killed / live: 535 (39-2371-2) / 4
    [junit] MAJOR: Mutant executions: 2486
    [junit] MAJOR: ------------------------------------------------------------
    [junit] MAJOR: Export summary of results (to summary.csv)
    [junit] MAJOR: Export mutant kill details (to /tmp/run_mutation.pl_46242_1483649036/4f/kill.csv)
    [junit] MAJOR: Export kill map (to killMap.csv)!

BUILD SUCCESSFUL
Total time: 14 minutes 54 seconds
