--- org.apache.commons.math.complex.ComplexFormat_ESTest10::test10
java.lang.StringIndexOutOfBoundsException: String index out of range: 57
	at java.lang.String.substring(String.java:1907)
	at org.apache.commons.math.complex.ComplexFormat.parse(ComplexFormat.java:377)
	at org.apache.commons.math.complex.ComplexFormat.parseObject(ComplexFormat.java:499)
	at java.text.Format.parseObject(Format.java:243)
	at org.apache.commons.math.complex.ComplexFormat_ESTest10.test10(ComplexFormat_ESTest10.java:34)
	at sun.reflect.NativeMethodAccessorImpl.invoke0(Native Method)
	at sun.reflect.NativeMethodAccessorImpl.invoke(NativeMethodAccessorImpl.java:57)
	at sun.reflect.DelegatingMethodAccessorImpl.invoke(DelegatingMethodAccessorImpl.java:43)
	at java.lang.reflect.Method.invoke(Method.java:606)
	at org.junit.runners.model.FrameworkMethod$1.runReflectiveCall(FrameworkMethod.java:47)
	at org.junit.internal.runners.model.ReflectiveCallable.run(ReflectiveCallable.java:12)
	at org.junit.runners.model.FrameworkMethod.invokeExplosively(FrameworkMethod.java:44)
	at org.junit.internal.runners.statements.InvokeMethod.evaluate(InvokeMethod.java:17)
	at org.junit.internal.runners.statements.RunBefores.evaluate(RunBefores.java:26)
	at org.junit.internal.runners.statements.RunAfters.evaluate(RunAfters.java:27)
	at org.junit.internal.runners.statements.FailOnTimeout$StatementThread.run(FailOnTimeout.java:74)
--- org.apache.commons.math.complex.ComplexFormat_ESTest9::test09
java.lang.StringIndexOutOfBoundsException: String index out of range: 5
	at java.lang.String.substring(String.java:1907)
	at org.apache.commons.math.complex.ComplexFormat.parse(ComplexFormat.java:377)
	at org.apache.commons.math.complex.ComplexFormat.parse(ComplexFormat.java:305)
	at org.apache.commons.math.complex.ComplexFormat_ESTest9.test09(ComplexFormat_ESTest9.java:33)
	at sun.reflect.NativeMethodAccessorImpl.invoke0(Native Method)
	at sun.reflect.NativeMethodAccessorImpl.invoke(NativeMethodAccessorImpl.java:57)
	at sun.reflect.DelegatingMethodAccessorImpl.invoke(DelegatingMethodAccessorImpl.java:43)
	at java.lang.reflect.Method.invoke(Method.java:606)
	at org.junit.runners.model.FrameworkMethod$1.runReflectiveCall(FrameworkMethod.java:47)
	at org.junit.internal.runners.model.ReflectiveCallable.run(ReflectiveCallable.java:12)
	at org.junit.runners.model.FrameworkMethod.invokeExplosively(FrameworkMethod.java:44)
	at org.junit.internal.runners.statements.InvokeMethod.evaluate(InvokeMethod.java:17)
	at org.junit.internal.runners.statements.RunBefores.evaluate(RunBefores.java:26)
	at org.junit.internal.runners.statements.RunAfters.evaluate(RunAfters.java:27)
	at org.junit.internal.runners.statements.FailOnTimeout$StatementThread.run(FailOnTimeout.java:74)
