
init:
     [echo] -------- commons-lang3 3.2-SNAPSHOT --------

compile:

compile.tests:
    [mkdir] Created dir: /tmp/run_mutation.pl_5164_1501543933/13f/target/tests
    [javac] Compiling 126 source files to /tmp/run_mutation.pl_5164_1501543933/13f/target/tests
    [javac] warning: [options] bootstrap class path not set in conjunction with -source 1.5
    [javac] Note: Some input files use or override a deprecated API.
    [javac] Note: Recompile with -Xlint:deprecation for details.
    [javac] 1 warning
     [copy] Copying 2 files to /tmp/run_mutation.pl_5164_1501543933/13f/target/tests

update.all.tests:

mutation.test:
     [echo] Running mutation analysis ...
    [junit] MAJOR: Mutation analysis enabled
SLF4J: Failed to load class "org.slf4j.impl.StaticLoggerBinder".
SLF4J: Defaulting to no-operation (NOP) logger implementation
SLF4J: See http://www.slf4j.org/codes.html#StaticLoggerBinder for further details.
    [junit] MAJOR: ------------------------------------------------------------
    [junit] MAJOR: Run 7 ordered tests to verify independence
    [junit] MAJOR: ------------------------------------------------------------
    [junit] MAJOR: Preprocessing time: 1.74 seconds
    [junit] MAJOR: ------------------------------------------------------------
    [junit] MAJOR: Mutants generated: 46
    [junit] MAJOR: Mutants covered:   41 (89.13%)
    [junit] MAJOR: ------------------------------------------------------------
    [junit] MAJOR: Export test map to (testMap.csv)
    [junit] MAJOR: Export coverage map to (covMap.csv)
    [junit] MAJOR: Exclude 0 mutants
    [junit] MAJOR: ------------------------------------------------------------
    [junit] MAJOR: Run mutation analysis with 7 individual tests
    [junit] MAJOR: ------------------------------------------------------------
    [junit] MAJOR: 1/7 - org.apache.commons.lang3.SerializationUtils_ESTest5 (8ms / 3):
    [junit] MAJOR: 358 (2 / 3 / 3) -> AVG-RTPM: 119ms
    [junit] MAJOR: Mutants killed / live: 2 (0-2-0) / 39
    [junit] MAJOR: ------------------------------------------------------------
    [junit] MAJOR: 2/7 - org.apache.commons.lang3.SerializationUtils_ESTest4 (10ms / 10):
    [junit] MAJOR: 1034 (0 / 10 / 10) -> AVG-RTPM: 67ms
    [junit] MAJOR: Mutants killed / live: 2 (0-2-0) / 39
    [junit] MAJOR: ------------------------------------------------------------
    [junit] MAJOR: 3/7 - org.apache.commons.lang3.SerializationUtils_ESTest6 (12ms / 3):
    [junit] MAJOR: 1302 (2 / 3 / 3) -> AVG-RTPM: 89ms
    [junit] MAJOR: Mutants killed / live: 4 (0-4-0) / 37
    [junit] MAJOR: ------------------------------------------------------------
    [junit] MAJOR: 4/7 - org.apache.commons.lang3.SerializationUtils_ESTest3 (13ms / 3):
    [junit] MAJOR: 1529 (2 / 3 / 3) -> AVG-RTPM: 75ms
    [junit] MAJOR: Mutants killed / live: 6 (0-6-0) / 35
    [junit] MAJOR: ------------------------------------------------------------
    [junit] MAJOR: 5/7 - org.apache.commons.lang3.SerializationUtils_ESTest2 (16ms / 3):
    [junit] MAJOR: 1756 (2 / 3 / 3) -> AVG-RTPM: 75ms
    [junit] MAJOR: Mutants killed / live: 8 (0-8-0) / 33
    [junit] MAJOR: ------------------------------------------------------------
    [junit] MAJOR: 6/7 - org.apache.commons.lang3.SerializationUtils_ESTest1 (18ms / 0):
    [junit] MAJOR: 1756 (0 / 0 / 0) -> AVG-RTPM: 0ms
    [junit] MAJOR: Mutants killed / live: 8 (0-8-0) / 33
    [junit] MAJOR: ------------------------------------------------------------
    [junit] MAJOR: 7/7 - org.apache.commons.lang3.SerializationUtils_ESTest0 (35ms / 31):
    [junit] MAJOR: 4675 (6 / 31 / 31) -> AVG-RTPM: 94ms
    [junit] MAJOR: Mutants killed / live: 14 (0-15-0) / 27
    [junit] MAJOR: ------------------------------------------------------------
    [junit] MAJOR: Summary:
    [junit] MAJOR: 
    [junit] MAJOR: Analysis time:  4.7 seconds
    [junit] MAJOR: Mutation score: 30.43% (34.15%)
    [junit] MAJOR: Mutants killed / live: 14 (0-15-0) / 27
    [junit] MAJOR: Mutant executions: 53
    [junit] MAJOR: ------------------------------------------------------------
    [junit] MAJOR: Export summary of results (to summary.csv)
    [junit] MAJOR: Export mutant kill details (to /tmp/run_mutation.pl_5164_1501543933/13f/kill.csv)
    [junit] MAJOR: Export kill map (to killMap.csv)!

BUILD SUCCESSFUL
Total time: 13 seconds
