
init:
     [echo] -------- commons-lang3 3.2-SNAPSHOT --------

compile:

compile.tests:
    [mkdir] Created dir: /tmp/run_mutation.pl_60857_1501068788/15f/target/tests
    [javac] Compiling 119 source files to /tmp/run_mutation.pl_60857_1501068788/15f/target/tests
    [javac] warning: [options] bootstrap class path not set in conjunction with -source 1.5
    [javac] Note: Some input files use or override a deprecated API.
    [javac] Note: Recompile with -Xlint:deprecation for details.
    [javac] 1 warning
     [copy] Copying 2 files to /tmp/run_mutation.pl_60857_1501068788/15f/target/tests

update.all.tests:

mutation.test:
     [echo] Running mutation analysis ...
    [junit] MAJOR: Mutation analysis enabled
SLF4J: Failed to load class "org.slf4j.impl.StaticLoggerBinder".
SLF4J: Defaulting to no-operation (NOP) logger implementation
SLF4J: See http://www.slf4j.org/codes.html#StaticLoggerBinder for further details.
    [junit] MAJOR: ------------------------------------------------------------
    [junit] MAJOR: Run 17 ordered tests to verify independence
    [junit] MAJOR: ------------------------------------------------------------
    [junit] MAJOR: Preprocessing time: 3.28 seconds
    [junit] MAJOR: ------------------------------------------------------------
    [junit] MAJOR: Mutants generated: 376
    [junit] MAJOR: Mutants covered:   94 (25.00%)
    [junit] MAJOR: ------------------------------------------------------------
    [junit] MAJOR: Export test map to (testMap.csv)
    [junit] MAJOR: Export coverage map to (covMap.csv)
    [junit] MAJOR: Exclude 0 mutants
    [junit] MAJOR: ------------------------------------------------------------
    [junit] MAJOR: Run mutation analysis with 17 individual tests
    [junit] MAJOR: ------------------------------------------------------------
    [junit] MAJOR: 1/17 - org.apache.commons.lang3.reflect.TypeUtils_ESTest5 (7ms / 52):
    [junit] MAJOR: 5674 (15 / 52 / 52) -> AVG-RTPM: 109ms
    [junit] MAJOR: Mutants killed / live: 15 (4-11-0) / 79
    [junit] MAJOR: ------------------------------------------------------------
    [junit] MAJOR: 2/17 - org.apache.commons.lang3.reflect.TypeUtils_ESTest14 (8ms / 14):
    [junit] MAJOR: 8534 (6 / 14 / 14) -> AVG-RTPM: 204ms
    [junit] MAJOR: Mutants killed / live: 21 (10-11-0) / 73
    [junit] MAJOR: ------------------------------------------------------------
    [junit] MAJOR: 3/17 - org.apache.commons.lang3.reflect.TypeUtils_ESTest13 (9ms / 14):
    [junit] MAJOR: 11171 (2 / 14 / 14) -> AVG-RTPM: 188ms
    [junit] MAJOR: Mutants killed / live: 23 (13-15-0) / 71
    [junit] MAJOR: ------------------------------------------------------------
    [junit] MAJOR: 4/17 - org.apache.commons.lang3.reflect.TypeUtils_ESTest16 (9ms / 2):
    [junit] MAJOR: 11598 (0 / 2 / 2) -> AVG-RTPM: 213ms
    [junit] MAJOR: Mutants killed / live: 23 (13-15-0) / 71
    [junit] MAJOR: ------------------------------------------------------------
    [junit] MAJOR: 5/17 - org.apache.commons.lang3.reflect.TypeUtils_ESTest2 (9ms / 0):
    [junit] MAJOR: 11598 (0 / 0 / 0) -> AVG-RTPM: 0ms
    [junit] MAJOR: Mutants killed / live: 23 (13-15-0) / 71
    [junit] MAJOR: ------------------------------------------------------------
    [junit] MAJOR: 6/17 - org.apache.commons.lang3.reflect.TypeUtils_ESTest3 (9ms / 24):
    [junit] MAJOR: 18013 (4 / 24 / 24) -> AVG-RTPM: 267ms
    [junit] MAJOR: Mutants killed / live: 27 (18-19-0) / 67
    [junit] MAJOR: ------------------------------------------------------------
    [junit] MAJOR: 7/17 - org.apache.commons.lang3.reflect.TypeUtils_ESTest6 (9ms / 18):
    [junit] MAJOR: 23620 (6 / 18 / 18) -> AVG-RTPM: 311ms
    [junit] MAJOR: Mutants killed / live: 33 (18-26-0) / 61
    [junit] MAJOR: ------------------------------------------------------------
    [junit] MAJOR: 8/17 - org.apache.commons.lang3.reflect.TypeUtils_ESTest11 (10ms / 0):
    [junit] MAJOR: 23620 (0 / 0 / 0) -> AVG-RTPM: 0ms
    [junit] MAJOR: Mutants killed / live: 33 (18-26-0) / 61
    [junit] MAJOR: ------------------------------------------------------------
    [junit] MAJOR: 9/17 - org.apache.commons.lang3.reflect.TypeUtils_ESTest12 (10ms / 0):
    [junit] MAJOR: 23620 (0 / 0 / 0) -> AVG-RTPM: 0ms
    [junit] MAJOR: Mutants killed / live: 33 (18-26-0) / 61
    [junit] MAJOR: ------------------------------------------------------------
    [junit] MAJOR: 10/17 - org.apache.commons.lang3.reflect.TypeUtils_ESTest15 (10ms / 0):
    [junit] MAJOR: 23620 (0 / 0 / 0) -> AVG-RTPM: 0ms
    [junit] MAJOR: Mutants killed / live: 33 (18-26-0) / 61
    [junit] MAJOR: ------------------------------------------------------------
    [junit] MAJOR: 11/17 - org.apache.commons.lang3.reflect.TypeUtils_ESTest4 (10ms / 23):
    [junit] MAJOR: 33003 (4 / 23 / 23) -> AVG-RTPM: 407ms
    [junit] MAJOR: Mutants killed / live: 37 (22-32-0) / 57
    [junit] MAJOR: ------------------------------------------------------------
    [junit] MAJOR: 12/17 - org.apache.commons.lang3.reflect.TypeUtils_ESTest9 (10ms / 13):
    [junit] MAJOR: 39062 (7 / 13 / 13) -> AVG-RTPM: 466ms
    [junit] MAJOR: Mutants killed / live: 44 (28-34-0) / 50
    [junit] MAJOR: ------------------------------------------------------------
    [junit] MAJOR: 13/17 - org.apache.commons.lang3.reflect.TypeUtils_ESTest1 (11ms / 23):
    [junit] MAJOR: 51949 (4 / 23 / 23) -> AVG-RTPM: 560ms
    [junit] MAJOR: Mutants killed / live: 48 (31-46-0) / 46
    [junit] MAJOR: ------------------------------------------------------------
    [junit] MAJOR: 14/17 - org.apache.commons.lang3.reflect.TypeUtils_ESTest8 (11ms / 4):
    [junit] MAJOR: 54375 (1 / 4 / 4) -> AVG-RTPM: 606ms
    [junit] MAJOR: Mutants killed / live: 49 (32-46-0) / 45
    [junit] MAJOR: ------------------------------------------------------------
    [junit] MAJOR: 15/17 - org.apache.commons.lang3.reflect.TypeUtils_ESTest10 (14ms / 9):
    [junit] MAJOR: 60063 (4 / 9 / 9) -> AVG-RTPM: 632ms
    [junit] MAJOR: Mutants killed / live: 53 (38-46-0) / 41
    [junit] MAJOR: ------------------------------------------------------------
    [junit] MAJOR: 16/17 - org.apache.commons.lang3.reflect.TypeUtils_ESTest7 (16ms / 9):
    [junit] MAJOR: 66368 (2 / 9 / 9) -> AVG-RTPM: 700ms
    [junit] MAJOR: Mutants killed / live: 55 (38-52-0) / 39
    [junit] MAJOR: ------------------------------------------------------------
    [junit] MAJOR: 17/17 - org.apache.commons.lang3.reflect.TypeUtils_ESTest0 (32ms / 0):
    [junit] MAJOR: 66368 (0 / 0 / 0) -> AVG-RTPM: 0ms
    [junit] MAJOR: Mutants killed / live: 55 (38-52-0) / 39
    [junit] MAJOR: ------------------------------------------------------------
    [junit] MAJOR: Summary:
    [junit] MAJOR: 
    [junit] MAJOR: Analysis time:  66.4 seconds
    [junit] MAJOR: Mutation score: 14.63% (58.51%)
    [junit] MAJOR: Mutants killed / live: 55 (38-52-0) / 39
    [junit] MAJOR: Mutant executions: 205
    [junit] MAJOR: ------------------------------------------------------------
    [junit] MAJOR: Export summary of results (to summary.csv)
    [junit] MAJOR: Export mutant kill details (to /tmp/run_mutation.pl_60857_1501068788/15f/kill.csv)
    [junit] MAJOR: Export kill map (to killMap.csv)!

BUILD SUCCESSFUL
Total time: 1 minute 16 seconds
