
init:
     [echo] -------- commons-lang3 3.0.1 --------

compile:

compile.tests:
    [mkdir] Created dir: /tmp/run_mutation.pl_23448_1501547240/16f/target/tests
    [javac] Compiling 120 source files to /tmp/run_mutation.pl_23448_1501547240/16f/target/tests
    [javac] warning: [options] bootstrap class path not set in conjunction with -source 1.5
    [javac] Note: Some input files use or override a deprecated API.
    [javac] Note: Recompile with -Xlint:deprecation for details.
    [javac] Note: Some input files use unchecked or unsafe operations.
    [javac] Note: Recompile with -Xlint:unchecked for details.
    [javac] 1 warning
     [copy] Copying 2 files to /tmp/run_mutation.pl_23448_1501547240/16f/target/tests

update.all.tests:

mutation.test:
     [echo] Running mutation analysis ...
    [junit] MAJOR: Mutation analysis enabled
SLF4J: Failed to load class "org.slf4j.impl.StaticLoggerBinder".
SLF4J: Defaulting to no-operation (NOP) logger implementation
SLF4J: See http://www.slf4j.org/codes.html#StaticLoggerBinder for further details.
    [junit] MAJOR: ------------------------------------------------------------
    [junit] MAJOR: Run 118 ordered tests to verify independence
    [junit] MAJOR: ------------------------------------------------------------
    [junit] MAJOR: Preprocessing time: 44.28 seconds
    [junit] MAJOR: ------------------------------------------------------------
    [junit] MAJOR: Mutants generated: 1502
    [junit] MAJOR: Mutants covered:   1459 (97.14%)
    [junit] MAJOR: ------------------------------------------------------------
    [junit] MAJOR: Export test map to (testMap.csv)
    [junit] MAJOR: Export coverage map to (covMap.csv)
    [junit] MAJOR: Exclude 0 mutants
    [junit] MAJOR: ------------------------------------------------------------
    [junit] MAJOR: Run mutation analysis with 118 individual tests
    [junit] MAJOR: ------------------------------------------------------------
    [junit] MAJOR: 1/118 - org.apache.commons.lang3.math.NumberUtils_ESTest29 (6ms / 190):
    [junit] MAJOR: 241273 (39 / 190 / 190) -> AVG-RTPM: 1269ms
    [junit] MAJOR: Mutants killed / live: 39 (3-36-0) / 1420
    [junit] MAJOR: ------------------------------------------------------------
    [junit] MAJOR: 2/118 - org.apache.commons.lang3.math.NumberUtils_ESTest114 (7ms / 210):
    [junit] MAJOR: 383025 (177 / 210 / 210) -> AVG-RTPM: 675ms
    [junit] MAJOR: Mutants killed / live: 216 (4-211-1) / 1243
    [junit] MAJOR: ------------------------------------------------------------
    [junit] MAJOR: 3/118 - org.apache.commons.lang3.math.NumberUtils_ESTest116 (7ms / 224):
    [junit] MAJOR: 464797 (47 / 224 / 224) -> AVG-RTPM: 365ms
    [junit] MAJOR: Mutants killed / live: 263 (4-435-1) / 1196
    [junit] MAJOR: ------------------------------------------------------------
    [junit] MAJOR: 4/118 - org.apache.commons.lang3.math.NumberUtils_ESTest117 (7ms / 285):
    [junit] MAJOR: 576028 (61 / 285 / 285) -> AVG-RTPM: 390ms
    [junit] MAJOR: Mutants killed / live: 324 (4-720-1) / 1135
    [junit] MAJOR: ------------------------------------------------------------
    [junit] MAJOR: 5/118 - org.apache.commons.lang3.math.NumberUtils_ESTest15 (7ms / 29):
    [junit] MAJOR: 587794 (3 / 29 / 29) -> AVG-RTPM: 405ms
    [junit] MAJOR: Mutants killed / live: 327 (4-749-1) / 1132
    [junit] MAJOR: ------------------------------------------------------------
    [junit] MAJOR: 6/118 - org.apache.commons.lang3.math.NumberUtils_ESTest19 (7ms / 31):
    [junit] MAJOR: 600734 (3 / 31 / 31) -> AVG-RTPM: 417ms
    [junit] MAJOR: Mutants killed / live: 330 (4-780-1) / 1129
    [junit] MAJOR: ------------------------------------------------------------
    [junit] MAJOR: 7/118 - org.apache.commons.lang3.math.NumberUtils_ESTest2 (7ms / 26):
    [junit] MAJOR: 609300 (0 / 26 / 26) -> AVG-RTPM: 329ms
    [junit] MAJOR: Mutants killed / live: 330 (4-806-1) / 1129
    [junit] MAJOR: ------------------------------------------------------------
    [junit] MAJOR: 8/118 - org.apache.commons.lang3.math.NumberUtils_ESTest22 (7ms / 57):
    [junit] MAJOR: 630788 (25 / 57 / 57) -> AVG-RTPM: 376ms
    [junit] MAJOR: Mutants killed / live: 355 (4-863-1) / 1104
    [junit] MAJOR: ------------------------------------------------------------
    [junit] MAJOR: 9/118 - org.apache.commons.lang3.math.NumberUtils_ESTest24 (7ms / 57):
    [junit] MAJOR: 653747 (0 / 57 / 57) -> AVG-RTPM: 402ms
    [junit] MAJOR: Mutants killed / live: 355 (4-920-1) / 1104
    [junit] MAJOR: ------------------------------------------------------------
    [junit] MAJOR: 10/118 - org.apache.commons.lang3.math.NumberUtils_ESTest27 (7ms / 102):
    [junit] MAJOR: 695106 (39 / 102 / 102) -> AVG-RTPM: 405ms
    [junit] MAJOR: Mutants killed / live: 394 (4-1022-1) / 1065
    [junit] MAJOR: ------------------------------------------------------------
    [junit] MAJOR: 11/118 - org.apache.commons.lang3.math.NumberUtils_ESTest28 (7ms / 109):
    [junit] MAJOR: 739545 (7 / 109 / 109) -> AVG-RTPM: 407ms
    [junit] MAJOR: Mutants killed / live: 401 (4-1131-1) / 1058
    [junit] MAJOR: ------------------------------------------------------------
    [junit] MAJOR: 12/118 - org.apache.commons.lang3.math.NumberUtils_ESTest3 (7ms / 29):
    [junit] MAJOR: 751261 (3 / 29 / 29) -> AVG-RTPM: 404ms
    [junit] MAJOR: Mutants killed / live: 404 (4-1160-1) / 1055
    [junit] MAJOR: ------------------------------------------------------------
    [junit] MAJOR: 13/118 - org.apache.commons.lang3.math.NumberUtils_ESTest30 (7ms / 95):
    [junit] MAJOR: 789749 (16 / 95 / 95) -> AVG-RTPM: 405ms
    [junit] MAJOR: Mutants killed / live: 420 (4-1255-1) / 1039
    [junit] MAJOR: ------------------------------------------------------------
    [junit] MAJOR: 14/118 - org.apache.commons.lang3.math.NumberUtils_ESTest32 (7ms / 202):
    [junit] MAJOR: 872913 (80 / 202 / 202) -> AVG-RTPM: 411ms
    [junit] MAJOR: Mutants killed / live: 500 (4-1457-1) / 959
    [junit] MAJOR: ------------------------------------------------------------
    [junit] MAJOR: 15/118 - org.apache.commons.lang3.math.NumberUtils_ESTest34 (7ms / 204):
    [junit] MAJOR: 956580 (11 / 204 / 204) -> AVG-RTPM: 410ms
    [junit] MAJOR: Mutants killed / live: 511 (4-1661-1) / 948
    [junit] MAJOR: ------------------------------------------------------------
    [junit] MAJOR: 16/118 - org.apache.commons.lang3.math.NumberUtils_ESTest35 (7ms / 213):
    [junit] MAJOR: 1044329 (20 / 213 / 213) -> AVG-RTPM: 411ms
    [junit] MAJOR: Mutants killed / live: 531 (4-1874-1) / 928
    [junit] MAJOR: ------------------------------------------------------------
    [junit] MAJOR: 17/118 - org.apache.commons.lang3.math.NumberUtils_ESTest36 (7ms / 185):
    [junit] MAJOR: 1120795 (23 / 185 / 185) -> AVG-RTPM: 413ms
    [junit] MAJOR: Mutants killed / live: 554 (4-2059-1) / 905
    [junit] MAJOR: ------------------------------------------------------------
    [junit] MAJOR: 18/118 - org.apache.commons.lang3.math.NumberUtils_ESTest37 (7ms / 216):
    [junit] MAJOR: 1209697 (37 / 216 / 216) -> AVG-RTPM: 411ms
    [junit] MAJOR: Mutants killed / live: 591 (4-2275-1) / 868
    [junit] MAJOR: ------------------------------------------------------------
    [junit] MAJOR: 19/118 - org.apache.commons.lang3.math.NumberUtils_ESTest39 (7ms / 133):
    [junit] MAJOR: 1264137 (35 / 133 / 133) -> AVG-RTPM: 409ms
    [junit] MAJOR: Mutants killed / live: 626 (4-2408-1) / 833
    [junit] MAJOR: ------------------------------------------------------------
    [junit] MAJOR: 20/118 - org.apache.commons.lang3.math.NumberUtils_ESTest4 (7ms / 26):
    [junit] MAJOR: 1274717 (0 / 26 / 26) -> AVG-RTPM: 406ms
    [junit] MAJOR: Mutants killed / live: 626 (4-2434-1) / 833
    [junit] MAJOR: ------------------------------------------------------------
    [junit] MAJOR: 21/118 - org.apache.commons.lang3.math.NumberUtils_ESTest40 (7ms / 195):
    [junit] MAJOR: 1354697 (38 / 195 / 195) -> AVG-RTPM: 410ms
    [junit] MAJOR: Mutants killed / live: 664 (4-2629-1) / 795
    [junit] MAJOR: ------------------------------------------------------------
    [junit] MAJOR: 22/118 - org.apache.commons.lang3.math.NumberUtils_ESTest41 (7ms / 29):
    [junit] MAJOR: 1366661 (0 / 29 / 29) -> AVG-RTPM: 412ms
    [junit] MAJOR: Mutants killed / live: 664 (4-2658-1) / 795
    [junit] MAJOR: ------------------------------------------------------------
    [junit] MAJOR: 23/118 - org.apache.commons.lang3.math.NumberUtils_ESTest44 (7ms / 29):
    [junit] MAJOR: 1378615 (0 / 29 / 29) -> AVG-RTPM: 412ms
    [junit] MAJOR: Mutants killed / live: 664 (4-2687-1) / 795
    [junit] MAJOR: ------------------------------------------------------------
    [junit] MAJOR: 24/118 - org.apache.commons.lang3.math.NumberUtils_ESTest46 (7ms / 29):
    [junit] MAJOR: 1390566 (0 / 29 / 29) -> AVG-RTPM: 412ms
    [junit] MAJOR: Mutants killed / live: 664 (4-2716-1) / 795
    [junit] MAJOR: ------------------------------------------------------------
    [junit] MAJOR: 25/118 - org.apache.commons.lang3.math.NumberUtils_ESTest49 (7ms / 57):
    [junit] MAJOR: 1413935 (31 / 57 / 57) -> AVG-RTPM: 409ms
    [junit] MAJOR: Mutants killed / live: 695 (4-2773-1) / 764
    [junit] MAJOR: ------------------------------------------------------------
    [junit] MAJOR: 26/118 - org.apache.commons.lang3.math.NumberUtils_ESTest57 (7ms / 29):
    [junit] MAJOR: 1425850 (3 / 29 / 29) -> AVG-RTPM: 410ms
    [junit] MAJOR: Mutants killed / live: 698 (4-2802-1) / 761
    [junit] MAJOR: ------------------------------------------------------------
    [junit] MAJOR: 27/118 - org.apache.commons.lang3.math.NumberUtils_ESTest59 (7ms / 59):
    [junit] MAJOR: 1450522 (30 / 59 / 59) -> AVG-RTPM: 418ms
    [junit] MAJOR: Mutants killed / live: 728 (4-2861-1) / 731
    [junit] MAJOR: ------------------------------------------------------------
    [junit] MAJOR: 28/118 - org.apache.commons.lang3.math.NumberUtils_ESTest112 (8ms / 162):
    [junit] MAJOR: 1517474 (1 / 162 / 162) -> AVG-RTPM: 413ms
    [junit] MAJOR: Mutants killed / live: 729 (4-3023-1) / 730
    [junit] MAJOR: ------------------------------------------------------------
    [junit] MAJOR: 29/118 - org.apache.commons.lang3.math.NumberUtils_ESTest113 (8ms / 207):
    [junit] MAJOR: 1603455 (24 / 207 / 207) -> AVG-RTPM: 415ms
    [junit] MAJOR: Mutants killed / live: 753 (4-3230-1) / 706
    [junit] MAJOR: ------------------------------------------------------------
    [junit] MAJOR: 30/118 - org.apache.commons.lang3.math.NumberUtils_ESTest115 (8ms / 217):
    [junit] MAJOR: 1693826 (0 / 217 / 217) -> AVG-RTPM: 416ms
    [junit] MAJOR: Mutants killed / live: 753 (4-3447-1) / 706
    [junit] MAJOR: ------------------------------------------------------------
    [junit] MAJOR: 31/118 - org.apache.commons.lang3.math.NumberUtils_ESTest18 (8ms / 29):
    [junit] MAJOR: 1705940 (0 / 29 / 29) -> AVG-RTPM: 417ms
    [junit] MAJOR: Mutants killed / live: 753 (4-3476-1) / 706
    [junit] MAJOR: ------------------------------------------------------------
    [junit] MAJOR: 32/118 - org.apache.commons.lang3.math.NumberUtils_ESTest23 (8ms / 57):
    [junit] MAJOR: 1729494 (0 / 57 / 57) -> AVG-RTPM: 413ms
    [junit] MAJOR: Mutants killed / live: 753 (4-3533-1) / 706
    [junit] MAJOR: ------------------------------------------------------------
    [junit] MAJOR: 33/118 - org.apache.commons.lang3.math.NumberUtils_ESTest25 (8ms / 181):
    [junit] MAJOR: 1805664 (0 / 181 / 181) -> AVG-RTPM: 420ms
    [junit] MAJOR: Mutants killed / live: 753 (4-3714-1) / 706
    [junit] MAJOR: ------------------------------------------------------------
    [junit] MAJOR: 34/118 - org.apache.commons.lang3.math.NumberUtils_ESTest26 (8ms / 230):
    [junit] MAJOR: 1902291 (6 / 230 / 230) -> AVG-RTPM: 420ms
    [junit] MAJOR: Mutants killed / live: 759 (4-3944-1) / 700
    [junit] MAJOR: ------------------------------------------------------------
    [junit] MAJOR: 35/118 - org.apache.commons.lang3.math.NumberUtils_ESTest31 (8ms / 196):
    [junit] MAJOR: 1984050 (19 / 196 / 196) -> AVG-RTPM: 417ms
    [junit] MAJOR: Mutants killed / live: 778 (4-4140-1) / 681
    [junit] MAJOR: ------------------------------------------------------------
    [junit] MAJOR: 36/118 - org.apache.commons.lang3.math.NumberUtils_ESTest33 (8ms / 167):
    [junit] MAJOR: 2053094 (0 / 167 / 167) -> AVG-RTPM: 413ms
    [junit] MAJOR: Mutants killed / live: 778 (4-4307-1) / 681
    [junit] MAJOR: ------------------------------------------------------------
    [junit] MAJOR: 37/118 - org.apache.commons.lang3.math.NumberUtils_ESTest42 (8ms / 29):
    [junit] MAJOR: 2065152 (0 / 29 / 29) -> AVG-RTPM: 415ms
    [junit] MAJOR: Mutants killed / live: 778 (4-4336-1) / 681
    [junit] MAJOR: ------------------------------------------------------------
    [junit] MAJOR: 38/118 - org.apache.commons.lang3.math.NumberUtils_ESTest47 (8ms / 31):
    [junit] MAJOR: 2077862 (0 / 31 / 31) -> AVG-RTPM: 410ms
    [junit] MAJOR: Mutants killed / live: 778 (4-4367-1) / 681
    [junit] MAJOR: ------------------------------------------------------------
    [junit] MAJOR: 39/118 - org.apache.commons.lang3.math.NumberUtils_ESTest48 (8ms / 29):
    [junit] MAJOR: 2089834 (0 / 29 / 29) -> AVG-RTPM: 412ms
    [junit] MAJOR: Mutants killed / live: 778 (4-4396-1) / 681
    [junit] MAJOR: ------------------------------------------------------------
    [junit] MAJOR: 40/118 - org.apache.commons.lang3.math.NumberUtils_ESTest50 (8ms / 29):
    [junit] MAJOR: 2101822 (3 / 29 / 29) -> AVG-RTPM: 413ms
    [junit] MAJOR: Mutants killed / live: 781 (4-4425-1) / 678
    [junit] MAJOR: ------------------------------------------------------------
    [junit] MAJOR: 41/118 - org.apache.commons.lang3.math.NumberUtils_ESTest51 (8ms / 57):
    [junit] MAJOR: 2124977 (28 / 57 / 57) -> AVG-RTPM: 406ms
    [junit] MAJOR: Mutants killed / live: 809 (4-4482-1) / 650
    [junit] MAJOR: ------------------------------------------------------------
    [junit] MAJOR: 42/118 - org.apache.commons.lang3.math.NumberUtils_ESTest52 (8ms / 29):
    [junit] MAJOR: 2136493 (3 / 29 / 29) -> AVG-RTPM: 397ms
    [junit] MAJOR: Mutants killed / live: 812 (4-4511-1) / 647
    [junit] MAJOR: ------------------------------------------------------------
    [junit] MAJOR: 43/118 - org.apache.commons.lang3.math.NumberUtils_ESTest54 (8ms / 57):
    [junit] MAJOR: 2159444 (28 / 57 / 57) -> AVG-RTPM: 402ms
    [junit] MAJOR: Mutants killed / live: 840 (4-4568-1) / 619
    [junit] MAJOR: ------------------------------------------------------------
    [junit] MAJOR: 44/118 - org.apache.commons.lang3.math.NumberUtils_ESTest55 (8ms / 29):
    [junit] MAJOR: 2171056 (3 / 29 / 29) -> AVG-RTPM: 400ms
    [junit] MAJOR: Mutants killed / live: 843 (4-4597-1) / 616
    [junit] MAJOR: ------------------------------------------------------------
    [junit] MAJOR: 45/118 - org.apache.commons.lang3.math.NumberUtils_ESTest56 (8ms / 57):
    [junit] MAJOR: 2193609 (28 / 57 / 57) -> AVG-RTPM: 395ms
    [junit] MAJOR: Mutants killed / live: 871 (4-4654-1) / 588
    [junit] MAJOR: ------------------------------------------------------------
    [junit] MAJOR: 46/118 - org.apache.commons.lang3.math.NumberUtils_ESTest6 (8ms / 26):
    [junit] MAJOR: 2204003 (0 / 26 / 26) -> AVG-RTPM: 399ms
    [junit] MAJOR: Mutants killed / live: 871 (4-4680-1) / 588
    [junit] MAJOR: ------------------------------------------------------------
    [junit] MAJOR: 47/118 - org.apache.commons.lang3.math.NumberUtils_ESTest60 (8ms / 29):
    [junit] MAJOR: 2215537 (3 / 29 / 29) -> AVG-RTPM: 397ms
    [junit] MAJOR: Mutants killed / live: 874 (4-4709-1) / 585
    [junit] MAJOR: ------------------------------------------------------------
    [junit] MAJOR: 48/118 - org.apache.commons.lang3.math.NumberUtils_ESTest61 (8ms / 58):
    [junit] MAJOR: 2234942 (29 / 58 / 58) -> AVG-RTPM: 334ms
    [junit] MAJOR: Mutants killed / live: 903 (4-4767-1) / 556
    [junit] MAJOR: ------------------------------------------------------------
    [junit] MAJOR: 49/118 - org.apache.commons.lang3.math.NumberUtils_ESTest63 (8ms / 29):
    [junit] MAJOR: 2243081 (3 / 29 / 29) -> AVG-RTPM: 280ms
    [junit] MAJOR: Mutants killed / live: 906 (4-4796-1) / 553
    [junit] MAJOR: ------------------------------------------------------------
    [junit] MAJOR: 50/118 - org.apache.commons.lang3.math.NumberUtils_ESTest64 (8ms / 57):
    [junit] MAJOR: 2258764 (28 / 57 / 57) -> AVG-RTPM: 275ms
    [junit] MAJOR: Mutants killed / live: 934 (4-4853-1) / 525
    [junit] MAJOR: ------------------------------------------------------------
    [junit] MAJOR: 51/118 - org.apache.commons.lang3.math.NumberUtils_ESTest65 (8ms / 29):
    [junit] MAJOR: 2266711 (3 / 29 / 29) -> AVG-RTPM: 274ms
    [junit] MAJOR: Mutants killed / live: 937 (4-4882-1) / 522
    [junit] MAJOR: ------------------------------------------------------------
    [junit] MAJOR: 52/118 - org.apache.commons.lang3.math.NumberUtils_ESTest66 (8ms / 57):
    [junit] MAJOR: 2282670 (28 / 57 / 57) -> AVG-RTPM: 279ms
    [junit] MAJOR: Mutants killed / live: 965 (4-4939-1) / 494
    [junit] MAJOR: ------------------------------------------------------------
    [junit] MAJOR: 53/118 - org.apache.commons.lang3.math.NumberUtils_ESTest67 (8ms / 29):
    [junit] MAJOR: 2290724 (3 / 29 / 29) -> AVG-RTPM: 277ms
    [junit] MAJOR: Mutants killed / live: 968 (4-4968-1) / 491
    [junit] MAJOR: ------------------------------------------------------------
    [junit] MAJOR: 54/118 - org.apache.commons.lang3.math.NumberUtils_ESTest69 (8ms / 29):
    [junit] MAJOR: 2298837 (3 / 29 / 29) -> AVG-RTPM: 279ms
    [junit] MAJOR: Mutants killed / live: 971 (4-4997-1) / 488
    [junit] MAJOR: ------------------------------------------------------------
    [junit] MAJOR: 55/118 - org.apache.commons.lang3.math.NumberUtils_ESTest70 (8ms / 57):
    [junit] MAJOR: 2315171 (28 / 57 / 57) -> AVG-RTPM: 286ms
    [junit] MAJOR: Mutants killed / live: 999 (4-5054-1) / 460
    [junit] MAJOR: ------------------------------------------------------------
    [junit] MAJOR: 56/118 - org.apache.commons.lang3.math.NumberUtils_ESTest73 (8ms / 59):
    [junit] MAJOR: 2331921 (33 / 59 / 59) -> AVG-RTPM: 283ms
    [junit] MAJOR: Mutants killed / live: 1032 (4-5113-1) / 427
    [junit] MAJOR: ------------------------------------------------------------
    [junit] MAJOR: 57/118 - org.apache.commons.lang3.math.NumberUtils_ESTest74 (8ms / 29):
    [junit] MAJOR: 2340587 (3 / 29 / 29) -> AVG-RTPM: 298ms
    [junit] MAJOR: Mutants killed / live: 1035 (4-5142-1) / 424
    [junit] MAJOR: ------------------------------------------------------------
    [junit] MAJOR: 58/118 - org.apache.commons.lang3.math.NumberUtils_ESTest75 (8ms / 51):
    [junit] MAJOR: 2355248 (22 / 51 / 51) -> AVG-RTPM: 287ms
    [junit] MAJOR: Mutants killed / live: 1057 (4-5193-1) / 402
    [junit] MAJOR: ------------------------------------------------------------
    [junit] MAJOR: 59/118 - org.apache.commons.lang3.math.NumberUtils_ESTest10 (9ms / 31):
    [junit] MAJOR: 2364307 (5 / 31 / 31) -> AVG-RTPM: 292ms
    [junit] MAJOR: Mutants killed / live: 1062 (4-5224-1) / 397
    [junit] MAJOR: ------------------------------------------------------------
    [junit] MAJOR: 60/118 - org.apache.commons.lang3.math.NumberUtils_ESTest101 (9ms / 167):
    [junit] MAJOR: 2411684 (92 / 167 / 167) -> AVG-RTPM: 283ms
    [junit] MAJOR: Mutants killed / live: 1154 (4-5391-1) / 305
    [junit] MAJOR: ------------------------------------------------------------
    [junit] MAJOR: 61/118 - org.apache.commons.lang3.math.NumberUtils_ESTest102 (9ms / 181):
    [junit] MAJOR: 2462597 (14 / 181 / 181) -> AVG-RTPM: 281ms
    [junit] MAJOR: Mutants killed / live: 1168 (4-5572-1) / 291
    [junit] MAJOR: ------------------------------------------------------------
    [junit] MAJOR: 62/118 - org.apache.commons.lang3.math.NumberUtils_ESTest103 (9ms / 126):
    [junit] MAJOR: 2498058 (7 / 126 / 126) -> AVG-RTPM: 281ms
    [junit] MAJOR: Mutants killed / live: 1175 (4-5698-1) / 284
    [junit] MAJOR: ------------------------------------------------------------
    [junit] MAJOR: 63/118 - org.apache.commons.lang3.math.NumberUtils_ESTest105 (9ms / 124):
    [junit] MAJOR: 2534735 (1 / 124 / 124) -> AVG-RTPM: 295ms
    [junit] MAJOR: Mutants killed / live: 1176 (4-5822-1) / 283
    [junit] MAJOR: ------------------------------------------------------------
    [junit] MAJOR: 64/118 - org.apache.commons.lang3.math.NumberUtils_ESTest107 (9ms / 139):
    [junit] MAJOR: 2576639 (19 / 139 / 139) -> AVG-RTPM: 301ms
    [junit] MAJOR: Mutants killed / live: 1195 (4-5961-1) / 264
    [junit] MAJOR: ------------------------------------------------------------
    [junit] MAJOR: 65/118 - org.apache.commons.lang3.math.NumberUtils_ESTest108 (9ms / 158):
    [junit] MAJOR: 2620689 (31 / 158 / 158) -> AVG-RTPM: 278ms
    [junit] MAJOR: Mutants killed / live: 1226 (4-6119-1) / 233
    [junit] MAJOR: ------------------------------------------------------------
    [junit] MAJOR: 66/118 - org.apache.commons.lang3.math.NumberUtils_ESTest109 (9ms / 168):
    [junit] MAJOR: 2668331 (0 / 168 / 168) -> AVG-RTPM: 283ms
    [junit] MAJOR: Mutants killed / live: 1226 (4-6287-1) / 233
    [junit] MAJOR: ------------------------------------------------------------
    [junit] MAJOR: 67/118 - org.apache.commons.lang3.math.NumberUtils_ESTest17 (9ms / 190):
    [junit] MAJOR: 2721139 (23 / 190 / 190) -> AVG-RTPM: 277ms
    [junit] MAJOR: Mutants killed / live: 1249 (4-6477-1) / 210
    [junit] MAJOR: ------------------------------------------------------------
    [junit] MAJOR: 68/118 - org.apache.commons.lang3.math.NumberUtils_ESTest20 (9ms / 33):
    [junit] MAJOR: 2730493 (0 / 33 / 33) -> AVG-RTPM: 283ms
    [junit] MAJOR: Mutants killed / live: 1249 (4-6510-1) / 210
    [junit] MAJOR: ------------------------------------------------------------
    [junit] MAJOR: 69/118 - org.apache.commons.lang3.math.NumberUtils_ESTest5 (9ms / 26):
    [junit] MAJOR: 2737774 (0 / 26 / 26) -> AVG-RTPM: 280ms
    [junit] MAJOR: Mutants killed / live: 1249 (4-6536-1) / 210
    [junit] MAJOR: ------------------------------------------------------------
    [junit] MAJOR: 70/118 - org.apache.commons.lang3.math.NumberUtils_ESTest53 (9ms / 56):
    [junit] MAJOR: 2753698 (0 / 56 / 56) -> AVG-RTPM: 284ms
    [junit] MAJOR: Mutants killed / live: 1249 (4-6592-1) / 210
    [junit] MAJOR: ------------------------------------------------------------
    [junit] MAJOR: 71/118 - org.apache.commons.lang3.math.NumberUtils_ESTest68 (9ms / 57):
    [junit] MAJOR: 2769883 (28 / 57 / 57) -> AVG-RTPM: 283ms
    [junit] MAJOR: Mutants killed / live: 1277 (4-6649-1) / 182
    [junit] MAJOR: ------------------------------------------------------------
    [junit] MAJOR: 72/118 - org.apache.commons.lang3.math.NumberUtils_ESTest7 (9ms / 29):
    [junit] MAJOR: 2778128 (0 / 29 / 29) -> AVG-RTPM: 284ms
    [junit] MAJOR: Mutants killed / live: 1277 (4-6678-1) / 182
    [junit] MAJOR: ------------------------------------------------------------
    [junit] MAJOR: 73/118 - org.apache.commons.lang3.math.NumberUtils_ESTest71 (9ms / 29):
    [junit] MAJOR: 2786558 (0 / 29 / 29) -> AVG-RTPM: 290ms
    [junit] MAJOR: Mutants killed / live: 1277 (4-6707-1) / 182
    [junit] MAJOR: ------------------------------------------------------------
    [junit] MAJOR: 74/118 - org.apache.commons.lang3.math.NumberUtils_ESTest76 (9ms / 59):
    [junit] MAJOR: 2803470 (8 / 59 / 59) -> AVG-RTPM: 286ms
    [junit] MAJOR: Mutants killed / live: 1285 (4-6766-1) / 174
    [junit] MAJOR: ------------------------------------------------------------
    [junit] MAJOR: 75/118 - org.apache.commons.lang3.math.NumberUtils_ESTest77 (9ms / 41):
    [junit] MAJOR: 2815210 (15 / 41 / 41) -> AVG-RTPM: 286ms
    [junit] MAJOR: Mutants killed / live: 1300 (4-6807-1) / 159
    [junit] MAJOR: ------------------------------------------------------------
    [junit] MAJOR: 76/118 - org.apache.commons.lang3.math.NumberUtils_ESTest78 (9ms / 41):
    [junit] MAJOR: 2827129 (1 / 41 / 41) -> AVG-RTPM: 290ms
    [junit] MAJOR: Mutants killed / live: 1301 (4-6848-1) / 158
    [junit] MAJOR: ------------------------------------------------------------
    [junit] MAJOR: 77/118 - org.apache.commons.lang3.math.NumberUtils_ESTest79 (9ms / 41):
    [junit] MAJOR: 2839002 (15 / 41 / 41) -> AVG-RTPM: 289ms
    [junit] MAJOR: Mutants killed / live: 1316 (4-6889-1) / 143
    [junit] MAJOR: ------------------------------------------------------------
    [junit] MAJOR: 78/118 - org.apache.commons.lang3.math.NumberUtils_ESTest88 (9ms / 41):
    [junit] MAJOR: 2850838 (15 / 41 / 41) -> AVG-RTPM: 288ms
    [junit] MAJOR: Mutants killed / live: 1331 (4-6930-1) / 128
    [junit] MAJOR: ------------------------------------------------------------
    [junit] MAJOR: 79/118 - org.apache.commons.lang3.math.NumberUtils_ESTest89 (9ms / 41):
    [junit] MAJOR: 2862656 (1 / 41 / 41) -> AVG-RTPM: 288ms
    [junit] MAJOR: Mutants killed / live: 1332 (4-6971-1) / 127
    [junit] MAJOR: ------------------------------------------------------------
    [junit] MAJOR: 80/118 - org.apache.commons.lang3.math.NumberUtils_ESTest9 (9ms / 26):
    [junit] MAJOR: 2869938 (0 / 26 / 26) -> AVG-RTPM: 280ms
    [junit] MAJOR: Mutants killed / live: 1332 (4-6997-1) / 127
    [junit] MAJOR: ------------------------------------------------------------
    [junit] MAJOR: 81/118 - org.apache.commons.lang3.math.NumberUtils_ESTest92 (9ms / 41):
    [junit] MAJOR: 2881994 (15 / 41 / 41) -> AVG-RTPM: 294ms
    [junit] MAJOR: Mutants killed / live: 1347 (4-7038-1) / 112
    [junit] MAJOR: ------------------------------------------------------------
    [junit] MAJOR: 82/118 - org.apache.commons.lang3.math.NumberUtils_ESTest93 (9ms / 41):
    [junit] MAJOR: 2893702 (1 / 41 / 41) -> AVG-RTPM: 285ms
    [junit] MAJOR: Mutants killed / live: 1348 (4-7079-1) / 111
    [junit] MAJOR: ------------------------------------------------------------
    [junit] MAJOR: 83/118 - org.apache.commons.lang3.math.NumberUtils_ESTest1 (10ms / 31):
    [junit] MAJOR: 2902628 (5 / 31 / 31) -> AVG-RTPM: 287ms
    [junit] MAJOR: Mutants killed / live: 1353 (4-7110-1) / 106
    [junit] MAJOR: ------------------------------------------------------------
    [junit] MAJOR: 84/118 - org.apache.commons.lang3.math.NumberUtils_ESTest13 (10ms / 29):
    [junit] MAJOR: 2910982 (0 / 29 / 29) -> AVG-RTPM: 288ms
    [junit] MAJOR: Mutants killed / live: 1353 (4-7139-1) / 106
    [junit] MAJOR: ------------------------------------------------------------
    [junit] MAJOR: 85/118 - org.apache.commons.lang3.math.NumberUtils_ESTest14 (10ms / 31):
    [junit] MAJOR: 2919947 (0 / 31 / 31) -> AVG-RTPM: 289ms
    [junit] MAJOR: Mutants killed / live: 1353 (4-7170-1) / 106
    [junit] MAJOR: ------------------------------------------------------------
    [junit] MAJOR: 86/118 - org.apache.commons.lang3.math.NumberUtils_ESTest16 (10ms / 29):
    [junit] MAJOR: 2928176 (0 / 29 / 29) -> AVG-RTPM: 283ms
    [junit] MAJOR: Mutants killed / live: 1353 (4-7199-1) / 106
    [junit] MAJOR: ------------------------------------------------------------
    [junit] MAJOR: 87/118 - org.apache.commons.lang3.math.NumberUtils_ESTest38 (10ms / 185):
    [junit] MAJOR: 2981072 (0 / 185 / 185) -> AVG-RTPM: 285ms
    [junit] MAJOR: Mutants killed / live: 1353 (4-7384-1) / 106
    [junit] MAJOR: ------------------------------------------------------------
    [junit] MAJOR: 88/118 - org.apache.commons.lang3.math.NumberUtils_ESTest43 (10ms / 29):
    [junit] MAJOR: 2989386 (0 / 29 / 29) -> AVG-RTPM: 286ms
    [junit] MAJOR: Mutants killed / live: 1353 (4-7413-1) / 106
    [junit] MAJOR: ------------------------------------------------------------
    [junit] MAJOR: 89/118 - org.apache.commons.lang3.math.NumberUtils_ESTest80 (10ms / 41):
    [junit] MAJOR: 3001667 (1 / 41 / 41) -> AVG-RTPM: 299ms
    [junit] MAJOR: Mutants killed / live: 1354 (4-7454-1) / 105
    [junit] MAJOR: ------------------------------------------------------------
    [junit] MAJOR: 90/118 - org.apache.commons.lang3.math.NumberUtils_ESTest81 (10ms / 40):
    [junit] MAJOR: 3013112 (14 / 40 / 40) -> AVG-RTPM: 286ms
    [junit] MAJOR: Mutants killed / live: 1368 (4-7494-1) / 91
    [junit] MAJOR: ------------------------------------------------------------
    [junit] MAJOR: 91/118 - org.apache.commons.lang3.math.NumberUtils_ESTest84 (10ms / 40):
    [junit] MAJOR: 3024616 (14 / 40 / 40) -> AVG-RTPM: 287ms
    [junit] MAJOR: Mutants killed / live: 1382 (4-7534-1) / 77
    [junit] MAJOR: ------------------------------------------------------------
    [junit] MAJOR: 92/118 - org.apache.commons.lang3.math.NumberUtils_ESTest87 (10ms / 42):
    [junit] MAJOR: 3036791 (16 / 42 / 42) -> AVG-RTPM: 289ms
    [junit] MAJOR: Mutants killed / live: 1398 (4-7576-1) / 61
    [junit] MAJOR: ------------------------------------------------------------
    [junit] MAJOR: 93/118 - org.apache.commons.lang3.math.NumberUtils_ESTest90 (10ms / 41):
    [junit] MAJOR: 3048662 (15 / 41 / 41) -> AVG-RTPM: 289ms
    [junit] MAJOR: Mutants killed / live: 1413 (4-7617-1) / 46
    [junit] MAJOR: ------------------------------------------------------------
    [junit] MAJOR: 94/118 - org.apache.commons.lang3.math.NumberUtils_ESTest91 (10ms / 41):
    [junit] MAJOR: 3060295 (1 / 41 / 41) -> AVG-RTPM: 283ms
    [junit] MAJOR: Mutants killed / live: 1414 (4-7658-1) / 45
    [junit] MAJOR: ------------------------------------------------------------
    [junit] MAJOR: 95/118 - org.apache.commons.lang3.math.NumberUtils_ESTest95 (10ms / 40):
    [junit] MAJOR: 3071690 (1 / 40 / 40) -> AVG-RTPM: 284ms
    [junit] MAJOR: Mutants killed / live: 1415 (4-7698-1) / 44
    [junit] MAJOR: ------------------------------------------------------------
    [junit] MAJOR: 96/118 - org.apache.commons.lang3.math.NumberUtils_ESTest104 (11ms / 272):
    [junit] MAJOR: 3149505 (12 / 272 / 272) -> AVG-RTPM: 286ms
    [junit] MAJOR: Mutants killed / live: 1427 (4-7970-1) / 32
    [junit] MAJOR: ------------------------------------------------------------
    [junit] MAJOR: 97/118 - org.apache.commons.lang3.math.NumberUtils_ESTest45 (11ms / 29):
    [junit] MAJOR: 3157808 (0 / 29 / 29) -> AVG-RTPM: 286ms
    [junit] MAJOR: Mutants killed / live: 1427 (4-7999-1) / 32
    [junit] MAJOR: ------------------------------------------------------------
    [junit] MAJOR: 98/118 - org.apache.commons.lang3.math.NumberUtils_ESTest58 (11ms / 58):
    [junit] MAJOR: 3174865 (0 / 58 / 58) -> AVG-RTPM: 294ms
    [junit] MAJOR: Mutants killed / live: 1427 (4-8057-1) / 32
    [junit] MAJOR: ------------------------------------------------------------
    [junit] MAJOR: 99/118 - org.apache.commons.lang3.math.NumberUtils_ESTest8 (11ms / 31):
    [junit] MAJOR: 3184035 (5 / 31 / 31) -> AVG-RTPM: 295ms
    [junit] MAJOR: Mutants killed / live: 1432 (4-8088-1) / 27
    [junit] MAJOR: ------------------------------------------------------------
    [junit] MAJOR: 100/118 - org.apache.commons.lang3.math.NumberUtils_ESTest82 (11ms / 41):
    [junit] MAJOR: 3196027 (1 / 41 / 41) -> AVG-RTPM: 292ms
    [junit] MAJOR: Mutants killed / live: 1433 (4-8129-1) / 26
    [junit] MAJOR: ------------------------------------------------------------
    [junit] MAJOR: 101/118 - org.apache.commons.lang3.math.NumberUtils_ESTest83 (11ms / 42):
    [junit] MAJOR: 3208747 (1 / 42 / 42) -> AVG-RTPM: 302ms
    [junit] MAJOR: Mutants killed / live: 1434 (4-8171-1) / 25
    [junit] MAJOR: ------------------------------------------------------------
    [junit] MAJOR: 102/118 - org.apache.commons.lang3.math.NumberUtils_ESTest85 (11ms / 42):
    [junit] MAJOR: 3219559 (2 / 42 / 42) -> AVG-RTPM: 257ms
    [junit] MAJOR: Mutants killed / live: 1436 (4-8213-1) / 23
    [junit] MAJOR: ------------------------------------------------------------
    [junit] MAJOR: 103/118 - org.apache.commons.lang3.math.NumberUtils_ESTest86 (11ms / 40):
    [junit] MAJOR: 3229836 (0 / 40 / 40) -> AVG-RTPM: 256ms
    [junit] MAJOR: Mutants killed / live: 1436 (4-8253-1) / 23
    [junit] MAJOR: ------------------------------------------------------------
    [junit] MAJOR: 104/118 - org.apache.commons.lang3.math.NumberUtils_ESTest96 (11ms / 236):
    [junit] MAJOR: 3291248 (0 / 236 / 236) -> AVG-RTPM: 260ms
    [junit] MAJOR: Mutants killed / live: 1436 (4-8489-1) / 23
    [junit] MAJOR: ------------------------------------------------------------
    [junit] MAJOR: 105/118 - org.apache.commons.lang3.math.NumberUtils_ESTest98 (11ms / 104):
    [junit] MAJOR: 3318309 (1 / 104 / 104) -> AVG-RTPM: 260ms
    [junit] MAJOR: Mutants killed / live: 1437 (4-8593-1) / 22
    [junit] MAJOR: ------------------------------------------------------------
    [junit] MAJOR: 106/118 - org.apache.commons.lang3.math.NumberUtils_ESTest99 (11ms / 188):
    [junit] MAJOR: 3367292 (7 / 188 / 188) -> AVG-RTPM: 260ms
    [junit] MAJOR: Mutants killed / live: 1444 (4-8781-1) / 15
    [junit] MAJOR: ------------------------------------------------------------
    [junit] MAJOR: 107/118 - org.apache.commons.lang3.math.NumberUtils_ESTest100 (12ms / 146):
    [junit] MAJOR: 3405705 (1 / 146 / 146) -> AVG-RTPM: 263ms
    [junit] MAJOR: Mutants killed / live: 1445 (4-8927-1) / 14
    [junit] MAJOR: ------------------------------------------------------------
    [junit] MAJOR: 108/118 - org.apache.commons.lang3.math.NumberUtils_ESTest11 (12ms / 31):
    [junit] MAJOR: 3413746 (5 / 31 / 31) -> AVG-RTPM: 259ms
    [junit] MAJOR: Mutants killed / live: 1450 (4-8958-1) / 9
    [junit] MAJOR: ------------------------------------------------------------
    [junit] MAJOR: 109/118 - org.apache.commons.lang3.math.NumberUtils_ESTest12 (12ms / 31):
    [junit] MAJOR: 3421972 (0 / 31 / 31) -> AVG-RTPM: 265ms
    [junit] MAJOR: Mutants killed / live: 1450 (4-8989-1) / 9
    [junit] MAJOR: ------------------------------------------------------------
    [junit] MAJOR: 110/118 - org.apache.commons.lang3.math.NumberUtils_ESTest21 (12ms / 57):
    [junit] MAJOR: 3440046 (0 / 57 / 57) -> AVG-RTPM: 317ms
    [junit] MAJOR: Mutants killed / live: 1450 (4-9046-1) / 9
    [junit] MAJOR: ------------------------------------------------------------
    [junit] MAJOR: 111/118 - org.apache.commons.lang3.math.NumberUtils_ESTest97 (12ms / 29):
    [junit] MAJOR: 3449411 (1 / 29 / 29) -> AVG-RTPM: 322ms
    [junit] MAJOR: Mutants killed / live: 1451 (4-9075-1) / 8
    [junit] MAJOR: ------------------------------------------------------------
    [junit] MAJOR: 112/118 - org.apache.commons.lang3.math.NumberUtils_ESTest106 (13ms / 182):
    [junit] MAJOR: 3507791 (5 / 182 / 182) -> AVG-RTPM: 320ms
    [junit] MAJOR: Mutants killed / live: 1456 (4-9257-1) / 3
    [junit] MAJOR: ------------------------------------------------------------
    [junit] MAJOR: 113/118 - org.apache.commons.lang3.math.NumberUtils_ESTest118 (13ms / 259):

BUILD FAILED
/home/to_donghwan/defects4j/framework/projects/defects4j.build.xml:185: Parallel execution timed out

Total time: 60 minutes 7 seconds
