
init:
     [echo] -------- commons-lang 3.0 --------

compile:

compile.tests:
    [mkdir] Created dir: /tmp/run_mutation.pl_84788_1501467306/18f/target/tests
    [javac] Compiling 115 source files to /tmp/run_mutation.pl_84788_1501467306/18f/target/tests
    [javac] warning: [options] bootstrap class path not set in conjunction with -source 1.5
    [javac] Note: Some input files use or override a deprecated API.
    [javac] Note: Recompile with -Xlint:deprecation for details.
    [javac] Note: /tmp/run_mutation.pl_84788_1501467306/18f/src/test/java/org/apache/commons/lang3/builder/ToStringBuilderTest.java uses unchecked or unsafe operations.
    [javac] Note: Recompile with -Xlint:unchecked for details.
    [javac] 1 warning
     [copy] Copying 2 files to /tmp/run_mutation.pl_84788_1501467306/18f/target/tests

update.all.tests:

mutation.test:
     [echo] Running mutation analysis ...
    [junit] MAJOR: Mutation analysis enabled
SLF4J: Failed to load class "org.slf4j.impl.StaticLoggerBinder".
SLF4J: Defaulting to no-operation (NOP) logger implementation
SLF4J: See http://www.slf4j.org/codes.html#StaticLoggerBinder for further details.
    [junit] MAJOR: ------------------------------------------------------------
    [junit] MAJOR: Run 63 ordered tests to verify independence
    [junit] MAJOR: ------------------------------------------------------------
    [junit] MAJOR: Preprocessing time: 20.94 seconds
    [junit] MAJOR: ------------------------------------------------------------
    [junit] MAJOR: Mutants generated: 904
    [junit] MAJOR: Mutants covered:   857 (94.80%)
    [junit] MAJOR: ------------------------------------------------------------
    [junit] MAJOR: Export test map to (testMap.csv)
    [junit] MAJOR: Export coverage map to (covMap.csv)
    [junit] MAJOR: Exclude 0 mutants
    [junit] MAJOR: ------------------------------------------------------------
    [junit] MAJOR: Run mutation analysis with 63 individual tests
    [junit] MAJOR: ------------------------------------------------------------
    [junit] MAJOR: 1/63 - org.apache.commons.lang3.time.FastDateFormat_ESTest30 (7ms / 93):
    [junit] MAJOR: 47160 (81 / 93 / 93) -> AVG-RTPM: 507ms
    [junit] MAJOR: Mutants killed / live: 81 (10-69-2) / 776
    [junit] MAJOR: ------------------------------------------------------------
    [junit] MAJOR: 2/63 - org.apache.commons.lang3.time.FastDateFormat_ESTest33 (7ms / 80):
    [junit] MAJOR: 52605 (12 / 80 / 80) -> AVG-RTPM: 68ms
    [junit] MAJOR: Mutants killed / live: 93 (10-149-2) / 764
    [junit] MAJOR: ------------------------------------------------------------
    [junit] MAJOR: 3/63 - org.apache.commons.lang3.time.FastDateFormat_ESTest34 (7ms / 115):
    [junit] MAJOR: 60245 (22 / 115 / 115) -> AVG-RTPM: 66ms
    [junit] MAJOR: Mutants killed / live: 115 (10-264-2) / 742
    [junit] MAJOR: ------------------------------------------------------------
    [junit] MAJOR: 4/63 - org.apache.commons.lang3.time.FastDateFormat_ESTest35 (7ms / 80):
    [junit] MAJOR: 65272 (0 / 80 / 80) -> AVG-RTPM: 62ms
    [junit] MAJOR: Mutants killed / live: 115 (10-344-2) / 742
    [junit] MAJOR: ------------------------------------------------------------
    [junit] MAJOR: 5/63 - org.apache.commons.lang3.time.FastDateFormat_ESTest36 (7ms / 203):
    [junit] MAJOR: 79123 (88 / 203 / 203) -> AVG-RTPM: 68ms
    [junit] MAJOR: Mutants killed / live: 203 (10-547-2) / 654
    [junit] MAJOR: ------------------------------------------------------------
    [junit] MAJOR: 6/63 - org.apache.commons.lang3.time.FastDateFormat_ESTest38 (7ms / 201):
    [junit] MAJOR: 93235 (0 / 201 / 201) -> AVG-RTPM: 70ms
    [junit] MAJOR: Mutants killed / live: 203 (10-748-2) / 654
    [junit] MAJOR: ------------------------------------------------------------
    [junit] MAJOR: 7/63 - org.apache.commons.lang3.time.FastDateFormat_ESTest39 (7ms / 201):
    [junit] MAJOR: 107040 (0 / 201 / 201) -> AVG-RTPM: 68ms
    [junit] MAJOR: Mutants killed / live: 203 (10-949-2) / 654
    [junit] MAJOR: ------------------------------------------------------------
    [junit] MAJOR: 8/63 - org.apache.commons.lang3.time.FastDateFormat_ESTest41 (7ms / 114):
    [junit] MAJOR: 114842 (0 / 114 / 114) -> AVG-RTPM: 68ms
    [junit] MAJOR: Mutants killed / live: 203 (10-1063-2) / 654
    [junit] MAJOR: ------------------------------------------------------------
    [junit] MAJOR: 9/63 - org.apache.commons.lang3.time.FastDateFormat_ESTest57 (7ms / 227):
    [junit] MAJOR: 130025 (39 / 227 / 227) -> AVG-RTPM: 66ms
    [junit] MAJOR: Mutants killed / live: 242 (10-1290-2) / 615
    [junit] MAJOR: ------------------------------------------------------------
    [junit] MAJOR: 10/63 - org.apache.commons.lang3.time.FastDateFormat_ESTest19 (8ms / 33):
    [junit] MAJOR: 132623 (29 / 33 / 33) -> AVG-RTPM: 78ms
    [junit] MAJOR: Mutants killed / live: 271 (10-1323-2) / 586
    [junit] MAJOR: ------------------------------------------------------------
    [junit] MAJOR: 11/63 - org.apache.commons.lang3.time.FastDateFormat_ESTest31 (8ms / 93):
    [junit] MAJOR: 139338 (0 / 93 / 93) -> AVG-RTPM: 72ms
    [junit] MAJOR: Mutants killed / live: 271 (10-1416-2) / 586
    [junit] MAJOR: ------------------------------------------------------------
    [junit] MAJOR: 12/63 - org.apache.commons.lang3.time.FastDateFormat_ESTest37 (8ms / 201):
    [junit] MAJOR: 153511 (0 / 201 / 201) -> AVG-RTPM: 70ms
    [junit] MAJOR: Mutants killed / live: 271 (10-1617-2) / 586
    [junit] MAJOR: ------------------------------------------------------------
    [junit] MAJOR: 13/63 - org.apache.commons.lang3.time.FastDateFormat_ESTest40 (8ms / 203):
    [junit] MAJOR: 167940 (0 / 203 / 203) -> AVG-RTPM: 71ms
    [junit] MAJOR: Mutants killed / live: 271 (10-1820-2) / 586
    [junit] MAJOR: ------------------------------------------------------------
    [junit] MAJOR: 14/63 - org.apache.commons.lang3.time.FastDateFormat_ESTest45 (8ms / 144):
    [junit] MAJOR: 177548 (29 / 144 / 144) -> AVG-RTPM: 66ms
    [junit] MAJOR: Mutants killed / live: 300 (10-1964-2) / 557
    [junit] MAJOR: ------------------------------------------------------------
    [junit] MAJOR: 15/63 - org.apache.commons.lang3.time.FastDateFormat_ESTest52 (8ms / 29):
    [junit] MAJOR: 179724 (0 / 29 / 29) -> AVG-RTPM: 75ms
    [junit] MAJOR: Mutants killed / live: 300 (10-1993-2) / 557
    [junit] MAJOR: ------------------------------------------------------------
    [junit] MAJOR: 16/63 - org.apache.commons.lang3.time.FastDateFormat_ESTest56 (8ms / 309):
    [junit] MAJOR: 200633 (63 / 309 / 309) -> AVG-RTPM: 67ms
    [junit] MAJOR: Mutants killed / live: 363 (10-2302-2) / 494
    [junit] MAJOR: ------------------------------------------------------------
    [junit] MAJOR: 17/63 - org.apache.commons.lang3.time.FastDateFormat_ESTest59 (8ms / 438):
    [junit] MAJOR: 233000 (158 / 438 / 438) -> AVG-RTPM: 73ms
    [junit] MAJOR: Mutants killed / live: 521 (10-2740-2) / 336
    [junit] MAJOR: ------------------------------------------------------------
    [junit] MAJOR: 18/63 - org.apache.commons.lang3.time.FastDateFormat_ESTest6 (8ms / 4):
    [junit] MAJOR: 233281 (0 / 4 / 4) -> AVG-RTPM: 70ms
    [junit] MAJOR: Mutants killed / live: 521 (10-2744-2) / 336
    [junit] MAJOR: ------------------------------------------------------------
    [junit] MAJOR: 19/63 - org.apache.commons.lang3.time.FastDateFormat_ESTest7 (8ms / 284):
    [junit] MAJOR: 253735 (0 / 284 / 284) -> AVG-RTPM: 72ms
    [junit] MAJOR: Mutants killed / live: 521 (10-3028-2) / 336
    [junit] MAJOR: ------------------------------------------------------------
    [junit] MAJOR: 20/63 - org.apache.commons.lang3.time.FastDateFormat_ESTest15 (9ms / 284):
    [junit] MAJOR: 273852 (0 / 284 / 284) -> AVG-RTPM: 70ms
    [junit] MAJOR: Mutants killed / live: 521 (10-3312-2) / 336
    [junit] MAJOR: ------------------------------------------------------------
    [junit] MAJOR: 21/63 - org.apache.commons.lang3.time.FastDateFormat_ESTest17 (9ms / 177):
    [junit] MAJOR: 287241 (0 / 177 / 177) -> AVG-RTPM: 75ms
    [junit] MAJOR: Mutants killed / live: 521 (10-3489-2) / 336
    [junit] MAJOR: ------------------------------------------------------------
    [junit] MAJOR: 22/63 - org.apache.commons.lang3.time.FastDateFormat_ESTest18 (9ms / 4):
    [junit] MAJOR: 287467 (0 / 4 / 4) -> AVG-RTPM: 56ms
    [junit] MAJOR: Mutants killed / live: 521 (10-3493-2) / 336
    [junit] MAJOR: ------------------------------------------------------------
    [junit] MAJOR: 23/63 - org.apache.commons.lang3.time.FastDateFormat_ESTest25 (9ms / 93):
    [junit] MAJOR: 294733 (0 / 93 / 93) -> AVG-RTPM: 78ms
    [junit] MAJOR: Mutants killed / live: 521 (10-3586-2) / 336
    [junit] MAJOR: ------------------------------------------------------------
    [junit] MAJOR: 24/63 - org.apache.commons.lang3.time.FastDateFormat_ESTest32 (9ms / 80):
    [junit] MAJOR: 300495 (0 / 80 / 80) -> AVG-RTPM: 72ms
    [junit] MAJOR: Mutants killed / live: 521 (10-3666-2) / 336
    [junit] MAJOR: ------------------------------------------------------------
    [junit] MAJOR: 25/63 - org.apache.commons.lang3.time.FastDateFormat_ESTest4 (9ms / 355):
    [junit] MAJOR: 326720 (31 / 355 / 355) -> AVG-RTPM: 73ms
    [junit] MAJOR: Mutants killed / live: 552 (10-4021-2) / 305
    [junit] MAJOR: ------------------------------------------------------------
    [junit] MAJOR: 26/63 - org.apache.commons.lang3.time.FastDateFormat_ESTest42 (9ms / 114):
    [junit] MAJOR: 335538 (0 / 114 / 114) -> AVG-RTPM: 77ms
    [junit] MAJOR: Mutants killed / live: 552 (10-4135-2) / 305
    [junit] MAJOR: ------------------------------------------------------------
    [junit] MAJOR: 27/63 - org.apache.commons.lang3.time.FastDateFormat_ESTest53 (9ms / 287):
    [junit] MAJOR: 357914 (3 / 287 / 287) -> AVG-RTPM: 77ms
    [junit] MAJOR: Mutants killed / live: 555 (10-4422-2) / 302
    [junit] MAJOR: ------------------------------------------------------------
    [junit] MAJOR: 28/63 - org.apache.commons.lang3.time.FastDateFormat_ESTest54 (9ms / 292):
    [junit] MAJOR: 380073 (0 / 292 / 292) -> AVG-RTPM: 75ms
    [junit] MAJOR: Mutants killed / live: 555 (10-4714-2) / 302
    [junit] MAJOR: ------------------------------------------------------------
    [junit] MAJOR: 29/63 - org.apache.commons.lang3.time.FastDateFormat_ESTest58 (9ms / 364):
    [junit] MAJOR: 408811 (30 / 364 / 364) -> AVG-RTPM: 78ms
    [junit] MAJOR: Mutants killed / live: 585 (10-5078-2) / 272
    [junit] MAJOR: ------------------------------------------------------------
    [junit] MAJOR: 30/63 - org.apache.commons.lang3.time.FastDateFormat_ESTest60 (9ms / 275):
    [junit] MAJOR: 430510 (10 / 275 / 275) -> AVG-RTPM: 78ms
    [junit] MAJOR: Mutants killed / live: 595 (10-5353-2) / 262
    [junit] MAJOR: ------------------------------------------------------------
    [junit] MAJOR: 31/63 - org.apache.commons.lang3.time.FastDateFormat_ESTest62 (9ms / 659):
    [junit] MAJOR: 482772 (189 / 659 / 659) -> AVG-RTPM: 79ms
    [junit] MAJOR: Mutants killed / live: 784 (10-6012-2) / 73
    [junit] MAJOR: ------------------------------------------------------------
    [junit] MAJOR: 32/63 - org.apache.commons.lang3.time.FastDateFormat_ESTest8 (9ms / 114):
    [junit] MAJOR: 492757 (0 / 114 / 114) -> AVG-RTPM: 87ms
    [junit] MAJOR: Mutants killed / live: 784 (10-6126-2) / 73
    [junit] MAJOR: ------------------------------------------------------------
    [junit] MAJOR: 33/63 - org.apache.commons.lang3.time.FastDateFormat_ESTest14 (10ms / 221):
    [junit] MAJOR: 510831 (0 / 221 / 221) -> AVG-RTPM: 81ms
    [junit] MAJOR: Mutants killed / live: 784 (10-6347-2) / 73
    [junit] MAJOR: ------------------------------------------------------------
    [junit] MAJOR: 34/63 - org.apache.commons.lang3.time.FastDateFormat_ESTest22 (10ms / 94):
    [junit] MAJOR: 518300 (0 / 94 / 94) -> AVG-RTPM: 79ms
    [junit] MAJOR: Mutants killed / live: 784 (10-6441-2) / 73
    [junit] MAJOR: ------------------------------------------------------------
    [junit] MAJOR: 35/63 - org.apache.commons.lang3.time.FastDateFormat_ESTest24 (10ms / 93):
    [junit] MAJOR: 526599 (0 / 93 / 93) -> AVG-RTPM: 89ms
    [junit] MAJOR: Mutants killed / live: 784 (10-6534-2) / 73
    [junit] MAJOR: ------------------------------------------------------------
    [junit] MAJOR: 36/63 - org.apache.commons.lang3.time.FastDateFormat_ESTest46 (10ms / 203):
    [junit] MAJOR: 543440 (0 / 203 / 203) -> AVG-RTPM: 82ms
    [junit] MAJOR: Mutants killed / live: 784 (10-6737-2) / 73
    [junit] MAJOR: ------------------------------------------------------------
    [junit] MAJOR: 37/63 - org.apache.commons.lang3.time.FastDateFormat_ESTest61 (10ms / 354):
    [junit] MAJOR: 573209 (5 / 354 / 354) -> AVG-RTPM: 84ms
    [junit] MAJOR: Mutants killed / live: 789 (10-7091-2) / 68
    [junit] MAJOR: ------------------------------------------------------------
    [junit] MAJOR: 38/63 - org.apache.commons.lang3.time.FastDateFormat_ESTest9 (10ms / 36):
    [junit] MAJOR: 576278 (1 / 36 / 36) -> AVG-RTPM: 85ms
    [junit] MAJOR: Mutants killed / live: 790 (10-7127-2) / 67
    [junit] MAJOR: ------------------------------------------------------------
    [junit] MAJOR: 39/63 - org.apache.commons.lang3.time.FastDateFormat_ESTest16 (11ms / 303):
    [junit] MAJOR: 602277 (20 / 303 / 303) -> AVG-RTPM: 85ms
    [junit] MAJOR: Mutants killed / live: 810 (10-7430-2) / 47
    [junit] MAJOR: ------------------------------------------------------------
    [junit] MAJOR: 40/63 - org.apache.commons.lang3.time.FastDateFormat_ESTest2 (11ms / 372):
    [junit] MAJOR: 634334 (0 / 372 / 372) -> AVG-RTPM: 86ms
    [junit] MAJOR: Mutants killed / live: 810 (10-7802-2) / 47
    [junit] MAJOR: ------------------------------------------------------------
    [junit] MAJOR: 41/63 - org.apache.commons.lang3.time.FastDateFormat_ESTest44 (11ms / 114):
    [junit] MAJOR: 644161 (0 / 114 / 114) -> AVG-RTPM: 86ms
    [junit] MAJOR: Mutants killed / live: 810 (10-7916-2) / 47
    [junit] MAJOR: ------------------------------------------------------------
    [junit] MAJOR: 42/63 - org.apache.commons.lang3.time.FastDateFormat_ESTest51 (11ms / 282):
    [junit] MAJOR: 668454 (7 / 282 / 282) -> AVG-RTPM: 86ms
    [junit] MAJOR: Mutants killed / live: 817 (10-8198-2) / 40
    [junit] MAJOR: ------------------------------------------------------------
    [junit] MAJOR: 43/63 - org.apache.commons.lang3.time.FastDateFormat_ESTest3 (12ms / 277):
    [junit] MAJOR: 692485 (0 / 277 / 277) -> AVG-RTPM: 86ms
    [junit] MAJOR: Mutants killed / live: 817 (10-8475-2) / 40
    [junit] MAJOR: ------------------------------------------------------------
    [junit] MAJOR: 44/63 - org.apache.commons.lang3.time.FastDateFormat_ESTest12 (13ms / 29):
    [junit] MAJOR: 695723 (0 / 29 / 29) -> AVG-RTPM: 111ms
    [junit] MAJOR: Mutants killed / live: 817 (10-8504-2) / 40
    [junit] MAJOR: ------------------------------------------------------------
    [junit] MAJOR: 45/63 - org.apache.commons.lang3.time.FastDateFormat_ESTest29 (13ms / 93):
    [junit] MAJOR: 704081 (0 / 93 / 93) -> AVG-RTPM: 89ms
    [junit] MAJOR: Mutants killed / live: 817 (10-8597-2) / 40
    [junit] MAJOR: ------------------------------------------------------------
    [junit] MAJOR: 46/63 - org.apache.commons.lang3.time.FastDateFormat_ESTest55 (14ms / 408):
    [junit] MAJOR: 741009 (0 / 408 / 408) -> AVG-RTPM: 90ms
    [junit] MAJOR: Mutants killed / live: 817 (10-9005-2) / 40
    [junit] MAJOR: ------------------------------------------------------------
    [junit] MAJOR: 47/63 - org.apache.commons.lang3.time.FastDateFormat_ESTest1 (15ms / 363):
    [junit] MAJOR: 773874 (0 / 363 / 363) -> AVG-RTPM: 90ms
    [junit] MAJOR: Mutants killed / live: 817 (10-9368-2) / 40
    [junit] MAJOR: ------------------------------------------------------------
    [junit] MAJOR: 48/63 - org.apache.commons.lang3.time.FastDateFormat_ESTest10 (17ms / 427):
    [junit] MAJOR: 812511 (32 / 427 / 427) -> AVG-RTPM: 90ms
    [junit] MAJOR: Mutants killed / live: 849 (10-9795-2) / 8
    [junit] MAJOR: ------------------------------------------------------------
    [junit] MAJOR: 49/63 - org.apache.commons.lang3.time.FastDateFormat_ESTest13 (19ms / 302):
    [junit] MAJOR: 839525 (2 / 302 / 302) -> AVG-RTPM: 89ms
    [junit] MAJOR: Mutants killed / live: 851 (10-10097-2) / 6
    [junit] MAJOR: ------------------------------------------------------------
    [junit] MAJOR: 50/63 - org.apache.commons.lang3.time.FastDateFormat_ESTest26 (19ms / 189):
    [junit] MAJOR: 856735 (0 / 189 / 189) -> AVG-RTPM: 91ms
    [junit] MAJOR: Mutants killed / live: 851 (10-10286-2) / 6
    [junit] MAJOR: ------------------------------------------------------------
    [junit] MAJOR: 51/63 - org.apache.commons.lang3.time.FastDateFormat_ESTest5 (19ms / 284):
    [junit] MAJOR: 882004 (0 / 284 / 284) -> AVG-RTPM: 88ms
    [junit] MAJOR: Mutants killed / live: 851 (10-10570-2) / 6
    [junit] MAJOR: ------------------------------------------------------------
    [junit] MAJOR: 52/63 - org.apache.commons.lang3.time.FastDateFormat_ESTest11 (20ms / 250):
    [junit] MAJOR: 905136 (6 / 250 / 250) -> AVG-RTPM: 92ms
    [junit] MAJOR: Mutants killed / live: 857 (10-10820-2) / 0
    [junit] MAJOR: ------------------------------------------------------------
    [junit] MAJOR: 53/63 - org.apache.commons.lang3.time.FastDateFormat_ESTest0 (21ms / 203):
    [junit] MAJOR: 923768 (0 / 203 / 203) -> AVG-RTPM: 91ms
    [junit] MAJOR: Mutants killed / live: 857 (10-11023-2) / 0
    [junit] MAJOR: ------------------------------------------------------------
    [junit] MAJOR: 54/63 - org.apache.commons.lang3.time.FastDateFormat_ESTest27 (22ms / 189):
    [junit] MAJOR: 941688 (0 / 189 / 189) -> AVG-RTPM: 94ms
    [junit] MAJOR: Mutants killed / live: 857 (10-11212-2) / 0
    [junit] MAJOR: ------------------------------------------------------------
    [junit] MAJOR: 55/63 - org.apache.commons.lang3.time.FastDateFormat_ESTest47 (22ms / 115):
    [junit] MAJOR: 952613 (0 / 115 / 115) -> AVG-RTPM: 94ms
    [junit] MAJOR: Mutants killed / live: 857 (10-11327-2) / 0
    [junit] MAJOR: ------------------------------------------------------------
    [junit] MAJOR: 56/63 - org.apache.commons.lang3.time.FastDateFormat_ESTest20 (24ms / 189):
    [junit] MAJOR: 970361 (0 / 189 / 189) -> AVG-RTPM: 93ms
    [junit] MAJOR: Mutants killed / live: 857 (10-11516-2) / 0
    [junit] MAJOR: ------------------------------------------------------------
    [junit] MAJOR: 57/63 - org.apache.commons.lang3.time.FastDateFormat_ESTest49 (26ms / 201):
    [junit] MAJOR: 989065 (0 / 201 / 201) -> AVG-RTPM: 93ms
    [junit] MAJOR: Mutants killed / live: 857 (10-11717-2) / 0
    [junit] MAJOR: ------------------------------------------------------------
    [junit] MAJOR: 58/63 - org.apache.commons.lang3.time.FastDateFormat_ESTest50 (28ms / 193):
    [junit] MAJOR: 1006969 (0 / 193 / 193) -> AVG-RTPM: 92ms
    [junit] MAJOR: Mutants killed / live: 857 (10-11910-2) / 0
    [junit] MAJOR: ------------------------------------------------------------
    [junit] MAJOR: 59/63 - org.apache.commons.lang3.time.FastDateFormat_ESTest23 (29ms / 203):
    [junit] MAJOR: 1026445 (0 / 203 / 203) -> AVG-RTPM: 95ms
    [junit] MAJOR: Mutants killed / live: 857 (10-12113-2) / 0
    [junit] MAJOR: ------------------------------------------------------------
    [junit] MAJOR: 60/63 - org.apache.commons.lang3.time.FastDateFormat_ESTest28 (30ms / 93):
    [junit] MAJOR: 1035202 (0 / 93 / 93) -> AVG-RTPM: 94ms
    [junit] MAJOR: Mutants killed / live: 857 (10-12206-2) / 0
    [junit] MAJOR: ------------------------------------------------------------
    [junit] MAJOR: 61/63 - org.apache.commons.lang3.time.FastDateFormat_ESTest43 (34ms / 114):
    [junit] MAJOR: 1046130 (0 / 114 / 114) -> AVG-RTPM: 95ms
    [junit] MAJOR: Mutants killed / live: 857 (10-12320-2) / 0
    [junit] MAJOR: ------------------------------------------------------------
    [junit] MAJOR: 62/63 - org.apache.commons.lang3.time.FastDateFormat_ESTest48 (34ms / 126):
    [junit] MAJOR: 1058690 (0 / 126 / 126) -> AVG-RTPM: 99ms
    [junit] MAJOR: Mutants killed / live: 857 (10-12446-2) / 0
    [junit] MAJOR: ------------------------------------------------------------
    [junit] MAJOR: 63/63 - org.apache.commons.lang3.time.FastDateFormat_ESTest21 (74ms / 196):
    [junit] MAJOR: 1078160 (0 / 196 / 196) -> AVG-RTPM: 99ms
    [junit] MAJOR: Mutants killed / live: 857 (10-12642-2) / 0
    [junit] MAJOR: ------------------------------------------------------------
    [junit] MAJOR: Summary:
    [junit] MAJOR: 
    [junit] MAJOR: Analysis time:  1078.2 seconds
    [junit] MAJOR: Mutation score: 94.80% (100.00%)
    [junit] MAJOR: Mutants killed / live: 857 (10-12642-2) / 0
    [junit] MAJOR: Mutant executions: 12666
    [junit] MAJOR: ------------------------------------------------------------
    [junit] MAJOR: Export summary of results (to summary.csv)
    [junit] MAJOR: Export mutant kill details (to /tmp/run_mutation.pl_84788_1501467306/18f/kill.csv)
    [junit] MAJOR: Export kill map (to killMap.csv)!

BUILD SUCCESSFUL
Total time: 18 minutes 28 seconds
