
init:
     [echo] -------- commons-lang 3.0 --------

compile:

compile.tests:
    [mkdir] Created dir: /tmp/run_mutation.pl_2266_1501381121/19f/target/tests
    [javac] Compiling 114 source files to /tmp/run_mutation.pl_2266_1501381121/19f/target/tests
    [javac] warning: [options] bootstrap class path not set in conjunction with -source 1.5
    [javac] Note: Some input files use or override a deprecated API.
    [javac] Note: Recompile with -Xlint:deprecation for details.
    [javac] Note: /tmp/run_mutation.pl_2266_1501381121/19f/src/test/java/org/apache/commons/lang3/builder/ToStringBuilderTest.java uses unchecked or unsafe operations.
    [javac] Note: Recompile with -Xlint:unchecked for details.
    [javac] 1 warning
     [copy] Copying 4 files to /tmp/run_mutation.pl_2266_1501381121/19f/target/tests

update.all.tests:

mutation.test:
     [echo] Running mutation analysis ...
    [junit] MAJOR: Mutation analysis enabled
SLF4J: Failed to load class "org.slf4j.impl.StaticLoggerBinder".
SLF4J: Defaulting to no-operation (NOP) logger implementation
SLF4J: See http://www.slf4j.org/codes.html#StaticLoggerBinder for further details.
    [junit] MAJOR: ------------------------------------------------------------
    [junit] MAJOR: Run 9 ordered tests to verify independence
    [junit] MAJOR: ------------------------------------------------------------
    [junit] MAJOR: Preprocessing time: 2.09 seconds
    [junit] MAJOR: ------------------------------------------------------------
    [junit] MAJOR: Mutants generated: 257
    [junit] MAJOR: Mutants covered:   255 (99.22%)
    [junit] MAJOR: ------------------------------------------------------------
    [junit] MAJOR: Export test map to (testMap.csv)
    [junit] MAJOR: Export coverage map to (covMap.csv)
    [junit] MAJOR: Exclude 0 mutants
    [junit] MAJOR: ------------------------------------------------------------
    [junit] MAJOR: Run mutation analysis with 9 individual tests
    [junit] MAJOR: ------------------------------------------------------------
    [junit] MAJOR: 1/9 - org.apache.commons.lang3.text.translate.NumericEntityUnescaper_ESTest3 (9ms / 89):
    [junit] MAJOR: 12963 (11 / 89 / 89) -> AVG-RTPM: 145ms
    [junit] MAJOR: Mutants killed / live: 11 (1-9-1) / 244
    [junit] MAJOR: ------------------------------------------------------------
    [junit] MAJOR: 2/9 - org.apache.commons.lang3.text.translate.NumericEntityUnescaper_ESTest4 (9ms / 169):
    [junit] MAJOR: 17986 (160 / 169 / 169) -> AVG-RTPM: 29ms
    [junit] MAJOR: Mutants killed / live: 171 (1-178-2) / 84
    [junit] MAJOR: ------------------------------------------------------------
    [junit] MAJOR: 3/9 - org.apache.commons.lang3.text.translate.NumericEntityUnescaper_ESTest7 (9ms / 184):
    [junit] MAJOR: 23327 (55 / 184 / 184) -> AVG-RTPM: 29ms
    [junit] MAJOR: Mutants killed / live: 226 (1-362-2) / 29
    [junit] MAJOR: ------------------------------------------------------------
    [junit] MAJOR: 4/9 - org.apache.commons.lang3.text.translate.NumericEntityUnescaper_ESTest5 (10ms / 216):
    [junit] MAJOR: 28762 (8 / 216 / 216) -> AVG-RTPM: 25ms
    [junit] MAJOR: Mutants killed / live: 234 (1-578-2) / 21
    [junit] MAJOR: ------------------------------------------------------------
    [junit] MAJOR: 5/9 - org.apache.commons.lang3.text.translate.NumericEntityUnescaper_ESTest6 (11ms / 155):
    [junit] MAJOR: 32708 (7 / 155 / 155) -> AVG-RTPM: 25ms
    [junit] MAJOR: Mutants killed / live: 241 (1-733-2) / 14
    [junit] MAJOR: ------------------------------------------------------------
    [junit] MAJOR: 6/9 - org.apache.commons.lang3.text.translate.NumericEntityUnescaper_ESTest8 (11ms / 226):
    [junit] MAJOR: 38212 (14 / 226 / 226) -> AVG-RTPM: 24ms
    [junit] MAJOR: Mutants killed / live: 255 (1-959-2) / 0
    [junit] MAJOR: ------------------------------------------------------------
    [junit] MAJOR: 7/9 - org.apache.commons.lang3.text.translate.NumericEntityUnescaper_ESTest2 (13ms / 175):
    [junit] MAJOR: 43036 (0 / 175 / 175) -> AVG-RTPM: 27ms
    [junit] MAJOR: Mutants killed / live: 255 (1-1134-2) / 0
    [junit] MAJOR: ------------------------------------------------------------
    [junit] MAJOR: 8/9 - org.apache.commons.lang3.text.translate.NumericEntityUnescaper_ESTest1 (17ms / 49):
    [junit] MAJOR: 44991 (0 / 49 / 49) -> AVG-RTPM: 39ms
    [junit] MAJOR: Mutants killed / live: 255 (1-1183-2) / 0
    [junit] MAJOR: ------------------------------------------------------------
    [junit] MAJOR: 9/9 - org.apache.commons.lang3.text.translate.NumericEntityUnescaper_ESTest0 (18ms / 36):
    [junit] MAJOR: 45907 (0 / 36 / 36) -> AVG-RTPM: 25ms
    [junit] MAJOR: Mutants killed / live: 255 (1-1219-2) / 0
    [junit] MAJOR: ------------------------------------------------------------
    [junit] MAJOR: Summary:
    [junit] MAJOR: 
    [junit] MAJOR: Analysis time:  45.9 seconds
    [junit] MAJOR: Mutation score: 99.22% (100.00%)
    [junit] MAJOR: Mutants killed / live: 255 (1-1219-2) / 0
    [junit] MAJOR: Mutant executions: 1299
    [junit] MAJOR: ------------------------------------------------------------
    [junit] MAJOR: Export summary of results (to summary.csv)
    [junit] MAJOR: Export mutant kill details (to /tmp/run_mutation.pl_2266_1501381121/19f/kill.csv)
    [junit] MAJOR: Export kill map (to killMap.csv)!

BUILD SUCCESSFUL
Total time: 54 seconds
