
init:
     [echo] -------- commons-lang 3.0 --------

compile:

compile.tests:
    [mkdir] Created dir: /tmp/run_mutation.pl_24755_1483615302/20f/target/tests
    [javac] Compiling 114 source files to /tmp/run_mutation.pl_24755_1483615302/20f/target/tests
    [javac] warning: [options] bootstrap class path not set in conjunction with -source 1.5
    [javac] Note: Some input files use or override a deprecated API.
    [javac] Note: Recompile with -Xlint:deprecation for details.
    [javac] Note: /tmp/run_mutation.pl_24755_1483615302/20f/src/test/java/org/apache/commons/lang3/builder/ToStringBuilderTest.java uses unchecked or unsafe operations.
    [javac] Note: Recompile with -Xlint:unchecked for details.
    [javac] 1 warning
     [copy] Copying 4 files to /tmp/run_mutation.pl_24755_1483615302/20f/target/tests

update.all.tests:

mutation.test:
     [echo] Running mutation analysis ...
    [junit] MAJOR: Mutation analysis enabled
SLF4J: Failed to load class "org.slf4j.impl.StaticLoggerBinder".
SLF4J: Defaulting to no-operation (NOP) logger implementation
SLF4J: See http://www.slf4j.org/codes.html#StaticLoggerBinder for further details.
    [junit] MAJOR: ------------------------------------------------------------
    [junit] MAJOR: Run 193 ordered tests to verify independence
    [junit] MAJOR: ------------------------------------------------------------
    [junit] MAJOR: Preprocessing time: 186.06 seconds
    [junit] MAJOR: ------------------------------------------------------------
    [junit] MAJOR: Mutants generated: 4962
    [junit] MAJOR: Mutants covered:   2049 (41.29%)
    [junit] MAJOR: ------------------------------------------------------------
    [junit] MAJOR: Export test map to (testMap.csv)
    [junit] MAJOR: Export coverage map to (covMap.csv)
    [junit] MAJOR: Exclude 0 mutants
    [junit] MAJOR: ------------------------------------------------------------
    [junit] MAJOR: Run mutation analysis with 193 individual tests
    [junit] MAJOR: ------------------------------------------------------------
    [junit] MAJOR: 1/193 - org.apache.commons.lang3.StringUtils_ESTest111 (7ms / 32):
    [junit] MAJOR: 53675 (0 / 32 / 32) -> AVG-RTPM: 1677ms
    [junit] MAJOR: Mutants killed / live: 0 (0-0-0) / 2049
    [junit] MAJOR: ------------------------------------------------------------
    [junit] MAJOR: 2/193 - org.apache.commons.lang3.StringUtils_ESTest121 (7ms / 32):
    [junit] MAJOR: 123235 (0 / 32 / 32) -> AVG-RTPM: 2173ms
    [junit] MAJOR: Mutants killed / live: 0 (0-0-0) / 2049
    [junit] MAJOR: ------------------------------------------------------------
    [junit] MAJOR: 3/193 - org.apache.commons.lang3.StringUtils_ESTest124 (7ms / 74):
    [junit] MAJOR: 351419 (26 / 74 / 74) -> AVG-RTPM: 3083ms
    [junit] MAJOR: Mutants killed / live: 26 (25-1-0) / 2023
    [junit] MAJOR: ------------------------------------------------------------
    [junit] MAJOR: 4/193 - org.apache.commons.lang3.StringUtils_ESTest125 (7ms / 17):
    [junit] MAJOR: 414109 (10 / 17 / 17) -> AVG-RTPM: 3687ms
    [junit] MAJOR: Mutants killed / live: 36 (25-6-5) / 2013
    [junit] MAJOR: ------------------------------------------------------------
    [junit] MAJOR: 5/193 - org.apache.commons.lang3.StringUtils_ESTest129 (7ms / 17):
    [junit] MAJOR: 422992 (17 / 17 / 17) -> AVG-RTPM: 522ms
    [junit] MAJOR: Mutants killed / live: 53 (25-23-5) / 1996
    [junit] MAJOR: ------------------------------------------------------------
    [junit] MAJOR: 6/193 - org.apache.commons.lang3.StringUtils_ESTest131 (7ms / 17):
    [junit] MAJOR: 429241 (11 / 17 / 17) -> AVG-RTPM: 367ms
    [junit] MAJOR: Mutants killed / live: 64 (25-40-5) / 1985
    [junit] MAJOR: ------------------------------------------------------------
    [junit] MAJOR: 7/193 - org.apache.commons.lang3.StringUtils_ESTest132 (7ms / 57):
    [junit] MAJOR: 454897 (41 / 57 / 57) -> AVG-RTPM: 450ms
    [junit] MAJOR: Mutants killed / live: 105 (25-97-5) / 1944
    [junit] MAJOR: ------------------------------------------------------------
    [junit] MAJOR: 8/193 - org.apache.commons.lang3.StringUtils_ESTest135 (7ms / 17):
    [junit] MAJOR: 463235 (11 / 17 / 17) -> AVG-RTPM: 490ms
    [junit] MAJOR: Mutants killed / live: 116 (25-114-5) / 1933
    [junit] MAJOR: ------------------------------------------------------------
    [junit] MAJOR: 9/193 - org.apache.commons.lang3.StringUtils_ESTest138 (7ms / 16):
    [junit] MAJOR: 471132 (10 / 16 / 16) -> AVG-RTPM: 493ms
    [junit] MAJOR: Mutants killed / live: 126 (25-130-5) / 1923
    [junit] MAJOR: ------------------------------------------------------------
    [junit] MAJOR: 10/193 - org.apache.commons.lang3.StringUtils_ESTest139 (7ms / 19):
    [junit] MAJOR: 481007 (3 / 19 / 19) -> AVG-RTPM: 519ms
    [junit] MAJOR: Mutants killed / live: 129 (25-149-5) / 1920
    [junit] MAJOR: ------------------------------------------------------------
    [junit] MAJOR: 11/193 - org.apache.commons.lang3.StringUtils_ESTest143 (7ms / 19):
    [junit] MAJOR: 491362 (13 / 19 / 19) -> AVG-RTPM: 545ms
    [junit] MAJOR: Mutants killed / live: 142 (25-168-5) / 1907
    [junit] MAJOR: ------------------------------------------------------------
    [junit] MAJOR: 12/193 - org.apache.commons.lang3.StringUtils_ESTest19 (7ms / 75):
    [junit] MAJOR: 532488 (69 / 75 / 75) -> AVG-RTPM: 548ms
    [junit] MAJOR: Mutants killed / live: 211 (25-243-5) / 1838
    [junit] MAJOR: ------------------------------------------------------------
    [junit] MAJOR: 13/193 - org.apache.commons.lang3.StringUtils_ESTest21 (7ms / 25):
    [junit] MAJOR: 545350 (11 / 25 / 25) -> AVG-RTPM: 514ms
    [junit] MAJOR: Mutants killed / live: 222 (25-268-5) / 1827
    [junit] MAJOR: ------------------------------------------------------------
    [junit] MAJOR: 14/193 - org.apache.commons.lang3.StringUtils_ESTest212 (7ms / 9):
    [junit] MAJOR: 550255 (3 / 9 / 9) -> AVG-RTPM: 545ms
    [junit] MAJOR: Mutants killed / live: 225 (25-277-5) / 1824
    [junit] MAJOR: ------------------------------------------------------------
    [junit] MAJOR: 15/193 - org.apache.commons.lang3.StringUtils_ESTest213 (7ms / 9):
    [junit] MAJOR: 555003 (3 / 9 / 9) -> AVG-RTPM: 527ms
    [junit] MAJOR: Mutants killed / live: 228 (25-286-5) / 1821
    [junit] MAJOR: ------------------------------------------------------------
    [junit] MAJOR: 16/193 - org.apache.commons.lang3.StringUtils_ESTest215 (7ms / 9):
    [junit] MAJOR: 559819 (3 / 9 / 9) -> AVG-RTPM: 535ms
    [junit] MAJOR: Mutants killed / live: 231 (25-295-5) / 1818
    [junit] MAJOR: ------------------------------------------------------------
    [junit] MAJOR: 17/193 - org.apache.commons.lang3.StringUtils_ESTest216 (7ms / 9):
    [junit] MAJOR: 564963 (3 / 9 / 9) -> AVG-RTPM: 571ms
    [junit] MAJOR: Mutants killed / live: 234 (25-304-5) / 1815
    [junit] MAJOR: ------------------------------------------------------------
    [junit] MAJOR: 18/193 - org.apache.commons.lang3.StringUtils_ESTest218 (7ms / 11):
    [junit] MAJOR: 570941 (5 / 11 / 11) -> AVG-RTPM: 543ms
    [junit] MAJOR: Mutants killed / live: 239 (25-315-5) / 1810
    [junit] MAJOR: ------------------------------------------------------------
    [junit] MAJOR: 19/193 - org.apache.commons.lang3.StringUtils_ESTest219 (7ms / 9):
    [junit] MAJOR: 575752 (0 / 9 / 9) -> AVG-RTPM: 534ms
    [junit] MAJOR: Mutants killed / live: 239 (25-324-5) / 1810
    [junit] MAJOR: ------------------------------------------------------------
    [junit] MAJOR: 20/193 - org.apache.commons.lang3.StringUtils_ESTest22 (7ms / 25):
    [junit] MAJOR: 589335 (0 / 25 / 25) -> AVG-RTPM: 543ms
    [junit] MAJOR: Mutants killed / live: 239 (25-349-5) / 1810
    [junit] MAJOR: ------------------------------------------------------------
    [junit] MAJOR: 21/193 - org.apache.commons.lang3.StringUtils_ESTest223 (7ms / 9):
    [junit] MAJOR: 594145 (3 / 9 / 9) -> AVG-RTPM: 534ms
    [junit] MAJOR: Mutants killed / live: 242 (25-358-5) / 1807
    [junit] MAJOR: ------------------------------------------------------------
    [junit] MAJOR: 22/193 - org.apache.commons.lang3.StringUtils_ESTest228 (7ms / 9):
    [junit] MAJOR: 599030 (3 / 9 / 9) -> AVG-RTPM: 542ms
    [junit] MAJOR: Mutants killed / live: 245 (25-367-5) / 1804
    [junit] MAJOR: ------------------------------------------------------------
    [junit] MAJOR: 23/193 - org.apache.commons.lang3.StringUtils_ESTest26 (7ms / 36):
    [junit] MAJOR: 618318 (30 / 36 / 36) -> AVG-RTPM: 535ms
    [junit] MAJOR: Mutants killed / live: 275 (25-403-5) / 1774
    [junit] MAJOR: ------------------------------------------------------------
    [junit] MAJOR: 24/193 - org.apache.commons.lang3.StringUtils_ESTest310 (7ms / 11):
    [junit] MAJOR: 624369 (5 / 11 / 11) -> AVG-RTPM: 550ms
    [junit] MAJOR: Mutants killed / live: 280 (25-414-5) / 1769
    [junit] MAJOR: ------------------------------------------------------------
    [junit] MAJOR: 25/193 - org.apache.commons.lang3.StringUtils_ESTest333 (7ms / 34):
    [junit] MAJOR: 642929 (9 / 34 / 34) -> AVG-RTPM: 545ms
    [junit] MAJOR: Mutants killed / live: 289 (25-448-5) / 1760
    [junit] MAJOR: ------------------------------------------------------------
    [junit] MAJOR: 26/193 - org.apache.commons.lang3.StringUtils_ESTest340 (7ms / 39):
    [junit] MAJOR: 664363 (33 / 39 / 39) -> AVG-RTPM: 549ms
    [junit] MAJOR: Mutants killed / live: 322 (25-487-5) / 1727
    [junit] MAJOR: ------------------------------------------------------------
    [junit] MAJOR: 27/193 - org.apache.commons.lang3.StringUtils_ESTest341 (7ms / 10):
    [junit] MAJOR: 669736 (1 / 10 / 10) -> AVG-RTPM: 537ms
    [junit] MAJOR: Mutants killed / live: 323 (25-497-5) / 1726
    [junit] MAJOR: ------------------------------------------------------------
    [junit] MAJOR: 28/193 - org.apache.commons.lang3.StringUtils_ESTest343 (7ms / 17):
    [junit] MAJOR: 679896 (11 / 17 / 17) -> AVG-RTPM: 597ms
    [junit] MAJOR: Mutants killed / live: 334 (25-514-5) / 1715
    [junit] MAJOR: ------------------------------------------------------------
    [junit] MAJOR: 29/193 - org.apache.commons.lang3.StringUtils_ESTest106 (8ms / 32):
    [junit] MAJOR: 698026 (7 / 32 / 32) -> AVG-RTPM: 566ms
    [junit] MAJOR: Mutants killed / live: 341 (25-546-5) / 1708
    [junit] MAJOR: ------------------------------------------------------------
    [junit] MAJOR: 30/193 - org.apache.commons.lang3.StringUtils_ESTest107 (8ms / 69):
    [junit] MAJOR: 736788 (37 / 69 / 69) -> AVG-RTPM: 561ms
    [junit] MAJOR: Mutants killed / live: 378 (25-615-5) / 1671
    [junit] MAJOR: ------------------------------------------------------------
    [junit] MAJOR: 31/193 - org.apache.commons.lang3.StringUtils_ESTest109 (8ms / 90):
    [junit] MAJOR: 790750 (21 / 90 / 90) -> AVG-RTPM: 599ms
    [junit] MAJOR: Mutants killed / live: 399 (25-705-5) / 1650
    [junit] MAJOR: ------------------------------------------------------------
    [junit] MAJOR: 32/193 - org.apache.commons.lang3.StringUtils_ESTest11 (8ms / 6):
    [junit] MAJOR: 794449 (0 / 6 / 6) -> AVG-RTPM: 616ms
    [junit] MAJOR: Mutants killed / live: 399 (25-711-5) / 1650
    [junit] MAJOR: ------------------------------------------------------------
    [junit] MAJOR: 33/193 - org.apache.commons.lang3.StringUtils_ESTest113 (8ms / 33):
    [junit] MAJOR: 814511 (8 / 33 / 33) -> AVG-RTPM: 607ms
    [junit] MAJOR: Mutants killed / live: 407 (25-744-5) / 1642
    [junit] MAJOR: ------------------------------------------------------------
    [junit] MAJOR: 34/193 - org.apache.commons.lang3.StringUtils_ESTest114 (8ms / 75):
    [junit] MAJOR: 856469 (43 / 75 / 75) -> AVG-RTPM: 559ms
    [junit] MAJOR: Mutants killed / live: 450 (25-819-5) / 1599
    [junit] MAJOR: ------------------------------------------------------------
    [junit] MAJOR: 35/193 - org.apache.commons.lang3.StringUtils_ESTest115 (8ms / 70):
    [junit] MAJOR: 897623 (1 / 70 / 70) -> AVG-RTPM: 587ms
    [junit] MAJOR: Mutants killed / live: 451 (25-889-5) / 1598
    [junit] MAJOR: ------------------------------------------------------------
    [junit] MAJOR: 36/193 - org.apache.commons.lang3.StringUtils_ESTest133 (8ms / 20):
    [junit] MAJOR: 909432 (0 / 20 / 20) -> AVG-RTPM: 590ms
    [junit] MAJOR: Mutants killed / live: 451 (25-909-5) / 1598
    [junit] MAJOR: ------------------------------------------------------------
    [junit] MAJOR: 37/193 - org.apache.commons.lang3.StringUtils_ESTest14 (8ms / 75):
    [junit] MAJOR: 954323 (8 / 75 / 75) -> AVG-RTPM: 598ms
    [junit] MAJOR: Mutants killed / live: 459 (25-984-5) / 1590
    [junit] MAJOR: ------------------------------------------------------------
    [junit] MAJOR: 38/193 - org.apache.commons.lang3.StringUtils_ESTest140 (8ms / 50):
    [junit] MAJOR: 982002 (31 / 50 / 50) -> AVG-RTPM: 553ms
    [junit] MAJOR: Mutants killed / live: 490 (25-1034-5) / 1559
    [junit] MAJOR: ------------------------------------------------------------
    [junit] MAJOR: 39/193 - org.apache.commons.lang3.StringUtils_ESTest141 (8ms / 58):
    [junit] MAJOR: 1015521 (8 / 58 / 58) -> AVG-RTPM: 577ms
    [junit] MAJOR: Mutants killed / live: 498 (25-1092-5) / 1551
    [junit] MAJOR: ------------------------------------------------------------
    [junit] MAJOR: 40/193 - org.apache.commons.lang3.StringUtils_ESTest142 (8ms / 16):
    [junit] MAJOR: 1025197 (0 / 16 / 16) -> AVG-RTPM: 604ms
    [junit] MAJOR: Mutants killed / live: 498 (25-1108-5) / 1551
    [junit] MAJOR: ------------------------------------------------------------
    [junit] MAJOR: 41/193 - org.apache.commons.lang3.StringUtils_ESTest144 (8ms / 42):
    [junit] MAJOR: 1048739 (23 / 42 / 42) -> AVG-RTPM: 560ms
    [junit] MAJOR: Mutants killed / live: 521 (25-1150-5) / 1528
    [junit] MAJOR: ------------------------------------------------------------
    [junit] MAJOR: 42/193 - org.apache.commons.lang3.StringUtils_ESTest17 (8ms / 56):
    [junit] MAJOR: 1079201 (50 / 56 / 56) -> AVG-RTPM: 543ms
    [junit] MAJOR: Mutants killed / live: 571 (25-1206-5) / 1478
    [junit] MAJOR: ------------------------------------------------------------
    [junit] MAJOR: 43/193 - org.apache.commons.lang3.StringUtils_ESTest214 (8ms / 51):
    [junit] MAJOR: 1107356 (39 / 51 / 51) -> AVG-RTPM: 552ms
    [junit] MAJOR: Mutants killed / live: 610 (25-1257-5) / 1439
    [junit] MAJOR: ------------------------------------------------------------
    [junit] MAJOR: 44/193 - org.apache.commons.lang3.StringUtils_ESTest221 (8ms / 24):
    [junit] MAJOR: 1120522 (13 / 24 / 24) -> AVG-RTPM: 548ms
    [junit] MAJOR: Mutants killed / live: 623 (25-1281-5) / 1426
    [junit] MAJOR: ------------------------------------------------------------
    [junit] MAJOR: 45/193 - org.apache.commons.lang3.StringUtils_ESTest224 (8ms / 13):
    [junit] MAJOR: 1128289 (4 / 13 / 13) -> AVG-RTPM: 597ms
    [junit] MAJOR: Mutants killed / live: 627 (25-1294-5) / 1422
    [junit] MAJOR: ------------------------------------------------------------
    [junit] MAJOR: 46/193 - org.apache.commons.lang3.StringUtils_ESTest227 (8ms / 9):
    [junit] MAJOR: 1133599 (3 / 9 / 9) -> AVG-RTPM: 590ms
    [junit] MAJOR: Mutants killed / live: 630 (25-1303-5) / 1419
    [junit] MAJOR: ------------------------------------------------------------
    [junit] MAJOR: 47/193 - org.apache.commons.lang3.StringUtils_ESTest23 (8ms / 15):
    [junit] MAJOR: 1142403 (3 / 15 / 15) -> AVG-RTPM: 586ms
    [junit] MAJOR: Mutants killed / live: 633 (25-1318-5) / 1416
    [junit] MAJOR: ------------------------------------------------------------
    [junit] MAJOR: 48/193 - org.apache.commons.lang3.StringUtils_ESTest24 (8ms / 21):
    [junit] MAJOR: 1154083 (0 / 21 / 21) -> AVG-RTPM: 556ms
    [junit] MAJOR: Mutants killed / live: 633 (25-1339-5) / 1416
    [junit] MAJOR: ------------------------------------------------------------
    [junit] MAJOR: 49/193 - org.apache.commons.lang3.StringUtils_ESTest25 (8ms / 36):
    [junit] MAJOR: 1175807 (1 / 36 / 36) -> AVG-RTPM: 603ms
    [junit] MAJOR: Mutants killed / live: 634 (25-1375-5) / 1415
    [junit] MAJOR: ------------------------------------------------------------
    [junit] MAJOR: 50/193 - org.apache.commons.lang3.StringUtils_ESTest309 (8ms / 9):
    [junit] MAJOR: 1181473 (0 / 9 / 9) -> AVG-RTPM: 629ms
    [junit] MAJOR: Mutants killed / live: 634 (25-1384-5) / 1415
    [junit] MAJOR: ------------------------------------------------------------
    [junit] MAJOR: 51/193 - org.apache.commons.lang3.StringUtils_ESTest334 (8ms / 45):
    [junit] MAJOR: 1208222 (13 / 45 / 45) -> AVG-RTPM: 594ms
    [junit] MAJOR: Mutants killed / live: 647 (25-1429-5) / 1402
    [junit] MAJOR: ------------------------------------------------------------
    [junit] MAJOR: 52/193 - org.apache.commons.lang3.StringUtils_ESTest335 (8ms / 34):
    [junit] MAJOR: 1227200 (0 / 34 / 34) -> AVG-RTPM: 558ms
    [junit] MAJOR: Mutants killed / live: 647 (25-1463-5) / 1402
    [junit] MAJOR: ------------------------------------------------------------
    [junit] MAJOR: 53/193 - org.apache.commons.lang3.StringUtils_ESTest336 (8ms / 17):
    [junit] MAJOR: 1237455 (11 / 17 / 17) -> AVG-RTPM: 603ms
    [junit] MAJOR: Mutants killed / live: 658 (25-1480-5) / 1391
    [junit] MAJOR: ------------------------------------------------------------
    [junit] MAJOR: 54/193 - org.apache.commons.lang3.StringUtils_ESTest338 (8ms / 26):
    [junit] MAJOR: 1253451 (9 / 26 / 26) -> AVG-RTPM: 615ms
    [junit] MAJOR: Mutants killed / live: 667 (25-1506-5) / 1382
    [junit] MAJOR: ------------------------------------------------------------
    [junit] MAJOR: 55/193 - org.apache.commons.lang3.StringUtils_ESTest339 (8ms / 41):
    [junit] MAJOR: 1278124 (16 / 41 / 41) -> AVG-RTPM: 601ms
    [junit] MAJOR: Mutants killed / live: 683 (25-1547-5) / 1366
    [junit] MAJOR: ------------------------------------------------------------
    [junit] MAJOR: 56/193 - org.apache.commons.lang3.StringUtils_ESTest342 (8ms / 39):
    [junit] MAJOR: 1299845 (1 / 39 / 39) -> AVG-RTPM: 556ms
    [junit] MAJOR: Mutants killed / live: 684 (25-1586-5) / 1365
    [junit] MAJOR: ------------------------------------------------------------
    [junit] MAJOR: 57/193 - org.apache.commons.lang3.StringUtils_ESTest344 (8ms / 26):
    [junit] MAJOR: 1314129 (9 / 26 / 26) -> AVG-RTPM: 549ms
    [junit] MAJOR: Mutants killed / live: 693 (25-1612-5) / 1356
    [junit] MAJOR: ------------------------------------------------------------
    [junit] MAJOR: 58/193 - org.apache.commons.lang3.StringUtils_ESTest345 (8ms / 41):
    [junit] MAJOR: 1337194 (16 / 41 / 41) -> AVG-RTPM: 562ms
    [junit] MAJOR: Mutants killed / live: 709 (25-1653-5) / 1340
    [junit] MAJOR: ------------------------------------------------------------
    [junit] MAJOR: 59/193 - org.apache.commons.lang3.StringUtils_ESTest346 (8ms / 41):
    [junit] MAJOR: 1362106 (1 / 41 / 41) -> AVG-RTPM: 607ms
    [junit] MAJOR: Mutants killed / live: 710 (25-1694-5) / 1339
    [junit] MAJOR: ------------------------------------------------------------
    [junit] MAJOR: 60/193 - org.apache.commons.lang3.StringUtils_ESTest347 (8ms / 10):
    [junit] MAJOR: 1367983 (4 / 10 / 10) -> AVG-RTPM: 587ms
    [junit] MAJOR: Mutants killed / live: 714 (25-1704-5) / 1335
    [junit] MAJOR: ------------------------------------------------------------
    [junit] MAJOR: 61/193 - org.apache.commons.lang3.StringUtils_ESTest349 (8ms / 39):
    [junit] MAJOR: 1389377 (30 / 39 / 39) -> AVG-RTPM: 548ms
    [junit] MAJOR: Mutants killed / live: 744 (25-1743-5) / 1305
    [junit] MAJOR: ------------------------------------------------------------
    [junit] MAJOR: 62/193 - org.apache.commons.lang3.StringUtils_ESTest360 (8ms / 39):
    [junit] MAJOR: 1410987 (33 / 39 / 39) -> AVG-RTPM: 554ms
    [junit] MAJOR: Mutants killed / live: 777 (25-1782-5) / 1272
    [junit] MAJOR: ------------------------------------------------------------
    [junit] MAJOR: 63/193 - org.apache.commons.lang3.StringUtils_ESTest363 (8ms / 25):
    [junit] MAJOR: 1424774 (19 / 25 / 25) -> AVG-RTPM: 551ms
    [junit] MAJOR: Mutants killed / live: 796 (25-1807-5) / 1253
    [junit] MAJOR: ------------------------------------------------------------
    [junit] MAJOR: 64/193 - org.apache.commons.lang3.StringUtils_ESTest102 (9ms / 38):
    [junit] MAJOR: 1445760 (32 / 38 / 38) -> AVG-RTPM: 552ms
    [junit] MAJOR: Mutants killed / live: 828 (25-1845-5) / 1221
    [junit] MAJOR: ------------------------------------------------------------
    [junit] MAJOR: 65/193 - org.apache.commons.lang3.StringUtils_ESTest104 (9ms / 28):
    [junit] MAJOR: 1461448 (3 / 28 / 28) -> AVG-RTPM: 560ms
    [junit] MAJOR: Mutants killed / live: 831 (25-1873-5) / 1218
    [junit] MAJOR: ------------------------------------------------------------
    [junit] MAJOR: 66/193 - org.apache.commons.lang3.StringUtils_ESTest105 (9ms / 39):
    [junit] MAJOR: 1485303 (12 / 39 / 39) -> AVG-RTPM: 611ms
    [junit] MAJOR: Mutants killed / live: 843 (25-1912-5) / 1206
    [junit] MAJOR: ------------------------------------------------------------
    [junit] MAJOR: 67/193 - org.apache.commons.lang3.StringUtils_ESTest108 (9ms / 97):
    [junit] MAJOR: 1544948 (7 / 97 / 97) -> AVG-RTPM: 614ms
    [junit] MAJOR: Mutants killed / live: 850 (25-2009-5) / 1199
    [junit] MAJOR: ------------------------------------------------------------
    [junit] MAJOR: 68/193 - org.apache.commons.lang3.StringUtils_ESTest220 (9ms / 16):
    [junit] MAJOR: 1554260 (0 / 16 / 16) -> AVG-RTPM: 582ms
    [junit] MAJOR: Mutants killed / live: 850 (25-2025-5) / 1199
    [junit] MAJOR: ------------------------------------------------------------
    [junit] MAJOR: 69/193 - org.apache.commons.lang3.StringUtils_ESTest337 (9ms / 41):
    [junit] MAJOR: 1578655 (1 / 41 / 41) -> AVG-RTPM: 595ms
    [junit] MAJOR: Mutants killed / live: 851 (25-2066-5) / 1198
    [junit] MAJOR: ------------------------------------------------------------
    [junit] MAJOR: 70/193 - org.apache.commons.lang3.StringUtils_ESTest350 (9ms / 25):
    [junit] MAJOR: 1592410 (19 / 25 / 25) -> AVG-RTPM: 550ms
    [junit] MAJOR: Mutants killed / live: 870 (25-2091-5) / 1179
    [junit] MAJOR: ------------------------------------------------------------
    [junit] MAJOR: 71/193 - org.apache.commons.lang3.StringUtils_ESTest351 (9ms / 10):
    [junit] MAJOR: 1598064 (1 / 10 / 10) -> AVG-RTPM: 565ms
    [junit] MAJOR: Mutants killed / live: 871 (25-2101-5) / 1178
    [junit] MAJOR: ------------------------------------------------------------
    [junit] MAJOR: 72/193 - org.apache.commons.lang3.StringUtils_ESTest352 (9ms / 25):
    [junit] MAJOR: 1611936 (1 / 25 / 25) -> AVG-RTPM: 554ms
    [junit] MAJOR: Mutants killed / live: 872 (25-2126-5) / 1177
    [junit] MAJOR: ------------------------------------------------------------
    [junit] MAJOR: 73/193 - org.apache.commons.lang3.StringUtils_ESTest353 (9ms / 17):
    [junit] MAJOR: 1621949 (11 / 17 / 17) -> AVG-RTPM: 589ms
    [junit] MAJOR: Mutants killed / live: 883 (25-2143-5) / 1166
    [junit] MAJOR: ------------------------------------------------------------
    [junit] MAJOR: 74/193 - org.apache.commons.lang3.StringUtils_ESTest354 (9ms / 41):
    [junit] MAJOR: 1647670 (25 / 41 / 41) -> AVG-RTPM: 627ms
    [junit] MAJOR: Mutants killed / live: 908 (25-2184-5) / 1141
    [junit] MAJOR: ------------------------------------------------------------
    [junit] MAJOR: 75/193 - org.apache.commons.lang3.StringUtils_ESTest355 (9ms / 26):
    [junit] MAJOR: 1663710 (0 / 26 / 26) -> AVG-RTPM: 616ms
    [junit] MAJOR: Mutants killed / live: 908 (25-2210-5) / 1141
    [junit] MAJOR: ------------------------------------------------------------
    [junit] MAJOR: 76/193 - org.apache.commons.lang3.StringUtils_ESTest356 (9ms / 41):
    [junit] MAJOR: 1689251 (1 / 41 / 41) -> AVG-RTPM: 622ms
    [junit] MAJOR: Mutants killed / live: 909 (25-2251-5) / 1140
    [junit] MAJOR: ------------------------------------------------------------
    [junit] MAJOR: 77/193 - org.apache.commons.lang3.StringUtils_ESTest358 (9ms / 19):
    [junit] MAJOR: 1701093 (1 / 19 / 19) -> AVG-RTPM: 623ms
    [junit] MAJOR: Mutants killed / live: 910 (25-2270-5) / 1139
    [junit] MAJOR: ------------------------------------------------------------
    [junit] MAJOR: 78/193 - org.apache.commons.lang3.StringUtils_ESTest359 (9ms / 39):
    [junit] MAJOR: 1725509 (0 / 39 / 39) -> AVG-RTPM: 626ms
    [junit] MAJOR: Mutants killed / live: 910 (25-2309-5) / 1139
    [junit] MAJOR: ------------------------------------------------------------
    [junit] MAJOR: 79/193 - org.apache.commons.lang3.StringUtils_ESTest361 (9ms / 10):
    [junit] MAJOR: 1731736 (1 / 10 / 10) -> AVG-RTPM: 622ms
    [junit] MAJOR: Mutants killed / live: 911 (25-2319-5) / 1138
    [junit] MAJOR: ------------------------------------------------------------
    [junit] MAJOR: 80/193 - org.apache.commons.lang3.StringUtils_ESTest362 (9ms / 19):
    [junit] MAJOR: 1743542 (1 / 19 / 19) -> AVG-RTPM: 621ms
    [junit] MAJOR: Mutants killed / live: 912 (25-2338-5) / 1137
    [junit] MAJOR: ------------------------------------------------------------
    [junit] MAJOR: 81/193 - org.apache.commons.lang3.StringUtils_ESTest364 (9ms / 17):
    [junit] MAJOR: 1754191 (11 / 17 / 17) -> AVG-RTPM: 626ms
    [junit] MAJOR: Mutants killed / live: 923 (25-2355-5) / 1126
    [junit] MAJOR: ------------------------------------------------------------
    [junit] MAJOR: 82/193 - org.apache.commons.lang3.StringUtils_ESTest365 (9ms / 51):
    [junit] MAJOR: 1784952 (16 / 51 / 51) -> AVG-RTPM: 603ms
    [junit] MAJOR: Mutants killed / live: 939 (25-2406-5) / 1110
    [junit] MAJOR: ------------------------------------------------------------
    [junit] MAJOR: 83/193 - org.apache.commons.lang3.StringUtils_ESTest367 (9ms / 51):
    [junit] MAJOR: 1816399 (1 / 51 / 51) -> AVG-RTPM: 616ms
    [junit] MAJOR: Mutants killed / live: 940 (25-2457-5) / 1109
    [junit] MAJOR: ------------------------------------------------------------
    [junit] MAJOR: 84/193 - org.apache.commons.lang3.StringUtils_ESTest368 (9ms / 17):
    [junit] MAJOR: 1827448 (11 / 17 / 17) -> AVG-RTPM: 649ms
    [junit] MAJOR: Mutants killed / live: 951 (25-2474-5) / 1098
    [junit] MAJOR: ------------------------------------------------------------
    [junit] MAJOR: 85/193 - org.apache.commons.lang3.StringUtils_ESTest369 (9ms / 51):
    [junit] MAJOR: 1857785 (16 / 51 / 51) -> AVG-RTPM: 594ms
    [junit] MAJOR: Mutants killed / live: 967 (25-2525-5) / 1082
    [junit] MAJOR: ------------------------------------------------------------
    [junit] MAJOR: 86/193 - org.apache.commons.lang3.StringUtils_ESTest370 (9ms / 36):
    [junit] MAJOR: 1878332 (0 / 36 / 36) -> AVG-RTPM: 570ms
    [junit] MAJOR: Mutants killed / live: 967 (25-2561-5) / 1082
    [junit] MAJOR: ------------------------------------------------------------
    [junit] MAJOR: 87/193 - org.apache.commons.lang3.StringUtils_ESTest376 (9ms / 38):
    [junit] MAJOR: 1902154 (0 / 38 / 38) -> AVG-RTPM: 626ms
    [junit] MAJOR: Mutants killed / live: 967 (25-2599-5) / 1082
    [junit] MAJOR: ------------------------------------------------------------
    [junit] MAJOR: 88/193 - org.apache.commons.lang3.StringUtils_ESTest377 (9ms / 27):
    [junit] MAJOR: 1925502 (2 / 27 / 27) -> AVG-RTPM: 864ms
    [junit] MAJOR: Mutants killed / live: 969 (25-2626-5) / 1080
    [junit] MAJOR: ------------------------------------------------------------
    [junit] MAJOR: 89/193 - org.apache.commons.lang3.StringUtils_ESTest398 (9ms / 52):
    [junit] MAJOR: 1991942 (46 / 52 / 52) -> AVG-RTPM: 1277ms
    [junit] MAJOR: Mutants killed / live: 1015 (25-2678-5) / 1034
    [junit] MAJOR: ------------------------------------------------------------
    [junit] MAJOR: 90/193 - org.apache.commons.lang3.StringUtils_ESTest101 (10ms / 20):
    [junit] MAJOR: 2021205 (1 / 20 / 20) -> AVG-RTPM: 1463ms
    [junit] MAJOR: Mutants killed / live: 1016 (25-2698-5) / 1033
    [junit] MAJOR: ------------------------------------------------------------
    [junit] MAJOR: 91/193 - org.apache.commons.lang3.StringUtils_ESTest103 (10ms / 39):
    [junit] MAJOR: 2076050 (1 / 39 / 39) -> AVG-RTPM: 1406ms
    [junit] MAJOR: Mutants killed / live: 1017 (25-2737-5) / 1032
    [junit] MAJOR: ------------------------------------------------------------
    [junit] MAJOR: 92/193 - org.apache.commons.lang3.StringUtils_ESTest348 (10ms / 39):
    [junit] MAJOR: 2132006 (1 / 39 / 39) -> AVG-RTPM: 1434ms
    [junit] MAJOR: Mutants killed / live: 1018 (25-2776-5) / 1031
    [junit] MAJOR: ------------------------------------------------------------
    [junit] MAJOR: 93/193 - org.apache.commons.lang3.StringUtils_ESTest371 (10ms / 51):
    [junit] MAJOR: 2204455 (1 / 51 / 51) -> AVG-RTPM: 1420ms
    [junit] MAJOR: Mutants killed / live: 1019 (25-2827-5) / 1030
    [junit] MAJOR: ------------------------------------------------------------
    [junit] MAJOR: 94/193 - org.apache.commons.lang3.StringUtils_ESTest378 (10ms / 27):
    [junit] MAJOR: 2244583 (0 / 27 / 27) -> AVG-RTPM: 1486ms
    [junit] MAJOR: Mutants killed / live: 1019 (25-2854-5) / 1030
    [junit] MAJOR: ------------------------------------------------------------
    [junit] MAJOR: 95/193 - org.apache.commons.lang3.StringUtils_ESTest396 (10ms / 21):
    [junit] MAJOR: 2269960 (2 / 21 / 21) -> AVG-RTPM: 1208ms
    [junit] MAJOR: Mutants killed / live: 1021 (25-2875-5) / 1028
    [junit] MAJOR: ------------------------------------------------------------
    [junit] MAJOR: 96/193 - org.apache.commons.lang3.StringUtils_ESTest397 (10ms / 24):
    [junit] MAJOR: 2300072 (0 / 24 / 24) -> AVG-RTPM: 1254ms
    [junit] MAJOR: Mutants killed / live: 1021 (25-2899-5) / 1028
    [junit] MAJOR: ------------------------------------------------------------
    [junit] MAJOR: 97/193 - org.apache.commons.lang3.StringUtils_ESTest400 (10ms / 73):
    [junit] MAJOR: 2400726 (21 / 73 / 73) -> AVG-RTPM: 1378ms
    [junit] MAJOR: Mutants killed / live: 1042 (25-2972-5) / 1007
    [junit] MAJOR: ------------------------------------------------------------
    [junit] MAJOR: 98/193 - org.apache.commons.lang3.StringUtils_ESTest401 (10ms / 9):
    [junit] MAJOR: 2412883 (0 / 9 / 9) -> AVG-RTPM: 1350ms
    [junit] MAJOR: Mutants killed / live: 1042 (25-2981-5) / 1007
    [junit] MAJOR: ------------------------------------------------------------
    [junit] MAJOR: 99/193 - org.apache.commons.lang3.StringUtils_ESTest402 (10ms / 16):
    [junit] MAJOR: 2435526 (10 / 16 / 16) -> AVG-RTPM: 1415ms
    [junit] MAJOR: Mutants killed / live: 1052 (25-2997-5) / 997
    [junit] MAJOR: ------------------------------------------------------------
    [junit] MAJOR: 100/193 - org.apache.commons.lang3.StringUtils_ESTest403 (10ms / 84):
    [junit] MAJOR: 2552194 (68 / 84 / 84) -> AVG-RTPM: 1388ms
    [junit] MAJOR: Mutants killed / live: 1120 (25-3081-5) / 929
    [junit] MAJOR: ------------------------------------------------------------
    [junit] MAJOR: 101/193 - org.apache.commons.lang3.StringUtils_ESTest405 (10ms / 119):
    [junit] MAJOR: 2711731 (40 / 119 / 119) -> AVG-RTPM: 1340ms
    [junit] MAJOR: Mutants killed / live: 1160 (25-3200-5) / 889
    [junit] MAJOR: ------------------------------------------------------------
    [junit] MAJOR: 102/193 - org.apache.commons.lang3.StringUtils_ESTest406 (10ms / 101):
    [junit] MAJOR: 2847766 (2 / 101 / 101) -> AVG-RTPM: 1346ms
    [junit] MAJOR: Mutants killed / live: 1162 (25-3301-5) / 887
    [junit] MAJOR: ------------------------------------------------------------
    [junit] MAJOR: 103/193 - org.apache.commons.lang3.StringUtils_ESTest422 (10ms / 44):
    [junit] MAJOR: 2906537 (38 / 44 / 44) -> AVG-RTPM: 1335ms
    [junit] MAJOR: Mutants killed / live: 1200 (25-3345-5) / 849
    [junit] MAJOR: ------------------------------------------------------------
    [junit] MAJOR: 104/193 - org.apache.commons.lang3.StringUtils_ESTest118 (11ms / 107):
    [junit] MAJOR: 3044705 (73 / 107 / 107) -> AVG-RTPM: 1291ms
    [junit] MAJOR: Mutants killed / live: 1273 (25-3452-5) / 776
    [junit] MAJOR: ------------------------------------------------------------
    [junit] MAJOR: 105/193 - org.apache.commons.lang3.StringUtils_ESTest126 (11ms / 20):
    [junit] MAJOR: 3073403 (0 / 20 / 20) -> AVG-RTPM: 1434ms
    [junit] MAJOR: Mutants killed / live: 1273 (25-3472-5) / 776
    [junit] MAJOR: ------------------------------------------------------------
    [junit] MAJOR: 106/193 - org.apache.commons.lang3.StringUtils_ESTest366 (11ms / 36):
    [junit] MAJOR: 3123271 (0 / 36 / 36) -> AVG-RTPM: 1385ms
    [junit] MAJOR: Mutants killed / live: 1273 (25-3508-5) / 776
    [junit] MAJOR: ------------------------------------------------------------
    [junit] MAJOR: 107/193 - org.apache.commons.lang3.StringUtils_ESTest409 (11ms / 171):
    [junit] MAJOR: 3362581 (61 / 171 / 171) -> AVG-RTPM: 1399ms
    [junit] MAJOR: Mutants killed / live: 1334 (25-3679-5) / 715
    [junit] MAJOR: ------------------------------------------------------------
    [junit] MAJOR: 108/193 - org.apache.commons.lang3.StringUtils_ESTest410 (11ms / 16):
    [junit] MAJOR: 3386152 (0 / 16 / 16) -> AVG-RTPM: 1473ms
    [junit] MAJOR: Mutants killed / live: 1334 (25-3695-5) / 715
    [junit] MAJOR: ------------------------------------------------------------
    [junit] MAJOR: 109/193 - org.apache.commons.lang3.StringUtils_ESTest413 (11ms / 37):
    [junit] MAJOR: 3440713 (31 / 37 / 37) -> AVG-RTPM: 1474ms
    [junit] MAJOR: Mutants killed / live: 1365 (25-3732-5) / 684
    [junit] MAJOR: ------------------------------------------------------------
    [junit] MAJOR: 110/193 - org.apache.commons.lang3.StringUtils_ESTest416 (11ms / 142):
    [junit] MAJOR: 3629186 (105 / 142 / 142) -> AVG-RTPM: 1327ms
    [junit] MAJOR: Mutants killed / live: 1470 (25-3874-5) / 579
    [junit] MAJOR: ------------------------------------------------------------
    [junit] MAJOR: 111/193 - org.apache.commons.lang3.StringUtils_ESTest418 (11ms / 16):
    [junit] MAJOR: 3649951 (0 / 16 / 16) -> AVG-RTPM: 1297ms
    [junit] MAJOR: Mutants killed / live: 1470 (25-3890-5) / 579
    [junit] MAJOR: ------------------------------------------------------------
    [junit] MAJOR: 112/193 - org.apache.commons.lang3.StringUtils_ESTest420 (11ms / 19):
    [junit] MAJOR: 3675990 (0 / 19 / 19) -> AVG-RTPM: 1370ms
    [junit] MAJOR: Mutants killed / live: 1470 (25-3909-5) / 579
    [junit] MAJOR: ------------------------------------------------------------
    [junit] MAJOR: 113/193 - org.apache.commons.lang3.StringUtils_ESTest421 (11ms / 28):
    [junit] MAJOR: 3714810 (0 / 28 / 28) -> AVG-RTPM: 1386ms
    [junit] MAJOR: Mutants killed / live: 1470 (25-3937-5) / 579
    [junit] MAJOR: ------------------------------------------------------------
    [junit] MAJOR: 114/193 - org.apache.commons.lang3.StringUtils_ESTest423 (11ms / 46):
    [junit] MAJOR: 3781811 (2 / 46 / 46) -> AVG-RTPM: 1456ms
    [junit] MAJOR: Mutants killed / live: 1472 (25-3983-5) / 577
    [junit] MAJOR: ------------------------------------------------------------
    [junit] MAJOR: 115/193 - org.apache.commons.lang3.StringUtils_ESTest424 (11ms / 53):
    [junit] MAJOR: 3857251 (16 / 53 / 53) -> AVG-RTPM: 1423ms
    [junit] MAJOR: Mutants killed / live: 1488 (25-4036-5) / 561
    [junit] MAJOR: ------------------------------------------------------------
    [junit] MAJOR: 116/193 - org.apache.commons.lang3.StringUtils_ESTest425 (11ms / 55):
    [junit] MAJOR: 3933756 (2 / 55 / 55) -> AVG-RTPM: 1391ms
    [junit] MAJOR: Mutants killed / live: 1490 (25-4091-5) / 559
    [junit] MAJOR: ------------------------------------------------------------
    [junit] MAJOR: 117/193 - org.apache.commons.lang3.StringUtils_ESTest427 (11ms / 184):
    [junit] MAJOR: 4189680 (138 / 184 / 184) -> AVG-RTPM: 1390ms
    [junit] MAJOR: Mutants killed / live: 1628 (25-4275-5) / 421
    [junit] MAJOR: ------------------------------------------------------------
    [junit] MAJOR: 118/193 - org.apache.commons.lang3.StringUtils_ESTest428 (11ms / 191):
    [junit] MAJOR: 4453991 (9 / 191 / 191) -> AVG-RTPM: 1383ms
    [junit] MAJOR: Mutants killed / live: 1637 (25-4466-5) / 412
    [junit] MAJOR: ------------------------------------------------------------
    [junit] MAJOR: 119/193 - org.apache.commons.lang3.StringUtils_ESTest414 (12ms / 19):
    [junit] MAJOR: 4481617 (0 / 19 / 19) -> AVG-RTPM: 1454ms
    [junit] MAJOR: Mutants killed / live: 1637 (25-4485-5) / 412
    [junit] MAJOR: ------------------------------------------------------------
    [junit] MAJOR: 120/193 - org.apache.commons.lang3.StringUtils_ESTest426 (12ms / 186):
    [junit] MAJOR: 4744884 (4 / 186 / 186) -> AVG-RTPM: 1415ms
    [junit] MAJOR: Mutants killed / live: 1641 (25-4671-5) / 408
    [junit] MAJOR: ------------------------------------------------------------
    [junit] MAJOR: 121/193 - org.apache.commons.lang3.StringUtils_ESTest429 (12ms / 30):
    [junit] MAJOR: 4785177 (24 / 30 / 30) -> AVG-RTPM: 1343ms
    [junit] MAJOR: Mutants killed / live: 1665 (25-4701-5) / 384
    [junit] MAJOR: ------------------------------------------------------------
    [junit] MAJOR: 122/193 - org.apache.commons.lang3.StringUtils_ESTest430 (12ms / 30):
    [junit] MAJOR: 4825928 (0 / 30 / 30) -> AVG-RTPM: 1358ms
    [junit] MAJOR: Mutants killed / live: 1665 (25-4731-5) / 384
    [junit] MAJOR: ------------------------------------------------------------
    [junit] MAJOR: 123/193 - org.apache.commons.lang3.StringUtils_ESTest431 (12ms / 33):
    [junit] MAJOR: 4875224 (8 / 33 / 33) -> AVG-RTPM: 1493ms
    [junit] MAJOR: Mutants killed / live: 1673 (25-4764-5) / 376
    [junit] MAJOR: ------------------------------------------------------------
    [junit] MAJOR: 124/193 - org.apache.commons.lang3.StringUtils_ESTest433 (12ms / 30):
    [junit] MAJOR: 4916940 (24 / 30 / 30) -> AVG-RTPM: 1390ms
    [junit] MAJOR: Mutants killed / live: 1697 (25-4794-5) / 352
    [junit] MAJOR: ------------------------------------------------------------
    [junit] MAJOR: 125/193 - org.apache.commons.lang3.StringUtils_ESTest434 (12ms / 68):
    [junit] MAJOR: 5014618 (22 / 68 / 68) -> AVG-RTPM: 1436ms
    [junit] MAJOR: Mutants killed / live: 1719 (25-4862-5) / 330
    [junit] MAJOR: ------------------------------------------------------------
    [junit] MAJOR: 126/193 - org.apache.commons.lang3.StringUtils_ESTest48 (12ms / 9):
    [junit] MAJOR: 5026560 (3 / 9 / 9) -> AVG-RTPM: 1326ms
    [junit] MAJOR: Mutants killed / live: 1722 (25-4871-5) / 327
    [junit] MAJOR: ------------------------------------------------------------
    [junit] MAJOR: 127/193 - org.apache.commons.lang3.StringUtils_ESTest52 (12ms / 24):
    [junit] MAJOR: 5057263 (18 / 24 / 24) -> AVG-RTPM: 1279ms
    [junit] MAJOR: Mutants killed / live: 1740 (25-4895-5) / 309
    [junit] MAJOR: ------------------------------------------------------------
    [junit] MAJOR: 128/193 - org.apache.commons.lang3.StringUtils_ESTest412 (13ms / 16):
    [junit] MAJOR: 5079839 (0 / 16 / 16) -> AVG-RTPM: 1411ms
    [junit] MAJOR: Mutants killed / live: 1740 (25-4911-5) / 309
    [junit] MAJOR: ------------------------------------------------------------
    [junit] MAJOR: 129/193 - org.apache.commons.lang3.StringUtils_ESTest432 (13ms / 79):
    [junit] MAJOR: 5191209 (26 / 79 / 79) -> AVG-RTPM: 1409ms
    [junit] MAJOR: Mutants killed / live: 1766 (25-4990-5) / 283
    [junit] MAJOR: ------------------------------------------------------------
    [junit] MAJOR: 130/193 - org.apache.commons.lang3.StringUtils_ESTest438 (13ms / 33):
    [junit] MAJOR: 5235564 (1 / 33 / 33) -> AVG-RTPM: 1344ms
    [junit] MAJOR: Mutants killed / live: 1767 (25-5023-5) / 282
    [junit] MAJOR: ------------------------------------------------------------
    [junit] MAJOR: 131/193 - org.apache.commons.lang3.StringUtils_ESTest439 (13ms / 33):
    [junit] MAJOR: 5283312 (0 / 33 / 33) -> AVG-RTPM: 1446ms
    [junit] MAJOR: Mutants killed / live: 1767 (25-5056-5) / 282
    [junit] MAJOR: ------------------------------------------------------------
    [junit] MAJOR: 132/193 - org.apache.commons.lang3.StringUtils_ESTest44 (13ms / 12):
    [junit] MAJOR: 5300951 (6 / 12 / 12) -> AVG-RTPM: 1469ms
    [junit] MAJOR: Mutants killed / live: 1773 (25-5068-5) / 276
    [junit] MAJOR: ------------------------------------------------------------
    [junit] MAJOR: 133/193 - org.apache.commons.lang3.StringUtils_ESTest50 (13ms / 12):
    [junit] MAJOR: 5317037 (3 / 12 / 12) -> AVG-RTPM: 1340ms
    [junit] MAJOR: Mutants killed / live: 1776 (25-5080-5) / 273
    [junit] MAJOR: ------------------------------------------------------------
    [junit] MAJOR: 134/193 - org.apache.commons.lang3.StringUtils_ESTest51 (13ms / 19):
    [junit] MAJOR: 5341946 (3 / 19 / 19) -> AVG-RTPM: 1311ms
    [junit] MAJOR: Mutants killed / live: 1779 (25-5099-5) / 270
    [junit] MAJOR: ------------------------------------------------------------
    [junit] MAJOR: 135/193 - org.apache.commons.lang3.StringUtils_ESTest53 (13ms / 22):
    [junit] MAJOR: 5374519 (0 / 22 / 22) -> AVG-RTPM: 1480ms
    [junit] MAJOR: Mutants killed / live: 1779 (25-5121-5) / 270
    [junit] MAJOR: ------------------------------------------------------------
    [junit] MAJOR: 136/193 - org.apache.commons.lang3.StringUtils_ESTest54 (13ms / 29):
    [junit] MAJOR: 5417617 (4 / 29 / 29) -> AVG-RTPM: 1486ms
    [junit] MAJOR: Mutants killed / live: 1783 (25-5150-5) / 266
    [junit] MAJOR: ------------------------------------------------------------
    [junit] MAJOR: 137/193 - org.apache.commons.lang3.StringUtils_ESTest55 (13ms / 27):
    [junit] MAJOR: 5456233 (0 / 27 / 27) -> AVG-RTPM: 1430ms
    [junit] MAJOR: Mutants killed / live: 1783 (25-5177-5) / 266
    [junit] MAJOR: ------------------------------------------------------------
    [junit] MAJOR: 138/193 - org.apache.commons.lang3.StringUtils_ESTest57 (13ms / 18):
    [junit] MAJOR: 5482131 (2 / 18 / 18) -> AVG-RTPM: 1438ms
    [junit] MAJOR: Mutants killed / live: 1785 (25-5195-5) / 264
    [junit] MAJOR: ------------------------------------------------------------
    [junit] MAJOR: 139/193 - org.apache.commons.lang3.StringUtils_ESTest116 (14ms / 10):
    [junit] MAJOR: 5496391 (1 / 10 / 10) -> AVG-RTPM: 1426ms
    [junit] MAJOR: Mutants killed / live: 1786 (25-5205-5) / 263
    [junit] MAJOR: ------------------------------------------------------------
    [junit] MAJOR: 140/193 - org.apache.commons.lang3.StringUtils_ESTest134 (14ms / 59):
    [junit] MAJOR: 5574046 (3 / 59 / 59) -> AVG-RTPM: 1316ms
    [junit] MAJOR: Mutants killed / live: 1789 (25-5264-5) / 260
    [junit] MAJOR: ------------------------------------------------------------
    [junit] MAJOR: 141/193 - org.apache.commons.lang3.StringUtils_ESTest56 (14ms / 27):
    [junit] MAJOR: 5609345 (0 / 27 / 27) -> AVG-RTPM: 1307ms
    [junit] MAJOR: Mutants killed / live: 1789 (25-5291-5) / 260
    [junit] MAJOR: ------------------------------------------------------------
    [junit] MAJOR: 142/193 - org.apache.commons.lang3.StringUtils_ESTest49 (15ms / 12):
    [junit] MAJOR: 5624839 (0 / 12 / 12) -> AVG-RTPM: 1291ms
    [junit] MAJOR: Mutants killed / live: 1789 (25-5303-5) / 260
    [junit] MAJOR: ------------------------------------------------------------
    [junit] MAJOR: 143/193 - org.apache.commons.lang3.StringUtils_ESTest61 (15ms / 16):
    [junit] MAJOR: 5645169 (10 / 16 / 16) -> AVG-RTPM: 1270ms
    [junit] MAJOR: Mutants killed / live: 1799 (25-5319-5) / 250
    [junit] MAJOR: ------------------------------------------------------------
    [junit] MAJOR: 144/193 - org.apache.commons.lang3.StringUtils_ESTest62 (15ms / 19):
    [junit] MAJOR: 5669943 (3 / 19 / 19) -> AVG-RTPM: 1303ms
    [junit] MAJOR: Mutants killed / live: 1802 (25-5338-5) / 247
    [junit] MAJOR: ------------------------------------------------------------
    [junit] MAJOR: 145/193 - org.apache.commons.lang3.StringUtils_ESTest63 (15ms / 19):
    [junit] MAJOR: 5693551 (0 / 19 / 19) -> AVG-RTPM: 1242ms
    [junit] MAJOR: Mutants killed / live: 1802 (25-5357-5) / 247
    [junit] MAJOR: ------------------------------------------------------------
    [junit] MAJOR: 146/193 - org.apache.commons.lang3.StringUtils_ESTest65 (15ms / 27):
    [junit] MAJOR: 5728286 (0 / 27 / 27) -> AVG-RTPM: 1286ms
    [junit] MAJOR: Mutants killed / live: 1802 (25-5384-5) / 247
    [junit] MAJOR: ------------------------------------------------------------
    [junit] MAJOR: 147/193 - org.apache.commons.lang3.StringUtils_ESTest66 (15ms / 36):
    [junit] MAJOR: 5776019 (0 / 36 / 36) -> AVG-RTPM: 1325ms
    [junit] MAJOR: Mutants killed / live: 1802 (25-5420-5) / 247
    [junit] MAJOR: ------------------------------------------------------------
    [junit] MAJOR: 148/193 - org.apache.commons.lang3.StringUtils_ESTest67 (15ms / 49):
    [junit] MAJOR: 5840033 (4 / 49 / 49) -> AVG-RTPM: 1306ms
    [junit] MAJOR: Mutants killed / live: 1806 (25-5469-5) / 243
    [junit] MAJOR: ------------------------------------------------------------
    [junit] MAJOR: 149/193 - org.apache.commons.lang3.StringUtils_ESTest68 (15ms / 47):
    [junit] MAJOR: 5901503 (0 / 47 / 47) -> AVG-RTPM: 1307ms
    [junit] MAJOR: Mutants killed / live: 1806 (25-5516-5) / 243
    [junit] MAJOR: ------------------------------------------------------------
    [junit] MAJOR: 150/193 - org.apache.commons.lang3.StringUtils_ESTest70 (15ms / 21):
    [junit] MAJOR: 5932118 (0 / 21 / 21) -> AVG-RTPM: 1457ms
    [junit] MAJOR: Mutants killed / live: 1806 (25-5537-5) / 243
    [junit] MAJOR: ------------------------------------------------------------
    [junit] MAJOR: 151/193 - org.apache.commons.lang3.StringUtils_ESTest72 (15ms / 45):
    [junit] MAJOR: 5997386 (0 / 45 / 45) -> AVG-RTPM: 1450ms
    [junit] MAJOR: Mutants killed / live: 1806 (25-5582-5) / 243
    [junit] MAJOR: ------------------------------------------------------------
    [junit] MAJOR: 152/193 - org.apache.commons.lang3.StringUtils_ESTest73 (15ms / 66):
    [junit] MAJOR: 6089497 (12 / 66 / 66) -> AVG-RTPM: 1395ms
    [junit] MAJOR: Mutants killed / live: 1818 (25-5648-5) / 231
    [junit] MAJOR: ------------------------------------------------------------
    [junit] MAJOR: 153/193 - org.apache.commons.lang3.StringUtils_ESTest74 (15ms / 27):
    [junit] MAJOR: 6126640 (2 / 27 / 27) -> AVG-RTPM: 1375ms
    [junit] MAJOR: Mutants killed / live: 1820 (25-5675-5) / 229
    [junit] MAJOR: ------------------------------------------------------------
    [junit] MAJOR: 154/193 - org.apache.commons.lang3.StringUtils_ESTest76 (15ms / 27):
    [junit] MAJOR: 6166138 (2 / 27 / 27) -> AVG-RTPM: 1462ms
    [junit] MAJOR: Mutants killed / live: 1822 (25-5702-5) / 227
    [junit] MAJOR: ------------------------------------------------------------
    [junit] MAJOR: 155/193 - org.apache.commons.lang3.StringUtils_ESTest77 (15ms / 18):
    [junit] MAJOR: 6191796 (0 / 18 / 18) -> AVG-RTPM: 1425ms
    [junit] MAJOR: Mutants killed / live: 1822 (25-5720-5) / 227
    [junit] MAJOR: ------------------------------------------------------------
    [junit] MAJOR: 156/193 - org.apache.commons.lang3.StringUtils_ESTest78 (15ms / 16):
    [junit] MAJOR: 6212847 (10 / 16 / 16) -> AVG-RTPM: 1315ms
    [junit] MAJOR: Mutants killed / live: 1832 (25-5736-5) / 217
    [junit] MAJOR: ------------------------------------------------------------
    [junit] MAJOR: 157/193 - org.apache.commons.lang3.StringUtils_ESTest59 (16ms / 19):
    [junit] MAJOR: 6242997 (13 / 19 / 19) -> AVG-RTPM: 1586ms
    [junit] MAJOR: Mutants killed / live: 1845 (25-5755-5) / 204
    [junit] MAJOR: ------------------------------------------------------------
    [junit] MAJOR: 158/193 - org.apache.commons.lang3.StringUtils_ESTest64 (16ms / 24):
    [junit] MAJOR: 6278458 (0 / 24 / 24) -> AVG-RTPM: 1477ms
    [junit] MAJOR: Mutants killed / live: 1845 (25-5779-5) / 204
    [junit] MAJOR: ------------------------------------------------------------
    [junit] MAJOR: 159/193 - org.apache.commons.lang3.StringUtils_ESTest75 (16ms / 18):
    [junit] MAJOR: 6304300 (0 / 18 / 18) -> AVG-RTPM: 1435ms
    [junit] MAJOR: Mutants killed / live: 1845 (25-5797-5) / 204
    [junit] MAJOR: ------------------------------------------------------------
    [junit] MAJOR: 160/193 - org.apache.commons.lang3.StringUtils_ESTest79 (16ms / 19):
    [junit] MAJOR: 6330871 (3 / 19 / 19) -> AVG-RTPM: 1398ms
    [junit] MAJOR: Mutants killed / live: 1848 (25-5816-5) / 201
    [junit] MAJOR: ------------------------------------------------------------
    [junit] MAJOR: 161/193 - org.apache.commons.lang3.StringUtils_ESTest8 (16ms / 68):
    [junit] MAJOR: 6421126 (1 / 68 / 68) -> AVG-RTPM: 1327ms
    [junit] MAJOR: Mutants killed / live: 1849 (25-5884-5) / 200
    [junit] MAJOR: ------------------------------------------------------------
    [junit] MAJOR: 162/193 - org.apache.commons.lang3.StringUtils_ESTest80 (16ms / 19):
    [junit] MAJOR: 6447364 (0 / 19 / 19) -> AVG-RTPM: 1380ms
    [junit] MAJOR: Mutants killed / live: 1849 (25-5903-5) / 200
    [junit] MAJOR: ------------------------------------------------------------
    [junit] MAJOR: 163/193 - org.apache.commons.lang3.StringUtils_ESTest82 (16ms / 19):
    [junit] MAJOR: 6474145 (13 / 19 / 19) -> AVG-RTPM: 1409ms
    [junit] MAJOR: Mutants killed / live: 1862 (25-5922-5) / 187
    [junit] MAJOR: ------------------------------------------------------------
    [junit] MAJOR: 164/193 - org.apache.commons.lang3.StringUtils_ESTest83 (16ms / 19):
    [junit] MAJOR: 6499603 (0 / 19 / 19) -> AVG-RTPM: 1339ms
    [junit] MAJOR: Mutants killed / live: 1862 (25-5941-5) / 187
    [junit] MAJOR: ------------------------------------------------------------
    [junit] MAJOR: 165/193 - org.apache.commons.lang3.StringUtils_ESTest84 (16ms / 16):
    [junit] MAJOR: 6521879 (10 / 16 / 16) -> AVG-RTPM: 1392ms
    [junit] MAJOR: Mutants killed / live: 1872 (25-5957-5) / 177
    [junit] MAJOR: ------------------------------------------------------------
    [junit] MAJOR: 166/193 - org.apache.commons.lang3.StringUtils_ESTest85 (16ms / 80):
    [junit] MAJOR: 6629060 (64 / 80 / 80) -> AVG-RTPM: 1339ms
    [junit] MAJOR: Mutants killed / live: 1936 (25-6037-5) / 113
    [junit] MAJOR: ------------------------------------------------------------
    [junit] MAJOR: 167/193 - org.apache.commons.lang3.StringUtils_ESTest86 (17ms / 19):
    [junit] MAJOR: 6656875 (0 / 19 / 19) -> AVG-RTPM: 1463ms
    [junit] MAJOR: Mutants killed / live: 1936 (25-6056-5) / 113
    [junit] MAJOR: ------------------------------------------------------------
    [junit] MAJOR: 168/193 - org.apache.commons.lang3.StringUtils_ESTest87 (17ms / 16):
    [junit] MAJOR: 6678880 (0 / 16 / 16) -> AVG-RTPM: 1375ms
    [junit] MAJOR: Mutants killed / live: 1936 (25-6072-5) / 113
    [junit] MAJOR: ------------------------------------------------------------
    [junit] MAJOR: 169/193 - org.apache.commons.lang3.StringUtils_ESTest89 (17ms / 39):
    [junit] MAJOR: 6736942 (0 / 39 / 39) -> AVG-RTPM: 1488ms
    [junit] MAJOR: Mutants killed / live: 1936 (25-6111-5) / 113
    [junit] MAJOR: ------------------------------------------------------------
    [junit] MAJOR: 170/193 - org.apache.commons.lang3.StringUtils_ESTest91 (17ms / 67):
    [junit] MAJOR: 6826457 (0 / 67 / 67) -> AVG-RTPM: 1336ms
    [junit] MAJOR: Mutants killed / live: 1936 (25-6178-5) / 113
    [junit] MAJOR: ------------------------------------------------------------
    [junit] MAJOR: 171/193 - org.apache.commons.lang3.StringUtils_ESTest123 (18ms / 32):
    [junit] MAJOR: 6870913 (5 / 32 / 32) -> AVG-RTPM: 1389ms
    [junit] MAJOR: Mutants killed / live: 1941 (25-6210-5) / 108
    [junit] MAJOR: ------------------------------------------------------------
    [junit] MAJOR: 172/193 - org.apache.commons.lang3.StringUtils_ESTest69 (18ms / 16):
    [junit] MAJOR: 6894540 (0 / 16 / 16) -> AVG-RTPM: 1476ms
    [junit] MAJOR: Mutants killed / live: 1941 (25-6226-5) / 108
    [junit] MAJOR: ------------------------------------------------------------
    [junit] MAJOR: 173/193 - org.apache.commons.lang3.StringUtils_ESTest88 (18ms / 19):
    [junit] MAJOR: 6924350 (0 / 19 / 19) -> AVG-RTPM: 1568ms
    [junit] MAJOR: Mutants killed / live: 1941 (25-6245-5) / 108
    [junit] MAJOR: ------------------------------------------------------------
    [junit] MAJOR: 174/193 - org.apache.commons.lang3.StringUtils_ESTest90 (18ms / 53):
    [junit] MAJOR: 7000777 (0 / 53 / 53) -> AVG-RTPM: 1442ms
    [junit] MAJOR: Mutants killed / live: 1941 (25-6298-5) / 108
    [junit] MAJOR: ------------------------------------------------------------
    [junit] MAJOR: 175/193 - org.apache.commons.lang3.StringUtils_ESTest92 (18ms / 38):
    [junit] MAJOR: 7056349 (13 / 38 / 38) -> AVG-RTPM: 1462ms
    [junit] MAJOR: Mutants killed / live: 1954 (25-6336-5) / 95
    [junit] MAJOR: ------------------------------------------------------------
    [junit] MAJOR: 176/193 - org.apache.commons.lang3.StringUtils_ESTest94 (18ms / 38):
    [junit] MAJOR: 7111519 (0 / 38 / 38) -> AVG-RTPM: 1451ms
    [junit] MAJOR: Mutants killed / live: 1954 (25-6374-5) / 95
    [junit] MAJOR: ------------------------------------------------------------
    [junit] MAJOR: 177/193 - org.apache.commons.lang3.StringUtils_ESTest95 (18ms / 17):
    [junit] MAJOR: 7135804 (11 / 17 / 17) -> AVG-RTPM: 1428ms
    [junit] MAJOR: Mutants killed / live: 1965 (25-6391-5) / 84
    [junit] MAJOR: ------------------------------------------------------------
    [junit] MAJOR: 178/193 - org.apache.commons.lang3.StringUtils_ESTest97 (18ms / 20):
    [junit] MAJOR: 7165332 (3 / 20 / 20) -> AVG-RTPM: 1476ms
    [junit] MAJOR: Mutants killed / live: 1968 (25-6411-5) / 81
    [junit] MAJOR: ------------------------------------------------------------
    [junit] MAJOR: 179/193 - org.apache.commons.lang3.StringUtils_ESTest96 (19ms / 30):
    [junit] MAJOR: 7209766 (11 / 30 / 30) -> AVG-RTPM: 1481ms
    [junit] MAJOR: Mutants killed / live: 1979 (25-6441-5) / 70
    [junit] MAJOR: ------------------------------------------------------------
    [junit] MAJOR: 180/193 - org.apache.commons.lang3.StringUtils_ESTest99 (19ms / 17):
    [junit] MAJOR: 7233601 (0 / 17 / 17) -> AVG-RTPM: 1402ms
    [junit] MAJOR: Mutants killed / live: 1979 (25-6458-5) / 70
    [junit] MAJOR: ------------------------------------------------------------
    [junit] MAJOR: 181/193 - org.apache.commons.lang3.StringUtils_ESTest408 (22ms / 177):
    [junit] MAJOR: 7474852 (4 / 177 / 177) -> AVG-RTPM: 1363ms
    [junit] MAJOR: Mutants killed / live: 1983 (25-6635-5) / 66
    [junit] MAJOR: ------------------------------------------------------------
    [junit] MAJOR: 182/193 - org.apache.commons.lang3.StringUtils_ESTest100 (25ms / 38):
    [junit] MAJOR: 7524255 (1 / 38 / 38) -> AVG-RTPM: 1300ms
    [junit] MAJOR: Mutants killed / live: 1984 (25-6673-5) / 65
    [junit] MAJOR: ------------------------------------------------------------
    [junit] MAJOR: 183/193 - org.apache.commons.lang3.StringUtils_ESTest120 (29ms / 97):
    [junit] MAJOR: 7652025 (28 / 97 / 97) -> AVG-RTPM: 1317ms
    [junit] MAJOR: Mutants killed / live: 2012 (25-6770-5) / 37
    [junit] MAJOR: ------------------------------------------------------------
    [junit] MAJOR: 184/193 - org.apache.commons.lang3.StringUtils_ESTest58 (29ms / 16):
    [junit] MAJOR: 7672078 (0 / 16 / 16) -> AVG-RTPM: 1253ms
    [junit] MAJOR: Mutants killed / live: 2012 (25-6786-5) / 37
    [junit] MAJOR: ------------------------------------------------------------
    [junit] MAJOR: 185/193 - org.apache.commons.lang3.StringUtils_ESTest357 (30ms / 10):
    [junit] MAJOR: 7685643 (1 / 10 / 10) -> AVG-RTPM: 1356ms
    [junit] MAJOR: Mutants killed / live: 2013 (25-6796-5) / 36
    [junit] MAJOR: ------------------------------------------------------------
    [junit] MAJOR: 186/193 - org.apache.commons.lang3.StringUtils_ESTest98 (31ms / 30):
    [junit] MAJOR: 7728178 (0 / 30 / 30) -> AVG-RTPM: 1417ms
    [junit] MAJOR: Mutants killed / live: 2013 (25-6826-5) / 36
    [junit] MAJOR: ------------------------------------------------------------
    [junit] MAJOR: 187/193 - org.apache.commons.lang3.StringUtils_ESTest122 (33ms / 74):
    [junit] MAJOR: 7829355 (26 / 74 / 74) -> AVG-RTPM: 1367ms
    [junit] MAJOR: Mutants killed / live: 2039 (25-6900-5) / 10
    [junit] MAJOR: ------------------------------------------------------------
    [junit] MAJOR: 188/193 - org.apache.commons.lang3.StringUtils_ESTest415 (36ms / 28):
    [junit] MAJOR: 7870895 (0 / 28 / 28) -> AVG-RTPM: 1483ms
    [junit] MAJOR: Mutants killed / live: 2039 (25-6928-5) / 10
    [junit] MAJOR: ------------------------------------------------------------
    [junit] MAJOR: 189/193 - org.apache.commons.lang3.StringUtils_ESTest81 (38ms / 16):
    [junit] MAJOR: 7894442 (0 / 16 / 16) -> AVG-RTPM: 1471ms
    [junit] MAJOR: Mutants killed / live: 2039 (25-6944-5) / 10
    [junit] MAJOR: ------------------------------------------------------------
    [junit] MAJOR: 190/193 - org.apache.commons.lang3.StringUtils_ESTest435 (39ms / 30):
    [junit] MAJOR: 7932555 (0 / 30 / 30) -> AVG-RTPM: 1270ms
    [junit] MAJOR: Mutants killed / live: 2039 (25-6974-5) / 10
    [junit] MAJOR: ------------------------------------------------------------
    [junit] MAJOR: 191/193 - org.apache.commons.lang3.StringUtils_ESTest60 (41ms / 21):
    [junit] MAJOR: 7962426 (2 / 21 / 21) -> AVG-RTPM: 1422ms
    [junit] MAJOR: Mutants killed / live: 2041 (25-6995-5) / 8
    [junit] MAJOR: ------------------------------------------------------------
    [junit] MAJOR: 192/193 - org.apache.commons.lang3.StringUtils_ESTest93 (44ms / 28):
    [junit] MAJOR: 8002239 (1 / 28 / 28) -> AVG-RTPM: 1421ms
    [junit] MAJOR: Mutants killed / live: 2042 (25-7023-5) / 7
    [junit] MAJOR: ------------------------------------------------------------
    [junit] MAJOR: 193/193 - org.apache.commons.lang3.StringUtils_ESTest117 (61ms / 32):
    [junit] MAJOR: 8047075 (0 / 32 / 32) -> AVG-RTPM: 1401ms
    [junit] MAJOR: Mutants killed / live: 2042 (25-7055-5) / 7
    [junit] MAJOR: ------------------------------------------------------------
    [junit] MAJOR: Summary:
    [junit] MAJOR: 
    [junit] MAJOR: Analysis time:  8047.1 seconds
    [junit] MAJOR: Mutation score: 41.15% (99.66%)
    [junit] MAJOR: Mutants killed / live: 2042 (25-7055-5) / 7
    [junit] MAJOR: Mutant executions: 7204
    [junit] MAJOR: ------------------------------------------------------------
    [junit] MAJOR: Export summary of results (to summary.csv)
    [junit] MAJOR: Export mutant kill details (to /tmp/run_mutation.pl_24755_1483615302/20f/kill.csv)
    [junit] MAJOR: Export kill map (to killMap.csv)!

BUILD SUCCESSFUL
Total time: 137 minutes 17 seconds
