
init:
     [echo] -------- commons-lang 3.0 --------

compile:

compile.tests:
    [mkdir] Created dir: /tmp/run_mutation.pl_100250_1501468672/20f/target/tests
    [javac] Compiling 114 source files to /tmp/run_mutation.pl_100250_1501468672/20f/target/tests
    [javac] warning: [options] bootstrap class path not set in conjunction with -source 1.5
    [javac] Note: Some input files use or override a deprecated API.
    [javac] Note: Recompile with -Xlint:deprecation for details.
    [javac] Note: /tmp/run_mutation.pl_100250_1501468672/20f/src/test/java/org/apache/commons/lang3/builder/ToStringBuilderTest.java uses unchecked or unsafe operations.
    [javac] Note: Recompile with -Xlint:unchecked for details.
    [javac] 1 warning
     [copy] Copying 4 files to /tmp/run_mutation.pl_100250_1501468672/20f/target/tests

update.all.tests:

mutation.test:
     [echo] Running mutation analysis ...
    [junit] MAJOR: Mutation analysis enabled
SLF4J: Failed to load class "org.slf4j.impl.StaticLoggerBinder".
SLF4J: Defaulting to no-operation (NOP) logger implementation
SLF4J: See http://www.slf4j.org/codes.html#StaticLoggerBinder for further details.
    [junit] MAJOR: ------------------------------------------------------------
    [junit] MAJOR: Run 192 ordered tests to verify independence
    [junit] MAJOR: ------------------------------------------------------------
    [junit] MAJOR: Preprocessing time: 245.11 seconds
    [junit] MAJOR: ------------------------------------------------------------
    [junit] MAJOR: Mutants generated: 4962
    [junit] MAJOR: Mutants covered:   2037 (41.05%)
    [junit] MAJOR: ------------------------------------------------------------
    [junit] MAJOR: Export test map to (testMap.csv)
    [junit] MAJOR: Export coverage map to (covMap.csv)
    [junit] MAJOR: Exclude 0 mutants
    [junit] MAJOR: ------------------------------------------------------------
    [junit] MAJOR: Run mutation analysis with 192 individual tests
    [junit] MAJOR: ------------------------------------------------------------
    [junit] MAJOR: 1/192 - org.apache.commons.lang3.StringUtils_ESTest117 (8ms / 70):
    [junit] MAJOR: 171888 (11 / 70 / 70) -> AVG-RTPM: 2455ms
    [junit] MAJOR: Mutants killed / live: 11 (5-6-0) / 2026
    [junit] MAJOR: ------------------------------------------------------------
    [junit] MAJOR: 2/192 - org.apache.commons.lang3.StringUtils_ESTest120 (8ms / 10):
    [junit] MAJOR: 201199 (3 / 10 / 10) -> AVG-RTPM: 2931ms
    [junit] MAJOR: Mutants killed / live: 14 (6-8-0) / 2023
    [junit] MAJOR: ------------------------------------------------------------
    [junit] MAJOR: 3/192 - org.apache.commons.lang3.StringUtils_ESTest137 (8ms / 20):
    [junit] MAJOR: 263473 (7 / 20 / 20) -> AVG-RTPM: 3113ms
    [junit] MAJOR: Mutants killed / live: 21 (7-14-0) / 2016
    [junit] MAJOR: ------------------------------------------------------------
    [junit] MAJOR: 4/192 - org.apache.commons.lang3.StringUtils_ESTest139 (8ms / 17):
    [junit] MAJOR: 301253 (12 / 17 / 17) -> AVG-RTPM: 2222ms
    [junit] MAJOR: Mutants killed / live: 33 (7-25-1) / 2004
    [junit] MAJOR: ------------------------------------------------------------
    [junit] MAJOR: 5/192 - org.apache.commons.lang3.StringUtils_ESTest141 (8ms / 16):
    [junit] MAJOR: 306369 (15 / 16 / 16) -> AVG-RTPM: 319ms
    [junit] MAJOR: Mutants killed / live: 48 (7-41-1) / 1989
    [junit] MAJOR: ------------------------------------------------------------
    [junit] MAJOR: 6/192 - org.apache.commons.lang3.StringUtils_ESTest18 (8ms / 18):
    [junit] MAJOR: 314553 (12 / 18 / 18) -> AVG-RTPM: 454ms
    [junit] MAJOR: Mutants killed / live: 60 (7-59-1) / 1977
    [junit] MAJOR: ------------------------------------------------------------
    [junit] MAJOR: 7/192 - org.apache.commons.lang3.StringUtils_ESTest213 (8ms / 9):
    [junit] MAJOR: 319270 (3 / 9 / 9) -> AVG-RTPM: 524ms
    [junit] MAJOR: Mutants killed / live: 63 (7-68-1) / 1974
    [junit] MAJOR: ------------------------------------------------------------
    [junit] MAJOR: 8/192 - org.apache.commons.lang3.StringUtils_ESTest223 (8ms / 23):
    [junit] MAJOR: 329827 (17 / 23 / 23) -> AVG-RTPM: 459ms
    [junit] MAJOR: Mutants killed / live: 80 (7-91-1) / 1957
    [junit] MAJOR: ------------------------------------------------------------
    [junit] MAJOR: 9/192 - org.apache.commons.lang3.StringUtils_ESTest225 (8ms / 9):
    [junit] MAJOR: 334692 (3 / 9 / 9) -> AVG-RTPM: 540ms
    [junit] MAJOR: Mutants killed / live: 83 (7-100-1) / 1954
    [junit] MAJOR: ------------------------------------------------------------
    [junit] MAJOR: 10/192 - org.apache.commons.lang3.StringUtils_ESTest226 (8ms / 13):
    [junit] MAJOR: 341504 (4 / 13 / 13) -> AVG-RTPM: 523ms
    [junit] MAJOR: Mutants killed / live: 87 (7-113-1) / 1950
    [junit] MAJOR: ------------------------------------------------------------
    [junit] MAJOR: 11/192 - org.apache.commons.lang3.StringUtils_ESTest229 (8ms / 9):
    [junit] MAJOR: 346581 (3 / 9 / 9) -> AVG-RTPM: 564ms
    [junit] MAJOR: Mutants killed / live: 90 (7-122-1) / 1947
    [junit] MAJOR: ------------------------------------------------------------
    [junit] MAJOR: 12/192 - org.apache.commons.lang3.StringUtils_ESTest23 (8ms / 25):
    [junit] MAJOR: 358405 (19 / 25 / 25) -> AVG-RTPM: 472ms
    [junit] MAJOR: Mutants killed / live: 109 (7-147-1) / 1928
    [junit] MAJOR: ------------------------------------------------------------
    [junit] MAJOR: 13/192 - org.apache.commons.lang3.StringUtils_ESTest24 (8ms / 36):
    [junit] MAJOR: 375344 (30 / 36 / 36) -> AVG-RTPM: 470ms
    [junit] MAJOR: Mutants killed / live: 139 (7-183-1) / 1898
    [junit] MAJOR: ------------------------------------------------------------
    [junit] MAJOR: 14/192 - org.apache.commons.lang3.StringUtils_ESTest26 (8ms / 36):
    [junit] MAJOR: 393132 (1 / 36 / 36) -> AVG-RTPM: 494ms
    [junit] MAJOR: Mutants killed / live: 140 (7-219-1) / 1897
    [junit] MAJOR: ------------------------------------------------------------
    [junit] MAJOR: 15/192 - org.apache.commons.lang3.StringUtils_ESTest348 (8ms / 41):
    [junit] MAJOR: 412450 (35 / 41 / 41) -> AVG-RTPM: 471ms
    [junit] MAJOR: Mutants killed / live: 175 (7-260-1) / 1862
    [junit] MAJOR: ------------------------------------------------------------
    [junit] MAJOR: 16/192 - org.apache.commons.lang3.StringUtils_ESTest350 (8ms / 41):
    [junit] MAJOR: 432045 (1 / 41 / 41) -> AVG-RTPM: 477ms
    [junit] MAJOR: Mutants killed / live: 176 (7-301-1) / 1861
    [junit] MAJOR: ------------------------------------------------------------
    [junit] MAJOR: 17/192 - org.apache.commons.lang3.StringUtils_ESTest105 (9ms / 39):
    [junit] MAJOR: 450165 (14 / 39 / 39) -> AVG-RTPM: 464ms
    [junit] MAJOR: Mutants killed / live: 190 (7-340-1) / 1847
    [junit] MAJOR: ------------------------------------------------------------
    [junit] MAJOR: 18/192 - org.apache.commons.lang3.StringUtils_ESTest119 (9ms / 72):
    [junit] MAJOR: 486797 (37 / 72 / 72) -> AVG-RTPM: 508ms
    [junit] MAJOR: Mutants killed / live: 227 (7-412-1) / 1810
    [junit] MAJOR: ------------------------------------------------------------
    [junit] MAJOR: 19/192 - org.apache.commons.lang3.StringUtils_ESTest12 (9ms / 6):
    [junit] MAJOR: 490174 (0 / 6 / 6) -> AVG-RTPM: 562ms
    [junit] MAJOR: Mutants killed / live: 227 (7-418-1) / 1810
    [junit] MAJOR: ------------------------------------------------------------
    [junit] MAJOR: 20/192 - org.apache.commons.lang3.StringUtils_ESTest126 (9ms / 74):
    [junit] MAJOR: 529693 (49 / 74 / 74) -> AVG-RTPM: 534ms
    [junit] MAJOR: Mutants killed / live: 276 (7-492-1) / 1761
    [junit] MAJOR: ------------------------------------------------------------
    [junit] MAJOR: 21/192 - org.apache.commons.lang3.StringUtils_ESTest138 (9ms / 59):
    [junit] MAJOR: 561596 (47 / 59 / 59) -> AVG-RTPM: 540ms
    [junit] MAJOR: Mutants killed / live: 323 (7-551-1) / 1714
    [junit] MAJOR: ------------------------------------------------------------
    [junit] MAJOR: 22/192 - org.apache.commons.lang3.StringUtils_ESTest142 (9ms / 19):
    [junit] MAJOR: 572145 (3 / 19 / 19) -> AVG-RTPM: 555ms
    [junit] MAJOR: Mutants killed / live: 326 (7-570-1) / 1711
    [junit] MAJOR: ------------------------------------------------------------
    [junit] MAJOR: 23/192 - org.apache.commons.lang3.StringUtils_ESTest143 (9ms / 50):
    [junit] MAJOR: 599169 (31 / 50 / 50) -> AVG-RTPM: 540ms
    [junit] MAJOR: Mutants killed / live: 357 (7-620-1) / 1680
    [junit] MAJOR: ------------------------------------------------------------
    [junit] MAJOR: 24/192 - org.apache.commons.lang3.StringUtils_ESTest144 (9ms / 58):
    [junit] MAJOR: 630468 (8 / 58 / 58) -> AVG-RTPM: 539ms
    [junit] MAJOR: Mutants killed / live: 365 (7-678-1) / 1672
    [junit] MAJOR: ------------------------------------------------------------
    [junit] MAJOR: 25/192 - org.apache.commons.lang3.StringUtils_ESTest146 (9ms / 19):
    [junit] MAJOR: 640666 (13 / 19 / 19) -> AVG-RTPM: 536ms
    [junit] MAJOR: Mutants killed / live: 378 (7-697-1) / 1659
    [junit] MAJOR: ------------------------------------------------------------
    [junit] MAJOR: 26/192 - org.apache.commons.lang3.StringUtils_ESTest147 (9ms / 42):
    [junit] MAJOR: 664212 (23 / 42 / 42) -> AVG-RTPM: 560ms
    [junit] MAJOR: Mutants killed / live: 401 (7-739-1) / 1636
    [junit] MAJOR: ------------------------------------------------------------
    [junit] MAJOR: 27/192 - org.apache.commons.lang3.StringUtils_ESTest15 (9ms / 27):
    [junit] MAJOR: 678925 (21 / 27 / 27) -> AVG-RTPM: 544ms
    [junit] MAJOR: Mutants killed / live: 422 (7-766-1) / 1615
    [junit] MAJOR: ------------------------------------------------------------
    [junit] MAJOR: 28/192 - org.apache.commons.lang3.StringUtils_ESTest224 (9ms / 26):
    [junit] MAJOR: 693164 (1 / 26 / 26) -> AVG-RTPM: 547ms
    [junit] MAJOR: Mutants killed / live: 423 (7-792-1) / 1614
    [junit] MAJOR: ------------------------------------------------------------
    [junit] MAJOR: 29/192 - org.apache.commons.lang3.StringUtils_ESTest25 (9ms / 13):
    [junit] MAJOR: 700146 (1 / 13 / 13) -> AVG-RTPM: 537ms
    [junit] MAJOR: Mutants killed / live: 424 (7-805-1) / 1613
    [junit] MAJOR: ------------------------------------------------------------
    [junit] MAJOR: 30/192 - org.apache.commons.lang3.StringUtils_ESTest312 (9ms / 9):
    [junit] MAJOR: 705076 (3 / 9 / 9) -> AVG-RTPM: 547ms
    [junit] MAJOR: Mutants killed / live: 427 (7-814-1) / 1610
    [junit] MAJOR: ------------------------------------------------------------
    [junit] MAJOR: 31/192 - org.apache.commons.lang3.StringUtils_ESTest313 (9ms / 11):
    [junit] MAJOR: 711415 (2 / 11 / 11) -> AVG-RTPM: 576ms
    [junit] MAJOR: Mutants killed / live: 429 (7-825-1) / 1608
    [junit] MAJOR: ------------------------------------------------------------
    [junit] MAJOR: 32/192 - org.apache.commons.lang3.StringUtils_ESTest346 (9ms / 39):
    [junit] MAJOR: 732825 (33 / 39 / 39) -> AVG-RTPM: 548ms
    [junit] MAJOR: Mutants killed / live: 462 (7-864-1) / 1575
    [junit] MAJOR: ------------------------------------------------------------
    [junit] MAJOR: 33/192 - org.apache.commons.lang3.StringUtils_ESTest349 (9ms / 26):
    [junit] MAJOR: 747162 (1 / 26 / 26) -> AVG-RTPM: 551ms
    [junit] MAJOR: Mutants killed / live: 463 (7-890-1) / 1574
    [junit] MAJOR: ------------------------------------------------------------
    [junit] MAJOR: 34/192 - org.apache.commons.lang3.StringUtils_ESTest351 (9ms / 32):
    [junit] MAJOR: 764379 (26 / 32 / 32) -> AVG-RTPM: 538ms
    [junit] MAJOR: Mutants killed / live: 489 (7-922-1) / 1548
    [junit] MAJOR: ------------------------------------------------------------
    [junit] MAJOR: 35/192 - org.apache.commons.lang3.StringUtils_ESTest353 (9ms / 39):
    [junit] MAJOR: 785123 (8 / 39 / 39) -> AVG-RTPM: 531ms
    [junit] MAJOR: Mutants killed / live: 497 (7-961-1) / 1540
    [junit] MAJOR: ------------------------------------------------------------
    [junit] MAJOR: 36/192 - org.apache.commons.lang3.StringUtils_ESTest354 (9ms / 25):
    [junit] MAJOR: 798720 (19 / 25 / 25) -> AVG-RTPM: 543ms
    [junit] MAJOR: Mutants killed / live: 516 (7-986-1) / 1521
    [junit] MAJOR: ------------------------------------------------------------
    [junit] MAJOR: 37/192 - org.apache.commons.lang3.StringUtils_ESTest355 (9ms / 10):
    [junit] MAJOR: 803884 (1 / 10 / 10) -> AVG-RTPM: 516ms
    [junit] MAJOR: Mutants killed / live: 517 (7-996-1) / 1520
    [junit] MAJOR: ------------------------------------------------------------
    [junit] MAJOR: 38/192 - org.apache.commons.lang3.StringUtils_ESTest366 (9ms / 10):
    [junit] MAJOR: 809312 (4 / 10 / 10) -> AVG-RTPM: 542ms
    [junit] MAJOR: Mutants killed / live: 521 (7-1006-1) / 1516
    [junit] MAJOR: ------------------------------------------------------------
    [junit] MAJOR: 39/192 - org.apache.commons.lang3.StringUtils_ESTest104 (10ms / 38):
    [junit] MAJOR: 829080 (32 / 38 / 38) -> AVG-RTPM: 520ms
    [junit] MAJOR: Mutants killed / live: 553 (7-1044-1) / 1484
    [junit] MAJOR: ------------------------------------------------------------
    [junit] MAJOR: 40/192 - org.apache.commons.lang3.StringUtils_ESTest106 (10ms / 28):
    [junit] MAJOR: 843278 (1 / 28 / 28) -> AVG-RTPM: 507ms
    [junit] MAJOR: Mutants killed / live: 554 (7-1072-1) / 1483
    [junit] MAJOR: ------------------------------------------------------------
    [junit] MAJOR: 41/192 - org.apache.commons.lang3.StringUtils_ESTest107 (10ms / 39):
    [junit] MAJOR: 862792 (1 / 39 / 39) -> AVG-RTPM: 500ms
    [junit] MAJOR: Mutants killed / live: 555 (7-1111-1) / 1482
    [junit] MAJOR: ------------------------------------------------------------
    [junit] MAJOR: 42/192 - org.apache.commons.lang3.StringUtils_ESTest110 (10ms / 32):
    [junit] MAJOR: 878131 (7 / 32 / 32) -> AVG-RTPM: 479ms
    [junit] MAJOR: Mutants killed / live: 562 (7-1143-1) / 1475
    [junit] MAJOR: ------------------------------------------------------------
    [junit] MAJOR: 43/192 - org.apache.commons.lang3.StringUtils_ESTest121 (10ms / 32):
    [junit] MAJOR: 891328 (7 / 32 / 32) -> AVG-RTPM: 412ms
    [junit] MAJOR: Mutants killed / live: 569 (7-1175-1) / 1468
    [junit] MAJOR: ------------------------------------------------------------
    [junit] MAJOR: 44/192 - org.apache.commons.lang3.StringUtils_ESTest214 (10ms / 9):
    [junit] MAJOR: 894694 (3 / 9 / 9) -> AVG-RTPM: 374ms
    [junit] MAJOR: Mutants killed / live: 572 (7-1184-1) / 1465
    [junit] MAJOR: ------------------------------------------------------------
    [junit] MAJOR: 45/192 - org.apache.commons.lang3.StringUtils_ESTest216 (10ms / 9):
    [junit] MAJOR: 900586 (3 / 9 / 9) -> AVG-RTPM: 654ms
    [junit] MAJOR: Mutants killed / live: 575 (7-1193-1) / 1462
    [junit] MAJOR: ------------------------------------------------------------
    [junit] MAJOR: 46/192 - org.apache.commons.lang3.StringUtils_ESTest221 (10ms / 9):
    [junit] MAJOR: 903927 (0 / 9 / 9) -> AVG-RTPM: 371ms
    [junit] MAJOR: Mutants killed / live: 575 (7-1202-1) / 1462
    [junit] MAJOR: ------------------------------------------------------------
    [junit] MAJOR: 47/192 - org.apache.commons.lang3.StringUtils_ESTest222 (10ms / 13):
    [junit] MAJOR: 910198 (0 / 13 / 13) -> AVG-RTPM: 482ms
    [junit] MAJOR: Mutants killed / live: 575 (7-1215-1) / 1462
    [junit] MAJOR: ------------------------------------------------------------
    [junit] MAJOR: 48/192 - org.apache.commons.lang3.StringUtils_ESTest231 (10ms / 9):
    [junit] MAJOR: 914414 (3 / 9 / 9) -> AVG-RTPM: 468ms
    [junit] MAJOR: Mutants killed / live: 578 (7-1224-1) / 1459
    [junit] MAJOR: ------------------------------------------------------------
    [junit] MAJOR: 49/192 - org.apache.commons.lang3.StringUtils_ESTest339 (10ms / 34):
    [junit] MAJOR: 930447 (9 / 34 / 34) -> AVG-RTPM: 471ms
    [junit] MAJOR: Mutants killed / live: 587 (7-1258-1) / 1450
    [junit] MAJOR: ------------------------------------------------------------
    [junit] MAJOR: 50/192 - org.apache.commons.lang3.StringUtils_ESTest347 (10ms / 17):
    [junit] MAJOR: 936736 (0 / 17 / 17) -> AVG-RTPM: 369ms
    [junit] MAJOR: Mutants killed / live: 587 (7-1275-1) / 1450
    [junit] MAJOR: ------------------------------------------------------------
    [junit] MAJOR: 51/192 - org.apache.commons.lang3.StringUtils_ESTest352 (10ms / 10):
    [junit] MAJOR: 940958 (1 / 10 / 10) -> AVG-RTPM: 422ms
    [junit] MAJOR: Mutants killed / live: 588 (7-1285-1) / 1449
    [junit] MAJOR: ------------------------------------------------------------
    [junit] MAJOR: 52/192 - org.apache.commons.lang3.StringUtils_ESTest362 (10ms / 10):
    [junit] MAJOR: 945614 (4 / 10 / 10) -> AVG-RTPM: 465ms
    [junit] MAJOR: Mutants killed / live: 592 (7-1295-1) / 1445
    [junit] MAJOR: ------------------------------------------------------------
    [junit] MAJOR: 53/192 - org.apache.commons.lang3.StringUtils_ESTest363 (10ms / 39):
    [junit] MAJOR: 960834 (30 / 39 / 39) -> AVG-RTPM: 390ms
    [junit] MAJOR: Mutants killed / live: 622 (7-1334-1) / 1415
    [junit] MAJOR: ------------------------------------------------------------
    [junit] MAJOR: 54/192 - org.apache.commons.lang3.StringUtils_ESTest364 (10ms / 39):
    [junit] MAJOR: 977023 (0 / 39 / 39) -> AVG-RTPM: 415ms
    [junit] MAJOR: Mutants killed / live: 622 (7-1373-1) / 1415
    [junit] MAJOR: ------------------------------------------------------------
    [junit] MAJOR: 55/192 - org.apache.commons.lang3.StringUtils_ESTest365 (10ms / 25):
    [junit] MAJOR: 985675 (16 / 25 / 25) -> AVG-RTPM: 346ms
    [junit] MAJOR: Mutants killed / live: 638 (7-1398-1) / 1399
    [junit] MAJOR: ------------------------------------------------------------
    [junit] MAJOR: 56/192 - org.apache.commons.lang3.StringUtils_ESTest367 (10ms / 19):
    [junit] MAJOR: 992852 (1 / 19 / 19) -> AVG-RTPM: 377ms
    [junit] MAJOR: Mutants killed / live: 639 (7-1417-1) / 1398
    [junit] MAJOR: ------------------------------------------------------------
    [junit] MAJOR: 57/192 - org.apache.commons.lang3.StringUtils_ESTest368 (10ms / 17):
    [junit] MAJOR: 998826 (11 / 17 / 17) -> AVG-RTPM: 351ms
    [junit] MAJOR: Mutants killed / live: 650 (7-1434-1) / 1387
    [junit] MAJOR: ------------------------------------------------------------
    [junit] MAJOR: 58/192 - org.apache.commons.lang3.StringUtils_ESTest369 (10ms / 51):
    [junit] MAJOR: 1017455 (16 / 51 / 51) -> AVG-RTPM: 365ms
    [junit] MAJOR: Mutants killed / live: 666 (7-1485-1) / 1371
    [junit] MAJOR: ------------------------------------------------------------
    [junit] MAJOR: 59/192 - org.apache.commons.lang3.StringUtils_ESTest381 (10ms / 23):
    [junit] MAJOR: 1025410 (2 / 23 / 23) -> AVG-RTPM: 345ms
    [junit] MAJOR: Mutants killed / live: 668 (7-1508-1) / 1369
    [junit] MAJOR: ------------------------------------------------------------
    [junit] MAJOR: 60/192 - org.apache.commons.lang3.StringUtils_ESTest382 (10ms / 27):
    [junit] MAJOR: 1034724 (2 / 27 / 27) -> AVG-RTPM: 344ms
    [junit] MAJOR: Mutants killed / live: 670 (7-1535-1) / 1367
    [junit] MAJOR: ------------------------------------------------------------
    [junit] MAJOR: 61/192 - org.apache.commons.lang3.StringUtils_ESTest403 (10ms / 21):
    [junit] MAJOR: 1042055 (15 / 21 / 21) -> AVG-RTPM: 349ms
    [junit] MAJOR: Mutants killed / live: 685 (7-1556-1) / 1352
    [junit] MAJOR: ------------------------------------------------------------
    [junit] MAJOR: 62/192 - org.apache.commons.lang3.StringUtils_ESTest404 (10ms / 24):
    [junit] MAJOR: 1050162 (3 / 24 / 24) -> AVG-RTPM: 337ms
    [junit] MAJOR: Mutants killed / live: 688 (7-1580-1) / 1349
    [junit] MAJOR: ------------------------------------------------------------
    [junit] MAJOR: 63/192 - org.apache.commons.lang3.StringUtils_ESTest405 (10ms / 9):
    [junit] MAJOR: 1053611 (0 / 9 / 9) -> AVG-RTPM: 383ms
    [junit] MAJOR: Mutants killed / live: 688 (7-1589-1) / 1349
    [junit] MAJOR: ------------------------------------------------------------
    [junit] MAJOR: 64/192 - org.apache.commons.lang3.StringUtils_ESTest109 (11ms / 69):
    [junit] MAJOR: 1078763 (37 / 69 / 69) -> AVG-RTPM: 364ms
    [junit] MAJOR: Mutants killed / live: 725 (7-1658-1) / 1312
    [junit] MAJOR: ------------------------------------------------------------
    [junit] MAJOR: 65/192 - org.apache.commons.lang3.StringUtils_ESTest343 (11ms / 41):
    [junit] MAJOR: 1093319 (35 / 41 / 41) -> AVG-RTPM: 355ms
    [junit] MAJOR: Mutants killed / live: 760 (7-1699-1) / 1277
    [junit] MAJOR: ------------------------------------------------------------
    [junit] MAJOR: 66/192 - org.apache.commons.lang3.StringUtils_ESTest356 (11ms / 19):
    [junit] MAJOR: 1100070 (1 / 19 / 19) -> AVG-RTPM: 355ms
    [junit] MAJOR: Mutants killed / live: 761 (7-1718-1) / 1276
    [junit] MAJOR: ------------------------------------------------------------
    [junit] MAJOR: 67/192 - org.apache.commons.lang3.StringUtils_ESTest357 (11ms / 17):
    [junit] MAJOR: 1106194 (11 / 17 / 17) -> AVG-RTPM: 360ms
    [junit] MAJOR: Mutants killed / live: 772 (7-1735-1) / 1265
    [junit] MAJOR: ------------------------------------------------------------
    [junit] MAJOR: 68/192 - org.apache.commons.lang3.StringUtils_ESTest380 (11ms / 38):
    [junit] MAJOR: 1119613 (0 / 38 / 38) -> AVG-RTPM: 353ms
    [junit] MAJOR: Mutants killed / live: 772 (7-1773-1) / 1265
    [junit] MAJOR: ------------------------------------------------------------
    [junit] MAJOR: 69/192 - org.apache.commons.lang3.StringUtils_ESTest406 (11ms / 66):
    [junit] MAJOR: 1143587 (44 / 66 / 66) -> AVG-RTPM: 363ms
    [junit] MAJOR: Mutants killed / live: 816 (7-1839-1) / 1221
    [junit] MAJOR: ------------------------------------------------------------
    [junit] MAJOR: 70/192 - org.apache.commons.lang3.StringUtils_ESTest412 (11ms / 138):
    [junit] MAJOR: 1193989 (132 / 138 / 138) -> AVG-RTPM: 365ms
    [junit] MAJOR: Mutants killed / live: 948 (7-1977-1) / 1089
    [junit] MAJOR: ------------------------------------------------------------
    [junit] MAJOR: 71/192 - org.apache.commons.lang3.StringUtils_ESTest413 (11ms / 132):
    [junit] MAJOR: 1242761 (1 / 132 / 132) -> AVG-RTPM: 369ms
    [junit] MAJOR: Mutants killed / live: 949 (7-2109-1) / 1088
    [junit] MAJOR: ------------------------------------------------------------
    [junit] MAJOR: 72/192 - org.apache.commons.lang3.StringUtils_ESTest417 (11ms / 58):
    [junit] MAJOR: 1263830 (33 / 58 / 58) -> AVG-RTPM: 363ms
    [junit] MAJOR: Mutants killed / live: 982 (7-2167-1) / 1055
    [junit] MAJOR: ------------------------------------------------------------
    [junit] MAJOR: 73/192 - org.apache.commons.lang3.StringUtils_ESTest114 (12ms / 23):
    [junit] MAJOR: 1271830 (7 / 23 / 23) -> AVG-RTPM: 347ms
    [junit] MAJOR: Mutants killed / live: 989 (7-2190-1) / 1048
    [junit] MAJOR: ------------------------------------------------------------
    [junit] MAJOR: 74/192 - org.apache.commons.lang3.StringUtils_ESTest345 (12ms / 10):
    [junit] MAJOR: 1275793 (1 / 10 / 10) -> AVG-RTPM: 396ms
    [junit] MAJOR: Mutants killed / live: 990 (7-2200-1) / 1047
    [junit] MAJOR: ------------------------------------------------------------
    [junit] MAJOR: 75/192 - org.apache.commons.lang3.StringUtils_ESTest359 (12ms / 41):
    [junit] MAJOR: 1291010 (25 / 41 / 41) -> AVG-RTPM: 371ms
    [junit] MAJOR: Mutants killed / live: 1015 (7-2241-1) / 1022
    [junit] MAJOR: ------------------------------------------------------------
    [junit] MAJOR: 76/192 - org.apache.commons.lang3.StringUtils_ESTest383 (12ms / 27):
    [junit] MAJOR: 1301207 (0 / 27 / 27) -> AVG-RTPM: 377ms
    [junit] MAJOR: Mutants killed / live: 1015 (7-2268-1) / 1022
    [junit] MAJOR: ------------------------------------------------------------
    [junit] MAJOR: 77/192 - org.apache.commons.lang3.StringUtils_ESTest414 (12ms / 177):
    [junit] MAJOR: 1366004 (13 / 177 / 177) -> AVG-RTPM: 366ms
    [junit] MAJOR: Mutants killed / live: 1028 (7-2445-1) / 1009
    [junit] MAJOR: ------------------------------------------------------------
    [junit] MAJOR: 78/192 - org.apache.commons.lang3.StringUtils_ESTest418 (12ms / 119):
    [junit] MAJOR: 1409497 (7 / 119 / 119) -> AVG-RTPM: 365ms
    [junit] MAJOR: Mutants killed / live: 1035 (7-2564-1) / 1002
    [junit] MAJOR: ------------------------------------------------------------
    [junit] MAJOR: 79/192 - org.apache.commons.lang3.StringUtils_ESTest419 (12ms / 16):
    [junit] MAJOR: 1415365 (10 / 16 / 16) -> AVG-RTPM: 366ms
    [junit] MAJOR: Mutants killed / live: 1045 (7-2580-1) / 992
    [junit] MAJOR: ------------------------------------------------------------
    [junit] MAJOR: 80/192 - org.apache.commons.lang3.StringUtils_ESTest426 (12ms / 55):
    [junit] MAJOR: 1435842 (49 / 55 / 55) -> AVG-RTPM: 372ms
    [junit] MAJOR: Mutants killed / live: 1094 (7-2635-1) / 943
    [junit] MAJOR: ------------------------------------------------------------
    [junit] MAJOR: 81/192 - org.apache.commons.lang3.StringUtils_ESTest361 (13ms / 19):
    [junit] MAJOR: 1442754 (1 / 19 / 19) -> AVG-RTPM: 363ms
    [junit] MAJOR: Mutants killed / live: 1095 (7-2654-1) / 942
    [junit] MAJOR: ------------------------------------------------------------
    [junit] MAJOR: 82/192 - org.apache.commons.lang3.StringUtils_ESTest370 (13ms / 36):
    [junit] MAJOR: 1456089 (0 / 36 / 36) -> AVG-RTPM: 370ms
    [junit] MAJOR: Mutants killed / live: 1095 (7-2690-1) / 942
    [junit] MAJOR: ------------------------------------------------------------
    [junit] MAJOR: 83/192 - org.apache.commons.lang3.StringUtils_ESTest371 (13ms / 51):
    [junit] MAJOR: 1474635 (1 / 51 / 51) -> AVG-RTPM: 363ms
    [junit] MAJOR: Mutants killed / live: 1096 (7-2741-1) / 941
    [junit] MAJOR: ------------------------------------------------------------
    [junit] MAJOR: 84/192 - org.apache.commons.lang3.StringUtils_ESTest372 (13ms / 17):
    [junit] MAJOR: 1481227 (11 / 17 / 17) -> AVG-RTPM: 387ms
    [junit] MAJOR: Mutants killed / live: 1107 (7-2758-1) / 930
    [junit] MAJOR: ------------------------------------------------------------
    [junit] MAJOR: 85/192 - org.apache.commons.lang3.StringUtils_ESTest415 (13ms / 16):
    [junit] MAJOR: 1487143 (0 / 16 / 16) -> AVG-RTPM: 369ms
    [junit] MAJOR: Mutants killed / live: 1107 (7-2774-1) / 930
    [junit] MAJOR: ------------------------------------------------------------
    [junit] MAJOR: 86/192 - org.apache.commons.lang3.StringUtils_ESTest428 (13ms / 28):
    [junit] MAJOR: 1497533 (0 / 28 / 28) -> AVG-RTPM: 371ms
    [junit] MAJOR: Mutants killed / live: 1107 (7-2802-1) / 930
    [junit] MAJOR: ------------------------------------------------------------
    [junit] MAJOR: 87/192 - org.apache.commons.lang3.StringUtils_ESTest429 (13ms / 44):
    [junit] MAJOR: 1514436 (7 / 44 / 44) -> AVG-RTPM: 384ms
    [junit] MAJOR: Mutants killed / live: 1114 (7-2846-1) / 923
    [junit] MAJOR: ------------------------------------------------------------
    [junit] MAJOR: 88/192 - org.apache.commons.lang3.StringUtils_ESTest430 (13ms / 46):
    [junit] MAJOR: 1531118 (2 / 46 / 46) -> AVG-RTPM: 362ms
    [junit] MAJOR: Mutants killed / live: 1116 (7-2892-1) / 921
    [junit] MAJOR: ------------------------------------------------------------
    [junit] MAJOR: 89/192 - org.apache.commons.lang3.StringUtils_ESTest442 (13ms / 33):
    [junit] MAJOR: 1543526 (8 / 33 / 33) -> AVG-RTPM: 375ms
    [junit] MAJOR: Mutants killed / live: 1124 (7-2925-1) / 913
    [junit] MAJOR: ------------------------------------------------------------
    [junit] MAJOR: 90/192 - org.apache.commons.lang3.StringUtils_ESTest127 (14ms / 32):
    [junit] MAJOR: 1555352 (0 / 32 / 32) -> AVG-RTPM: 369ms
    [junit] MAJOR: Mutants killed / live: 1124 (7-2957-1) / 913
    [junit] MAJOR: ------------------------------------------------------------
    [junit] MAJOR: 91/192 - org.apache.commons.lang3.StringUtils_ESTest20 (14ms / 36):
    [junit] MAJOR: 1568824 (10 / 36 / 36) -> AVG-RTPM: 374ms
    [junit] MAJOR: Mutants killed / live: 1134 (7-2993-1) / 903
    [junit] MAJOR: ------------------------------------------------------------
    [junit] MAJOR: 92/192 - org.apache.commons.lang3.StringUtils_ESTest409 (14ms / 53):
    [junit] MAJOR: 1588073 (0 / 53 / 53) -> AVG-RTPM: 363ms
    [junit] MAJOR: Mutants killed / live: 1134 (7-3046-1) / 903
    [junit] MAJOR: ------------------------------------------------------------
    [junit] MAJOR: 93/192 - org.apache.commons.lang3.StringUtils_ESTest410 (14ms / 84):
    [junit] MAJOR: 1618842 (0 / 84 / 84) -> AVG-RTPM: 366ms
    [junit] MAJOR: Mutants killed / live: 1134 (7-3130-1) / 903
    [junit] MAJOR: ------------------------------------------------------------
    [junit] MAJOR: 94/192 - org.apache.commons.lang3.StringUtils_ESTest431 (14ms / 186):
    [junit] MAJOR: 1686748 (140 / 186 / 186) -> AVG-RTPM: 365ms
    [junit] MAJOR: Mutants killed / live: 1274 (7-3316-1) / 763
    [junit] MAJOR: ------------------------------------------------------------
    [junit] MAJOR: 95/192 - org.apache.commons.lang3.StringUtils_ESTest438 (14ms / 69):
    [junit] MAJOR: 1712525 (44 / 69 / 69) -> AVG-RTPM: 373ms
    [junit] MAJOR: Mutants killed / live: 1318 (7-3385-1) / 719
    [junit] MAJOR: ------------------------------------------------------------
    [junit] MAJOR: 96/192 - org.apache.commons.lang3.StringUtils_ESTest443 (14ms / 71):
    [junit] MAJOR: 1738855 (39 / 71 / 71) -> AVG-RTPM: 370ms
    [junit] MAJOR: Mutants killed / live: 1357 (7-3456-1) / 680
    [junit] MAJOR: ------------------------------------------------------------
    [junit] MAJOR: 97/192 - org.apache.commons.lang3.StringUtils_ESTest47 (14ms / 12):
    [junit] MAJOR: 1743476 (6 / 12 / 12) -> AVG-RTPM: 385ms
    [junit] MAJOR: Mutants killed / live: 1363 (7-3468-1) / 674
    [junit] MAJOR: ------------------------------------------------------------
    [junit] MAJOR: 98/192 - org.apache.commons.lang3.StringUtils_ESTest113 (15ms / 97):
    [junit] MAJOR: 1779751 (28 / 97 / 97) -> AVG-RTPM: 373ms
    [junit] MAJOR: Mutants killed / live: 1391 (7-3565-1) / 646
    [junit] MAJOR: ------------------------------------------------------------
    [junit] MAJOR: 99/192 - org.apache.commons.lang3.StringUtils_ESTest375 (15ms / 51):
    [junit] MAJOR: 1798662 (16 / 51 / 51) -> AVG-RTPM: 370ms
    [junit] MAJOR: Mutants killed / live: 1407 (7-3616-1) / 630
    [junit] MAJOR: ------------------------------------------------------------
    [junit] MAJOR: 100/192 - org.apache.commons.lang3.StringUtils_ESTest425 (15ms / 16):
    [junit] MAJOR: 1804617 (0 / 16 / 16) -> AVG-RTPM: 372ms
    [junit] MAJOR: Mutants killed / live: 1407 (7-3632-1) / 630
    [junit] MAJOR: ------------------------------------------------------------
    [junit] MAJOR: 101/192 - org.apache.commons.lang3.StringUtils_ESTest56 (15ms / 22):
    [junit] MAJOR: 1812673 (16 / 22 / 22) -> AVG-RTPM: 366ms
    [junit] MAJOR: Mutants killed / live: 1423 (7-3654-1) / 614
    [junit] MAJOR: ------------------------------------------------------------
    [junit] MAJOR: 102/192 - org.apache.commons.lang3.StringUtils_ESTest58 (15ms / 27):
    [junit] MAJOR: 1822335 (2 / 27 / 27) -> AVG-RTPM: 357ms
    [junit] MAJOR: Mutants killed / live: 1425 (7-3681-1) / 612
    [junit] MAJOR: ------------------------------------------------------------
    [junit] MAJOR: 103/192 - org.apache.commons.lang3.StringUtils_ESTest60 (15ms / 18):
    [junit] MAJOR: 1828640 (2 / 18 / 18) -> AVG-RTPM: 350ms
    [junit] MAJOR: Mutants killed / live: 1427 (7-3699-1) / 610
    [junit] MAJOR: ------------------------------------------------------------
    [junit] MAJOR: 104/192 - org.apache.commons.lang3.StringUtils_ESTest344 (16ms / 19):
    [junit] MAJOR: 1835747 (1 / 19 / 19) -> AVG-RTPM: 374ms
    [junit] MAJOR: Mutants killed / live: 1428 (7-3718-1) / 609
    [junit] MAJOR: ------------------------------------------------------------
    [junit] MAJOR: 105/192 - org.apache.commons.lang3.StringUtils_ESTest420 (16ms / 142):
    [junit] MAJOR: 1890301 (126 / 142 / 142) -> AVG-RTPM: 384ms
    [junit] MAJOR: Mutants killed / live: 1554 (7-3860-1) / 483
    [junit] MAJOR: ------------------------------------------------------------
    [junit] MAJOR: 106/192 - org.apache.commons.lang3.StringUtils_ESTest432 (16ms / 53):
    [junit] MAJOR: 1909166 (0 / 53 / 53) -> AVG-RTPM: 355ms
    [junit] MAJOR: Mutants killed / live: 1554 (7-3913-1) / 483
    [junit] MAJOR: ------------------------------------------------------------
    [junit] MAJOR: 107/192 - org.apache.commons.lang3.StringUtils_ESTest433 (16ms / 182):
    [junit] MAJOR: 1972490 (0 / 182 / 182) -> AVG-RTPM: 347ms
    [junit] MAJOR: Mutants killed / live: 1554 (7-4095-1) / 483
    [junit] MAJOR: ------------------------------------------------------------
    [junit] MAJOR: 108/192 - org.apache.commons.lang3.StringUtils_ESTest437 (16ms / 33):
    [junit] MAJOR: 1983838 (1 / 33 / 33) -> AVG-RTPM: 343ms
    [junit] MAJOR: Mutants killed / live: 1555 (7-4128-1) / 482
    [junit] MAJOR: ------------------------------------------------------------
    [junit] MAJOR: 109/192 - org.apache.commons.lang3.StringUtils_ESTest439 (16ms / 68):
    [junit] MAJOR: 2008616 (11 / 68 / 68) -> AVG-RTPM: 364ms
    [junit] MAJOR: Mutants killed / live: 1566 (7-4196-1) / 471
    [junit] MAJOR: ------------------------------------------------------------
    [junit] MAJOR: 110/192 - org.apache.commons.lang3.StringUtils_ESTest57 (16ms / 29):
    [junit] MAJOR: 2018932 (2 / 29 / 29) -> AVG-RTPM: 355ms
    [junit] MAJOR: Mutants killed / live: 1568 (7-4225-1) / 469
    [junit] MAJOR: ------------------------------------------------------------
    [junit] MAJOR: 111/192 - org.apache.commons.lang3.StringUtils_ESTest66 (16ms / 19):
    [junit] MAJOR: 2026105 (13 / 19 / 19) -> AVG-RTPM: 377ms
    [junit] MAJOR: Mutants killed / live: 1581 (7-4244-1) / 456
    [junit] MAJOR: ------------------------------------------------------------
    [junit] MAJOR: 112/192 - org.apache.commons.lang3.StringUtils_ESTest68 (16ms / 75):
    [junit] MAJOR: 2055582 (39 / 75 / 75) -> AVG-RTPM: 393ms
    [junit] MAJOR: Mutants killed / live: 1620 (7-4319-1) / 417
    [junit] MAJOR: ------------------------------------------------------------
    [junit] MAJOR: 113/192 - org.apache.commons.lang3.StringUtils_ESTest69 (16ms / 49):
    [junit] MAJOR: 2074354 (4 / 49 / 49) -> AVG-RTPM: 383ms
    [junit] MAJOR: Mutants killed / live: 1624 (7-4368-1) / 413
    [junit] MAJOR: ------------------------------------------------------------
    [junit] MAJOR: 114/192 - org.apache.commons.lang3.StringUtils_ESTest108 (17ms / 23):
    [junit] MAJOR: 2083324 (0 / 23 / 23) -> AVG-RTPM: 389ms
    [junit] MAJOR: Mutants killed / live: 1624 (7-4391-1) / 413
    [junit] MAJOR: ------------------------------------------------------------
    [junit] MAJOR: 115/192 - org.apache.commons.lang3.StringUtils_ESTest116 (17ms / 36):
    [junit] MAJOR: 2097857 (2 / 36 / 36) -> AVG-RTPM: 403ms
    [junit] MAJOR: Mutants killed / live: 1626 (7-4427-1) / 411
    [junit] MAJOR: ------------------------------------------------------------
    [junit] MAJOR: 116/192 - org.apache.commons.lang3.StringUtils_ESTest215 (17ms / 51):
    [junit] MAJOR: 2118381 (39 / 51 / 51) -> AVG-RTPM: 402ms
    [junit] MAJOR: Mutants killed / live: 1665 (7-4478-1) / 372
    [junit] MAJOR: ------------------------------------------------------------
    [junit] MAJOR: 117/192 - org.apache.commons.lang3.StringUtils_ESTest434 (17ms / 177):
    [junit] MAJOR: 2191005 (9 / 177 / 177) -> AVG-RTPM: 410ms
    [junit] MAJOR: Mutants killed / live: 1674 (7-4655-1) / 363
    [junit] MAJOR: ------------------------------------------------------------
    [junit] MAJOR: 118/192 - org.apache.commons.lang3.StringUtils_ESTest53 (17ms / 12):
    [junit] MAJOR: 2196466 (6 / 12 / 12) -> AVG-RTPM: 455ms
    [junit] MAJOR: Mutants killed / live: 1680 (7-4667-1) / 357
    [junit] MAJOR: ------------------------------------------------------------
    [junit] MAJOR: 119/192 - org.apache.commons.lang3.StringUtils_ESTest59 (17ms / 27):
    [junit] MAJOR: 2207199 (0 / 27 / 27) -> AVG-RTPM: 397ms
    [junit] MAJOR: Mutants killed / live: 1680 (7-4694-1) / 357
    [junit] MAJOR: ------------------------------------------------------------
    [junit] MAJOR: 120/192 - org.apache.commons.lang3.StringUtils_ESTest61 (17ms / 16):
    [junit] MAJOR: 2213128 (10 / 16 / 16) -> AVG-RTPM: 370ms
    [junit] MAJOR: Mutants killed / live: 1690 (7-4710-1) / 347
    [junit] MAJOR: ------------------------------------------------------------
    [junit] MAJOR: 121/192 - org.apache.commons.lang3.StringUtils_ESTest74 (17ms / 56):
    [junit] MAJOR: 2235929 (38 / 56 / 56) -> AVG-RTPM: 407ms
    [junit] MAJOR: Mutants killed / live: 1728 (7-4766-1) / 309
    [junit] MAJOR: ------------------------------------------------------------
    [junit] MAJOR: 122/192 - org.apache.commons.lang3.StringUtils_ESTest75 (17ms / 68):
    [junit] MAJOR: 2262411 (12 / 68 / 68) -> AVG-RTPM: 389ms
    [junit] MAJOR: Mutants killed / live: 1740 (7-4834-1) / 297
    [junit] MAJOR: ------------------------------------------------------------
    [junit] MAJOR: 123/192 - org.apache.commons.lang3.StringUtils_ESTest54 (18ms / 19):
    [junit] MAJOR: 2271031 (0 / 19 / 19) -> AVG-RTPM: 453ms
    [junit] MAJOR: Mutants killed / live: 1740 (7-4853-1) / 297
    [junit] MAJOR: ------------------------------------------------------------
    [junit] MAJOR: 124/192 - org.apache.commons.lang3.StringUtils_ESTest62 (18ms / 21):
    [junit] MAJOR: 2279915 (5 / 21 / 21) -> AVG-RTPM: 423ms
    [junit] MAJOR: Mutants killed / live: 1745 (7-4874-1) / 292
    [junit] MAJOR: ------------------------------------------------------------
    [junit] MAJOR: 125/192 - org.apache.commons.lang3.StringUtils_ESTest67 (18ms / 24):
    [junit] MAJOR: 2289278 (0 / 24 / 24) -> AVG-RTPM: 390ms
    [junit] MAJOR: Mutants killed / live: 1745 (7-4898-1) / 292
    [junit] MAJOR: ------------------------------------------------------------
    [junit] MAJOR: 126/192 - org.apache.commons.lang3.StringUtils_ESTest76 (18ms / 27):
    [junit] MAJOR: 2300355 (2 / 27 / 27) -> AVG-RTPM: 410ms
    [junit] MAJOR: Mutants killed / live: 1747 (7-4925-1) / 290
    [junit] MAJOR: ------------------------------------------------------------
    [junit] MAJOR: 127/192 - org.apache.commons.lang3.StringUtils_ESTest77 (18ms / 18):
    [junit] MAJOR: 2307269 (0 / 18 / 18) -> AVG-RTPM: 384ms
    [junit] MAJOR: Mutants killed / live: 1747 (7-4943-1) / 290
    [junit] MAJOR: ------------------------------------------------------------
    [junit] MAJOR: 128/192 - org.apache.commons.lang3.StringUtils_ESTest80 (18ms / 16):
    [junit] MAJOR: 2313509 (10 / 16 / 16) -> AVG-RTPM: 390ms
    [junit] MAJOR: Mutants killed / live: 1757 (7-4959-1) / 280
    [junit] MAJOR: ------------------------------------------------------------
    [junit] MAJOR: 129/192 - org.apache.commons.lang3.StringUtils_ESTest82 (18ms / 19):
    [junit] MAJOR: 2321185 (3 / 19 / 19) -> AVG-RTPM: 404ms
    [junit] MAJOR: Mutants killed / live: 1760 (7-4978-1) / 277
    [junit] MAJOR: ------------------------------------------------------------
    [junit] MAJOR: 130/192 - org.apache.commons.lang3.StringUtils_ESTest10 (19ms / 30):
    [junit] MAJOR: 2333187 (4 / 30 / 30) -> AVG-RTPM: 400ms
    [junit] MAJOR: Mutants killed / live: 1764 (7-5008-1) / 273
    [junit] MAJOR: ------------------------------------------------------------
    [junit] MAJOR: 131/192 - org.apache.commons.lang3.StringUtils_ESTest51 (19ms / 9):
    [junit] MAJOR: 2337112 (0 / 9 / 9) -> AVG-RTPM: 436ms
    [junit] MAJOR: Mutants killed / live: 1764 (7-5017-1) / 273
    [junit] MAJOR: ------------------------------------------------------------
    [junit] MAJOR: 132/192 - org.apache.commons.lang3.StringUtils_ESTest55 (19ms / 24):
    [junit] MAJOR: 2347619 (5 / 24 / 24) -> AVG-RTPM: 437ms
    [junit] MAJOR: Mutants killed / live: 1769 (7-5041-1) / 268
    [junit] MAJOR: ------------------------------------------------------------
    [junit] MAJOR: 133/192 - org.apache.commons.lang3.StringUtils_ESTest88 (19ms / 19):
    [junit] MAJOR: 2355654 (13 / 19 / 19) -> AVG-RTPM: 422ms
    [junit] MAJOR: Mutants killed / live: 1782 (7-5060-1) / 255
    [junit] MAJOR: ------------------------------------------------------------
    [junit] MAJOR: 134/192 - org.apache.commons.lang3.StringUtils_ESTest124 (20ms / 97):
    [junit] MAJOR: 2395500 (65 / 97 / 97) -> AVG-RTPM: 410ms
    [junit] MAJOR: Mutants killed / live: 1847 (7-5157-1) / 190
    [junit] MAJOR: ------------------------------------------------------------
    [junit] MAJOR: 135/192 - org.apache.commons.lang3.StringUtils_ESTest128 (20ms / 74):
    [junit] MAJOR: 2424823 (0 / 74 / 74) -> AVG-RTPM: 396ms
    [junit] MAJOR: Mutants killed / live: 1847 (7-5231-1) / 190
    [junit] MAJOR: ------------------------------------------------------------
    [junit] MAJOR: 136/192 - org.apache.commons.lang3.StringUtils_ESTest338 (20ms / 45):
    [junit] MAJOR: 2442995 (13 / 45 / 45) -> AVG-RTPM: 403ms
    [junit] MAJOR: Mutants killed / live: 1860 (7-5276-1) / 177
    [junit] MAJOR: ------------------------------------------------------------
    [junit] MAJOR: 137/192 - org.apache.commons.lang3.StringUtils_ESTest421 (20ms / 19):
    [junit] MAJOR: 2451551 (0 / 19 / 19) -> AVG-RTPM: 450ms
    [junit] MAJOR: Mutants killed / live: 1860 (7-5295-1) / 177
    [junit] MAJOR: ------------------------------------------------------------
    [junit] MAJOR: 138/192 - org.apache.commons.lang3.StringUtils_ESTest427 (20ms / 19):
    [junit] MAJOR: 2459113 (0 / 19 / 19) -> AVG-RTPM: 398ms
    [junit] MAJOR: Mutants killed / live: 1860 (7-5314-1) / 177
    [junit] MAJOR: ------------------------------------------------------------
    [junit] MAJOR: 139/192 - org.apache.commons.lang3.StringUtils_ESTest81 (20ms / 19):
    [junit] MAJOR: 2466713 (0 / 19 / 19) -> AVG-RTPM: 400ms
    [junit] MAJOR: Mutants killed / live: 1860 (7-5333-1) / 177
    [junit] MAJOR: ------------------------------------------------------------
    [junit] MAJOR: 140/192 - org.apache.commons.lang3.StringUtils_ESTest83 (20ms / 16):
    [junit] MAJOR: 2473490 (10 / 16 / 16) -> AVG-RTPM: 423ms
    [junit] MAJOR: Mutants killed / live: 1870 (7-5349-1) / 167
    [junit] MAJOR: ------------------------------------------------------------
    [junit] MAJOR: 141/192 - org.apache.commons.lang3.StringUtils_ESTest87 (20ms / 61):
    [junit] MAJOR: 2498152 (42 / 61 / 61) -> AVG-RTPM: 404ms
    [junit] MAJOR: Mutants killed / live: 1912 (7-5410-1) / 125
    [junit] MAJOR: ------------------------------------------------------------
    [junit] MAJOR: 142/192 - org.apache.commons.lang3.StringUtils_ESTest90 (20ms / 19):
    [junit] MAJOR: 2505966 (0 / 19 / 19) -> AVG-RTPM: 411ms
    [junit] MAJOR: Mutants killed / live: 1912 (7-5429-1) / 125
    [junit] MAJOR: ------------------------------------------------------------
    [junit] MAJOR: 143/192 - org.apache.commons.lang3.StringUtils_ESTest94 (20ms / 38):
    [junit] MAJOR: 2521269 (13 / 38 / 38) -> AVG-RTPM: 402ms
    [junit] MAJOR: Mutants killed / live: 1925 (7-5467-1) / 112
    [junit] MAJOR: ------------------------------------------------------------
    [junit] MAJOR: 144/192 - org.apache.commons.lang3.StringUtils_ESTest408 (21ms / 56):
    [junit] MAJOR: 2542701 (0 / 56 / 56) -> AVG-RTPM: 382ms
    [junit] MAJOR: Mutants killed / live: 1925 (7-5523-1) / 112
    [junit] MAJOR: ------------------------------------------------------------
    [junit] MAJOR: 145/192 - org.apache.commons.lang3.StringUtils_ESTest89 (21ms / 16):
    [junit] MAJOR: 2549496 (0 / 16 / 16) -> AVG-RTPM: 424ms
    [junit] MAJOR: Mutants killed / live: 1925 (7-5539-1) / 112
    [junit] MAJOR: ------------------------------------------------------------
    [junit] MAJOR: 146/192 - org.apache.commons.lang3.StringUtils_ESTest96 (21ms / 38):
    [junit] MAJOR: 2564696 (0 / 38 / 38) -> AVG-RTPM: 400ms
    [junit] MAJOR: Mutants killed / live: 1925 (7-5577-1) / 112
    [junit] MAJOR: ------------------------------------------------------------
    [junit] MAJOR: 147/192 - org.apache.commons.lang3.StringUtils_ESTest340 (22ms / 17):
    [junit] MAJOR: 2571594 (1 / 17 / 17) -> AVG-RTPM: 405ms
    [junit] MAJOR: Mutants killed / live: 1926 (7-5594-1) / 111
    [junit] MAJOR: ------------------------------------------------------------
    [junit] MAJOR: 148/192 - org.apache.commons.lang3.StringUtils_ESTest358 (22ms / 26):
    [junit] MAJOR: 2582178 (0 / 26 / 26) -> AVG-RTPM: 407ms
    [junit] MAJOR: Mutants killed / live: 1926 (7-5620-1) / 111
    [junit] MAJOR: ------------------------------------------------------------
    [junit] MAJOR: 149/192 - org.apache.commons.lang3.StringUtils_ESTest52 (22ms / 12):
    [junit] MAJOR: 2587221 (0 / 12 / 12) -> AVG-RTPM: 420ms
    [junit] MAJOR: Mutants killed / live: 1926 (7-5632-1) / 111
    [junit] MAJOR: ------------------------------------------------------------
    [junit] MAJOR: 150/192 - org.apache.commons.lang3.StringUtils_ESTest65 (22ms / 19):
    [junit] MAJOR: 2595054 (0 / 19 / 19) -> AVG-RTPM: 412ms
    [junit] MAJOR: Mutants killed / live: 1926 (7-5651-1) / 111
    [junit] MAJOR: ------------------------------------------------------------
    [junit] MAJOR: 151/192 - org.apache.commons.lang3.StringUtils_ESTest95 (22ms / 19):
    [junit] MAJOR: 2603011 (1 / 19 / 19) -> AVG-RTPM: 418ms
    [junit] MAJOR: Mutants killed / live: 1927 (7-5670-1) / 110
    [junit] MAJOR: ------------------------------------------------------------
    [junit] MAJOR: 152/192 - org.apache.commons.lang3.StringUtils_ESTest130 (23ms / 20):
    [junit] MAJOR: 2611618 (14 / 20 / 20) -> AVG-RTPM: 430ms
    [junit] MAJOR: Mutants killed / live: 1941 (7-5690-1) / 96
    [junit] MAJOR: ------------------------------------------------------------
    [junit] MAJOR: 153/192 - org.apache.commons.lang3.StringUtils_ESTest100 (25ms / 30):
    [junit] MAJOR: 2624023 (24 / 30 / 30) -> AVG-RTPM: 413ms
    [junit] MAJOR: Mutants killed / live: 1965 (7-5720-1) / 72
    [junit] MAJOR: ------------------------------------------------------------
    [junit] MAJOR: 154/192 - org.apache.commons.lang3.StringUtils_ESTest22 (25ms / 25):
    [junit] MAJOR: 2634674 (0 / 25 / 25) -> AVG-RTPM: 426ms
    [junit] MAJOR: Mutants killed / live: 1965 (7-5745-1) / 72
    [junit] MAJOR: ------------------------------------------------------------
    [junit] MAJOR: 155/192 - org.apache.commons.lang3.StringUtils_ESTest93 (25ms / 67):
    [junit] MAJOR: 2663294 (19 / 67 / 67) -> AVG-RTPM: 427ms
    [junit] MAJOR: Mutants killed / live: 1984 (7-5812-1) / 53
    [junit] MAJOR: ------------------------------------------------------------
    [junit] MAJOR: 156/192 - org.apache.commons.lang3.StringUtils_ESTest103 (26ms / 38):
    [junit] MAJOR: 2678497 (1 / 38 / 38) -> AVG-RTPM: 400ms
    [junit] MAJOR: Mutants killed / live: 1985 (7-5850-1) / 52
    [junit] MAJOR: ------------------------------------------------------------
    [junit] MAJOR: 157/192 - org.apache.commons.lang3.StringUtils_ESTest129 (27ms / 17):
    [junit] MAJOR: 2685525 (0 / 17 / 17) -> AVG-RTPM: 413ms
    [junit] MAJOR: Mutants killed / live: 1985 (7-5867-1) / 52
    [junit] MAJOR: ------------------------------------------------------------
    [junit] MAJOR: 158/192 - org.apache.commons.lang3.StringUtils_ESTest98 (27ms / 30):
    [junit] MAJOR: 2698290 (0 / 30 / 30) -> AVG-RTPM: 425ms
    [junit] MAJOR: Mutants killed / live: 1985 (7-5897-1) / 52
    [junit] MAJOR: ------------------------------------------------------------
    [junit] MAJOR: 159/192 - org.apache.commons.lang3.StringUtils_ESTest102 (28ms / 20):
    [junit] MAJOR: 2706442 (1 / 20 / 20) -> AVG-RTPM: 407ms
    [junit] MAJOR: Mutants killed / live: 1986 (7-5917-1) / 51
    [junit] MAJOR: ------------------------------------------------------------
    [junit] MAJOR: 160/192 - org.apache.commons.lang3.StringUtils_ESTest133 (28ms / 17):
    [junit] MAJOR: 2713113 (11 / 17 / 17) -> AVG-RTPM: 392ms
    [junit] MAJOR: Mutants killed / live: 1997 (7-5934-1) / 40
    [junit] MAJOR: ------------------------------------------------------------
    [junit] MAJOR: 161/192 - org.apache.commons.lang3.StringUtils_ESTest373 (28ms / 51):
    [junit] MAJOR: 2734012 (1 / 51 / 51) -> AVG-RTPM: 409ms
    [junit] MAJOR: Mutants killed / live: 1998 (7-5985-1) / 39
    [junit] MAJOR: ------------------------------------------------------------
    [junit] MAJOR: 162/192 - org.apache.commons.lang3.StringUtils_ESTest411 (28ms / 68):
    [junit] MAJOR: 2761885 (0 / 68 / 68) -> AVG-RTPM: 409ms
    [junit] MAJOR: Mutants killed / live: 1998 (7-6053-1) / 39
    [junit] MAJOR: ------------------------------------------------------------
    [junit] MAJOR: 163/192 - org.apache.commons.lang3.StringUtils_ESTest135 (30ms / 17):
    [junit] MAJOR: 2768922 (0 / 17 / 17) -> AVG-RTPM: 413ms
    [junit] MAJOR: Mutants killed / live: 1998 (7-6070-1) / 39
    [junit] MAJOR: ------------------------------------------------------------
    [junit] MAJOR: 164/192 - org.apache.commons.lang3.StringUtils_ESTest217 (30ms / 9):
    [junit] MAJOR: 2772463 (3 / 9 / 9) -> AVG-RTPM: 393ms
    [junit] MAJOR: Mutants killed / live: 2001 (7-6079-1) / 36
    [junit] MAJOR: ------------------------------------------------------------
    [junit] MAJOR: 165/192 - org.apache.commons.lang3.StringUtils_ESTest337 (30ms / 25):
    [junit] MAJOR: 2782069 (0 / 25 / 25) -> AVG-RTPM: 384ms
    [junit] MAJOR: Mutants killed / live: 2001 (7-6104-1) / 36
    [junit] MAJOR: ------------------------------------------------------------
    [junit] MAJOR: 166/192 - org.apache.commons.lang3.StringUtils_ESTest341 (31ms / 26):
    [junit] MAJOR: 2793292 (0 / 26 / 26) -> AVG-RTPM: 431ms
    [junit] MAJOR: Mutants killed / live: 2001 (7-6130-1) / 36
    [junit] MAJOR: ------------------------------------------------------------
    [junit] MAJOR: 167/192 - org.apache.commons.lang3.StringUtils_ESTest374 (31ms / 36):
    [junit] MAJOR: 2808985 (0 / 36 / 36) -> AVG-RTPM: 435ms
    [junit] MAJOR: Mutants killed / live: 2001 (7-6166-1) / 36
    [junit] MAJOR: ------------------------------------------------------------
    [junit] MAJOR: 168/192 - org.apache.commons.lang3.StringUtils_ESTest423 (31ms / 37):
    [junit] MAJOR: 2823819 (0 / 37 / 37) -> AVG-RTPM: 400ms
    [junit] MAJOR: Mutants killed / live: 2001 (7-6203-1) / 36
    [junit] MAJOR: ------------------------------------------------------------
    [junit] MAJOR: 169/192 - org.apache.commons.lang3.StringUtils_ESTest342 (32ms / 41):
    [junit] MAJOR: 2839973 (1 / 41 / 41) -> AVG-RTPM: 394ms
    [junit] MAJOR: Mutants killed / live: 2002 (7-6244-1) / 35
    [junit] MAJOR: ------------------------------------------------------------
    [junit] MAJOR: 170/192 - org.apache.commons.lang3.StringUtils_ESTest407 (32ms / 16):
    [junit] MAJOR: 2846311 (0 / 16 / 16) -> AVG-RTPM: 396ms
    [junit] MAJOR: Mutants killed / live: 2002 (7-6260-1) / 35
    [junit] MAJOR: ------------------------------------------------------------
    [junit] MAJOR: 171/192 - org.apache.commons.lang3.StringUtils_ESTest422 (32ms / 28):
    [junit] MAJOR: 2857552 (0 / 28 / 28) -> AVG-RTPM: 401ms
    [junit] MAJOR: Mutants killed / live: 2002 (7-6288-1) / 35
    [junit] MAJOR: ------------------------------------------------------------
    [junit] MAJOR: 172/192 - org.apache.commons.lang3.StringUtils_ESTest435 (33ms / 30):
    [junit] MAJOR: 2869760 (13 / 30 / 30) -> AVG-RTPM: 406ms
    [junit] MAJOR: Mutants killed / live: 2015 (7-6318-1) / 22
    [junit] MAJOR: ------------------------------------------------------------
    [junit] MAJOR: 173/192 - org.apache.commons.lang3.StringUtils_ESTest71 (33ms / 45):
    [junit] MAJOR: 2888509 (0 / 45 / 45) -> AVG-RTPM: 416ms
    [junit] MAJOR: Mutants killed / live: 2015 (7-6363-1) / 22
    [junit] MAJOR: ------------------------------------------------------------
    [junit] MAJOR: 174/192 - org.apache.commons.lang3.StringUtils_ESTest91 (36ms / 57):
    [junit] MAJOR: 2912008 (0 / 57 / 57) -> AVG-RTPM: 412ms
    [junit] MAJOR: Mutants killed / live: 2015 (7-6420-1) / 22
    [junit] MAJOR: ------------------------------------------------------------
    [junit] MAJOR: 175/192 - org.apache.commons.lang3.StringUtils_ESTest70 (37ms / 75):
    [junit] MAJOR: 2943465 (7 / 75 / 75) -> AVG-RTPM: 419ms
    [junit] MAJOR: Mutants killed / live: 2022 (7-6495-1) / 15
    [junit] MAJOR: ------------------------------------------------------------
    [junit] MAJOR: 176/192 - org.apache.commons.lang3.StringUtils_ESTest101 (38ms / 17):
    [junit] MAJOR: 2950844 (0 / 17 / 17) -> AVG-RTPM: 434ms
    [junit] MAJOR: Mutants killed / live: 2022 (7-6512-1) / 15
    [junit] MAJOR: ------------------------------------------------------------
    [junit] MAJOR: 177/192 - org.apache.commons.lang3.StringUtils_ESTest424 (38ms / 146):
    [junit] MAJOR: 3011064 (4 / 146 / 146) -> AVG-RTPM: 412ms
    [junit] MAJOR: Mutants killed / live: 2026 (7-6658-1) / 11
    [junit] MAJOR: ------------------------------------------------------------
    [junit] MAJOR: 178/192 - org.apache.commons.lang3.StringUtils_ESTest64 (38ms / 16):
    [junit] MAJOR: 3017554 (0 / 16 / 16) -> AVG-RTPM: 405ms
    [junit] MAJOR: Mutants killed / live: 2026 (7-6674-1) / 11
    [junit] MAJOR: ------------------------------------------------------------
    [junit] MAJOR: 179/192 - org.apache.commons.lang3.StringUtils_ESTest220 (39ms / 11):
    [junit] MAJOR: 3021715 (0 / 11 / 11) -> AVG-RTPM: 378ms
    [junit] MAJOR: Mutants killed / live: 2026 (7-6685-1) / 11
    [junit] MAJOR: ------------------------------------------------------------
    [junit] MAJOR: 180/192 - org.apache.commons.lang3.StringUtils_ESTest72 (42ms / 19):
    [junit] MAJOR: 3029574 (0 / 19 / 19) -> AVG-RTPM: 413ms
    [junit] MAJOR: Mutants killed / live: 2026 (7-6704-1) / 11
    [junit] MAJOR: ------------------------------------------------------------
    [junit] MAJOR: 181/192 - org.apache.commons.lang3.StringUtils_ESTest97 (43ms / 17):
    [junit] MAJOR: 3036624 (1 / 17 / 17) -> AVG-RTPM: 414ms
    [junit] MAJOR: Mutants killed / live: 2027 (7-6721-1) / 10
    [junit] MAJOR: ------------------------------------------------------------
    [junit] MAJOR: 182/192 - org.apache.commons.lang3.StringUtils_ESTest360 (44ms / 41):
    [junit] MAJOR: 3052589 (1 / 41 / 41) -> AVG-RTPM: 389ms
    [junit] MAJOR: Mutants killed / live: 2028 (7-6762-1) / 9
    [junit] MAJOR: ------------------------------------------------------------
    [junit] MAJOR: 183/192 - org.apache.commons.lang3.StringUtils_ESTest63 (44ms / 19):
    [junit] MAJOR: 3060185 (0 / 19 / 19) -> AVG-RTPM: 399ms
    [junit] MAJOR: Mutants killed / live: 2028 (7-6781-1) / 9
    [junit] MAJOR: ------------------------------------------------------------
    [junit] MAJOR: 184/192 - org.apache.commons.lang3.StringUtils_ESTest79 (45ms / 27):
    [junit] MAJOR: 3070524 (2 / 27 / 27) -> AVG-RTPM: 382ms
    [junit] MAJOR: Mutants killed / live: 2030 (7-6808-1) / 7
    [junit] MAJOR: ------------------------------------------------------------
    [junit] MAJOR: 185/192 - org.apache.commons.lang3.StringUtils_ESTest86 (47ms / 16):
    [junit] MAJOR: 3077406 (0 / 16 / 16) -> AVG-RTPM: 430ms
    [junit] MAJOR: Mutants killed / live: 2030 (7-6824-1) / 7
    [junit] MAJOR: ------------------------------------------------------------
    [junit] MAJOR: 186/192 - org.apache.commons.lang3.StringUtils_ESTest84 (48ms / 19):
    [junit] MAJOR: 3084984 (3 / 19 / 19) -> AVG-RTPM: 398ms
    [junit] MAJOR: Mutants killed / live: 2033 (7-6843-1) / 4
    [junit] MAJOR: ------------------------------------------------------------
    [junit] MAJOR: 187/192 - org.apache.commons.lang3.StringUtils_ESTest85 (49ms / 19):
    [junit] MAJOR: 3093239 (0 / 19 / 19) -> AVG-RTPM: 434ms
    [junit] MAJOR: Mutants killed / live: 2033 (7-6862-1) / 4
    [junit] MAJOR: ------------------------------------------------------------
    [junit] MAJOR: 188/192 - org.apache.commons.lang3.StringUtils_ESTest73 (50ms / 69):
    [junit] MAJOR: 3121414 (3 / 69 / 69) -> AVG-RTPM: 408ms
    [junit] MAJOR: Mutants killed / live: 2036 (7-6931-1) / 1
    [junit] MAJOR: ------------------------------------------------------------
    [junit] MAJOR: 189/192 - org.apache.commons.lang3.StringUtils_ESTest92 (50ms / 80):
    [junit] MAJOR: 3154281 (0 / 80 / 80) -> AVG-RTPM: 410ms
    [junit] MAJOR: Mutants killed / live: 2036 (7-7011-1) / 1
    [junit] MAJOR: ------------------------------------------------------------
    [junit] MAJOR: 190/192 - org.apache.commons.lang3.StringUtils_ESTest8 (51ms / 68):
    [junit] MAJOR: 3182509 (1 / 68 / 68) -> AVG-RTPM: 415ms
    [junit] MAJOR: Mutants killed / live: 2037 (7-7079-1) / 0
    [junit] MAJOR: ------------------------------------------------------------
    [junit] MAJOR: 191/192 - org.apache.commons.lang3.StringUtils_ESTest78 (52ms / 27):
    [junit] MAJOR: 3193872 (0 / 27 / 27) -> AVG-RTPM: 420ms
    [junit] MAJOR: Mutants killed / live: 2037 (7-7106-1) / 0
    [junit] MAJOR: ------------------------------------------------------------
    [junit] MAJOR: 192/192 - org.apache.commons.lang3.StringUtils_ESTest99 (52ms / 20):
    [junit] MAJOR: 3201932 (0 / 20 / 20) -> AVG-RTPM: 403ms
    [junit] MAJOR: Mutants killed / live: 2037 (7-7126-1) / 0
    [junit] MAJOR: ------------------------------------------------------------
    [junit] MAJOR: Summary:
    [junit] MAJOR: 
    [junit] MAJOR: Analysis time:  3201.9 seconds
    [junit] MAJOR: Mutation score: 41.05% (100.00%)
    [junit] MAJOR: Mutants killed / live: 2037 (7-7126-1) / 0
    [junit] MAJOR: Mutant executions: 7218
    [junit] MAJOR: ------------------------------------------------------------
    [junit] MAJOR: Export summary of results (to summary.csv)
    [junit] MAJOR: Export mutant kill details (to /tmp/run_mutation.pl_100250_1501468672/20f/kill.csv)
    [junit] MAJOR: Export kill map (to killMap.csv)!

BUILD SUCCESSFUL
Total time: 57 minutes 35 seconds
