
test-offline:

get-deps:

compile:
    [javac] /tmp/run_mutation.pl_4082_1501381231/21f/maven-build.xml:75: warning: 'includeantruntime' was not set, defaulting to build.sysclasspath=last; set to false for repeatable builds

compile-tests:
    [mkdir] Created dir: /tmp/run_mutation.pl_4082_1501381231/21f/target/test-classes
    [javac] /tmp/run_mutation.pl_4082_1501381231/21f/maven-build.xml:108: warning: 'includeantruntime' was not set, defaulting to build.sysclasspath=last; set to false for repeatable builds
    [javac] Compiling 111 source files to /tmp/run_mutation.pl_4082_1501381231/21f/target/test-classes
    [javac] warning: [options] bootstrap class path not set in conjunction with -source 1.5
    [javac] /tmp/run_mutation.pl_4082_1501381231/21f/src/test/java/org/apache/commons/lang3/CharSequenceUtilsTest.java:22: warning: [deprecation] Assert in junit.framework has been deprecated
    [javac] import junit.framework.Assert;
    [javac]                       ^
    [javac] /tmp/run_mutation.pl_4082_1501381231/21f/src/test/java/org/apache/commons/lang3/SystemUtilsTest.java:27: warning: [deprecation] Assert in junit.framework has been deprecated
    [javac] import junit.framework.Assert;
    [javac]                       ^
    [javac] /tmp/run_mutation.pl_4082_1501381231/21f/src/test/java/org/apache/commons/lang3/builder/ReflectionToStringBuilderExcludeTest.java:24: warning: [deprecation] Assert in junit.framework has been deprecated
    [javac] import junit.framework.Assert;
    [javac]                       ^
    [javac] /tmp/run_mutation.pl_4082_1501381231/21f/src/test/java/org/apache/commons/lang3/time/StopWatchTest.java:19: warning: [deprecation] Assert in junit.framework has been deprecated
    [javac] import junit.framework.Assert;
    [javac]                       ^
    [javac] /tmp/run_mutation.pl_4082_1501381231/21f/src/test/java/org/apache/commons/lang3/CharSequenceUtilsTest.java:48: warning: [deprecation] Assert in junit.framework has been deprecated
    [javac]         Assert.assertEquals(null, CharSequenceUtils.subSequence(null, -1));
    [javac]         ^
    [javac] /tmp/run_mutation.pl_4082_1501381231/21f/src/test/java/org/apache/commons/lang3/CharSequenceUtilsTest.java:49: warning: [deprecation] Assert in junit.framework has been deprecated
    [javac]         Assert.assertEquals(null, CharSequenceUtils.subSequence(null, 0));
    [javac]         ^
    [javac] /tmp/run_mutation.pl_4082_1501381231/21f/src/test/java/org/apache/commons/lang3/CharSequenceUtilsTest.java:50: warning: [deprecation] Assert in junit.framework has been deprecated
    [javac]         Assert.assertEquals(null, CharSequenceUtils.subSequence(null, 1));
    [javac]         ^
    [javac] /tmp/run_mutation.pl_4082_1501381231/21f/src/test/java/org/apache/commons/lang3/CharSequenceUtilsTest.java:54: warning: [deprecation] Assert in junit.framework has been deprecated
    [javac]         Assert.assertEquals(StringUtils.EMPTY, CharSequenceUtils.subSequence(StringUtils.EMPTY, 0));
    [javac]         ^
    [javac] /tmp/run_mutation.pl_4082_1501381231/21f/src/test/java/org/apache/commons/lang3/CharSequenceUtilsTest.java:55: warning: [deprecation] Assert in junit.framework has been deprecated
    [javac]         Assert.assertEquals("012", CharSequenceUtils.subSequence("012", 0));
    [javac]         ^
    [javac] /tmp/run_mutation.pl_4082_1501381231/21f/src/test/java/org/apache/commons/lang3/CharSequenceUtilsTest.java:56: warning: [deprecation] Assert in junit.framework has been deprecated
    [javac]         Assert.assertEquals("12", CharSequenceUtils.subSequence("012", 1));
    [javac]         ^
    [javac] /tmp/run_mutation.pl_4082_1501381231/21f/src/test/java/org/apache/commons/lang3/CharSequenceUtilsTest.java:57: warning: [deprecation] Assert in junit.framework has been deprecated
    [javac]         Assert.assertEquals("2", CharSequenceUtils.subSequence("012", 2));
    [javac]         ^
    [javac] /tmp/run_mutation.pl_4082_1501381231/21f/src/test/java/org/apache/commons/lang3/CharSequenceUtilsTest.java:58: warning: [deprecation] Assert in junit.framework has been deprecated
    [javac]         Assert.assertEquals(StringUtils.EMPTY, CharSequenceUtils.subSequence("012", 3));
    [javac]         ^
    [javac] /tmp/run_mutation.pl_4082_1501381231/21f/src/test/java/org/apache/commons/lang3/CharSequenceUtilsTest.java:63: warning: [deprecation] Assert in junit.framework has been deprecated
    [javac]             Assert.assertEquals(null, CharSequenceUtils.subSequence(StringUtils.EMPTY, -1));
    [javac]             ^
    [javac] /tmp/run_mutation.pl_4082_1501381231/21f/src/test/java/org/apache/commons/lang3/CharSequenceUtilsTest.java:64: warning: [deprecation] Assert in junit.framework has been deprecated
    [javac]             Assert.fail("Expected " + IndexOutOfBoundsException.class.getName());
    [javac]             ^
    [javac] /tmp/run_mutation.pl_4082_1501381231/21f/src/test/java/org/apache/commons/lang3/CharSequenceUtilsTest.java:69: warning: [deprecation] Assert in junit.framework has been deprecated
    [javac]             Assert.assertEquals(null, CharSequenceUtils.subSequence(StringUtils.EMPTY, 1));
    [javac]             ^
    [javac] /tmp/run_mutation.pl_4082_1501381231/21f/src/test/java/org/apache/commons/lang3/CharSequenceUtilsTest.java:70: warning: [deprecation] Assert in junit.framework has been deprecated
    [javac]             Assert.fail("Expected " + IndexOutOfBoundsException.class.getName());
    [javac]             ^
    [javac] /tmp/run_mutation.pl_4082_1501381231/21f/src/test/java/org/apache/commons/lang3/SystemUtilsTest.java:62: warning: [deprecation] Assert in junit.framework has been deprecated
    [javac]         Assert.assertNotNull(dir);
    [javac]         ^
    [javac] /tmp/run_mutation.pl_4082_1501381231/21f/src/test/java/org/apache/commons/lang3/SystemUtilsTest.java:63: warning: [deprecation] Assert in junit.framework has been deprecated
    [javac]         Assert.assertTrue(dir.exists());
    [javac]         ^
    [javac] /tmp/run_mutation.pl_4082_1501381231/21f/src/test/java/org/apache/commons/lang3/SystemUtilsTest.java:71: warning: [deprecation] Assert in junit.framework has been deprecated
    [javac]         Assert.assertNotNull(dir);
    [javac]         ^
    [javac] /tmp/run_mutation.pl_4082_1501381231/21f/src/test/java/org/apache/commons/lang3/SystemUtilsTest.java:72: warning: [deprecation] Assert in junit.framework has been deprecated
    [javac]         Assert.assertTrue(dir.exists());
    [javac]         ^
    [javac] /tmp/run_mutation.pl_4082_1501381231/21f/src/test/java/org/apache/commons/lang3/SystemUtilsTest.java:80: warning: [deprecation] Assert in junit.framework has been deprecated
    [javac]         Assert.assertNotNull(dir);
    [javac]         ^
    [javac] /tmp/run_mutation.pl_4082_1501381231/21f/src/test/java/org/apache/commons/lang3/SystemUtilsTest.java:81: warning: [deprecation] Assert in junit.framework has been deprecated
    [javac]         Assert.assertTrue(dir.exists());
    [javac]         ^
    [javac] /tmp/run_mutation.pl_4082_1501381231/21f/src/test/java/org/apache/commons/lang3/SystemUtilsTest.java:89: warning: [deprecation] Assert in junit.framework has been deprecated
    [javac]         Assert.assertNotNull(dir);
    [javac]         ^
    [javac] /tmp/run_mutation.pl_4082_1501381231/21f/src/test/java/org/apache/commons/lang3/SystemUtilsTest.java:90: warning: [deprecation] Assert in junit.framework has been deprecated
    [javac]         Assert.assertTrue(dir.exists());
    [javac]         ^
    [javac] /tmp/run_mutation.pl_4082_1501381231/21f/src/test/java/org/apache/commons/lang3/builder/ReflectionToStringBuilderExcludeTest.java:114: warning: [deprecation] Assert in junit.framework has been deprecated
    [javac]         Assert.assertTrue(toString.indexOf(NOT_SECRET_FIELD) > ArrayUtils.INDEX_NOT_FOUND);
    [javac]         ^
    [javac] /tmp/run_mutation.pl_4082_1501381231/21f/src/test/java/org/apache/commons/lang3/builder/ReflectionToStringBuilderExcludeTest.java:115: warning: [deprecation] Assert in junit.framework has been deprecated
    [javac]         Assert.assertTrue(toString.indexOf(NOT_SECRET_VALUE) > ArrayUtils.INDEX_NOT_FOUND);
    [javac]         ^
    [javac] /tmp/run_mutation.pl_4082_1501381231/21f/src/test/java/org/apache/commons/lang3/builder/ReflectionToStringBuilderExcludeTest.java:119: warning: [deprecation] Assert in junit.framework has been deprecated
    [javac]         Assert.assertEquals(ArrayUtils.INDEX_NOT_FOUND, toString.indexOf(SECRET_VALUE));
    [javac]         ^
    [javac] /tmp/run_mutation.pl_4082_1501381231/21f/src/test/java/org/apache/commons/lang3/builder/ReflectionToStringBuilderExcludeTest.java:124: warning: [deprecation] Assert in junit.framework has been deprecated
    [javac]         Assert.assertTrue(toString.indexOf(SECRET_VALUE) > 0);
    [javac]         ^
    [javac] /tmp/run_mutation.pl_4082_1501381231/21f/src/test/java/org/apache/commons/lang3/time/StopWatchTest.java:208: warning: [deprecation] Assert in junit.framework has been deprecated
    [javac]             Assert.assertTrue(watch.getStartTime() >= beforeStopWatch);
    [javac]             ^
    [javac] Note: Some input files use unchecked or unsafe operations.
    [javac] Note: Recompile with -Xlint:unchecked for details.
    [javac] 30 warnings

compile.tests:

update.all.tests:

mutation.test:
     [echo] Running mutation analysis ...
    [junit] MAJOR: Mutation analysis enabled
SLF4J: Failed to load class "org.slf4j.impl.StaticLoggerBinder".
SLF4J: Defaulting to no-operation (NOP) logger implementation
SLF4J: See http://www.slf4j.org/codes.html#StaticLoggerBinder for further details.
    [junit] MAJOR: org.apache.commons.lang3.time.DateUtils_ESTest101[test101] failed!
    [junit] MAJOR:  -> java.lang.ClassCastException
    [junit] MAJOR:  -> "java.util.GregorianCalendar cannot be cast to org.evosuite.runtime.mock.java.util.MockGregorianCalendar"
    [junit] MAJOR: org.apache.commons.lang3.time.DateUtils_ESTest102[test102] failed!
    [junit] MAJOR:  -> java.lang.ClassCastException
    [junit] MAJOR:  -> "java.util.GregorianCalendar cannot be cast to org.evosuite.runtime.mock.java.util.MockGregorianCalendar"
    [junit] MAJOR: org.apache.commons.lang3.time.DateUtils_ESTest103[test103] failed!
    [junit] MAJOR:  -> java.lang.ClassCastException
    [junit] MAJOR:  -> "java.util.GregorianCalendar cannot be cast to org.evosuite.runtime.mock.java.util.MockGregorianCalendar"
    [junit] MAJOR: org.apache.commons.lang3.time.DateUtils_ESTest17[test017] failed!
    [junit] MAJOR:  -> java.lang.ClassCastException
    [junit] MAJOR:  -> "java.util.GregorianCalendar cannot be cast to org.evosuite.runtime.mock.java.util.MockGregorianCalendar"
    [junit] MAJOR: org.apache.commons.lang3.time.DateUtils_ESTest31[test031] failed!
    [junit] MAJOR:  -> java.lang.ClassCastException
    [junit] MAJOR:  -> "java.util.GregorianCalendar cannot be cast to org.evosuite.runtime.mock.java.util.MockGregorianCalendar"
    [junit] MAJOR: org.apache.commons.lang3.time.DateUtils_ESTest50[test050] failed!
    [junit] MAJOR:  -> java.lang.ClassCastException
    [junit] MAJOR:  -> "java.util.GregorianCalendar cannot be cast to org.evosuite.runtime.mock.java.util.MockGregorianCalendar"
    [junit] MAJOR: org.apache.commons.lang3.time.DateUtils_ESTest70[test070] failed!
    [junit] MAJOR:  -> java.lang.ClassCastException
    [junit] MAJOR:  -> "java.util.GregorianCalendar cannot be cast to org.evosuite.runtime.mock.java.util.MockGregorianCalendar"
    [junit] MAJOR: org.apache.commons.lang3.time.DateUtils_ESTest95[test095] failed!
    [junit] MAJOR:  -> java.lang.ClassCastException
    [junit] MAJOR:  -> "java.util.GregorianCalendar cannot be cast to org.evosuite.runtime.mock.java.util.MockGregorianCalendar"
    [junit] MAJOR: org.apache.commons.lang3.time.DateUtils_ESTest96[test096] failed!
    [junit] MAJOR:  -> java.lang.ClassCastException
    [junit] MAJOR:  -> "java.util.GregorianCalendar cannot be cast to org.evosuite.runtime.mock.java.util.MockGregorianCalendar"
    [junit] MAJOR: org.apache.commons.lang3.time.DateUtils_ESTest98[test098] failed!
    [junit] MAJOR:  -> java.lang.ClassCastException
    [junit] MAJOR:  -> "java.util.GregorianCalendar cannot be cast to org.evosuite.runtime.mock.java.util.MockGregorianCalendar"
    [junit] MAJOR: org.apache.commons.lang3.time.DateUtils_ESTest99[test099] failed!
    [junit] MAJOR:  -> java.lang.ClassCastException
    [junit] MAJOR:  -> "java.util.GregorianCalendar cannot be cast to org.evosuite.runtime.mock.java.util.MockGregorianCalendar"
    [junit] MAJOR: Exclude 11 failing test classes:
    [junit] MAJOR:  - org.apache.commons.lang3.time.DateUtils_ESTest101
    [junit] MAJOR:  - org.apache.commons.lang3.time.DateUtils_ESTest102
    [junit] MAJOR:  - org.apache.commons.lang3.time.DateUtils_ESTest103
    [junit] MAJOR:  - org.apache.commons.lang3.time.DateUtils_ESTest17
    [junit] MAJOR:  - org.apache.commons.lang3.time.DateUtils_ESTest31
    [junit] MAJOR:  - org.apache.commons.lang3.time.DateUtils_ESTest50
    [junit] MAJOR:  - org.apache.commons.lang3.time.DateUtils_ESTest70
    [junit] MAJOR:  - org.apache.commons.lang3.time.DateUtils_ESTest95
    [junit] MAJOR:  - org.apache.commons.lang3.time.DateUtils_ESTest96
    [junit] MAJOR:  - org.apache.commons.lang3.time.DateUtils_ESTest98
    [junit] MAJOR:  - org.apache.commons.lang3.time.DateUtils_ESTest99
    [junit] MAJOR: ------------------------------------------------------------
    [junit] MAJOR: Run 96 ordered tests to verify independence
    [junit] MAJOR: ------------------------------------------------------------
    [junit] MAJOR: Preprocessing time: 31.97 seconds
    [junit] MAJOR: ------------------------------------------------------------
    [junit] MAJOR: Mutants generated: 930
    [junit] MAJOR: Mutants covered:   917 (98.60%)
    [junit] MAJOR: ------------------------------------------------------------
    [junit] MAJOR: Export test map to (testMap.csv)
    [junit] MAJOR: Export coverage map to (covMap.csv)
    [junit] MAJOR: Exclude 0 mutants
    [junit] MAJOR: ------------------------------------------------------------
    [junit] MAJOR: Run mutation analysis with 96 individual tests
    [junit] MAJOR: ------------------------------------------------------------
    [junit] MAJOR: 1/96 - org.apache.commons.lang3.time.DateUtils_ESTest40 (6ms / 13):
    [junit] MAJOR: 6175 (6 / 13 / 13) -> AVG-RTPM: 475ms
    [junit] MAJOR: Mutants killed / live: 6 (0-6-0) / 911
    [junit] MAJOR: ------------------------------------------------------------
    [junit] MAJOR: 2/96 - org.apache.commons.lang3.time.DateUtils_ESTest42 (6ms / 10):
    [junit] MAJOR: 11337 (2 / 10 / 10) -> AVG-RTPM: 516ms
    [junit] MAJOR: Mutants killed / live: 8 (0-8-0) / 909
    [junit] MAJOR: ------------------------------------------------------------
    [junit] MAJOR: 3/96 - org.apache.commons.lang3.time.DateUtils_ESTest19 (7ms / 53):
    [junit] MAJOR: 52395 (45 / 53 / 53) -> AVG-RTPM: 774ms
    [junit] MAJOR: Mutants killed / live: 53 (43-10-0) / 864
    [junit] MAJOR: ------------------------------------------------------------
    [junit] MAJOR: 4/96 - org.apache.commons.lang3.time.DateUtils_ESTest20 (7ms / 68):
    [junit] MAJOR: 134711 (24 / 68 / 68) -> AVG-RTPM: 1210ms
    [junit] MAJOR: Mutants killed / live: 77 (53-24-0) / 840
    [junit] MAJOR: ------------------------------------------------------------
    [junit] MAJOR: 5/96 - org.apache.commons.lang3.time.DateUtils_ESTest22 (7ms / 3):
    [junit] MAJOR: 138862 (2 / 3 / 3) -> AVG-RTPM: 1383ms
    [junit] MAJOR: Mutants killed / live: 79 (53-26-0) / 838
    [junit] MAJOR: ------------------------------------------------------------
    [junit] MAJOR: 6/96 - org.apache.commons.lang3.time.DateUtils_ESTest30 (7ms / 10):
    [junit] MAJOR: 155304 (2 / 10 / 10) -> AVG-RTPM: 1644ms
    [junit] MAJOR: Mutants killed / live: 81 (53-28-0) / 836
    [junit] MAJOR: ------------------------------------------------------------
    [junit] MAJOR: 7/96 - org.apache.commons.lang3.time.DateUtils_ESTest33 (7ms / 61):
    [junit] MAJOR: 236498 (18 / 61 / 61) -> AVG-RTPM: 1331ms
    [junit] MAJOR: Mutants killed / live: 99 (54-63-2) / 818
    [junit] MAJOR: ------------------------------------------------------------
    [junit] MAJOR: 8/96 - org.apache.commons.lang3.time.DateUtils_ESTest34 (7ms / 10):
    [junit] MAJOR: 238872 (10 / 10 / 10) -> AVG-RTPM: 237ms
    [junit] MAJOR: Mutants killed / live: 109 (54-73-2) / 808
    [junit] MAJOR: ------------------------------------------------------------
    [junit] MAJOR: 9/96 - org.apache.commons.lang3.time.DateUtils_ESTest4 (7ms / 7):
    [junit] MAJOR: 241391 (7 / 7 / 7) -> AVG-RTPM: 359ms
    [junit] MAJOR: Mutants killed / live: 116 (54-80-2) / 801
    [junit] MAJOR: ------------------------------------------------------------
    [junit] MAJOR: 10/96 - org.apache.commons.lang3.time.DateUtils_ESTest41 (7ms / 210):
    [junit] MAJOR: 318720 (204 / 210 / 210) -> AVG-RTPM: 368ms
    [junit] MAJOR: Mutants killed / live: 320 (54-290-2) / 597
    [junit] MAJOR: ------------------------------------------------------------
    [junit] MAJOR: 11/96 - org.apache.commons.lang3.time.DateUtils_ESTest43 (7ms / 114):
    [junit] MAJOR: 363816 (112 / 114 / 114) -> AVG-RTPM: 395ms
    [junit] MAJOR: Mutants killed / live: 432 (54-404-2) / 485
    [junit] MAJOR: ------------------------------------------------------------
    [junit] MAJOR: 12/96 - org.apache.commons.lang3.time.DateUtils_ESTest47 (7ms / 83):
    [junit] MAJOR: 395908 (0 / 83 / 83) -> AVG-RTPM: 386ms
    [junit] MAJOR: Mutants killed / live: 432 (54-487-2) / 485
    [junit] MAJOR: ------------------------------------------------------------
    [junit] MAJOR: 13/96 - org.apache.commons.lang3.time.DateUtils_ESTest49 (7ms / 97):
    [junit] MAJOR: 432998 (0 / 97 / 97) -> AVG-RTPM: 382ms
    [junit] MAJOR: Mutants killed / live: 432 (54-584-2) / 485
    [junit] MAJOR: ------------------------------------------------------------
    [junit] MAJOR: 14/96 - org.apache.commons.lang3.time.DateUtils_ESTest5 (7ms / 243):
    [junit] MAJOR: 529105 (87 / 243 / 243) -> AVG-RTPM: 395ms
    [junit] MAJOR: Mutants killed / live: 519 (54-827-2) / 398
    [junit] MAJOR: ------------------------------------------------------------
    [junit] MAJOR: 15/96 - org.apache.commons.lang3.time.DateUtils_ESTest51 (7ms / 11):
    [junit] MAJOR: 532386 (11 / 11 / 11) -> AVG-RTPM: 298ms
    [junit] MAJOR: Mutants killed / live: 530 (54-838-2) / 387
    [junit] MAJOR: ------------------------------------------------------------
    [junit] MAJOR: 16/96 - org.apache.commons.lang3.time.DateUtils_ESTest52 (7ms / 14):
    [junit] MAJOR: 537005 (4 / 14 / 14) -> AVG-RTPM: 329ms
    [junit] MAJOR: Mutants killed / live: 534 (54-852-2) / 383
    [junit] MAJOR: ------------------------------------------------------------
    [junit] MAJOR: 17/96 - org.apache.commons.lang3.time.DateUtils_ESTest53 (7ms / 46):
    [junit] MAJOR: 551473 (32 / 46 / 46) -> AVG-RTPM: 314ms
    [junit] MAJOR: Mutants killed / live: 566 (54-898-2) / 351
    [junit] MAJOR: ------------------------------------------------------------
    [junit] MAJOR: 18/96 - org.apache.commons.lang3.time.DateUtils_ESTest55 (7ms / 51):
    [junit] MAJOR: 567785 (7 / 51 / 51) -> AVG-RTPM: 319ms
    [junit] MAJOR: Mutants killed / live: 573 (54-949-2) / 344
    [junit] MAJOR: ------------------------------------------------------------
    [junit] MAJOR: 19/96 - org.apache.commons.lang3.time.DateUtils_ESTest56 (7ms / 3):
    [junit] MAJOR: 568667 (0 / 3 / 3) -> AVG-RTPM: 294ms
    [junit] MAJOR: Mutants killed / live: 573 (54-952-2) / 344
    [junit] MAJOR: ------------------------------------------------------------
    [junit] MAJOR: 20/96 - org.apache.commons.lang3.time.DateUtils_ESTest57 (7ms / 3):
    [junit] MAJOR: 570054 (0 / 3 / 3) -> AVG-RTPM: 462ms
    [junit] MAJOR: Mutants killed / live: 573 (54-955-2) / 344
    [junit] MAJOR: ------------------------------------------------------------
    [junit] MAJOR: 21/96 - org.apache.commons.lang3.time.DateUtils_ESTest59 (7ms / 3):
    [junit] MAJOR: 570967 (3 / 3 / 3) -> AVG-RTPM: 304ms
    [junit] MAJOR: Mutants killed / live: 576 (54-958-2) / 341
    [junit] MAJOR: ------------------------------------------------------------
    [junit] MAJOR: 22/96 - org.apache.commons.lang3.time.DateUtils_ESTest6 (7ms / 26):
    [junit] MAJOR: 581523 (0 / 26 / 26) -> AVG-RTPM: 406ms
    [junit] MAJOR: Mutants killed / live: 576 (54-984-2) / 341
    [junit] MAJOR: ------------------------------------------------------------
    [junit] MAJOR: 23/96 - org.apache.commons.lang3.time.DateUtils_ESTest60 (7ms / 3):
    [junit] MAJOR: 582441 (3 / 3 / 3) -> AVG-RTPM: 305ms
    [junit] MAJOR: Mutants killed / live: 579 (54-987-2) / 338
    [junit] MAJOR: ------------------------------------------------------------
    [junit] MAJOR: 24/96 - org.apache.commons.lang3.time.DateUtils_ESTest62 (7ms / 3):
    [junit] MAJOR: 583777 (3 / 3 / 3) -> AVG-RTPM: 445ms
    [junit] MAJOR: Mutants killed / live: 582 (54-990-2) / 335
    [junit] MAJOR: ------------------------------------------------------------
    [junit] MAJOR: 25/96 - org.apache.commons.lang3.time.DateUtils_ESTest63 (7ms / 3):
    [junit] MAJOR: 584672 (0 / 3 / 3) -> AVG-RTPM: 298ms
    [junit] MAJOR: Mutants killed / live: 582 (54-993-2) / 335
    [junit] MAJOR: ------------------------------------------------------------
    [junit] MAJOR: 26/96 - org.apache.commons.lang3.time.DateUtils_ESTest64 (7ms / 3):
    [junit] MAJOR: 585640 (3 / 3 / 3) -> AVG-RTPM: 322ms
    [junit] MAJOR: Mutants killed / live: 585 (54-996-2) / 332
    [junit] MAJOR: ------------------------------------------------------------
    [junit] MAJOR: 27/96 - org.apache.commons.lang3.time.DateUtils_ESTest65 (7ms / 3):
    [junit] MAJOR: 586566 (3 / 3 / 3) -> AVG-RTPM: 308ms
    [junit] MAJOR: Mutants killed / live: 588 (54-999-2) / 329
    [junit] MAJOR: ------------------------------------------------------------
    [junit] MAJOR: 28/96 - org.apache.commons.lang3.time.DateUtils_ESTest2 (8ms / 0):
    [junit] MAJOR: 586566 (0 / 0 / 0) -> AVG-RTPM: 0ms
    [junit] MAJOR: Mutants killed / live: 588 (54-999-2) / 329
    [junit] MAJOR: ------------------------------------------------------------
    [junit] MAJOR: 29/96 - org.apache.commons.lang3.time.DateUtils_ESTest23 (8ms / 241):
    [junit] MAJOR: 665508 (1 / 241 / 241) -> AVG-RTPM: 327ms
    [junit] MAJOR: Mutants killed / live: 589 (54-1240-2) / 328
    [junit] MAJOR: ------------------------------------------------------------
    [junit] MAJOR: 30/96 - org.apache.commons.lang3.time.DateUtils_ESTest24 (8ms / 5):
    [junit] MAJOR: 667311 (0 / 5 / 5) -> AVG-RTPM: 360ms
    [junit] MAJOR: Mutants killed / live: 589 (54-1245-2) / 328
    [junit] MAJOR: ------------------------------------------------------------
    [junit] MAJOR: 31/96 - org.apache.commons.lang3.time.DateUtils_ESTest25 (8ms / 10):
    [junit] MAJOR: 671082 (4 / 10 / 10) -> AVG-RTPM: 377ms
    [junit] MAJOR: Mutants killed / live: 593 (54-1255-2) / 324
    [junit] MAJOR: ------------------------------------------------------------
    [junit] MAJOR: 32/96 - org.apache.commons.lang3.time.DateUtils_ESTest26 (8ms / 7):
    [junit] MAJOR: 673735 (0 / 7 / 7) -> AVG-RTPM: 379ms
    [junit] MAJOR: Mutants killed / live: 593 (54-1262-2) / 324
    [junit] MAJOR: ------------------------------------------------------------
    [junit] MAJOR: 33/96 - org.apache.commons.lang3.time.DateUtils_ESTest27 (8ms / 10):
    [junit] MAJOR: 676835 (6 / 10 / 10) -> AVG-RTPM: 310ms
    [junit] MAJOR: Mutants killed / live: 599 (54-1272-2) / 318
    [junit] MAJOR: ------------------------------------------------------------
    [junit] MAJOR: 34/96 - org.apache.commons.lang3.time.DateUtils_ESTest29 (8ms / 13):
    [junit] MAJOR: 682106 (1 / 13 / 13) -> AVG-RTPM: 405ms
    [junit] MAJOR: Mutants killed / live: 600 (54-1285-2) / 317
    [junit] MAJOR: ------------------------------------------------------------
    [junit] MAJOR: 35/96 - org.apache.commons.lang3.time.DateUtils_ESTest32 (8ms / 34):
    [junit] MAJOR: 696522 (11 / 34 / 34) -> AVG-RTPM: 424ms
    [junit] MAJOR: Mutants killed / live: 611 (54-1319-2) / 306
    [junit] MAJOR: ------------------------------------------------------------
    [junit] MAJOR: 36/96 - org.apache.commons.lang3.time.DateUtils_ESTest36 (8ms / 13):
    [junit] MAJOR: 701897 (3 / 13 / 13) -> AVG-RTPM: 413ms
    [junit] MAJOR: Mutants killed / live: 614 (54-1332-2) / 303
    [junit] MAJOR: ------------------------------------------------------------
    [junit] MAJOR: 37/96 - org.apache.commons.lang3.time.DateUtils_ESTest48 (8ms / 90):
    [junit] MAJOR: 737428 (0 / 90 / 90) -> AVG-RTPM: 394ms
    [junit] MAJOR: Mutants killed / live: 614 (54-1422-2) / 303
    [junit] MAJOR: ------------------------------------------------------------
    [junit] MAJOR: 38/96 - org.apache.commons.lang3.time.DateUtils_ESTest58 (8ms / 236):
    [junit] MAJOR: 815283 (20 / 236 / 236) -> AVG-RTPM: 329ms
    [junit] MAJOR: Mutants killed / live: 634 (54-1658-2) / 283
    [junit] MAJOR: ------------------------------------------------------------
    [junit] MAJOR: 39/96 - org.apache.commons.lang3.time.DateUtils_ESTest61 (8ms / 3):
    [junit] MAJOR: 816225 (0 / 3 / 3) -> AVG-RTPM: 314ms
    [junit] MAJOR: Mutants killed / live: 634 (54-1661-2) / 283
    [junit] MAJOR: ------------------------------------------------------------
    [junit] MAJOR: 40/96 - org.apache.commons.lang3.time.DateUtils_ESTest74 (8ms / 20):
    [junit] MAJOR: 824671 (1 / 20 / 20) -> AVG-RTPM: 422ms
    [junit] MAJOR: Mutants killed / live: 635 (54-1681-2) / 282
    [junit] MAJOR: ------------------------------------------------------------
    [junit] MAJOR: 41/96 - org.apache.commons.lang3.time.DateUtils_ESTest77 (8ms / 300):
    [junit] MAJOR: 946578 (49 / 300 / 300) -> AVG-RTPM: 406ms
    [junit] MAJOR: Mutants killed / live: 684 (54-1981-2) / 233
    [junit] MAJOR: ------------------------------------------------------------
    [junit] MAJOR: 42/96 - org.apache.commons.lang3.time.DateUtils_ESTest78 (8ms / 306):
    [junit] MAJOR: 1070435 (9 / 306 / 306) -> AVG-RTPM: 404ms
    [junit] MAJOR: Mutants killed / live: 693 (54-2287-2) / 224
    [junit] MAJOR: ------------------------------------------------------------
    [junit] MAJOR: 43/96 - org.apache.commons.lang3.time.DateUtils_ESTest8 (8ms / 7):
    [junit] MAJOR: 1072975 (0 / 7 / 7) -> AVG-RTPM: 362ms
    [junit] MAJOR: Mutants killed / live: 693 (54-2294-2) / 224
    [junit] MAJOR: ------------------------------------------------------------
    [junit] MAJOR: 44/96 - org.apache.commons.lang3.time.DateUtils_ESTest82 (8ms / 3):
    [junit] MAJOR: 1073868 (3 / 3 / 3) -> AVG-RTPM: 297ms
    [junit] MAJOR: Mutants killed / live: 696 (54-2297-2) / 221
    [junit] MAJOR: ------------------------------------------------------------
    [junit] MAJOR: 45/96 - org.apache.commons.lang3.time.DateUtils_ESTest83 (8ms / 3):
    [junit] MAJOR: 1074743 (3 / 3 / 3) -> AVG-RTPM: 291ms
    [junit] MAJOR: Mutants killed / live: 699 (54-2300-2) / 218
    [junit] MAJOR: ------------------------------------------------------------
    [junit] MAJOR: 46/96 - org.apache.commons.lang3.time.DateUtils_ESTest12 (9ms / 5):
    [junit] MAJOR: 1077181 (0 / 5 / 5) -> AVG-RTPM: 487ms
    [junit] MAJOR: Mutants killed / live: 699 (54-2305-2) / 218
    [junit] MAJOR: ------------------------------------------------------------
    [junit] MAJOR: 47/96 - org.apache.commons.lang3.time.DateUtils_ESTest18 (9ms / 276):
    [junit] MAJOR: 1190093 (43 / 276 / 276) -> AVG-RTPM: 409ms
    [junit] MAJOR: Mutants killed / live: 742 (54-2581-2) / 175
    [junit] MAJOR: ------------------------------------------------------------
    [junit] MAJOR: 48/96 - org.apache.commons.lang3.time.DateUtils_ESTest44 (9ms / 13):
    [junit] MAJOR: 1194899 (0 / 13 / 13) -> AVG-RTPM: 369ms
    [junit] MAJOR: Mutants killed / live: 742 (54-2594-2) / 175
    [junit] MAJOR: ------------------------------------------------------------
    [junit] MAJOR: 49/96 - org.apache.commons.lang3.time.DateUtils_ESTest45 (9ms / 392):
    [junit] MAJOR: 1355974 (15 / 392 / 392) -> AVG-RTPM: 410ms
    [junit] MAJOR: Mutants killed / live: 757 (54-2986-2) / 160
    [junit] MAJOR: ------------------------------------------------------------
    [junit] MAJOR: 50/96 - org.apache.commons.lang3.time.DateUtils_ESTest46 (9ms / 309):
    [junit] MAJOR: 1482137 (0 / 309 / 309) -> AVG-RTPM: 408ms
    [junit] MAJOR: Mutants killed / live: 757 (54-3295-2) / 160
    [junit] MAJOR: ------------------------------------------------------------
    [junit] MAJOR: 51/96 - org.apache.commons.lang3.time.DateUtils_ESTest66 (9ms / 209):
    [junit] MAJOR: 1552070 (0 / 209 / 209) -> AVG-RTPM: 334ms
    [junit] MAJOR: Mutants killed / live: 757 (54-3504-2) / 160
    [junit] MAJOR: ------------------------------------------------------------
    [junit] MAJOR: 52/96 - org.apache.commons.lang3.time.DateUtils_ESTest67 (9ms / 3):
    [junit] MAJOR: 1552976 (0 / 3 / 3) -> AVG-RTPM: 301ms
    [junit] MAJOR: Mutants killed / live: 757 (54-3507-2) / 160
    [junit] MAJOR: ------------------------------------------------------------
    [junit] MAJOR: 53/96 - org.apache.commons.lang3.time.DateUtils_ESTest68 (9ms / 3):
    [junit] MAJOR: 1553898 (3 / 3 / 3) -> AVG-RTPM: 307ms
    [junit] MAJOR: Mutants killed / live: 760 (54-3510-2) / 157
    [junit] MAJOR: ------------------------------------------------------------
    [junit] MAJOR: 54/96 - org.apache.commons.lang3.time.DateUtils_ESTest69 (9ms / 3):
    [junit] MAJOR: 1554785 (0 / 3 / 3) -> AVG-RTPM: 295ms
    [junit] MAJOR: Mutants killed / live: 760 (54-3513-2) / 157
    [junit] MAJOR: ------------------------------------------------------------
    [junit] MAJOR: 55/96 - org.apache.commons.lang3.time.DateUtils_ESTest72 (9ms / 231):
    [junit] MAJOR: 1630021 (5 / 231 / 231) -> AVG-RTPM: 325ms
    [junit] MAJOR: Mutants killed / live: 765 (54-3744-2) / 152
    [junit] MAJOR: ------------------------------------------------------------
    [junit] MAJOR: 56/96 - org.apache.commons.lang3.time.DateUtils_ESTest73 (9ms / 3):
    [junit] MAJOR: 1630865 (0 / 3 / 3) -> AVG-RTPM: 281ms
    [junit] MAJOR: Mutants killed / live: 765 (54-3747-2) / 152
    [junit] MAJOR: ------------------------------------------------------------
    [junit] MAJOR: 57/96 - org.apache.commons.lang3.time.DateUtils_ESTest76 (9ms / 224):
    [junit] MAJOR: 1708892 (2 / 224 / 224) -> AVG-RTPM: 348ms
    [junit] MAJOR: Mutants killed / live: 767 (54-3971-2) / 150
    [junit] MAJOR: ------------------------------------------------------------
    [junit] MAJOR: 58/96 - org.apache.commons.lang3.time.DateUtils_ESTest79 (9ms / 320):
    [junit] MAJOR: 1785217 (3 / 320 / 320) -> AVG-RTPM: 238ms
    [junit] MAJOR: Mutants killed / live: 770 (54-4291-2) / 147
    [junit] MAJOR: ------------------------------------------------------------
    [junit] MAJOR: 59/96 - org.apache.commons.lang3.time.DateUtils_ESTest80 (9ms / 336):
    [junit] MAJOR: 1881292 (0 / 336 / 336) -> AVG-RTPM: 285ms
    [junit] MAJOR: Mutants killed / live: 770 (54-4627-2) / 147
    [junit] MAJOR: ------------------------------------------------------------
    [junit] MAJOR: 60/96 - org.apache.commons.lang3.time.DateUtils_ESTest87 (9ms / 304):
    [junit] MAJOR: 1971517 (68 / 304 / 304) -> AVG-RTPM: 296ms
    [junit] MAJOR: Mutants killed / live: 838 (54-4931-2) / 79
    [junit] MAJOR: ------------------------------------------------------------
    [junit] MAJOR: 61/96 - org.apache.commons.lang3.time.DateUtils_ESTest88 (9ms / 295):
    [junit] MAJOR: 2060121 (19 / 295 / 295) -> AVG-RTPM: 300ms
    [junit] MAJOR: Mutants killed / live: 857 (54-5226-2) / 60
    [junit] MAJOR: ------------------------------------------------------------
    [junit] MAJOR: 62/96 - org.apache.commons.lang3.time.DateUtils_ESTest93 (9ms / 3):
    [junit] MAJOR: 2060815 (3 / 3 / 3) -> AVG-RTPM: 231ms
    [junit] MAJOR: Mutants killed / live: 860 (54-5229-2) / 57
    [junit] MAJOR: ------------------------------------------------------------
    [junit] MAJOR: 63/96 - org.apache.commons.lang3.time.DateUtils_ESTest94 (9ms / 3):
    [junit] MAJOR: 2061475 (0 / 3 / 3) -> AVG-RTPM: 220ms
    [junit] MAJOR: Mutants killed / live: 860 (54-5232-2) / 57
    [junit] MAJOR: ------------------------------------------------------------
    [junit] MAJOR: 64/96 - org.apache.commons.lang3.time.DateUtils_ESTest106 (10ms / 5):
    [junit] MAJOR: 2062839 (2 / 5 / 5) -> AVG-RTPM: 272ms
    [junit] MAJOR: Mutants killed / live: 862 (54-5237-2) / 55
    [junit] MAJOR: ------------------------------------------------------------
    [junit] MAJOR: 65/96 - org.apache.commons.lang3.time.DateUtils_ESTest11 (10ms / 6):
    [junit] MAJOR: 2065096 (1 / 6 / 6) -> AVG-RTPM: 376ms
    [junit] MAJOR: Mutants killed / live: 863 (54-5243-2) / 54
    [junit] MAJOR: ------------------------------------------------------------
    [junit] MAJOR: 66/96 - org.apache.commons.lang3.time.DateUtils_ESTest13 (10ms / 6):
    [junit] MAJOR: 2066815 (0 / 6 / 6) -> AVG-RTPM: 286ms
    [junit] MAJOR: Mutants killed / live: 863 (54-5249-2) / 54
    [junit] MAJOR: ------------------------------------------------------------
    [junit] MAJOR: 67/96 - org.apache.commons.lang3.time.DateUtils_ESTest21 (10ms / 10):
    [junit] MAJOR: 2070232 (1 / 10 / 10) -> AVG-RTPM: 341ms
    [junit] MAJOR: Mutants killed / live: 864 (54-5259-2) / 53
    [junit] MAJOR: ------------------------------------------------------------
    [junit] MAJOR: 68/96 - org.apache.commons.lang3.time.DateUtils_ESTest37 (10ms / 27):
    [junit] MAJOR: 2078922 (7 / 27 / 27) -> AVG-RTPM: 321ms
    [junit] MAJOR: Mutants killed / live: 871 (54-5286-2) / 46
    [junit] MAJOR: ------------------------------------------------------------
    [junit] MAJOR: 69/96 - org.apache.commons.lang3.time.DateUtils_ESTest7 (10ms / 30):
    [junit] MAJOR: 2086405 (7 / 30 / 30) -> AVG-RTPM: 249ms
    [junit] MAJOR: Mutants killed / live: 878 (54-5316-2) / 39
    [junit] MAJOR: ------------------------------------------------------------
    [junit] MAJOR: 70/96 - org.apache.commons.lang3.time.DateUtils_ESTest71 (10ms / 3):
    [junit] MAJOR: 2087063 (0 / 3 / 3) -> AVG-RTPM: 219ms
    [junit] MAJOR: Mutants killed / live: 878 (54-5319-2) / 39
    [junit] MAJOR: ------------------------------------------------------------
    [junit] MAJOR: 71/96 - org.apache.commons.lang3.time.DateUtils_ESTest75 (10ms / 211):
    [junit] MAJOR: 2139192 (0 / 211 / 211) -> AVG-RTPM: 247ms
    [junit] MAJOR: Mutants killed / live: 878 (54-5530-2) / 39
    [junit] MAJOR: ------------------------------------------------------------
    [junit] MAJOR: 72/96 - org.apache.commons.lang3.time.DateUtils_ESTest84 (10ms / 291):
    [junit] MAJOR: 2227641 (2 / 291 / 291) -> AVG-RTPM: 303ms
    [junit] MAJOR: Mutants killed / live: 880 (54-5821-2) / 37
    [junit] MAJOR: ------------------------------------------------------------
    [junit] MAJOR: 73/96 - org.apache.commons.lang3.time.DateUtils_ESTest9 (10ms / 7):
    [junit] MAJOR: 2229615 (0 / 7 / 7) -> AVG-RTPM: 282ms
    [junit] MAJOR: Mutants killed / live: 880 (54-5828-2) / 37
    [junit] MAJOR: ------------------------------------------------------------
    [junit] MAJOR: 74/96 - org.apache.commons.lang3.time.DateUtils_ESTest90 (10ms / 6):
    [junit] MAJOR: 2230984 (0 / 6 / 6) -> AVG-RTPM: 228ms
    [junit] MAJOR: Mutants killed / live: 880 (54-5834-2) / 37
    [junit] MAJOR: ------------------------------------------------------------
    [junit] MAJOR: 75/96 - org.apache.commons.lang3.time.DateUtils_ESTest91 (10ms / 3):
    [junit] MAJOR: 2231706 (0 / 3 / 3) -> AVG-RTPM: 240ms
    [junit] MAJOR: Mutants killed / live: 880 (54-5837-2) / 37
    [junit] MAJOR: ------------------------------------------------------------
    [junit] MAJOR: 76/96 - org.apache.commons.lang3.time.DateUtils_ESTest97 (10ms / 44):
    [junit] MAJOR: 2245252 (0 / 44 / 44) -> AVG-RTPM: 307ms
    [junit] MAJOR: Mutants killed / live: 880 (54-5881-2) / 37
    [junit] MAJOR: ------------------------------------------------------------
    [junit] MAJOR: 77/96 - org.apache.commons.lang3.time.DateUtils_ESTest16 (11ms / 12):
    [junit] MAJOR: 2248279 (3 / 12 / 12) -> AVG-RTPM: 252ms
    [junit] MAJOR: Mutants killed / live: 883 (54-5893-2) / 34
    [junit] MAJOR: ------------------------------------------------------------
    [junit] MAJOR: 78/96 - org.apache.commons.lang3.time.DateUtils_ESTest28 (11ms / 63):
    [junit] MAJOR: 2268931 (6 / 63 / 63) -> AVG-RTPM: 327ms
    [junit] MAJOR: Mutants killed / live: 889 (54-5956-2) / 28
    [junit] MAJOR: ------------------------------------------------------------
    [junit] MAJOR: 79/96 - org.apache.commons.lang3.time.DateUtils_ESTest3 (11ms / 7):
    [junit] MAJOR: 2270861 (0 / 7 / 7) -> AVG-RTPM: 275ms
    [junit] MAJOR: Mutants killed / live: 889 (54-5963-2) / 28
    [junit] MAJOR: ------------------------------------------------------------
    [junit] MAJOR: 80/96 - org.apache.commons.lang3.time.DateUtils_ESTest39 (11ms / 20):
    [junit] MAJOR: 2277124 (0 / 20 / 20) -> AVG-RTPM: 313ms
    [junit] MAJOR: Mutants killed / live: 889 (54-5983-2) / 28
    [junit] MAJOR: ------------------------------------------------------------
    [junit] MAJOR: 81/96 - org.apache.commons.lang3.time.DateUtils_ESTest54 (11ms / 54):
    [junit] MAJOR: 2290453 (10 / 54 / 54) -> AVG-RTPM: 246ms
    [junit] MAJOR: Mutants killed / live: 899 (54-6037-2) / 18
    [junit] MAJOR: ------------------------------------------------------------
    [junit] MAJOR: 82/96 - org.apache.commons.lang3.time.DateUtils_ESTest85 (11ms / 306):
    [junit] MAJOR: 2387100 (3 / 306 / 306) -> AVG-RTPM: 315ms
    [junit] MAJOR: Mutants killed / live: 902 (54-6343-2) / 15
    [junit] MAJOR: ------------------------------------------------------------
    [junit] MAJOR: 83/96 - org.apache.commons.lang3.time.DateUtils_ESTest89 (11ms / 297):
    [junit] MAJOR: 2480324 (11 / 297 / 297) -> AVG-RTPM: 313ms
    [junit] MAJOR: Mutants killed / live: 913 (54-6640-2) / 4
    [junit] MAJOR: ------------------------------------------------------------
    [junit] MAJOR: 84/96 - org.apache.commons.lang3.time.DateUtils_ESTest92 (11ms / 10):
    [junit] MAJOR: 2482636 (1 / 10 / 10) -> AVG-RTPM: 231ms
    [junit] MAJOR: Mutants killed / live: 914 (54-6650-2) / 3
    [junit] MAJOR: ------------------------------------------------------------
    [junit] MAJOR: 85/96 - org.apache.commons.lang3.time.DateUtils_ESTest81 (12ms / 296):
    [junit] MAJOR: 2560771 (0 / 296 / 296) -> AVG-RTPM: 263ms
    [junit] MAJOR: Mutants killed / live: 914 (54-6946-2) / 3
    [junit] MAJOR: ------------------------------------------------------------
    [junit] MAJOR: 86/96 - org.apache.commons.lang3.time.DateUtils_ESTest10 (13ms / 5):
    [junit] MAJOR: 2562255 (0 / 5 / 5) -> AVG-RTPM: 296ms
    [junit] MAJOR: Mutants killed / live: 914 (54-6951-2) / 3
    [junit] MAJOR: ------------------------------------------------------------
    [junit] MAJOR: 87/96 - org.apache.commons.lang3.time.DateUtils_ESTest15 (13ms / 5):
    [junit] MAJOR: 2564379 (0 / 5 / 5) -> AVG-RTPM: 424ms
    [junit] MAJOR: Mutants killed / live: 914 (54-6956-2) / 3
    [junit] MAJOR: ------------------------------------------------------------
    [junit] MAJOR: 88/96 - org.apache.commons.lang3.time.DateUtils_ESTest100 (14ms / 264):
    [junit] MAJOR: 2632621 (0 / 264 / 264) -> AVG-RTPM: 258ms
    [junit] MAJOR: Mutants killed / live: 914 (54-7220-2) / 3
    [junit] MAJOR: ------------------------------------------------------------
    [junit] MAJOR: 89/96 - org.apache.commons.lang3.time.DateUtils_ESTest14 (17ms / 56):
    [junit] MAJOR: 2647486 (0 / 56 / 56) -> AVG-RTPM: 265ms
    [junit] MAJOR: Mutants killed / live: 914 (54-7276-2) / 3
    [junit] MAJOR: ------------------------------------------------------------
    [junit] MAJOR: 90/96 - org.apache.commons.lang3.time.DateUtils_ESTest0 (20ms / 3):
    [junit] MAJOR: 2648343 (0 / 3 / 3) -> AVG-RTPM: 285ms
    [junit] MAJOR: Mutants killed / live: 914 (54-7279-2) / 3
    [junit] MAJOR: ------------------------------------------------------------
    [junit] MAJOR: 91/96 - org.apache.commons.lang3.time.DateUtils_ESTest1 (21ms / 3):
    [junit] MAJOR: 2649239 (0 / 3 / 3) -> AVG-RTPM: 298ms
    [junit] MAJOR: Mutants killed / live: 914 (54-7282-2) / 3
    [junit] MAJOR: ------------------------------------------------------------
    [junit] MAJOR: 92/96 - org.apache.commons.lang3.time.DateUtils_ESTest105 (29ms / 331):
    [junit] MAJOR: 2756251 (3 / 331 / 331) -> AVG-RTPM: 323ms
    [junit] MAJOR: Mutants killed / live: 917 (54-7613-2) / 0
    [junit] MAJOR: ------------------------------------------------------------
    [junit] MAJOR: 93/96 - org.apache.commons.lang3.time.DateUtils_ESTest86 (38ms / 297):
    [junit] MAJOR: 2846619 (0 / 297 / 297) -> AVG-RTPM: 304ms
    [junit] MAJOR: Mutants killed / live: 917 (54-7910-2) / 0
    [junit] MAJOR: ------------------------------------------------------------
    [junit] MAJOR: 94/96 - org.apache.commons.lang3.time.DateUtils_ESTest35 (40ms / 20):
    [junit] MAJOR: 2852964 (0 / 20 / 20) -> AVG-RTPM: 317ms
    [junit] MAJOR: Mutants killed / live: 917 (54-7930-2) / 0
    [junit] MAJOR: ------------------------------------------------------------
    [junit] MAJOR: 95/96 - org.apache.commons.lang3.time.DateUtils_ESTest104 (45ms / 6):
    [junit] MAJOR: 2854764 (0 / 6 / 6) -> AVG-RTPM: 300ms
    [junit] MAJOR: Mutants killed / live: 917 (54-7936-2) / 0
    [junit] MAJOR: ------------------------------------------------------------
    [junit] MAJOR: 96/96 - org.apache.commons.lang3.time.DateUtils_ESTest38 (53ms / 10):
    [junit] MAJOR: 2857264 (0 / 10 / 10) -> AVG-RTPM: 250ms
    [junit] MAJOR: Mutants killed / live: 917 (54-7946-2) / 0
    [junit] MAJOR: ------------------------------------------------------------
    [junit] MAJOR: Summary:
    [junit] MAJOR: 
    [junit] MAJOR: Analysis time:  2857.3 seconds
    [junit] MAJOR: Mutation score: 98.60% (100.00%)
    [junit] MAJOR: Mutants killed / live: 917 (54-7946-2) / 0
    [junit] MAJOR: Mutant executions: 8101
    [junit] MAJOR: ------------------------------------------------------------
    [junit] MAJOR: Export summary of results (to summary.csv)
    [junit] MAJOR: Export mutant kill details (to /tmp/run_mutation.pl_4082_1501381231/21f/kill.csv)
    [junit] MAJOR: Export kill map (to killMap.csv)!

BUILD SUCCESSFUL
Total time: 48 minutes 15 seconds
