
test-offline:

get-deps:

compile:
    [javac] /tmp/run_mutation.pl_22626_1483623220/23f/maven-build.xml:75: warning: 'includeantruntime' was not set, defaulting to build.sysclasspath=last; set to false for repeatable builds

compile-tests:
    [mkdir] Created dir: /tmp/run_mutation.pl_22626_1483623220/23f/target/test-classes
    [javac] /tmp/run_mutation.pl_22626_1483623220/23f/maven-build.xml:108: warning: 'includeantruntime' was not set, defaulting to build.sysclasspath=last; set to false for repeatable builds
    [javac] Compiling 109 source files to /tmp/run_mutation.pl_22626_1483623220/23f/target/test-classes
    [javac] warning: [options] bootstrap class path not set in conjunction with -source 1.5
    [javac] /tmp/run_mutation.pl_22626_1483623220/23f/src/test/java/org/apache/commons/lang3/CharSequenceUtilsTest.java:19: warning: [deprecation] Assert in junit.framework has been deprecated
    [javac] import junit.framework.Assert;
    [javac]                       ^
    [javac] /tmp/run_mutation.pl_22626_1483623220/23f/src/test/java/org/apache/commons/lang3/SystemUtilsTest.java:27: warning: [deprecation] Assert in junit.framework has been deprecated
    [javac] import junit.framework.Assert;
    [javac]                       ^
    [javac] /tmp/run_mutation.pl_22626_1483623220/23f/src/test/java/org/apache/commons/lang3/builder/ReflectionToStringBuilderExcludeTest.java:24: warning: [deprecation] Assert in junit.framework has been deprecated
    [javac] import junit.framework.Assert;
    [javac]                       ^
    [javac] /tmp/run_mutation.pl_22626_1483623220/23f/src/test/java/org/apache/commons/lang3/time/StopWatchTest.java:19: warning: [deprecation] Assert in junit.framework has been deprecated
    [javac] import junit.framework.Assert;
    [javac]                       ^
    [javac] /tmp/run_mutation.pl_22626_1483623220/23f/src/test/java/org/apache/commons/lang3/CharSequenceUtilsTest.java:34: warning: [deprecation] Assert in junit.framework has been deprecated
    [javac]         Assert.assertEquals(null, CharSequenceUtils.subSequence(null, -1));
    [javac]         ^
    [javac] /tmp/run_mutation.pl_22626_1483623220/23f/src/test/java/org/apache/commons/lang3/CharSequenceUtilsTest.java:35: warning: [deprecation] Assert in junit.framework has been deprecated
    [javac]         Assert.assertEquals(null, CharSequenceUtils.subSequence(null, 0));
    [javac]         ^
    [javac] /tmp/run_mutation.pl_22626_1483623220/23f/src/test/java/org/apache/commons/lang3/CharSequenceUtilsTest.java:36: warning: [deprecation] Assert in junit.framework has been deprecated
    [javac]         Assert.assertEquals(null, CharSequenceUtils.subSequence(null, 1));
    [javac]         ^
    [javac] /tmp/run_mutation.pl_22626_1483623220/23f/src/test/java/org/apache/commons/lang3/CharSequenceUtilsTest.java:40: warning: [deprecation] Assert in junit.framework has been deprecated
    [javac]         Assert.assertEquals(StringUtils.EMPTY, CharSequenceUtils.subSequence(StringUtils.EMPTY, 0));
    [javac]         ^
    [javac] /tmp/run_mutation.pl_22626_1483623220/23f/src/test/java/org/apache/commons/lang3/CharSequenceUtilsTest.java:41: warning: [deprecation] Assert in junit.framework has been deprecated
    [javac]         Assert.assertEquals("012", CharSequenceUtils.subSequence("012", 0));
    [javac]         ^
    [javac] /tmp/run_mutation.pl_22626_1483623220/23f/src/test/java/org/apache/commons/lang3/CharSequenceUtilsTest.java:42: warning: [deprecation] Assert in junit.framework has been deprecated
    [javac]         Assert.assertEquals("12", CharSequenceUtils.subSequence("012", 1));
    [javac]         ^
    [javac] /tmp/run_mutation.pl_22626_1483623220/23f/src/test/java/org/apache/commons/lang3/CharSequenceUtilsTest.java:43: warning: [deprecation] Assert in junit.framework has been deprecated
    [javac]         Assert.assertEquals("2", CharSequenceUtils.subSequence("012", 2));
    [javac]         ^
    [javac] /tmp/run_mutation.pl_22626_1483623220/23f/src/test/java/org/apache/commons/lang3/CharSequenceUtilsTest.java:44: warning: [deprecation] Assert in junit.framework has been deprecated
    [javac]         Assert.assertEquals(StringUtils.EMPTY, CharSequenceUtils.subSequence("012", 3));
    [javac]         ^
    [javac] /tmp/run_mutation.pl_22626_1483623220/23f/src/test/java/org/apache/commons/lang3/CharSequenceUtilsTest.java:49: warning: [deprecation] Assert in junit.framework has been deprecated
    [javac]             Assert.assertEquals(null, CharSequenceUtils.subSequence(StringUtils.EMPTY, -1));
    [javac]             ^
    [javac] /tmp/run_mutation.pl_22626_1483623220/23f/src/test/java/org/apache/commons/lang3/CharSequenceUtilsTest.java:50: warning: [deprecation] Assert in junit.framework has been deprecated
    [javac]             Assert.fail("Expected " + IndexOutOfBoundsException.class.getName());
    [javac]             ^
    [javac] /tmp/run_mutation.pl_22626_1483623220/23f/src/test/java/org/apache/commons/lang3/CharSequenceUtilsTest.java:55: warning: [deprecation] Assert in junit.framework has been deprecated
    [javac]             Assert.assertEquals(null, CharSequenceUtils.subSequence(StringUtils.EMPTY, 1));
    [javac]             ^
    [javac] /tmp/run_mutation.pl_22626_1483623220/23f/src/test/java/org/apache/commons/lang3/CharSequenceUtilsTest.java:56: warning: [deprecation] Assert in junit.framework has been deprecated
    [javac]             Assert.fail("Expected " + IndexOutOfBoundsException.class.getName());
    [javac]             ^
    [javac] /tmp/run_mutation.pl_22626_1483623220/23f/src/test/java/org/apache/commons/lang3/SystemUtilsTest.java:60: warning: [deprecation] Assert in junit.framework has been deprecated
    [javac]         Assert.assertNotNull(dir);
    [javac]         ^
    [javac] /tmp/run_mutation.pl_22626_1483623220/23f/src/test/java/org/apache/commons/lang3/SystemUtilsTest.java:61: warning: [deprecation] Assert in junit.framework has been deprecated
    [javac]         Assert.assertTrue(dir.exists());
    [javac]         ^
    [javac] /tmp/run_mutation.pl_22626_1483623220/23f/src/test/java/org/apache/commons/lang3/SystemUtilsTest.java:69: warning: [deprecation] Assert in junit.framework has been deprecated
    [javac]         Assert.assertNotNull(dir);
    [javac]         ^
    [javac] /tmp/run_mutation.pl_22626_1483623220/23f/src/test/java/org/apache/commons/lang3/SystemUtilsTest.java:70: warning: [deprecation] Assert in junit.framework has been deprecated
    [javac]         Assert.assertTrue(dir.exists());
    [javac]         ^
    [javac] /tmp/run_mutation.pl_22626_1483623220/23f/src/test/java/org/apache/commons/lang3/SystemUtilsTest.java:78: warning: [deprecation] Assert in junit.framework has been deprecated
    [javac]         Assert.assertNotNull(dir);
    [javac]         ^
    [javac] /tmp/run_mutation.pl_22626_1483623220/23f/src/test/java/org/apache/commons/lang3/SystemUtilsTest.java:79: warning: [deprecation] Assert in junit.framework has been deprecated
    [javac]         Assert.assertTrue(dir.exists());
    [javac]         ^
    [javac] /tmp/run_mutation.pl_22626_1483623220/23f/src/test/java/org/apache/commons/lang3/SystemUtilsTest.java:87: warning: [deprecation] Assert in junit.framework has been deprecated
    [javac]         Assert.assertNotNull(dir);
    [javac]         ^
    [javac] /tmp/run_mutation.pl_22626_1483623220/23f/src/test/java/org/apache/commons/lang3/SystemUtilsTest.java:88: warning: [deprecation] Assert in junit.framework has been deprecated
    [javac]         Assert.assertTrue(dir.exists());
    [javac]         ^
    [javac] /tmp/run_mutation.pl_22626_1483623220/23f/src/test/java/org/apache/commons/lang3/builder/ReflectionToStringBuilderExcludeTest.java:114: warning: [deprecation] Assert in junit.framework has been deprecated
    [javac]         Assert.assertTrue(toString.indexOf(NOT_SECRET_FIELD) > ArrayUtils.INDEX_NOT_FOUND);
    [javac]         ^
    [javac] /tmp/run_mutation.pl_22626_1483623220/23f/src/test/java/org/apache/commons/lang3/builder/ReflectionToStringBuilderExcludeTest.java:115: warning: [deprecation] Assert in junit.framework has been deprecated
    [javac]         Assert.assertTrue(toString.indexOf(NOT_SECRET_VALUE) > ArrayUtils.INDEX_NOT_FOUND);
    [javac]         ^
    [javac] /tmp/run_mutation.pl_22626_1483623220/23f/src/test/java/org/apache/commons/lang3/builder/ReflectionToStringBuilderExcludeTest.java:119: warning: [deprecation] Assert in junit.framework has been deprecated
    [javac]         Assert.assertEquals(ArrayUtils.INDEX_NOT_FOUND, toString.indexOf(SECRET_VALUE));
    [javac]         ^
    [javac] /tmp/run_mutation.pl_22626_1483623220/23f/src/test/java/org/apache/commons/lang3/builder/ReflectionToStringBuilderExcludeTest.java:124: warning: [deprecation] Assert in junit.framework has been deprecated
    [javac]         Assert.assertTrue(toString.indexOf(SECRET_VALUE) > 0);
    [javac]         ^
    [javac] /tmp/run_mutation.pl_22626_1483623220/23f/src/test/java/org/apache/commons/lang3/time/StopWatchTest.java:208: warning: [deprecation] Assert in junit.framework has been deprecated
    [javac]             Assert.assertTrue(watch.getStartTime() >= beforeStopWatch);
    [javac]             ^
    [javac] Note: Some input files use unchecked or unsafe operations.
    [javac] Note: Recompile with -Xlint:unchecked for details.
    [javac] 30 warnings

compile.tests:

update.all.tests:

mutation.test:
     [echo] Running mutation analysis ...
    [junit] MAJOR: Mutation analysis enabled
SLF4J: Failed to load class "org.slf4j.impl.StaticLoggerBinder".
SLF4J: Defaulting to no-operation (NOP) logger implementation
SLF4J: See http://www.slf4j.org/codes.html#StaticLoggerBinder for further details.
    [junit] MAJOR: ------------------------------------------------------------
    [junit] MAJOR: Run 19 ordered tests to verify independence
    [junit] MAJOR: ------------------------------------------------------------
    [junit] MAJOR: Preprocessing time: 7.51 seconds
    [junit] MAJOR: ------------------------------------------------------------
    [junit] MAJOR: Mutants generated: 407
    [junit] MAJOR: Mutants covered:   309 (75.92%)
    [junit] MAJOR: ------------------------------------------------------------
    [junit] MAJOR: Export test map to (testMap.csv)
    [junit] MAJOR: Export coverage map to (covMap.csv)
    [junit] MAJOR: Exclude 0 mutants
    [junit] MAJOR: ------------------------------------------------------------
    [junit] MAJOR: Run mutation analysis with 19 individual tests
    [junit] MAJOR: ------------------------------------------------------------
    [junit] MAJOR: 1/19 - org.apache.commons.lang3.text.ExtendedMessageFormat_ESTest3 (17ms / 7):
    [junit] MAJOR: 1563 (0 / 7 / 7) -> AVG-RTPM: 223ms
    [junit] MAJOR: Mutants killed / live: 0 (0-0-0) / 309
    [junit] MAJOR: ------------------------------------------------------------
    [junit] MAJOR: 2/19 - org.apache.commons.lang3.text.ExtendedMessageFormat_ESTest2 (18ms / 7):
    [junit] MAJOR: 3254 (0 / 7 / 7) -> AVG-RTPM: 241ms
    [junit] MAJOR: Mutants killed / live: 0 (0-0-0) / 309
    [junit] MAJOR: ------------------------------------------------------------
    [junit] MAJOR: 3/19 - org.apache.commons.lang3.text.ExtendedMessageFormat_ESTest9 (19ms / 16):
    [junit] MAJOR: 7238 (3 / 16 / 16) -> AVG-RTPM: 249ms
    [junit] MAJOR: Mutants killed / live: 3 (3-0-0) / 306
    [junit] MAJOR: ------------------------------------------------------------
    [junit] MAJOR: 4/19 - org.apache.commons.lang3.text.ExtendedMessageFormat_ESTest1 (22ms / 7):
    [junit] MAJOR: 9549 (0 / 7 / 7) -> AVG-RTPM: 330ms
    [junit] MAJOR: Mutants killed / live: 3 (3-0-0) / 306
    [junit] MAJOR: ------------------------------------------------------------
    [junit] MAJOR: 5/19 - org.apache.commons.lang3.text.ExtendedMessageFormat_ESTest12 (22ms / 59):
    [junit] MAJOR: 37446 (7 / 59 / 59) -> AVG-RTPM: 472ms
    [junit] MAJOR: Mutants killed / live: 10 (7-5-0) / 299
    [junit] MAJOR: ------------------------------------------------------------
    [junit] MAJOR: 6/19 - org.apache.commons.lang3.text.ExtendedMessageFormat_ESTest6 (23ms / 71):
    [junit] MAJOR: 81902 (52 / 71 / 71) -> AVG-RTPM: 626ms
    [junit] MAJOR: Mutants killed / live: 62 (15-48-6) / 247
    [junit] MAJOR: ------------------------------------------------------------
    [junit] MAJOR: 7/19 - org.apache.commons.lang3.text.ExtendedMessageFormat_ESTest17 (24ms / 78):
    [junit] MAJOR: 91926 (62 / 78 / 78) -> AVG-RTPM: 128ms
    [junit] MAJOR: Mutants killed / live: 124 (15-126-6) / 185
    [junit] MAJOR: ------------------------------------------------------------
    [junit] MAJOR: 8/19 - org.apache.commons.lang3.text.ExtendedMessageFormat_ESTest15 (28ms / 112):
    [junit] MAJOR: 108602 (41 / 112 / 112) -> AVG-RTPM: 148ms
    [junit] MAJOR: Mutants killed / live: 165 (15-238-6) / 144
    [junit] MAJOR: ------------------------------------------------------------
    [junit] MAJOR: 9/19 - org.apache.commons.lang3.text.ExtendedMessageFormat_ESTest13 (31ms / 154):
    [junit] MAJOR: 130338 (37 / 154 / 154) -> AVG-RTPM: 141ms
    [junit] MAJOR: Mutants killed / live: 202 (15-392-6) / 107
    [junit] MAJOR: ------------------------------------------------------------
    [junit] MAJOR: 10/19 - org.apache.commons.lang3.text.ExtendedMessageFormat_ESTest14 (31ms / 135):
    [junit] MAJOR: 150010 (9 / 135 / 135) -> AVG-RTPM: 145ms
    [junit] MAJOR: Mutants killed / live: 211 (15-527-6) / 98
    [junit] MAJOR: ------------------------------------------------------------
    [junit] MAJOR: 11/19 - org.apache.commons.lang3.text.ExtendedMessageFormat_ESTest16 (31ms / 141):
    [junit] MAJOR: 170454 (10 / 141 / 141) -> AVG-RTPM: 144ms
    [junit] MAJOR: Mutants killed / live: 221 (15-668-6) / 88
    [junit] MAJOR: ------------------------------------------------------------
    [junit] MAJOR: 12/19 - org.apache.commons.lang3.text.ExtendedMessageFormat_ESTest4 (31ms / 25):
    [junit] MAJOR: 174242 (18 / 25 / 25) -> AVG-RTPM: 151ms
    [junit] MAJOR: Mutants killed / live: 239 (15-693-6) / 70
    [junit] MAJOR: ------------------------------------------------------------
    [junit] MAJOR: 13/19 - org.apache.commons.lang3.text.ExtendedMessageFormat_ESTest10 (32ms / 14):
    [junit] MAJOR: 176314 (5 / 14 / 14) -> AVG-RTPM: 148ms
    [junit] MAJOR: Mutants killed / live: 244 (15-707-6) / 65
    [junit] MAJOR: ------------------------------------------------------------
    [junit] MAJOR: 14/19 - org.apache.commons.lang3.text.ExtendedMessageFormat_ESTest11 (32ms / 22):
    [junit] MAJOR: 179446 (8 / 22 / 22) -> AVG-RTPM: 142ms
    [junit] MAJOR: Mutants killed / live: 252 (15-729-6) / 57
    [junit] MAJOR: ------------------------------------------------------------
    [junit] MAJOR: 15/19 - org.apache.commons.lang3.text.ExtendedMessageFormat_ESTest18 (33ms / 176):
    [junit] MAJOR: 204331 (36 / 176 / 176) -> AVG-RTPM: 141ms
    [junit] MAJOR: Mutants killed / live: 288 (15-905-6) / 21
    [junit] MAJOR: ------------------------------------------------------------
    [junit] MAJOR: 16/19 - org.apache.commons.lang3.text.ExtendedMessageFormat_ESTest5 (34ms / 7):
    [junit] MAJOR: 205357 (0 / 7 / 7) -> AVG-RTPM: 146ms
    [junit] MAJOR: Mutants killed / live: 288 (15-912-6) / 21
    [junit] MAJOR: ------------------------------------------------------------
    [junit] MAJOR: 17/19 - org.apache.commons.lang3.text.ExtendedMessageFormat_ESTest7 (37ms / 179):
    [junit] MAJOR: 232102 (0 / 179 / 179) -> AVG-RTPM: 149ms
    [junit] MAJOR: Mutants killed / live: 288 (15-1091-6) / 21
    [junit] MAJOR: ------------------------------------------------------------
    [junit] MAJOR: 18/19 - org.apache.commons.lang3.text.ExtendedMessageFormat_ESTest8 (40ms / 189):
    [junit] MAJOR: 259974 (20 / 189 / 189) -> AVG-RTPM: 147ms
    [junit] MAJOR: Mutants killed / live: 308 (15-1280-6) / 1
    [junit] MAJOR: ------------------------------------------------------------
    [junit] MAJOR: 19/19 - org.apache.commons.lang3.text.ExtendedMessageFormat_ESTest0 (63ms / 7):
    [junit] MAJOR: 261126 (0 / 7 / 7) -> AVG-RTPM: 164ms
    [junit] MAJOR: Mutants killed / live: 308 (15-1287-6) / 1
    [junit] MAJOR: ------------------------------------------------------------
    [junit] MAJOR: Summary:
    [junit] MAJOR: 
    [junit] MAJOR: Analysis time:  261.1 seconds
    [junit] MAJOR: Mutation score: 75.68% (99.68%)
    [junit] MAJOR: Mutants killed / live: 308 (15-1287-6) / 1
    [junit] MAJOR: Mutant executions: 1406
    [junit] MAJOR: ------------------------------------------------------------
    [junit] MAJOR: Export summary of results (to summary.csv)
    [junit] MAJOR: Export mutant kill details (to /tmp/run_mutation.pl_22626_1483623220/23f/kill.csv)
    [junit] MAJOR: Export kill map (to killMap.csv)!

BUILD SUCCESSFUL
Total time: 4 minutes 40 seconds
