
test-offline:

get-deps:

compile:
    [javac] /tmp/run_mutation.pl_8974_1501479410/23f/maven-build.xml:75: warning: 'includeantruntime' was not set, defaulting to build.sysclasspath=last; set to false for repeatable builds

compile-tests:
    [mkdir] Created dir: /tmp/run_mutation.pl_8974_1501479410/23f/target/test-classes
    [javac] /tmp/run_mutation.pl_8974_1501479410/23f/maven-build.xml:108: warning: 'includeantruntime' was not set, defaulting to build.sysclasspath=last; set to false for repeatable builds
    [javac] Compiling 109 source files to /tmp/run_mutation.pl_8974_1501479410/23f/target/test-classes
    [javac] warning: [options] bootstrap class path not set in conjunction with -source 1.5
    [javac] /tmp/run_mutation.pl_8974_1501479410/23f/src/test/java/org/apache/commons/lang3/CharSequenceUtilsTest.java:19: warning: [deprecation] Assert in junit.framework has been deprecated
    [javac] import junit.framework.Assert;
    [javac]                       ^
    [javac] /tmp/run_mutation.pl_8974_1501479410/23f/src/test/java/org/apache/commons/lang3/SystemUtilsTest.java:27: warning: [deprecation] Assert in junit.framework has been deprecated
    [javac] import junit.framework.Assert;
    [javac]                       ^
    [javac] /tmp/run_mutation.pl_8974_1501479410/23f/src/test/java/org/apache/commons/lang3/builder/ReflectionToStringBuilderExcludeTest.java:24: warning: [deprecation] Assert in junit.framework has been deprecated
    [javac] import junit.framework.Assert;
    [javac]                       ^
    [javac] /tmp/run_mutation.pl_8974_1501479410/23f/src/test/java/org/apache/commons/lang3/time/StopWatchTest.java:19: warning: [deprecation] Assert in junit.framework has been deprecated
    [javac] import junit.framework.Assert;
    [javac]                       ^
    [javac] /tmp/run_mutation.pl_8974_1501479410/23f/src/test/java/org/apache/commons/lang3/CharSequenceUtilsTest.java:34: warning: [deprecation] Assert in junit.framework has been deprecated
    [javac]         Assert.assertEquals(null, CharSequenceUtils.subSequence(null, -1));
    [javac]         ^
    [javac] /tmp/run_mutation.pl_8974_1501479410/23f/src/test/java/org/apache/commons/lang3/CharSequenceUtilsTest.java:35: warning: [deprecation] Assert in junit.framework has been deprecated
    [javac]         Assert.assertEquals(null, CharSequenceUtils.subSequence(null, 0));
    [javac]         ^
    [javac] /tmp/run_mutation.pl_8974_1501479410/23f/src/test/java/org/apache/commons/lang3/CharSequenceUtilsTest.java:36: warning: [deprecation] Assert in junit.framework has been deprecated
    [javac]         Assert.assertEquals(null, CharSequenceUtils.subSequence(null, 1));
    [javac]         ^
    [javac] /tmp/run_mutation.pl_8974_1501479410/23f/src/test/java/org/apache/commons/lang3/CharSequenceUtilsTest.java:40: warning: [deprecation] Assert in junit.framework has been deprecated
    [javac]         Assert.assertEquals(StringUtils.EMPTY, CharSequenceUtils.subSequence(StringUtils.EMPTY, 0));
    [javac]         ^
    [javac] /tmp/run_mutation.pl_8974_1501479410/23f/src/test/java/org/apache/commons/lang3/CharSequenceUtilsTest.java:41: warning: [deprecation] Assert in junit.framework has been deprecated
    [javac]         Assert.assertEquals("012", CharSequenceUtils.subSequence("012", 0));
    [javac]         ^
    [javac] /tmp/run_mutation.pl_8974_1501479410/23f/src/test/java/org/apache/commons/lang3/CharSequenceUtilsTest.java:42: warning: [deprecation] Assert in junit.framework has been deprecated
    [javac]         Assert.assertEquals("12", CharSequenceUtils.subSequence("012", 1));
    [javac]         ^
    [javac] /tmp/run_mutation.pl_8974_1501479410/23f/src/test/java/org/apache/commons/lang3/CharSequenceUtilsTest.java:43: warning: [deprecation] Assert in junit.framework has been deprecated
    [javac]         Assert.assertEquals("2", CharSequenceUtils.subSequence("012", 2));
    [javac]         ^
    [javac] /tmp/run_mutation.pl_8974_1501479410/23f/src/test/java/org/apache/commons/lang3/CharSequenceUtilsTest.java:44: warning: [deprecation] Assert in junit.framework has been deprecated
    [javac]         Assert.assertEquals(StringUtils.EMPTY, CharSequenceUtils.subSequence("012", 3));
    [javac]         ^
    [javac] /tmp/run_mutation.pl_8974_1501479410/23f/src/test/java/org/apache/commons/lang3/CharSequenceUtilsTest.java:49: warning: [deprecation] Assert in junit.framework has been deprecated
    [javac]             Assert.assertEquals(null, CharSequenceUtils.subSequence(StringUtils.EMPTY, -1));
    [javac]             ^
    [javac] /tmp/run_mutation.pl_8974_1501479410/23f/src/test/java/org/apache/commons/lang3/CharSequenceUtilsTest.java:50: warning: [deprecation] Assert in junit.framework has been deprecated
    [javac]             Assert.fail("Expected " + IndexOutOfBoundsException.class.getName());
    [javac]             ^
    [javac] /tmp/run_mutation.pl_8974_1501479410/23f/src/test/java/org/apache/commons/lang3/CharSequenceUtilsTest.java:55: warning: [deprecation] Assert in junit.framework has been deprecated
    [javac]             Assert.assertEquals(null, CharSequenceUtils.subSequence(StringUtils.EMPTY, 1));
    [javac]             ^
    [javac] /tmp/run_mutation.pl_8974_1501479410/23f/src/test/java/org/apache/commons/lang3/CharSequenceUtilsTest.java:56: warning: [deprecation] Assert in junit.framework has been deprecated
    [javac]             Assert.fail("Expected " + IndexOutOfBoundsException.class.getName());
    [javac]             ^
    [javac] /tmp/run_mutation.pl_8974_1501479410/23f/src/test/java/org/apache/commons/lang3/SystemUtilsTest.java:60: warning: [deprecation] Assert in junit.framework has been deprecated
    [javac]         Assert.assertNotNull(dir);
    [javac]         ^
    [javac] /tmp/run_mutation.pl_8974_1501479410/23f/src/test/java/org/apache/commons/lang3/SystemUtilsTest.java:61: warning: [deprecation] Assert in junit.framework has been deprecated
    [javac]         Assert.assertTrue(dir.exists());
    [javac]         ^
    [javac] /tmp/run_mutation.pl_8974_1501479410/23f/src/test/java/org/apache/commons/lang3/SystemUtilsTest.java:69: warning: [deprecation] Assert in junit.framework has been deprecated
    [javac]         Assert.assertNotNull(dir);
    [javac]         ^
    [javac] /tmp/run_mutation.pl_8974_1501479410/23f/src/test/java/org/apache/commons/lang3/SystemUtilsTest.java:70: warning: [deprecation] Assert in junit.framework has been deprecated
    [javac]         Assert.assertTrue(dir.exists());
    [javac]         ^
    [javac] /tmp/run_mutation.pl_8974_1501479410/23f/src/test/java/org/apache/commons/lang3/SystemUtilsTest.java:78: warning: [deprecation] Assert in junit.framework has been deprecated
    [javac]         Assert.assertNotNull(dir);
    [javac]         ^
    [javac] /tmp/run_mutation.pl_8974_1501479410/23f/src/test/java/org/apache/commons/lang3/SystemUtilsTest.java:79: warning: [deprecation] Assert in junit.framework has been deprecated
    [javac]         Assert.assertTrue(dir.exists());
    [javac]         ^
    [javac] /tmp/run_mutation.pl_8974_1501479410/23f/src/test/java/org/apache/commons/lang3/SystemUtilsTest.java:87: warning: [deprecation] Assert in junit.framework has been deprecated
    [javac]         Assert.assertNotNull(dir);
    [javac]         ^
    [javac] /tmp/run_mutation.pl_8974_1501479410/23f/src/test/java/org/apache/commons/lang3/SystemUtilsTest.java:88: warning: [deprecation] Assert in junit.framework has been deprecated
    [javac]         Assert.assertTrue(dir.exists());
    [javac]         ^
    [javac] /tmp/run_mutation.pl_8974_1501479410/23f/src/test/java/org/apache/commons/lang3/builder/ReflectionToStringBuilderExcludeTest.java:114: warning: [deprecation] Assert in junit.framework has been deprecated
    [javac]         Assert.assertTrue(toString.indexOf(NOT_SECRET_FIELD) > ArrayUtils.INDEX_NOT_FOUND);
    [javac]         ^
    [javac] /tmp/run_mutation.pl_8974_1501479410/23f/src/test/java/org/apache/commons/lang3/builder/ReflectionToStringBuilderExcludeTest.java:115: warning: [deprecation] Assert in junit.framework has been deprecated
    [javac]         Assert.assertTrue(toString.indexOf(NOT_SECRET_VALUE) > ArrayUtils.INDEX_NOT_FOUND);
    [javac]         ^
    [javac] /tmp/run_mutation.pl_8974_1501479410/23f/src/test/java/org/apache/commons/lang3/builder/ReflectionToStringBuilderExcludeTest.java:119: warning: [deprecation] Assert in junit.framework has been deprecated
    [javac]         Assert.assertEquals(ArrayUtils.INDEX_NOT_FOUND, toString.indexOf(SECRET_VALUE));
    [javac]         ^
    [javac] /tmp/run_mutation.pl_8974_1501479410/23f/src/test/java/org/apache/commons/lang3/builder/ReflectionToStringBuilderExcludeTest.java:124: warning: [deprecation] Assert in junit.framework has been deprecated
    [javac]         Assert.assertTrue(toString.indexOf(SECRET_VALUE) > 0);
    [javac]         ^
    [javac] /tmp/run_mutation.pl_8974_1501479410/23f/src/test/java/org/apache/commons/lang3/time/StopWatchTest.java:208: warning: [deprecation] Assert in junit.framework has been deprecated
    [javac]             Assert.assertTrue(watch.getStartTime() >= beforeStopWatch);
    [javac]             ^
    [javac] Note: Some input files use unchecked or unsafe operations.
    [javac] Note: Recompile with -Xlint:unchecked for details.
    [javac] 30 warnings

compile.tests:

update.all.tests:

mutation.test:
     [echo] Running mutation analysis ...
    [junit] MAJOR: Mutation analysis enabled
SLF4J: Failed to load class "org.slf4j.impl.StaticLoggerBinder".
SLF4J: Defaulting to no-operation (NOP) logger implementation
SLF4J: See http://www.slf4j.org/codes.html#StaticLoggerBinder for further details.
    [junit] MAJOR: ------------------------------------------------------------
    [junit] MAJOR: Run 16 ordered tests to verify independence
    [junit] MAJOR: ------------------------------------------------------------
    [junit] MAJOR: Preprocessing time: 3.15 seconds
    [junit] MAJOR: ------------------------------------------------------------
    [junit] MAJOR: Mutants generated: 407
    [junit] MAJOR: Mutants covered:   329 (80.84%)
    [junit] MAJOR: ------------------------------------------------------------
    [junit] MAJOR: Export test map to (testMap.csv)
    [junit] MAJOR: Export coverage map to (covMap.csv)
    [junit] MAJOR: Exclude 0 mutants
    [junit] MAJOR: ------------------------------------------------------------
    [junit] MAJOR: Run mutation analysis with 16 individual tests
    [junit] MAJOR: ------------------------------------------------------------
    [junit] MAJOR: 1/16 - org.apache.commons.lang3.text.ExtendedMessageFormat_ESTest5 (8ms / 25):
    [junit] MAJOR: 2252 (8 / 25 / 25) -> AVG-RTPM: 90ms
    [junit] MAJOR: Mutants killed / live: 8 (0-8-0) / 321
    [junit] MAJOR: ------------------------------------------------------------
    [junit] MAJOR: 2/16 - org.apache.commons.lang3.text.ExtendedMessageFormat_ESTest8 (8ms / 62):
    [junit] MAJOR: 6917 (53 / 62 / 62) -> AVG-RTPM: 75ms
    [junit] MAJOR: Mutants killed / live: 61 (7-53-1) / 268
    [junit] MAJOR: ------------------------------------------------------------
    [junit] MAJOR: 3/16 - org.apache.commons.lang3.text.ExtendedMessageFormat_ESTest12 (9ms / 133):
    [junit] MAJOR: 9670 (117 / 133 / 133) -> AVG-RTPM: 20ms
    [junit] MAJOR: Mutants killed / live: 178 (7-186-1) / 151
    [junit] MAJOR: ------------------------------------------------------------
    [junit] MAJOR: 4/16 - org.apache.commons.lang3.text.ExtendedMessageFormat_ESTest2 (9ms / 7):
    [junit] MAJOR: 9811 (0 / 7 / 7) -> AVG-RTPM: 20ms
    [junit] MAJOR: Mutants killed / live: 178 (7-193-1) / 151
    [junit] MAJOR: ------------------------------------------------------------
    [junit] MAJOR: 5/16 - org.apache.commons.lang3.text.ExtendedMessageFormat_ESTest9 (9ms / 60):
    [junit] MAJOR: 11001 (1 / 60 / 60) -> AVG-RTPM: 19ms
    [junit] MAJOR: Mutants killed / live: 179 (7-253-1) / 150
    [junit] MAJOR: ------------------------------------------------------------
    [junit] MAJOR: 6/16 - org.apache.commons.lang3.text.ExtendedMessageFormat_ESTest11 (10ms / 68):
    [junit] MAJOR: 12328 (7 / 68 / 68) -> AVG-RTPM: 19ms
    [junit] MAJOR: Mutants killed / live: 186 (7-321-1) / 143
    [junit] MAJOR: ------------------------------------------------------------
    [junit] MAJOR: 7/16 - org.apache.commons.lang3.text.ExtendedMessageFormat_ESTest13 (10ms / 132):
    [junit] MAJOR: 15063 (29 / 132 / 132) -> AVG-RTPM: 20ms
    [junit] MAJOR: Mutants killed / live: 215 (7-453-1) / 114
    [junit] MAJOR: ------------------------------------------------------------
    [junit] MAJOR: 8/16 - org.apache.commons.lang3.text.ExtendedMessageFormat_ESTest14 (10ms / 148):
    [junit] MAJOR: 17831 (20 / 148 / 148) -> AVG-RTPM: 18ms
    [junit] MAJOR: Mutants killed / live: 235 (7-601-1) / 94
    [junit] MAJOR: ------------------------------------------------------------
    [junit] MAJOR: 9/16 - org.apache.commons.lang3.text.ExtendedMessageFormat_ESTest15 (10ms / 78):
    [junit] MAJOR: 19418 (0 / 78 / 78) -> AVG-RTPM: 20ms
    [junit] MAJOR: Mutants killed / live: 235 (7-679-1) / 94
    [junit] MAJOR: ------------------------------------------------------------
    [junit] MAJOR: 10/16 - org.apache.commons.lang3.text.ExtendedMessageFormat_ESTest3 (10ms / 7):
    [junit] MAJOR: 19551 (0 / 7 / 7) -> AVG-RTPM: 19ms
    [junit] MAJOR: Mutants killed / live: 235 (7-686-1) / 94
    [junit] MAJOR: ------------------------------------------------------------
    [junit] MAJOR: 11/16 - org.apache.commons.lang3.text.ExtendedMessageFormat_ESTest4 (10ms / 7):
    [junit] MAJOR: 19673 (0 / 7 / 7) -> AVG-RTPM: 17ms
    [junit] MAJOR: Mutants killed / live: 235 (7-693-1) / 94
    [junit] MAJOR: ------------------------------------------------------------
    [junit] MAJOR: 12/16 - org.apache.commons.lang3.text.ExtendedMessageFormat_ESTest6 (10ms / 7):
    [junit] MAJOR: 19798 (0 / 7 / 7) -> AVG-RTPM: 17ms
    [junit] MAJOR: Mutants killed / live: 235 (7-700-1) / 94
    [junit] MAJOR: ------------------------------------------------------------
    [junit] MAJOR: 13/16 - org.apache.commons.lang3.text.ExtendedMessageFormat_ESTest1 (11ms / 7):
    [junit] MAJOR: 19927 (0 / 7 / 7) -> AVG-RTPM: 18ms
    [junit] MAJOR: Mutants killed / live: 235 (7-707-1) / 94
    [junit] MAJOR: ------------------------------------------------------------
    [junit] MAJOR: 14/16 - org.apache.commons.lang3.text.ExtendedMessageFormat_ESTest7 (13ms / 206):
    [junit] MAJOR: 24103 (32 / 206 / 206) -> AVG-RTPM: 20ms
    [junit] MAJOR: Mutants killed / live: 267 (7-913-1) / 62
    [junit] MAJOR: ------------------------------------------------------------
    [junit] MAJOR: 15/16 - org.apache.commons.lang3.text.ExtendedMessageFormat_ESTest10 (14ms / 22):
    [junit] MAJOR: 24532 (1 / 22 / 22) -> AVG-RTPM: 19ms
    [junit] MAJOR: Mutants killed / live: 268 (7-935-1) / 61
    [junit] MAJOR: ------------------------------------------------------------
    [junit] MAJOR: 16/16 - org.apache.commons.lang3.text.ExtendedMessageFormat_ESTest0 (26ms / 258):
    [junit] MAJOR: 29450 (51 / 258 / 258) -> AVG-RTPM: 19ms
    [junit] MAJOR: Mutants killed / live: 319 (7-1193-1) / 10
    [junit] MAJOR: ------------------------------------------------------------
    [junit] MAJOR: Summary:
    [junit] MAJOR: 
    [junit] MAJOR: Analysis time:  29.5 seconds
    [junit] MAJOR: Mutation score: 78.38% (96.96%)
    [junit] MAJOR: Mutants killed / live: 319 (7-1193-1) / 10
    [junit] MAJOR: Mutant executions: 1227
    [junit] MAJOR: ------------------------------------------------------------
    [junit] MAJOR: Export summary of results (to summary.csv)
    [junit] MAJOR: Export mutant kill details (to /tmp/run_mutation.pl_8974_1501479410/23f/kill.csv)
    [junit] MAJOR: Export kill map (to killMap.csv)!

BUILD SUCCESSFUL
Total time: 38 seconds
