
test-offline:

get-deps:

compile:
    [javac] /tmp/run_mutation.pl_120142_1501077502/24f/maven-build.xml:75: warning: 'includeantruntime' was not set, defaulting to build.sysclasspath=last; set to false for repeatable builds

compile-tests:
    [mkdir] Created dir: /tmp/run_mutation.pl_120142_1501077502/24f/target/test-classes
    [javac] /tmp/run_mutation.pl_120142_1501077502/24f/maven-build.xml:108: warning: 'includeantruntime' was not set, defaulting to build.sysclasspath=last; set to false for repeatable builds
    [javac] Compiling 109 source files to /tmp/run_mutation.pl_120142_1501077502/24f/target/test-classes
    [javac] warning: [options] bootstrap class path not set in conjunction with -source 1.5
    [javac] /tmp/run_mutation.pl_120142_1501077502/24f/src/test/java/org/apache/commons/lang3/CharSequenceUtilsTest.java:19: warning: [deprecation] Assert in junit.framework has been deprecated
    [javac] import junit.framework.Assert;
    [javac]                       ^
    [javac] /tmp/run_mutation.pl_120142_1501077502/24f/src/test/java/org/apache/commons/lang3/SystemUtilsTest.java:27: warning: [deprecation] Assert in junit.framework has been deprecated
    [javac] import junit.framework.Assert;
    [javac]                       ^
    [javac] /tmp/run_mutation.pl_120142_1501077502/24f/src/test/java/org/apache/commons/lang3/builder/ReflectionToStringBuilderExcludeTest.java:24: warning: [deprecation] Assert in junit.framework has been deprecated
    [javac] import junit.framework.Assert;
    [javac]                       ^
    [javac] /tmp/run_mutation.pl_120142_1501077502/24f/src/test/java/org/apache/commons/lang3/time/StopWatchTest.java:19: warning: [deprecation] Assert in junit.framework has been deprecated
    [javac] import junit.framework.Assert;
    [javac]                       ^
    [javac] /tmp/run_mutation.pl_120142_1501077502/24f/src/test/java/org/apache/commons/lang3/CharSequenceUtilsTest.java:34: warning: [deprecation] Assert in junit.framework has been deprecated
    [javac]         Assert.assertEquals(null, CharSequenceUtils.subSequence(null, -1));
    [javac]         ^
    [javac] /tmp/run_mutation.pl_120142_1501077502/24f/src/test/java/org/apache/commons/lang3/CharSequenceUtilsTest.java:35: warning: [deprecation] Assert in junit.framework has been deprecated
    [javac]         Assert.assertEquals(null, CharSequenceUtils.subSequence(null, 0));
    [javac]         ^
    [javac] /tmp/run_mutation.pl_120142_1501077502/24f/src/test/java/org/apache/commons/lang3/CharSequenceUtilsTest.java:36: warning: [deprecation] Assert in junit.framework has been deprecated
    [javac]         Assert.assertEquals(null, CharSequenceUtils.subSequence(null, 1));
    [javac]         ^
    [javac] /tmp/run_mutation.pl_120142_1501077502/24f/src/test/java/org/apache/commons/lang3/CharSequenceUtilsTest.java:40: warning: [deprecation] Assert in junit.framework has been deprecated
    [javac]         Assert.assertEquals(StringUtils.EMPTY, CharSequenceUtils.subSequence(StringUtils.EMPTY, 0));
    [javac]         ^
    [javac] /tmp/run_mutation.pl_120142_1501077502/24f/src/test/java/org/apache/commons/lang3/CharSequenceUtilsTest.java:41: warning: [deprecation] Assert in junit.framework has been deprecated
    [javac]         Assert.assertEquals("012", CharSequenceUtils.subSequence("012", 0));
    [javac]         ^
    [javac] /tmp/run_mutation.pl_120142_1501077502/24f/src/test/java/org/apache/commons/lang3/CharSequenceUtilsTest.java:42: warning: [deprecation] Assert in junit.framework has been deprecated
    [javac]         Assert.assertEquals("12", CharSequenceUtils.subSequence("012", 1));
    [javac]         ^
    [javac] /tmp/run_mutation.pl_120142_1501077502/24f/src/test/java/org/apache/commons/lang3/CharSequenceUtilsTest.java:43: warning: [deprecation] Assert in junit.framework has been deprecated
    [javac]         Assert.assertEquals("2", CharSequenceUtils.subSequence("012", 2));
    [javac]         ^
    [javac] /tmp/run_mutation.pl_120142_1501077502/24f/src/test/java/org/apache/commons/lang3/CharSequenceUtilsTest.java:44: warning: [deprecation] Assert in junit.framework has been deprecated
    [javac]         Assert.assertEquals(StringUtils.EMPTY, CharSequenceUtils.subSequence("012", 3));
    [javac]         ^
    [javac] /tmp/run_mutation.pl_120142_1501077502/24f/src/test/java/org/apache/commons/lang3/CharSequenceUtilsTest.java:49: warning: [deprecation] Assert in junit.framework has been deprecated
    [javac]             Assert.assertEquals(null, CharSequenceUtils.subSequence(StringUtils.EMPTY, -1));
    [javac]             ^
    [javac] /tmp/run_mutation.pl_120142_1501077502/24f/src/test/java/org/apache/commons/lang3/CharSequenceUtilsTest.java:50: warning: [deprecation] Assert in junit.framework has been deprecated
    [javac]             Assert.fail("Expected " + IndexOutOfBoundsException.class.getName());
    [javac]             ^
    [javac] /tmp/run_mutation.pl_120142_1501077502/24f/src/test/java/org/apache/commons/lang3/CharSequenceUtilsTest.java:55: warning: [deprecation] Assert in junit.framework has been deprecated
    [javac]             Assert.assertEquals(null, CharSequenceUtils.subSequence(StringUtils.EMPTY, 1));
    [javac]             ^
    [javac] /tmp/run_mutation.pl_120142_1501077502/24f/src/test/java/org/apache/commons/lang3/CharSequenceUtilsTest.java:56: warning: [deprecation] Assert in junit.framework has been deprecated
    [javac]             Assert.fail("Expected " + IndexOutOfBoundsException.class.getName());
    [javac]             ^
    [javac] /tmp/run_mutation.pl_120142_1501077502/24f/src/test/java/org/apache/commons/lang3/SystemUtilsTest.java:60: warning: [deprecation] Assert in junit.framework has been deprecated
    [javac]         Assert.assertNotNull(dir);
    [javac]         ^
    [javac] /tmp/run_mutation.pl_120142_1501077502/24f/src/test/java/org/apache/commons/lang3/SystemUtilsTest.java:61: warning: [deprecation] Assert in junit.framework has been deprecated
    [javac]         Assert.assertTrue(dir.exists());
    [javac]         ^
    [javac] /tmp/run_mutation.pl_120142_1501077502/24f/src/test/java/org/apache/commons/lang3/SystemUtilsTest.java:69: warning: [deprecation] Assert in junit.framework has been deprecated
    [javac]         Assert.assertNotNull(dir);
    [javac]         ^
    [javac] /tmp/run_mutation.pl_120142_1501077502/24f/src/test/java/org/apache/commons/lang3/SystemUtilsTest.java:70: warning: [deprecation] Assert in junit.framework has been deprecated
    [javac]         Assert.assertTrue(dir.exists());
    [javac]         ^
    [javac] /tmp/run_mutation.pl_120142_1501077502/24f/src/test/java/org/apache/commons/lang3/SystemUtilsTest.java:78: warning: [deprecation] Assert in junit.framework has been deprecated
    [javac]         Assert.assertNotNull(dir);
    [javac]         ^
    [javac] /tmp/run_mutation.pl_120142_1501077502/24f/src/test/java/org/apache/commons/lang3/SystemUtilsTest.java:79: warning: [deprecation] Assert in junit.framework has been deprecated
    [javac]         Assert.assertTrue(dir.exists());
    [javac]         ^
    [javac] /tmp/run_mutation.pl_120142_1501077502/24f/src/test/java/org/apache/commons/lang3/SystemUtilsTest.java:87: warning: [deprecation] Assert in junit.framework has been deprecated
    [javac]         Assert.assertNotNull(dir);
    [javac]         ^
    [javac] /tmp/run_mutation.pl_120142_1501077502/24f/src/test/java/org/apache/commons/lang3/SystemUtilsTest.java:88: warning: [deprecation] Assert in junit.framework has been deprecated
    [javac]         Assert.assertTrue(dir.exists());
    [javac]         ^
    [javac] /tmp/run_mutation.pl_120142_1501077502/24f/src/test/java/org/apache/commons/lang3/builder/ReflectionToStringBuilderExcludeTest.java:114: warning: [deprecation] Assert in junit.framework has been deprecated
    [javac]         Assert.assertTrue(toString.indexOf(NOT_SECRET_FIELD) > ArrayUtils.INDEX_NOT_FOUND);
    [javac]         ^
    [javac] /tmp/run_mutation.pl_120142_1501077502/24f/src/test/java/org/apache/commons/lang3/builder/ReflectionToStringBuilderExcludeTest.java:115: warning: [deprecation] Assert in junit.framework has been deprecated
    [javac]         Assert.assertTrue(toString.indexOf(NOT_SECRET_VALUE) > ArrayUtils.INDEX_NOT_FOUND);
    [javac]         ^
    [javac] /tmp/run_mutation.pl_120142_1501077502/24f/src/test/java/org/apache/commons/lang3/builder/ReflectionToStringBuilderExcludeTest.java:119: warning: [deprecation] Assert in junit.framework has been deprecated
    [javac]         Assert.assertEquals(ArrayUtils.INDEX_NOT_FOUND, toString.indexOf(SECRET_VALUE));
    [javac]         ^
    [javac] /tmp/run_mutation.pl_120142_1501077502/24f/src/test/java/org/apache/commons/lang3/builder/ReflectionToStringBuilderExcludeTest.java:124: warning: [deprecation] Assert in junit.framework has been deprecated
    [javac]         Assert.assertTrue(toString.indexOf(SECRET_VALUE) > 0);
    [javac]         ^
    [javac] /tmp/run_mutation.pl_120142_1501077502/24f/src/test/java/org/apache/commons/lang3/time/StopWatchTest.java:208: warning: [deprecation] Assert in junit.framework has been deprecated
    [javac]             Assert.assertTrue(watch.getStartTime() >= beforeStopWatch);
    [javac]             ^
    [javac] Note: Some input files use unchecked or unsafe operations.
    [javac] Note: Recompile with -Xlint:unchecked for details.
    [javac] 30 warnings

compile.tests:

update.all.tests:

mutation.test:
     [echo] Running mutation analysis ...
    [junit] MAJOR: Mutation analysis enabled
SLF4J: Failed to load class "org.slf4j.impl.StaticLoggerBinder".
SLF4J: Defaulting to no-operation (NOP) logger implementation
SLF4J: See http://www.slf4j.org/codes.html#StaticLoggerBinder for further details.
    [junit] MAJOR: ------------------------------------------------------------
    [junit] MAJOR: Run 123 ordered tests to verify independence
    [junit] MAJOR: ------------------------------------------------------------
    [junit] MAJOR: Preprocessing time: 52.51 seconds
    [junit] MAJOR: ------------------------------------------------------------
    [junit] MAJOR: Mutants generated: 1481
    [junit] MAJOR: Mutants covered:   1437 (97.03%)
    [junit] MAJOR: ------------------------------------------------------------
    [junit] MAJOR: Export test map to (testMap.csv)
    [junit] MAJOR: Export coverage map to (covMap.csv)
    [junit] MAJOR: Exclude 0 mutants
    [junit] MAJOR: ------------------------------------------------------------
    [junit] MAJOR: Run mutation analysis with 123 individual tests
    [junit] MAJOR: ------------------------------------------------------------
    [junit] MAJOR: 1/123 - org.apache.commons.lang3.math.NumberUtils_ESTest32 (6ms / 171):
    [junit] MAJOR: 237751 (51 / 171 / 171) -> AVG-RTPM: 1390ms
    [junit] MAJOR: Mutants killed / live: 51 (0-49-2) / 1386
    [junit] MAJOR: ------------------------------------------------------------
    [junit] MAJOR: 2/123 - org.apache.commons.lang3.math.NumberUtils_ESTest113 (7ms / 141):
    [junit] MAJOR: 278421 (139 / 141 / 141) -> AVG-RTPM: 288ms
    [junit] MAJOR: Mutants killed / live: 190 (0-188-2) / 1247
    [junit] MAJOR: ------------------------------------------------------------
    [junit] MAJOR: 3/123 - org.apache.commons.lang3.math.NumberUtils_ESTest116 (7ms / 210):
    [junit] MAJOR: 331062 (72 / 210 / 210) -> AVG-RTPM: 250ms
    [junit] MAJOR: Mutants killed / live: 262 (0-398-2) / 1175
    [junit] MAJOR: ------------------------------------------------------------
    [junit] MAJOR: 4/123 - org.apache.commons.lang3.math.NumberUtils_ESTest117 (7ms / 196):
    [junit] MAJOR: 385441 (0 / 196 / 196) -> AVG-RTPM: 277ms
    [junit] MAJOR: Mutants killed / live: 262 (0-594-2) / 1175
    [junit] MAJOR: ------------------------------------------------------------
    [junit] MAJOR: 5/123 - org.apache.commons.lang3.math.NumberUtils_ESTest13 (7ms / 29):
    [junit] MAJOR: 394442 (3 / 29 / 29) -> AVG-RTPM: 310ms
    [junit] MAJOR: Mutants killed / live: 265 (0-623-2) / 1172
    [junit] MAJOR: ------------------------------------------------------------
    [junit] MAJOR: 6/123 - org.apache.commons.lang3.math.NumberUtils_ESTest15 (7ms / 29):
    [junit] MAJOR: 402900 (3 / 29 / 29) -> AVG-RTPM: 291ms
    [junit] MAJOR: Mutants killed / live: 268 (0-652-2) / 1169
    [junit] MAJOR: ------------------------------------------------------------
    [junit] MAJOR: 7/123 - org.apache.commons.lang3.math.NumberUtils_ESTest16 (7ms / 29):
    [junit] MAJOR: 413042 (3 / 29 / 29) -> AVG-RTPM: 348ms
    [junit] MAJOR: Mutants killed / live: 271 (0-681-2) / 1166
    [junit] MAJOR: ------------------------------------------------------------
    [junit] MAJOR: 8/123 - org.apache.commons.lang3.math.NumberUtils_ESTest17 (7ms / 31):
    [junit] MAJOR: 424259 (2 / 31 / 31) -> AVG-RTPM: 361ms
    [junit] MAJOR: Mutants killed / live: 273 (0-712-2) / 1164
    [junit] MAJOR: ------------------------------------------------------------
    [junit] MAJOR: 9/123 - org.apache.commons.lang3.math.NumberUtils_ESTest19 (7ms / 33):
    [junit] MAJOR: 435990 (1 / 33 / 33) -> AVG-RTPM: 355ms
    [junit] MAJOR: Mutants killed / live: 274 (0-745-2) / 1163
    [junit] MAJOR: ------------------------------------------------------------
    [junit] MAJOR: 10/123 - org.apache.commons.lang3.math.NumberUtils_ESTest2 (7ms / 26):
    [junit] MAJOR: 445230 (0 / 26 / 26) -> AVG-RTPM: 355ms
    [junit] MAJOR: Mutants killed / live: 274 (0-771-2) / 1163
    [junit] MAJOR: ------------------------------------------------------------
    [junit] MAJOR: 11/123 - org.apache.commons.lang3.math.NumberUtils_ESTest20 (7ms / 43):
    [junit] MAJOR: 459895 (8 / 43 / 43) -> AVG-RTPM: 341ms
    [junit] MAJOR: Mutants killed / live: 282 (0-814-2) / 1155
    [junit] MAJOR: ------------------------------------------------------------
    [junit] MAJOR: 12/123 - org.apache.commons.lang3.math.NumberUtils_ESTest23 (7ms / 95):
    [junit] MAJOR: 494651 (45 / 95 / 95) -> AVG-RTPM: 365ms
    [junit] MAJOR: Mutants killed / live: 327 (0-909-2) / 1110
    [junit] MAJOR: ------------------------------------------------------------
    [junit] MAJOR: 13/123 - org.apache.commons.lang3.math.NumberUtils_ESTest24 (7ms / 88):
    [junit] MAJOR: 526038 (0 / 88 / 88) -> AVG-RTPM: 356ms
    [junit] MAJOR: Mutants killed / live: 327 (0-997-2) / 1110
    [junit] MAJOR: ------------------------------------------------------------
    [junit] MAJOR: 14/123 - org.apache.commons.lang3.math.NumberUtils_ESTest25 (7ms / 81):
    [junit] MAJOR: 555630 (12 / 81 / 81) -> AVG-RTPM: 365ms
    [junit] MAJOR: Mutants killed / live: 339 (0-1078-2) / 1098
    [junit] MAJOR: ------------------------------------------------------------
    [junit] MAJOR: 15/123 - org.apache.commons.lang3.math.NumberUtils_ESTest28 (7ms / 187):
    [junit] MAJOR: 624711 (73 / 187 / 187) -> AVG-RTPM: 369ms
    [junit] MAJOR: Mutants killed / live: 412 (0-1265-2) / 1025
    [junit] MAJOR: ------------------------------------------------------------
    [junit] MAJOR: 16/123 - org.apache.commons.lang3.math.NumberUtils_ESTest31 (7ms / 202):
    [junit] MAJOR: 696238 (57 / 202 / 202) -> AVG-RTPM: 354ms
    [junit] MAJOR: Mutants killed / live: 469 (0-1467-2) / 968
    [junit] MAJOR: ------------------------------------------------------------
    [junit] MAJOR: 17/123 - org.apache.commons.lang3.math.NumberUtils_ESTest33 (7ms / 199):
    [junit] MAJOR: 767911 (14 / 199 / 199) -> AVG-RTPM: 360ms
    [junit] MAJOR: Mutants killed / live: 483 (0-1666-2) / 954
    [junit] MAJOR: ------------------------------------------------------------
    [junit] MAJOR: 18/123 - org.apache.commons.lang3.math.NumberUtils_ESTest34 (7ms / 204):
    [junit] MAJOR: 834442 (2 / 204 / 204) -> AVG-RTPM: 326ms
    [junit] MAJOR: Mutants killed / live: 485 (0-1870-2) / 952
    [junit] MAJOR: ------------------------------------------------------------
    [junit] MAJOR: 19/123 - org.apache.commons.lang3.math.NumberUtils_ESTest35 (7ms / 207):
    [junit] MAJOR: 885623 (4 / 207 / 207) -> AVG-RTPM: 247ms
    [junit] MAJOR: Mutants killed / live: 489 (0-2077-2) / 948
    [junit] MAJOR: ------------------------------------------------------------
    [junit] MAJOR: 20/123 - org.apache.commons.lang3.math.NumberUtils_ESTest37 (7ms / 202):
    [junit] MAJOR: 935191 (45 / 202 / 202) -> AVG-RTPM: 245ms
    [junit] MAJOR: Mutants killed / live: 534 (0-2279-2) / 903
    [junit] MAJOR: ------------------------------------------------------------
    [junit] MAJOR: 21/123 - org.apache.commons.lang3.math.NumberUtils_ESTest38 (7ms / 171):
    [junit] MAJOR: 977339 (0 / 171 / 171) -> AVG-RTPM: 246ms
    [junit] MAJOR: Mutants killed / live: 534 (0-2450-2) / 903
    [junit] MAJOR: ------------------------------------------------------------
    [junit] MAJOR: 22/123 - org.apache.commons.lang3.math.NumberUtils_ESTest41 (7ms / 181):
    [junit] MAJOR: 1022405 (62 / 181 / 181) -> AVG-RTPM: 248ms
    [junit] MAJOR: Mutants killed / live: 596 (0-2631-2) / 841
    [junit] MAJOR: ------------------------------------------------------------
    [junit] MAJOR: 23/123 - org.apache.commons.lang3.math.NumberUtils_ESTest42 (7ms / 154):
    [junit] MAJOR: 1061835 (9 / 154 / 154) -> AVG-RTPM: 256ms
    [junit] MAJOR: Mutants killed / live: 605 (0-2785-2) / 832
    [junit] MAJOR: ------------------------------------------------------------
    [junit] MAJOR: 24/123 - org.apache.commons.lang3.math.NumberUtils_ESTest43 (7ms / 29):
    [junit] MAJOR: 1069655 (0 / 29 / 29) -> AVG-RTPM: 269ms
    [junit] MAJOR: Mutants killed / live: 605 (0-2814-2) / 832
    [junit] MAJOR: ------------------------------------------------------------
    [junit] MAJOR: 25/123 - org.apache.commons.lang3.math.NumberUtils_ESTest46 (7ms / 29):
    [junit] MAJOR: 1077021 (0 / 29 / 29) -> AVG-RTPM: 254ms
    [junit] MAJOR: Mutants killed / live: 605 (0-2843-2) / 832
    [junit] MAJOR: ------------------------------------------------------------
    [junit] MAJOR: 26/123 - org.apache.commons.lang3.math.NumberUtils_ESTest6 (7ms / 26):
    [junit] MAJOR: 1084346 (0 / 26 / 26) -> AVG-RTPM: 281ms
    [junit] MAJOR: Mutants killed / live: 605 (0-2869-2) / 832
    [junit] MAJOR: ------------------------------------------------------------
    [junit] MAJOR: 27/123 - org.apache.commons.lang3.math.NumberUtils_ESTest103 (8ms / 160):
    [junit] MAJOR: 1125870 (106 / 160 / 160) -> AVG-RTPM: 259ms
    [junit] MAJOR: Mutants killed / live: 711 (0-3029-2) / 726
    [junit] MAJOR: ------------------------------------------------------------
    [junit] MAJOR: 28/123 - org.apache.commons.lang3.math.NumberUtils_ESTest109 (8ms / 139):
    [junit] MAJOR: 1163832 (54 / 139 / 139) -> AVG-RTPM: 273ms
    [junit] MAJOR: Mutants killed / live: 765 (0-3168-2) / 672
    [junit] MAJOR: ------------------------------------------------------------
    [junit] MAJOR: 29/123 - org.apache.commons.lang3.math.NumberUtils_ESTest111 (8ms / 151):
    [junit] MAJOR: 1203871 (24 / 151 / 151) -> AVG-RTPM: 265ms
    [junit] MAJOR: Mutants killed / live: 789 (0-3319-2) / 648
    [junit] MAJOR: ------------------------------------------------------------
    [junit] MAJOR: 30/123 - org.apache.commons.lang3.math.NumberUtils_ESTest118 (8ms / 203):
    [junit] MAJOR: 1257722 (0 / 203 / 203) -> AVG-RTPM: 265ms
    [junit] MAJOR: Mutants killed / live: 789 (0-3522-2) / 648
    [junit] MAJOR: ------------------------------------------------------------
    [junit] MAJOR: 31/123 - org.apache.commons.lang3.math.NumberUtils_ESTest119 (8ms / 232):
    [junit] MAJOR: 1312091 (22 / 232 / 232) -> AVG-RTPM: 234ms
    [junit] MAJOR: Mutants killed / live: 811 (0-3754-2) / 626
    [junit] MAJOR: ------------------------------------------------------------
    [junit] MAJOR: 32/123 - org.apache.commons.lang3.math.NumberUtils_ESTest12 (8ms / 29):
    [junit] MAJOR: 1318510 (3 / 29 / 29) -> AVG-RTPM: 221ms
    [junit] MAJOR: Mutants killed / live: 814 (0-3783-2) / 623
    [junit] MAJOR: ------------------------------------------------------------
    [junit] MAJOR: 33/123 - org.apache.commons.lang3.math.NumberUtils_ESTest120 (8ms / 314):
    [junit] MAJOR: 1393547 (28 / 314 / 314) -> AVG-RTPM: 238ms
    [junit] MAJOR: Mutants killed / live: 842 (0-4097-2) / 595
    [junit] MAJOR: ------------------------------------------------------------
    [junit] MAJOR: 34/123 - org.apache.commons.lang3.math.NumberUtils_ESTest122 (8ms / 291):
    [junit] MAJOR: 1463429 (0 / 291 / 291) -> AVG-RTPM: 240ms
    [junit] MAJOR: Mutants killed / live: 842 (0-4388-2) / 595
    [junit] MAJOR: ------------------------------------------------------------
    [junit] MAJOR: 35/123 - org.apache.commons.lang3.math.NumberUtils_ESTest14 (8ms / 29):
    [junit] MAJOR: 1470088 (3 / 29 / 29) -> AVG-RTPM: 229ms
    [junit] MAJOR: Mutants killed / live: 845 (0-4417-2) / 592
    [junit] MAJOR: ------------------------------------------------------------
    [junit] MAJOR: 36/123 - org.apache.commons.lang3.math.NumberUtils_ESTest18 (8ms / 29):
    [junit] MAJOR: 1476632 (0 / 29 / 29) -> AVG-RTPM: 225ms
    [junit] MAJOR: Mutants killed / live: 845 (0-4446-2) / 592
    [junit] MAJOR: ------------------------------------------------------------
    [junit] MAJOR: 37/123 - org.apache.commons.lang3.math.NumberUtils_ESTest21 (8ms / 43):
    [junit] MAJOR: 1487208 (0 / 43 / 43) -> AVG-RTPM: 245ms
    [junit] MAJOR: Mutants killed / live: 845 (0-4489-2) / 592
    [junit] MAJOR: ------------------------------------------------------------
    [junit] MAJOR: 38/123 - org.apache.commons.lang3.math.NumberUtils_ESTest22 (8ms / 179):
    [junit] MAJOR: 1530857 (1 / 179 / 179) -> AVG-RTPM: 243ms
    [junit] MAJOR: Mutants killed / live: 846 (0-4668-2) / 591
    [junit] MAJOR: ------------------------------------------------------------
    [junit] MAJOR: 39/123 - org.apache.commons.lang3.math.NumberUtils_ESTest26 (8ms / 119):
    [junit] MAJOR: 1561122 (6 / 119 / 119) -> AVG-RTPM: 254ms
    [junit] MAJOR: Mutants killed / live: 852 (0-4787-2) / 585
    [junit] MAJOR: ------------------------------------------------------------
    [junit] MAJOR: 40/123 - org.apache.commons.lang3.math.NumberUtils_ESTest3 (8ms / 29):
    [junit] MAJOR: 1567609 (0 / 29 / 29) -> AVG-RTPM: 223ms
    [junit] MAJOR: Mutants killed / live: 852 (0-4816-2) / 585
    [junit] MAJOR: ------------------------------------------------------------
    [junit] MAJOR: 41/123 - org.apache.commons.lang3.math.NumberUtils_ESTest36 (8ms / 205):
    [junit] MAJOR: 1617090 (0 / 205 / 205) -> AVG-RTPM: 241ms
    [junit] MAJOR: Mutants killed / live: 852 (0-5021-2) / 585
    [junit] MAJOR: ------------------------------------------------------------
    [junit] MAJOR: 42/123 - org.apache.commons.lang3.math.NumberUtils_ESTest39 (8ms / 188):
    [junit] MAJOR: 1663031 (0 / 188 / 188) -> AVG-RTPM: 244ms
    [junit] MAJOR: Mutants killed / live: 852 (0-5209-2) / 585
    [junit] MAJOR: ------------------------------------------------------------
    [junit] MAJOR: 43/123 - org.apache.commons.lang3.math.NumberUtils_ESTest4 (8ms / 26):
    [junit] MAJOR: 1669755 (0 / 26 / 26) -> AVG-RTPM: 258ms
    [junit] MAJOR: Mutants killed / live: 852 (0-5235-2) / 585
    [junit] MAJOR: ------------------------------------------------------------
    [junit] MAJOR: 44/123 - org.apache.commons.lang3.math.NumberUtils_ESTest40 (8ms / 182):
    [junit] MAJOR: 1714126 (19 / 182 / 182) -> AVG-RTPM: 243ms
    [junit] MAJOR: Mutants killed / live: 871 (0-5417-2) / 566
    [junit] MAJOR: ------------------------------------------------------------
    [junit] MAJOR: 45/123 - org.apache.commons.lang3.math.NumberUtils_ESTest45 (8ms / 29):
    [junit] MAJOR: 1720716 (0 / 29 / 29) -> AVG-RTPM: 227ms
    [junit] MAJOR: Mutants killed / live: 871 (0-5446-2) / 566
    [junit] MAJOR: ------------------------------------------------------------
    [junit] MAJOR: 46/123 - org.apache.commons.lang3.math.NumberUtils_ESTest48 (8ms / 29):
    [junit] MAJOR: 1728132 (0 / 29 / 29) -> AVG-RTPM: 255ms
    [junit] MAJOR: Mutants killed / live: 871 (0-5475-2) / 566
    [junit] MAJOR: ------------------------------------------------------------
    [junit] MAJOR: 47/123 - org.apache.commons.lang3.math.NumberUtils_ESTest49 (8ms / 31):
    [junit] MAJOR: 1735235 (0 / 31 / 31) -> AVG-RTPM: 229ms
    [junit] MAJOR: Mutants killed / live: 871 (0-5506-2) / 566
    [junit] MAJOR: ------------------------------------------------------------
    [junit] MAJOR: 48/123 - org.apache.commons.lang3.math.NumberUtils_ESTest50 (8ms / 29):
    [junit] MAJOR: 1742724 (3 / 29 / 29) -> AVG-RTPM: 258ms
    [junit] MAJOR: Mutants killed / live: 874 (0-5535-2) / 563
    [junit] MAJOR: ------------------------------------------------------------
    [junit] MAJOR: 49/123 - org.apache.commons.lang3.math.NumberUtils_ESTest52 (8ms / 29):
    [junit] MAJOR: 1750098 (3 / 29 / 29) -> AVG-RTPM: 254ms
    [junit] MAJOR: Mutants killed / live: 877 (0-5564-2) / 560
    [junit] MAJOR: ------------------------------------------------------------
    [junit] MAJOR: 50/123 - org.apache.commons.lang3.math.NumberUtils_ESTest54 (8ms / 29):
    [junit] MAJOR: 1756745 (3 / 29 / 29) -> AVG-RTPM: 229ms
    [junit] MAJOR: Mutants killed / live: 880 (0-5593-2) / 557
    [junit] MAJOR: ------------------------------------------------------------
    [junit] MAJOR: 51/123 - org.apache.commons.lang3.math.NumberUtils_ESTest55 (8ms / 57):
    [junit] MAJOR: 1770878 (28 / 57 / 57) -> AVG-RTPM: 247ms
    [junit] MAJOR: Mutants killed / live: 908 (0-5650-2) / 529
    [junit] MAJOR: ------------------------------------------------------------
    [junit] MAJOR: 52/123 - org.apache.commons.lang3.math.NumberUtils_ESTest56 (8ms / 56):
    [junit] MAJOR: 1783584 (30 / 56 / 56) -> AVG-RTPM: 226ms
    [junit] MAJOR: Mutants killed / live: 938 (0-5706-2) / 499
    [junit] MAJOR: ------------------------------------------------------------
    [junit] MAJOR: 53/123 - org.apache.commons.lang3.math.NumberUtils_ESTest57 (8ms / 29):
    [junit] MAJOR: 1791234 (0 / 29 / 29) -> AVG-RTPM: 263ms
    [junit] MAJOR: Mutants killed / live: 938 (0-5735-2) / 499
    [junit] MAJOR: ------------------------------------------------------------
    [junit] MAJOR: 54/123 - org.apache.commons.lang3.math.NumberUtils_ESTest58 (8ms / 57):
    [junit] MAJOR: 1805282 (1 / 57 / 57) -> AVG-RTPM: 246ms
    [junit] MAJOR: Mutants killed / live: 939 (0-5792-2) / 498
    [junit] MAJOR: ------------------------------------------------------------
    [junit] MAJOR: 55/123 - org.apache.commons.lang3.math.NumberUtils_ESTest61 (8ms / 59):
    [junit] MAJOR: 1820177 (33 / 59 / 59) -> AVG-RTPM: 252ms
    [junit] MAJOR: Mutants killed / live: 972 (0-5851-2) / 465
    [junit] MAJOR: ------------------------------------------------------------
    [junit] MAJOR: 56/123 - org.apache.commons.lang3.math.NumberUtils_ESTest63 (8ms / 58):
    [junit] MAJOR: 1833547 (32 / 58 / 58) -> AVG-RTPM: 230ms
    [junit] MAJOR: Mutants killed / live: 1004 (0-5909-2) / 433
    [junit] MAJOR: ------------------------------------------------------------
    [junit] MAJOR: 57/123 - org.apache.commons.lang3.math.NumberUtils_ESTest65 (8ms / 29):
    [junit] MAJOR: 1840495 (3 / 29 / 29) -> AVG-RTPM: 239ms
    [junit] MAJOR: Mutants killed / live: 1007 (0-5938-2) / 430
    [junit] MAJOR: ------------------------------------------------------------
    [junit] MAJOR: 58/123 - org.apache.commons.lang3.math.NumberUtils_ESTest100 (9ms / 207):
    [junit] MAJOR: 1896322 (7 / 207 / 207) -> AVG-RTPM: 269ms
    [junit] MAJOR: Mutants killed / live: 1014 (0-6145-2) / 423
    [junit] MAJOR: ------------------------------------------------------------
    [junit] MAJOR: 59/123 - org.apache.commons.lang3.math.NumberUtils_ESTest107 (9ms / 117):
    [junit] MAJOR: 1931302 (1 / 117 / 117) -> AVG-RTPM: 298ms
    [junit] MAJOR: Mutants killed / live: 1015 (0-6262-2) / 422
    [junit] MAJOR: ------------------------------------------------------------
    [junit] MAJOR: 60/123 - org.apache.commons.lang3.math.NumberUtils_ESTest108 (9ms / 161):
    [junit] MAJOR: 1980165 (4 / 161 / 161) -> AVG-RTPM: 303ms
    [junit] MAJOR: Mutants killed / live: 1019 (0-6423-2) / 418
    [junit] MAJOR: ------------------------------------------------------------
    [junit] MAJOR: 61/123 - org.apache.commons.lang3.math.NumberUtils_ESTest11 (9ms / 29):
    [junit] MAJOR: 1990616 (3 / 29 / 29) -> AVG-RTPM: 360ms
    [junit] MAJOR: Mutants killed / live: 1022 (0-6452-2) / 415
    [junit] MAJOR: ------------------------------------------------------------
    [junit] MAJOR: 62/123 - org.apache.commons.lang3.math.NumberUtils_ESTest110 (9ms / 144):
    [junit] MAJOR: 2037017 (0 / 144 / 144) -> AVG-RTPM: 322ms
    [junit] MAJOR: Mutants killed / live: 1022 (0-6596-2) / 415
    [junit] MAJOR: ------------------------------------------------------------
    [junit] MAJOR: 63/123 - org.apache.commons.lang3.math.NumberUtils_ESTest114 (9ms / 148):
    [junit] MAJOR: 2088244 (0 / 148 / 148) -> AVG-RTPM: 346ms
    [junit] MAJOR: Mutants killed / live: 1022 (0-6744-2) / 415
    [junit] MAJOR: ------------------------------------------------------------
    [junit] MAJOR: 64/123 - org.apache.commons.lang3.math.NumberUtils_ESTest115 (9ms / 224):
    [junit] MAJOR: 2153371 (1 / 224 / 224) -> AVG-RTPM: 290ms
    [junit] MAJOR: Mutants killed / live: 1023 (0-6968-2) / 414
    [junit] MAJOR: ------------------------------------------------------------
    [junit] MAJOR: 65/123 - org.apache.commons.lang3.math.NumberUtils_ESTest29 (9ms / 153):
    [junit] MAJOR: 2192748 (0 / 153 / 153) -> AVG-RTPM: 257ms
    [junit] MAJOR: Mutants killed / live: 1023 (0-7121-2) / 414
    [junit] MAJOR: ------------------------------------------------------------
    [junit] MAJOR: 66/123 - org.apache.commons.lang3.math.NumberUtils_ESTest44 (9ms / 29):
    [junit] MAJOR: 2199766 (0 / 29 / 29) -> AVG-RTPM: 242ms
    [junit] MAJOR: Mutants killed / live: 1023 (0-7150-2) / 414
    [junit] MAJOR: ------------------------------------------------------------
    [junit] MAJOR: 67/123 - org.apache.commons.lang3.math.NumberUtils_ESTest47 (9ms / 29):
    [junit] MAJOR: 2207638 (0 / 29 / 29) -> AVG-RTPM: 271ms
    [junit] MAJOR: Mutants killed / live: 1023 (0-7179-2) / 414
    [junit] MAJOR: ------------------------------------------------------------
    [junit] MAJOR: 68/123 - org.apache.commons.lang3.math.NumberUtils_ESTest5 (9ms / 26):
    [junit] MAJOR: 2213892 (0 / 26 / 26) -> AVG-RTPM: 240ms
    [junit] MAJOR: Mutants killed / live: 1023 (0-7205-2) / 414
    [junit] MAJOR: ------------------------------------------------------------
    [junit] MAJOR: 69/123 - org.apache.commons.lang3.math.NumberUtils_ESTest51 (9ms / 57):
    [junit] MAJOR: 2229038 (28 / 57 / 57) -> AVG-RTPM: 265ms
    [junit] MAJOR: Mutants killed / live: 1051 (0-7262-2) / 386
    [junit] MAJOR: ------------------------------------------------------------
    [junit] MAJOR: 70/123 - org.apache.commons.lang3.math.NumberUtils_ESTest59 (9ms / 29):
    [junit] MAJOR: 2236716 (0 / 29 / 29) -> AVG-RTPM: 264ms
    [junit] MAJOR: Mutants killed / live: 1051 (0-7291-2) / 386
    [junit] MAJOR: ------------------------------------------------------------
    [junit] MAJOR: 71/123 - org.apache.commons.lang3.math.NumberUtils_ESTest60 (9ms / 58):
    [junit] MAJOR: 2251890 (0 / 58 / 58) -> AVG-RTPM: 261ms
    [junit] MAJOR: Mutants killed / live: 1051 (0-7349-2) / 386
    [junit] MAJOR: ------------------------------------------------------------
    [junit] MAJOR: 72/123 - org.apache.commons.lang3.math.NumberUtils_ESTest62 (9ms / 29):
    [junit] MAJOR: 2259135 (0 / 29 / 29) -> AVG-RTPM: 249ms
    [junit] MAJOR: Mutants killed / live: 1051 (0-7378-2) / 386
    [junit] MAJOR: ------------------------------------------------------------
    [junit] MAJOR: 73/123 - org.apache.commons.lang3.math.NumberUtils_ESTest64 (9ms / 59):
    [junit] MAJOR: 2274684 (1 / 59 / 59) -> AVG-RTPM: 263ms
    [junit] MAJOR: Mutants killed / live: 1052 (0-7437-2) / 385
    [junit] MAJOR: ------------------------------------------------------------
    [junit] MAJOR: 74/123 - org.apache.commons.lang3.math.NumberUtils_ESTest66 (9ms / 57):
    [junit] MAJOR: 2290642 (28 / 57 / 57) -> AVG-RTPM: 279ms
    [junit] MAJOR: Mutants killed / live: 1080 (0-7494-2) / 357
    [junit] MAJOR: ------------------------------------------------------------
    [junit] MAJOR: 75/123 - org.apache.commons.lang3.math.NumberUtils_ESTest68 (9ms / 57):
    [junit] MAJOR: 2305979 (31 / 57 / 57) -> AVG-RTPM: 269ms
    [junit] MAJOR: Mutants killed / live: 1111 (0-7551-2) / 326
    [junit] MAJOR: ------------------------------------------------------------
    [junit] MAJOR: 76/123 - org.apache.commons.lang3.math.NumberUtils_ESTest7 (9ms / 29):
    [junit] MAJOR: 2313328 (0 / 29 / 29) -> AVG-RTPM: 253ms
    [junit] MAJOR: Mutants killed / live: 1111 (0-7580-2) / 326
    [junit] MAJOR: ------------------------------------------------------------
    [junit] MAJOR: 77/123 - org.apache.commons.lang3.math.NumberUtils_ESTest76 (9ms / 29):
    [junit] MAJOR: 2320683 (3 / 29 / 29) -> AVG-RTPM: 253ms
    [junit] MAJOR: Mutants killed / live: 1114 (0-7609-2) / 323
    [junit] MAJOR: ------------------------------------------------------------
    [junit] MAJOR: 78/123 - org.apache.commons.lang3.math.NumberUtils_ESTest77 (9ms / 58):
    [junit] MAJOR: 2336474 (29 / 58 / 58) -> AVG-RTPM: 272ms
    [junit] MAJOR: Mutants killed / live: 1143 (0-7667-2) / 294
    [junit] MAJOR: ------------------------------------------------------------
    [junit] MAJOR: 79/123 - org.apache.commons.lang3.math.NumberUtils_ESTest78 (9ms / 59):
    [junit] MAJOR: 2353284 (1 / 59 / 59) -> AVG-RTPM: 284ms
    [junit] MAJOR: Mutants killed / live: 1144 (0-7726-2) / 293
    [junit] MAJOR: ------------------------------------------------------------
    [junit] MAJOR: 80/123 - org.apache.commons.lang3.math.NumberUtils_ESTest82 (9ms / 41):
    [junit] MAJOR: 2364756 (15 / 41 / 41) -> AVG-RTPM: 279ms
    [junit] MAJOR: Mutants killed / live: 1159 (0-7767-2) / 278
    [junit] MAJOR: ------------------------------------------------------------
    [junit] MAJOR: 81/123 - org.apache.commons.lang3.math.NumberUtils_ESTest83 (9ms / 41):
    [junit] MAJOR: 2375397 (15 / 41 / 41) -> AVG-RTPM: 259ms
    [junit] MAJOR: Mutants killed / live: 1174 (0-7808-2) / 263
    [junit] MAJOR: ------------------------------------------------------------
    [junit] MAJOR: 82/123 - org.apache.commons.lang3.math.NumberUtils_ESTest86 (9ms / 41):
    [junit] MAJOR: 2386819 (15 / 41 / 41) -> AVG-RTPM: 278ms
    [junit] MAJOR: Mutants killed / live: 1189 (0-7849-2) / 248
    [junit] MAJOR: ------------------------------------------------------------
    [junit] MAJOR: 83/123 - org.apache.commons.lang3.math.NumberUtils_ESTest112 (10ms / 167):
    [junit] MAJOR: 2431852 (1 / 167 / 167) -> AVG-RTPM: 269ms
    [junit] MAJOR: Mutants killed / live: 1190 (0-8016-2) / 247
    [junit] MAJOR: ------------------------------------------------------------
    [junit] MAJOR: 84/123 - org.apache.commons.lang3.math.NumberUtils_ESTest67 (10ms / 29):
    [junit] MAJOR: 2439169 (0 / 29 / 29) -> AVG-RTPM: 252ms
    [junit] MAJOR: Mutants killed / live: 1190 (0-8045-2) / 247
    [junit] MAJOR: ------------------------------------------------------------
    [junit] MAJOR: 85/123 - org.apache.commons.lang3.math.NumberUtils_ESTest70 (10ms / 57):
    [junit] MAJOR: 2454237 (31 / 57 / 57) -> AVG-RTPM: 264ms
    [junit] MAJOR: Mutants killed / live: 1221 (0-8102-2) / 216
    [junit] MAJOR: ------------------------------------------------------------
    [junit] MAJOR: 86/123 - org.apache.commons.lang3.math.NumberUtils_ESTest72 (10ms / 57):
    [junit] MAJOR: 2470236 (31 / 57 / 57) -> AVG-RTPM: 280ms
    [junit] MAJOR: Mutants killed / live: 1252 (0-8159-2) / 185
    [junit] MAJOR: ------------------------------------------------------------
    [junit] MAJOR: 87/123 - org.apache.commons.lang3.math.NumberUtils_ESTest75 (10ms / 59):
    [junit] MAJOR: 2486103 (33 / 59 / 59) -> AVG-RTPM: 268ms
    [junit] MAJOR: Mutants killed / live: 1285 (0-8218-2) / 152
    [junit] MAJOR: ------------------------------------------------------------
    [junit] MAJOR: 88/123 - org.apache.commons.lang3.math.NumberUtils_ESTest80 (10ms / 41):
    [junit] MAJOR: 2496696 (15 / 41 / 41) -> AVG-RTPM: 258ms
    [junit] MAJOR: Mutants killed / live: 1300 (0-8259-2) / 137
    [junit] MAJOR: ------------------------------------------------------------
    [junit] MAJOR: 89/123 - org.apache.commons.lang3.math.NumberUtils_ESTest84 (10ms / 41):
    [junit] MAJOR: 2507816 (1 / 41 / 41) -> AVG-RTPM: 271ms
    [junit] MAJOR: Mutants killed / live: 1301 (0-8300-2) / 136
    [junit] MAJOR: ------------------------------------------------------------
    [junit] MAJOR: 90/123 - org.apache.commons.lang3.math.NumberUtils_ESTest85 (10ms / 41):
    [junit] MAJOR: 2518517 (1 / 41 / 41) -> AVG-RTPM: 261ms
    [junit] MAJOR: Mutants killed / live: 1302 (0-8341-2) / 135
    [junit] MAJOR: ------------------------------------------------------------
    [junit] MAJOR: 91/123 - org.apache.commons.lang3.math.NumberUtils_ESTest87 (10ms / 42):
    [junit] MAJOR: 2530823 (16 / 42 / 42) -> AVG-RTPM: 293ms
    [junit] MAJOR: Mutants killed / live: 1318 (0-8383-2) / 119
    [junit] MAJOR: ------------------------------------------------------------
    [junit] MAJOR: 92/123 - org.apache.commons.lang3.math.NumberUtils_ESTest89 (10ms / 41):
    [junit] MAJOR: 2542200 (15 / 41 / 41) -> AVG-RTPM: 277ms
    [junit] MAJOR: Mutants killed / live: 1333 (0-8424-2) / 104
    [junit] MAJOR: ------------------------------------------------------------
    [junit] MAJOR: 93/123 - org.apache.commons.lang3.math.NumberUtils_ESTest90 (10ms / 41):
    [junit] MAJOR: 2552650 (1 / 41 / 41) -> AVG-RTPM: 254ms
    [junit] MAJOR: Mutants killed / live: 1334 (0-8465-2) / 103
    [junit] MAJOR: ------------------------------------------------------------
    [junit] MAJOR: 94/123 - org.apache.commons.lang3.math.NumberUtils_ESTest91 (10ms / 40):
    [junit] MAJOR: 2562923 (14 / 40 / 40) -> AVG-RTPM: 256ms
    [junit] MAJOR: Mutants killed / live: 1348 (0-8505-2) / 89
    [junit] MAJOR: ------------------------------------------------------------
    [junit] MAJOR: 95/123 - org.apache.commons.lang3.math.NumberUtils_ESTest92 (10ms / 41):
    [junit] MAJOR: 2574271 (1 / 41 / 41) -> AVG-RTPM: 276ms
    [junit] MAJOR: Mutants killed / live: 1349 (0-8546-2) / 88
    [junit] MAJOR: ------------------------------------------------------------
    [junit] MAJOR: 96/123 - org.apache.commons.lang3.math.NumberUtils_ESTest94 (10ms / 41):
    [junit] MAJOR: 2585702 (15 / 41 / 41) -> AVG-RTPM: 278ms
    [junit] MAJOR: Mutants killed / live: 1364 (0-8587-2) / 73
    [junit] MAJOR: ------------------------------------------------------------
    [junit] MAJOR: 97/123 - org.apache.commons.lang3.math.NumberUtils_ESTest97 (10ms / 29):
    [junit] MAJOR: 2593781 (1 / 29 / 29) -> AVG-RTPM: 278ms
    [junit] MAJOR: Mutants killed / live: 1365 (0-8616-2) / 72
    [junit] MAJOR: ------------------------------------------------------------
    [junit] MAJOR: 98/123 - org.apache.commons.lang3.math.NumberUtils_ESTest98 (10ms / 156):
    [junit] MAJOR: 2635258 (1 / 156 / 156) -> AVG-RTPM: 265ms
    [junit] MAJOR: Mutants killed / live: 1366 (0-8772-2) / 71
    [junit] MAJOR: ------------------------------------------------------------
    [junit] MAJOR: 99/123 - org.apache.commons.lang3.math.NumberUtils_ESTest99 (10ms / 112):
    [junit] MAJOR: 2666525 (7 / 112 / 112) -> AVG-RTPM: 279ms
    [junit] MAJOR: Mutants killed / live: 1373 (0-8884-2) / 64
    [junit] MAJOR: ------------------------------------------------------------
    [junit] MAJOR: 100/123 - org.apache.commons.lang3.math.NumberUtils_ESTest69 (11ms / 29):
    [junit] MAJOR: 2674081 (0 / 29 / 29) -> AVG-RTPM: 260ms
    [junit] MAJOR: Mutants killed / live: 1373 (0-8913-2) / 64
    [junit] MAJOR: ------------------------------------------------------------
    [junit] MAJOR: 101/123 - org.apache.commons.lang3.math.NumberUtils_ESTest74 (11ms / 58):
    [junit] MAJOR: 2689647 (0 / 58 / 58) -> AVG-RTPM: 268ms
    [junit] MAJOR: Mutants killed / live: 1373 (0-8971-2) / 64
    [junit] MAJOR: ------------------------------------------------------------
    [junit] MAJOR: 102/123 - org.apache.commons.lang3.math.NumberUtils_ESTest95 (11ms / 41):
    [junit] MAJOR: 2700254 (1 / 41 / 41) -> AVG-RTPM: 258ms
    [junit] MAJOR: Mutants killed / live: 1374 (0-9012-2) / 63
    [junit] MAJOR: ------------------------------------------------------------
    [junit] MAJOR: 103/123 - org.apache.commons.lang3.math.NumberUtils_ESTest1 (12ms / 31):
    [junit] MAJOR: 2709787 (2 / 31 / 31) -> AVG-RTPM: 307ms
    [junit] MAJOR: Mutants killed / live: 1376 (0-9043-2) / 61
    [junit] MAJOR: ------------------------------------------------------------
    [junit] MAJOR: 104/123 - org.apache.commons.lang3.math.NumberUtils_ESTest101 (12ms / 97):
    [junit] MAJOR: 2735984 (1 / 97 / 97) -> AVG-RTPM: 270ms
    [junit] MAJOR: Mutants killed / live: 1377 (0-9140-2) / 60
    [junit] MAJOR: ------------------------------------------------------------
    [junit] MAJOR: 105/123 - org.apache.commons.lang3.math.NumberUtils_ESTest102 (12ms / 160):
    [junit] MAJOR: 2780095 (15 / 160 / 160) -> AVG-RTPM: 275ms
    [junit] MAJOR: Mutants killed / live: 1392 (0-9300-2) / 45
    [junit] MAJOR: ------------------------------------------------------------
    [junit] MAJOR: 106/123 - org.apache.commons.lang3.math.NumberUtils_ESTest53 (12ms / 57):
    [junit] MAJOR: 2793929 (28 / 57 / 57) -> AVG-RTPM: 242ms
    [junit] MAJOR: Mutants killed / live: 1420 (0-9357-2) / 17
    [junit] MAJOR: ------------------------------------------------------------
    [junit] MAJOR: 107/123 - org.apache.commons.lang3.math.NumberUtils_ESTest73 (12ms / 29):
    [junit] MAJOR: 2800946 (0 / 29 / 29) -> AVG-RTPM: 241ms
    [junit] MAJOR: Mutants killed / live: 1420 (0-9386-2) / 17
    [junit] MAJOR: ------------------------------------------------------------
    [junit] MAJOR: 108/123 - org.apache.commons.lang3.math.NumberUtils_ESTest81 (12ms / 41):
    [junit] MAJOR: 2811771 (1 / 41 / 41) -> AVG-RTPM: 264ms
    [junit] MAJOR: Mutants killed / live: 1421 (0-9427-2) / 16
    [junit] MAJOR: ------------------------------------------------------------
    [junit] MAJOR: 109/123 - org.apache.commons.lang3.math.NumberUtils_ESTest9 (12ms / 26):
    [junit] MAJOR: 2818229 (0 / 26 / 26) -> AVG-RTPM: 248ms
    [junit] MAJOR: Mutants killed / live: 1421 (0-9453-2) / 16
    [junit] MAJOR: ------------------------------------------------------------
    [junit] MAJOR: 110/123 - org.apache.commons.lang3.math.NumberUtils_ESTest96 (12ms / 29):
    [junit] MAJOR: 2826108 (1 / 29 / 29) -> AVG-RTPM: 271ms
    [junit] MAJOR: Mutants killed / live: 1422 (0-9482-2) / 15
    [junit] MAJOR: ------------------------------------------------------------
    [junit] MAJOR: 111/123 - org.apache.commons.lang3.math.NumberUtils_ESTest10 (13ms / 31):
    [junit] MAJOR: 2834532 (2 / 31 / 31) -> AVG-RTPM: 271ms
    [junit] MAJOR: Mutants killed / live: 1424 (0-9513-2) / 13
    [junit] MAJOR: ------------------------------------------------------------
    [junit] MAJOR: 112/123 - org.apache.commons.lang3.math.NumberUtils_ESTest93 (14ms / 42):
    [junit] MAJOR: 2845846 (1 / 42 / 42) -> AVG-RTPM: 269ms
    [junit] MAJOR: Mutants killed / live: 1425 (0-9555-2) / 12
    [junit] MAJOR: ------------------------------------------------------------
    [junit] MAJOR: 113/123 - org.apache.commons.lang3.math.NumberUtils_ESTest27 (15ms / 190):
    [junit] MAJOR: 2895247 (0 / 190 / 190) -> AVG-RTPM: 260ms
    [junit] MAJOR: Mutants killed / live: 1425 (0-9745-2) / 12
    [junit] MAJOR: ------------------------------------------------------------
    [junit] MAJOR: 114/123 - org.apache.commons.lang3.math.NumberUtils_ESTest71 (15ms / 29):
    [junit] MAJOR: 2903074 (0 / 29 / 29) -> AVG-RTPM: 269ms
    [junit] MAJOR: Mutants killed / live: 1425 (0-9774-2) / 12
    [junit] MAJOR: ------------------------------------------------------------
    [junit] MAJOR: 115/123 - org.apache.commons.lang3.math.NumberUtils_ESTest0 (16ms / 31):
    [junit] MAJOR: 2910733 (2 / 31 / 31) -> AVG-RTPM: 247ms
    [junit] MAJOR: Mutants killed / live: 1427 (0-9805-2) / 10
    [junit] MAJOR: ------------------------------------------------------------
    [junit] MAJOR: 116/123 - org.apache.commons.lang3.math.NumberUtils_ESTest88 (22ms / 40):
    [junit] MAJOR: 2920591 (0 / 40 / 40) -> AVG-RTPM: 246ms
    [junit] MAJOR: Mutants killed / live: 1427 (0-9845-2) / 10
    [junit] MAJOR: ------------------------------------------------------------
    [junit] MAJOR: 117/123 - org.apache.commons.lang3.math.NumberUtils_ESTest8 (27ms / 31):
    [junit] MAJOR: 2929020 (2 / 31 / 31) -> AVG-RTPM: 271ms
    [junit] MAJOR: Mutants killed / live: 1429 (0-9876-2) / 8
    [junit] MAJOR: ------------------------------------------------------------
    [junit] MAJOR: 118/123 - org.apache.commons.lang3.math.NumberUtils_ESTest79 (29ms / 41):
    [junit] MAJOR: 2939259 (1 / 41 / 41) -> AVG-RTPM: 249ms
    [junit] MAJOR: Mutants killed / live: 1430 (0-9917-2) / 7
    [junit] MAJOR: ------------------------------------------------------------
    [junit] MAJOR: 119/123 - org.apache.commons.lang3.math.NumberUtils_ESTest121 (33ms / 238):
    [junit] MAJOR: 3003910 (0 / 238 / 238) -> AVG-RTPM: 271ms
    [junit] MAJOR: Mutants killed / live: 1430 (0-10155-2) / 7
    [junit] MAJOR: ------------------------------------------------------------
    [junit] MAJOR: 120/123 - org.apache.commons.lang3.math.NumberUtils_ESTest30 (35ms / 188):
    [junit] MAJOR: 3054669 (0 / 188 / 188) -> AVG-RTPM: 269ms
    [junit] MAJOR: Mutants killed / live: 1430 (0-10343-2) / 7
    [junit] MAJOR: ------------------------------------------------------------
    [junit] MAJOR: 121/123 - org.apache.commons.lang3.math.NumberUtils_ESTest105 (41ms / 181):
    [junit] MAJOR: 3104239 (7 / 181 / 181) -> AVG-RTPM: 273ms
    [junit] MAJOR: Mutants killed / live: 1437 (0-10524-2) / 0
    [junit] MAJOR: ------------------------------------------------------------
    [junit] MAJOR: 122/123 - org.apache.commons.lang3.math.NumberUtils_ESTest104 (65ms / 181):
    [junit] MAJOR: 3154755 (0 / 181 / 181) -> AVG-RTPM: 279ms
    [junit] MAJOR: Mutants killed / live: 1437 (0-10705-2) / 0
    [junit] MAJOR: ------------------------------------------------------------
    [junit] MAJOR: 123/123 - org.apache.commons.lang3.math.NumberUtils_ESTest106 (76ms / 258):
    [junit] MAJOR: 3223343 (0 / 258 / 258) -> AVG-RTPM: 265ms
    [junit] MAJOR: Mutants killed / live: 1437 (0-10963-2) / 0
    [junit] MAJOR: ------------------------------------------------------------
    [junit] MAJOR: Summary:
    [junit] MAJOR: 
    [junit] MAJOR: Analysis time:  3223.3 seconds
    [junit] MAJOR: Mutation score: 97.03% (100.00%)
    [junit] MAJOR: Mutants killed / live: 1437 (0-10963-2) / 0
    [junit] MAJOR: Mutant executions: 11087
    [junit] MAJOR: ------------------------------------------------------------
    [junit] MAJOR: Export summary of results (to summary.csv)
    [junit] MAJOR: Export mutant kill details (to /tmp/run_mutation.pl_120142_1501077502/24f/kill.csv)
    [junit] MAJOR: Export kill map (to killMap.csv)!

BUILD SUCCESSFUL
Total time: 54 minutes 42 seconds
