
test-offline:

get-deps:

compile:
    [javac] /tmp/run_mutation.pl_29752_1501566582/26f/maven-build.xml:75: warning: 'includeantruntime' was not set, defaulting to build.sysclasspath=last; set to false for repeatable builds

compile-tests:
    [mkdir] Created dir: /tmp/run_mutation.pl_29752_1501566582/26f/target/test-classes
    [javac] /tmp/run_mutation.pl_29752_1501566582/26f/maven-build.xml:108: warning: 'includeantruntime' was not set, defaulting to build.sysclasspath=last; set to false for repeatable builds
    [javac] Compiling 106 source files to /tmp/run_mutation.pl_29752_1501566582/26f/target/test-classes
    [javac] warning: [options] bootstrap class path not set in conjunction with -source 1.5
    [javac] /tmp/run_mutation.pl_29752_1501566582/26f/src/test/java/org/apache/commons/lang3/CharSequenceUtilsTest.java:21: warning: [deprecation] Assert in junit.framework has been deprecated
    [javac] import junit.framework.Assert;
    [javac]                       ^
    [javac] /tmp/run_mutation.pl_29752_1501566582/26f/src/test/java/org/apache/commons/lang3/SystemUtilsTest.java:27: warning: [deprecation] Assert in junit.framework has been deprecated
    [javac] import junit.framework.Assert;
    [javac]                       ^
    [javac] /tmp/run_mutation.pl_29752_1501566582/26f/src/test/java/org/apache/commons/lang3/builder/ReflectionToStringBuilderExcludeTest.java:24: warning: [deprecation] Assert in junit.framework has been deprecated
    [javac] import junit.framework.Assert;
    [javac]                       ^
    [javac] /tmp/run_mutation.pl_29752_1501566582/26f/src/test/java/org/apache/commons/lang3/time/StopWatchTest.java:19: warning: [deprecation] Assert in junit.framework has been deprecated
    [javac] import junit.framework.Assert;
    [javac]                       ^
    [javac] /tmp/run_mutation.pl_29752_1501566582/26f/src/test/java/org/apache/commons/lang3/CharSequenceUtilsTest.java:36: warning: [deprecation] Assert in junit.framework has been deprecated
    [javac]         Assert.assertEquals(null, CharSequenceUtils.subSequence(null, -1));
    [javac]         ^
    [javac] /tmp/run_mutation.pl_29752_1501566582/26f/src/test/java/org/apache/commons/lang3/CharSequenceUtilsTest.java:37: warning: [deprecation] Assert in junit.framework has been deprecated
    [javac]         Assert.assertEquals(null, CharSequenceUtils.subSequence(null, 0));
    [javac]         ^
    [javac] /tmp/run_mutation.pl_29752_1501566582/26f/src/test/java/org/apache/commons/lang3/CharSequenceUtilsTest.java:38: warning: [deprecation] Assert in junit.framework has been deprecated
    [javac]         Assert.assertEquals(null, CharSequenceUtils.subSequence(null, 1));
    [javac]         ^
    [javac] /tmp/run_mutation.pl_29752_1501566582/26f/src/test/java/org/apache/commons/lang3/CharSequenceUtilsTest.java:42: warning: [deprecation] Assert in junit.framework has been deprecated
    [javac]         Assert.assertEquals(StringUtils.EMPTY, CharSequenceUtils.subSequence(StringUtils.EMPTY, 0));
    [javac]         ^
    [javac] /tmp/run_mutation.pl_29752_1501566582/26f/src/test/java/org/apache/commons/lang3/CharSequenceUtilsTest.java:43: warning: [deprecation] Assert in junit.framework has been deprecated
    [javac]         Assert.assertEquals("012", CharSequenceUtils.subSequence("012", 0));
    [javac]         ^
    [javac] /tmp/run_mutation.pl_29752_1501566582/26f/src/test/java/org/apache/commons/lang3/CharSequenceUtilsTest.java:44: warning: [deprecation] Assert in junit.framework has been deprecated
    [javac]         Assert.assertEquals("12", CharSequenceUtils.subSequence("012", 1));
    [javac]         ^
    [javac] /tmp/run_mutation.pl_29752_1501566582/26f/src/test/java/org/apache/commons/lang3/CharSequenceUtilsTest.java:45: warning: [deprecation] Assert in junit.framework has been deprecated
    [javac]         Assert.assertEquals("2", CharSequenceUtils.subSequence("012", 2));
    [javac]         ^
    [javac] /tmp/run_mutation.pl_29752_1501566582/26f/src/test/java/org/apache/commons/lang3/CharSequenceUtilsTest.java:46: warning: [deprecation] Assert in junit.framework has been deprecated
    [javac]         Assert.assertEquals(StringUtils.EMPTY, CharSequenceUtils.subSequence("012", 3));
    [javac]         ^
    [javac] /tmp/run_mutation.pl_29752_1501566582/26f/src/test/java/org/apache/commons/lang3/CharSequenceUtilsTest.java:51: warning: [deprecation] Assert in junit.framework has been deprecated
    [javac]             Assert.assertEquals(null, CharSequenceUtils.subSequence(StringUtils.EMPTY, -1));
    [javac]             ^
    [javac] /tmp/run_mutation.pl_29752_1501566582/26f/src/test/java/org/apache/commons/lang3/CharSequenceUtilsTest.java:52: warning: [deprecation] Assert in junit.framework has been deprecated
    [javac]             Assert.fail("Expected " + IndexOutOfBoundsException.class.getName());
    [javac]             ^
    [javac] /tmp/run_mutation.pl_29752_1501566582/26f/src/test/java/org/apache/commons/lang3/CharSequenceUtilsTest.java:57: warning: [deprecation] Assert in junit.framework has been deprecated
    [javac]             Assert.assertEquals(null, CharSequenceUtils.subSequence(StringUtils.EMPTY, 1));
    [javac]             ^
    [javac] /tmp/run_mutation.pl_29752_1501566582/26f/src/test/java/org/apache/commons/lang3/CharSequenceUtilsTest.java:58: warning: [deprecation] Assert in junit.framework has been deprecated
    [javac]             Assert.fail("Expected " + IndexOutOfBoundsException.class.getName());
    [javac]             ^
    [javac] /tmp/run_mutation.pl_29752_1501566582/26f/src/test/java/org/apache/commons/lang3/SystemUtilsTest.java:60: warning: [deprecation] Assert in junit.framework has been deprecated
    [javac]         Assert.assertNotNull(dir);
    [javac]         ^
    [javac] /tmp/run_mutation.pl_29752_1501566582/26f/src/test/java/org/apache/commons/lang3/SystemUtilsTest.java:61: warning: [deprecation] Assert in junit.framework has been deprecated
    [javac]         Assert.assertTrue(dir.exists());
    [javac]         ^
    [javac] /tmp/run_mutation.pl_29752_1501566582/26f/src/test/java/org/apache/commons/lang3/SystemUtilsTest.java:69: warning: [deprecation] Assert in junit.framework has been deprecated
    [javac]         Assert.assertNotNull(dir);
    [javac]         ^
    [javac] /tmp/run_mutation.pl_29752_1501566582/26f/src/test/java/org/apache/commons/lang3/SystemUtilsTest.java:70: warning: [deprecation] Assert in junit.framework has been deprecated
    [javac]         Assert.assertTrue(dir.exists());
    [javac]         ^
    [javac] /tmp/run_mutation.pl_29752_1501566582/26f/src/test/java/org/apache/commons/lang3/SystemUtilsTest.java:78: warning: [deprecation] Assert in junit.framework has been deprecated
    [javac]         Assert.assertNotNull(dir);
    [javac]         ^
    [javac] /tmp/run_mutation.pl_29752_1501566582/26f/src/test/java/org/apache/commons/lang3/SystemUtilsTest.java:79: warning: [deprecation] Assert in junit.framework has been deprecated
    [javac]         Assert.assertTrue(dir.exists());
    [javac]         ^
    [javac] /tmp/run_mutation.pl_29752_1501566582/26f/src/test/java/org/apache/commons/lang3/SystemUtilsTest.java:87: warning: [deprecation] Assert in junit.framework has been deprecated
    [javac]         Assert.assertNotNull(dir);
    [javac]         ^
    [javac] /tmp/run_mutation.pl_29752_1501566582/26f/src/test/java/org/apache/commons/lang3/SystemUtilsTest.java:88: warning: [deprecation] Assert in junit.framework has been deprecated
    [javac]         Assert.assertTrue(dir.exists());
    [javac]         ^
    [javac] /tmp/run_mutation.pl_29752_1501566582/26f/src/test/java/org/apache/commons/lang3/builder/ReflectionToStringBuilderExcludeTest.java:114: warning: [deprecation] Assert in junit.framework has been deprecated
    [javac]         Assert.assertTrue(toString.indexOf(NOT_SECRET_FIELD) > ArrayUtils.INDEX_NOT_FOUND);
    [javac]         ^
    [javac] /tmp/run_mutation.pl_29752_1501566582/26f/src/test/java/org/apache/commons/lang3/builder/ReflectionToStringBuilderExcludeTest.java:115: warning: [deprecation] Assert in junit.framework has been deprecated
    [javac]         Assert.assertTrue(toString.indexOf(NOT_SECRET_VALUE) > ArrayUtils.INDEX_NOT_FOUND);
    [javac]         ^
    [javac] /tmp/run_mutation.pl_29752_1501566582/26f/src/test/java/org/apache/commons/lang3/builder/ReflectionToStringBuilderExcludeTest.java:119: warning: [deprecation] Assert in junit.framework has been deprecated
    [javac]         Assert.assertEquals(ArrayUtils.INDEX_NOT_FOUND, toString.indexOf(SECRET_VALUE));
    [javac]         ^
    [javac] /tmp/run_mutation.pl_29752_1501566582/26f/src/test/java/org/apache/commons/lang3/builder/ReflectionToStringBuilderExcludeTest.java:124: warning: [deprecation] Assert in junit.framework has been deprecated
    [javac]         Assert.assertTrue(toString.indexOf(SECRET_VALUE) > 0);
    [javac]         ^
    [javac] /tmp/run_mutation.pl_29752_1501566582/26f/src/test/java/org/apache/commons/lang3/time/StopWatchTest.java:208: warning: [deprecation] Assert in junit.framework has been deprecated
    [javac]             Assert.assertTrue(watch.getStartTime() >= beforeStopWatch);
    [javac]             ^
    [javac] Note: Some input files use unchecked or unsafe operations.
    [javac] Note: Recompile with -Xlint:unchecked for details.
    [javac] 30 warnings

compile.tests:

update.all.tests:

mutation.test:
     [echo] Running mutation analysis ...
    [junit] MAJOR: Mutation analysis enabled
SLF4J: Failed to load class "org.slf4j.impl.StaticLoggerBinder".
SLF4J: Defaulting to no-operation (NOP) logger implementation
SLF4J: See http://www.slf4j.org/codes.html#StaticLoggerBinder for further details.
    [junit] MAJOR: ------------------------------------------------------------
    [junit] MAJOR: Run 65 ordered tests to verify independence
    [junit] MAJOR: ------------------------------------------------------------
    [junit] MAJOR: Preprocessing time: 26.71 seconds
    [junit] MAJOR: ------------------------------------------------------------
    [junit] MAJOR: Mutants generated: 1103
    [junit] MAJOR: Mutants covered:   1007 (91.30%)
    [junit] MAJOR: ------------------------------------------------------------
    [junit] MAJOR: Export test map to (testMap.csv)
    [junit] MAJOR: Export coverage map to (covMap.csv)
    [junit] MAJOR: Exclude 0 mutants
    [junit] MAJOR: ------------------------------------------------------------
    [junit] MAJOR: Run mutation analysis with 65 individual tests
    [junit] MAJOR: ------------------------------------------------------------
    [junit] MAJOR: 1/65 - org.apache.commons.lang3.time.FastDateFormat_ESTest47 (8ms / 143):
    [junit] MAJOR: 114234 (91 / 143 / 143) -> AVG-RTPM: 798ms
    [junit] MAJOR: Mutants killed / live: 91 (12-76-3) / 916
    [junit] MAJOR: ------------------------------------------------------------
    [junit] MAJOR: 2/65 - org.apache.commons.lang3.time.FastDateFormat_ESTest5 (9ms / 335):
    [junit] MAJOR: 150136 (245 / 335 / 335) -> AVG-RTPM: 107ms
    [junit] MAJOR: Mutants killed / live: 336 (12-411-3) / 671
    [junit] MAJOR: ------------------------------------------------------------
    [junit] MAJOR: 3/65 - org.apache.commons.lang3.time.FastDateFormat_ESTest64 (9ms / 370):
    [junit] MAJOR: 191652 (132 / 370 / 370) -> AVG-RTPM: 112ms
    [junit] MAJOR: Mutants killed / live: 468 (12-781-3) / 539
    [junit] MAJOR: ------------------------------------------------------------
    [junit] MAJOR: 4/65 - org.apache.commons.lang3.time.FastDateFormat_ESTest25 (10ms / 121):
    [junit] MAJOR: 205215 (0 / 121 / 121) -> AVG-RTPM: 112ms
    [junit] MAJOR: Mutants killed / live: 468 (12-902-3) / 539
    [junit] MAJOR: ------------------------------------------------------------
    [junit] MAJOR: 5/65 - org.apache.commons.lang3.time.FastDateFormat_ESTest27 (10ms / 232):
    [junit] MAJOR: 231300 (0 / 232 / 232) -> AVG-RTPM: 112ms
    [junit] MAJOR: Mutants killed / live: 468 (12-1134-3) / 539
    [junit] MAJOR: ------------------------------------------------------------
    [junit] MAJOR: 6/65 - org.apache.commons.lang3.time.FastDateFormat_ESTest55 (10ms / 412):
    [junit] MAJOR: 277338 (117 / 412 / 412) -> AVG-RTPM: 111ms
    [junit] MAJOR: Mutants killed / live: 585 (12-1546-3) / 422
    [junit] MAJOR: ------------------------------------------------------------
    [junit] MAJOR: 7/65 - org.apache.commons.lang3.time.FastDateFormat_ESTest24 (11ms / 215):
    [junit] MAJOR: 300902 (0 / 215 / 215) -> AVG-RTPM: 109ms
    [junit] MAJOR: Mutants killed / live: 585 (12-1761-3) / 422
    [junit] MAJOR: ------------------------------------------------------------
    [junit] MAJOR: 8/65 - org.apache.commons.lang3.time.FastDateFormat_ESTest28 (11ms / 122):
    [junit] MAJOR: 314969 (0 / 122 / 122) -> AVG-RTPM: 115ms
    [junit] MAJOR: Mutants killed / live: 585 (12-1883-3) / 422
    [junit] MAJOR: ------------------------------------------------------------
    [junit] MAJOR: 9/65 - org.apache.commons.lang3.time.FastDateFormat_ESTest36 (11ms / 144):
    [junit] MAJOR: 331534 (0 / 144 / 144) -> AVG-RTPM: 115ms
    [junit] MAJOR: Mutants killed / live: 585 (12-2027-3) / 422
    [junit] MAJOR: ------------------------------------------------------------
    [junit] MAJOR: 10/65 - org.apache.commons.lang3.time.FastDateFormat_ESTest38 (11ms / 232):
    [junit] MAJOR: 357770 (0 / 232 / 232) -> AVG-RTPM: 113ms
    [junit] MAJOR: Mutants killed / live: 585 (12-2259-3) / 422
    [junit] MAJOR: ------------------------------------------------------------
    [junit] MAJOR: 11/65 - org.apache.commons.lang3.time.FastDateFormat_ESTest41 (11ms / 231):
    [junit] MAJOR: 383496 (0 / 231 / 231) -> AVG-RTPM: 111ms
    [junit] MAJOR: Mutants killed / live: 585 (12-2490-3) / 422
    [junit] MAJOR: ------------------------------------------------------------
    [junit] MAJOR: 12/65 - org.apache.commons.lang3.time.FastDateFormat_ESTest42 (11ms / 143):
    [junit] MAJOR: 400410 (0 / 143 / 143) -> AVG-RTPM: 118ms
    [junit] MAJOR: Mutants killed / live: 585 (12-2633-3) / 422
    [junit] MAJOR: ------------------------------------------------------------
    [junit] MAJOR: 13/65 - org.apache.commons.lang3.time.FastDateFormat_ESTest45 (11ms / 232):
    [junit] MAJOR: 426884 (0 / 232 / 232) -> AVG-RTPM: 114ms
    [junit] MAJOR: Mutants killed / live: 585 (12-2865-3) / 422
    [junit] MAJOR: ------------------------------------------------------------
    [junit] MAJOR: 14/65 - org.apache.commons.lang3.time.FastDateFormat_ESTest48 (11ms / 252):
    [junit] MAJOR: 455956 (0 / 252 / 252) -> AVG-RTPM: 115ms
    [junit] MAJOR: Mutants killed / live: 585 (12-3117-3) / 422
    [junit] MAJOR: ------------------------------------------------------------
    [junit] MAJOR: 15/65 - org.apache.commons.lang3.time.FastDateFormat_ESTest51 (11ms / 318):
    [junit] MAJOR: 493921 (5 / 318 / 318) -> AVG-RTPM: 119ms
    [junit] MAJOR: Mutants killed / live: 590 (12-3435-3) / 417
    [junit] MAJOR: ------------------------------------------------------------
    [junit] MAJOR: 16/65 - org.apache.commons.lang3.time.FastDateFormat_ESTest52 (11ms / 31):
    [junit] MAJOR: 497660 (0 / 31 / 31) -> AVG-RTPM: 120ms
    [junit] MAJOR: Mutants killed / live: 590 (12-3466-3) / 417
    [junit] MAJOR: ------------------------------------------------------------
    [junit] MAJOR: 17/65 - org.apache.commons.lang3.time.FastDateFormat_ESTest58 (11ms / 497):
    [junit] MAJOR: 567795 (177 / 497 / 497) -> AVG-RTPM: 141ms
    [junit] MAJOR: Mutants killed / live: 767 (12-3963-3) / 240
    [junit] MAJOR: ------------------------------------------------------------
    [junit] MAJOR: 18/65 - org.apache.commons.lang3.time.FastDateFormat_ESTest7 (11ms / 23):
    [junit] MAJOR: 570420 (0 / 23 / 23) -> AVG-RTPM: 114ms
    [junit] MAJOR: Mutants killed / live: 767 (12-3986-3) / 240
    [junit] MAJOR: ------------------------------------------------------------
    [junit] MAJOR: 19/65 - org.apache.commons.lang3.time.FastDateFormat_ESTest18 (12ms / 26):
    [junit] MAJOR: 573465 (1 / 26 / 26) -> AVG-RTPM: 117ms
    [junit] MAJOR: Mutants killed / live: 768 (12-4012-3) / 239
    [junit] MAJOR: ------------------------------------------------------------
    [junit] MAJOR: 20/65 - org.apache.commons.lang3.time.FastDateFormat_ESTest19 (12ms / 15):
    [junit] MAJOR: 575224 (0 / 15 / 15) -> AVG-RTPM: 117ms
    [junit] MAJOR: Mutants killed / live: 768 (12-4027-3) / 239
    [junit] MAJOR: ------------------------------------------------------------
    [junit] MAJOR: 21/65 - org.apache.commons.lang3.time.FastDateFormat_ESTest33 (12ms / 144):
    [junit] MAJOR: 591872 (0 / 144 / 144) -> AVG-RTPM: 115ms
    [junit] MAJOR: Mutants killed / live: 768 (12-4171-3) / 239
    [junit] MAJOR: ------------------------------------------------------------
    [junit] MAJOR: 22/65 - org.apache.commons.lang3.time.FastDateFormat_ESTest9 (12ms / 122):
    [junit] MAJOR: 606394 (0 / 122 / 122) -> AVG-RTPM: 119ms
    [junit] MAJOR: Mutants killed / live: 768 (12-4293-3) / 239
    [junit] MAJOR: ------------------------------------------------------------
    [junit] MAJOR: 23/65 - org.apache.commons.lang3.time.FastDateFormat_ESTest37 (13ms / 143):
    [junit] MAJOR: 623075 (0 / 143 / 143) -> AVG-RTPM: 116ms
    [junit] MAJOR: Mutants killed / live: 768 (12-4436-3) / 239
    [junit] MAJOR: ------------------------------------------------------------
    [junit] MAJOR: 24/65 - org.apache.commons.lang3.time.FastDateFormat_ESTest46 (13ms / 143):
    [junit] MAJOR: 639948 (0 / 143 / 143) -> AVG-RTPM: 117ms
    [junit] MAJOR: Mutants killed / live: 768 (12-4579-3) / 239
    [junit] MAJOR: ------------------------------------------------------------
    [junit] MAJOR: 25/65 - org.apache.commons.lang3.time.FastDateFormat_ESTest53 (13ms / 344):
    [junit] MAJOR: 680909 (1 / 344 / 344) -> AVG-RTPM: 119ms
    [junit] MAJOR: Mutants killed / live: 769 (12-4923-3) / 238
    [junit] MAJOR: ------------------------------------------------------------
    [junit] MAJOR: 26/65 - org.apache.commons.lang3.time.FastDateFormat_ESTest3 (14ms / 143):
    [junit] MAJOR: 697915 (0 / 143 / 143) -> AVG-RTPM: 118ms
    [junit] MAJOR: Mutants killed / live: 769 (12-5066-3) / 238
    [junit] MAJOR: ------------------------------------------------------------
    [junit] MAJOR: 27/65 - org.apache.commons.lang3.time.FastDateFormat_ESTest61 (14ms / 233):
    [junit] MAJOR: 726078 (17 / 233 / 233) -> AVG-RTPM: 120ms
    [junit] MAJOR: Mutants killed / live: 786 (12-5299-3) / 221
    [junit] MAJOR: ------------------------------------------------------------
    [junit] MAJOR: 28/65 - org.apache.commons.lang3.time.FastDateFormat_ESTest62 (14ms / 431):
    [junit] MAJOR: 791254 (37 / 431 / 431) -> AVG-RTPM: 151ms
    [junit] MAJOR: Mutants killed / live: 823 (12-5730-3) / 184
    [junit] MAJOR: ------------------------------------------------------------
    [junit] MAJOR: 29/65 - org.apache.commons.lang3.time.FastDateFormat_ESTest8 (14ms / 344):
    [junit] MAJOR: 836210 (8 / 344 / 344) -> AVG-RTPM: 130ms
    [junit] MAJOR: Mutants killed / live: 831 (12-6074-3) / 176
    [junit] MAJOR: ------------------------------------------------------------
    [junit] MAJOR: 30/65 - org.apache.commons.lang3.time.FastDateFormat_ESTest21 (15ms / 224):
    [junit] MAJOR: 863015 (0 / 224 / 224) -> AVG-RTPM: 119ms
    [junit] MAJOR: Mutants killed / live: 831 (12-6298-3) / 176
    [junit] MAJOR: ------------------------------------------------------------
    [junit] MAJOR: 31/65 - org.apache.commons.lang3.time.FastDateFormat_ESTest26 (15ms / 122):
    [junit] MAJOR: 878016 (0 / 122 / 122) -> AVG-RTPM: 122ms
    [junit] MAJOR: Mutants killed / live: 831 (12-6420-3) / 176
    [junit] MAJOR: ------------------------------------------------------------
    [junit] MAJOR: 32/65 - org.apache.commons.lang3.time.FastDateFormat_ESTest35 (16ms / 142):
    [junit] MAJOR: 895677 (0 / 142 / 142) -> AVG-RTPM: 124ms
    [junit] MAJOR: Mutants killed / live: 831 (12-6562-3) / 176
    [junit] MAJOR: ------------------------------------------------------------
    [junit] MAJOR: 33/65 - org.apache.commons.lang3.time.FastDateFormat_ESTest50 (16ms / 226):
    [junit] MAJOR: 923650 (0 / 226 / 226) -> AVG-RTPM: 123ms
    [junit] MAJOR: Mutants killed / live: 831 (12-6788-3) / 176
    [junit] MAJOR: ------------------------------------------------------------
    [junit] MAJOR: 34/65 - org.apache.commons.lang3.time.FastDateFormat_ESTest57 (17ms / 175):
    [junit] MAJOR: 947388 (1 / 175 / 175) -> AVG-RTPM: 135ms
    [junit] MAJOR: Mutants killed / live: 832 (12-6963-3) / 175
    [junit] MAJOR: ------------------------------------------------------------
    [junit] MAJOR: 35/65 - org.apache.commons.lang3.time.FastDateFormat_ESTest60 (17ms / 407):
    [junit] MAJOR: 1000444 (31 / 407 / 407) -> AVG-RTPM: 130ms
    [junit] MAJOR: Mutants killed / live: 863 (12-7370-3) / 144
    [junit] MAJOR: ------------------------------------------------------------
    [junit] MAJOR: 36/65 - org.apache.commons.lang3.time.FastDateFormat_ESTest44 (18ms / 142):
    [junit] MAJOR: 1019597 (0 / 142 / 142) -> AVG-RTPM: 134ms
    [junit] MAJOR: Mutants killed / live: 863 (12-7512-3) / 144
    [junit] MAJOR: ------------------------------------------------------------
    [junit] MAJOR: 37/65 - org.apache.commons.lang3.time.FastDateFormat_ESTest10 (20ms / 346):
    [junit] MAJOR: 1065506 (0 / 346 / 346) -> AVG-RTPM: 132ms
    [junit] MAJOR: Mutants killed / live: 863 (12-7858-3) / 144
    [junit] MAJOR: ------------------------------------------------------------
    [junit] MAJOR: 38/65 - org.apache.commons.lang3.time.FastDateFormat_ESTest14 (20ms / 424):
    [junit] MAJOR: 1124893 (46 / 424 / 424) -> AVG-RTPM: 140ms
    [junit] MAJOR: Mutants killed / live: 909 (12-8282-3) / 98
    [junit] MAJOR: ------------------------------------------------------------
    [junit] MAJOR: 39/65 - org.apache.commons.lang3.time.FastDateFormat_ESTest59 (20ms / 546):
    [junit] MAJOR: 1193708 (49 / 546 / 546) -> AVG-RTPM: 126ms
    [junit] MAJOR: Mutants killed / live: 958 (12-8828-3) / 49
    [junit] MAJOR: ------------------------------------------------------------
    [junit] MAJOR: 40/65 - org.apache.commons.lang3.time.FastDateFormat_ESTest6 (20ms / 24):
    [junit] MAJOR: 1196737 (1 / 24 / 24) -> AVG-RTPM: 126ms
    [junit] MAJOR: Mutants killed / live: 959 (12-8852-3) / 48
    [junit] MAJOR: ------------------------------------------------------------
    [junit] MAJOR: 41/65 - org.apache.commons.lang3.time.FastDateFormat_ESTest23 (21ms / 122):
    [junit] MAJOR: 1212162 (0 / 122 / 122) -> AVG-RTPM: 126ms
    [junit] MAJOR: Mutants killed / live: 959 (12-8974-3) / 48
    [junit] MAJOR: ------------------------------------------------------------
    [junit] MAJOR: 42/65 - org.apache.commons.lang3.time.FastDateFormat_ESTest34 (21ms / 232):
    [junit] MAJOR: 1242824 (0 / 232 / 232) -> AVG-RTPM: 132ms
    [junit] MAJOR: Mutants killed / live: 959 (12-9206-3) / 48
    [junit] MAJOR: ------------------------------------------------------------
    [junit] MAJOR: 43/65 - org.apache.commons.lang3.time.FastDateFormat_ESTest39 (21ms / 240):
    [junit] MAJOR: 1274710 (0 / 240 / 240) -> AVG-RTPM: 132ms
    [junit] MAJOR: Mutants killed / live: 959 (12-9446-3) / 48
    [junit] MAJOR: ------------------------------------------------------------
    [junit] MAJOR: 44/65 - org.apache.commons.lang3.time.FastDateFormat_ESTest56 (21ms / 333):
    [junit] MAJOR: 1316902 (0 / 333 / 333) -> AVG-RTPM: 126ms
    [junit] MAJOR: Mutants killed / live: 959 (12-9779-3) / 48
    [junit] MAJOR: ------------------------------------------------------------
    [junit] MAJOR: 45/65 - org.apache.commons.lang3.time.FastDateFormat_ESTest4 (22ms / 346):
    [junit] MAJOR: 1361858 (0 / 346 / 346) -> AVG-RTPM: 129ms
    [junit] MAJOR: Mutants killed / live: 959 (12-10125-3) / 48
    [junit] MAJOR: ------------------------------------------------------------
    [junit] MAJOR: 46/65 - org.apache.commons.lang3.time.FastDateFormat_ESTest31 (23ms / 121):
    [junit] MAJOR: 1377374 (0 / 121 / 121) -> AVG-RTPM: 128ms
    [junit] MAJOR: Mutants killed / live: 959 (12-10246-3) / 48
    [junit] MAJOR: ------------------------------------------------------------
    [junit] MAJOR: 47/65 - org.apache.commons.lang3.time.FastDateFormat_ESTest54 (24ms / 431):
    [junit] MAJOR: 1433347 (1 / 431 / 431) -> AVG-RTPM: 129ms
    [junit] MAJOR: Mutants killed / live: 960 (12-10677-3) / 47
    [junit] MAJOR: ------------------------------------------------------------
    [junit] MAJOR: 48/65 - org.apache.commons.lang3.time.FastDateFormat_ESTest2 (25ms / 485):
    [junit] MAJOR: 1509544 (5 / 485 / 485) -> AVG-RTPM: 157ms
    [junit] MAJOR: Mutants killed / live: 965 (12-11162-3) / 42
    [junit] MAJOR: ------------------------------------------------------------
    [junit] MAJOR: 49/65 - org.apache.commons.lang3.time.FastDateFormat_ESTest32 (26ms / 134):
    [junit] MAJOR: 1527517 (0 / 134 / 134) -> AVG-RTPM: 134ms
    [junit] MAJOR: Mutants killed / live: 965 (12-11296-3) / 42
    [junit] MAJOR: ------------------------------------------------------------
    [junit] MAJOR: 50/65 - org.apache.commons.lang3.time.FastDateFormat_ESTest43 (26ms / 142):
    [junit] MAJOR: 1546047 (0 / 142 / 142) -> AVG-RTPM: 130ms
    [junit] MAJOR: Mutants killed / live: 965 (12-11438-3) / 42
    [junit] MAJOR: ------------------------------------------------------------
    [junit] MAJOR: 51/65 - org.apache.commons.lang3.time.FastDateFormat_ESTest63 (26ms / 365):
    [junit] MAJOR: 1598057 (2 / 365 / 365) -> AVG-RTPM: 142ms
    [junit] MAJOR: Mutants killed / live: 967 (12-11803-3) / 40
    [junit] MAJOR: ------------------------------------------------------------
    [junit] MAJOR: 52/65 - org.apache.commons.lang3.time.FastDateFormat_ESTest15 (27ms / 23):
    [junit] MAJOR: 1601372 (0 / 23 / 23) -> AVG-RTPM: 144ms
    [junit] MAJOR: Mutants killed / live: 967 (12-11826-3) / 40
    [junit] MAJOR: ------------------------------------------------------------
    [junit] MAJOR: 53/65 - org.apache.commons.lang3.time.FastDateFormat_ESTest30 (27ms / 232):
    [junit] MAJOR: 1635037 (0 / 232 / 232) -> AVG-RTPM: 145ms
    [junit] MAJOR: Mutants killed / live: 967 (12-12058-3) / 40
    [junit] MAJOR: ------------------------------------------------------------
    [junit] MAJOR: 54/65 - org.apache.commons.lang3.time.FastDateFormat_ESTest13 (29ms / 335):
    [junit] MAJOR: 1683264 (0 / 335 / 335) -> AVG-RTPM: 143ms
    [junit] MAJOR: Mutants killed / live: 967 (12-12393-3) / 40
    [junit] MAJOR: ------------------------------------------------------------
    [junit] MAJOR: 55/65 - org.apache.commons.lang3.time.FastDateFormat_ESTest22 (29ms / 217):
    [junit] MAJOR: 1712432 (0 / 217 / 217) -> AVG-RTPM: 134ms
    [junit] MAJOR: Mutants killed / live: 967 (12-12610-3) / 40
    [junit] MAJOR: ------------------------------------------------------------
    [junit] MAJOR: 56/65 - org.apache.commons.lang3.time.FastDateFormat_ESTest1 (30ms / 227):
    [junit] MAJOR: 1744028 (0 / 227 / 227) -> AVG-RTPM: 139ms
    [junit] MAJOR: Mutants killed / live: 967 (12-12837-3) / 40
    [junit] MAJOR: ------------------------------------------------------------
    [junit] MAJOR: 57/65 - org.apache.commons.lang3.time.FastDateFormat_ESTest17 (31ms / 404):
    [junit] MAJOR: 1800519 (11 / 404 / 404) -> AVG-RTPM: 139ms
    [junit] MAJOR: Mutants killed / live: 978 (12-13241-3) / 29
    [junit] MAJOR: ------------------------------------------------------------
    [junit] MAJOR: 58/65 - org.apache.commons.lang3.time.FastDateFormat_ESTest20 (32ms / 122):
    [junit] MAJOR: 1817770 (0 / 122 / 122) -> AVG-RTPM: 141ms
    [junit] MAJOR: Mutants killed / live: 978 (12-13363-3) / 29
    [junit] MAJOR: ------------------------------------------------------------
    [junit] MAJOR: 59/65 - org.apache.commons.lang3.time.FastDateFormat_ESTest40 (32ms / 228):
    [junit] MAJOR: 1849485 (0 / 228 / 228) -> AVG-RTPM: 139ms
    [junit] MAJOR: Mutants killed / live: 978 (12-13591-3) / 29
    [junit] MAJOR: ------------------------------------------------------------
    [junit] MAJOR: 60/65 - org.apache.commons.lang3.time.FastDateFormat_ESTest49 (32ms / 455):
    [junit] MAJOR: 1911416 (0 / 455 / 455) -> AVG-RTPM: 136ms
    [junit] MAJOR: Mutants killed / live: 978 (12-14046-3) / 29
    [junit] MAJOR: ------------------------------------------------------------
    [junit] MAJOR: 61/65 - org.apache.commons.lang3.time.FastDateFormat_ESTest12 (33ms / 25):
    [junit] MAJOR: 1914817 (0 / 25 / 25) -> AVG-RTPM: 136ms
    [junit] MAJOR: Mutants killed / live: 978 (12-14071-3) / 29
    [junit] MAJOR: ------------------------------------------------------------
    [junit] MAJOR: 62/65 - org.apache.commons.lang3.time.FastDateFormat_ESTest11 (36ms / 395):
    [junit] MAJOR: 1969922 (0 / 395 / 395) -> AVG-RTPM: 139ms
    [junit] MAJOR: Mutants killed / live: 978 (12-14466-3) / 29
    [junit] MAJOR: ------------------------------------------------------------
    [junit] MAJOR: 63/65 - org.apache.commons.lang3.time.FastDateFormat_ESTest29 (36ms / 121):
    [junit] MAJOR: 1986865 (0 / 121 / 121) -> AVG-RTPM: 140ms
    [junit] MAJOR: Mutants killed / live: 978 (12-14587-3) / 29
    [junit] MAJOR: ------------------------------------------------------------
    [junit] MAJOR: 64/65 - org.apache.commons.lang3.time.FastDateFormat_ESTest0 (39ms / 448):
    [junit] MAJOR: 2051784 (29 / 448 / 448) -> AVG-RTPM: 144ms
    [junit] MAJOR: Mutants killed / live: 1007 (12-15035-3) / 0
    [junit] MAJOR: ------------------------------------------------------------
    [junit] MAJOR: 65/65 - org.apache.commons.lang3.time.FastDateFormat_ESTest16 (43ms / 221):
    [junit] MAJOR: 2085282 (0 / 221 / 221) -> AVG-RTPM: 151ms
    [junit] MAJOR: Mutants killed / live: 1007 (12-15256-3) / 0
    [junit] MAJOR: ------------------------------------------------------------
    [junit] MAJOR: Summary:
    [junit] MAJOR: 
    [junit] MAJOR: Analysis time:  2085.3 seconds
    [junit] MAJOR: Mutation score: 91.30% (100.00%)
    [junit] MAJOR: Mutants killed / live: 1007 (12-15256-3) / 0
    [junit] MAJOR: Mutant executions: 15323
    [junit] MAJOR: ------------------------------------------------------------
    [junit] MAJOR: Export summary of results (to summary.csv)
    [junit] MAJOR: Export mutant kill details (to /tmp/run_mutation.pl_29752_1501566582/26f/kill.csv)
    [junit] MAJOR: Export kill map (to killMap.csv)!

BUILD SUCCESSFUL
Total time: 35 minutes 24 seconds
