
test-offline:

get-deps:

compile:
    [javac] /tmp/run_mutation.pl_39751_1483624260/29f/maven-build.xml:75: warning: 'includeantruntime' was not set, defaulting to build.sysclasspath=last; set to false for repeatable builds

compile-tests:
    [mkdir] Created dir: /tmp/run_mutation.pl_39751_1483624260/29f/target/test-classes
    [javac] /tmp/run_mutation.pl_39751_1483624260/29f/maven-build.xml:108: warning: 'includeantruntime' was not set, defaulting to build.sysclasspath=last; set to false for repeatable builds
    [javac] Compiling 103 source files to /tmp/run_mutation.pl_39751_1483624260/29f/target/test-classes
    [javac] warning: [options] bootstrap class path not set in conjunction with -source 1.5
    [javac] /tmp/run_mutation.pl_39751_1483624260/29f/src/test/java/org/apache/commons/lang3/CharSequenceUtilsTest.java:21: warning: [deprecation] Assert in junit.framework has been deprecated
    [javac] import junit.framework.Assert;
    [javac]                       ^
    [javac] /tmp/run_mutation.pl_39751_1483624260/29f/src/test/java/org/apache/commons/lang3/SystemUtilsTest.java:27: warning: [deprecation] Assert in junit.framework has been deprecated
    [javac] import junit.framework.Assert;
    [javac]                       ^
    [javac] /tmp/run_mutation.pl_39751_1483624260/29f/src/test/java/org/apache/commons/lang3/builder/ReflectionToStringBuilderExcludeTest.java:24: warning: [deprecation] Assert in junit.framework has been deprecated
    [javac] import junit.framework.Assert;
    [javac]                       ^
    [javac] /tmp/run_mutation.pl_39751_1483624260/29f/src/test/java/org/apache/commons/lang3/reflect/TypeUtilsTest.java:19: warning: [deprecation] Assert in junit.framework has been deprecated
    [javac] import static junit.framework.Assert.*;
    [javac]                              ^
    [javac] /tmp/run_mutation.pl_39751_1483624260/29f/src/test/java/org/apache/commons/lang3/time/StopWatchTest.java:19: warning: [deprecation] Assert in junit.framework has been deprecated
    [javac] import junit.framework.Assert;
    [javac]                       ^
    [javac] /tmp/run_mutation.pl_39751_1483624260/29f/src/test/java/org/apache/commons/lang3/CharSequenceUtilsTest.java:32: warning: [deprecation] Assert in junit.framework has been deprecated
    [javac]         Assert.assertEquals(0, CharSequenceUtils.length(CharBuffer.wrap("")));
    [javac]         ^
    [javac] /tmp/run_mutation.pl_39751_1483624260/29f/src/test/java/org/apache/commons/lang3/CharSequenceUtilsTest.java:33: warning: [deprecation] Assert in junit.framework has been deprecated
    [javac]         Assert.assertEquals(1, CharSequenceUtils.length(CharBuffer.wrap("A")));
    [javac]         ^
    [javac] /tmp/run_mutation.pl_39751_1483624260/29f/src/test/java/org/apache/commons/lang3/CharSequenceUtilsTest.java:34: warning: [deprecation] Assert in junit.framework has been deprecated
    [javac]         Assert.assertEquals(1, CharSequenceUtils.length(CharBuffer.wrap(" ")));
    [javac]         ^
    [javac] /tmp/run_mutation.pl_39751_1483624260/29f/src/test/java/org/apache/commons/lang3/CharSequenceUtilsTest.java:35: warning: [deprecation] Assert in junit.framework has been deprecated
    [javac]         Assert.assertEquals(8, CharSequenceUtils.length(CharBuffer.wrap("ABCDEFGH")));
    [javac]         ^
    [javac] /tmp/run_mutation.pl_39751_1483624260/29f/src/test/java/org/apache/commons/lang3/CharSequenceUtilsTest.java:39: warning: [deprecation] Assert in junit.framework has been deprecated
    [javac]         Assert.assertEquals(0, CharSequenceUtils.length(null));
    [javac]         ^
    [javac] /tmp/run_mutation.pl_39751_1483624260/29f/src/test/java/org/apache/commons/lang3/CharSequenceUtilsTest.java:40: warning: [deprecation] Assert in junit.framework has been deprecated
    [javac]         Assert.assertEquals(0, CharSequenceUtils.length(""));
    [javac]         ^
    [javac] /tmp/run_mutation.pl_39751_1483624260/29f/src/test/java/org/apache/commons/lang3/CharSequenceUtilsTest.java:41: warning: [deprecation] Assert in junit.framework has been deprecated
    [javac]         Assert.assertEquals(1, CharSequenceUtils.length("A"));
    [javac]         ^
    [javac] /tmp/run_mutation.pl_39751_1483624260/29f/src/test/java/org/apache/commons/lang3/CharSequenceUtilsTest.java:42: warning: [deprecation] Assert in junit.framework has been deprecated
    [javac]         Assert.assertEquals(1, CharSequenceUtils.length(" "));
    [javac]         ^
    [javac] /tmp/run_mutation.pl_39751_1483624260/29f/src/test/java/org/apache/commons/lang3/CharSequenceUtilsTest.java:43: warning: [deprecation] Assert in junit.framework has been deprecated
    [javac]         Assert.assertEquals(8, CharSequenceUtils.length("ABCDEFGH"));
    [javac]         ^
    [javac] /tmp/run_mutation.pl_39751_1483624260/29f/src/test/java/org/apache/commons/lang3/CharSequenceUtilsTest.java:47: warning: [deprecation] Assert in junit.framework has been deprecated
    [javac]         Assert.assertEquals(0, CharSequenceUtils.length(new StringBuffer("")));
    [javac]         ^
    [javac] /tmp/run_mutation.pl_39751_1483624260/29f/src/test/java/org/apache/commons/lang3/CharSequenceUtilsTest.java:48: warning: [deprecation] Assert in junit.framework has been deprecated
    [javac]         Assert.assertEquals(1, CharSequenceUtils.length(new StringBuffer("A")));
    [javac]         ^
    [javac] /tmp/run_mutation.pl_39751_1483624260/29f/src/test/java/org/apache/commons/lang3/CharSequenceUtilsTest.java:49: warning: [deprecation] Assert in junit.framework has been deprecated
    [javac]         Assert.assertEquals(1, CharSequenceUtils.length(new StringBuffer(" ")));
    [javac]         ^
    [javac] /tmp/run_mutation.pl_39751_1483624260/29f/src/test/java/org/apache/commons/lang3/CharSequenceUtilsTest.java:50: warning: [deprecation] Assert in junit.framework has been deprecated
    [javac]         Assert.assertEquals(8, CharSequenceUtils.length(new StringBuffer("ABCDEFGH")));
    [javac]         ^
    [javac] /tmp/run_mutation.pl_39751_1483624260/29f/src/test/java/org/apache/commons/lang3/CharSequenceUtilsTest.java:54: warning: [deprecation] Assert in junit.framework has been deprecated
    [javac]         Assert.assertEquals(0, CharSequenceUtils.length(new StringBuilder("")));
    [javac]         ^
    [javac] /tmp/run_mutation.pl_39751_1483624260/29f/src/test/java/org/apache/commons/lang3/CharSequenceUtilsTest.java:55: warning: [deprecation] Assert in junit.framework has been deprecated
    [javac]         Assert.assertEquals(1, CharSequenceUtils.length(new StringBuilder("A")));
    [javac]         ^
    [javac] /tmp/run_mutation.pl_39751_1483624260/29f/src/test/java/org/apache/commons/lang3/CharSequenceUtilsTest.java:56: warning: [deprecation] Assert in junit.framework has been deprecated
    [javac]         Assert.assertEquals(1, CharSequenceUtils.length(new StringBuilder(" ")));
    [javac]         ^
    [javac] /tmp/run_mutation.pl_39751_1483624260/29f/src/test/java/org/apache/commons/lang3/CharSequenceUtilsTest.java:57: warning: [deprecation] Assert in junit.framework has been deprecated
    [javac]         Assert.assertEquals(8, CharSequenceUtils.length(new StringBuilder("ABCDEFGH")));
    [javac]         ^
    [javac] /tmp/run_mutation.pl_39751_1483624260/29f/src/test/java/org/apache/commons/lang3/CharSequenceUtilsTest.java:64: warning: [deprecation] Assert in junit.framework has been deprecated
    [javac]         Assert.assertEquals(null, CharSequenceUtils.subSequence(null, -1));
    [javac]         ^
    [javac] /tmp/run_mutation.pl_39751_1483624260/29f/src/test/java/org/apache/commons/lang3/CharSequenceUtilsTest.java:65: warning: [deprecation] Assert in junit.framework has been deprecated
    [javac]         Assert.assertEquals(null, CharSequenceUtils.subSequence(null, 0));
    [javac]         ^
    [javac] /tmp/run_mutation.pl_39751_1483624260/29f/src/test/java/org/apache/commons/lang3/CharSequenceUtilsTest.java:66: warning: [deprecation] Assert in junit.framework has been deprecated
    [javac]         Assert.assertEquals(null, CharSequenceUtils.subSequence(null, 1));
    [javac]         ^
    [javac] /tmp/run_mutation.pl_39751_1483624260/29f/src/test/java/org/apache/commons/lang3/CharSequenceUtilsTest.java:70: warning: [deprecation] Assert in junit.framework has been deprecated
    [javac]         Assert.assertEquals(StringUtils.EMPTY, CharSequenceUtils.subSequence(StringUtils.EMPTY, 0));
    [javac]         ^
    [javac] /tmp/run_mutation.pl_39751_1483624260/29f/src/test/java/org/apache/commons/lang3/CharSequenceUtilsTest.java:71: warning: [deprecation] Assert in junit.framework has been deprecated
    [javac]         Assert.assertEquals("012", CharSequenceUtils.subSequence("012", 0));
    [javac]         ^
    [javac] /tmp/run_mutation.pl_39751_1483624260/29f/src/test/java/org/apache/commons/lang3/CharSequenceUtilsTest.java:72: warning: [deprecation] Assert in junit.framework has been deprecated
    [javac]         Assert.assertEquals("12", CharSequenceUtils.subSequence("012", 1));
    [javac]         ^
    [javac] /tmp/run_mutation.pl_39751_1483624260/29f/src/test/java/org/apache/commons/lang3/CharSequenceUtilsTest.java:73: warning: [deprecation] Assert in junit.framework has been deprecated
    [javac]         Assert.assertEquals("2", CharSequenceUtils.subSequence("012", 2));
    [javac]         ^
    [javac] /tmp/run_mutation.pl_39751_1483624260/29f/src/test/java/org/apache/commons/lang3/CharSequenceUtilsTest.java:74: warning: [deprecation] Assert in junit.framework has been deprecated
    [javac]         Assert.assertEquals(StringUtils.EMPTY, CharSequenceUtils.subSequence("012", 3));
    [javac]         ^
    [javac] /tmp/run_mutation.pl_39751_1483624260/29f/src/test/java/org/apache/commons/lang3/CharSequenceUtilsTest.java:79: warning: [deprecation] Assert in junit.framework has been deprecated
    [javac]             Assert.assertEquals(null, CharSequenceUtils.subSequence(StringUtils.EMPTY, -1));
    [javac]             ^
    [javac] /tmp/run_mutation.pl_39751_1483624260/29f/src/test/java/org/apache/commons/lang3/CharSequenceUtilsTest.java:80: warning: [deprecation] Assert in junit.framework has been deprecated
    [javac]             Assert.fail("Expected " + IndexOutOfBoundsException.class.getName());
    [javac]             ^
    [javac] /tmp/run_mutation.pl_39751_1483624260/29f/src/test/java/org/apache/commons/lang3/CharSequenceUtilsTest.java:85: warning: [deprecation] Assert in junit.framework has been deprecated
    [javac]             Assert.assertEquals(null, CharSequenceUtils.subSequence(StringUtils.EMPTY, 1));
    [javac]             ^
    [javac] /tmp/run_mutation.pl_39751_1483624260/29f/src/test/java/org/apache/commons/lang3/CharSequenceUtilsTest.java:86: warning: [deprecation] Assert in junit.framework has been deprecated
    [javac]             Assert.fail("Expected " + IndexOutOfBoundsException.class.getName());
    [javac]             ^
    [javac] /tmp/run_mutation.pl_39751_1483624260/29f/src/test/java/org/apache/commons/lang3/StringUtilsTest.java:194: warning: non-varargs call of varargs method with inexact argument type for last parameter;
    [javac]         assertEquals(null,  StringUtils.concat(null));
    [javac]                                                ^
    [javac]   cast to Object for a varargs call
    [javac]   cast to Object[] for a non-varargs call and to suppress this warning
    [javac] /tmp/run_mutation.pl_39751_1483624260/29f/src/test/java/org/apache/commons/lang3/StringUtilsTest.java:202: warning: non-varargs call of varargs method with inexact argument type for last parameter;
    [javac]         assertEquals(null,    StringUtils.concatWith(null, null));
    [javac]                                                            ^
    [javac]   cast to Object for a varargs call
    [javac]   cast to Object[] for a non-varargs call and to suppress this warning
    [javac] /tmp/run_mutation.pl_39751_1483624260/29f/src/test/java/org/apache/commons/lang3/StringUtilsTest.java:1328: warning: [deprecation] length(CharSequence) in StringUtils has been deprecated
    [javac]         assertEquals(0, StringUtils.length(null));
    [javac]                                    ^
    [javac] /tmp/run_mutation.pl_39751_1483624260/29f/src/test/java/org/apache/commons/lang3/StringUtilsTest.java:1329: warning: [deprecation] length(CharSequence) in StringUtils has been deprecated
    [javac]         assertEquals(0, StringUtils.length(""));
    [javac]                                    ^
    [javac] /tmp/run_mutation.pl_39751_1483624260/29f/src/test/java/org/apache/commons/lang3/StringUtilsTest.java:1330: warning: [deprecation] length(CharSequence) in StringUtils has been deprecated
    [javac]         assertEquals(0, StringUtils.length(StringUtils.EMPTY));
    [javac]                                    ^
    [javac] /tmp/run_mutation.pl_39751_1483624260/29f/src/test/java/org/apache/commons/lang3/StringUtilsTest.java:1331: warning: [deprecation] length(CharSequence) in StringUtils has been deprecated
    [javac]         assertEquals(1, StringUtils.length("A"));
    [javac]                                    ^
    [javac] /tmp/run_mutation.pl_39751_1483624260/29f/src/test/java/org/apache/commons/lang3/StringUtilsTest.java:1332: warning: [deprecation] length(CharSequence) in StringUtils has been deprecated
    [javac]         assertEquals(1, StringUtils.length(" "));
    [javac]                                    ^
    [javac] /tmp/run_mutation.pl_39751_1483624260/29f/src/test/java/org/apache/commons/lang3/StringUtilsTest.java:1333: warning: [deprecation] length(CharSequence) in StringUtils has been deprecated
    [javac]         assertEquals(8, StringUtils.length("ABCDEFGH"));
    [javac]                                    ^
    [javac] /tmp/run_mutation.pl_39751_1483624260/29f/src/test/java/org/apache/commons/lang3/StringUtilsTest.java:1337: warning: [deprecation] length(CharSequence) in StringUtils has been deprecated
    [javac]         assertEquals(0, StringUtils.length(new StringBuffer("")));
    [javac]                                    ^
    [javac] /tmp/run_mutation.pl_39751_1483624260/29f/src/test/java/org/apache/commons/lang3/StringUtilsTest.java:1338: warning: [deprecation] length(CharSequence) in StringUtils has been deprecated
    [javac]         assertEquals(0, StringUtils.length(new StringBuffer(StringUtils.EMPTY)));
    [javac]                                    ^
    [javac] /tmp/run_mutation.pl_39751_1483624260/29f/src/test/java/org/apache/commons/lang3/StringUtilsTest.java:1339: warning: [deprecation] length(CharSequence) in StringUtils has been deprecated
    [javac]         assertEquals(1, StringUtils.length(new StringBuffer("A")));
    [javac]                                    ^
    [javac] /tmp/run_mutation.pl_39751_1483624260/29f/src/test/java/org/apache/commons/lang3/StringUtilsTest.java:1340: warning: [deprecation] length(CharSequence) in StringUtils has been deprecated
    [javac]         assertEquals(1, StringUtils.length(new StringBuffer(" ")));
    [javac]                                    ^
    [javac] /tmp/run_mutation.pl_39751_1483624260/29f/src/test/java/org/apache/commons/lang3/StringUtilsTest.java:1341: warning: [deprecation] length(CharSequence) in StringUtils has been deprecated
    [javac]         assertEquals(8, StringUtils.length(new StringBuffer("ABCDEFGH")));
    [javac]                                    ^
    [javac] /tmp/run_mutation.pl_39751_1483624260/29f/src/test/java/org/apache/commons/lang3/StringUtilsTest.java:1345: warning: [deprecation] length(CharSequence) in StringUtils has been deprecated
    [javac]         assertEquals(0, StringUtils.length(new StringBuilder("")));
    [javac]                                    ^
    [javac] /tmp/run_mutation.pl_39751_1483624260/29f/src/test/java/org/apache/commons/lang3/StringUtilsTest.java:1346: warning: [deprecation] length(CharSequence) in StringUtils has been deprecated
    [javac]         assertEquals(0, StringUtils.length(new StringBuilder(StringUtils.EMPTY)));
    [javac]                                    ^
    [javac] /tmp/run_mutation.pl_39751_1483624260/29f/src/test/java/org/apache/commons/lang3/StringUtilsTest.java:1347: warning: [deprecation] length(CharSequence) in StringUtils has been deprecated
    [javac]         assertEquals(1, StringUtils.length(new StringBuilder("A")));
    [javac]                                    ^
    [javac] /tmp/run_mutation.pl_39751_1483624260/29f/src/test/java/org/apache/commons/lang3/StringUtilsTest.java:1348: warning: [deprecation] length(CharSequence) in StringUtils has been deprecated
    [javac]         assertEquals(1, StringUtils.length(new StringBuilder(" ")));
    [javac]                                    ^
    [javac] /tmp/run_mutation.pl_39751_1483624260/29f/src/test/java/org/apache/commons/lang3/StringUtilsTest.java:1349: warning: [deprecation] length(CharSequence) in StringUtils has been deprecated
    [javac]         assertEquals(8, StringUtils.length(new StringBuilder("ABCDEFGH")));
    [javac]                                    ^
    [javac] /tmp/run_mutation.pl_39751_1483624260/29f/src/test/java/org/apache/commons/lang3/StringUtilsTest.java:1804: warning: non-varargs call of varargs method with inexact argument type for last parameter;
    [javac]         assertEquals(-1, StringUtils.indexOfDifference(null));
    [javac]                                                        ^
    [javac]   cast to CharSequence for a varargs call
    [javac]   cast to CharSequence[] for a non-varargs call and to suppress this warning
    [javac] /tmp/run_mutation.pl_39751_1483624260/29f/src/test/java/org/apache/commons/lang3/StringUtilsTest.java:1824: warning: non-varargs call of varargs method with inexact argument type for last parameter;
    [javac]         assertEquals("", StringUtils.getCommonPrefix(null));
    [javac]                                                      ^
    [javac]   cast to String for a varargs call
    [javac]   cast to String[] for a non-varargs call and to suppress this warning
    [javac] /tmp/run_mutation.pl_39751_1483624260/29f/src/test/java/org/apache/commons/lang3/StringUtilsTest.java:1844: warning: non-varargs call of varargs method with inexact argument type for last parameter;
    [javac]         assertFalse(StringUtils.startsWithAny(null, null));
    [javac]                                                     ^
    [javac]   cast to String for a varargs call
    [javac]   cast to String[] for a non-varargs call and to suppress this warning
    [javac] /tmp/run_mutation.pl_39751_1483624260/29f/src/test/java/org/apache/commons/lang3/StringUtilsTest.java:1846: warning: non-varargs call of varargs method with inexact argument type for last parameter;
    [javac]         assertFalse(StringUtils.startsWithAny("abcxyz", null));
    [javac]                                                         ^
    [javac]   cast to String for a varargs call
    [javac]   cast to String[] for a non-varargs call and to suppress this warning
    [javac] /tmp/run_mutation.pl_39751_1483624260/29f/src/test/java/org/apache/commons/lang3/SystemUtilsTest.java:60: warning: [deprecation] Assert in junit.framework has been deprecated
    [javac]         Assert.assertNotNull(dir);
    [javac]         ^
    [javac] /tmp/run_mutation.pl_39751_1483624260/29f/src/test/java/org/apache/commons/lang3/SystemUtilsTest.java:61: warning: [deprecation] Assert in junit.framework has been deprecated
    [javac]         Assert.assertTrue(dir.exists());
    [javac]         ^
    [javac] /tmp/run_mutation.pl_39751_1483624260/29f/src/test/java/org/apache/commons/lang3/SystemUtilsTest.java:69: warning: [deprecation] Assert in junit.framework has been deprecated
    [javac]         Assert.assertNotNull(dir);
    [javac]         ^
    [javac] /tmp/run_mutation.pl_39751_1483624260/29f/src/test/java/org/apache/commons/lang3/SystemUtilsTest.java:70: warning: [deprecation] Assert in junit.framework has been deprecated
    [javac]         Assert.assertTrue(dir.exists());
    [javac]         ^
    [javac] /tmp/run_mutation.pl_39751_1483624260/29f/src/test/java/org/apache/commons/lang3/SystemUtilsTest.java:78: warning: [deprecation] Assert in junit.framework has been deprecated
    [javac]         Assert.assertNotNull(dir);
    [javac]         ^
    [javac] /tmp/run_mutation.pl_39751_1483624260/29f/src/test/java/org/apache/commons/lang3/SystemUtilsTest.java:79: warning: [deprecation] Assert in junit.framework has been deprecated
    [javac]         Assert.assertTrue(dir.exists());
    [javac]         ^
    [javac] /tmp/run_mutation.pl_39751_1483624260/29f/src/test/java/org/apache/commons/lang3/SystemUtilsTest.java:87: warning: [deprecation] Assert in junit.framework has been deprecated
    [javac]         Assert.assertNotNull(dir);
    [javac]         ^
    [javac] /tmp/run_mutation.pl_39751_1483624260/29f/src/test/java/org/apache/commons/lang3/SystemUtilsTest.java:88: warning: [deprecation] Assert in junit.framework has been deprecated
    [javac]         Assert.assertTrue(dir.exists());
    [javac]         ^
    [javac] /tmp/run_mutation.pl_39751_1483624260/29f/src/test/java/org/apache/commons/lang3/builder/ReflectionToStringBuilderExcludeTest.java:114: warning: [deprecation] Assert in junit.framework has been deprecated
    [javac]         Assert.assertTrue(toString.indexOf(NOT_SECRET_FIELD) > ArrayUtils.INDEX_NOT_FOUND);
    [javac]         ^
    [javac] /tmp/run_mutation.pl_39751_1483624260/29f/src/test/java/org/apache/commons/lang3/builder/ReflectionToStringBuilderExcludeTest.java:115: warning: [deprecation] Assert in junit.framework has been deprecated
    [javac]         Assert.assertTrue(toString.indexOf(NOT_SECRET_VALUE) > ArrayUtils.INDEX_NOT_FOUND);
    [javac]         ^
    [javac] /tmp/run_mutation.pl_39751_1483624260/29f/src/test/java/org/apache/commons/lang3/builder/ReflectionToStringBuilderExcludeTest.java:119: warning: [deprecation] Assert in junit.framework has been deprecated
    [javac]         Assert.assertEquals(ArrayUtils.INDEX_NOT_FOUND, toString.indexOf(SECRET_VALUE));
    [javac]         ^
    [javac] /tmp/run_mutation.pl_39751_1483624260/29f/src/test/java/org/apache/commons/lang3/builder/ReflectionToStringBuilderExcludeTest.java:124: warning: [deprecation] Assert in junit.framework has been deprecated
    [javac]         Assert.assertTrue(toString.indexOf(SECRET_VALUE) > 0);
    [javac]         ^
    [javac] /tmp/run_mutation.pl_39751_1483624260/29f/src/test/java/org/apache/commons/lang3/reflect/ConstructorUtilsTest.java:93: warning: non-varargs call of varargs method with inexact argument type for last parameter;
    [javac]                 ArrayUtils.EMPTY_CLASS_ARRAY).toString());
    [javac]                           ^
    [javac]   cast to Object for a varargs call
    [javac]   cast to Object[] for a non-varargs call and to suppress this warning
    [javac] /tmp/run_mutation.pl_39751_1483624260/29f/src/test/java/org/apache/commons/lang3/reflect/ConstructorUtilsTest.java:95: warning: non-varargs call of varargs method with inexact argument type for last parameter;
    [javac]                 (Class[]) null).toString());
    [javac]                 ^
    [javac]   cast to Object for a varargs call
    [javac]   cast to Object[] for a non-varargs call and to suppress this warning
    [javac] /tmp/run_mutation.pl_39751_1483624260/29f/src/test/java/org/apache/commons/lang3/reflect/ConstructorUtilsTest.java:114: warning: non-varargs call of varargs method with inexact argument type for last parameter;
    [javac]                 TestBean.class, ArrayUtils.EMPTY_CLASS_ARRAY).toString());
    [javac]                                           ^
    [javac]   cast to Object for a varargs call
    [javac]   cast to Object[] for a non-varargs call and to suppress this warning
    [javac] /tmp/run_mutation.pl_39751_1483624260/29f/src/test/java/org/apache/commons/lang3/reflect/ConstructorUtilsTest.java:116: warning: non-varargs call of varargs method with inexact argument type for last parameter;
    [javac]                 TestBean.class, (Class[]) null).toString());
    [javac]                                 ^
    [javac]   cast to Object for a varargs call
    [javac]   cast to Object[] for a non-varargs call and to suppress this warning
    [javac] /tmp/run_mutation.pl_39751_1483624260/29f/src/test/java/org/apache/commons/lang3/reflect/MethodUtilsTest.java:118: warning: non-varargs call of varargs method with inexact argument type for last parameter;
    [javac]                 ArrayUtils.EMPTY_CLASS_ARRAY));
    [javac]                           ^
    [javac]   cast to Object for a varargs call
    [javac]   cast to Object[] for a non-varargs call and to suppress this warning
    [javac] /tmp/run_mutation.pl_39751_1483624260/29f/src/test/java/org/apache/commons/lang3/reflect/MethodUtilsTest.java:120: warning: non-varargs call of varargs method with inexact argument type for last parameter;
    [javac]                 (Class[]) null));
    [javac]                 ^
    [javac]   cast to Object for a varargs call
    [javac]   cast to Object[] for a non-varargs call and to suppress this warning
    [javac] /tmp/run_mutation.pl_39751_1483624260/29f/src/test/java/org/apache/commons/lang3/reflect/MethodUtilsTest.java:139: warning: non-varargs call of varargs method with inexact argument type for last parameter;
    [javac]                 ArrayUtils.EMPTY_CLASS_ARRAY));
    [javac]                           ^
    [javac]   cast to Object for a varargs call
    [javac]   cast to Object[] for a non-varargs call and to suppress this warning
    [javac] /tmp/run_mutation.pl_39751_1483624260/29f/src/test/java/org/apache/commons/lang3/reflect/MethodUtilsTest.java:141: warning: non-varargs call of varargs method with inexact argument type for last parameter;
    [javac]                 (Class[]) null));
    [javac]                 ^
    [javac]   cast to Object for a varargs call
    [javac]   cast to Object[] for a non-varargs call and to suppress this warning
    [javac] /tmp/run_mutation.pl_39751_1483624260/29f/src/test/java/org/apache/commons/lang3/reflect/MethodUtilsTest.java:173: warning: non-varargs call of varargs method with inexact argument type for last parameter;
    [javac]                 "bar", ArrayUtils.EMPTY_CLASS_ARRAY));
    [javac]                                  ^
    [javac]   cast to Object for a varargs call
    [javac]   cast to Object[] for a non-varargs call and to suppress this warning
    [javac] /tmp/run_mutation.pl_39751_1483624260/29f/src/test/java/org/apache/commons/lang3/reflect/MethodUtilsTest.java:175: warning: non-varargs call of varargs method with inexact argument type for last parameter;
    [javac]                 "bar", (Class[]) null));
    [javac]                        ^
    [javac]   cast to Object for a varargs call
    [javac]   cast to Object[] for a non-varargs call and to suppress this warning
    [javac] /tmp/run_mutation.pl_39751_1483624260/29f/src/test/java/org/apache/commons/lang3/reflect/MethodUtilsTest.java:194: warning: non-varargs call of varargs method with inexact argument type for last parameter;
    [javac]                 "bar", ArrayUtils.EMPTY_CLASS_ARRAY));
    [javac]                                  ^
    [javac]   cast to Object for a varargs call
    [javac]   cast to Object[] for a non-varargs call and to suppress this warning
    [javac] /tmp/run_mutation.pl_39751_1483624260/29f/src/test/java/org/apache/commons/lang3/reflect/MethodUtilsTest.java:196: warning: non-varargs call of varargs method with inexact argument type for last parameter;
    [javac]                 "bar", (Class[]) null));
    [javac]                        ^
    [javac]   cast to Object for a varargs call
    [javac]   cast to Object[] for a non-varargs call and to suppress this warning
    [javac] /tmp/run_mutation.pl_39751_1483624260/29f/src/test/java/org/apache/commons/lang3/time/DateUtilsTest.java:267: warning: non-varargs call of varargs method with inexact argument type for last parameter;
    [javac]             DateUtils.parseDate(dateStr, null);
    [javac]                                          ^
    [javac]   cast to String for a varargs call
    [javac]   cast to String[] for a non-varargs call and to suppress this warning
    [javac] /tmp/run_mutation.pl_39751_1483624260/29f/src/test/java/org/apache/commons/lang3/time/StopWatchTest.java:208: warning: [deprecation] Assert in junit.framework has been deprecated
    [javac]             Assert.assertTrue(watch.getStartTime() >= beforeStopWatch);
    [javac]             ^
    [javac] Note: Some input files use unchecked or unsafe operations.
    [javac] Note: Recompile with -Xlint:unchecked for details.
    [javac] 83 warnings

compile.tests:

update.all.tests:

mutation.test:
     [echo] Running mutation analysis ...
    [junit] MAJOR: Mutation analysis enabled
SLF4J: Failed to load class "org.slf4j.impl.StaticLoggerBinder".
SLF4J: Defaulting to no-operation (NOP) logger implementation
SLF4J: See http://www.slf4j.org/codes.html#StaticLoggerBinder for further details.
    [junit] MAJOR: org.apache.commons.lang3.SystemUtils_ESTest1[test01] failed!
    [junit] MAJOR:  -> java.lang.ClassCastException
    [junit] MAJOR:  -> "java.io.File cannot be cast to org.evosuite.runtime.mock.java.io.MockFile"
    [junit] MAJOR: org.apache.commons.lang3.SystemUtils_ESTest2[test02] failed!
    [junit] MAJOR:  -> java.lang.ClassCastException
    [junit] MAJOR:  -> "java.io.File cannot be cast to org.evosuite.runtime.mock.java.io.MockFile"
    [junit] MAJOR: org.apache.commons.lang3.SystemUtils_ESTest3[test03] failed!
    [junit] MAJOR:  -> java.lang.ClassCastException
    [junit] MAJOR:  -> "java.io.File cannot be cast to org.evosuite.runtime.mock.java.io.MockFile"
    [junit] MAJOR: org.apache.commons.lang3.SystemUtils_ESTest7[test07] failed!
    [junit] MAJOR:  -> java.lang.ClassCastException
    [junit] MAJOR:  -> "java.io.File cannot be cast to org.evosuite.runtime.mock.java.io.MockFile"
    [junit] MAJOR: Exclude 4 failing test classes:
    [junit] MAJOR:  - org.apache.commons.lang3.SystemUtils_ESTest1
    [junit] MAJOR:  - org.apache.commons.lang3.SystemUtils_ESTest2
    [junit] MAJOR:  - org.apache.commons.lang3.SystemUtils_ESTest3
    [junit] MAJOR:  - org.apache.commons.lang3.SystemUtils_ESTest7
    [junit] MAJOR: ------------------------------------------------------------
    [junit] MAJOR: Run 19 ordered tests to verify independence
    [junit] MAJOR: ------------------------------------------------------------
    [junit] MAJOR: Preprocessing time: 3.48 seconds
    [junit] MAJOR: ------------------------------------------------------------
    [junit] MAJOR: Mutants generated: 274
    [junit] MAJOR: Mutants covered:   265 (96.72%)
    [junit] MAJOR: ------------------------------------------------------------
    [junit] MAJOR: Export test map to (testMap.csv)
    [junit] MAJOR: Export coverage map to (covMap.csv)
    [junit] MAJOR: Exclude 0 mutants
    [junit] MAJOR: ------------------------------------------------------------
    [junit] MAJOR: Run mutation analysis with 19 individual tests
    [junit] MAJOR: ------------------------------------------------------------
    [junit] MAJOR: 1/19 - org.apache.commons.lang3.SystemUtils_ESTest18 (7ms / 244):
    [junit] MAJOR: 96753 (17 / 244 / 244) -> AVG-RTPM: 396ms
    [junit] MAJOR: Mutants killed / live: 17 (2-15-0) / 248
    [junit] MAJOR: ------------------------------------------------------------
    [junit] MAJOR: 2/19 - org.apache.commons.lang3.SystemUtils_ESTest21 (7ms / 245):
    [junit] MAJOR: 218718 (185 / 245 / 245) -> AVG-RTPM: 497ms
    [junit] MAJOR: Mutants killed / live: 202 (2-200-17) / 63
    [junit] MAJOR: ------------------------------------------------------------
    [junit] MAJOR: 3/19 - org.apache.commons.lang3.SystemUtils_ESTest24 (7ms / 246):
    [junit] MAJOR: 288170 (45 / 246 / 246) -> AVG-RTPM: 282ms
    [junit] MAJOR: Mutants killed / live: 247 (2-446-17) / 18
    [junit] MAJOR: ------------------------------------------------------------
    [junit] MAJOR: 4/19 - org.apache.commons.lang3.SystemUtils_ESTest5 (7ms / 244):
    [junit] MAJOR: 357728 (0 / 244 / 244) -> AVG-RTPM: 285ms
    [junit] MAJOR: Mutants killed / live: 247 (2-690-17) / 18
    [junit] MAJOR: ------------------------------------------------------------
    [junit] MAJOR: 5/19 - org.apache.commons.lang3.SystemUtils_ESTest6 (7ms / 244):
    [junit] MAJOR: 431262 (0 / 244 / 244) -> AVG-RTPM: 301ms
    [junit] MAJOR: Mutants killed / live: 247 (2-934-17) / 18
    [junit] MAJOR: ------------------------------------------------------------
    [junit] MAJOR: 6/19 - org.apache.commons.lang3.SystemUtils_ESTest9 (7ms / 251):
    [junit] MAJOR: 507534 (7 / 251 / 251) -> AVG-RTPM: 303ms
    [junit] MAJOR: Mutants killed / live: 254 (2-1185-17) / 11
    [junit] MAJOR: ------------------------------------------------------------
    [junit] MAJOR: 7/19 - org.apache.commons.lang3.SystemUtils_ESTest11 (8ms / 251):
    [junit] MAJOR: 583965 (7 / 251 / 251) -> AVG-RTPM: 304ms
    [junit] MAJOR: Mutants killed / live: 261 (2-1436-17) / 4
    [junit] MAJOR: ------------------------------------------------------------
    [junit] MAJOR: 8/19 - org.apache.commons.lang3.SystemUtils_ESTest12 (8ms / 251):
    [junit] MAJOR: 660333 (0 / 251 / 251) -> AVG-RTPM: 304ms
    [junit] MAJOR: Mutants killed / live: 261 (2-1687-17) / 4
    [junit] MAJOR: ------------------------------------------------------------
    [junit] MAJOR: 9/19 - org.apache.commons.lang3.SystemUtils_ESTest13 (8ms / 244):
    [junit] MAJOR: 734093 (0 / 244 / 244) -> AVG-RTPM: 302ms
    [junit] MAJOR: Mutants killed / live: 261 (2-1931-17) / 4
    [junit] MAJOR: ------------------------------------------------------------
    [junit] MAJOR: 10/19 - org.apache.commons.lang3.SystemUtils_ESTest16 (8ms / 244):
    [junit] MAJOR: 807782 (0 / 244 / 244) -> AVG-RTPM: 302ms
    [junit] MAJOR: Mutants killed / live: 261 (2-2175-17) / 4
    [junit] MAJOR: ------------------------------------------------------------
    [junit] MAJOR: 11/19 - org.apache.commons.lang3.SystemUtils_ESTest22 (8ms / 244):
    [junit] MAJOR: 882083 (0 / 244 / 244) -> AVG-RTPM: 304ms
    [junit] MAJOR: Mutants killed / live: 261 (2-2419-17) / 4
    [junit] MAJOR: ------------------------------------------------------------
    [junit] MAJOR: 12/19 - org.apache.commons.lang3.SystemUtils_ESTest15 (9ms / 245):
    [junit] MAJOR: 956980 (1 / 245 / 245) -> AVG-RTPM: 305ms
    [junit] MAJOR: Mutants killed / live: 262 (2-2664-17) / 3
    [junit] MAJOR: ------------------------------------------------------------
    [junit] MAJOR: 13/19 - org.apache.commons.lang3.SystemUtils_ESTest19 (9ms / 244):
    [junit] MAJOR: 1031409 (0 / 244 / 244) -> AVG-RTPM: 305ms
    [junit] MAJOR: Mutants killed / live: 262 (2-2908-17) / 3
    [junit] MAJOR: ------------------------------------------------------------
    [junit] MAJOR: 14/19 - org.apache.commons.lang3.SystemUtils_ESTest20 (9ms / 244):
    [junit] MAJOR: 1105095 (0 / 244 / 244) -> AVG-RTPM: 301ms
    [junit] MAJOR: Mutants killed / live: 262 (2-3152-17) / 3
    [junit] MAJOR: ------------------------------------------------------------
    [junit] MAJOR: 15/19 - org.apache.commons.lang3.SystemUtils_ESTest23 (9ms / 246):
    [junit] MAJOR: 1179521 (2 / 246 / 246) -> AVG-RTPM: 302ms
    [junit] MAJOR: Mutants killed / live: 264 (2-3398-17) / 1
    [junit] MAJOR: ------------------------------------------------------------
    [junit] MAJOR: 16/19 - org.apache.commons.lang3.SystemUtils_ESTest14 (19ms / 245):
    [junit] MAJOR: 1253779 (1 / 245 / 245) -> AVG-RTPM: 303ms
    [junit] MAJOR: Mutants killed / live: 265 (2-3643-17) / 0
    [junit] MAJOR: ------------------------------------------------------------
    [junit] MAJOR: 17/19 - org.apache.commons.lang3.SystemUtils_ESTest17 (19ms / 245):
    [junit] MAJOR: 1329147 (0 / 245 / 245) -> AVG-RTPM: 307ms
    [junit] MAJOR: Mutants killed / live: 265 (2-3888-17) / 0
    [junit] MAJOR: ------------------------------------------------------------
    [junit] MAJOR: 18/19 - org.apache.commons.lang3.SystemUtils_ESTest0 (27ms / 244):
    [junit] MAJOR: 1404758 (0 / 244 / 244) -> AVG-RTPM: 309ms
    [junit] MAJOR: Mutants killed / live: 265 (2-4132-17) / 0
    [junit] MAJOR: ------------------------------------------------------------
    [junit] MAJOR: 19/19 - org.apache.commons.lang3.SystemUtils_ESTest10 (30ms / 251):
    [junit] MAJOR: 1482657 (0 / 251 / 251) -> AVG-RTPM: 310ms
    [junit] MAJOR: Mutants killed / live: 265 (2-4383-17) / 0
    [junit] MAJOR: ------------------------------------------------------------
    [junit] MAJOR: Summary:
    [junit] MAJOR: 
    [junit] MAJOR: Analysis time:  1482.7 seconds
    [junit] MAJOR: Mutation score: 96.72% (100.00%)
    [junit] MAJOR: Mutants killed / live: 265 (2-4383-17) / 0
    [junit] MAJOR: Mutant executions: 4672
    [junit] MAJOR: ------------------------------------------------------------
    [junit] MAJOR: Export summary of results (to summary.csv)
    [junit] MAJOR: Export mutant kill details (to /tmp/run_mutation.pl_39751_1483624260/29f/kill.csv)
    [junit] MAJOR: Export kill map (to killMap.csv)!

BUILD SUCCESSFUL
Total time: 24 minutes 50 seconds
