
test-offline:

get-deps:

compile:
    [javac] /tmp/run_mutation.pl_54689_1483624904/30f/maven-build.xml:75: warning: 'includeantruntime' was not set, defaulting to build.sysclasspath=last; set to false for repeatable builds

compile-tests:
    [mkdir] Created dir: /tmp/run_mutation.pl_54689_1483624904/30f/target/test-classes
    [javac] /tmp/run_mutation.pl_54689_1483624904/30f/maven-build.xml:108: warning: 'includeantruntime' was not set, defaulting to build.sysclasspath=last; set to false for repeatable builds
    [javac] Compiling 101 source files to /tmp/run_mutation.pl_54689_1483624904/30f/target/test-classes
    [javac] warning: [options] bootstrap class path not set in conjunction with -source 1.5
    [javac] /tmp/run_mutation.pl_54689_1483624904/30f/src/test/java/org/apache/commons/lang3/CharSequenceUtilsTest.java:21: warning: [deprecation] Assert in junit.framework has been deprecated
    [javac] import junit.framework.Assert;
    [javac]                       ^
    [javac] /tmp/run_mutation.pl_54689_1483624904/30f/src/test/java/org/apache/commons/lang3/SystemUtilsTest.java:27: warning: [deprecation] Assert in junit.framework has been deprecated
    [javac] import junit.framework.Assert;
    [javac]                       ^
    [javac] /tmp/run_mutation.pl_54689_1483624904/30f/src/test/java/org/apache/commons/lang3/builder/ReflectionToStringBuilderExcludeTest.java:24: warning: [deprecation] Assert in junit.framework has been deprecated
    [javac] import junit.framework.Assert;
    [javac]                       ^
    [javac] /tmp/run_mutation.pl_54689_1483624904/30f/src/test/java/org/apache/commons/lang3/reflect/TypeUtilsTest.java:19: warning: [deprecation] Assert in junit.framework has been deprecated
    [javac] import static junit.framework.Assert.*;
    [javac]                              ^
    [javac] /tmp/run_mutation.pl_54689_1483624904/30f/src/test/java/org/apache/commons/lang3/time/StopWatchTest.java:19: warning: [deprecation] Assert in junit.framework has been deprecated
    [javac] import junit.framework.Assert;
    [javac]                       ^
    [javac] /tmp/run_mutation.pl_54689_1483624904/30f/src/test/java/org/apache/commons/lang3/CharSequenceUtilsTest.java:32: warning: [deprecation] Assert in junit.framework has been deprecated
    [javac] 		Assert.assertEquals(0, CharSequenceUtils.length(CharBuffer.wrap("")));
    [javac] 		^
    [javac] /tmp/run_mutation.pl_54689_1483624904/30f/src/test/java/org/apache/commons/lang3/CharSequenceUtilsTest.java:33: warning: [deprecation] Assert in junit.framework has been deprecated
    [javac] 		Assert.assertEquals(1, CharSequenceUtils.length(CharBuffer.wrap("A")));
    [javac] 		^
    [javac] /tmp/run_mutation.pl_54689_1483624904/30f/src/test/java/org/apache/commons/lang3/CharSequenceUtilsTest.java:34: warning: [deprecation] Assert in junit.framework has been deprecated
    [javac] 		Assert.assertEquals(1, CharSequenceUtils.length(CharBuffer.wrap(" ")));
    [javac] 		^
    [javac] /tmp/run_mutation.pl_54689_1483624904/30f/src/test/java/org/apache/commons/lang3/CharSequenceUtilsTest.java:35: warning: [deprecation] Assert in junit.framework has been deprecated
    [javac] 		Assert.assertEquals(8, CharSequenceUtils.length(CharBuffer.wrap("ABCDEFGH")));
    [javac] 		^
    [javac] /tmp/run_mutation.pl_54689_1483624904/30f/src/test/java/org/apache/commons/lang3/CharSequenceUtilsTest.java:39: warning: [deprecation] Assert in junit.framework has been deprecated
    [javac] 		Assert.assertEquals(0, CharSequenceUtils.length(null));
    [javac] 		^
    [javac] /tmp/run_mutation.pl_54689_1483624904/30f/src/test/java/org/apache/commons/lang3/CharSequenceUtilsTest.java:40: warning: [deprecation] Assert in junit.framework has been deprecated
    [javac] 		Assert.assertEquals(0, CharSequenceUtils.length(""));
    [javac] 		^
    [javac] /tmp/run_mutation.pl_54689_1483624904/30f/src/test/java/org/apache/commons/lang3/CharSequenceUtilsTest.java:41: warning: [deprecation] Assert in junit.framework has been deprecated
    [javac] 		Assert.assertEquals(1, CharSequenceUtils.length("A"));
    [javac] 		^
    [javac] /tmp/run_mutation.pl_54689_1483624904/30f/src/test/java/org/apache/commons/lang3/CharSequenceUtilsTest.java:42: warning: [deprecation] Assert in junit.framework has been deprecated
    [javac] 		Assert.assertEquals(1, CharSequenceUtils.length(" "));
    [javac] 		^
    [javac] /tmp/run_mutation.pl_54689_1483624904/30f/src/test/java/org/apache/commons/lang3/CharSequenceUtilsTest.java:43: warning: [deprecation] Assert in junit.framework has been deprecated
    [javac] 		Assert.assertEquals(8, CharSequenceUtils.length("ABCDEFGH"));
    [javac] 		^
    [javac] /tmp/run_mutation.pl_54689_1483624904/30f/src/test/java/org/apache/commons/lang3/CharSequenceUtilsTest.java:47: warning: [deprecation] Assert in junit.framework has been deprecated
    [javac] 		Assert.assertEquals(0, CharSequenceUtils.length(new StringBuffer("")));
    [javac] 		^
    [javac] /tmp/run_mutation.pl_54689_1483624904/30f/src/test/java/org/apache/commons/lang3/CharSequenceUtilsTest.java:48: warning: [deprecation] Assert in junit.framework has been deprecated
    [javac] 		Assert.assertEquals(1, CharSequenceUtils.length(new StringBuffer("A")));
    [javac] 		^
    [javac] /tmp/run_mutation.pl_54689_1483624904/30f/src/test/java/org/apache/commons/lang3/CharSequenceUtilsTest.java:49: warning: [deprecation] Assert in junit.framework has been deprecated
    [javac] 		Assert.assertEquals(1, CharSequenceUtils.length(new StringBuffer(" ")));
    [javac] 		^
    [javac] /tmp/run_mutation.pl_54689_1483624904/30f/src/test/java/org/apache/commons/lang3/CharSequenceUtilsTest.java:50: warning: [deprecation] Assert in junit.framework has been deprecated
    [javac] 		Assert.assertEquals(8, CharSequenceUtils.length(new StringBuffer("ABCDEFGH")));
    [javac] 		^
    [javac] /tmp/run_mutation.pl_54689_1483624904/30f/src/test/java/org/apache/commons/lang3/CharSequenceUtilsTest.java:54: warning: [deprecation] Assert in junit.framework has been deprecated
    [javac] 		Assert.assertEquals(0, CharSequenceUtils.length(new StringBuilder("")));
    [javac] 		^
    [javac] /tmp/run_mutation.pl_54689_1483624904/30f/src/test/java/org/apache/commons/lang3/CharSequenceUtilsTest.java:55: warning: [deprecation] Assert in junit.framework has been deprecated
    [javac] 		Assert.assertEquals(1, CharSequenceUtils.length(new StringBuilder("A")));
    [javac] 		^
    [javac] /tmp/run_mutation.pl_54689_1483624904/30f/src/test/java/org/apache/commons/lang3/CharSequenceUtilsTest.java:56: warning: [deprecation] Assert in junit.framework has been deprecated
    [javac] 		Assert.assertEquals(1, CharSequenceUtils.length(new StringBuilder(" ")));
    [javac] 		^
    [javac] /tmp/run_mutation.pl_54689_1483624904/30f/src/test/java/org/apache/commons/lang3/CharSequenceUtilsTest.java:57: warning: [deprecation] Assert in junit.framework has been deprecated
    [javac] 		Assert.assertEquals(8, CharSequenceUtils.length(new StringBuilder("ABCDEFGH")));
    [javac] 		^
    [javac] /tmp/run_mutation.pl_54689_1483624904/30f/src/test/java/org/apache/commons/lang3/CharSequenceUtilsTest.java:64: warning: [deprecation] Assert in junit.framework has been deprecated
    [javac] 		Assert.assertEquals(null, CharSequenceUtils.subSequence(null, -1));
    [javac] 		^
    [javac] /tmp/run_mutation.pl_54689_1483624904/30f/src/test/java/org/apache/commons/lang3/CharSequenceUtilsTest.java:65: warning: [deprecation] Assert in junit.framework has been deprecated
    [javac] 		Assert.assertEquals(null, CharSequenceUtils.subSequence(null, 0));
    [javac] 		^
    [javac] /tmp/run_mutation.pl_54689_1483624904/30f/src/test/java/org/apache/commons/lang3/CharSequenceUtilsTest.java:66: warning: [deprecation] Assert in junit.framework has been deprecated
    [javac] 		Assert.assertEquals(null, CharSequenceUtils.subSequence(null, 1));
    [javac] 		^
    [javac] /tmp/run_mutation.pl_54689_1483624904/30f/src/test/java/org/apache/commons/lang3/CharSequenceUtilsTest.java:70: warning: [deprecation] Assert in junit.framework has been deprecated
    [javac] 		Assert.assertEquals(StringUtils.EMPTY, CharSequenceUtils.subSequence(StringUtils.EMPTY, 0));
    [javac] 		^
    [javac] /tmp/run_mutation.pl_54689_1483624904/30f/src/test/java/org/apache/commons/lang3/CharSequenceUtilsTest.java:71: warning: [deprecation] Assert in junit.framework has been deprecated
    [javac] 		Assert.assertEquals("012", CharSequenceUtils.subSequence("012", 0));
    [javac] 		^
    [javac] /tmp/run_mutation.pl_54689_1483624904/30f/src/test/java/org/apache/commons/lang3/CharSequenceUtilsTest.java:72: warning: [deprecation] Assert in junit.framework has been deprecated
    [javac] 		Assert.assertEquals("12", CharSequenceUtils.subSequence("012", 1));
    [javac] 		^
    [javac] /tmp/run_mutation.pl_54689_1483624904/30f/src/test/java/org/apache/commons/lang3/CharSequenceUtilsTest.java:73: warning: [deprecation] Assert in junit.framework has been deprecated
    [javac] 		Assert.assertEquals("2", CharSequenceUtils.subSequence("012", 2));
    [javac] 		^
    [javac] /tmp/run_mutation.pl_54689_1483624904/30f/src/test/java/org/apache/commons/lang3/CharSequenceUtilsTest.java:74: warning: [deprecation] Assert in junit.framework has been deprecated
    [javac] 		Assert.assertEquals(StringUtils.EMPTY, CharSequenceUtils.subSequence("012", 3));
    [javac] 		^
    [javac] /tmp/run_mutation.pl_54689_1483624904/30f/src/test/java/org/apache/commons/lang3/CharSequenceUtilsTest.java:79: warning: [deprecation] Assert in junit.framework has been deprecated
    [javac] 			Assert.assertEquals(null, CharSequenceUtils.subSequence(StringUtils.EMPTY, -1));
    [javac] 			^
    [javac] /tmp/run_mutation.pl_54689_1483624904/30f/src/test/java/org/apache/commons/lang3/CharSequenceUtilsTest.java:80: warning: [deprecation] Assert in junit.framework has been deprecated
    [javac] 			Assert.fail("Expected " + IndexOutOfBoundsException.class.getName());
    [javac] 			^
    [javac] /tmp/run_mutation.pl_54689_1483624904/30f/src/test/java/org/apache/commons/lang3/CharSequenceUtilsTest.java:85: warning: [deprecation] Assert in junit.framework has been deprecated
    [javac] 			Assert.assertEquals(null, CharSequenceUtils.subSequence(StringUtils.EMPTY, 1));
    [javac] 			^
    [javac] /tmp/run_mutation.pl_54689_1483624904/30f/src/test/java/org/apache/commons/lang3/CharSequenceUtilsTest.java:86: warning: [deprecation] Assert in junit.framework has been deprecated
    [javac] 			Assert.fail("Expected " + IndexOutOfBoundsException.class.getName());
    [javac] 			^
    [javac] /tmp/run_mutation.pl_54689_1483624904/30f/src/test/java/org/apache/commons/lang3/StringUtilsTest.java:1314: warning: [deprecation] length(CharSequence) in StringUtils has been deprecated
    [javac]         assertEquals(0, StringUtils.length(null));
    [javac]                                    ^
    [javac] /tmp/run_mutation.pl_54689_1483624904/30f/src/test/java/org/apache/commons/lang3/StringUtilsTest.java:1315: warning: [deprecation] length(CharSequence) in StringUtils has been deprecated
    [javac]         assertEquals(0, StringUtils.length(""));
    [javac]                                    ^
    [javac] /tmp/run_mutation.pl_54689_1483624904/30f/src/test/java/org/apache/commons/lang3/StringUtilsTest.java:1316: warning: [deprecation] length(CharSequence) in StringUtils has been deprecated
    [javac]         assertEquals(0, StringUtils.length(StringUtils.EMPTY));
    [javac]                                    ^
    [javac] /tmp/run_mutation.pl_54689_1483624904/30f/src/test/java/org/apache/commons/lang3/StringUtilsTest.java:1317: warning: [deprecation] length(CharSequence) in StringUtils has been deprecated
    [javac]         assertEquals(1, StringUtils.length("A"));
    [javac]                                    ^
    [javac] /tmp/run_mutation.pl_54689_1483624904/30f/src/test/java/org/apache/commons/lang3/StringUtilsTest.java:1318: warning: [deprecation] length(CharSequence) in StringUtils has been deprecated
    [javac]         assertEquals(1, StringUtils.length(" "));
    [javac]                                    ^
    [javac] /tmp/run_mutation.pl_54689_1483624904/30f/src/test/java/org/apache/commons/lang3/StringUtilsTest.java:1319: warning: [deprecation] length(CharSequence) in StringUtils has been deprecated
    [javac]         assertEquals(8, StringUtils.length("ABCDEFGH"));
    [javac]                                    ^
    [javac] /tmp/run_mutation.pl_54689_1483624904/30f/src/test/java/org/apache/commons/lang3/StringUtilsTest.java:1323: warning: [deprecation] length(CharSequence) in StringUtils has been deprecated
    [javac]         assertEquals(0, StringUtils.length(new StringBuffer("")));
    [javac]                                    ^
    [javac] /tmp/run_mutation.pl_54689_1483624904/30f/src/test/java/org/apache/commons/lang3/StringUtilsTest.java:1324: warning: [deprecation] length(CharSequence) in StringUtils has been deprecated
    [javac]         assertEquals(0, StringUtils.length(new StringBuffer(StringUtils.EMPTY)));
    [javac]                                    ^
    [javac] /tmp/run_mutation.pl_54689_1483624904/30f/src/test/java/org/apache/commons/lang3/StringUtilsTest.java:1325: warning: [deprecation] length(CharSequence) in StringUtils has been deprecated
    [javac]         assertEquals(1, StringUtils.length(new StringBuffer("A")));
    [javac]                                    ^
    [javac] /tmp/run_mutation.pl_54689_1483624904/30f/src/test/java/org/apache/commons/lang3/StringUtilsTest.java:1326: warning: [deprecation] length(CharSequence) in StringUtils has been deprecated
    [javac]         assertEquals(1, StringUtils.length(new StringBuffer(" ")));
    [javac]                                    ^
    [javac] /tmp/run_mutation.pl_54689_1483624904/30f/src/test/java/org/apache/commons/lang3/StringUtilsTest.java:1327: warning: [deprecation] length(CharSequence) in StringUtils has been deprecated
    [javac]         assertEquals(8, StringUtils.length(new StringBuffer("ABCDEFGH")));
    [javac]                                    ^
    [javac] /tmp/run_mutation.pl_54689_1483624904/30f/src/test/java/org/apache/commons/lang3/StringUtilsTest.java:1331: warning: [deprecation] length(CharSequence) in StringUtils has been deprecated
    [javac]         assertEquals(0, StringUtils.length(new StringBuilder("")));
    [javac]                                    ^
    [javac] /tmp/run_mutation.pl_54689_1483624904/30f/src/test/java/org/apache/commons/lang3/StringUtilsTest.java:1332: warning: [deprecation] length(CharSequence) in StringUtils has been deprecated
    [javac]         assertEquals(0, StringUtils.length(new StringBuilder(StringUtils.EMPTY)));
    [javac]                                    ^
    [javac] /tmp/run_mutation.pl_54689_1483624904/30f/src/test/java/org/apache/commons/lang3/StringUtilsTest.java:1333: warning: [deprecation] length(CharSequence) in StringUtils has been deprecated
    [javac]         assertEquals(1, StringUtils.length(new StringBuilder("A")));
    [javac]                                    ^
    [javac] /tmp/run_mutation.pl_54689_1483624904/30f/src/test/java/org/apache/commons/lang3/StringUtilsTest.java:1334: warning: [deprecation] length(CharSequence) in StringUtils has been deprecated
    [javac]         assertEquals(1, StringUtils.length(new StringBuilder(" ")));
    [javac]                                    ^
    [javac] /tmp/run_mutation.pl_54689_1483624904/30f/src/test/java/org/apache/commons/lang3/StringUtilsTest.java:1335: warning: [deprecation] length(CharSequence) in StringUtils has been deprecated
    [javac]         assertEquals(8, StringUtils.length(new StringBuilder("ABCDEFGH")));
    [javac]                                    ^
    [javac] /tmp/run_mutation.pl_54689_1483624904/30f/src/test/java/org/apache/commons/lang3/SystemUtilsTest.java:194: warning: [deprecation] Assert in junit.framework has been deprecated
    [javac]         Assert.assertNotNull(dir);
    [javac]         ^
    [javac] /tmp/run_mutation.pl_54689_1483624904/30f/src/test/java/org/apache/commons/lang3/SystemUtilsTest.java:195: warning: [deprecation] Assert in junit.framework has been deprecated
    [javac]         Assert.assertTrue(dir.exists());
    [javac]         ^
    [javac] /tmp/run_mutation.pl_54689_1483624904/30f/src/test/java/org/apache/commons/lang3/SystemUtilsTest.java:203: warning: [deprecation] Assert in junit.framework has been deprecated
    [javac]         Assert.assertNotNull(dir);
    [javac]         ^
    [javac] /tmp/run_mutation.pl_54689_1483624904/30f/src/test/java/org/apache/commons/lang3/SystemUtilsTest.java:204: warning: [deprecation] Assert in junit.framework has been deprecated
    [javac]         Assert.assertTrue(dir.exists());
    [javac]         ^
    [javac] /tmp/run_mutation.pl_54689_1483624904/30f/src/test/java/org/apache/commons/lang3/SystemUtilsTest.java:212: warning: [deprecation] Assert in junit.framework has been deprecated
    [javac]         Assert.assertNotNull(dir);
    [javac]         ^
    [javac] /tmp/run_mutation.pl_54689_1483624904/30f/src/test/java/org/apache/commons/lang3/SystemUtilsTest.java:213: warning: [deprecation] Assert in junit.framework has been deprecated
    [javac]         Assert.assertTrue(dir.exists());
    [javac]         ^
    [javac] /tmp/run_mutation.pl_54689_1483624904/30f/src/test/java/org/apache/commons/lang3/SystemUtilsTest.java:221: warning: [deprecation] Assert in junit.framework has been deprecated
    [javac]         Assert.assertNotNull(dir);
    [javac]         ^
    [javac] /tmp/run_mutation.pl_54689_1483624904/30f/src/test/java/org/apache/commons/lang3/SystemUtilsTest.java:222: warning: [deprecation] Assert in junit.framework has been deprecated
    [javac]         Assert.assertTrue(dir.exists());
    [javac]         ^
    [javac] /tmp/run_mutation.pl_54689_1483624904/30f/src/test/java/org/apache/commons/lang3/builder/ReflectionToStringBuilderExcludeTest.java:114: warning: [deprecation] Assert in junit.framework has been deprecated
    [javac]         Assert.assertTrue(toString.indexOf(NOT_SECRET_FIELD) > ArrayUtils.INDEX_NOT_FOUND);
    [javac]         ^
    [javac] /tmp/run_mutation.pl_54689_1483624904/30f/src/test/java/org/apache/commons/lang3/builder/ReflectionToStringBuilderExcludeTest.java:115: warning: [deprecation] Assert in junit.framework has been deprecated
    [javac]         Assert.assertTrue(toString.indexOf(NOT_SECRET_VALUE) > ArrayUtils.INDEX_NOT_FOUND);
    [javac]         ^
    [javac] /tmp/run_mutation.pl_54689_1483624904/30f/src/test/java/org/apache/commons/lang3/builder/ReflectionToStringBuilderExcludeTest.java:119: warning: [deprecation] Assert in junit.framework has been deprecated
    [javac]         Assert.assertEquals(ArrayUtils.INDEX_NOT_FOUND, toString.indexOf(SECRET_VALUE));
    [javac]         ^
    [javac] /tmp/run_mutation.pl_54689_1483624904/30f/src/test/java/org/apache/commons/lang3/builder/ReflectionToStringBuilderExcludeTest.java:124: warning: [deprecation] Assert in junit.framework has been deprecated
    [javac]         Assert.assertTrue(toString.indexOf(SECRET_VALUE) > 0);
    [javac]         ^
    [javac] /tmp/run_mutation.pl_54689_1483624904/30f/src/test/java/org/apache/commons/lang3/time/StopWatchTest.java:208: warning: [deprecation] Assert in junit.framework has been deprecated
    [javac]             Assert.assertTrue(watch.getStartTime() >= beforeStopWatch);
    [javac]             ^
    [javac] Note: Some input files use unchecked or unsafe operations.
    [javac] Note: Recompile with -Xlint:unchecked for details.
    [javac] 64 warnings

compile.tests:

update.all.tests:

mutation.test:
     [echo] Running mutation analysis ...
    [junit] MAJOR: Mutation analysis enabled
SLF4J: Failed to load class "org.slf4j.impl.StaticLoggerBinder".
SLF4J: Defaulting to no-operation (NOP) logger implementation
SLF4J: See http://www.slf4j.org/codes.html#StaticLoggerBinder for further details.
    [junit] MAJOR: ------------------------------------------------------------
    [junit] MAJOR: Run 99 ordered tests to verify independence
    [junit] MAJOR: ------------------------------------------------------------
    [junit] MAJOR: Preprocessing time: 35.59 seconds
    [junit] MAJOR: ------------------------------------------------------------
    [junit] MAJOR: Mutants generated: 4616
    [junit] MAJOR: Mutants covered:   1098 (23.79%)
    [junit] MAJOR: ------------------------------------------------------------
    [junit] MAJOR: Export test map to (testMap.csv)
    [junit] MAJOR: Export coverage map to (covMap.csv)
    [junit] MAJOR: Exclude 0 mutants
    [junit] MAJOR: ------------------------------------------------------------
    [junit] MAJOR: Run mutation analysis with 99 individual tests
    [junit] MAJOR: ------------------------------------------------------------
    [junit] MAJOR: 1/99 - org.apache.commons.lang3.StringUtils_ESTest133 (7ms / 11):
    [junit] MAJOR: 5113 (1 / 11 / 11) -> AVG-RTPM: 464ms
    [junit] MAJOR: Mutants killed / live: 1 (1-0-0) / 1097
    [junit] MAJOR: ------------------------------------------------------------
    [junit] MAJOR: 2/99 - org.apache.commons.lang3.StringUtils_ESTest218 (7ms / 3):
    [junit] MAJOR: 6397 (2 / 3 / 3) -> AVG-RTPM: 428ms
    [junit] MAJOR: Mutants killed / live: 3 (1-2-0) / 1095
    [junit] MAJOR: ------------------------------------------------------------
    [junit] MAJOR: 3/99 - org.apache.commons.lang3.StringUtils_ESTest223 (7ms / 3):
    [junit] MAJOR: 7908 (2 / 3 / 3) -> AVG-RTPM: 503ms
    [junit] MAJOR: Mutants killed / live: 5 (1-4-0) / 1093
    [junit] MAJOR: ------------------------------------------------------------
    [junit] MAJOR: 4/99 - org.apache.commons.lang3.StringUtils_ESTest227 (7ms / 3):
    [junit] MAJOR: 9551 (2 / 3 / 3) -> AVG-RTPM: 547ms
    [junit] MAJOR: Mutants killed / live: 7 (1-6-0) / 1091
    [junit] MAJOR: ------------------------------------------------------------
    [junit] MAJOR: 5/99 - org.apache.commons.lang3.StringUtils_ESTest23 (7ms / 10):
    [junit] MAJOR: 15549 (7 / 10 / 10) -> AVG-RTPM: 599ms
    [junit] MAJOR: Mutants killed / live: 14 (2-12-0) / 1084
    [junit] MAJOR: ------------------------------------------------------------
    [junit] MAJOR: 6/99 - org.apache.commons.lang3.StringUtils_ESTest25 (7ms / 7):
    [junit] MAJOR: 20138 (6 / 7 / 7) -> AVG-RTPM: 655ms
    [junit] MAJOR: Mutants killed / live: 20 (3-17-0) / 1078
    [junit] MAJOR: ------------------------------------------------------------
    [junit] MAJOR: 7/99 - org.apache.commons.lang3.StringUtils_ESTest322 (7ms / 10):
    [junit] MAJOR: 27823 (7 / 10 / 10) -> AVG-RTPM: 768ms
    [junit] MAJOR: Mutants killed / live: 27 (5-22-0) / 1071
    [junit] MAJOR: ------------------------------------------------------------
    [junit] MAJOR: 8/99 - org.apache.commons.lang3.StringUtils_ESTest323 (7ms / 14):
    [junit] MAJOR: 37864 (9 / 14 / 14) -> AVG-RTPM: 717ms
    [junit] MAJOR: Mutants killed / live: 36 (12-24-0) / 1062
    [junit] MAJOR: ------------------------------------------------------------
    [junit] MAJOR: 9/99 - org.apache.commons.lang3.StringUtils_ESTest324 (7ms / 3):
    [junit] MAJOR: 39975 (1 / 3 / 3) -> AVG-RTPM: 703ms
    [junit] MAJOR: Mutants killed / live: 37 (12-26-0) / 1061
    [junit] MAJOR: ------------------------------------------------------------
    [junit] MAJOR: 10/99 - org.apache.commons.lang3.StringUtils_ESTest332 (7ms / 4):
    [junit] MAJOR: 42747 (3 / 4 / 4) -> AVG-RTPM: 693ms
    [junit] MAJOR: Mutants killed / live: 40 (13-28-0) / 1058
    [junit] MAJOR: ------------------------------------------------------------
    [junit] MAJOR: 11/99 - org.apache.commons.lang3.StringUtils_ESTest334 (7ms / 19):
    [junit] MAJOR: 58662 (8 / 19 / 19) -> AVG-RTPM: 837ms
    [junit] MAJOR: Mutants killed / live: 48 (20-29-0) / 1050
    [junit] MAJOR: ------------------------------------------------------------
    [junit] MAJOR: 12/99 - org.apache.commons.lang3.StringUtils_ESTest335 (7ms / 4):
    [junit] MAJOR: 62398 (3 / 4 / 4) -> AVG-RTPM: 934ms
    [junit] MAJOR: Mutants killed / live: 51 (21-31-0) / 1047
    [junit] MAJOR: ------------------------------------------------------------
    [junit] MAJOR: 13/99 - org.apache.commons.lang3.StringUtils_ESTest337 (7ms / 33):
    [junit] MAJOR: 104120 (18 / 33 / 33) -> AVG-RTPM: 1264ms
    [junit] MAJOR: Mutants killed / live: 69 (37-34-0) / 1029
    [junit] MAJOR: ------------------------------------------------------------
    [junit] MAJOR: 14/99 - org.apache.commons.lang3.StringUtils_ESTest338 (7ms / 19):
    [junit] MAJOR: 131890 (10 / 19 / 19) -> AVG-RTPM: 1461ms
    [junit] MAJOR: Mutants killed / live: 79 (44-37-0) / 1019
    [junit] MAJOR: ------------------------------------------------------------
    [junit] MAJOR: 15/99 - org.apache.commons.lang3.StringUtils_ESTest339 (7ms / 4):
    [junit] MAJOR: 138193 (2 / 4 / 4) -> AVG-RTPM: 1575ms
    [junit] MAJOR: Mutants killed / live: 81 (45-39-0) / 1017
    [junit] MAJOR: ------------------------------------------------------------
    [junit] MAJOR: 16/99 - org.apache.commons.lang3.StringUtils_ESTest342 (7ms / 4):
    [junit] MAJOR: 144959 (3 / 4 / 4) -> AVG-RTPM: 1691ms
    [junit] MAJOR: Mutants killed / live: 84 (46-41-0) / 1014
    [junit] MAJOR: ------------------------------------------------------------
    [junit] MAJOR: 17/99 - org.apache.commons.lang3.StringUtils_ESTest343 (7ms / 33):
    [junit] MAJOR: 210306 (18 / 33 / 33) -> AVG-RTPM: 1980ms
    [junit] MAJOR: Mutants killed / live: 102 (62-44-0) / 996
    [junit] MAJOR: ------------------------------------------------------------
    [junit] MAJOR: 18/99 - org.apache.commons.lang3.StringUtils_ESTest351 (7ms / 4):
    [junit] MAJOR: 219012 (3 / 4 / 4) -> AVG-RTPM: 2176ms
    [junit] MAJOR: Mutants killed / live: 105 (63-46-0) / 993
    [junit] MAJOR: ------------------------------------------------------------
    [junit] MAJOR: 19/99 - org.apache.commons.lang3.StringUtils_ESTest12 (8ms / 0):
    [junit] MAJOR: 219012 (0 / 0 / 0) -> AVG-RTPM: 0ms
    [junit] MAJOR: Mutants killed / live: 105 (63-46-0) / 993
    [junit] MAJOR: ------------------------------------------------------------
    [junit] MAJOR: 20/99 - org.apache.commons.lang3.StringUtils_ESTest124 (8ms / 11):
    [junit] MAJOR: 243090 (7 / 11 / 11) -> AVG-RTPM: 2188ms
    [junit] MAJOR: Mutants killed / live: 112 (64-52-0) / 986
    [junit] MAJOR: ------------------------------------------------------------
    [junit] MAJOR: 21/99 - org.apache.commons.lang3.StringUtils_ESTest128 (8ms / 11):
    [junit] MAJOR: 268905 (1 / 11 / 11) -> AVG-RTPM: 2346ms
    [junit] MAJOR: Mutants killed / live: 113 (65-52-0) / 985
    [junit] MAJOR: ------------------------------------------------------------
    [junit] MAJOR: 22/99 - org.apache.commons.lang3.StringUtils_ESTest130 (8ms / 11):
    [junit] MAJOR: 297093 (7 / 11 / 11) -> AVG-RTPM: 2562ms
    [junit] MAJOR: Mutants killed / live: 120 (66-58-0) / 978
    [junit] MAJOR: ------------------------------------------------------------
    [junit] MAJOR: 23/99 - org.apache.commons.lang3.StringUtils_ESTest132 (8ms / 53):
    [junit] MAJOR: 347790 (47 / 53 / 53) -> AVG-RTPM: 956ms
    [junit] MAJOR: Mutants killed / live: 167 (70-101-4) / 931
    [junit] MAJOR: ------------------------------------------------------------
    [junit] MAJOR: 24/99 - org.apache.commons.lang3.StringUtils_ESTest208 (8ms / 3):
    [junit] MAJOR: 348873 (3 / 3 / 3) -> AVG-RTPM: 361ms
    [junit] MAJOR: Mutants killed / live: 170 (70-104-4) / 928
    [junit] MAJOR: ------------------------------------------------------------
    [junit] MAJOR: 25/99 - org.apache.commons.lang3.StringUtils_ESTest209 (8ms / 3):
    [junit] MAJOR: 349946 (3 / 3 / 3) -> AVG-RTPM: 357ms
    [junit] MAJOR: Mutants killed / live: 173 (70-107-4) / 925
    [junit] MAJOR: ------------------------------------------------------------
    [junit] MAJOR: 26/99 - org.apache.commons.lang3.StringUtils_ESTest211 (8ms / 51):
    [junit] MAJOR: 366091 (45 / 51 / 51) -> AVG-RTPM: 316ms
    [junit] MAJOR: Mutants killed / live: 218 (70-158-4) / 880
    [junit] MAJOR: ------------------------------------------------------------
    [junit] MAJOR: 27/99 - org.apache.commons.lang3.StringUtils_ESTest213 (8ms / 3):
    [junit] MAJOR: 367024 (3 / 3 / 3) -> AVG-RTPM: 311ms
    [junit] MAJOR: Mutants killed / live: 221 (70-161-4) / 877
    [junit] MAJOR: ------------------------------------------------------------
    [junit] MAJOR: 28/99 - org.apache.commons.lang3.StringUtils_ESTest217 (8ms / 8):
    [junit] MAJOR: 369427 (4 / 8 / 8) -> AVG-RTPM: 300ms
    [junit] MAJOR: Mutants killed / live: 225 (70-169-4) / 873
    [junit] MAJOR: ------------------------------------------------------------
    [junit] MAJOR: 29/99 - org.apache.commons.lang3.StringUtils_ESTest219 (8ms / 10):
    [junit] MAJOR: 372985 (2 / 10 / 10) -> AVG-RTPM: 355ms
    [junit] MAJOR: Mutants killed / live: 227 (70-179-4) / 871
    [junit] MAJOR: ------------------------------------------------------------
    [junit] MAJOR: 30/99 - org.apache.commons.lang3.StringUtils_ESTest220 (8ms / 17):
    [junit] MAJOR: 378534 (10 / 17 / 17) -> AVG-RTPM: 326ms
    [junit] MAJOR: Mutants killed / live: 237 (70-196-4) / 861
    [junit] MAJOR: ------------------------------------------------------------
    [junit] MAJOR: 31/99 - org.apache.commons.lang3.StringUtils_ESTest221 (8ms / 18):
    [junit] MAJOR: 384276 (1 / 18 / 18) -> AVG-RTPM: 319ms
    [junit] MAJOR: Mutants killed / live: 238 (70-214-4) / 860
    [junit] MAJOR: ------------------------------------------------------------
    [junit] MAJOR: 32/99 - org.apache.commons.lang3.StringUtils_ESTest228 (8ms / 3):
    [junit] MAJOR: 385227 (3 / 3 / 3) -> AVG-RTPM: 316ms
    [junit] MAJOR: Mutants killed / live: 241 (70-217-4) / 857
    [junit] MAJOR: ------------------------------------------------------------
    [junit] MAJOR: 33/99 - org.apache.commons.lang3.StringUtils_ESTest24 (8ms / 19):
    [junit] MAJOR: 391548 (12 / 19 / 19) -> AVG-RTPM: 332ms
    [junit] MAJOR: Mutants killed / live: 253 (70-236-4) / 845
    [junit] MAJOR: ------------------------------------------------------------
    [junit] MAJOR: 34/99 - org.apache.commons.lang3.StringUtils_ESTest26 (8ms / 30):
    [junit] MAJOR: 400807 (25 / 30 / 30) -> AVG-RTPM: 308ms
    [junit] MAJOR: Mutants killed / live: 278 (70-266-4) / 820
    [junit] MAJOR: ------------------------------------------------------------
    [junit] MAJOR: 35/99 - org.apache.commons.lang3.StringUtils_ESTest27 (8ms / 15):
    [junit] MAJOR: 405461 (0 / 15 / 15) -> AVG-RTPM: 310ms
    [junit] MAJOR: Mutants killed / live: 278 (70-281-4) / 820
    [junit] MAJOR: ------------------------------------------------------------
    [junit] MAJOR: 36/99 - org.apache.commons.lang3.StringUtils_ESTest28 (8ms / 30):
    [junit] MAJOR: 415579 (1 / 30 / 30) -> AVG-RTPM: 337ms
    [junit] MAJOR: Mutants killed / live: 279 (70-311-4) / 819
    [junit] MAJOR: ------------------------------------------------------------
    [junit] MAJOR: 37/99 - org.apache.commons.lang3.StringUtils_ESTest320 (8ms / 14):
    [junit] MAJOR: 420524 (7 / 14 / 14) -> AVG-RTPM: 353ms
    [junit] MAJOR: Mutants killed / live: 286 (70-325-4) / 812
    [junit] MAJOR: ------------------------------------------------------------
    [junit] MAJOR: 38/99 - org.apache.commons.lang3.StringUtils_ESTest321 (8ms / 3):
    [junit] MAJOR: 421574 (0 / 3 / 3) -> AVG-RTPM: 350ms
    [junit] MAJOR: Mutants killed / live: 286 (70-328-4) / 812
    [junit] MAJOR: ------------------------------------------------------------
    [junit] MAJOR: 39/99 - org.apache.commons.lang3.StringUtils_ESTest325 (8ms / 10):
    [junit] MAJOR: 425201 (4 / 10 / 10) -> AVG-RTPM: 362ms
    [junit] MAJOR: Mutants killed / live: 290 (70-338-4) / 808
    [junit] MAJOR: ------------------------------------------------------------
    [junit] MAJOR: 40/99 - org.apache.commons.lang3.StringUtils_ESTest333 (8ms / 13):
    [junit] MAJOR: 429782 (6 / 13 / 13) -> AVG-RTPM: 352ms
    [junit] MAJOR: Mutants killed / live: 296 (70-351-4) / 802
    [junit] MAJOR: ------------------------------------------------------------
    [junit] MAJOR: 41/99 - org.apache.commons.lang3.StringUtils_ESTest336 (8ms / 33):
    [junit] MAJOR: 441511 (14 / 33 / 33) -> AVG-RTPM: 355ms
    [junit] MAJOR: Mutants killed / live: 310 (70-384-4) / 788
    [junit] MAJOR: ------------------------------------------------------------
    [junit] MAJOR: 42/99 - org.apache.commons.lang3.StringUtils_ESTest340 (8ms / 19):
    [junit] MAJOR: 447715 (9 / 19 / 19) -> AVG-RTPM: 326ms
    [junit] MAJOR: Mutants killed / live: 319 (70-403-4) / 779
    [junit] MAJOR: ------------------------------------------------------------
    [junit] MAJOR: 43/99 - org.apache.commons.lang3.StringUtils_ESTest344 (8ms / 19):
    [junit] MAJOR: 454413 (19 / 19 / 19) -> AVG-RTPM: 352ms
    [junit] MAJOR: Mutants killed / live: 338 (70-422-4) / 760
    [junit] MAJOR: ------------------------------------------------------------
    [junit] MAJOR: 44/99 - org.apache.commons.lang3.StringUtils_ESTest345 (8ms / 4):
    [junit] MAJOR: 455841 (1 / 4 / 4) -> AVG-RTPM: 357ms
    [junit] MAJOR: Mutants killed / live: 339 (70-426-4) / 759
    [junit] MAJOR: ------------------------------------------------------------
    [junit] MAJOR: 45/99 - org.apache.commons.lang3.StringUtils_ESTest346 (8ms / 19):
    [junit] MAJOR: 462715 (1 / 19 / 19) -> AVG-RTPM: 361ms
    [junit] MAJOR: Mutants killed / live: 340 (70-445-4) / 758
    [junit] MAJOR: ------------------------------------------------------------
    [junit] MAJOR: 46/99 - org.apache.commons.lang3.StringUtils_ESTest347 (8ms / 13):
    [junit] MAJOR: 467314 (13 / 13 / 13) -> AVG-RTPM: 353ms
    [junit] MAJOR: Mutants killed / live: 353 (70-458-4) / 745
    [junit] MAJOR: ------------------------------------------------------------
    [junit] MAJOR: 47/99 - org.apache.commons.lang3.StringUtils_ESTest348 (8ms / 4):
    [junit] MAJOR: 468743 (1 / 4 / 4) -> AVG-RTPM: 357ms
    [junit] MAJOR: Mutants killed / live: 354 (70-462-4) / 744
    [junit] MAJOR: ------------------------------------------------------------
    [junit] MAJOR: 48/99 - org.apache.commons.lang3.StringUtils_ESTest349 (8ms / 19):
    [junit] MAJOR: 475508 (7 / 19 / 19) -> AVG-RTPM: 356ms
    [junit] MAJOR: Mutants killed / live: 361 (70-481-4) / 737
    [junit] MAJOR: ------------------------------------------------------------
    [junit] MAJOR: 49/99 - org.apache.commons.lang3.StringUtils_ESTest353 (8ms / 33):
    [junit] MAJOR: 486257 (31 / 33 / 33) -> AVG-RTPM: 325ms
    [junit] MAJOR: Mutants killed / live: 392 (70-514-4) / 706
    [junit] MAJOR: ------------------------------------------------------------
    [junit] MAJOR: 50/99 - org.apache.commons.lang3.StringUtils_ESTest354 (8ms / 13):
    [junit] MAJOR: 490496 (13 / 13 / 13) -> AVG-RTPM: 326ms
    [junit] MAJOR: Mutants killed / live: 405 (70-527-4) / 693
    [junit] MAJOR: ------------------------------------------------------------
    [junit] MAJOR: 51/99 - org.apache.commons.lang3.StringUtils_ESTest355 (8ms / 4):
    [junit] MAJOR: 491867 (1 / 4 / 4) -> AVG-RTPM: 342ms
    [junit] MAJOR: Mutants killed / live: 406 (70-531-4) / 692
    [junit] MAJOR: ------------------------------------------------------------
    [junit] MAJOR: 52/99 - org.apache.commons.lang3.StringUtils_ESTest356 (8ms / 19):
    [junit] MAJOR: 498195 (7 / 19 / 19) -> AVG-RTPM: 333ms
    [junit] MAJOR: Mutants killed / live: 413 (70-550-4) / 685
    [junit] MAJOR: ------------------------------------------------------------
    [junit] MAJOR: 53/99 - org.apache.commons.lang3.StringUtils_ESTest357 (8ms / 11):
    [junit] MAJOR: 501873 (11 / 11 / 11) -> AVG-RTPM: 334ms
    [junit] MAJOR: Mutants killed / live: 424 (70-561-4) / 674
    [junit] MAJOR: ------------------------------------------------------------
    [junit] MAJOR: 54/99 - org.apache.commons.lang3.StringUtils_ESTest360 (8ms / 45):
    [junit] MAJOR: 516803 (16 / 45 / 45) -> AVG-RTPM: 331ms
    [junit] MAJOR: Mutants killed / live: 440 (70-606-4) / 658
    [junit] MAJOR: ------------------------------------------------------------
    [junit] MAJOR: 55/99 - org.apache.commons.lang3.StringUtils_ESTest361 (8ms / 11):
    [junit] MAJOR: 520851 (11 / 11 / 11) -> AVG-RTPM: 368ms
    [junit] MAJOR: Mutants killed / live: 451 (70-617-4) / 647
    [junit] MAJOR: ------------------------------------------------------------
    [junit] MAJOR: 56/99 - org.apache.commons.lang3.StringUtils_ESTest363 (8ms / 45):
    [junit] MAJOR: 537257 (16 / 45 / 45) -> AVG-RTPM: 364ms
    [junit] MAJOR: Mutants killed / live: 467 (70-662-4) / 631
    [junit] MAJOR: ------------------------------------------------------------
    [junit] MAJOR: 57/99 - org.apache.commons.lang3.StringUtils_ESTest370 (8ms / 12):
    [junit] MAJOR: 541448 (2 / 12 / 12) -> AVG-RTPM: 349ms
    [junit] MAJOR: Mutants killed / live: 469 (70-674-4) / 629
    [junit] MAJOR: ------------------------------------------------------------
    [junit] MAJOR: 58/99 - org.apache.commons.lang3.StringUtils_ESTest109 (9ms / 91):
    [junit] MAJOR: 574086 (72 / 91 / 91) -> AVG-RTPM: 358ms
    [junit] MAJOR: Mutants killed / live: 541 (70-765-4) / 557
    [junit] MAJOR: ------------------------------------------------------------
    [junit] MAJOR: 59/99 - org.apache.commons.lang3.StringUtils_ESTest110 (9ms / 26):
    [junit] MAJOR: 583156 (7 / 26 / 26) -> AVG-RTPM: 348ms
    [junit] MAJOR: Mutants killed / live: 548 (70-791-4) / 550
    [junit] MAJOR: ------------------------------------------------------------
    [junit] MAJOR: 60/99 - org.apache.commons.lang3.StringUtils_ESTest117 (9ms / 17):
    [junit] MAJOR: 589334 (7 / 17 / 17) -> AVG-RTPM: 363ms
    [junit] MAJOR: Mutants killed / live: 555 (70-808-4) / 543
    [junit] MAJOR: ------------------------------------------------------------
    [junit] MAJOR: 61/99 - org.apache.commons.lang3.StringUtils_ESTest125 (9ms / 14):
    [junit] MAJOR: 594345 (7 / 14 / 14) -> AVG-RTPM: 357ms
    [junit] MAJOR: Mutants killed / live: 562 (70-822-4) / 536
    [junit] MAJOR: ------------------------------------------------------------
    [junit] MAJOR: 62/99 - org.apache.commons.lang3.StringUtils_ESTest350 (9ms / 33):
    [junit] MAJOR: 605729 (0 / 33 / 33) -> AVG-RTPM: 344ms
    [junit] MAJOR: Mutants killed / live: 562 (70-855-4) / 536
    [junit] MAJOR: ------------------------------------------------------------
    [junit] MAJOR: 63/99 - org.apache.commons.lang3.StringUtils_ESTest352 (9ms / 13):
    [junit] MAJOR: 610383 (1 / 13 / 13) -> AVG-RTPM: 358ms
    [junit] MAJOR: Mutants killed / live: 563 (70-868-4) / 535
    [junit] MAJOR: ------------------------------------------------------------
    [junit] MAJOR: 64/99 - org.apache.commons.lang3.StringUtils_ESTest358 (9ms / 30):
    [junit] MAJOR: 620930 (0 / 30 / 30) -> AVG-RTPM: 351ms
    [junit] MAJOR: Mutants killed / live: 563 (70-898-4) / 535
    [junit] MAJOR: ------------------------------------------------------------
    [junit] MAJOR: 65/99 - org.apache.commons.lang3.StringUtils_ESTest359 (9ms / 45):
    [junit] MAJOR: 636899 (1 / 45 / 45) -> AVG-RTPM: 354ms
    [junit] MAJOR: Mutants killed / live: 564 (70-943-4) / 534
    [junit] MAJOR: ------------------------------------------------------------
    [junit] MAJOR: 66/99 - org.apache.commons.lang3.StringUtils_ESTest362 (9ms / 30):
    [junit] MAJOR: 647618 (0 / 30 / 30) -> AVG-RTPM: 357ms
    [junit] MAJOR: Mutants killed / live: 564 (70-973-4) / 534
    [junit] MAJOR: ------------------------------------------------------------
    [junit] MAJOR: 67/99 - org.apache.commons.lang3.StringUtils_ESTest364 (9ms / 45):
    [junit] MAJOR: 663889 (1 / 45 / 45) -> AVG-RTPM: 361ms
    [junit] MAJOR: Mutants killed / live: 565 (70-1018-4) / 533
    [junit] MAJOR: ------------------------------------------------------------
    [junit] MAJOR: 68/99 - org.apache.commons.lang3.StringUtils_ESTest369 (9ms / 21):
    [junit] MAJOR: 671588 (0 / 21 / 21) -> AVG-RTPM: 366ms
    [junit] MAJOR: Mutants killed / live: 565 (70-1039-4) / 533
    [junit] MAJOR: ------------------------------------------------------------
    [junit] MAJOR: 69/99 - org.apache.commons.lang3.StringUtils_ESTest388 (9ms / 18):
    [junit] MAJOR: 677870 (18 / 18 / 18) -> AVG-RTPM: 349ms
    [junit] MAJOR: Mutants killed / live: 583 (70-1057-4) / 515
    [junit] MAJOR: ------------------------------------------------------------
    [junit] MAJOR: 70/99 - org.apache.commons.lang3.StringUtils_ESTest392 (9ms / 10):
    [junit] MAJOR: 681425 (10 / 10 / 10) -> AVG-RTPM: 355ms
    [junit] MAJOR: Mutants killed / live: 593 (70-1067-4) / 505
    [junit] MAJOR: ------------------------------------------------------------
    [junit] MAJOR: 71/99 - org.apache.commons.lang3.StringUtils_ESTest393 (9ms / 47):
    [junit] MAJOR: 698133 (37 / 47 / 47) -> AVG-RTPM: 355ms
    [junit] MAJOR: Mutants killed / live: 630 (70-1114-4) / 468
    [junit] MAJOR: ------------------------------------------------------------
    [junit] MAJOR: 72/99 - org.apache.commons.lang3.StringUtils_ESTest396 (9ms / 95):
    [junit] MAJOR: 732111 (53 / 95 / 95) -> AVG-RTPM: 357ms
    [junit] MAJOR: Mutants killed / live: 683 (70-1209-4) / 415
    [junit] MAJOR: ------------------------------------------------------------
    [junit] MAJOR: 73/99 - org.apache.commons.lang3.StringUtils_ESTest397 (9ms / 132):
    [junit] MAJOR: 778977 (70 / 132 / 132) -> AVG-RTPM: 355ms
    [junit] MAJOR: Mutants killed / live: 753 (70-1341-4) / 345
    [junit] MAJOR: ------------------------------------------------------------
    [junit] MAJOR: 74/99 - org.apache.commons.lang3.StringUtils_ESTest399 (9ms / 132):
    [junit] MAJOR: 826533 (0 / 132 / 132) -> AVG-RTPM: 360ms
    [junit] MAJOR: Mutants killed / live: 753 (70-1473-4) / 345
    [junit] MAJOR: ------------------------------------------------------------
    [junit] MAJOR: 75/99 - org.apache.commons.lang3.StringUtils_ESTest400 (9ms / 10):
    [junit] MAJOR: 830224 (0 / 10 / 10) -> AVG-RTPM: 369ms
    [junit] MAJOR: Mutants killed / live: 753 (70-1483-4) / 345
    [junit] MAJOR: ------------------------------------------------------------
    [junit] MAJOR: 76/99 - org.apache.commons.lang3.StringUtils_ESTest402 (9ms / 165):
    [junit] MAJOR: 889476 (14 / 165 / 165) -> AVG-RTPM: 359ms
    [junit] MAJOR: Mutants killed / live: 767 (70-1648-4) / 331
    [junit] MAJOR: ------------------------------------------------------------
    [junit] MAJOR: 77/99 - org.apache.commons.lang3.StringUtils_ESTest403 (9ms / 10):
    [junit] MAJOR: 893050 (10 / 10 / 10) -> AVG-RTPM: 357ms
    [junit] MAJOR: Mutants killed / live: 777 (70-1658-4) / 321
    [junit] MAJOR: ------------------------------------------------------------
    [junit] MAJOR: 78/99 - org.apache.commons.lang3.StringUtils_ESTest405 (9ms / 13):
    [junit] MAJOR: 897725 (3 / 13 / 13) -> AVG-RTPM: 359ms
    [junit] MAJOR: Mutants killed / live: 780 (70-1671-4) / 318
    [junit] MAJOR: ------------------------------------------------------------
    [junit] MAJOR: 79/99 - org.apache.commons.lang3.StringUtils_ESTest406 (9ms / 22):
    [junit] MAJOR: 905625 (9 / 22 / 22) -> AVG-RTPM: 359ms
    [junit] MAJOR: Mutants killed / live: 789 (70-1693-4) / 309
    [junit] MAJOR: ------------------------------------------------------------
    [junit] MAJOR: 80/99 - org.apache.commons.lang3.StringUtils_ESTest408 (9ms / 140):
    [junit] MAJOR: 956766 (118 / 140 / 140) -> AVG-RTPM: 365ms
    [junit] MAJOR: Mutants killed / live: 907 (70-1833-4) / 191
    [junit] MAJOR: ------------------------------------------------------------
    [junit] MAJOR: 81/99 - org.apache.commons.lang3.StringUtils_ESTest46 (9ms / 6):
    [junit] MAJOR: 959006 (6 / 6 / 6) -> AVG-RTPM: 373ms
    [junit] MAJOR: Mutants killed / live: 913 (70-1839-4) / 185
    [junit] MAJOR: ------------------------------------------------------------
    [junit] MAJOR: 82/99 - org.apache.commons.lang3.StringUtils_ESTest52 (9ms / 6):
    [junit] MAJOR: 961163 (6 / 6 / 6) -> AVG-RTPM: 359ms
    [junit] MAJOR: Mutants killed / live: 919 (70-1845-4) / 179
    [junit] MAJOR: ------------------------------------------------------------
    [junit] MAJOR: 83/99 - org.apache.commons.lang3.StringUtils_ESTest106 (10ms / 63):
    [junit] MAJOR: 984492 (0 / 63 / 63) -> AVG-RTPM: 370ms
    [junit] MAJOR: Mutants killed / live: 919 (70-1908-4) / 179
    [junit] MAJOR: ------------------------------------------------------------
    [junit] MAJOR: 84/99 - org.apache.commons.lang3.StringUtils_ESTest107 (10ms / 84):
    [junit] MAJOR: 1015666 (0 / 84 / 84) -> AVG-RTPM: 371ms
    [junit] MAJOR: Mutants killed / live: 919 (70-1992-4) / 179
    [junit] MAJOR: ------------------------------------------------------------
    [junit] MAJOR: 85/99 - org.apache.commons.lang3.StringUtils_ESTest131 (10ms / 51):
    [junit] MAJOR: 1034520 (1 / 51 / 51) -> AVG-RTPM: 369ms
    [junit] MAJOR: Mutants killed / live: 920 (70-2043-4) / 178
    [junit] MAJOR: ------------------------------------------------------------
    [junit] MAJOR: 86/99 - org.apache.commons.lang3.StringUtils_ESTest341 (10ms / 33):
    [junit] MAJOR: 1046704 (14 / 33 / 33) -> AVG-RTPM: 369ms
    [junit] MAJOR: Mutants killed / live: 934 (70-2076-4) / 164
    [junit] MAJOR: ------------------------------------------------------------
    [junit] MAJOR: 87/99 - org.apache.commons.lang3.StringUtils_ESTest387 (10ms / 15):
    [junit] MAJOR: 1052317 (0 / 15 / 15) -> AVG-RTPM: 374ms
    [junit] MAJOR: Mutants killed / live: 934 (70-2091-4) / 164
    [junit] MAJOR: ------------------------------------------------------------
    [junit] MAJOR: 88/99 - org.apache.commons.lang3.StringUtils_ESTest390 (10ms / 60):
    [junit] MAJOR: 1074712 (44 / 60 / 60) -> AVG-RTPM: 373ms
    [junit] MAJOR: Mutants killed / live: 978 (70-2151-4) / 120
    [junit] MAJOR: ------------------------------------------------------------
    [junit] MAJOR: 89/99 - org.apache.commons.lang3.StringUtils_ESTest394 (10ms / 50):
    [junit] MAJOR: 1092614 (0 / 50 / 50) -> AVG-RTPM: 358ms
    [junit] MAJOR: Mutants killed / live: 978 (70-2201-4) / 120
    [junit] MAJOR: ------------------------------------------------------------
    [junit] MAJOR: 90/99 - org.apache.commons.lang3.StringUtils_ESTest398 (10ms / 161):
    [junit] MAJOR: 1151058 (0 / 161 / 161) -> AVG-RTPM: 363ms
    [junit] MAJOR: Mutants killed / live: 978 (70-2362-4) / 120
    [junit] MAJOR: ------------------------------------------------------------
    [junit] MAJOR: 91/99 - org.apache.commons.lang3.StringUtils_ESTest407 (10ms / 31):
    [junit] MAJOR: 1162367 (0 / 31 / 31) -> AVG-RTPM: 364ms
    [junit] MAJOR: Mutants killed / live: 978 (70-2393-4) / 120
    [junit] MAJOR: ------------------------------------------------------------
    [junit] MAJOR: 92/99 - org.apache.commons.lang3.StringUtils_ESTest6 (10ms / 0):
    [junit] MAJOR: 1162367 (0 / 0 / 0) -> AVG-RTPM: 0ms
    [junit] MAJOR: Mutants killed / live: 978 (70-2393-4) / 120
    [junit] MAJOR: ------------------------------------------------------------
    [junit] MAJOR: 93/99 - org.apache.commons.lang3.StringUtils_ESTest212 (11ms / 3):
    [junit] MAJOR: 1163592 (3 / 3 / 3) -> AVG-RTPM: 408ms
    [junit] MAJOR: Mutants killed / live: 981 (70-2396-4) / 117
    [junit] MAJOR: ------------------------------------------------------------
    [junit] MAJOR: 94/99 - org.apache.commons.lang3.StringUtils_ESTest404 (11ms / 136):
    [junit] MAJOR: 1212475 (0 / 136 / 136) -> AVG-RTPM: 359ms
    [junit] MAJOR: Mutants killed / live: 981 (70-2532-4) / 117
    [junit] MAJOR: ------------------------------------------------------------
    [junit] MAJOR: 95/99 - org.apache.commons.lang3.StringUtils_ESTest50 (11ms / 3):
    [junit] MAJOR: 1213549 (0 / 3 / 3) -> AVG-RTPM: 357ms
    [junit] MAJOR: Mutants killed / live: 981 (70-2535-4) / 117
    [junit] MAJOR: ------------------------------------------------------------
    [junit] MAJOR: 96/99 - org.apache.commons.lang3.StringUtils_ESTest51 (11ms / 6):
    [junit] MAJOR: 1215688 (0 / 6 / 6) -> AVG-RTPM: 356ms
    [junit] MAJOR: Mutants killed / live: 981 (70-2541-4) / 117
    [junit] MAJOR: ------------------------------------------------------------
    [junit] MAJOR: 97/99 - org.apache.commons.lang3.StringUtils_ESTest105 (15ms / 17):
    [junit] MAJOR: 1222018 (0 / 17 / 17) -> AVG-RTPM: 372ms
    [junit] MAJOR: Mutants killed / live: 981 (70-2558-4) / 117
    [junit] MAJOR: ------------------------------------------------------------
    [junit] MAJOR: 98/99 - org.apache.commons.lang3.StringUtils_ESTest119 (17ms / 129):
    [junit] MAJOR: 1269267 (90 / 129 / 129) -> AVG-RTPM: 366ms
    [junit] MAJOR: Mutants killed / live: 1071 (70-2687-4) / 27
    [junit] MAJOR: ------------------------------------------------------------
    [junit] MAJOR: 99/99 - org.apache.commons.lang3.StringUtils_ESTest395 (25ms / 113):
    [junit] MAJOR: 1310348 (2 / 113 / 113) -> AVG-RTPM: 363ms
    [junit] MAJOR: Mutants killed / live: 1073 (70-2800-4) / 25
    [junit] MAJOR: ------------------------------------------------------------
    [junit] MAJOR: Summary:
    [junit] MAJOR: 
    [junit] MAJOR: Analysis time:  1310.3 seconds
    [junit] MAJOR: Mutation score: 23.25% (97.72%)
    [junit] MAJOR: Mutants killed / live: 1073 (70-2800-4) / 25
    [junit] MAJOR: Mutant executions: 2973
    [junit] MAJOR: ------------------------------------------------------------
    [junit] MAJOR: Export summary of results (to summary.csv)
    [junit] MAJOR: Export mutant kill details (to /tmp/run_mutation.pl_54689_1483624904/30f/kill.csv)
    [junit] MAJOR: Export kill map (to killMap.csv)!

BUILD SUCCESSFUL
Total time: 22 minutes 30 seconds
