
init:
     [echo] -------- commons-lang3 3.2-SNAPSHOT --------

compile:

compile.tests:
    [mkdir] Created dir: /tmp/run_mutation.pl_20371_1483607107/3f/target/tests
    [javac] Compiling 128 source files to /tmp/run_mutation.pl_20371_1483607107/3f/target/tests
    [javac] warning: [options] bootstrap class path not set in conjunction with -source 1.5
    [javac] 1 warning
     [copy] Copying 4 files to /tmp/run_mutation.pl_20371_1483607107/3f/target/tests

update.all.tests:

mutation.test:
     [echo] Running mutation analysis ...
    [junit] MAJOR: Mutation analysis enabled
SLF4J: Failed to load class "org.slf4j.impl.StaticLoggerBinder".
SLF4J: Defaulting to no-operation (NOP) logger implementation
SLF4J: See http://www.slf4j.org/codes.html#StaticLoggerBinder for further details.
    [junit] MAJOR: ------------------------------------------------------------
    [junit] MAJOR: Run 115 ordered tests to verify independence
    [junit] MAJOR: ------------------------------------------------------------
    [junit] MAJOR: Preprocessing time: 40.35 seconds
    [junit] MAJOR: ------------------------------------------------------------
    [junit] MAJOR: Mutants generated: 1475
    [junit] MAJOR: Mutants covered:   1459 (98.92%)
    [junit] MAJOR: ------------------------------------------------------------
    [junit] MAJOR: Export test map to (testMap.csv)
    [junit] MAJOR: Export coverage map to (covMap.csv)
    [junit] MAJOR: Exclude 0 mutants
    [junit] MAJOR: ------------------------------------------------------------
    [junit] MAJOR: Run mutation analysis with 115 individual tests
    [junit] MAJOR: ------------------------------------------------------------
    [junit] MAJOR: 1/115 - org.apache.commons.lang3.math.NumberUtils_ESTest14 (6ms / 31):
    [junit] MAJOR: 16801 (4 / 31 / 31) -> AVG-RTPM: 541ms
    [junit] MAJOR: Mutants killed / live: 4 (2-2-0) / 1455
    [junit] MAJOR: ------------------------------------------------------------
    [junit] MAJOR: 2/115 - org.apache.commons.lang3.math.NumberUtils_ESTest21 (6ms / 70):
    [junit] MAJOR: 79406 (4 / 70 / 70) -> AVG-RTPM: 894ms
    [junit] MAJOR: Mutants killed / live: 8 (6-2-0) / 1451
    [junit] MAJOR: ------------------------------------------------------------
    [junit] MAJOR: 3/115 - org.apache.commons.lang3.math.NumberUtils_ESTest23 (6ms / 94):
    [junit] MAJOR: 238804 (15 / 94 / 94) -> AVG-RTPM: 1695ms
    [junit] MAJOR: Mutants killed / live: 23 (8-17-0) / 1436
    [junit] MAJOR: ------------------------------------------------------------
    [junit] MAJOR: 4/115 - org.apache.commons.lang3.math.NumberUtils_ESTest29 (6ms / 161):
    [junit] MAJOR: 391664 (114 / 161 / 161) -> AVG-RTPM: 949ms
    [junit] MAJOR: Mutants killed / live: 137 (10-136-2) / 1322
    [junit] MAJOR: ------------------------------------------------------------
    [junit] MAJOR: 5/115 - org.apache.commons.lang3.math.NumberUtils_ESTest37 (6ms / 170):
    [junit] MAJOR: 464668 (119 / 170 / 170) -> AVG-RTPM: 429ms
    [junit] MAJOR: Mutants killed / live: 256 (10-306-2) / 1203
    [junit] MAJOR: ------------------------------------------------------------
    [junit] MAJOR: 6/115 - org.apache.commons.lang3.math.NumberUtils_ESTest40 (6ms / 197):
    [junit] MAJOR: 549897 (60 / 197 / 197) -> AVG-RTPM: 432ms
    [junit] MAJOR: Mutants killed / live: 316 (10-503-2) / 1143
    [junit] MAJOR: ------------------------------------------------------------
    [junit] MAJOR: 7/115 - org.apache.commons.lang3.math.NumberUtils_ESTest45 (6ms / 29):
    [junit] MAJOR: 562273 (0 / 29 / 29) -> AVG-RTPM: 426ms
    [junit] MAJOR: Mutants killed / live: 316 (10-532-2) / 1143
    [junit] MAJOR: ------------------------------------------------------------
    [junit] MAJOR: 8/115 - org.apache.commons.lang3.math.NumberUtils_ESTest109 (7ms / 201):
    [junit] MAJOR: 649594 (175 / 201 / 201) -> AVG-RTPM: 434ms
    [junit] MAJOR: Mutants killed / live: 491 (10-733-2) / 968
    [junit] MAJOR: ------------------------------------------------------------
    [junit] MAJOR: 9/115 - org.apache.commons.lang3.math.NumberUtils_ESTest112 (7ms / 224):
    [junit] MAJOR: 747188 (63 / 224 / 224) -> AVG-RTPM: 435ms
    [junit] MAJOR: Mutants killed / live: 554 (10-957-2) / 905
    [junit] MAJOR: ------------------------------------------------------------
    [junit] MAJOR: 10/115 - org.apache.commons.lang3.math.NumberUtils_ESTest113 (7ms / 252):
    [junit] MAJOR: 854915 (28 / 252 / 252) -> AVG-RTPM: 427ms
    [junit] MAJOR: Mutants killed / live: 582 (10-1209-2) / 877
    [junit] MAJOR: ------------------------------------------------------------
    [junit] MAJOR: 11/115 - org.apache.commons.lang3.math.NumberUtils_ESTest13 (7ms / 31):
    [junit] MAJOR: 868653 (5 / 31 / 31) -> AVG-RTPM: 443ms
    [junit] MAJOR: Mutants killed / live: 587 (10-1240-2) / 872
    [junit] MAJOR: ------------------------------------------------------------
    [junit] MAJOR: 12/115 - org.apache.commons.lang3.math.NumberUtils_ESTest15 (7ms / 29):
    [junit] MAJOR: 881539 (3 / 29 / 29) -> AVG-RTPM: 444ms
    [junit] MAJOR: Mutants killed / live: 590 (10-1269-2) / 869
    [junit] MAJOR: ------------------------------------------------------------
    [junit] MAJOR: 13/115 - org.apache.commons.lang3.math.NumberUtils_ESTest16 (7ms / 29):
    [junit] MAJOR: 894485 (3 / 29 / 29) -> AVG-RTPM: 446ms
    [junit] MAJOR: Mutants killed / live: 593 (10-1298-2) / 866
    [junit] MAJOR: ------------------------------------------------------------
    [junit] MAJOR: 14/115 - org.apache.commons.lang3.math.NumberUtils_ESTest17 (7ms / 86):
    [junit] MAJOR: 931789 (23 / 86 / 86) -> AVG-RTPM: 433ms
    [junit] MAJOR: Mutants killed / live: 616 (10-1384-2) / 843
    [junit] MAJOR: ------------------------------------------------------------
    [junit] MAJOR: 15/115 - org.apache.commons.lang3.math.NumberUtils_ESTest18 (7ms / 29):
    [junit] MAJOR: 944685 (0 / 29 / 29) -> AVG-RTPM: 444ms
    [junit] MAJOR: Mutants killed / live: 616 (10-1413-2) / 843
    [junit] MAJOR: ------------------------------------------------------------
    [junit] MAJOR: 16/115 - org.apache.commons.lang3.math.NumberUtils_ESTest19 (7ms / 31):
    [junit] MAJOR: 957902 (0 / 31 / 31) -> AVG-RTPM: 426ms
    [junit] MAJOR: Mutants killed / live: 616 (10-1444-2) / 843
    [junit] MAJOR: ------------------------------------------------------------
    [junit] MAJOR: 17/115 - org.apache.commons.lang3.math.NumberUtils_ESTest2 (7ms / 26):
    [junit] MAJOR: 968710 (0 / 26 / 26) -> AVG-RTPM: 415ms
    [junit] MAJOR: Mutants killed / live: 616 (10-1470-2) / 843
    [junit] MAJOR: ------------------------------------------------------------
    [junit] MAJOR: 18/115 - org.apache.commons.lang3.math.NumberUtils_ESTest20 (7ms / 203):
    [junit] MAJOR: 1055602 (42 / 203 / 203) -> AVG-RTPM: 428ms
    [junit] MAJOR: Mutants killed / live: 658 (10-1673-2) / 801
    [junit] MAJOR: ------------------------------------------------------------
    [junit] MAJOR: 19/115 - org.apache.commons.lang3.math.NumberUtils_ESTest24 (7ms / 101):
    [junit] MAJOR: 1099096 (0 / 101 / 101) -> AVG-RTPM: 430ms
    [junit] MAJOR: Mutants killed / live: 658 (10-1774-2) / 801
    [junit] MAJOR: ------------------------------------------------------------
    [junit] MAJOR: 20/115 - org.apache.commons.lang3.math.NumberUtils_ESTest25 (7ms / 205):
    [junit] MAJOR: 1187662 (32 / 205 / 205) -> AVG-RTPM: 432ms
    [junit] MAJOR: Mutants killed / live: 690 (10-1979-2) / 769
    [junit] MAJOR: ------------------------------------------------------------
    [junit] MAJOR: 21/115 - org.apache.commons.lang3.math.NumberUtils_ESTest26 (7ms / 87):
    [junit] MAJOR: 1225236 (0 / 87 / 87) -> AVG-RTPM: 431ms
    [junit] MAJOR: Mutants killed / live: 690 (10-2066-2) / 769
    [junit] MAJOR: ------------------------------------------------------------
    [junit] MAJOR: 22/115 - org.apache.commons.lang3.math.NumberUtils_ESTest27 (7ms / 239):
    [junit] MAJOR: 1329536 (32 / 239 / 239) -> AVG-RTPM: 436ms
    [junit] MAJOR: Mutants killed / live: 722 (10-2305-2) / 737
    [junit] MAJOR: ------------------------------------------------------------
    [junit] MAJOR: 23/115 - org.apache.commons.lang3.math.NumberUtils_ESTest28 (7ms / 194):
    [junit] MAJOR: 1414807 (0 / 194 / 194) -> AVG-RTPM: 439ms
    [junit] MAJOR: Mutants killed / live: 722 (10-2499-2) / 737
    [junit] MAJOR: ------------------------------------------------------------
    [junit] MAJOR: 24/115 - org.apache.commons.lang3.math.NumberUtils_ESTest31 (7ms / 210):
    [junit] MAJOR: 1508259 (46 / 210 / 210) -> AVG-RTPM: 445ms
    [junit] MAJOR: Mutants killed / live: 768 (10-2709-2) / 691
    [junit] MAJOR: ------------------------------------------------------------
    [junit] MAJOR: 25/115 - org.apache.commons.lang3.math.NumberUtils_ESTest32 (7ms / 177):
    [junit] MAJOR: 1588726 (0 / 177 / 177) -> AVG-RTPM: 454ms
    [junit] MAJOR: Mutants killed / live: 768 (10-2886-2) / 691
    [junit] MAJOR: ------------------------------------------------------------
    [junit] MAJOR: 26/115 - org.apache.commons.lang3.math.NumberUtils_ESTest33 (7ms / 213):
    [junit] MAJOR: 1685448 (39 / 213 / 213) -> AVG-RTPM: 454ms
    [junit] MAJOR: Mutants killed / live: 807 (10-3099-2) / 652
    [junit] MAJOR: ------------------------------------------------------------
    [junit] MAJOR: 27/115 - org.apache.commons.lang3.math.NumberUtils_ESTest34 (7ms / 210):
    [junit] MAJOR: 1778199 (1 / 210 / 210) -> AVG-RTPM: 441ms
    [junit] MAJOR: Mutants killed / live: 808 (10-3309-2) / 651
    [junit] MAJOR: ------------------------------------------------------------
    [junit] MAJOR: 28/115 - org.apache.commons.lang3.math.NumberUtils_ESTest36 (7ms / 177):
    [junit] MAJOR: 1856432 (0 / 177 / 177) -> AVG-RTPM: 441ms
    [junit] MAJOR: Mutants killed / live: 808 (10-3486-2) / 651
    [junit] MAJOR: ------------------------------------------------------------
    [junit] MAJOR: 29/115 - org.apache.commons.lang3.math.NumberUtils_ESTest38 (7ms / 206):
    [junit] MAJOR: 1949689 (0 / 206 / 206) -> AVG-RTPM: 452ms
    [junit] MAJOR: Mutants killed / live: 808 (10-3692-2) / 651
    [junit] MAJOR: ------------------------------------------------------------
    [junit] MAJOR: 30/115 - org.apache.commons.lang3.math.NumberUtils_ESTest39 (7ms / 217):
    [junit] MAJOR: 2047303 (6 / 217 / 217) -> AVG-RTPM: 449ms
    [junit] MAJOR: Mutants killed / live: 814 (10-3909-2) / 645
    [junit] MAJOR: ------------------------------------------------------------
    [junit] MAJOR: 31/115 - org.apache.commons.lang3.math.NumberUtils_ESTest41 (7ms / 181):
    [junit] MAJOR: 2130105 (0 / 181 / 181) -> AVG-RTPM: 457ms
    [junit] MAJOR: Mutants killed / live: 814 (10-4090-2) / 645
    [junit] MAJOR: ------------------------------------------------------------
    [junit] MAJOR: 32/115 - org.apache.commons.lang3.math.NumberUtils_ESTest43 (7ms / 29):
    [junit] MAJOR: 2143024 (0 / 29 / 29) -> AVG-RTPM: 445ms
    [junit] MAJOR: Mutants killed / live: 814 (10-4119-2) / 645
    [junit] MAJOR: ------------------------------------------------------------
    [junit] MAJOR: 33/115 - org.apache.commons.lang3.math.NumberUtils_ESTest44 (7ms / 29):
    [junit] MAJOR: 2156248 (0 / 29 / 29) -> AVG-RTPM: 456ms
    [junit] MAJOR: Mutants killed / live: 814 (10-4148-2) / 645
    [junit] MAJOR: ------------------------------------------------------------
    [junit] MAJOR: 34/115 - org.apache.commons.lang3.math.NumberUtils_ESTest46 (7ms / 29):
    [junit] MAJOR: 2169134 (0 / 29 / 29) -> AVG-RTPM: 444ms
    [junit] MAJOR: Mutants killed / live: 814 (10-4177-2) / 645
    [junit] MAJOR: ------------------------------------------------------------
    [junit] MAJOR: 35/115 - org.apache.commons.lang3.math.NumberUtils_ESTest47 (7ms / 49):
    [junit] MAJOR: 2191665 (6 / 49 / 49) -> AVG-RTPM: 459ms
    [junit] MAJOR: Mutants killed / live: 820 (10-4226-2) / 639
    [junit] MAJOR: ------------------------------------------------------------
    [junit] MAJOR: 36/115 - org.apache.commons.lang3.math.NumberUtils_ESTest48 (7ms / 69):
    [junit] MAJOR: 2223544 (17 / 69 / 69) -> AVG-RTPM: 462ms
    [junit] MAJOR: Mutants killed / live: 837 (10-4295-2) / 622
    [junit] MAJOR: ------------------------------------------------------------
    [junit] MAJOR: 37/115 - org.apache.commons.lang3.math.NumberUtils_ESTest5 (7ms / 26):
    [junit] MAJOR: 2235923 (0 / 26 / 26) -> AVG-RTPM: 476ms
    [junit] MAJOR: Mutants killed / live: 837 (10-4321-2) / 622
    [junit] MAJOR: ------------------------------------------------------------
    [junit] MAJOR: 38/115 - org.apache.commons.lang3.math.NumberUtils_ESTest53 (7ms / 33):
    [junit] MAJOR: 2251383 (0 / 33 / 33) -> AVG-RTPM: 468ms
    [junit] MAJOR: Mutants killed / live: 837 (10-4354-2) / 622
    [junit] MAJOR: ------------------------------------------------------------
    [junit] MAJOR: 39/115 - org.apache.commons.lang3.math.NumberUtils_ESTest57 (7ms / 58):
    [junit] MAJOR: 2277756 (32 / 58 / 58) -> AVG-RTPM: 454ms
    [junit] MAJOR: Mutants killed / live: 869 (10-4412-2) / 590
    [junit] MAJOR: ------------------------------------------------------------
    [junit] MAJOR: 40/115 - org.apache.commons.lang3.math.NumberUtils_ESTest59 (7ms / 60):
    [junit] MAJOR: 2305338 (22 / 60 / 60) -> AVG-RTPM: 459ms
    [junit] MAJOR: Mutants killed / live: 891 (10-4472-2) / 568
    [junit] MAJOR: ------------------------------------------------------------
    [junit] MAJOR: 41/115 - org.apache.commons.lang3.math.NumberUtils_ESTest61 (7ms / 60):
    [junit] MAJOR: 2333434 (22 / 60 / 60) -> AVG-RTPM: 468ms
    [junit] MAJOR: Mutants killed / live: 913 (10-4532-2) / 546
    [junit] MAJOR: ------------------------------------------------------------
    [junit] MAJOR: 42/115 - org.apache.commons.lang3.math.NumberUtils_ESTest102 (8ms / 162):
    [junit] MAJOR: 2407501 (46 / 162 / 162) -> AVG-RTPM: 457ms
    [junit] MAJOR: Mutants killed / live: 959 (10-4694-2) / 500
    [junit] MAJOR: ------------------------------------------------------------
    [junit] MAJOR: 43/115 - org.apache.commons.lang3.math.NumberUtils_ESTest104 (8ms / 146):
    [junit] MAJOR: 2474502 (1 / 146 / 146) -> AVG-RTPM: 458ms
    [junit] MAJOR: Mutants killed / live: 960 (10-4840-2) / 499
    [junit] MAJOR: ------------------------------------------------------------
    [junit] MAJOR: 44/115 - org.apache.commons.lang3.math.NumberUtils_ESTest105 (8ms / 151):
    [junit] MAJOR: 2543552 (17 / 151 / 151) -> AVG-RTPM: 457ms
    [junit] MAJOR: Mutants killed / live: 977 (10-4991-2) / 482
    [junit] MAJOR: ------------------------------------------------------------
    [junit] MAJOR: 45/115 - org.apache.commons.lang3.math.NumberUtils_ESTest106 (8ms / 141):
    [junit] MAJOR: 2608641 (1 / 141 / 141) -> AVG-RTPM: 461ms
    [junit] MAJOR: Mutants killed / live: 978 (10-5132-2) / 481
    [junit] MAJOR: ------------------------------------------------------------
    [junit] MAJOR: 46/115 - org.apache.commons.lang3.math.NumberUtils_ESTest107 (8ms / 155):
    [junit] MAJOR: 2681973 (1 / 155 / 155) -> AVG-RTPM: 473ms
    [junit] MAJOR: Mutants killed / live: 979 (10-5287-2) / 480
    [junit] MAJOR: ------------------------------------------------------------
    [junit] MAJOR: 47/115 - org.apache.commons.lang3.math.NumberUtils_ESTest108 (8ms / 162):
    [junit] MAJOR: 2755898 (0 / 162 / 162) -> AVG-RTPM: 456ms
    [junit] MAJOR: Mutants killed / live: 979 (10-5449-2) / 480
    [junit] MAJOR: ------------------------------------------------------------
    [junit] MAJOR: 48/115 - org.apache.commons.lang3.math.NumberUtils_ESTest11 (8ms / 31):
    [junit] MAJOR: 2770472 (5 / 31 / 31) -> AVG-RTPM: 470ms
    [junit] MAJOR: Mutants killed / live: 984 (10-5480-2) / 475
    [junit] MAJOR: ------------------------------------------------------------
    [junit] MAJOR: 49/115 - org.apache.commons.lang3.math.NumberUtils_ESTest110 (8ms / 236):
    [junit] MAJOR: 2878780 (0 / 236 / 236) -> AVG-RTPM: 458ms
    [junit] MAJOR: Mutants killed / live: 984 (10-5716-2) / 475
    [junit] MAJOR: ------------------------------------------------------------
    [junit] MAJOR: 50/115 - org.apache.commons.lang3.math.NumberUtils_ESTest114 (8ms / 328):
    [junit] MAJOR: 3031889 (7 / 328 / 328) -> AVG-RTPM: 466ms
    [junit] MAJOR: Mutants killed / live: 991 (10-6044-2) / 468
    [junit] MAJOR: ------------------------------------------------------------
    [junit] MAJOR: 51/115 - org.apache.commons.lang3.math.NumberUtils_ESTest22 (8ms / 70):
    [junit] MAJOR: 3065239 (9 / 70 / 70) -> AVG-RTPM: 476ms
    [junit] MAJOR: Mutants killed / live: 1000 (10-6114-2) / 459
    [junit] MAJOR: ------------------------------------------------------------
    [junit] MAJOR: 52/115 - org.apache.commons.lang3.math.NumberUtils_ESTest3 (8ms / 29):
    [junit] MAJOR: 3078951 (0 / 29 / 29) -> AVG-RTPM: 472ms
    [junit] MAJOR: Mutants killed / live: 1000 (10-6143-2) / 459
    [junit] MAJOR: ------------------------------------------------------------
    [junit] MAJOR: 53/115 - org.apache.commons.lang3.math.NumberUtils_ESTest30 (8ms / 211):
    [junit] MAJOR: 3177825 (0 / 211 / 211) -> AVG-RTPM: 468ms
    [junit] MAJOR: Mutants killed / live: 1000 (10-6354-2) / 459
    [junit] MAJOR: ------------------------------------------------------------
    [junit] MAJOR: 54/115 - org.apache.commons.lang3.math.NumberUtils_ESTest35 (8ms / 177):
    [junit] MAJOR: 3260202 (0 / 177 / 177) -> AVG-RTPM: 465ms
    [junit] MAJOR: Mutants killed / live: 1000 (10-6531-2) / 459
    [junit] MAJOR: ------------------------------------------------------------
    [junit] MAJOR: 55/115 - org.apache.commons.lang3.math.NumberUtils_ESTest4 (8ms / 26):
    [junit] MAJOR: 3272405 (0 / 26 / 26) -> AVG-RTPM: 469ms
    [junit] MAJOR: Mutants killed / live: 1000 (10-6557-2) / 459
    [junit] MAJOR: ------------------------------------------------------------
    [junit] MAJOR: 56/115 - org.apache.commons.lang3.math.NumberUtils_ESTest49 (8ms / 67):
    [junit] MAJOR: 3303849 (2 / 67 / 67) -> AVG-RTPM: 469ms
    [junit] MAJOR: Mutants killed / live: 1002 (10-6624-2) / 457
    [junit] MAJOR: ------------------------------------------------------------
    [junit] MAJOR: 57/115 - org.apache.commons.lang3.math.NumberUtils_ESTest50 (8ms / 56):
    [junit] MAJOR: 3330290 (0 / 56 / 56) -> AVG-RTPM: 472ms
    [junit] MAJOR: Mutants killed / live: 1002 (10-6680-2) / 457
    [junit] MAJOR: ------------------------------------------------------------
    [junit] MAJOR: 58/115 - org.apache.commons.lang3.math.NumberUtils_ESTest51 (8ms / 29):
    [junit] MAJOR: 3344060 (0 / 29 / 29) -> AVG-RTPM: 474ms
    [junit] MAJOR: Mutants killed / live: 1002 (10-6709-2) / 457
    [junit] MAJOR: ------------------------------------------------------------
    [junit] MAJOR: 59/115 - org.apache.commons.lang3.math.NumberUtils_ESTest52 (8ms / 31):
    [junit] MAJOR: 3358641 (0 / 31 / 31) -> AVG-RTPM: 470ms
    [junit] MAJOR: Mutants killed / live: 1002 (10-6740-2) / 457
    [junit] MAJOR: ------------------------------------------------------------
    [junit] MAJOR: 60/115 - org.apache.commons.lang3.math.NumberUtils_ESTest54 (8ms / 58):
    [junit] MAJOR: 3386089 (20 / 58 / 58) -> AVG-RTPM: 473ms
    [junit] MAJOR: Mutants killed / live: 1022 (10-6798-2) / 437
    [junit] MAJOR: ------------------------------------------------------------
    [junit] MAJOR: 61/115 - org.apache.commons.lang3.math.NumberUtils_ESTest55 (8ms / 58):
    [junit] MAJOR: 3412594 (20 / 58 / 58) -> AVG-RTPM: 456ms
    [junit] MAJOR: Mutants killed / live: 1042 (10-6856-2) / 417
    [junit] MAJOR: ------------------------------------------------------------
    [junit] MAJOR: 62/115 - org.apache.commons.lang3.math.NumberUtils_ESTest56 (8ms / 58):
    [junit] MAJOR: 3439279 (20 / 58 / 58) -> AVG-RTPM: 460ms
    [junit] MAJOR: Mutants killed / live: 1062 (10-6914-2) / 397
    [junit] MAJOR: ------------------------------------------------------------
    [junit] MAJOR: 63/115 - org.apache.commons.lang3.math.NumberUtils_ESTest58 (8ms / 59):
    [junit] MAJOR: 3466676 (0 / 59 / 59) -> AVG-RTPM: 464ms
    [junit] MAJOR: Mutants killed / live: 1062 (10-6973-2) / 397
    [junit] MAJOR: ------------------------------------------------------------
    [junit] MAJOR: 64/115 - org.apache.commons.lang3.math.NumberUtils_ESTest6 (8ms / 26):
    [junit] MAJOR: 3478715 (0 / 26 / 26) -> AVG-RTPM: 463ms
    [junit] MAJOR: Mutants killed / live: 1062 (10-6999-2) / 397
    [junit] MAJOR: ------------------------------------------------------------
    [junit] MAJOR: 65/115 - org.apache.commons.lang3.math.NumberUtils_ESTest60 (8ms / 52):
    [junit] MAJOR: 3503410 (0 / 52 / 52) -> AVG-RTPM: 474ms
    [junit] MAJOR: Mutants killed / live: 1062 (10-7051-2) / 397
    [junit] MAJOR: ------------------------------------------------------------
    [junit] MAJOR: 66/115 - org.apache.commons.lang3.math.NumberUtils_ESTest62 (8ms / 58):
    [junit] MAJOR: 3530739 (20 / 58 / 58) -> AVG-RTPM: 471ms
    [junit] MAJOR: Mutants killed / live: 1082 (10-7109-2) / 377
    [junit] MAJOR: ------------------------------------------------------------
    [junit] MAJOR: 67/115 - org.apache.commons.lang3.math.NumberUtils_ESTest63 (8ms / 58):
    [junit] MAJOR: 3558751 (20 / 58 / 58) -> AVG-RTPM: 482ms
    [junit] MAJOR: Mutants killed / live: 1102 (10-7167-2) / 357
    [junit] MAJOR: ------------------------------------------------------------
    [junit] MAJOR: 68/115 - org.apache.commons.lang3.math.NumberUtils_ESTest64 (8ms / 58):
    [junit] MAJOR: 3586642 (20 / 58 / 58) -> AVG-RTPM: 480ms
    [junit] MAJOR: Mutants killed / live: 1122 (10-7225-2) / 337
    [junit] MAJOR: ------------------------------------------------------------
    [junit] MAJOR: 69/115 - org.apache.commons.lang3.math.NumberUtils_ESTest65 (8ms / 58):
    [junit] MAJOR: 3613845 (20 / 58 / 58) -> AVG-RTPM: 469ms
    [junit] MAJOR: Mutants killed / live: 1142 (10-7283-2) / 317
    [junit] MAJOR: ------------------------------------------------------------
    [junit] MAJOR: 70/115 - org.apache.commons.lang3.math.NumberUtils_ESTest66 (8ms / 59):
    [junit] MAJOR: 3642011 (21 / 59 / 59) -> AVG-RTPM: 477ms
    [junit] MAJOR: Mutants killed / live: 1163 (10-7342-2) / 296
    [junit] MAJOR: ------------------------------------------------------------
    [junit] MAJOR: 71/115 - org.apache.commons.lang3.math.NumberUtils_ESTest67 (8ms / 60):
    [junit] MAJOR: 3670048 (1 / 60 / 60) -> AVG-RTPM: 467ms
    [junit] MAJOR: Mutants killed / live: 1164 (10-7402-2) / 295
    [junit] MAJOR: ------------------------------------------------------------
    [junit] MAJOR: 72/115 - org.apache.commons.lang3.math.NumberUtils_ESTest68 (8ms / 59):
    [junit] MAJOR: 3698111 (21 / 59 / 59) -> AVG-RTPM: 475ms
    [junit] MAJOR: Mutants killed / live: 1185 (10-7461-2) / 274
    [junit] MAJOR: ------------------------------------------------------------
    [junit] MAJOR: 73/115 - org.apache.commons.lang3.math.NumberUtils_ESTest69 (8ms / 60):
    [junit] MAJOR: 3727048 (1 / 60 / 60) -> AVG-RTPM: 482ms
    [junit] MAJOR: Mutants killed / live: 1186 (10-7521-2) / 273
    [junit] MAJOR: ------------------------------------------------------------
    [junit] MAJOR: 74/115 - org.apache.commons.lang3.math.NumberUtils_ESTest7 (8ms / 29):
    [junit] MAJOR: 3740621 (0 / 29 / 29) -> AVG-RTPM: 468ms
    [junit] MAJOR: Mutants killed / live: 1186 (10-7550-2) / 273
    [junit] MAJOR: ------------------------------------------------------------
    [junit] MAJOR: 75/115 - org.apache.commons.lang3.math.NumberUtils_ESTest70 (8ms / 30):
    [junit] MAJOR: 3754609 (0 / 30 / 30) -> AVG-RTPM: 466ms
    [junit] MAJOR: Mutants killed / live: 1186 (10-7580-2) / 273
    [junit] MAJOR: ------------------------------------------------------------
    [junit] MAJOR: 76/115 - org.apache.commons.lang3.math.NumberUtils_ESTest71 (8ms / 41):
    [junit] MAJOR: 3774334 (15 / 41 / 41) -> AVG-RTPM: 481ms
    [junit] MAJOR: Mutants killed / live: 1201 (10-7621-2) / 258
    [junit] MAJOR: ------------------------------------------------------------
    [junit] MAJOR: 77/115 - org.apache.commons.lang3.math.NumberUtils_ESTest72 (8ms / 41):
    [junit] MAJOR: 3793715 (1 / 41 / 41) -> AVG-RTPM: 472ms
    [junit] MAJOR: Mutants killed / live: 1202 (10-7662-2) / 257
    [junit] MAJOR: ------------------------------------------------------------
    [junit] MAJOR: 78/115 - org.apache.commons.lang3.math.NumberUtils_ESTest73 (8ms / 41):
    [junit] MAJOR: 3812811 (15 / 41 / 41) -> AVG-RTPM: 465ms
    [junit] MAJOR: Mutants killed / live: 1217 (10-7703-2) / 242
    [junit] MAJOR: ------------------------------------------------------------
    [junit] MAJOR: 79/115 - org.apache.commons.lang3.math.NumberUtils_ESTest74 (8ms / 41):
    [junit] MAJOR: 3832296 (1 / 41 / 41) -> AVG-RTPM: 475ms
    [junit] MAJOR: Mutants killed / live: 1218 (10-7744-2) / 241
    [junit] MAJOR: ------------------------------------------------------------
    [junit] MAJOR: 80/115 - org.apache.commons.lang3.math.NumberUtils_ESTest75 (8ms / 41):
    [junit] MAJOR: 3851949 (15 / 41 / 41) -> AVG-RTPM: 479ms
    [junit] MAJOR: Mutants killed / live: 1233 (10-7785-2) / 226
    [junit] MAJOR: ------------------------------------------------------------
    [junit] MAJOR: 81/115 - org.apache.commons.lang3.math.NumberUtils_ESTest77 (8ms / 40):
    [junit] MAJOR: 3870730 (14 / 40 / 40) -> AVG-RTPM: 469ms
    [junit] MAJOR: Mutants killed / live: 1247 (10-7825-2) / 212
    [junit] MAJOR: ------------------------------------------------------------
    [junit] MAJOR: 82/115 - org.apache.commons.lang3.math.NumberUtils_ESTest10 (9ms / 31):
    [junit] MAJOR: 3884890 (1 / 31 / 31) -> AVG-RTPM: 456ms
    [junit] MAJOR: Mutants killed / live: 1248 (10-7856-2) / 211
    [junit] MAJOR: ------------------------------------------------------------
    [junit] MAJOR: 83/115 - org.apache.commons.lang3.math.NumberUtils_ESTest100 (9ms / 266):
    [junit] MAJOR: 4010128 (1 / 266 / 266) -> AVG-RTPM: 470ms
    [junit] MAJOR: Mutants killed / live: 1249 (10-8122-2) / 210
    [junit] MAJOR: ------------------------------------------------------------
    [junit] MAJOR: 84/115 - org.apache.commons.lang3.math.NumberUtils_ESTest101 (9ms / 148):
    [junit] MAJOR: 4081427 (15 / 148 / 148) -> AVG-RTPM: 481ms
    [junit] MAJOR: Mutants killed / live: 1264 (10-8270-2) / 195
    [junit] MAJOR: ------------------------------------------------------------
    [junit] MAJOR: 85/115 - org.apache.commons.lang3.math.NumberUtils_ESTest103 (9ms / 155):
    [junit] MAJOR: 4154481 (1 / 155 / 155) -> AVG-RTPM: 471ms
    [junit] MAJOR: Mutants killed / live: 1265 (10-8425-2) / 194
    [junit] MAJOR: ------------------------------------------------------------
    [junit] MAJOR: 86/115 - org.apache.commons.lang3.math.NumberUtils_ESTest76 (9ms / 41):
    [junit] MAJOR: 4174157 (1 / 41 / 41) -> AVG-RTPM: 479ms
    [junit] MAJOR: Mutants killed / live: 1266 (10-8466-2) / 193
    [junit] MAJOR: ------------------------------------------------------------
    [junit] MAJOR: 87/115 - org.apache.commons.lang3.math.NumberUtils_ESTest79 (9ms / 41):
    [junit] MAJOR: 4193696 (15 / 41 / 41) -> AVG-RTPM: 476ms
    [junit] MAJOR: Mutants killed / live: 1281 (10-8507-2) / 178
    [junit] MAJOR: ------------------------------------------------------------
    [junit] MAJOR: 88/115 - org.apache.commons.lang3.math.NumberUtils_ESTest8 (9ms / 31):
    [junit] MAJOR: 4208664 (5 / 31 / 31) -> AVG-RTPM: 482ms
    [junit] MAJOR: Mutants killed / live: 1286 (10-8538-2) / 173
    [junit] MAJOR: ------------------------------------------------------------
    [junit] MAJOR: 89/115 - org.apache.commons.lang3.math.NumberUtils_ESTest81 (9ms / 40):
    [junit] MAJOR: 4227532 (14 / 40 / 40) -> AVG-RTPM: 471ms
    [junit] MAJOR: Mutants killed / live: 1300 (10-8578-2) / 159
    [junit] MAJOR: ------------------------------------------------------------
    [junit] MAJOR: 90/115 - org.apache.commons.lang3.math.NumberUtils_ESTest83 (9ms / 40):
    [junit] MAJOR: 4247112 (14 / 40 / 40) -> AVG-RTPM: 489ms
    [junit] MAJOR: Mutants killed / live: 1314 (10-8618-2) / 145
    [junit] MAJOR: ------------------------------------------------------------
    [junit] MAJOR: 91/115 - org.apache.commons.lang3.math.NumberUtils_ESTest85 (9ms / 42):
    [junit] MAJOR: 4267242 (2 / 42 / 42) -> AVG-RTPM: 479ms
    [junit] MAJOR: Mutants killed / live: 1316 (10-8660-2) / 143
    [junit] MAJOR: ------------------------------------------------------------
    [junit] MAJOR: 92/115 - org.apache.commons.lang3.math.NumberUtils_ESTest86 (9ms / 40):
    [junit] MAJOR: 4286480 (14 / 40 / 40) -> AVG-RTPM: 480ms
    [junit] MAJOR: Mutants killed / live: 1330 (10-8700-2) / 129
    [junit] MAJOR: ------------------------------------------------------------
    [junit] MAJOR: 93/115 - org.apache.commons.lang3.math.NumberUtils_ESTest87 (9ms / 42):
    [junit] MAJOR: 4306903 (2 / 42 / 42) -> AVG-RTPM: 486ms
    [junit] MAJOR: Mutants killed / live: 1332 (10-8742-2) / 127
    [junit] MAJOR: ------------------------------------------------------------
    [junit] MAJOR: 94/115 - org.apache.commons.lang3.math.NumberUtils_ESTest88 (9ms / 29):
    [junit] MAJOR: 4321022 (1 / 29 / 29) -> AVG-RTPM: 486ms
    [junit] MAJOR: Mutants killed / live: 1333 (10-8771-2) / 126
    [junit] MAJOR: ------------------------------------------------------------
    [junit] MAJOR: 95/115 - org.apache.commons.lang3.math.NumberUtils_ESTest89 (9ms / 182):
    [junit] MAJOR: 4411467 (12 / 182 / 182) -> AVG-RTPM: 496ms
    [junit] MAJOR: Mutants killed / live: 1345 (10-8953-2) / 114
    [junit] MAJOR: ------------------------------------------------------------
    [junit] MAJOR: 96/115 - org.apache.commons.lang3.math.NumberUtils_ESTest9 (9ms / 26):
    [junit] MAJOR: 4423797 (0 / 26 / 26) -> AVG-RTPM: 474ms
    [junit] MAJOR: Mutants killed / live: 1345 (10-8979-2) / 114
    [junit] MAJOR: ------------------------------------------------------------
    [junit] MAJOR: 97/115 - org.apache.commons.lang3.math.NumberUtils_ESTest90 (9ms / 29):
    [junit] MAJOR: 4438697 (1 / 29 / 29) -> AVG-RTPM: 513ms
    [junit] MAJOR: Mutants killed / live: 1346 (10-9008-2) / 113
    [junit] MAJOR: ------------------------------------------------------------
    [junit] MAJOR: 98/115 - org.apache.commons.lang3.math.NumberUtils_ESTest91 (9ms / 207):
    [junit] MAJOR: 4540261 (1 / 207 / 207) -> AVG-RTPM: 490ms
    [junit] MAJOR: Mutants killed / live: 1347 (10-9215-2) / 112
    [junit] MAJOR: ------------------------------------------------------------
    [junit] MAJOR: 99/115 - org.apache.commons.lang3.math.NumberUtils_ESTest93 (9ms / 146):
    [junit] MAJOR: 4611360 (56 / 146 / 146) -> AVG-RTPM: 486ms
    [junit] MAJOR: Mutants killed / live: 1403 (10-9361-2) / 56
    [junit] MAJOR: ------------------------------------------------------------
    [junit] MAJOR: 100/115 - org.apache.commons.lang3.math.NumberUtils_ESTest12 (10ms / 29):
    [junit] MAJOR: 4625515 (0 / 29 / 29) -> AVG-RTPM: 488ms
    [junit] MAJOR: Mutants killed / live: 1403 (10-9390-2) / 56
    [junit] MAJOR: ------------------------------------------------------------
    [junit] MAJOR: 101/115 - org.apache.commons.lang3.math.NumberUtils_ESTest78 (10ms / 42):
    [junit] MAJOR: 4646048 (2 / 42 / 42) -> AVG-RTPM: 488ms
    [junit] MAJOR: Mutants killed / live: 1405 (10-9432-2) / 54
    [junit] MAJOR: ------------------------------------------------------------
    [junit] MAJOR: 102/115 - org.apache.commons.lang3.math.NumberUtils_ESTest80 (10ms / 41):
    [junit] MAJOR: 4666068 (1 / 41 / 41) -> AVG-RTPM: 488ms
    [junit] MAJOR: Mutants killed / live: 1406 (10-9473-2) / 53
    [junit] MAJOR: ------------------------------------------------------------
    [junit] MAJOR: 103/115 - org.apache.commons.lang3.math.NumberUtils_ESTest82 (10ms / 42):
    [junit] MAJOR: 4686878 (2 / 42 / 42) -> AVG-RTPM: 495ms
    [junit] MAJOR: Mutants killed / live: 1408 (10-9515-2) / 51
    [junit] MAJOR: ------------------------------------------------------------
    [junit] MAJOR: 104/115 - org.apache.commons.lang3.math.NumberUtils_ESTest84 (10ms / 41):
    [junit] MAJOR: 4707318 (0 / 41 / 41) -> AVG-RTPM: 498ms
    [junit] MAJOR: Mutants killed / live: 1408 (10-9556-2) / 51
    [junit] MAJOR: ------------------------------------------------------------
    [junit] MAJOR: 105/115 - org.apache.commons.lang3.math.NumberUtils_ESTest94 (10ms / 263):
    [junit] MAJOR: 4836918 (0 / 263 / 263) -> AVG-RTPM: 492ms
    [junit] MAJOR: Mutants killed / live: 1408 (10-9819-2) / 51
    [junit] MAJOR: ------------------------------------------------------------
    [junit] MAJOR: 106/115 - org.apache.commons.lang3.math.NumberUtils_ESTest95 (10ms / 104):
    [junit] MAJOR: 4888088 (1 / 104 / 104) -> AVG-RTPM: 492ms
    [junit] MAJOR: Mutants killed / live: 1409 (10-9923-2) / 50
    [junit] MAJOR: ------------------------------------------------------------
    [junit] MAJOR: 107/115 - org.apache.commons.lang3.math.NumberUtils_ESTest96 (10ms / 167):
    [junit] MAJOR: 4969263 (29 / 167 / 167) -> AVG-RTPM: 486ms
    [junit] MAJOR: Mutants killed / live: 1438 (10-10090-2) / 21
    [junit] MAJOR: ------------------------------------------------------------
    [junit] MAJOR: 108/115 - org.apache.commons.lang3.math.NumberUtils_ESTest97 (10ms / 188):
    [junit] MAJOR: 5060605 (14 / 188 / 188) -> AVG-RTPM: 485ms
    [junit] MAJOR: Mutants killed / live: 1452 (10-10278-2) / 7
    [junit] MAJOR: ------------------------------------------------------------
    [junit] MAJOR: 109/115 - org.apache.commons.lang3.math.NumberUtils_ESTest98 (10ms / 181):
    [junit] MAJOR: 5150904 (0 / 181 / 181) -> AVG-RTPM: 498ms
    [junit] MAJOR: Mutants killed / live: 1452 (10-10459-2) / 7
    [junit] MAJOR: ------------------------------------------------------------
    [junit] MAJOR: 110/115 - org.apache.commons.lang3.math.NumberUtils_ESTest99 (10ms / 126):
    [junit] MAJOR: 5213489 (7 / 126 / 126) -> AVG-RTPM: 496ms
    [junit] MAJOR: Mutants killed / live: 1459 (10-10585-2) / 0
    [junit] MAJOR: ------------------------------------------------------------
    [junit] MAJOR: 111/115 - org.apache.commons.lang3.math.NumberUtils_ESTest92 (11ms / 210):
    [junit] MAJOR: 5313985 (0 / 210 / 210) -> AVG-RTPM: 478ms
    [junit] MAJOR: Mutants killed / live: 1459 (10-10795-2) / 0
    [junit] MAJOR: ------------------------------------------------------------
    [junit] MAJOR: 112/115 - org.apache.commons.lang3.math.NumberUtils_ESTest1 (12ms / 31):
    [junit] MAJOR: 5328971 (0 / 31 / 31) -> AVG-RTPM: 483ms
    [junit] MAJOR: Mutants killed / live: 1459 (10-10826-2) / 0
    [junit] MAJOR: ------------------------------------------------------------
    [junit] MAJOR: 113/115 - org.apache.commons.lang3.math.NumberUtils_ESTest111 (14ms / 292):
    [junit] MAJOR: 5468172 (0 / 292 / 292) -> AVG-RTPM: 476ms
    [junit] MAJOR: Mutants killed / live: 1459 (10-11118-2) / 0
    [junit] MAJOR: ------------------------------------------------------------
    [junit] MAJOR: 114/115 - org.apache.commons.lang3.math.NumberUtils_ESTest0 (26ms / 31):
    [junit] MAJOR: 5482902 (0 / 31 / 31) -> AVG-RTPM: 475ms
    [junit] MAJOR: Mutants killed / live: 1459 (10-11149-2) / 0
    [junit] MAJOR: ------------------------------------------------------------
    [junit] MAJOR: 115/115 - org.apache.commons.lang3.math.NumberUtils_ESTest42 (31ms / 29):
    [junit] MAJOR: 5496661 (0 / 29 / 29) -> AVG-RTPM: 474ms
    [junit] MAJOR: Mutants killed / live: 1459 (10-11178-2) / 0
    [junit] MAJOR: ------------------------------------------------------------
    [junit] MAJOR: Summary:
    [junit] MAJOR: 
    [junit] MAJOR: Analysis time:  5496.7 seconds
    [junit] MAJOR: Mutation score: 98.92% (100.00%)
    [junit] MAJOR: Mutants killed / live: 1459 (10-11178-2) / 0
    [junit] MAJOR: Mutant executions: 11398
    [junit] MAJOR: ------------------------------------------------------------
    [junit] MAJOR: Export summary of results (to summary.csv)
    [junit] MAJOR: Export mutant kill details (to /tmp/run_mutation.pl_20371_1483607107/3f/kill.csv)
    [junit] MAJOR: Export kill map (to killMap.csv)!

BUILD SUCCESSFUL
Total time: 92 minutes 22 seconds
