
test-offline:

get-deps:

compile:
    [javac] /tmp/run_mutation.pl_23868_1501415284/41f/maven-build.xml:74: warning: 'includeantruntime' was not set, defaulting to build.sysclasspath=last; set to false for repeatable builds

compile-tests:
    [mkdir] Created dir: /tmp/run_mutation.pl_23868_1501415284/41f/target/test-classes
    [javac] /tmp/run_mutation.pl_23868_1501415284/41f/maven-build.xml:107: warning: 'includeantruntime' was not set, defaulting to build.sysclasspath=last; set to false for repeatable builds
    [javac] Compiling 98 source files to /tmp/run_mutation.pl_23868_1501415284/41f/target/test-classes
    [javac] warning: [options] bootstrap class path not set in conjunction with -source 1.5
    [javac] /tmp/run_mutation.pl_23868_1501415284/41f/src/test/org/apache/commons/lang/SystemUtilsTest.java:27: warning: [deprecation] Assert in junit.framework has been deprecated
    [javac] import junit.framework.Assert;
    [javac]                       ^
    [javac] /tmp/run_mutation.pl_23868_1501415284/41f/src/test/org/apache/commons/lang/builder/ReflectionToStringBuilderExcludeTest.java:24: warning: [deprecation] Assert in junit.framework has been deprecated
    [javac] import junit.framework.Assert;
    [javac]                       ^
    [javac] /tmp/run_mutation.pl_23868_1501415284/41f/src/test/org/apache/commons/lang/exception/ExceptionUtilsTest.java:30: warning: [deprecation] Assert in junit.framework has been deprecated
    [javac] import junit.framework.Assert;
    [javac]                       ^
    [javac] /tmp/run_mutation.pl_23868_1501415284/41f/src/test/org/apache/commons/lang/time/StopWatchTest.java:19: warning: [deprecation] Assert in junit.framework has been deprecated
    [javac] import junit.framework.Assert;
    [javac]                       ^
    [javac] /tmp/run_mutation.pl_23868_1501415284/41f/src/test/org/apache/commons/lang/ArrayUtilsAddTest.java:229: warning: non-varargs call of varargs method with inexact argument type for last parameter;
    [javac]         newArray = ArrayUtils.addAll(stringArray1, null);
    [javac]                                                    ^
    [javac]   cast to String for a varargs call
    [javac]   cast to String[] for a non-varargs call and to suppress this warning
    [javac] /tmp/run_mutation.pl_23868_1501415284/41f/src/test/org/apache/commons/lang/ArrayUtilsAddTest.java:242: warning: non-varargs call of varargs method with inexact argument type for last parameter;
    [javac]         newArray = ArrayUtils.addAll(ArrayUtils.EMPTY_STRING_ARRAY, null);
    [javac]                                                                     ^
    [javac]   cast to String for a varargs call
    [javac]   cast to String[] for a non-varargs call and to suppress this warning
    [javac] /tmp/run_mutation.pl_23868_1501415284/41f/src/test/org/apache/commons/lang/StringEscapeUtilsTest.java:54: warning: [deprecation] StringEscapeUtils in org.apache.commons.lang has been deprecated
    [javac]         assertNotNull(new StringEscapeUtils());
    [javac]                           ^
    [javac] /tmp/run_mutation.pl_23868_1501415284/41f/src/test/org/apache/commons/lang/StringEscapeUtilsTest.java:55: warning: [deprecation] StringEscapeUtils in org.apache.commons.lang has been deprecated
    [javac]         Constructor[] cons = StringEscapeUtils.class.getDeclaredConstructors();
    [javac]                              ^
    [javac] /tmp/run_mutation.pl_23868_1501415284/41f/src/test/org/apache/commons/lang/StringEscapeUtilsTest.java:58: warning: [deprecation] StringEscapeUtils in org.apache.commons.lang has been deprecated
    [javac]         assertEquals(true, Modifier.isPublic(StringEscapeUtils.class.getModifiers()));
    [javac]                                              ^
    [javac] /tmp/run_mutation.pl_23868_1501415284/41f/src/test/org/apache/commons/lang/StringEscapeUtilsTest.java:59: warning: [deprecation] StringEscapeUtils in org.apache.commons.lang has been deprecated
    [javac]         assertEquals(false, Modifier.isFinal(StringEscapeUtils.class.getModifiers()));
    [javac]                                              ^
    [javac] /tmp/run_mutation.pl_23868_1501415284/41f/src/test/org/apache/commons/lang/StringEscapeUtilsTest.java:64: warning: [deprecation] StringEscapeUtils in org.apache.commons.lang has been deprecated
    [javac]         assertEquals(null, StringEscapeUtils.escapeJava(null));
    [javac]                            ^
    [javac] /tmp/run_mutation.pl_23868_1501415284/41f/src/test/org/apache/commons/lang/StringEscapeUtilsTest.java:66: warning: [deprecation] StringEscapeUtils in org.apache.commons.lang has been deprecated
    [javac]             StringEscapeUtils.escapeJava(null, null);
    [javac]             ^
    [javac] /tmp/run_mutation.pl_23868_1501415284/41f/src/test/org/apache/commons/lang/StringEscapeUtilsTest.java:73: warning: [deprecation] StringEscapeUtils in org.apache.commons.lang has been deprecated
    [javac]             StringEscapeUtils.escapeJava(null, "");
    [javac]             ^
    [javac] /tmp/run_mutation.pl_23868_1501415284/41f/src/test/org/apache/commons/lang/StringEscapeUtilsTest.java:107: warning: [deprecation] StringEscapeUtils in org.apache.commons.lang has been deprecated
    [javac]         final String actual = StringEscapeUtils.escapeJava(input);
    [javac]                               ^
    [javac] /tmp/run_mutation.pl_23868_1501415284/41f/src/test/org/apache/commons/lang/StringEscapeUtilsTest.java:121: warning: [deprecation] StringEscapeUtils in org.apache.commons.lang has been deprecated
    [javac]         String converted = StringEscapeUtils.escapeJava(original);
    [javac]                            ^
    [javac] /tmp/run_mutation.pl_23868_1501415284/41f/src/test/org/apache/commons/lang/StringEscapeUtilsTest.java:126: warning: [deprecation] StringEscapeUtils in org.apache.commons.lang has been deprecated
    [javac]         StringEscapeUtils.escapeJava(writer, original);
    [javac]         ^
    [javac] /tmp/run_mutation.pl_23868_1501415284/41f/src/test/org/apache/commons/lang/StringEscapeUtilsTest.java:131: warning: [deprecation] StringEscapeUtils in org.apache.commons.lang has been deprecated
    [javac]         assertEquals(null, StringEscapeUtils.unescapeJava(null));
    [javac]                            ^
    [javac] /tmp/run_mutation.pl_23868_1501415284/41f/src/test/org/apache/commons/lang/StringEscapeUtilsTest.java:133: warning: [deprecation] StringEscapeUtils in org.apache.commons.lang has been deprecated
    [javac]             StringEscapeUtils.unescapeJava(null, null);
    [javac]             ^
    [javac] /tmp/run_mutation.pl_23868_1501415284/41f/src/test/org/apache/commons/lang/StringEscapeUtilsTest.java:140: warning: [deprecation] StringEscapeUtils in org.apache.commons.lang has been deprecated
    [javac]             StringEscapeUtils.unescapeJava(null, "");
    [javac]             ^
    [javac] /tmp/run_mutation.pl_23868_1501415284/41f/src/test/org/apache/commons/lang/StringEscapeUtilsTest.java:147: warning: [deprecation] StringEscapeUtils in org.apache.commons.lang has been deprecated
    [javac]             StringEscapeUtils.unescapeJava("\\u02-3");
    [javac]             ^
    [javac] /tmp/run_mutation.pl_23868_1501415284/41f/src/test/org/apache/commons/lang/StringEscapeUtilsTest.java:170: warning: [deprecation] StringEscapeUtils in org.apache.commons.lang has been deprecated
    [javac]         String actual = StringEscapeUtils.unescapeJava(original);
    [javac]                         ^
    [javac] /tmp/run_mutation.pl_23868_1501415284/41f/src/test/org/apache/commons/lang/StringEscapeUtilsTest.java:174: warning: [deprecation] StringEscapeUtils in org.apache.commons.lang has been deprecated
    [javac]                 ": expected '" + StringEscapeUtils.escapeJava(expected) +
    [javac]                                  ^
    [javac] /tmp/run_mutation.pl_23868_1501415284/41f/src/test/org/apache/commons/lang/StringEscapeUtilsTest.java:176: warning: [deprecation] StringEscapeUtils in org.apache.commons.lang has been deprecated
    [javac]                 "' actual '" + StringEscapeUtils.escapeJava(actual) + "'",
    [javac]                                ^
    [javac] /tmp/run_mutation.pl_23868_1501415284/41f/src/test/org/apache/commons/lang/StringEscapeUtilsTest.java:180: warning: [deprecation] StringEscapeUtils in org.apache.commons.lang has been deprecated
    [javac]         StringEscapeUtils.unescapeJava(writer, original);
    [javac]         ^
    [javac] /tmp/run_mutation.pl_23868_1501415284/41f/src/test/org/apache/commons/lang/StringEscapeUtilsTest.java:186: warning: [deprecation] StringEscapeUtils in org.apache.commons.lang has been deprecated
    [javac]         assertEquals(null, StringEscapeUtils.escapeJavaScript(null));
    [javac]                            ^
    [javac] /tmp/run_mutation.pl_23868_1501415284/41f/src/test/org/apache/commons/lang/StringEscapeUtilsTest.java:188: warning: [deprecation] StringEscapeUtils in org.apache.commons.lang has been deprecated
    [javac]             StringEscapeUtils.escapeJavaScript(null, null);
    [javac]             ^
    [javac] /tmp/run_mutation.pl_23868_1501415284/41f/src/test/org/apache/commons/lang/StringEscapeUtilsTest.java:195: warning: [deprecation] StringEscapeUtils in org.apache.commons.lang has been deprecated
    [javac]             StringEscapeUtils.escapeJavaScript(null, "");
    [javac]             ^
    [javac] /tmp/run_mutation.pl_23868_1501415284/41f/src/test/org/apache/commons/lang/StringEscapeUtilsTest.java:202: warning: [deprecation] StringEscapeUtils in org.apache.commons.lang has been deprecated
    [javac]         assertEquals("He didn\\'t say, \\\"stop!\\\"", StringEscapeUtils.escapeJavaScript("He didn't say, \"stop!\""));
    [javac]                                                        ^
    [javac] /tmp/run_mutation.pl_23868_1501415284/41f/src/test/org/apache/commons/lang/StringEscapeUtilsTest.java:204: warning: [deprecation] StringEscapeUtils in org.apache.commons.lang has been deprecated
    [javac]                 StringEscapeUtils.escapeJavaScript("document.getElementById(\"test\").value = '<script>alert('aaa');</script>';"));
    [javac]                 ^
    [javac] /tmp/run_mutation.pl_23868_1501415284/41f/src/test/org/apache/commons/lang/StringEscapeUtilsTest.java:231: warning: [deprecation] StringEscapeUtils in org.apache.commons.lang has been deprecated
    [javac]             assertEquals(message, expected, StringEscapeUtils.escapeHtml(original));
    [javac]                                             ^
    [javac] /tmp/run_mutation.pl_23868_1501415284/41f/src/test/org/apache/commons/lang/StringEscapeUtilsTest.java:234: warning: [deprecation] StringEscapeUtils in org.apache.commons.lang has been deprecated
    [javac]                 StringEscapeUtils.escapeHtml(sw, original);
    [javac]                 ^
    [javac] /tmp/run_mutation.pl_23868_1501415284/41f/src/test/org/apache/commons/lang/StringEscapeUtilsTest.java:247: warning: [deprecation] StringEscapeUtils in org.apache.commons.lang has been deprecated
    [javac]             assertEquals(message, expected, StringEscapeUtils.unescapeHtml(original));
    [javac]                                             ^
    [javac] /tmp/run_mutation.pl_23868_1501415284/41f/src/test/org/apache/commons/lang/StringEscapeUtilsTest.java:251: warning: [deprecation] StringEscapeUtils in org.apache.commons.lang has been deprecated
    [javac]                 StringEscapeUtils.unescapeHtml(sw, original);
    [javac]                 ^
    [javac] /tmp/run_mutation.pl_23868_1501415284/41f/src/test/org/apache/commons/lang/StringEscapeUtilsTest.java:260: warning: [deprecation] StringEscapeUtils in org.apache.commons.lang has been deprecated
    [javac]         assertEquals("funny chars pass through OK", "Fran\u00E7ais", StringEscapeUtils.unescapeHtml("Fran\u00E7ais"));
    [javac]                                                                      ^
    [javac] /tmp/run_mutation.pl_23868_1501415284/41f/src/test/org/apache/commons/lang/StringEscapeUtilsTest.java:262: warning: [deprecation] StringEscapeUtils in org.apache.commons.lang has been deprecated
    [javac]         assertEquals("Hello&;World", StringEscapeUtils.unescapeHtml("Hello&;World"));
    [javac]                                      ^
    [javac] /tmp/run_mutation.pl_23868_1501415284/41f/src/test/org/apache/commons/lang/StringEscapeUtilsTest.java:263: warning: [deprecation] StringEscapeUtils in org.apache.commons.lang has been deprecated
    [javac]         assertEquals("Hello&#;World", StringEscapeUtils.unescapeHtml("Hello&#;World"));
    [javac]                                       ^
    [javac] /tmp/run_mutation.pl_23868_1501415284/41f/src/test/org/apache/commons/lang/StringEscapeUtilsTest.java:264: warning: [deprecation] StringEscapeUtils in org.apache.commons.lang has been deprecated
    [javac]         assertEquals("Hello&# ;World", StringEscapeUtils.unescapeHtml("Hello&# ;World"));
    [javac]                                        ^
    [javac] /tmp/run_mutation.pl_23868_1501415284/41f/src/test/org/apache/commons/lang/StringEscapeUtilsTest.java:265: warning: [deprecation] StringEscapeUtils in org.apache.commons.lang has been deprecated
    [javac]         assertEquals("Hello&##;World", StringEscapeUtils.unescapeHtml("Hello&##;World"));
    [javac]                                        ^
    [javac] /tmp/run_mutation.pl_23868_1501415284/41f/src/test/org/apache/commons/lang/StringEscapeUtilsTest.java:270: warning: [deprecation] StringEscapeUtils in org.apache.commons.lang has been deprecated
    [javac]         assertEquals("hex number unescape", "\u0080\u009F", StringEscapeUtils.unescapeHtml("&#x80;&#x9F;"));
    [javac]                                                             ^
    [javac] /tmp/run_mutation.pl_23868_1501415284/41f/src/test/org/apache/commons/lang/StringEscapeUtilsTest.java:271: warning: [deprecation] StringEscapeUtils in org.apache.commons.lang has been deprecated
    [javac]         assertEquals("hex number unescape", "\u0080\u009F", StringEscapeUtils.unescapeHtml("&#X80;&#X9F;"));
    [javac]                                                             ^
    [javac] /tmp/run_mutation.pl_23868_1501415284/41f/src/test/org/apache/commons/lang/StringEscapeUtilsTest.java:279: warning: [deprecation] StringEscapeUtils in org.apache.commons.lang has been deprecated
    [javac]             assertEquals("hex number unescape index " + (int)i, expected, StringEscapeUtils.unescapeHtml(escapedC1 + escapedC2));
    [javac]                                                                           ^
    [javac] /tmp/run_mutation.pl_23868_1501415284/41f/src/test/org/apache/commons/lang/StringEscapeUtilsTest.java:285: warning: [deprecation] StringEscapeUtils in org.apache.commons.lang has been deprecated
    [javac]         assertEquals("&zzzz;", StringEscapeUtils.unescapeHtml("&zzzz;"));
    [javac]                                ^
    [javac] /tmp/run_mutation.pl_23868_1501415284/41f/src/test/org/apache/commons/lang/StringEscapeUtilsTest.java:290: warning: [deprecation] StringEscapeUtils in org.apache.commons.lang has been deprecated
    [javac]         assertEquals("&Beta;", StringEscapeUtils.escapeHtml("\u0392"));
    [javac]                                ^
    [javac] /tmp/run_mutation.pl_23868_1501415284/41f/src/test/org/apache/commons/lang/StringEscapeUtilsTest.java:291: warning: [deprecation] StringEscapeUtils in org.apache.commons.lang has been deprecated
    [javac]         assertEquals("\u0392", StringEscapeUtils.unescapeHtml("&Beta;"));
    [javac]                                ^
    [javac] /tmp/run_mutation.pl_23868_1501415284/41f/src/test/org/apache/commons/lang/StringEscapeUtilsTest.java:298: warning: [deprecation] StringEscapeUtils in org.apache.commons.lang has been deprecated
    [javac]         assertEquals("&lt;abc&gt;", StringEscapeUtils.escapeXml("<abc>"));
    [javac]                                     ^
    [javac] /tmp/run_mutation.pl_23868_1501415284/41f/src/test/org/apache/commons/lang/StringEscapeUtilsTest.java:299: warning: [deprecation] StringEscapeUtils in org.apache.commons.lang has been deprecated
    [javac]         assertEquals("<abc>", StringEscapeUtils.unescapeXml("&lt;abc&gt;"));
    [javac]                               ^
    [javac] /tmp/run_mutation.pl_23868_1501415284/41f/src/test/org/apache/commons/lang/StringEscapeUtilsTest.java:302: warning: [deprecation] StringEscapeUtils in org.apache.commons.lang has been deprecated
    [javac]                 "&#161;", StringEscapeUtils.escapeXml("\u00A1"));
    [javac]                           ^
    [javac] /tmp/run_mutation.pl_23868_1501415284/41f/src/test/org/apache/commons/lang/StringEscapeUtilsTest.java:304: warning: [deprecation] StringEscapeUtils in org.apache.commons.lang has been deprecated
    [javac]                 "\u00A0", StringEscapeUtils.unescapeXml("&#160;"));
    [javac]                           ^
    [javac] /tmp/run_mutation.pl_23868_1501415284/41f/src/test/org/apache/commons/lang/StringEscapeUtilsTest.java:306: warning: [deprecation] StringEscapeUtils in org.apache.commons.lang has been deprecated
    [javac]         assertEquals("ain't", StringEscapeUtils.unescapeXml("ain&apos;t"));
    [javac]                               ^
    [javac] /tmp/run_mutation.pl_23868_1501415284/41f/src/test/org/apache/commons/lang/StringEscapeUtilsTest.java:307: warning: [deprecation] StringEscapeUtils in org.apache.commons.lang has been deprecated
    [javac]         assertEquals("ain&apos;t", StringEscapeUtils.escapeXml("ain't"));
    [javac]                                    ^
    [javac] /tmp/run_mutation.pl_23868_1501415284/41f/src/test/org/apache/commons/lang/StringEscapeUtilsTest.java:308: warning: [deprecation] StringEscapeUtils in org.apache.commons.lang has been deprecated
    [javac]         assertEquals("", StringEscapeUtils.escapeXml(""));
    [javac]                          ^
    [javac] /tmp/run_mutation.pl_23868_1501415284/41f/src/test/org/apache/commons/lang/StringEscapeUtilsTest.java:309: warning: [deprecation] StringEscapeUtils in org.apache.commons.lang has been deprecated
    [javac]         assertEquals(null, StringEscapeUtils.escapeXml(null));
    [javac]                            ^
    [javac] /tmp/run_mutation.pl_23868_1501415284/41f/src/test/org/apache/commons/lang/StringEscapeUtilsTest.java:310: warning: [deprecation] StringEscapeUtils in org.apache.commons.lang has been deprecated
    [javac]         assertEquals(null, StringEscapeUtils.unescapeXml(null));
    [javac]                            ^
    [javac] /tmp/run_mutation.pl_23868_1501415284/41f/src/test/org/apache/commons/lang/StringEscapeUtilsTest.java:314: warning: [deprecation] StringEscapeUtils in org.apache.commons.lang has been deprecated
    [javac]             StringEscapeUtils.escapeXml(sw, "<abc>");
    [javac]             ^
    [javac] /tmp/run_mutation.pl_23868_1501415284/41f/src/test/org/apache/commons/lang/StringEscapeUtilsTest.java:321: warning: [deprecation] StringEscapeUtils in org.apache.commons.lang has been deprecated
    [javac]             StringEscapeUtils.unescapeXml(sw, "&lt;abc&gt;");
    [javac]             ^
    [javac] /tmp/run_mutation.pl_23868_1501415284/41f/src/test/org/apache/commons/lang/StringEscapeUtilsTest.java:330: warning: [deprecation] StringEscapeUtils in org.apache.commons.lang has been deprecated
    [javac]         assertEquals("<P&O>", StringEscapeUtils.unescapeHtml("&lt;P&O&gt;"));
    [javac]                               ^
    [javac] /tmp/run_mutation.pl_23868_1501415284/41f/src/test/org/apache/commons/lang/StringEscapeUtilsTest.java:331: warning: [deprecation] StringEscapeUtils in org.apache.commons.lang has been deprecated
    [javac]         assertEquals("test & <", StringEscapeUtils.unescapeHtml("test & &lt;"));
    [javac]                                  ^
    [javac] /tmp/run_mutation.pl_23868_1501415284/41f/src/test/org/apache/commons/lang/StringEscapeUtilsTest.java:332: warning: [deprecation] StringEscapeUtils in org.apache.commons.lang has been deprecated
    [javac]         assertEquals("<P&O>", StringEscapeUtils.unescapeXml("&lt;P&O&gt;"));
    [javac]                               ^
    [javac] /tmp/run_mutation.pl_23868_1501415284/41f/src/test/org/apache/commons/lang/StringEscapeUtilsTest.java:333: warning: [deprecation] StringEscapeUtils in org.apache.commons.lang has been deprecated
    [javac]         assertEquals("test & <", StringEscapeUtils.unescapeXml("test & &lt;"));
    [javac]                                  ^
    [javac] /tmp/run_mutation.pl_23868_1501415284/41f/src/test/org/apache/commons/lang/StringEscapeUtilsTest.java:337: warning: [deprecation] StringEscapeUtils in org.apache.commons.lang has been deprecated
    [javac]         assertEquals("& &", StringEscapeUtils.unescapeHtml("& &amp;"));
    [javac]                             ^
    [javac] /tmp/run_mutation.pl_23868_1501415284/41f/src/test/org/apache/commons/lang/StringEscapeUtilsTest.java:342: warning: [deprecation] StringEscapeUtils in org.apache.commons.lang has been deprecated
    [javac]         assertEquals("foo.bar",          StringEscapeUtils.escapeCsv("foo.bar"));
    [javac]                                          ^
    [javac] /tmp/run_mutation.pl_23868_1501415284/41f/src/test/org/apache/commons/lang/StringEscapeUtilsTest.java:343: warning: [deprecation] StringEscapeUtils in org.apache.commons.lang has been deprecated
    [javac]         assertEquals("\"foo,bar\"",      StringEscapeUtils.escapeCsv("foo,bar"));
    [javac]                                          ^
    [javac] /tmp/run_mutation.pl_23868_1501415284/41f/src/test/org/apache/commons/lang/StringEscapeUtilsTest.java:344: warning: [deprecation] StringEscapeUtils in org.apache.commons.lang has been deprecated
    [javac]         assertEquals("\"foo\nbar\"",     StringEscapeUtils.escapeCsv("foo\nbar"));
    [javac]                                          ^
    [javac] /tmp/run_mutation.pl_23868_1501415284/41f/src/test/org/apache/commons/lang/StringEscapeUtilsTest.java:345: warning: [deprecation] StringEscapeUtils in org.apache.commons.lang has been deprecated
    [javac]         assertEquals("\"foo\rbar\"",     StringEscapeUtils.escapeCsv("foo\rbar"));
    [javac]                                          ^
    [javac] /tmp/run_mutation.pl_23868_1501415284/41f/src/test/org/apache/commons/lang/StringEscapeUtilsTest.java:346: warning: [deprecation] StringEscapeUtils in org.apache.commons.lang has been deprecated
    [javac]         assertEquals("\"foo\"\"bar\"",   StringEscapeUtils.escapeCsv("foo\"bar"));
    [javac]                                          ^
    [javac] /tmp/run_mutation.pl_23868_1501415284/41f/src/test/org/apache/commons/lang/StringEscapeUtilsTest.java:347: warning: [deprecation] StringEscapeUtils in org.apache.commons.lang has been deprecated
    [javac]         assertEquals("",   StringEscapeUtils.escapeCsv(""));
    [javac]                            ^
    [javac] /tmp/run_mutation.pl_23868_1501415284/41f/src/test/org/apache/commons/lang/StringEscapeUtilsTest.java:348: warning: [deprecation] StringEscapeUtils in org.apache.commons.lang has been deprecated
    [javac]         assertEquals(null, StringEscapeUtils.escapeCsv(null));
    [javac]                            ^
    [javac] /tmp/run_mutation.pl_23868_1501415284/41f/src/test/org/apache/commons/lang/StringEscapeUtilsTest.java:365: warning: [deprecation] StringEscapeUtils in org.apache.commons.lang has been deprecated
    [javac]             StringEscapeUtils.escapeCsv(writer, value);
    [javac]             ^
    [javac] /tmp/run_mutation.pl_23868_1501415284/41f/src/test/org/apache/commons/lang/StringEscapeUtilsTest.java:374: warning: [deprecation] StringEscapeUtils in org.apache.commons.lang has been deprecated
    [javac]         assertEquals("foo.bar",          StringEscapeUtils.unescapeCsv("foo.bar"));
    [javac]                                          ^
    [javac] /tmp/run_mutation.pl_23868_1501415284/41f/src/test/org/apache/commons/lang/StringEscapeUtilsTest.java:375: warning: [deprecation] StringEscapeUtils in org.apache.commons.lang has been deprecated
    [javac]         assertEquals("foo,bar",      StringEscapeUtils.unescapeCsv("\"foo,bar\""));
    [javac]                                      ^
    [javac] /tmp/run_mutation.pl_23868_1501415284/41f/src/test/org/apache/commons/lang/StringEscapeUtilsTest.java:376: warning: [deprecation] StringEscapeUtils in org.apache.commons.lang has been deprecated
    [javac]         assertEquals("foo\nbar",     StringEscapeUtils.unescapeCsv("\"foo\nbar\""));
    [javac]                                      ^
    [javac] /tmp/run_mutation.pl_23868_1501415284/41f/src/test/org/apache/commons/lang/StringEscapeUtilsTest.java:377: warning: [deprecation] StringEscapeUtils in org.apache.commons.lang has been deprecated
    [javac]         assertEquals("foo\rbar",     StringEscapeUtils.unescapeCsv("\"foo\rbar\""));
    [javac]                                      ^
    [javac] /tmp/run_mutation.pl_23868_1501415284/41f/src/test/org/apache/commons/lang/StringEscapeUtilsTest.java:378: warning: [deprecation] StringEscapeUtils in org.apache.commons.lang has been deprecated
    [javac]         assertEquals("foo\"bar",   StringEscapeUtils.unescapeCsv("\"foo\"\"bar\""));
    [javac]                                    ^
    [javac] /tmp/run_mutation.pl_23868_1501415284/41f/src/test/org/apache/commons/lang/StringEscapeUtilsTest.java:379: warning: [deprecation] StringEscapeUtils in org.apache.commons.lang has been deprecated
    [javac]         assertEquals("",   StringEscapeUtils.unescapeCsv(""));
    [javac]                            ^
    [javac] /tmp/run_mutation.pl_23868_1501415284/41f/src/test/org/apache/commons/lang/StringEscapeUtilsTest.java:380: warning: [deprecation] StringEscapeUtils in org.apache.commons.lang has been deprecated
    [javac]         assertEquals(null, StringEscapeUtils.unescapeCsv(null));
    [javac]                            ^
    [javac] /tmp/run_mutation.pl_23868_1501415284/41f/src/test/org/apache/commons/lang/StringEscapeUtilsTest.java:382: warning: [deprecation] StringEscapeUtils in org.apache.commons.lang has been deprecated
    [javac]         assertEquals("\"foo.bar\"",          StringEscapeUtils.unescapeCsv("\"foo.bar\""));
    [javac]                                              ^
    [javac] /tmp/run_mutation.pl_23868_1501415284/41f/src/test/org/apache/commons/lang/StringEscapeUtilsTest.java:401: warning: [deprecation] StringEscapeUtils in org.apache.commons.lang has been deprecated
    [javac]             StringEscapeUtils.unescapeCsv(writer, value);
    [javac]             ^
    [javac] /tmp/run_mutation.pl_23868_1501415284/41f/src/test/org/apache/commons/lang/StringEscapeUtilsTest.java:416: warning: [deprecation] StringEscapeUtils in org.apache.commons.lang has been deprecated
    [javac]         String escaped = StringEscapeUtils.escapeHtml( new String(data, "UTF8") );
    [javac]                          ^
    [javac] /tmp/run_mutation.pl_23868_1501415284/41f/src/test/org/apache/commons/lang/StringEscapeUtilsTest.java:417: warning: [deprecation] StringEscapeUtils in org.apache.commons.lang has been deprecated
    [javac]         String unescaped = StringEscapeUtils.unescapeHtml( escaped );
    [javac]                            ^
    [javac] /tmp/run_mutation.pl_23868_1501415284/41f/src/test/org/apache/commons/lang/StringEscapeUtilsTest.java:425: warning: [deprecation] StringEscapeUtils in org.apache.commons.lang has been deprecated
    [javac]         String escaped = StringEscapeUtils.escapeHtml( "\u304B\u304C\u3068" );
    [javac]                          ^
    [javac] /tmp/run_mutation.pl_23868_1501415284/41f/src/test/org/apache/commons/lang/StringEscapeUtilsTest.java:429: warning: [deprecation] StringEscapeUtils in org.apache.commons.lang has been deprecated
    [javac]         String unescaped = StringEscapeUtils.unescapeHtml( escaped );
    [javac]                            ^
    [javac] /tmp/run_mutation.pl_23868_1501415284/41f/src/test/org/apache/commons/lang/SystemUtilsTest.java:216: warning: [deprecation] Assert in junit.framework has been deprecated
    [javac]         Assert.assertNotNull(dir);
    [javac]         ^
    [javac] /tmp/run_mutation.pl_23868_1501415284/41f/src/test/org/apache/commons/lang/SystemUtilsTest.java:217: warning: [deprecation] Assert in junit.framework has been deprecated
    [javac]         Assert.assertTrue(dir.exists());
    [javac]         ^
    [javac] /tmp/run_mutation.pl_23868_1501415284/41f/src/test/org/apache/commons/lang/SystemUtilsTest.java:225: warning: [deprecation] Assert in junit.framework has been deprecated
    [javac]         Assert.assertNotNull(dir);
    [javac]         ^
    [javac] /tmp/run_mutation.pl_23868_1501415284/41f/src/test/org/apache/commons/lang/SystemUtilsTest.java:226: warning: [deprecation] Assert in junit.framework has been deprecated
    [javac]         Assert.assertTrue(dir.exists());
    [javac]         ^
    [javac] /tmp/run_mutation.pl_23868_1501415284/41f/src/test/org/apache/commons/lang/SystemUtilsTest.java:234: warning: [deprecation] Assert in junit.framework has been deprecated
    [javac]         Assert.assertNotNull(dir);
    [javac]         ^
    [javac] /tmp/run_mutation.pl_23868_1501415284/41f/src/test/org/apache/commons/lang/SystemUtilsTest.java:235: warning: [deprecation] Assert in junit.framework has been deprecated
    [javac]         Assert.assertTrue(dir.exists());
    [javac]         ^
    [javac] /tmp/run_mutation.pl_23868_1501415284/41f/src/test/org/apache/commons/lang/SystemUtilsTest.java:243: warning: [deprecation] Assert in junit.framework has been deprecated
    [javac]         Assert.assertNotNull(dir);
    [javac]         ^
    [javac] /tmp/run_mutation.pl_23868_1501415284/41f/src/test/org/apache/commons/lang/SystemUtilsTest.java:244: warning: [deprecation] Assert in junit.framework has been deprecated
    [javac]         Assert.assertTrue(dir.exists());
    [javac]         ^
    [javac] /tmp/run_mutation.pl_23868_1501415284/41f/src/test/org/apache/commons/lang/builder/ReflectionToStringBuilderExcludeTest.java:114: warning: [deprecation] Assert in junit.framework has been deprecated
    [javac]         Assert.assertTrue(toString.indexOf(NOT_SECRET_FIELD) > ArrayUtils.INDEX_NOT_FOUND);
    [javac]         ^
    [javac] /tmp/run_mutation.pl_23868_1501415284/41f/src/test/org/apache/commons/lang/builder/ReflectionToStringBuilderExcludeTest.java:115: warning: [deprecation] Assert in junit.framework has been deprecated
    [javac]         Assert.assertTrue(toString.indexOf(NOT_SECRET_VALUE) > ArrayUtils.INDEX_NOT_FOUND);
    [javac]         ^
    [javac] /tmp/run_mutation.pl_23868_1501415284/41f/src/test/org/apache/commons/lang/builder/ReflectionToStringBuilderExcludeTest.java:119: warning: [deprecation] Assert in junit.framework has been deprecated
    [javac]         Assert.assertEquals(ArrayUtils.INDEX_NOT_FOUND, toString.indexOf(SECRET_VALUE));
    [javac]         ^
    [javac] /tmp/run_mutation.pl_23868_1501415284/41f/src/test/org/apache/commons/lang/builder/ReflectionToStringBuilderExcludeTest.java:124: warning: [deprecation] Assert in junit.framework has been deprecated
    [javac]         Assert.assertTrue(toString.indexOf(SECRET_VALUE) > 0);
    [javac]         ^
    [javac] /tmp/run_mutation.pl_23868_1501415284/41f/src/test/org/apache/commons/lang/exception/ExceptionUtilsTest.java:148: warning: [deprecation] Assert in junit.framework has been deprecated
    [javac]             Assert.assertFalse(ExceptionUtils.isCauseMethodName(methodName));
    [javac]             ^
    [javac] /tmp/run_mutation.pl_23868_1501415284/41f/src/test/org/apache/commons/lang/exception/ExceptionUtilsTest.java:151: warning: [deprecation] Assert in junit.framework has been deprecated
    [javac]             Assert.assertTrue(ExceptionUtils.isCauseMethodName(methodName));
    [javac]             ^
    [javac] /tmp/run_mutation.pl_23868_1501415284/41f/src/test/org/apache/commons/lang/exception/ExceptionUtilsTest.java:154: warning: [deprecation] Assert in junit.framework has been deprecated
    [javac]             Assert.assertFalse(
    [javac]             ^
    [javac] /tmp/run_mutation.pl_23868_1501415284/41f/src/test/org/apache/commons/lang/time/StopWatchTest.java:221: warning: [deprecation] Assert in junit.framework has been deprecated
    [javac]             Assert.assertTrue(watch.getStartTime() >= beforeStopWatch);
    [javac]             ^
    [javac] Note: Some input files use unchecked or unsafe operations.
    [javac] Note: Recompile with -Xlint:unchecked for details.
    [javac] 98 warnings

compile.tests:

update.all.tests:

mutation.test:
     [echo] Running mutation analysis ...
    [junit] MAJOR: Mutation analysis enabled
SLF4J: Failed to load class "org.slf4j.impl.StaticLoggerBinder".
SLF4J: Defaulting to no-operation (NOP) logger implementation
SLF4J: See http://www.slf4j.org/codes.html#StaticLoggerBinder for further details.
    [junit] MAJOR: ------------------------------------------------------------
    [junit] MAJOR: Run 61 ordered tests to verify independence
    [junit] MAJOR: ------------------------------------------------------------
    [junit] MAJOR: Preprocessing time: 19.59 seconds
    [junit] MAJOR: ------------------------------------------------------------
    [junit] MAJOR: Mutants generated: 625
    [junit] MAJOR: Mutants covered:   573 (91.68%)
    [junit] MAJOR: ------------------------------------------------------------
    [junit] MAJOR: Export test map to (testMap.csv)
    [junit] MAJOR: Export coverage map to (covMap.csv)
    [junit] MAJOR: Exclude 0 mutants
    [junit] MAJOR: ------------------------------------------------------------
    [junit] MAJOR: Run mutation analysis with 61 individual tests
    [junit] MAJOR: ------------------------------------------------------------
    [junit] MAJOR: 1/61 - org.apache.commons.lang.ClassUtils_ESTest33 (7ms / 98):
    [junit] MAJOR: 48638 (19 / 98 / 98) -> AVG-RTPM: 496ms
    [junit] MAJOR: Mutants killed / live: 19 (12-7-0) / 554
    [junit] MAJOR: ------------------------------------------------------------
    [junit] MAJOR: 2/61 - org.apache.commons.lang.ClassUtils_ESTest43 (7ms / 93):
    [junit] MAJOR: 151477 (7 / 93 / 93) -> AVG-RTPM: 1105ms
    [junit] MAJOR: Mutants killed / live: 26 (19-7-0) / 547
    [junit] MAJOR: ------------------------------------------------------------
    [junit] MAJOR: 3/61 - org.apache.commons.lang.ClassUtils_ESTest54 (7ms / 25):
    [junit] MAJOR: 192959 (2 / 25 / 25) -> AVG-RTPM: 1659ms
    [junit] MAJOR: Mutants killed / live: 28 (19-9-0) / 545
    [junit] MAJOR: ------------------------------------------------------------
    [junit] MAJOR: 4/61 - org.apache.commons.lang.ClassUtils_ESTest55 (7ms / 25):
    [junit] MAJOR: 240848 (2 / 25 / 25) -> AVG-RTPM: 1915ms
    [junit] MAJOR: Mutants killed / live: 30 (19-11-0) / 543
    [junit] MAJOR: ------------------------------------------------------------
    [junit] MAJOR: 5/61 - org.apache.commons.lang.ClassUtils_ESTest56 (7ms / 25):
    [junit] MAJOR: 295737 (2 / 25 / 25) -> AVG-RTPM: 2195ms
    [junit] MAJOR: Mutants killed / live: 32 (19-13-0) / 541
    [junit] MAJOR: ------------------------------------------------------------
    [junit] MAJOR: 6/61 - org.apache.commons.lang.ClassUtils_ESTest59 (7ms / 113):
    [junit] MAJOR: 580706 (51 / 113 / 113) -> AVG-RTPM: 2521ms
    [junit] MAJOR: Mutants killed / live: 83 (40-41-2) / 490
    [junit] MAJOR: ------------------------------------------------------------
    [junit] MAJOR: 7/61 - org.apache.commons.lang.ClassUtils_ESTest18 (8ms / 36):
    [junit] MAJOR: 601078 (30 / 36 / 36) -> AVG-RTPM: 565ms
    [junit] MAJOR: Mutants killed / live: 113 (40-77-2) / 460
    [junit] MAJOR: ------------------------------------------------------------
    [junit] MAJOR: 8/61 - org.apache.commons.lang.ClassUtils_ESTest30 (8ms / 62):
    [junit] MAJOR: 634570 (27 / 62 / 62) -> AVG-RTPM: 540ms
    [junit] MAJOR: Mutants killed / live: 140 (40-139-2) / 433
    [junit] MAJOR: ------------------------------------------------------------
    [junit] MAJOR: 9/61 - org.apache.commons.lang.ClassUtils_ESTest31 (8ms / 57):
    [junit] MAJOR: 666445 (0 / 57 / 57) -> AVG-RTPM: 559ms
    [junit] MAJOR: Mutants killed / live: 140 (40-196-2) / 433
    [junit] MAJOR: ------------------------------------------------------------
    [junit] MAJOR: 10/61 - org.apache.commons.lang.ClassUtils_ESTest36 (8ms / 49):
    [junit] MAJOR: 696248 (19 / 49 / 49) -> AVG-RTPM: 608ms
    [junit] MAJOR: Mutants killed / live: 159 (40-245-2) / 414
    [junit] MAJOR: ------------------------------------------------------------
    [junit] MAJOR: 11/61 - org.apache.commons.lang.ClassUtils_ESTest39 (8ms / 74):
    [junit] MAJOR: 740316 (24 / 74 / 74) -> AVG-RTPM: 595ms
    [junit] MAJOR: Mutants killed / live: 183 (40-319-2) / 390
    [junit] MAJOR: ------------------------------------------------------------
    [junit] MAJOR: 12/61 - org.apache.commons.lang.ClassUtils_ESTest4 (8ms / 95):
    [junit] MAJOR: 796159 (35 / 95 / 95) -> AVG-RTPM: 587ms
    [junit] MAJOR: Mutants killed / live: 218 (40-414-2) / 355
    [junit] MAJOR: ------------------------------------------------------------
    [junit] MAJOR: 13/61 - org.apache.commons.lang.ClassUtils_ESTest40 (8ms / 69):
    [junit] MAJOR: 838628 (9 / 69 / 69) -> AVG-RTPM: 615ms
    [junit] MAJOR: Mutants killed / live: 227 (40-483-2) / 346
    [junit] MAJOR: ------------------------------------------------------------
    [junit] MAJOR: 14/61 - org.apache.commons.lang.ClassUtils_ESTest42 (8ms / 96):
    [junit] MAJOR: 897759 (34 / 96 / 96) -> AVG-RTPM: 615ms
    [junit] MAJOR: Mutants killed / live: 261 (40-579-2) / 312
    [junit] MAJOR: ------------------------------------------------------------
    [junit] MAJOR: 15/61 - org.apache.commons.lang.ClassUtils_ESTest52 (8ms / 25):
    [junit] MAJOR: 913150 (3 / 25 / 25) -> AVG-RTPM: 615ms
    [junit] MAJOR: Mutants killed / live: 264 (40-604-2) / 309
    [junit] MAJOR: ------------------------------------------------------------
    [junit] MAJOR: 16/61 - org.apache.commons.lang.ClassUtils_ESTest58 (8ms / 57):
    [junit] MAJOR: 948091 (14 / 57 / 57) -> AVG-RTPM: 613ms
    [junit] MAJOR: Mutants killed / live: 278 (40-661-2) / 295
    [junit] MAJOR: ------------------------------------------------------------
    [junit] MAJOR: 17/61 - org.apache.commons.lang.ClassUtils_ESTest60 (8ms / 118):
    [junit] MAJOR: 1019974 (3 / 118 / 118) -> AVG-RTPM: 609ms
    [junit] MAJOR: Mutants killed / live: 281 (40-779-2) / 292
    [junit] MAJOR: ------------------------------------------------------------
    [junit] MAJOR: 18/61 - org.apache.commons.lang.ClassUtils_ESTest7 (8ms / 25):
    [junit] MAJOR: 1034726 (3 / 25 / 25) -> AVG-RTPM: 590ms
    [junit] MAJOR: Mutants killed / live: 284 (40-804-2) / 289
    [junit] MAJOR: ------------------------------------------------------------
    [junit] MAJOR: 19/61 - org.apache.commons.lang.ClassUtils_ESTest8 (8ms / 25):
    [junit] MAJOR: 1050416 (3 / 25 / 25) -> AVG-RTPM: 627ms
    [junit] MAJOR: Mutants killed / live: 287 (40-829-2) / 286
    [junit] MAJOR: ------------------------------------------------------------
    [junit] MAJOR: 20/61 - org.apache.commons.lang.ClassUtils_ESTest12 (9ms / 106):
    [junit] MAJOR: 1115652 (84 / 106 / 106) -> AVG-RTPM: 615ms
    [junit] MAJOR: Mutants killed / live: 371 (40-935-2) / 202
    [junit] MAJOR: ------------------------------------------------------------
    [junit] MAJOR: 21/61 - org.apache.commons.lang.ClassUtils_ESTest16 (9ms / 25):
    [junit] MAJOR: 1130703 (3 / 25 / 25) -> AVG-RTPM: 602ms
    [junit] MAJOR: Mutants killed / live: 374 (40-960-2) / 199
    [junit] MAJOR: ------------------------------------------------------------
    [junit] MAJOR: 22/61 - org.apache.commons.lang.ClassUtils_ESTest25 (9ms / 25):
    [junit] MAJOR: 1145898 (3 / 25 / 25) -> AVG-RTPM: 607ms
    [junit] MAJOR: Mutants killed / live: 377 (40-985-2) / 196
    [junit] MAJOR: ------------------------------------------------------------
    [junit] MAJOR: 23/61 - org.apache.commons.lang.ClassUtils_ESTest34 (9ms / 113):
    [junit] MAJOR: 1215081 (32 / 113 / 113) -> AVG-RTPM: 612ms
    [junit] MAJOR: Mutants killed / live: 409 (40-1098-2) / 164
    [junit] MAJOR: ------------------------------------------------------------
    [junit] MAJOR: 24/61 - org.apache.commons.lang.ClassUtils_ESTest37 (9ms / 48):
    [junit] MAJOR: 1244128 (0 / 48 / 48) -> AVG-RTPM: 605ms
    [junit] MAJOR: Mutants killed / live: 409 (40-1146-2) / 164
    [junit] MAJOR: ------------------------------------------------------------
    [junit] MAJOR: 25/61 - org.apache.commons.lang.ClassUtils_ESTest41 (9ms / 91):
    [junit] MAJOR: 1300830 (0 / 91 / 91) -> AVG-RTPM: 623ms
    [junit] MAJOR: Mutants killed / live: 409 (40-1237-2) / 164
    [junit] MAJOR: ------------------------------------------------------------
    [junit] MAJOR: 26/61 - org.apache.commons.lang.ClassUtils_ESTest45 (9ms / 25):
    [junit] MAJOR: 1315809 (3 / 25 / 25) -> AVG-RTPM: 599ms
    [junit] MAJOR: Mutants killed / live: 412 (40-1262-2) / 161
    [junit] MAJOR: ------------------------------------------------------------
    [junit] MAJOR: 27/61 - org.apache.commons.lang.ClassUtils_ESTest46 (9ms / 25):
    [junit] MAJOR: 1331371 (0 / 25 / 25) -> AVG-RTPM: 622ms
    [junit] MAJOR: Mutants killed / live: 412 (40-1287-2) / 161
    [junit] MAJOR: ------------------------------------------------------------
    [junit] MAJOR: 28/61 - org.apache.commons.lang.ClassUtils_ESTest57 (9ms / 25):
    [junit] MAJOR: 1346644 (0 / 25 / 25) -> AVG-RTPM: 610ms
    [junit] MAJOR: Mutants killed / live: 412 (40-1312-2) / 161
    [junit] MAJOR: ------------------------------------------------------------
    [junit] MAJOR: 29/61 - org.apache.commons.lang.ClassUtils_ESTest1 (10ms / 86):
    [junit] MAJOR: 1398739 (7 / 86 / 86) -> AVG-RTPM: 605ms
    [junit] MAJOR: Mutants killed / live: 419 (40-1398-2) / 154
    [junit] MAJOR: ------------------------------------------------------------
    [junit] MAJOR: 30/61 - org.apache.commons.lang.ClassUtils_ESTest19 (10ms / 56):
    [junit] MAJOR: 1432066 (0 / 56 / 56) -> AVG-RTPM: 595ms
    [junit] MAJOR: Mutants killed / live: 419 (40-1454-2) / 154
    [junit] MAJOR: ------------------------------------------------------------
    [junit] MAJOR: 31/61 - org.apache.commons.lang.ClassUtils_ESTest20 (10ms / 93):
    [junit] MAJOR: 1488804 (16 / 93 / 93) -> AVG-RTPM: 610ms
    [junit] MAJOR: Mutants killed / live: 435 (40-1547-2) / 138
    [junit] MAJOR: ------------------------------------------------------------
    [junit] MAJOR: 32/61 - org.apache.commons.lang.ClassUtils_ESTest24 (10ms / 33):
    [junit] MAJOR: 1508547 (8 / 33 / 33) -> AVG-RTPM: 598ms
    [junit] MAJOR: Mutants killed / live: 443 (40-1580-2) / 130
    [junit] MAJOR: ------------------------------------------------------------
    [junit] MAJOR: 33/61 - org.apache.commons.lang.ClassUtils_ESTest32 (10ms / 78):
    [junit] MAJOR: 1556824 (0 / 78 / 78) -> AVG-RTPM: 618ms
    [junit] MAJOR: Mutants killed / live: 443 (40-1658-2) / 130
    [junit] MAJOR: ------------------------------------------------------------
    [junit] MAJOR: 34/61 - org.apache.commons.lang.ClassUtils_ESTest48 (10ms / 26):
    [junit] MAJOR: 1572433 (4 / 26 / 26) -> AVG-RTPM: 600ms
    [junit] MAJOR: Mutants killed / live: 447 (40-1684-2) / 126
    [junit] MAJOR: ------------------------------------------------------------
    [junit] MAJOR: 35/61 - org.apache.commons.lang.ClassUtils_ESTest13 (11ms / 119):
    [junit] MAJOR: 1645366 (9 / 119 / 119) -> AVG-RTPM: 612ms
    [junit] MAJOR: Mutants killed / live: 456 (40-1803-2) / 117
    [junit] MAJOR: ------------------------------------------------------------
    [junit] MAJOR: 36/61 - org.apache.commons.lang.ClassUtils_ESTest17 (11ms / 25):
    [junit] MAJOR: 1660881 (3 / 25 / 25) -> AVG-RTPM: 620ms
    [junit] MAJOR: Mutants killed / live: 459 (40-1828-2) / 114
    [junit] MAJOR: ------------------------------------------------------------
    [junit] MAJOR: 37/61 - org.apache.commons.lang.ClassUtils_ESTest26 (11ms / 25):
    [junit] MAJOR: 1676223 (3 / 25 / 25) -> AVG-RTPM: 613ms
    [junit] MAJOR: Mutants killed / live: 462 (40-1853-2) / 111
    [junit] MAJOR: ------------------------------------------------------------
    [junit] MAJOR: 38/61 - org.apache.commons.lang.ClassUtils_ESTest49 (11ms / 48):
    [junit] MAJOR: 1705779 (21 / 48 / 48) -> AVG-RTPM: 615ms
    [junit] MAJOR: Mutants killed / live: 483 (40-1901-2) / 90
    [junit] MAJOR: ------------------------------------------------------------
    [junit] MAJOR: 39/61 - org.apache.commons.lang.ClassUtils_ESTest6 (11ms / 74):
    [junit] MAJOR: 1750726 (0 / 74 / 74) -> AVG-RTPM: 607ms
    [junit] MAJOR: Mutants killed / live: 483 (40-1975-2) / 90
    [junit] MAJOR: ------------------------------------------------------------
    [junit] MAJOR: 40/61 - org.apache.commons.lang.ClassUtils_ESTest35 (12ms / 144):
    [junit] MAJOR: 1838071 (17 / 144 / 144) -> AVG-RTPM: 606ms
    [junit] MAJOR: Mutants killed / live: 500 (40-2119-2) / 73
    [junit] MAJOR: ------------------------------------------------------------
    [junit] MAJOR: 41/61 - org.apache.commons.lang.ClassUtils_ESTest38 (12ms / 91):
    [junit] MAJOR: 1894060 (1 / 91 / 91) -> AVG-RTPM: 615ms
    [junit] MAJOR: Mutants killed / live: 501 (40-2210-2) / 72
    [junit] MAJOR: ------------------------------------------------------------
    [junit] MAJOR: 42/61 - org.apache.commons.lang.ClassUtils_ESTest51 (12ms / 44):
    [junit] MAJOR: 1921699 (19 / 44 / 44) -> AVG-RTPM: 628ms
    [junit] MAJOR: Mutants killed / live: 520 (40-2254-2) / 53
    [junit] MAJOR: ------------------------------------------------------------
    [junit] MAJOR: 43/61 - org.apache.commons.lang.ClassUtils_ESTest9 (12ms / 25):
    [junit] MAJOR: 1936169 (0 / 25 / 25) -> AVG-RTPM: 578ms
    [junit] MAJOR: Mutants killed / live: 520 (40-2279-2) / 53
    [junit] MAJOR: ------------------------------------------------------------
    [junit] MAJOR: 44/61 - org.apache.commons.lang.ClassUtils_ESTest10 (13ms / 34):
    [junit] MAJOR: 1957408 (0 / 34 / 34) -> AVG-RTPM: 624ms
    [junit] MAJOR: Mutants killed / live: 520 (40-2313-2) / 53
    [junit] MAJOR: ------------------------------------------------------------
    [junit] MAJOR: 45/61 - org.apache.commons.lang.ClassUtils_ESTest11 (13ms / 94):
    [junit] MAJOR: 2012548 (1 / 94 / 94) -> AVG-RTPM: 586ms
    [junit] MAJOR: Mutants killed / live: 521 (40-2407-2) / 52
    [junit] MAJOR: ------------------------------------------------------------
    [junit] MAJOR: 46/61 - org.apache.commons.lang.ClassUtils_ESTest21 (13ms / 88):
    [junit] MAJOR: 2066138 (0 / 88 / 88) -> AVG-RTPM: 608ms
    [junit] MAJOR: Mutants killed / live: 521 (40-2495-2) / 52
    [junit] MAJOR: ------------------------------------------------------------
    [junit] MAJOR: 47/61 - org.apache.commons.lang.ClassUtils_ESTest47 (13ms / 34):
    [junit] MAJOR: 2088362 (9 / 34 / 34) -> AVG-RTPM: 653ms
    [junit] MAJOR: Mutants killed / live: 530 (40-2529-2) / 43
    [junit] MAJOR: ------------------------------------------------------------
    [junit] MAJOR: 48/61 - org.apache.commons.lang.ClassUtils_ESTest2 (14ms / 95):
    [junit] MAJOR: 2146342 (1 / 95 / 95) -> AVG-RTPM: 610ms
    [junit] MAJOR: Mutants killed / live: 531 (40-2624-2) / 42
    [junit] MAJOR: ------------------------------------------------------------
    [junit] MAJOR: 49/61 - org.apache.commons.lang.ClassUtils_ESTest14 (16ms / 65):
    [junit] MAJOR: 2186022 (1 / 65 / 65) -> AVG-RTPM: 610ms
    [junit] MAJOR: Mutants killed / live: 532 (40-2689-2) / 41
    [junit] MAJOR: ------------------------------------------------------------
    [junit] MAJOR: 50/61 - org.apache.commons.lang.ClassUtils_ESTest0 (17ms / 32):
    [junit] MAJOR: 2206137 (1 / 32 / 32) -> AVG-RTPM: 628ms
    [junit] MAJOR: Mutants killed / live: 533 (40-2721-2) / 40
    [junit] MAJOR: ------------------------------------------------------------
    [junit] MAJOR: 51/61 - org.apache.commons.lang.ClassUtils_ESTest15 (18ms / 83):
    [junit] MAJOR: 2257843 (0 / 83 / 83) -> AVG-RTPM: 622ms
    [junit] MAJOR: Mutants killed / live: 533 (40-2804-2) / 40
    [junit] MAJOR: ------------------------------------------------------------
    [junit] MAJOR: 52/61 - org.apache.commons.lang.ClassUtils_ESTest29 (21ms / 29):
    [junit] MAJOR: 2275487 (1 / 29 / 29) -> AVG-RTPM: 608ms
    [junit] MAJOR: Mutants killed / live: 534 (40-2833-2) / 39
    [junit] MAJOR: ------------------------------------------------------------
    [junit] MAJOR: 53/61 - org.apache.commons.lang.ClassUtils_ESTest44 (21ms / 54):
    [junit] MAJOR: 2308706 (19 / 54 / 54) -> AVG-RTPM: 615ms
    [junit] MAJOR: Mutants killed / live: 553 (40-2887-2) / 20
    [junit] MAJOR: ------------------------------------------------------------
    [junit] MAJOR: 54/61 - org.apache.commons.lang.ClassUtils_ESTest27 (22ms / 41):
    [junit] MAJOR: 2333915 (16 / 41 / 41) -> AVG-RTPM: 614ms
    [junit] MAJOR: Mutants killed / live: 569 (40-2928-2) / 4
    [junit] MAJOR: ------------------------------------------------------------
    [junit] MAJOR: 55/61 - org.apache.commons.lang.ClassUtils_ESTest50 (23ms / 48):
    [junit] MAJOR: 2363489 (1 / 48 / 48) -> AVG-RTPM: 616ms
    [junit] MAJOR: Mutants killed / live: 570 (40-2976-2) / 3
    [junit] MAJOR: ------------------------------------------------------------
    [junit] MAJOR: 56/61 - org.apache.commons.lang.ClassUtils_ESTest53 (23ms / 86):
    [junit] MAJOR: 2416925 (1 / 86 / 86) -> AVG-RTPM: 621ms
    [junit] MAJOR: Mutants killed / live: 571 (40-3062-2) / 2
    [junit] MAJOR: ------------------------------------------------------------
    [junit] MAJOR: 57/61 - org.apache.commons.lang.ClassUtils_ESTest23 (24ms / 52):
    [junit] MAJOR: 2449043 (0 / 52 / 52) -> AVG-RTPM: 617ms
    [junit] MAJOR: Mutants killed / live: 571 (40-3114-2) / 2
    [junit] MAJOR: ------------------------------------------------------------
    [junit] MAJOR: 58/61 - org.apache.commons.lang.ClassUtils_ESTest22 (26ms / 25):
    [junit] MAJOR: 2464813 (0 / 25 / 25) -> AVG-RTPM: 630ms
    [junit] MAJOR: Mutants killed / live: 571 (40-3139-2) / 2
    [junit] MAJOR: ------------------------------------------------------------
    [junit] MAJOR: 59/61 - org.apache.commons.lang.ClassUtils_ESTest3 (28ms / 31):
    [junit] MAJOR: 2483285 (1 / 31 / 31) -> AVG-RTPM: 595ms
    [junit] MAJOR: Mutants killed / live: 572 (40-3170-2) / 1
    [junit] MAJOR: ------------------------------------------------------------
    [junit] MAJOR: 60/61 - org.apache.commons.lang.ClassUtils_ESTest5 (28ms / 34):
    [junit] MAJOR: 2503630 (1 / 34 / 34) -> AVG-RTPM: 598ms
    [junit] MAJOR: Mutants killed / live: 573 (40-3204-2) / 0
    [junit] MAJOR: ------------------------------------------------------------
    [junit] MAJOR: 61/61 - org.apache.commons.lang.ClassUtils_ESTest28 (29ms / 25):
    [junit] MAJOR: 2518908 (0 / 25 / 25) -> AVG-RTPM: 611ms
    [junit] MAJOR: Mutants killed / live: 573 (40-3229-2) / 0
    [junit] MAJOR: ------------------------------------------------------------
    [junit] MAJOR: Summary:
    [junit] MAJOR: 
    [junit] MAJOR: Analysis time:  2518.9 seconds
    [junit] MAJOR: Mutation score: 91.68% (100.00%)
    [junit] MAJOR: Mutants killed / live: 573 (40-3229-2) / 0
    [junit] MAJOR: Mutant executions: 3567
    [junit] MAJOR: ------------------------------------------------------------
    [junit] MAJOR: Export summary of results (to summary.csv)
    [junit] MAJOR: Export mutant kill details (to /tmp/run_mutation.pl_23868_1501415284/41f/kill.csv)
    [junit] MAJOR: Export kill map (to killMap.csv)!

BUILD SUCCESSFUL
Total time: 42 minutes 25 seconds
