
init:
     [echo] -------- commons-lang 3.0-SNAPSHOT --------

prepare:

static:

compile:
    [javac] /tmp/run_mutation.pl_29556_1483632408/44f/build.xml:65: warning: 'includeantruntime' was not set, defaulting to build.sysclasspath=last; set to false for repeatable builds

compile.tests:
    [javac] /tmp/run_mutation.pl_29556_1483632408/44f/build.xml:73: warning: 'includeantruntime' was not set, defaulting to build.sysclasspath=last; set to false for repeatable builds
    [javac] Compiling 157 source files to /tmp/run_mutation.pl_29556_1483632408/44f/target/tests
    [javac] warning: [options] bootstrap class path not set in conjunction with -source 1.3
    [javac] /tmp/run_mutation.pl_29556_1483632408/44f/src/test/org/apache/commons/lang/AllLangTestSuite.java:64: warning: as of release 5, 'enum' is a keyword, and may not be used as an identifier
    [javac]         suite.addTest(org.apache.commons.lang.enum.EnumTestSuite.suite());
    [javac]                                               ^
    [javac]   (use -source 5 or higher to use 'enum' as a keyword)
    [javac] /tmp/run_mutation.pl_29556_1483632408/44f/src/test/org/apache/commons/lang/enum/Broken1Enum.java:17: warning: as of release 5, 'enum' is a keyword, and may not be used as an identifier
    [javac] package org.apache.commons.lang.enum;
    [javac]                                 ^
    [javac]   (use -source 5 or higher to use 'enum' as a keyword)
    [javac] /tmp/run_mutation.pl_29556_1483632408/44f/src/test/org/apache/commons/lang/enum/Broken1OperationEnum.java:17: warning: as of release 5, 'enum' is a keyword, and may not be used as an identifier
    [javac] package org.apache.commons.lang.enum;
    [javac]                                 ^
    [javac]   (use -source 5 or higher to use 'enum' as a keyword)
    [javac] /tmp/run_mutation.pl_29556_1483632408/44f/src/test/org/apache/commons/lang/enum/Broken2Enum.java:17: warning: as of release 5, 'enum' is a keyword, and may not be used as an identifier
    [javac] package org.apache.commons.lang.enum;
    [javac]                                 ^
    [javac]   (use -source 5 or higher to use 'enum' as a keyword)
    [javac] /tmp/run_mutation.pl_29556_1483632408/44f/src/test/org/apache/commons/lang/enum/Broken2OperationEnum.java:17: warning: as of release 5, 'enum' is a keyword, and may not be used as an identifier
    [javac] package org.apache.commons.lang.enum;
    [javac]                                 ^
    [javac]   (use -source 5 or higher to use 'enum' as a keyword)
    [javac] /tmp/run_mutation.pl_29556_1483632408/44f/src/test/org/apache/commons/lang/enum/Broken3Enum.java:17: warning: as of release 5, 'enum' is a keyword, and may not be used as an identifier
    [javac] package org.apache.commons.lang.enum;
    [javac]                                 ^
    [javac]   (use -source 5 or higher to use 'enum' as a keyword)
    [javac] /tmp/run_mutation.pl_29556_1483632408/44f/src/test/org/apache/commons/lang/enum/Broken3OperationEnum.java:17: warning: as of release 5, 'enum' is a keyword, and may not be used as an identifier
    [javac] package org.apache.commons.lang.enum;
    [javac]                                 ^
    [javac]   (use -source 5 or higher to use 'enum' as a keyword)
    [javac] /tmp/run_mutation.pl_29556_1483632408/44f/src/test/org/apache/commons/lang/enum/Broken4OperationEnum.java:17: warning: as of release 5, 'enum' is a keyword, and may not be used as an identifier
    [javac] package org.apache.commons.lang.enum;
    [javac]                                 ^
    [javac]   (use -source 5 or higher to use 'enum' as a keyword)
    [javac] /tmp/run_mutation.pl_29556_1483632408/44f/src/test/org/apache/commons/lang/enum/Broken5OperationEnum.java:17: warning: as of release 5, 'enum' is a keyword, and may not be used as an identifier
    [javac] package org.apache.commons.lang.enum;
    [javac]                                 ^
    [javac]   (use -source 5 or higher to use 'enum' as a keyword)
    [javac] /tmp/run_mutation.pl_29556_1483632408/44f/src/test/org/apache/commons/lang/enum/ColorEnum.java:17: warning: as of release 5, 'enum' is a keyword, and may not be used as an identifier
    [javac] package org.apache.commons.lang.enum;
    [javac]                                 ^
    [javac]   (use -source 5 or higher to use 'enum' as a keyword)
    [javac] /tmp/run_mutation.pl_29556_1483632408/44f/src/test/org/apache/commons/lang/enum/DummyEnum.java:17: warning: as of release 5, 'enum' is a keyword, and may not be used as an identifier
    [javac] package org.apache.commons.lang.enum;
    [javac]                                 ^
    [javac]   (use -source 5 or higher to use 'enum' as a keyword)
    [javac] /tmp/run_mutation.pl_29556_1483632408/44f/src/test/org/apache/commons/lang/enum/EnumTest.java:18: warning: as of release 5, 'enum' is a keyword, and may not be used as an identifier
    [javac] package org.apache.commons.lang.enum;
    [javac]                                 ^
    [javac]   (use -source 5 or higher to use 'enum' as a keyword)
    [javac] /tmp/run_mutation.pl_29556_1483632408/44f/src/test/org/apache/commons/lang/enum/EnumTestSuite.java:17: warning: as of release 5, 'enum' is a keyword, and may not be used as an identifier
    [javac] package org.apache.commons.lang.enum;
    [javac]                                 ^
    [javac]   (use -source 5 or higher to use 'enum' as a keyword)
    [javac] /tmp/run_mutation.pl_29556_1483632408/44f/src/test/org/apache/commons/lang/enum/EnumUtilsTest.java:17: warning: as of release 5, 'enum' is a keyword, and may not be used as an identifier
    [javac] package org.apache.commons.lang.enum;
    [javac]                                 ^
    [javac]   (use -source 5 or higher to use 'enum' as a keyword)
    [javac] /tmp/run_mutation.pl_29556_1483632408/44f/src/test/org/apache/commons/lang/enum/Extended1Enum.java:19: warning: as of release 5, 'enum' is a keyword, and may not be used as an identifier
    [javac] package org.apache.commons.lang.enum;
    [javac]                                 ^
    [javac]   (use -source 5 or higher to use 'enum' as a keyword)
    [javac] /tmp/run_mutation.pl_29556_1483632408/44f/src/test/org/apache/commons/lang/enum/Extended2Enum.java:19: warning: as of release 5, 'enum' is a keyword, and may not be used as an identifier
    [javac] package org.apache.commons.lang.enum;
    [javac]                                 ^
    [javac]   (use -source 5 or higher to use 'enum' as a keyword)
    [javac] /tmp/run_mutation.pl_29556_1483632408/44f/src/test/org/apache/commons/lang/enum/Extended3Enum.java:19: warning: as of release 5, 'enum' is a keyword, and may not be used as an identifier
    [javac] package org.apache.commons.lang.enum;
    [javac]                                 ^
    [javac]   (use -source 5 or higher to use 'enum' as a keyword)
    [javac] /tmp/run_mutation.pl_29556_1483632408/44f/src/test/org/apache/commons/lang/enum/Nest.java:17: warning: as of release 5, 'enum' is a keyword, and may not be used as an identifier
    [javac] package org.apache.commons.lang.enum;
    [javac]                                 ^
    [javac]   (use -source 5 or higher to use 'enum' as a keyword)
    [javac] /tmp/run_mutation.pl_29556_1483632408/44f/src/test/org/apache/commons/lang/enum/NestBroken.java:17: warning: as of release 5, 'enum' is a keyword, and may not be used as an identifier
    [javac] package org.apache.commons.lang.enum;
    [javac]                                 ^
    [javac]   (use -source 5 or higher to use 'enum' as a keyword)
    [javac] /tmp/run_mutation.pl_29556_1483632408/44f/src/test/org/apache/commons/lang/enum/NestLinked.java:17: warning: as of release 5, 'enum' is a keyword, and may not be used as an identifier
    [javac] package org.apache.commons.lang.enum;
    [javac]                                 ^
    [javac]   (use -source 5 or higher to use 'enum' as a keyword)
    [javac] /tmp/run_mutation.pl_29556_1483632408/44f/src/test/org/apache/commons/lang/enum/NestReferenced.java:17: warning: as of release 5, 'enum' is a keyword, and may not be used as an identifier
    [javac] package org.apache.commons.lang.enum;
    [javac]                                 ^
    [javac]   (use -source 5 or higher to use 'enum' as a keyword)
    [javac] /tmp/run_mutation.pl_29556_1483632408/44f/src/test/org/apache/commons/lang/enum/OperationEnum.java:17: warning: as of release 5, 'enum' is a keyword, and may not be used as an identifier
    [javac] package org.apache.commons.lang.enum;
    [javac]                                 ^
    [javac]   (use -source 5 or higher to use 'enum' as a keyword)
    [javac] /tmp/run_mutation.pl_29556_1483632408/44f/src/test/org/apache/commons/lang/enum/ValuedColorEnum.java:17: warning: as of release 5, 'enum' is a keyword, and may not be used as an identifier
    [javac] package org.apache.commons.lang.enum;
    [javac]                                 ^
    [javac]   (use -source 5 or higher to use 'enum' as a keyword)
    [javac] /tmp/run_mutation.pl_29556_1483632408/44f/src/test/org/apache/commons/lang/enum/ValuedEnumTest.java:17: warning: as of release 5, 'enum' is a keyword, and may not be used as an identifier
    [javac] package org.apache.commons.lang.enum;
    [javac]                                 ^
    [javac]   (use -source 5 or higher to use 'enum' as a keyword)
    [javac] Note: Some input files use or override a deprecated API.
    [javac] Note: Recompile with -Xlint:deprecation for details.
    [javac] 25 warnings
     [copy] Copying 10 files to /tmp/run_mutation.pl_29556_1483632408/44f/target/tests

update.all.tests:

mutation.test:
     [echo] Running mutation analysis ...
    [junit] MAJOR: Mutation analysis enabled
SLF4J: Failed to load class "org.slf4j.impl.StaticLoggerBinder".
SLF4J: Defaulting to no-operation (NOP) logger implementation
SLF4J: See http://www.slf4j.org/codes.html#StaticLoggerBinder for further details.
    [junit] MAJOR: ------------------------------------------------------------
    [junit] MAJOR: Run 72 ordered tests to verify independence
    [junit] MAJOR: ------------------------------------------------------------
    [junit] MAJOR: Preprocessing time: 15.53 seconds
    [junit] MAJOR: ------------------------------------------------------------
    [junit] MAJOR: Mutants generated: 1022
    [junit] MAJOR: Mutants covered:   996 (97.46%)
    [junit] MAJOR: ------------------------------------------------------------
    [junit] MAJOR: Export test map to (testMap.csv)
    [junit] MAJOR: Export coverage map to (covMap.csv)
    [junit] MAJOR: Exclude 0 mutants
    [junit] MAJOR: ------------------------------------------------------------
    [junit] MAJOR: Run mutation analysis with 72 individual tests
    [junit] MAJOR: ------------------------------------------------------------
    [junit] MAJOR: 1/72 - org.apache.commons.lang.NumberUtils_ESTest33 (5ms / 15):
    [junit] MAJOR: 3778 (5 / 15 / 15) -> AVG-RTPM: 251ms
    [junit] MAJOR: Mutants killed / live: 5 (5-0-0) / 991
    [junit] MAJOR: ------------------------------------------------------------
    [junit] MAJOR: 2/72 - org.apache.commons.lang.NumberUtils_ESTest16 (6ms / 207):
    [junit] MAJOR: 167491 (31 / 207 / 207) -> AVG-RTPM: 790ms
    [junit] MAJOR: Mutants killed / live: 36 (8-28-0) / 960
    [junit] MAJOR: ------------------------------------------------------------
    [junit] MAJOR: 3/72 - org.apache.commons.lang.NumberUtils_ESTest25 (6ms / 117):
    [junit] MAJOR: 350548 (59 / 117 / 117) -> AVG-RTPM: 1564ms
    [junit] MAJOR: Mutants killed / live: 95 (10-78-22) / 901
    [junit] MAJOR: ------------------------------------------------------------
    [junit] MAJOR: 4/72 - org.apache.commons.lang.NumberUtils_ESTest27 (6ms / 186):
    [junit] MAJOR: 491865 (105 / 186 / 186) -> AVG-RTPM: 759ms
    [junit] MAJOR: Mutants killed / live: 200 (10-248-39) / 796
    [junit] MAJOR: ------------------------------------------------------------
    [junit] MAJOR: 5/72 - org.apache.commons.lang.NumberUtils_ESTest28 (6ms / 211):
    [junit] MAJOR: 608894 (25 / 211 / 211) -> AVG-RTPM: 554ms
    [junit] MAJOR: Mutants killed / live: 225 (10-459-39) / 771
    [junit] MAJOR: ------------------------------------------------------------
    [junit] MAJOR: 6/72 - org.apache.commons.lang.NumberUtils_ESTest3 (6ms / 3):
    [junit] MAJOR: 610650 (0 / 3 / 3) -> AVG-RTPM: 585ms
    [junit] MAJOR: Mutants killed / live: 225 (10-462-39) / 771
    [junit] MAJOR: ------------------------------------------------------------
    [junit] MAJOR: 7/72 - org.apache.commons.lang.NumberUtils_ESTest31 (6ms / 15):
    [junit] MAJOR: 618864 (15 / 15 / 15) -> AVG-RTPM: 547ms
    [junit] MAJOR: Mutants killed / live: 240 (10-477-39) / 756
    [junit] MAJOR: ------------------------------------------------------------
    [junit] MAJOR: 8/72 - org.apache.commons.lang.NumberUtils_ESTest32 (6ms / 15):
    [junit] MAJOR: 626961 (1 / 15 / 15) -> AVG-RTPM: 539ms
    [junit] MAJOR: Mutants killed / live: 241 (10-492-39) / 755
    [junit] MAJOR: ------------------------------------------------------------
    [junit] MAJOR: 9/72 - org.apache.commons.lang.NumberUtils_ESTest34 (6ms / 15):
    [junit] MAJOR: 635171 (11 / 15 / 15) -> AVG-RTPM: 547ms
    [junit] MAJOR: Mutants killed / live: 252 (10-507-39) / 744
    [junit] MAJOR: ------------------------------------------------------------
    [junit] MAJOR: 10/72 - org.apache.commons.lang.NumberUtils_ESTest36 (6ms / 16):
    [junit] MAJOR: 644033 (16 / 16 / 16) -> AVG-RTPM: 553ms
    [junit] MAJOR: Mutants killed / live: 268 (10-523-39) / 728
    [junit] MAJOR: ------------------------------------------------------------
    [junit] MAJOR: 11/72 - org.apache.commons.lang.NumberUtils_ESTest37 (6ms / 15):
    [junit] MAJOR: 652218 (15 / 15 / 15) -> AVG-RTPM: 545ms
    [junit] MAJOR: Mutants killed / live: 283 (10-538-39) / 713
    [junit] MAJOR: ------------------------------------------------------------
    [junit] MAJOR: 12/72 - org.apache.commons.lang.NumberUtils_ESTest39 (6ms / 23):
    [junit] MAJOR: 664702 (23 / 23 / 23) -> AVG-RTPM: 542ms
    [junit] MAJOR: Mutants killed / live: 306 (10-561-39) / 690
    [junit] MAJOR: ------------------------------------------------------------
    [junit] MAJOR: 13/72 - org.apache.commons.lang.NumberUtils_ESTest4 (6ms / 12):
    [junit] MAJOR: 671670 (0 / 12 / 12) -> AVG-RTPM: 580ms
    [junit] MAJOR: Mutants killed / live: 306 (10-573-39) / 690
    [junit] MAJOR: ------------------------------------------------------------
    [junit] MAJOR: 14/72 - org.apache.commons.lang.NumberUtils_ESTest40 (6ms / 9):
    [junit] MAJOR: 676910 (2 / 9 / 9) -> AVG-RTPM: 582ms
    [junit] MAJOR: Mutants killed / live: 308 (10-582-39) / 688
    [junit] MAJOR: ------------------------------------------------------------
    [junit] MAJOR: 15/72 - org.apache.commons.lang.NumberUtils_ESTest41 (6ms / 18):
    [junit] MAJOR: 687378 (4 / 18 / 18) -> AVG-RTPM: 581ms
    [junit] MAJOR: Mutants killed / live: 312 (10-600-39) / 684
    [junit] MAJOR: ------------------------------------------------------------
    [junit] MAJOR: 16/72 - org.apache.commons.lang.NumberUtils_ESTest42 (6ms / 18):
    [junit] MAJOR: 697614 (18 / 18 / 18) -> AVG-RTPM: 568ms
    [junit] MAJOR: Mutants killed / live: 330 (10-618-39) / 666
    [junit] MAJOR: ------------------------------------------------------------
    [junit] MAJOR: 17/72 - org.apache.commons.lang.NumberUtils_ESTest43 (6ms / 9):
    [junit] MAJOR: 702727 (2 / 9 / 9) -> AVG-RTPM: 568ms
    [junit] MAJOR: Mutants killed / live: 332 (10-627-39) / 664
    [junit] MAJOR: ------------------------------------------------------------
    [junit] MAJOR: 18/72 - org.apache.commons.lang.NumberUtils_ESTest44 (6ms / 23):
    [junit] MAJOR: 715928 (9 / 23 / 23) -> AVG-RTPM: 573ms
    [junit] MAJOR: Mutants killed / live: 341 (10-650-39) / 655
    [junit] MAJOR: ------------------------------------------------------------
    [junit] MAJOR: 19/72 - org.apache.commons.lang.NumberUtils_ESTest45 (6ms / 11):
    [junit] MAJOR: 722192 (11 / 11 / 11) -> AVG-RTPM: 569ms
    [junit] MAJOR: Mutants killed / live: 352 (10-661-39) / 644
    [junit] MAJOR: ------------------------------------------------------------
    [junit] MAJOR: 20/72 - org.apache.commons.lang.NumberUtils_ESTest46 (6ms / 86):
    [junit] MAJOR: 771633 (86 / 86 / 86) -> AVG-RTPM: 574ms
    [junit] MAJOR: Mutants killed / live: 438 (10-747-39) / 558
    [junit] MAJOR: ------------------------------------------------------------
    [junit] MAJOR: 21/72 - org.apache.commons.lang.NumberUtils_ESTest47 (6ms / 3):
    [junit] MAJOR: 773334 (1 / 3 / 3) -> AVG-RTPM: 567ms
    [junit] MAJOR: Mutants killed / live: 439 (10-750-39) / 557
    [junit] MAJOR: ------------------------------------------------------------
    [junit] MAJOR: 22/72 - org.apache.commons.lang.NumberUtils_ESTest48 (6ms / 155):
    [junit] MAJOR: 862460 (127 / 155 / 155) -> AVG-RTPM: 575ms
    [junit] MAJOR: Mutants killed / live: 566 (10-905-39) / 430
    [junit] MAJOR: ------------------------------------------------------------
    [junit] MAJOR: 23/72 - org.apache.commons.lang.NumberUtils_ESTest50 (6ms / 71):
    [junit] MAJOR: 902807 (1 / 71 / 71) -> AVG-RTPM: 568ms
    [junit] MAJOR: Mutants killed / live: 567 (10-976-39) / 429
    [junit] MAJOR: ------------------------------------------------------------
    [junit] MAJOR: 24/72 - org.apache.commons.lang.NumberUtils_ESTest51 (6ms / 134):
    [junit] MAJOR: 979772 (1 / 134 / 134) -> AVG-RTPM: 574ms
    [junit] MAJOR: Mutants killed / live: 568 (10-1110-39) / 428
    [junit] MAJOR: ------------------------------------------------------------
    [junit] MAJOR: 25/72 - org.apache.commons.lang.NumberUtils_ESTest54 (6ms / 192):
    [junit] MAJOR: 1089482 (113 / 192 / 192) -> AVG-RTPM: 571ms
    [junit] MAJOR: Mutants killed / live: 681 (10-1302-39) / 315
    [junit] MAJOR: ------------------------------------------------------------
    [junit] MAJOR: 26/72 - org.apache.commons.lang.NumberUtils_ESTest55 (6ms / 122):
    [junit] MAJOR: 1159515 (63 / 122 / 122) -> AVG-RTPM: 574ms
    [junit] MAJOR: Mutants killed / live: 744 (10-1424-39) / 252
    [junit] MAJOR: ------------------------------------------------------------
    [junit] MAJOR: 27/72 - org.apache.commons.lang.NumberUtils_ESTest58 (6ms / 115):
    [junit] MAJOR: 1225749 (1 / 115 / 115) -> AVG-RTPM: 575ms
    [junit] MAJOR: Mutants killed / live: 745 (10-1539-39) / 251
    [junit] MAJOR: ------------------------------------------------------------
    [junit] MAJOR: 28/72 - org.apache.commons.lang.NumberUtils_ESTest59 (6ms / 125):
    [junit] MAJOR: 1296963 (31 / 125 / 125) -> AVG-RTPM: 569ms
    [junit] MAJOR: Mutants killed / live: 776 (10-1664-39) / 220
    [junit] MAJOR: ------------------------------------------------------------
    [junit] MAJOR: 29/72 - org.apache.commons.lang.NumberUtils_ESTest63 (6ms / 175):
    [junit] MAJOR: 1397772 (8 / 175 / 175) -> AVG-RTPM: 576ms
    [junit] MAJOR: Mutants killed / live: 784 (10-1839-39) / 212
    [junit] MAJOR: ------------------------------------------------------------
    [junit] MAJOR: 30/72 - org.apache.commons.lang.NumberUtils_ESTest64 (6ms / 196):
    [junit] MAJOR: 1510229 (0 / 196 / 196) -> AVG-RTPM: 573ms
    [junit] MAJOR: Mutants killed / live: 784 (10-2035-39) / 212
    [junit] MAJOR: ------------------------------------------------------------
    [junit] MAJOR: 31/72 - org.apache.commons.lang.NumberUtils_ESTest13 (7ms / 145):
    [junit] MAJOR: 1596319 (39 / 145 / 145) -> AVG-RTPM: 593ms
    [junit] MAJOR: Mutants killed / live: 823 (10-2180-39) / 173
    [junit] MAJOR: ------------------------------------------------------------
    [junit] MAJOR: 32/72 - org.apache.commons.lang.NumberUtils_ESTest15 (7ms / 166):
    [junit] MAJOR: 1695695 (12 / 166 / 166) -> AVG-RTPM: 598ms
    [junit] MAJOR: Mutants killed / live: 835 (10-2346-39) / 161
    [junit] MAJOR: ------------------------------------------------------------
    [junit] MAJOR: 33/72 - org.apache.commons.lang.NumberUtils_ESTest18 (7ms / 177):
    [junit] MAJOR: 1798863 (20 / 177 / 177) -> AVG-RTPM: 582ms
    [junit] MAJOR: Mutants killed / live: 855 (10-2523-39) / 141
    [junit] MAJOR: ------------------------------------------------------------
    [junit] MAJOR: 34/72 - org.apache.commons.lang.NumberUtils_ESTest19 (7ms / 155):
    [junit] MAJOR: 1890353 (17 / 155 / 155) -> AVG-RTPM: 590ms
    [junit] MAJOR: Mutants killed / live: 872 (10-2678-39) / 124
    [junit] MAJOR: ------------------------------------------------------------
    [junit] MAJOR: 35/72 - org.apache.commons.lang.NumberUtils_ESTest2 (7ms / 2):
    [junit] MAJOR: 1891481 (2 / 2 / 2) -> AVG-RTPM: 563ms
    [junit] MAJOR: Mutants killed / live: 874 (10-2680-39) / 122
    [junit] MAJOR: ------------------------------------------------------------
    [junit] MAJOR: 36/72 - org.apache.commons.lang.NumberUtils_ESTest20 (7ms / 204):
    [junit] MAJOR: 2011913 (41 / 204 / 204) -> AVG-RTPM: 590ms
    [junit] MAJOR: Mutants killed / live: 915 (10-2884-39) / 81
    [junit] MAJOR: ------------------------------------------------------------
    [junit] MAJOR: 37/72 - org.apache.commons.lang.NumberUtils_ESTest21 (7ms / 206):
    [junit] MAJOR: 2132544 (2 / 206 / 206) -> AVG-RTPM: 585ms
    [junit] MAJOR: Mutants killed / live: 917 (10-3090-39) / 79
    [junit] MAJOR: ------------------------------------------------------------
    [junit] MAJOR: 38/72 - org.apache.commons.lang.NumberUtils_ESTest22 (7ms / 204):
    [junit] MAJOR: 2250634 (0 / 204 / 204) -> AVG-RTPM: 578ms
    [junit] MAJOR: Mutants killed / live: 917 (10-3294-39) / 79
    [junit] MAJOR: ------------------------------------------------------------
    [junit] MAJOR: 39/72 - org.apache.commons.lang.NumberUtils_ESTest23 (7ms / 153):
    [junit] MAJOR: 2341447 (23 / 153 / 153) -> AVG-RTPM: 593ms
    [junit] MAJOR: Mutants killed / live: 940 (10-3447-39) / 56
    [junit] MAJOR: ------------------------------------------------------------
    [junit] MAJOR: 40/72 - org.apache.commons.lang.NumberUtils_ESTest24 (7ms / 153):
    [junit] MAJOR: 2432629 (23 / 153 / 153) -> AVG-RTPM: 595ms
    [junit] MAJOR: Mutants killed / live: 963 (10-3600-39) / 33
    [junit] MAJOR: ------------------------------------------------------------
    [junit] MAJOR: 41/72 - org.apache.commons.lang.NumberUtils_ESTest29 (7ms / 179):
    [junit] MAJOR: 2539823 (0 / 179 / 179) -> AVG-RTPM: 598ms
    [junit] MAJOR: Mutants killed / live: 963 (10-3779-39) / 33
    [junit] MAJOR: ------------------------------------------------------------
    [junit] MAJOR: 42/72 - org.apache.commons.lang.NumberUtils_ESTest35 (7ms / 14):
    [junit] MAJOR: 2548266 (0 / 14 / 14) -> AVG-RTPM: 603ms
    [junit] MAJOR: Mutants killed / live: 963 (10-3793-39) / 33
    [junit] MAJOR: ------------------------------------------------------------
    [junit] MAJOR: 43/72 - org.apache.commons.lang.NumberUtils_ESTest38 (7ms / 15):
    [junit] MAJOR: 2557179 (1 / 15 / 15) -> AVG-RTPM: 594ms
    [junit] MAJOR: Mutants killed / live: 964 (10-3808-39) / 32
    [junit] MAJOR: ------------------------------------------------------------
    [junit] MAJOR: 44/72 - org.apache.commons.lang.NumberUtils_ESTest56 (7ms / 91):
    [junit] MAJOR: 2611663 (2 / 91 / 91) -> AVG-RTPM: 598ms
    [junit] MAJOR: Mutants killed / live: 966 (10-3899-39) / 30
    [junit] MAJOR: ------------------------------------------------------------
    [junit] MAJOR: 45/72 - org.apache.commons.lang.NumberUtils_ESTest6 (7ms / 104):
    [junit] MAJOR: 2673069 (2 / 104 / 104) -> AVG-RTPM: 590ms
    [junit] MAJOR: Mutants killed / live: 968 (10-4003-39) / 28
    [junit] MAJOR: ------------------------------------------------------------
    [junit] MAJOR: 46/72 - org.apache.commons.lang.NumberUtils_ESTest61 (7ms / 101):
    [junit] MAJOR: 2733573 (1 / 101 / 101) -> AVG-RTPM: 599ms
    [junit] MAJOR: Mutants killed / live: 969 (10-4104-39) / 27
    [junit] MAJOR: ------------------------------------------------------------
    [junit] MAJOR: 47/72 - org.apache.commons.lang.NumberUtils_ESTest62 (7ms / 155):
    [junit] MAJOR: 2826721 (0 / 155 / 155) -> AVG-RTPM: 600ms
    [junit] MAJOR: Mutants killed / live: 969 (10-4259-39) / 27
    [junit] MAJOR: ------------------------------------------------------------
    [junit] MAJOR: 48/72 - org.apache.commons.lang.NumberUtils_ESTest65 (7ms / 163):
    [junit] MAJOR: 2924662 (0 / 163 / 163) -> AVG-RTPM: 600ms
    [junit] MAJOR: Mutants killed / live: 969 (10-4422-39) / 27
    [junit] MAJOR: ------------------------------------------------------------
    [junit] MAJOR: 49/72 - org.apache.commons.lang.NumberUtils_ESTest7 (7ms / 30):
    [junit] MAJOR: 2942581 (0 / 30 / 30) -> AVG-RTPM: 597ms
    [junit] MAJOR: Mutants killed / live: 969 (10-4452-39) / 27
    [junit] MAJOR: ------------------------------------------------------------
    [junit] MAJOR: 50/72 - org.apache.commons.lang.NumberUtils_ESTest70 (7ms / 245):
    [junit] MAJOR: 3089556 (7 / 245 / 245) -> AVG-RTPM: 599ms
    [junit] MAJOR: Mutants killed / live: 976 (10-4697-39) / 20
    [junit] MAJOR: ------------------------------------------------------------
    [junit] MAJOR: 51/72 - org.apache.commons.lang.NumberUtils_ESTest8 (7ms / 37):
    [junit] MAJOR: 3111929 (0 / 37 / 37) -> AVG-RTPM: 604ms
    [junit] MAJOR: Mutants killed / live: 976 (10-4734-39) / 20
    [junit] MAJOR: ------------------------------------------------------------
    [junit] MAJOR: 52/72 - org.apache.commons.lang.NumberUtils_ESTest9 (7ms / 37):
    [junit] MAJOR: 3134284 (0 / 37 / 37) -> AVG-RTPM: 604ms
    [junit] MAJOR: Mutants killed / live: 976 (10-4771-39) / 20
    [junit] MAJOR: ------------------------------------------------------------
    [junit] MAJOR: 53/72 - org.apache.commons.lang.NumberUtils_ESTest12 (8ms / 78):
    [junit] MAJOR: 3181664 (7 / 78 / 78) -> AVG-RTPM: 607ms
    [junit] MAJOR: Mutants killed / live: 983 (10-4849-39) / 13
    [junit] MAJOR: ------------------------------------------------------------
    [junit] MAJOR: 54/72 - org.apache.commons.lang.NumberUtils_ESTest14 (8ms / 170):
    [junit] MAJOR: 3283869 (1 / 170 / 170) -> AVG-RTPM: 601ms
    [junit] MAJOR: Mutants killed / live: 984 (10-5019-39) / 12
    [junit] MAJOR: ------------------------------------------------------------
    [junit] MAJOR: 55/72 - org.apache.commons.lang.NumberUtils_ESTest17 (8ms / 130):
    [junit] MAJOR: 3362390 (0 / 130 / 130) -> AVG-RTPM: 604ms
    [junit] MAJOR: Mutants killed / live: 984 (10-5149-39) / 12
    [junit] MAJOR: ------------------------------------------------------------
    [junit] MAJOR: 56/72 - org.apache.commons.lang.NumberUtils_ESTest66 (8ms / 170):
    [junit] MAJOR: 3465986 (0 / 170 / 170) -> AVG-RTPM: 609ms
    [junit] MAJOR: Mutants killed / live: 984 (10-5319-39) / 12
    [junit] MAJOR: ------------------------------------------------------------
    [junit] MAJOR: 57/72 - org.apache.commons.lang.NumberUtils_ESTest67 (8ms / 177):
    [junit] MAJOR: 3573279 (0 / 177 / 177) -> AVG-RTPM: 606ms
    [junit] MAJOR: Mutants killed / live: 984 (10-5496-39) / 12
    [junit] MAJOR: ------------------------------------------------------------
    [junit] MAJOR: 58/72 - org.apache.commons.lang.NumberUtils_ESTest68 (8ms / 198):
    [junit] MAJOR: 3693855 (0 / 198 / 198) -> AVG-RTPM: 608ms
    [junit] MAJOR: Mutants killed / live: 984 (10-5694-39) / 12
    [junit] MAJOR: ------------------------------------------------------------
    [junit] MAJOR: 59/72 - org.apache.commons.lang.NumberUtils_ESTest71 (8ms / 232):
    [junit] MAJOR: 3834448 (0 / 232 / 232) -> AVG-RTPM: 606ms
    [junit] MAJOR: Mutants killed / live: 984 (10-5926-39) / 12
    [junit] MAJOR: ------------------------------------------------------------
    [junit] MAJOR: 60/72 - org.apache.commons.lang.NumberUtils_ESTest1 (9ms / 0):
    [junit] MAJOR: 3834448 (0 / 0 / 0) -> AVG-RTPM: 0ms
    [junit] MAJOR: Mutants killed / live: 984 (10-5926-39) / 12
    [junit] MAJOR: ------------------------------------------------------------
    [junit] MAJOR: 61/72 - org.apache.commons.lang.NumberUtils_ESTest10 (10ms / 139):
    [junit] MAJOR: 3919144 (0 / 139 / 139) -> AVG-RTPM: 609ms
    [junit] MAJOR: Mutants killed / live: 984 (10-6065-39) / 12
    [junit] MAJOR: ------------------------------------------------------------
    [junit] MAJOR: 62/72 - org.apache.commons.lang.NumberUtils_ESTest11 (10ms / 170):
    [junit] MAJOR: 4022013 (6 / 170 / 170) -> AVG-RTPM: 605ms
    [junit] MAJOR: Mutants killed / live: 990 (10-6235-39) / 6
    [junit] MAJOR: ------------------------------------------------------------
    [junit] MAJOR: 63/72 - org.apache.commons.lang.NumberUtils_ESTest60 (10ms / 295):
    [junit] MAJOR: 4202051 (4 / 295 / 295) -> AVG-RTPM: 610ms
    [junit] MAJOR: Mutants killed / live: 994 (10-6530-39) / 2
    [junit] MAJOR: ------------------------------------------------------------
    [junit] MAJOR: 64/72 - org.apache.commons.lang.NumberUtils_ESTest69 (12ms / 205):
    [junit] MAJOR: 4326825 (0 / 205 / 205) -> AVG-RTPM: 608ms
    [junit] MAJOR: Mutants killed / live: 994 (10-6735-39) / 2
    [junit] MAJOR: ------------------------------------------------------------
    [junit] MAJOR: 65/72 - org.apache.commons.lang.NumberUtils_ESTest26 (13ms / 140):
    [junit] MAJOR: 4412555 (0 / 140 / 140) -> AVG-RTPM: 612ms
    [junit] MAJOR: Mutants killed / live: 994 (10-6875-39) / 2
    [junit] MAJOR: ------------------------------------------------------------
    [junit] MAJOR: 66/72 - org.apache.commons.lang.NumberUtils_ESTest0 (14ms / 176):
    [junit] MAJOR: 4520643 (0 / 176 / 176) -> AVG-RTPM: 614ms
    [junit] MAJOR: Mutants killed / live: 994 (10-7051-39) / 2
    [junit] MAJOR: ------------------------------------------------------------
    [junit] MAJOR: 67/72 - org.apache.commons.lang.NumberUtils_ESTest52 (15ms / 134):
    [junit] MAJOR: 4603078 (0 / 134 / 134) -> AVG-RTPM: 615ms
    [junit] MAJOR: Mutants killed / live: 994 (10-7185-39) / 2
    [junit] MAJOR: ------------------------------------------------------------
    [junit] MAJOR: 68/72 - org.apache.commons.lang.NumberUtils_ESTest53 (18ms / 148):
    [junit] MAJOR: 4694294 (0 / 148 / 148) -> AVG-RTPM: 616ms
    [junit] MAJOR: Mutants killed / live: 994 (10-7333-39) / 2
    [junit] MAJOR: ------------------------------------------------------------
    [junit] MAJOR: 69/72 - org.apache.commons.lang.NumberUtils_ESTest30 (19ms / 170):
    [junit] MAJOR: 4799415 (0 / 170 / 170) -> AVG-RTPM: 618ms
    [junit] MAJOR: Mutants killed / live: 994 (10-7503-39) / 2
    [junit] MAJOR: ------------------------------------------------------------
    [junit] MAJOR: 70/72 - org.apache.commons.lang.NumberUtils_ESTest49 (19ms / 148):
    [junit] MAJOR: 4890162 (1 / 148 / 148) -> AVG-RTPM: 613ms
    [junit] MAJOR: Mutants killed / live: 995 (10-7651-39) / 1
    [junit] MAJOR: ------------------------------------------------------------
    [junit] MAJOR: 71/72 - org.apache.commons.lang.NumberUtils_ESTest57 (27ms / 113):
    [junit] MAJOR: 4959837 (1 / 113 / 113) -> AVG-RTPM: 616ms
    [junit] MAJOR: Mutants killed / live: 996 (10-7764-39) / 0
    [junit] MAJOR: ------------------------------------------------------------
    [junit] MAJOR: 72/72 - org.apache.commons.lang.NumberUtils_ESTest5 (31ms / 30):
    [junit] MAJOR: 4978418 (0 / 30 / 30) -> AVG-RTPM: 619ms
    [junit] MAJOR: Mutants killed / live: 996 (10-7794-39) / 0
    [junit] MAJOR: ------------------------------------------------------------
    [junit] MAJOR: Summary:
    [junit] MAJOR: 
    [junit] MAJOR: Analysis time:  4978.4 seconds
    [junit] MAJOR: Mutation score: 97.46% (100.00%)
    [junit] MAJOR: Mutants killed / live: 996 (10-7794-39) / 0
    [junit] MAJOR: Mutant executions: 8071
    [junit] MAJOR: ------------------------------------------------------------
    [junit] MAJOR: Export summary of results (to summary.csv)
    [junit] MAJOR: Export mutant kill details (to /tmp/run_mutation.pl_29556_1483632408/44f/kill.csv)
    [junit] MAJOR: Export kill map (to killMap.csv)!

BUILD SUCCESSFUL
Total time: 83 minutes 18 seconds
