
init:
     [echo] -------- commons-lang 3.0-SNAPSHOT --------

prepare:

static:

compile:
    [javac] /tmp/run_mutation.pl_33798_1501418815/44f/build.xml:65: warning: 'includeantruntime' was not set, defaulting to build.sysclasspath=last; set to false for repeatable builds

compile.tests:
    [javac] /tmp/run_mutation.pl_33798_1501418815/44f/build.xml:73: warning: 'includeantruntime' was not set, defaulting to build.sysclasspath=last; set to false for repeatable builds
    [javac] Compiling 157 source files to /tmp/run_mutation.pl_33798_1501418815/44f/target/tests
    [javac] warning: [options] bootstrap class path not set in conjunction with -source 1.3
    [javac] /tmp/run_mutation.pl_33798_1501418815/44f/src/test/org/apache/commons/lang/AllLangTestSuite.java:64: warning: as of release 5, 'enum' is a keyword, and may not be used as an identifier
    [javac]         suite.addTest(org.apache.commons.lang.enum.EnumTestSuite.suite());
    [javac]                                               ^
    [javac]   (use -source 5 or higher to use 'enum' as a keyword)
    [javac] /tmp/run_mutation.pl_33798_1501418815/44f/src/test/org/apache/commons/lang/enum/Broken1Enum.java:17: warning: as of release 5, 'enum' is a keyword, and may not be used as an identifier
    [javac] package org.apache.commons.lang.enum;
    [javac]                                 ^
    [javac]   (use -source 5 or higher to use 'enum' as a keyword)
    [javac] /tmp/run_mutation.pl_33798_1501418815/44f/src/test/org/apache/commons/lang/enum/Broken1OperationEnum.java:17: warning: as of release 5, 'enum' is a keyword, and may not be used as an identifier
    [javac] package org.apache.commons.lang.enum;
    [javac]                                 ^
    [javac]   (use -source 5 or higher to use 'enum' as a keyword)
    [javac] /tmp/run_mutation.pl_33798_1501418815/44f/src/test/org/apache/commons/lang/enum/Broken2Enum.java:17: warning: as of release 5, 'enum' is a keyword, and may not be used as an identifier
    [javac] package org.apache.commons.lang.enum;
    [javac]                                 ^
    [javac]   (use -source 5 or higher to use 'enum' as a keyword)
    [javac] /tmp/run_mutation.pl_33798_1501418815/44f/src/test/org/apache/commons/lang/enum/Broken2OperationEnum.java:17: warning: as of release 5, 'enum' is a keyword, and may not be used as an identifier
    [javac] package org.apache.commons.lang.enum;
    [javac]                                 ^
    [javac]   (use -source 5 or higher to use 'enum' as a keyword)
    [javac] /tmp/run_mutation.pl_33798_1501418815/44f/src/test/org/apache/commons/lang/enum/Broken3Enum.java:17: warning: as of release 5, 'enum' is a keyword, and may not be used as an identifier
    [javac] package org.apache.commons.lang.enum;
    [javac]                                 ^
    [javac]   (use -source 5 or higher to use 'enum' as a keyword)
    [javac] /tmp/run_mutation.pl_33798_1501418815/44f/src/test/org/apache/commons/lang/enum/Broken3OperationEnum.java:17: warning: as of release 5, 'enum' is a keyword, and may not be used as an identifier
    [javac] package org.apache.commons.lang.enum;
    [javac]                                 ^
    [javac]   (use -source 5 or higher to use 'enum' as a keyword)
    [javac] /tmp/run_mutation.pl_33798_1501418815/44f/src/test/org/apache/commons/lang/enum/Broken4OperationEnum.java:17: warning: as of release 5, 'enum' is a keyword, and may not be used as an identifier
    [javac] package org.apache.commons.lang.enum;
    [javac]                                 ^
    [javac]   (use -source 5 or higher to use 'enum' as a keyword)
    [javac] /tmp/run_mutation.pl_33798_1501418815/44f/src/test/org/apache/commons/lang/enum/Broken5OperationEnum.java:17: warning: as of release 5, 'enum' is a keyword, and may not be used as an identifier
    [javac] package org.apache.commons.lang.enum;
    [javac]                                 ^
    [javac]   (use -source 5 or higher to use 'enum' as a keyword)
    [javac] /tmp/run_mutation.pl_33798_1501418815/44f/src/test/org/apache/commons/lang/enum/ColorEnum.java:17: warning: as of release 5, 'enum' is a keyword, and may not be used as an identifier
    [javac] package org.apache.commons.lang.enum;
    [javac]                                 ^
    [javac]   (use -source 5 or higher to use 'enum' as a keyword)
    [javac] /tmp/run_mutation.pl_33798_1501418815/44f/src/test/org/apache/commons/lang/enum/DummyEnum.java:17: warning: as of release 5, 'enum' is a keyword, and may not be used as an identifier
    [javac] package org.apache.commons.lang.enum;
    [javac]                                 ^
    [javac]   (use -source 5 or higher to use 'enum' as a keyword)
    [javac] /tmp/run_mutation.pl_33798_1501418815/44f/src/test/org/apache/commons/lang/enum/EnumTest.java:18: warning: as of release 5, 'enum' is a keyword, and may not be used as an identifier
    [javac] package org.apache.commons.lang.enum;
    [javac]                                 ^
    [javac]   (use -source 5 or higher to use 'enum' as a keyword)
    [javac] /tmp/run_mutation.pl_33798_1501418815/44f/src/test/org/apache/commons/lang/enum/EnumTestSuite.java:17: warning: as of release 5, 'enum' is a keyword, and may not be used as an identifier
    [javac] package org.apache.commons.lang.enum;
    [javac]                                 ^
    [javac]   (use -source 5 or higher to use 'enum' as a keyword)
    [javac] /tmp/run_mutation.pl_33798_1501418815/44f/src/test/org/apache/commons/lang/enum/EnumUtilsTest.java:17: warning: as of release 5, 'enum' is a keyword, and may not be used as an identifier
    [javac] package org.apache.commons.lang.enum;
    [javac]                                 ^
    [javac]   (use -source 5 or higher to use 'enum' as a keyword)
    [javac] /tmp/run_mutation.pl_33798_1501418815/44f/src/test/org/apache/commons/lang/enum/Extended1Enum.java:19: warning: as of release 5, 'enum' is a keyword, and may not be used as an identifier
    [javac] package org.apache.commons.lang.enum;
    [javac]                                 ^
    [javac]   (use -source 5 or higher to use 'enum' as a keyword)
    [javac] /tmp/run_mutation.pl_33798_1501418815/44f/src/test/org/apache/commons/lang/enum/Extended2Enum.java:19: warning: as of release 5, 'enum' is a keyword, and may not be used as an identifier
    [javac] package org.apache.commons.lang.enum;
    [javac]                                 ^
    [javac]   (use -source 5 or higher to use 'enum' as a keyword)
    [javac] /tmp/run_mutation.pl_33798_1501418815/44f/src/test/org/apache/commons/lang/enum/Extended3Enum.java:19: warning: as of release 5, 'enum' is a keyword, and may not be used as an identifier
    [javac] package org.apache.commons.lang.enum;
    [javac]                                 ^
    [javac]   (use -source 5 or higher to use 'enum' as a keyword)
    [javac] /tmp/run_mutation.pl_33798_1501418815/44f/src/test/org/apache/commons/lang/enum/Nest.java:17: warning: as of release 5, 'enum' is a keyword, and may not be used as an identifier
    [javac] package org.apache.commons.lang.enum;
    [javac]                                 ^
    [javac]   (use -source 5 or higher to use 'enum' as a keyword)
    [javac] /tmp/run_mutation.pl_33798_1501418815/44f/src/test/org/apache/commons/lang/enum/NestBroken.java:17: warning: as of release 5, 'enum' is a keyword, and may not be used as an identifier
    [javac] package org.apache.commons.lang.enum;
    [javac]                                 ^
    [javac]   (use -source 5 or higher to use 'enum' as a keyword)
    [javac] /tmp/run_mutation.pl_33798_1501418815/44f/src/test/org/apache/commons/lang/enum/NestLinked.java:17: warning: as of release 5, 'enum' is a keyword, and may not be used as an identifier
    [javac] package org.apache.commons.lang.enum;
    [javac]                                 ^
    [javac]   (use -source 5 or higher to use 'enum' as a keyword)
    [javac] /tmp/run_mutation.pl_33798_1501418815/44f/src/test/org/apache/commons/lang/enum/NestReferenced.java:17: warning: as of release 5, 'enum' is a keyword, and may not be used as an identifier
    [javac] package org.apache.commons.lang.enum;
    [javac]                                 ^
    [javac]   (use -source 5 or higher to use 'enum' as a keyword)
    [javac] /tmp/run_mutation.pl_33798_1501418815/44f/src/test/org/apache/commons/lang/enum/OperationEnum.java:17: warning: as of release 5, 'enum' is a keyword, and may not be used as an identifier
    [javac] package org.apache.commons.lang.enum;
    [javac]                                 ^
    [javac]   (use -source 5 or higher to use 'enum' as a keyword)
    [javac] /tmp/run_mutation.pl_33798_1501418815/44f/src/test/org/apache/commons/lang/enum/ValuedColorEnum.java:17: warning: as of release 5, 'enum' is a keyword, and may not be used as an identifier
    [javac] package org.apache.commons.lang.enum;
    [javac]                                 ^
    [javac]   (use -source 5 or higher to use 'enum' as a keyword)
    [javac] /tmp/run_mutation.pl_33798_1501418815/44f/src/test/org/apache/commons/lang/enum/ValuedEnumTest.java:17: warning: as of release 5, 'enum' is a keyword, and may not be used as an identifier
    [javac] package org.apache.commons.lang.enum;
    [javac]                                 ^
    [javac]   (use -source 5 or higher to use 'enum' as a keyword)
    [javac] Note: Some input files use or override a deprecated API.
    [javac] Note: Recompile with -Xlint:deprecation for details.
    [javac] 25 warnings
     [copy] Copying 10 files to /tmp/run_mutation.pl_33798_1501418815/44f/target/tests

update.all.tests:

mutation.test:
     [echo] Running mutation analysis ...
    [junit] MAJOR: Mutation analysis enabled
SLF4J: Failed to load class "org.slf4j.impl.StaticLoggerBinder".
SLF4J: Defaulting to no-operation (NOP) logger implementation
SLF4J: See http://www.slf4j.org/codes.html#StaticLoggerBinder for further details.
    [junit] MAJOR: ------------------------------------------------------------
    [junit] MAJOR: Run 71 ordered tests to verify independence
    [junit] MAJOR: ------------------------------------------------------------
    [junit] MAJOR: Preprocessing time: 22.05 seconds
    [junit] MAJOR: ------------------------------------------------------------
    [junit] MAJOR: Mutants generated: 1022
    [junit] MAJOR: Mutants covered:   973 (95.21%)
    [junit] MAJOR: ------------------------------------------------------------
    [junit] MAJOR: Export test map to (testMap.csv)
    [junit] MAJOR: Export coverage map to (covMap.csv)
    [junit] MAJOR: Exclude 0 mutants
    [junit] MAJOR: ------------------------------------------------------------
    [junit] MAJOR: Run mutation analysis with 71 individual tests
    [junit] MAJOR: ------------------------------------------------------------
    [junit] MAJOR: 1/71 - org.apache.commons.lang.NumberUtils_ESTest57 (6ms / 135):
    [junit] MAJOR: 80610 (21 / 135 / 135) -> AVG-RTPM: 597ms
    [junit] MAJOR: Mutants killed / live: 21 (17-4-0) / 952
    [junit] MAJOR: ------------------------------------------------------------
    [junit] MAJOR: 2/71 - org.apache.commons.lang.NumberUtils_ESTest6 (6ms / 30):
    [junit] MAJOR: 115309 (17 / 30 / 30) -> AVG-RTPM: 1156ms
    [junit] MAJOR: Mutants killed / live: 38 (17-20-1) / 935
    [junit] MAJOR: ------------------------------------------------------------
    [junit] MAJOR: 3/71 - org.apache.commons.lang.NumberUtils_ESTest28 (7ms / 14):
    [junit] MAJOR: 133763 (9 / 14 / 14) -> AVG-RTPM: 1318ms
    [junit] MAJOR: Mutants killed / live: 47 (23-22-2) / 926
    [junit] MAJOR: ------------------------------------------------------------
    [junit] MAJOR: 4/71 - org.apache.commons.lang.NumberUtils_ESTest29 (7ms / 15):
    [junit] MAJOR: 153470 (3 / 15 / 15) -> AVG-RTPM: 1313ms
    [junit] MAJOR: Mutants killed / live: 50 (32-22-2) / 923
    [junit] MAJOR: ------------------------------------------------------------
    [junit] MAJOR: 5/71 - org.apache.commons.lang.NumberUtils_ESTest34 (7ms / 15):
    [junit] MAJOR: 176309 (5 / 15 / 15) -> AVG-RTPM: 1522ms
    [junit] MAJOR: Mutants killed / live: 55 (37-22-2) / 918
    [junit] MAJOR: ------------------------------------------------------------
    [junit] MAJOR: 6/71 - org.apache.commons.lang.NumberUtils_ESTest35 (7ms / 14):
    [junit] MAJOR: 197491 (12 / 14 / 14) -> AVG-RTPM: 1513ms
    [junit] MAJOR: Mutants killed / live: 67 (43-22-8) / 906
    [junit] MAJOR: ------------------------------------------------------------
    [junit] MAJOR: 7/71 - org.apache.commons.lang.NumberUtils_ESTest36 (7ms / 15):
    [junit] MAJOR: 224354 (1 / 15 / 15) -> AVG-RTPM: 1790ms
    [junit] MAJOR: Mutants killed / live: 68 (52-22-8) / 905
    [junit] MAJOR: ------------------------------------------------------------
    [junit] MAJOR: 8/71 - org.apache.commons.lang.NumberUtils_ESTest37 (7ms / 16):
    [junit] MAJOR: 252143 (3 / 16 / 16) -> AVG-RTPM: 1736ms
    [junit] MAJOR: Mutants killed / live: 71 (54-31-9) / 902
    [junit] MAJOR: ------------------------------------------------------------
    [junit] MAJOR: 9/71 - org.apache.commons.lang.NumberUtils_ESTest38 (7ms / 23):
    [junit] MAJOR: 287881 (16 / 23 / 23) -> AVG-RTPM: 1553ms
    [junit] MAJOR: Mutants killed / live: 87 (68-32-10) / 886
    [junit] MAJOR: ------------------------------------------------------------
    [junit] MAJOR: 10/71 - org.apache.commons.lang.NumberUtils_ESTest46 (7ms / 148):
    [junit] MAJOR: 580715 (106 / 148 / 148) -> AVG-RTPM: 1978ms
    [junit] MAJOR: Mutants killed / live: 193 (69-99-57) / 780
    [junit] MAJOR: ------------------------------------------------------------
    [junit] MAJOR: 11/71 - org.apache.commons.lang.NumberUtils_ESTest47 (7ms / 3):
    [junit] MAJOR: 587051 (3 / 3 / 3) -> AVG-RTPM: 2112ms
    [junit] MAJOR: Mutants killed / live: 196 (69-100-59) / 777
    [junit] MAJOR: ------------------------------------------------------------
    [junit] MAJOR: 12/71 - org.apache.commons.lang.NumberUtils_ESTest48 (7ms / 134):
    [junit] MAJOR: 1075833 (17 / 134 / 134) -> AVG-RTPM: 3647ms
    [junit] MAJOR: Mutants killed / live: 213 (70-173-94) / 760
    [junit] MAJOR: ------------------------------------------------------------
    [junit] MAJOR: 13/71 - org.apache.commons.lang.NumberUtils_ESTest49 (7ms / 192):
    [junit] MAJOR: 1515808 (162 / 192 / 192) -> AVG-RTPM: 2291ms
    [junit] MAJOR: Mutants killed / live: 375 (70-333-127) / 598
    [junit] MAJOR: ------------------------------------------------------------
    [junit] MAJOR: 14/71 - org.apache.commons.lang.NumberUtils_ESTest5 (7ms / 104):
    [junit] MAJOR: 1667803 (88 / 104 / 104) -> AVG-RTPM: 1461ms
    [junit] MAJOR: Mutants killed / live: 463 (70-437-127) / 510
    [junit] MAJOR: ------------------------------------------------------------
    [junit] MAJOR: 15/71 - org.apache.commons.lang.NumberUtils_ESTest50 (7ms / 71):
    [junit] MAJOR: 1760383 (5 / 71 / 71) -> AVG-RTPM: 1303ms
    [junit] MAJOR: Mutants killed / live: 468 (70-508-127) / 505
    [junit] MAJOR: ------------------------------------------------------------
    [junit] MAJOR: 16/71 - org.apache.commons.lang.NumberUtils_ESTest53 (7ms / 86):
    [junit] MAJOR: 1844351 (8 / 86 / 86) -> AVG-RTPM: 976ms
    [junit] MAJOR: Mutants killed / live: 476 (70-594-127) / 497
    [junit] MAJOR: ------------------------------------------------------------
    [junit] MAJOR: 17/71 - org.apache.commons.lang.NumberUtils_ESTest55 (7ms / 91):
    [junit] MAJOR: 1933908 (31 / 91 / 91) -> AVG-RTPM: 984ms
    [junit] MAJOR: Mutants killed / live: 507 (70-685-127) / 466
    [junit] MAJOR: ------------------------------------------------------------
    [junit] MAJOR: 18/71 - org.apache.commons.lang.NumberUtils_ESTest56 (7ms / 106):
    [junit] MAJOR: 2037748 (26 / 106 / 106) -> AVG-RTPM: 979ms
    [junit] MAJOR: Mutants killed / live: 533 (70-791-127) / 440
    [junit] MAJOR: ------------------------------------------------------------
    [junit] MAJOR: 19/71 - org.apache.commons.lang.NumberUtils_ESTest58 (7ms / 118):
    [junit] MAJOR: 2156718 (24 / 118 / 118) -> AVG-RTPM: 1008ms
    [junit] MAJOR: Mutants killed / live: 557 (70-909-127) / 416
    [junit] MAJOR: ------------------------------------------------------------
    [junit] MAJOR: 20/71 - org.apache.commons.lang.NumberUtils_ESTest59 (7ms / 125):
    [junit] MAJOR: 2283688 (7 / 125 / 125) -> AVG-RTPM: 1015ms
    [junit] MAJOR: Mutants killed / live: 564 (70-1034-127) / 409
    [junit] MAJOR: ------------------------------------------------------------
    [junit] MAJOR: 21/71 - org.apache.commons.lang.NumberUtils_ESTest67 (7ms / 177):
    [junit] MAJOR: 2463577 (7 / 177 / 177) -> AVG-RTPM: 1016ms
    [junit] MAJOR: Mutants killed / live: 571 (70-1211-127) / 402
    [junit] MAJOR: ------------------------------------------------------------
    [junit] MAJOR: 22/71 - org.apache.commons.lang.NumberUtils_ESTest69 (7ms / 205):
    [junit] MAJOR: 2677668 (7 / 205 / 205) -> AVG-RTPM: 1044ms
    [junit] MAJOR: Mutants killed / live: 578 (70-1416-127) / 395
    [junit] MAJOR: ------------------------------------------------------------
    [junit] MAJOR: 23/71 - org.apache.commons.lang.NumberUtils_ESTest7 (7ms / 37):
    [junit] MAJOR: 2717570 (0 / 37 / 37) -> AVG-RTPM: 1078ms
    [junit] MAJOR: Mutants killed / live: 578 (70-1453-127) / 395
    [junit] MAJOR: ------------------------------------------------------------
    [junit] MAJOR: 24/71 - org.apache.commons.lang.NumberUtils_ESTest12 (8ms / 177):
    [junit] MAJOR: 2915340 (104 / 177 / 177) -> AVG-RTPM: 1117ms
    [junit] MAJOR: Mutants killed / live: 682 (70-1630-127) / 291
    [junit] MAJOR: ------------------------------------------------------------
    [junit] MAJOR: 25/71 - org.apache.commons.lang.NumberUtils_ESTest16 (8ms / 176):
    [junit] MAJOR: 3119467 (46 / 176 / 176) -> AVG-RTPM: 1159ms
    [junit] MAJOR: Mutants killed / live: 728 (70-1806-127) / 245
    [junit] MAJOR: ------------------------------------------------------------
    [junit] MAJOR: 26/71 - org.apache.commons.lang.NumberUtils_ESTest23 (8ms / 153):
    [junit] MAJOR: 3295020 (0 / 153 / 153) -> AVG-RTPM: 1147ms
    [junit] MAJOR: Mutants killed / live: 728 (70-1959-127) / 245
    [junit] MAJOR: ------------------------------------------------------------
    [junit] MAJOR: 27/71 - org.apache.commons.lang.NumberUtils_ESTest25 (8ms / 117):
    [junit] MAJOR: 3432896 (13 / 117 / 117) -> AVG-RTPM: 1178ms
    [junit] MAJOR: Mutants killed / live: 741 (70-2076-127) / 232
    [junit] MAJOR: ------------------------------------------------------------
    [junit] MAJOR: 28/71 - org.apache.commons.lang.NumberUtils_ESTest26 (8ms / 156):
    [junit] MAJOR: 3613824 (13 / 156 / 156) -> AVG-RTPM: 1159ms
    [junit] MAJOR: Mutants killed / live: 754 (70-2232-127) / 219
    [junit] MAJOR: ------------------------------------------------------------
    [junit] MAJOR: 29/71 - org.apache.commons.lang.NumberUtils_ESTest3 (8ms / 12):
    [junit] MAJOR: 3628204 (0 / 12 / 12) -> AVG-RTPM: 1198ms
    [junit] MAJOR: Mutants killed / live: 754 (70-2244-127) / 219
    [junit] MAJOR: ------------------------------------------------------------
    [junit] MAJOR: 30/71 - org.apache.commons.lang.NumberUtils_ESTest30 (8ms / 16):

BUILD FAILED
/home/to_donghwan/defects4j/framework/projects/defects4j.build.xml:185: Parallel execution timed out

Total time: 61 minutes 6 seconds
