
init:
     [echo] -------- commons-lang 3.0-SNAPSHOT --------

prepare:

static:

compile:
    [javac] /tmp/run_mutation.pl_39414_1501422509/45f/build.xml:65: warning: 'includeantruntime' was not set, defaulting to build.sysclasspath=last; set to false for repeatable builds

compile.tests:
    [javac] /tmp/run_mutation.pl_39414_1501422509/45f/build.xml:73: warning: 'includeantruntime' was not set, defaulting to build.sysclasspath=last; set to false for repeatable builds
    [javac] Compiling 157 source files to /tmp/run_mutation.pl_39414_1501422509/45f/target/tests
    [javac] warning: [options] bootstrap class path not set in conjunction with -source 1.3
    [javac] /tmp/run_mutation.pl_39414_1501422509/45f/src/test/org/apache/commons/lang/AllLangTestSuite.java:64: warning: as of release 5, 'enum' is a keyword, and may not be used as an identifier
    [javac]         suite.addTest(org.apache.commons.lang.enum.EnumTestSuite.suite());
    [javac]                                               ^
    [javac]   (use -source 5 or higher to use 'enum' as a keyword)
    [javac] /tmp/run_mutation.pl_39414_1501422509/45f/src/test/org/apache/commons/lang/enum/Broken1Enum.java:17: warning: as of release 5, 'enum' is a keyword, and may not be used as an identifier
    [javac] package org.apache.commons.lang.enum;
    [javac]                                 ^
    [javac]   (use -source 5 or higher to use 'enum' as a keyword)
    [javac] /tmp/run_mutation.pl_39414_1501422509/45f/src/test/org/apache/commons/lang/enum/Broken1OperationEnum.java:17: warning: as of release 5, 'enum' is a keyword, and may not be used as an identifier
    [javac] package org.apache.commons.lang.enum;
    [javac]                                 ^
    [javac]   (use -source 5 or higher to use 'enum' as a keyword)
    [javac] /tmp/run_mutation.pl_39414_1501422509/45f/src/test/org/apache/commons/lang/enum/Broken2Enum.java:17: warning: as of release 5, 'enum' is a keyword, and may not be used as an identifier
    [javac] package org.apache.commons.lang.enum;
    [javac]                                 ^
    [javac]   (use -source 5 or higher to use 'enum' as a keyword)
    [javac] /tmp/run_mutation.pl_39414_1501422509/45f/src/test/org/apache/commons/lang/enum/Broken2OperationEnum.java:17: warning: as of release 5, 'enum' is a keyword, and may not be used as an identifier
    [javac] package org.apache.commons.lang.enum;
    [javac]                                 ^
    [javac]   (use -source 5 or higher to use 'enum' as a keyword)
    [javac] /tmp/run_mutation.pl_39414_1501422509/45f/src/test/org/apache/commons/lang/enum/Broken3Enum.java:17: warning: as of release 5, 'enum' is a keyword, and may not be used as an identifier
    [javac] package org.apache.commons.lang.enum;
    [javac]                                 ^
    [javac]   (use -source 5 or higher to use 'enum' as a keyword)
    [javac] /tmp/run_mutation.pl_39414_1501422509/45f/src/test/org/apache/commons/lang/enum/Broken3OperationEnum.java:17: warning: as of release 5, 'enum' is a keyword, and may not be used as an identifier
    [javac] package org.apache.commons.lang.enum;
    [javac]                                 ^
    [javac]   (use -source 5 or higher to use 'enum' as a keyword)
    [javac] /tmp/run_mutation.pl_39414_1501422509/45f/src/test/org/apache/commons/lang/enum/Broken4OperationEnum.java:17: warning: as of release 5, 'enum' is a keyword, and may not be used as an identifier
    [javac] package org.apache.commons.lang.enum;
    [javac]                                 ^
    [javac]   (use -source 5 or higher to use 'enum' as a keyword)
    [javac] /tmp/run_mutation.pl_39414_1501422509/45f/src/test/org/apache/commons/lang/enum/Broken5OperationEnum.java:17: warning: as of release 5, 'enum' is a keyword, and may not be used as an identifier
    [javac] package org.apache.commons.lang.enum;
    [javac]                                 ^
    [javac]   (use -source 5 or higher to use 'enum' as a keyword)
    [javac] /tmp/run_mutation.pl_39414_1501422509/45f/src/test/org/apache/commons/lang/enum/ColorEnum.java:17: warning: as of release 5, 'enum' is a keyword, and may not be used as an identifier
    [javac] package org.apache.commons.lang.enum;
    [javac]                                 ^
    [javac]   (use -source 5 or higher to use 'enum' as a keyword)
    [javac] /tmp/run_mutation.pl_39414_1501422509/45f/src/test/org/apache/commons/lang/enum/DummyEnum.java:17: warning: as of release 5, 'enum' is a keyword, and may not be used as an identifier
    [javac] package org.apache.commons.lang.enum;
    [javac]                                 ^
    [javac]   (use -source 5 or higher to use 'enum' as a keyword)
    [javac] /tmp/run_mutation.pl_39414_1501422509/45f/src/test/org/apache/commons/lang/enum/EnumTest.java:18: warning: as of release 5, 'enum' is a keyword, and may not be used as an identifier
    [javac] package org.apache.commons.lang.enum;
    [javac]                                 ^
    [javac]   (use -source 5 or higher to use 'enum' as a keyword)
    [javac] /tmp/run_mutation.pl_39414_1501422509/45f/src/test/org/apache/commons/lang/enum/EnumTestSuite.java:17: warning: as of release 5, 'enum' is a keyword, and may not be used as an identifier
    [javac] package org.apache.commons.lang.enum;
    [javac]                                 ^
    [javac]   (use -source 5 or higher to use 'enum' as a keyword)
    [javac] /tmp/run_mutation.pl_39414_1501422509/45f/src/test/org/apache/commons/lang/enum/EnumUtilsTest.java:17: warning: as of release 5, 'enum' is a keyword, and may not be used as an identifier
    [javac] package org.apache.commons.lang.enum;
    [javac]                                 ^
    [javac]   (use -source 5 or higher to use 'enum' as a keyword)
    [javac] /tmp/run_mutation.pl_39414_1501422509/45f/src/test/org/apache/commons/lang/enum/Extended1Enum.java:19: warning: as of release 5, 'enum' is a keyword, and may not be used as an identifier
    [javac] package org.apache.commons.lang.enum;
    [javac]                                 ^
    [javac]   (use -source 5 or higher to use 'enum' as a keyword)
    [javac] /tmp/run_mutation.pl_39414_1501422509/45f/src/test/org/apache/commons/lang/enum/Extended2Enum.java:19: warning: as of release 5, 'enum' is a keyword, and may not be used as an identifier
    [javac] package org.apache.commons.lang.enum;
    [javac]                                 ^
    [javac]   (use -source 5 or higher to use 'enum' as a keyword)
    [javac] /tmp/run_mutation.pl_39414_1501422509/45f/src/test/org/apache/commons/lang/enum/Extended3Enum.java:19: warning: as of release 5, 'enum' is a keyword, and may not be used as an identifier
    [javac] package org.apache.commons.lang.enum;
    [javac]                                 ^
    [javac]   (use -source 5 or higher to use 'enum' as a keyword)
    [javac] /tmp/run_mutation.pl_39414_1501422509/45f/src/test/org/apache/commons/lang/enum/Nest.java:17: warning: as of release 5, 'enum' is a keyword, and may not be used as an identifier
    [javac] package org.apache.commons.lang.enum;
    [javac]                                 ^
    [javac]   (use -source 5 or higher to use 'enum' as a keyword)
    [javac] /tmp/run_mutation.pl_39414_1501422509/45f/src/test/org/apache/commons/lang/enum/NestBroken.java:17: warning: as of release 5, 'enum' is a keyword, and may not be used as an identifier
    [javac] package org.apache.commons.lang.enum;
    [javac]                                 ^
    [javac]   (use -source 5 or higher to use 'enum' as a keyword)
    [javac] /tmp/run_mutation.pl_39414_1501422509/45f/src/test/org/apache/commons/lang/enum/NestLinked.java:17: warning: as of release 5, 'enum' is a keyword, and may not be used as an identifier
    [javac] package org.apache.commons.lang.enum;
    [javac]                                 ^
    [javac]   (use -source 5 or higher to use 'enum' as a keyword)
    [javac] /tmp/run_mutation.pl_39414_1501422509/45f/src/test/org/apache/commons/lang/enum/NestReferenced.java:17: warning: as of release 5, 'enum' is a keyword, and may not be used as an identifier
    [javac] package org.apache.commons.lang.enum;
    [javac]                                 ^
    [javac]   (use -source 5 or higher to use 'enum' as a keyword)
    [javac] /tmp/run_mutation.pl_39414_1501422509/45f/src/test/org/apache/commons/lang/enum/OperationEnum.java:17: warning: as of release 5, 'enum' is a keyword, and may not be used as an identifier
    [javac] package org.apache.commons.lang.enum;
    [javac]                                 ^
    [javac]   (use -source 5 or higher to use 'enum' as a keyword)
    [javac] /tmp/run_mutation.pl_39414_1501422509/45f/src/test/org/apache/commons/lang/enum/ValuedColorEnum.java:17: warning: as of release 5, 'enum' is a keyword, and may not be used as an identifier
    [javac] package org.apache.commons.lang.enum;
    [javac]                                 ^
    [javac]   (use -source 5 or higher to use 'enum' as a keyword)
    [javac] /tmp/run_mutation.pl_39414_1501422509/45f/src/test/org/apache/commons/lang/enum/ValuedEnumTest.java:17: warning: as of release 5, 'enum' is a keyword, and may not be used as an identifier
    [javac] package org.apache.commons.lang.enum;
    [javac]                                 ^
    [javac]   (use -source 5 or higher to use 'enum' as a keyword)
    [javac] Note: Some input files use or override a deprecated API.
    [javac] Note: Recompile with -Xlint:deprecation for details.
    [javac] 25 warnings
     [copy] Copying 10 files to /tmp/run_mutation.pl_39414_1501422509/45f/target/tests

update.all.tests:

mutation.test:
     [echo] Running mutation analysis ...
    [junit] MAJOR: Mutation analysis enabled
SLF4J: Failed to load class "org.slf4j.impl.StaticLoggerBinder".
SLF4J: Defaulting to no-operation (NOP) logger implementation
SLF4J: See http://www.slf4j.org/codes.html#StaticLoggerBinder for further details.
    [junit] MAJOR: ------------------------------------------------------------
    [junit] MAJOR: Run 31 ordered tests to verify independence
    [junit] MAJOR: ------------------------------------------------------------
    [junit] MAJOR: Preprocessing time: 8.74 seconds
    [junit] MAJOR: ------------------------------------------------------------
    [junit] MAJOR: Mutants generated: 490
    [junit] MAJOR: Mutants covered:   489 (99.80%)
    [junit] MAJOR: ------------------------------------------------------------
    [junit] MAJOR: Export test map to (testMap.csv)
    [junit] MAJOR: Export coverage map to (covMap.csv)
    [junit] MAJOR: Exclude 0 mutants
    [junit] MAJOR: ------------------------------------------------------------
    [junit] MAJOR: Run mutation analysis with 31 individual tests
    [junit] MAJOR: ------------------------------------------------------------
    [junit] MAJOR: 1/31 - org.apache.commons.lang.WordUtils_ESTest27 (7ms / 62):
    [junit] MAJOR: 12236 (19 / 62 / 62) -> AVG-RTPM: 197ms
    [junit] MAJOR: Mutants killed / live: 19 (12-7-0) / 470
    [junit] MAJOR: ------------------------------------------------------------
    [junit] MAJOR: 2/31 - org.apache.commons.lang.WordUtils_ESTest28 (7ms / 62):
    [junit] MAJOR: 38525 (14 / 62 / 62) -> AVG-RTPM: 424ms
    [junit] MAJOR: Mutants killed / live: 33 (33-7-0) / 456
    [junit] MAJOR: ------------------------------------------------------------
    [junit] MAJOR: 3/31 - org.apache.commons.lang.WordUtils_ESTest19 (8ms / 10):
    [junit] MAJOR: 44317 (7 / 10 / 10) -> AVG-RTPM: 579ms
    [junit] MAJOR: Mutants killed / live: 40 (33-14-0) / 449
    [junit] MAJOR: ------------------------------------------------------------
    [junit] MAJOR: 4/31 - org.apache.commons.lang.WordUtils_ESTest23 (8ms / 12):
    [junit] MAJOR: 52805 (0 / 12 / 12) -> AVG-RTPM: 707ms
    [junit] MAJOR: Mutants killed / live: 40 (35-14-0) / 449
    [junit] MAJOR: ------------------------------------------------------------
    [junit] MAJOR: 5/31 - org.apache.commons.lang.WordUtils_ESTest24 (8ms / 3):
    [junit] MAJOR: 54715 (1 / 3 / 3) -> AVG-RTPM: 636ms
    [junit] MAJOR: Mutants killed / live: 41 (35-16-0) / 448
    [junit] MAJOR: ------------------------------------------------------------
    [junit] MAJOR: 6/31 - org.apache.commons.lang.WordUtils_ESTest14 (9ms / 29):
    [junit] MAJOR: 73815 (0 / 29 / 29) -> AVG-RTPM: 658ms
    [junit] MAJOR: Mutants killed / live: 41 (35-16-0) / 448
    [junit] MAJOR: ------------------------------------------------------------
    [junit] MAJOR: 7/31 - org.apache.commons.lang.WordUtils_ESTest16 (9ms / 6):
    [junit] MAJOR: 79709 (4 / 6 / 6) -> AVG-RTPM: 982ms
    [junit] MAJOR: Mutants killed / live: 45 (35-19-1) / 444
    [junit] MAJOR: ------------------------------------------------------------
    [junit] MAJOR: 8/31 - org.apache.commons.lang.WordUtils_ESTest18 (9ms / 43):
    [junit] MAJOR: 86058 (39 / 43 / 43) -> AVG-RTPM: 147ms
    [junit] MAJOR: Mutants killed / live: 84 (35-63-1) / 405
    [junit] MAJOR: ------------------------------------------------------------
    [junit] MAJOR: 9/31 - org.apache.commons.lang.WordUtils_ESTest2 (9ms / 19):
    [junit] MAJOR: 88185 (12 / 19 / 19) -> AVG-RTPM: 111ms
    [junit] MAJOR: Mutants killed / live: 96 (35-82-1) / 393
    [junit] MAJOR: ------------------------------------------------------------
    [junit] MAJOR: 10/31 - org.apache.commons.lang.WordUtils_ESTest25 (9ms / 69):
    [junit] MAJOR: 97707 (42 / 69 / 69) -> AVG-RTPM: 137ms
    [junit] MAJOR: Mutants killed / live: 138 (35-151-1) / 351
    [junit] MAJOR: ------------------------------------------------------------
    [junit] MAJOR: 11/31 - org.apache.commons.lang.WordUtils_ESTest5 (9ms / 76):
    [junit] MAJOR: 109072 (76 / 76 / 76) -> AVG-RTPM: 149ms
    [junit] MAJOR: Mutants killed / live: 214 (35-227-1) / 275
    [junit] MAJOR: ------------------------------------------------------------
    [junit] MAJOR: 12/31 - org.apache.commons.lang.WordUtils_ESTest13 (10ms / 22):
    [junit] MAJOR: 112396 (22 / 22 / 22) -> AVG-RTPM: 151ms
    [junit] MAJOR: Mutants killed / live: 236 (35-249-1) / 253
    [junit] MAJOR: ------------------------------------------------------------
    [junit] MAJOR: 13/31 - org.apache.commons.lang.WordUtils_ESTest9 (10ms / 31):
    [junit] MAJOR: 116668 (31 / 31 / 31) -> AVG-RTPM: 137ms
    [junit] MAJOR: Mutants killed / live: 267 (35-280-1) / 222
    [junit] MAJOR: ------------------------------------------------------------
    [junit] MAJOR: 14/31 - org.apache.commons.lang.WordUtils_ESTest11 (11ms / 20):
    [junit] MAJOR: 119593 (20 / 20 / 20) -> AVG-RTPM: 146ms
    [junit] MAJOR: Mutants killed / live: 287 (35-300-1) / 202
    [junit] MAJOR: ------------------------------------------------------------
    [junit] MAJOR: 15/31 - org.apache.commons.lang.WordUtils_ESTest17 (11ms / 14):
    [junit] MAJOR: 121491 (0 / 14 / 14) -> AVG-RTPM: 135ms
    [junit] MAJOR: Mutants killed / live: 287 (35-314-1) / 202
    [junit] MAJOR: ------------------------------------------------------------
    [junit] MAJOR: 16/31 - org.apache.commons.lang.WordUtils_ESTest15 (12ms / 58):
    [junit] MAJOR: 129530 (36 / 58 / 58) -> AVG-RTPM: 138ms
    [junit] MAJOR: Mutants killed / live: 323 (35-372-1) / 166
    [junit] MAJOR: ------------------------------------------------------------
    [junit] MAJOR: 17/31 - org.apache.commons.lang.WordUtils_ESTest20 (12ms / 91):
    [junit] MAJOR: 142465 (69 / 91 / 91) -> AVG-RTPM: 142ms
    [junit] MAJOR: Mutants killed / live: 392 (35-463-1) / 97
    [junit] MAJOR: ------------------------------------------------------------
    [junit] MAJOR: 18/31 - org.apache.commons.lang.WordUtils_ESTest21 (12ms / 65):
    [junit] MAJOR: 151382 (0 / 65 / 65) -> AVG-RTPM: 137ms
    [junit] MAJOR: Mutants killed / live: 392 (35-528-1) / 97
    [junit] MAJOR: ------------------------------------------------------------
    [junit] MAJOR: 19/31 - org.apache.commons.lang.WordUtils_ESTest26 (12ms / 70):
    [junit] MAJOR: 161531 (5 / 70 / 70) -> AVG-RTPM: 144ms
    [junit] MAJOR: Mutants killed / live: 397 (35-598-1) / 92
    [junit] MAJOR: ------------------------------------------------------------
    [junit] MAJOR: 20/31 - org.apache.commons.lang.WordUtils_ESTest4 (12ms / 63):
    [junit] MAJOR: 171326 (10 / 63 / 63) -> AVG-RTPM: 155ms
    [junit] MAJOR: Mutants killed / live: 407 (35-661-1) / 82
    [junit] MAJOR: ------------------------------------------------------------
    [junit] MAJOR: 21/31 - org.apache.commons.lang.WordUtils_ESTest3 (14ms / 3):
    [junit] MAJOR: 171739 (0 / 3 / 3) -> AVG-RTPM: 137ms
    [junit] MAJOR: Mutants killed / live: 407 (35-664-1) / 82
    [junit] MAJOR: ------------------------------------------------------------
    [junit] MAJOR: 22/31 - org.apache.commons.lang.WordUtils_ESTest22 (16ms / 88):
    [junit] MAJOR: 184582 (3 / 88 / 88) -> AVG-RTPM: 145ms
    [junit] MAJOR: Mutants killed / live: 410 (35-752-1) / 79
    [junit] MAJOR: ------------------------------------------------------------
    [junit] MAJOR: 23/31 - org.apache.commons.lang.WordUtils_ESTest30 (16ms / 70):
    [junit] MAJOR: 194072 (4 / 70 / 70) -> AVG-RTPM: 135ms
    [junit] MAJOR: Mutants killed / live: 414 (35-822-1) / 75
    [junit] MAJOR: ------------------------------------------------------------
    [junit] MAJOR: 24/31 - org.apache.commons.lang.WordUtils_ESTest6 (23ms / 65):
    [junit] MAJOR: 203834 (7 / 65 / 65) -> AVG-RTPM: 150ms
    [junit] MAJOR: Mutants killed / live: 421 (35-887-1) / 68
    [junit] MAJOR: ------------------------------------------------------------
    [junit] MAJOR: 25/31 - org.apache.commons.lang.WordUtils_ESTest8 (24ms / 20):
    [junit] MAJOR: 206642 (0 / 20 / 20) -> AVG-RTPM: 140ms
    [junit] MAJOR: Mutants killed / live: 421 (35-907-1) / 68
    [junit] MAJOR: ------------------------------------------------------------
    [junit] MAJOR: 26/31 - org.apache.commons.lang.WordUtils_ESTest0 (30ms / 0):
    [junit] MAJOR: 206642 (0 / 0 / 0) -> AVG-RTPM: 0ms
    [junit] MAJOR: Mutants killed / live: 421 (35-907-1) / 68
    [junit] MAJOR: ------------------------------------------------------------
    [junit] MAJOR: 27/31 - org.apache.commons.lang.WordUtils_ESTest1 (33ms / 31):
    [junit] MAJOR: 210767 (11 / 31 / 31) -> AVG-RTPM: 133ms
    [junit] MAJOR: Mutants killed / live: 432 (35-938-1) / 57
    [junit] MAJOR: ------------------------------------------------------------
    [junit] MAJOR: 28/31 - org.apache.commons.lang.WordUtils_ESTest7 (35ms / 83):
    [junit] MAJOR: 222121 (9 / 83 / 83) -> AVG-RTPM: 136ms
    [junit] MAJOR: Mutants killed / live: 441 (35-1021-1) / 48
    [junit] MAJOR: ------------------------------------------------------------
    [junit] MAJOR: 29/31 - org.apache.commons.lang.WordUtils_ESTest29 (42ms / 69):
    [junit] MAJOR: 232120 (1 / 69 / 69) -> AVG-RTPM: 144ms
    [junit] MAJOR: Mutants killed / live: 442 (35-1090-1) / 47
    [junit] MAJOR: ------------------------------------------------------------
    [junit] MAJOR: 30/31 - org.apache.commons.lang.WordUtils_ESTest10 (47ms / 119):
    [junit] MAJOR: 249601 (40 / 119 / 119) -> AVG-RTPM: 146ms
    [junit] MAJOR: Mutants killed / live: 482 (35-1209-1) / 7
    [junit] MAJOR: ------------------------------------------------------------
    [junit] MAJOR: 31/31 - org.apache.commons.lang.WordUtils_ESTest12 (89ms / 76):
    [junit] MAJOR: 260076 (6 / 76 / 76) -> AVG-RTPM: 137ms
    [junit] MAJOR: Mutants killed / live: 488 (35-1285-1) / 1
    [junit] MAJOR: ------------------------------------------------------------
    [junit] MAJOR: Summary:
    [junit] MAJOR: 
    [junit] MAJOR: Analysis time:  260.1 seconds
    [junit] MAJOR: Mutation score: 99.59% (99.80%)
    [junit] MAJOR: Mutants killed / live: 488 (35-1285-1) / 1
    [junit] MAJOR: Mutant executions: 1449
    [junit] MAJOR: ------------------------------------------------------------
    [junit] MAJOR: Export summary of results (to summary.csv)
    [junit] MAJOR: Export mutant kill details (to /tmp/run_mutation.pl_39414_1501422509/45f/kill.csv)
    [junit] MAJOR: Export kill map (to killMap.csv)!

BUILD SUCCESSFUL
Total time: 4 minutes 37 seconds
