
init:
     [echo] -------- commons-lang 3.0-SNAPSHOT --------

prepare:

static:

compile:
    [javac] /tmp/run_mutation.pl_35272_1483632838/46f/build.xml:65: warning: 'includeantruntime' was not set, defaulting to build.sysclasspath=last; set to false for repeatable builds

compile.tests:
    [javac] /tmp/run_mutation.pl_35272_1483632838/46f/build.xml:73: warning: 'includeantruntime' was not set, defaulting to build.sysclasspath=last; set to false for repeatable builds
    [javac] Compiling 144 source files to /tmp/run_mutation.pl_35272_1483632838/46f/target/tests
    [javac] warning: [options] bootstrap class path not set in conjunction with -source 1.3
    [javac] /tmp/run_mutation.pl_35272_1483632838/46f/src/test/org/apache/commons/lang/AllLangTestSuite.java:63: warning: as of release 5, 'enum' is a keyword, and may not be used as an identifier
    [javac]         suite.addTest(org.apache.commons.lang.enum.EnumTestSuite.suite());
    [javac]                                               ^
    [javac]   (use -source 5 or higher to use 'enum' as a keyword)
    [javac] /tmp/run_mutation.pl_35272_1483632838/46f/src/test/org/apache/commons/lang/enum/Broken1Enum.java:17: warning: as of release 5, 'enum' is a keyword, and may not be used as an identifier
    [javac] package org.apache.commons.lang.enum;
    [javac]                                 ^
    [javac]   (use -source 5 or higher to use 'enum' as a keyword)
    [javac] /tmp/run_mutation.pl_35272_1483632838/46f/src/test/org/apache/commons/lang/enum/Broken1OperationEnum.java:17: warning: as of release 5, 'enum' is a keyword, and may not be used as an identifier
    [javac] package org.apache.commons.lang.enum;
    [javac]                                 ^
    [javac]   (use -source 5 or higher to use 'enum' as a keyword)
    [javac] /tmp/run_mutation.pl_35272_1483632838/46f/src/test/org/apache/commons/lang/enum/Broken2Enum.java:17: warning: as of release 5, 'enum' is a keyword, and may not be used as an identifier
    [javac] package org.apache.commons.lang.enum;
    [javac]                                 ^
    [javac]   (use -source 5 or higher to use 'enum' as a keyword)
    [javac] /tmp/run_mutation.pl_35272_1483632838/46f/src/test/org/apache/commons/lang/enum/Broken2OperationEnum.java:17: warning: as of release 5, 'enum' is a keyword, and may not be used as an identifier
    [javac] package org.apache.commons.lang.enum;
    [javac]                                 ^
    [javac]   (use -source 5 or higher to use 'enum' as a keyword)
    [javac] /tmp/run_mutation.pl_35272_1483632838/46f/src/test/org/apache/commons/lang/enum/Broken3Enum.java:17: warning: as of release 5, 'enum' is a keyword, and may not be used as an identifier
    [javac] package org.apache.commons.lang.enum;
    [javac]                                 ^
    [javac]   (use -source 5 or higher to use 'enum' as a keyword)
    [javac] /tmp/run_mutation.pl_35272_1483632838/46f/src/test/org/apache/commons/lang/enum/Broken3OperationEnum.java:17: warning: as of release 5, 'enum' is a keyword, and may not be used as an identifier
    [javac] package org.apache.commons.lang.enum;
    [javac]                                 ^
    [javac]   (use -source 5 or higher to use 'enum' as a keyword)
    [javac] /tmp/run_mutation.pl_35272_1483632838/46f/src/test/org/apache/commons/lang/enum/Broken4OperationEnum.java:17: warning: as of release 5, 'enum' is a keyword, and may not be used as an identifier
    [javac] package org.apache.commons.lang.enum;
    [javac]                                 ^
    [javac]   (use -source 5 or higher to use 'enum' as a keyword)
    [javac] /tmp/run_mutation.pl_35272_1483632838/46f/src/test/org/apache/commons/lang/enum/Broken5OperationEnum.java:17: warning: as of release 5, 'enum' is a keyword, and may not be used as an identifier
    [javac] package org.apache.commons.lang.enum;
    [javac]                                 ^
    [javac]   (use -source 5 or higher to use 'enum' as a keyword)
    [javac] /tmp/run_mutation.pl_35272_1483632838/46f/src/test/org/apache/commons/lang/enum/ColorEnum.java:17: warning: as of release 5, 'enum' is a keyword, and may not be used as an identifier
    [javac] package org.apache.commons.lang.enum;
    [javac]                                 ^
    [javac]   (use -source 5 or higher to use 'enum' as a keyword)
    [javac] /tmp/run_mutation.pl_35272_1483632838/46f/src/test/org/apache/commons/lang/enum/DummyEnum.java:17: warning: as of release 5, 'enum' is a keyword, and may not be used as an identifier
    [javac] package org.apache.commons.lang.enum;
    [javac]                                 ^
    [javac]   (use -source 5 or higher to use 'enum' as a keyword)
    [javac] /tmp/run_mutation.pl_35272_1483632838/46f/src/test/org/apache/commons/lang/enum/EnumTest.java:18: warning: as of release 5, 'enum' is a keyword, and may not be used as an identifier
    [javac] package org.apache.commons.lang.enum;
    [javac]                                 ^
    [javac]   (use -source 5 or higher to use 'enum' as a keyword)
    [javac] /tmp/run_mutation.pl_35272_1483632838/46f/src/test/org/apache/commons/lang/enum/EnumTestSuite.java:17: warning: as of release 5, 'enum' is a keyword, and may not be used as an identifier
    [javac] package org.apache.commons.lang.enum;
    [javac]                                 ^
    [javac]   (use -source 5 or higher to use 'enum' as a keyword)
    [javac] /tmp/run_mutation.pl_35272_1483632838/46f/src/test/org/apache/commons/lang/enum/EnumUtilsTest.java:17: warning: as of release 5, 'enum' is a keyword, and may not be used as an identifier
    [javac] package org.apache.commons.lang.enum;
    [javac]                                 ^
    [javac]   (use -source 5 or higher to use 'enum' as a keyword)
    [javac] /tmp/run_mutation.pl_35272_1483632838/46f/src/test/org/apache/commons/lang/enum/Extended1Enum.java:19: warning: as of release 5, 'enum' is a keyword, and may not be used as an identifier
    [javac] package org.apache.commons.lang.enum;
    [javac]                                 ^
    [javac]   (use -source 5 or higher to use 'enum' as a keyword)
    [javac] /tmp/run_mutation.pl_35272_1483632838/46f/src/test/org/apache/commons/lang/enum/Extended2Enum.java:19: warning: as of release 5, 'enum' is a keyword, and may not be used as an identifier
    [javac] package org.apache.commons.lang.enum;
    [javac]                                 ^
    [javac]   (use -source 5 or higher to use 'enum' as a keyword)
    [javac] /tmp/run_mutation.pl_35272_1483632838/46f/src/test/org/apache/commons/lang/enum/Extended3Enum.java:19: warning: as of release 5, 'enum' is a keyword, and may not be used as an identifier
    [javac] package org.apache.commons.lang.enum;
    [javac]                                 ^
    [javac]   (use -source 5 or higher to use 'enum' as a keyword)
    [javac] /tmp/run_mutation.pl_35272_1483632838/46f/src/test/org/apache/commons/lang/enum/Nest.java:17: warning: as of release 5, 'enum' is a keyword, and may not be used as an identifier
    [javac] package org.apache.commons.lang.enum;
    [javac]                                 ^
    [javac]   (use -source 5 or higher to use 'enum' as a keyword)
    [javac] /tmp/run_mutation.pl_35272_1483632838/46f/src/test/org/apache/commons/lang/enum/NestBroken.java:17: warning: as of release 5, 'enum' is a keyword, and may not be used as an identifier
    [javac] package org.apache.commons.lang.enum;
    [javac]                                 ^
    [javac]   (use -source 5 or higher to use 'enum' as a keyword)
    [javac] /tmp/run_mutation.pl_35272_1483632838/46f/src/test/org/apache/commons/lang/enum/NestLinked.java:17: warning: as of release 5, 'enum' is a keyword, and may not be used as an identifier
    [javac] package org.apache.commons.lang.enum;
    [javac]                                 ^
    [javac]   (use -source 5 or higher to use 'enum' as a keyword)
    [javac] /tmp/run_mutation.pl_35272_1483632838/46f/src/test/org/apache/commons/lang/enum/NestReferenced.java:17: warning: as of release 5, 'enum' is a keyword, and may not be used as an identifier
    [javac] package org.apache.commons.lang.enum;
    [javac]                                 ^
    [javac]   (use -source 5 or higher to use 'enum' as a keyword)
    [javac] /tmp/run_mutation.pl_35272_1483632838/46f/src/test/org/apache/commons/lang/enum/OperationEnum.java:17: warning: as of release 5, 'enum' is a keyword, and may not be used as an identifier
    [javac] package org.apache.commons.lang.enum;
    [javac]                                 ^
    [javac]   (use -source 5 or higher to use 'enum' as a keyword)
    [javac] /tmp/run_mutation.pl_35272_1483632838/46f/src/test/org/apache/commons/lang/enum/ValuedColorEnum.java:17: warning: as of release 5, 'enum' is a keyword, and may not be used as an identifier
    [javac] package org.apache.commons.lang.enum;
    [javac]                                 ^
    [javac]   (use -source 5 or higher to use 'enum' as a keyword)
    [javac] /tmp/run_mutation.pl_35272_1483632838/46f/src/test/org/apache/commons/lang/enum/ValuedEnumTest.java:17: warning: as of release 5, 'enum' is a keyword, and may not be used as an identifier
    [javac] package org.apache.commons.lang.enum;
    [javac]                                 ^
    [javac]   (use -source 5 or higher to use 'enum' as a keyword)
    [javac] Note: Some input files use or override a deprecated API.
    [javac] Note: Recompile with -Xlint:deprecation for details.
    [javac] 25 warnings
     [copy] Copying 10 files to /tmp/run_mutation.pl_35272_1483632838/46f/target/tests

update.all.tests:

mutation.test:
     [echo] Running mutation analysis ...
    [junit] MAJOR: Mutation analysis enabled
SLF4J: Failed to load class "org.slf4j.impl.StaticLoggerBinder".
SLF4J: Defaulting to no-operation (NOP) logger implementation
SLF4J: See http://www.slf4j.org/codes.html#StaticLoggerBinder for further details.
    [junit] MAJOR: ------------------------------------------------------------
    [junit] MAJOR: Run 46 ordered tests to verify independence
    [junit] MAJOR: ------------------------------------------------------------
    [junit] MAJOR: Preprocessing time: 8.94 seconds
    [junit] MAJOR: ------------------------------------------------------------
    [junit] MAJOR: Mutants generated: 333
    [junit] MAJOR: Mutants covered:   276 (82.88%)
    [junit] MAJOR: ------------------------------------------------------------
    [junit] MAJOR: Export test map to (testMap.csv)
    [junit] MAJOR: Export coverage map to (covMap.csv)
    [junit] MAJOR: Exclude 0 mutants
    [junit] MAJOR: ------------------------------------------------------------
    [junit] MAJOR: Run mutation analysis with 46 individual tests
    [junit] MAJOR: ------------------------------------------------------------
    [junit] MAJOR: 1/46 - org.apache.commons.lang.StringEscapeUtils_ESTest29 (6ms / 3):
    [junit] MAJOR: 456 (2 / 3 / 3) -> AVG-RTPM: 152ms
    [junit] MAJOR: Mutants killed / live: 2 (0-2-0) / 274
    [junit] MAJOR: ------------------------------------------------------------
    [junit] MAJOR: 2/46 - org.apache.commons.lang.StringEscapeUtils_ESTest31 (6ms / 3):
    [junit] MAJOR: 978 (2 / 3 / 3) -> AVG-RTPM: 174ms
    [junit] MAJOR: Mutants killed / live: 4 (0-4-0) / 272
    [junit] MAJOR: ------------------------------------------------------------
    [junit] MAJOR: 3/46 - org.apache.commons.lang.StringEscapeUtils_ESTest32 (6ms / 7):
    [junit] MAJOR: 2247 (4 / 7 / 7) -> AVG-RTPM: 181ms
    [junit] MAJOR: Mutants killed / live: 8 (3-6-0) / 268
    [junit] MAJOR: ------------------------------------------------------------
    [junit] MAJOR: 4/46 - org.apache.commons.lang.StringEscapeUtils_ESTest33 (6ms / 3):
    [junit] MAJOR: 2746 (2 / 3 / 3) -> AVG-RTPM: 166ms
    [junit] MAJOR: Mutants killed / live: 10 (5-6-0) / 266
    [junit] MAJOR: ------------------------------------------------------------
    [junit] MAJOR: 5/46 - org.apache.commons.lang.StringEscapeUtils_ESTest35 (6ms / 3):
    [junit] MAJOR: 3181 (2 / 3 / 3) -> AVG-RTPM: 145ms
    [junit] MAJOR: Mutants killed / live: 12 (7-6-0) / 264
    [junit] MAJOR: ------------------------------------------------------------
    [junit] MAJOR: 6/46 - org.apache.commons.lang.StringEscapeUtils_ESTest4 (6ms / 9):
    [junit] MAJOR: 5017 (4 / 9 / 9) -> AVG-RTPM: 204ms
    [junit] MAJOR: Mutants killed / live: 16 (7-10-0) / 260
    [junit] MAJOR: ------------------------------------------------------------
    [junit] MAJOR: 7/46 - org.apache.commons.lang.StringEscapeUtils_ESTest41 (6ms / 33):
    [junit] MAJOR: 14021 (9 / 33 / 33) -> AVG-RTPM: 272ms
    [junit] MAJOR: Mutants killed / live: 25 (15-11-0) / 251
    [junit] MAJOR: ------------------------------------------------------------
    [junit] MAJOR: 8/46 - org.apache.commons.lang.StringEscapeUtils_ESTest43 (6ms / 3):
    [junit] MAJOR: 15058 (1 / 3 / 3) -> AVG-RTPM: 345ms
    [junit] MAJOR: Mutants killed / live: 26 (15-13-0) / 250
    [junit] MAJOR: ------------------------------------------------------------
    [junit] MAJOR: 9/46 - org.apache.commons.lang.StringEscapeUtils_ESTest45 (6ms / 42):
    [junit] MAJOR: 32856 (5 / 42 / 42) -> AVG-RTPM: 423ms
    [junit] MAJOR: Mutants killed / live: 31 (18-19-0) / 245
    [junit] MAJOR: ------------------------------------------------------------
    [junit] MAJOR: 10/46 - org.apache.commons.lang.StringEscapeUtils_ESTest6 (6ms / 66):
    [junit] MAJOR: 77378 (40 / 66 / 66) -> AVG-RTPM: 674ms
    [junit] MAJOR: Mutants killed / live: 71 (55-25-0) / 205
    [junit] MAJOR: ------------------------------------------------------------
    [junit] MAJOR: 11/46 - org.apache.commons.lang.StringEscapeUtils_ESTest2 (7ms / 5):
    [junit] MAJOR: 81319 (1 / 5 / 5) -> AVG-RTPM: 788ms
    [junit] MAJOR: Mutants killed / live: 72 (55-27-0) / 204
    [junit] MAJOR: ------------------------------------------------------------
    [junit] MAJOR: 12/46 - org.apache.commons.lang.StringEscapeUtils_ESTest20 (7ms / 6):
    [junit] MAJOR: 87185 (4 / 6 / 6) -> AVG-RTPM: 977ms
    [junit] MAJOR: Mutants killed / live: 76 (55-31-0) / 200
    [junit] MAJOR: ------------------------------------------------------------
    [junit] MAJOR: 13/46 - org.apache.commons.lang.StringEscapeUtils_ESTest21 (7ms / 17):
    [junit] MAJOR: 102941 (9 / 17 / 17) -> AVG-RTPM: 926ms
    [junit] MAJOR: Mutants killed / live: 85 (61-34-0) / 191
    [junit] MAJOR: ------------------------------------------------------------
    [junit] MAJOR: 14/46 - org.apache.commons.lang.StringEscapeUtils_ESTest22 (7ms / 3):
    [junit] MAJOR: 105917 (1 / 3 / 3) -> AVG-RTPM: 992ms
    [junit] MAJOR: Mutants killed / live: 86 (61-36-0) / 190
    [junit] MAJOR: ------------------------------------------------------------
    [junit] MAJOR: 15/46 - org.apache.commons.lang.StringEscapeUtils_ESTest23 (7ms / 3):
    [junit] MAJOR: 108994 (1 / 3 / 3) -> AVG-RTPM: 1025ms
    [junit] MAJOR: Mutants killed / live: 87 (61-38-0) / 189
    [junit] MAJOR: ------------------------------------------------------------
    [junit] MAJOR: 16/46 - org.apache.commons.lang.StringEscapeUtils_ESTest24 (7ms / 6):
    [junit] MAJOR: 115681 (1 / 6 / 6) -> AVG-RTPM: 1114ms
    [junit] MAJOR: Mutants killed / live: 88 (61-42-0) / 188
    [junit] MAJOR: ------------------------------------------------------------
    [junit] MAJOR: 17/46 - org.apache.commons.lang.StringEscapeUtils_ESTest28 (7ms / 3):
    [junit] MAJOR: 119392 (1 / 3 / 3) -> AVG-RTPM: 1237ms
    [junit] MAJOR: Mutants killed / live: 89 (63-42-0) / 187
    [junit] MAJOR: ------------------------------------------------------------
    [junit] MAJOR: 18/46 - org.apache.commons.lang.StringEscapeUtils_ESTest3 (7ms / 6):
    [junit] MAJOR: 127119 (2 / 6 / 6) -> AVG-RTPM: 1287ms
    [junit] MAJOR: Mutants killed / live: 91 (64-44-0) / 185
    [junit] MAJOR: ------------------------------------------------------------
    [junit] MAJOR: 19/46 - org.apache.commons.lang.StringEscapeUtils_ESTest34 (7ms / 3):
    [junit] MAJOR: 131154 (1 / 3 / 3) -> AVG-RTPM: 1345ms
    [junit] MAJOR: Mutants killed / live: 92 (64-46-0) / 184
    [junit] MAJOR: ------------------------------------------------------------
    [junit] MAJOR: 20/46 - org.apache.commons.lang.StringEscapeUtils_ESTest36 (7ms / 3):
    [junit] MAJOR: 135189 (0 / 3 / 3) -> AVG-RTPM: 1344ms
    [junit] MAJOR: Mutants killed / live: 92 (64-46-0) / 184
    [junit] MAJOR: ------------------------------------------------------------
    [junit] MAJOR: 21/46 - org.apache.commons.lang.StringEscapeUtils_ESTest37 (7ms / 25):
    [junit] MAJOR: 170741 (21 / 25 / 25) -> AVG-RTPM: 1422ms
    [junit] MAJOR: Mutants killed / live: 113 (82-49-0) / 163
    [junit] MAJOR: ------------------------------------------------------------
    [junit] MAJOR: 22/46 - org.apache.commons.lang.StringEscapeUtils_ESTest40 (7ms / 5):
    [junit] MAJOR: 178676 (3 / 5 / 5) -> AVG-RTPM: 1587ms
    [junit] MAJOR: Mutants killed / live: 116 (82-51-1) / 160
    [junit] MAJOR: ------------------------------------------------------------
    [junit] MAJOR: 23/46 - org.apache.commons.lang.StringEscapeUtils_ESTest42 (7ms / 3):
    [junit] MAJOR: 183469 (1 / 3 / 3) -> AVG-RTPM: 1597ms
    [junit] MAJOR: Mutants killed / live: 117 (84-51-1) / 159
    [junit] MAJOR: ------------------------------------------------------------
    [junit] MAJOR: 24/46 - org.apache.commons.lang.StringEscapeUtils_ESTest44 (7ms / 17):
    [junit] MAJOR: 198061 (10 / 17 / 17) -> AVG-RTPM: 858ms
    [junit] MAJOR: Mutants killed / live: 127 (85-64-3) / 149
    [junit] MAJOR: ------------------------------------------------------------
    [junit] MAJOR: 25/46 - org.apache.commons.lang.StringEscapeUtils_ESTest5 (7ms / 65):
    [junit] MAJOR: 213305 (22 / 65 / 65) -> AVG-RTPM: 234ms
    [junit] MAJOR: Mutants killed / live: 149 (85-129-3) / 127
    [junit] MAJOR: ------------------------------------------------------------
    [junit] MAJOR: 26/46 - org.apache.commons.lang.StringEscapeUtils_ESTest7 (7ms / 58):
    [junit] MAJOR: 227484 (6 / 58 / 58) -> AVG-RTPM: 244ms
    [junit] MAJOR: Mutants killed / live: 155 (85-187-3) / 121
    [junit] MAJOR: ------------------------------------------------------------
    [junit] MAJOR: 27/46 - org.apache.commons.lang.StringEscapeUtils_ESTest8 (7ms / 67):
    [junit] MAJOR: 243091 (6 / 67 / 67) -> AVG-RTPM: 232ms
    [junit] MAJOR: Mutants killed / live: 161 (85-254-3) / 115
    [junit] MAJOR: ------------------------------------------------------------
    [junit] MAJOR: 28/46 - org.apache.commons.lang.StringEscapeUtils_ESTest1 (8ms / 0):
    [junit] MAJOR: 243091 (0 / 0 / 0) -> AVG-RTPM: 0ms
    [junit] MAJOR: Mutants killed / live: 161 (85-254-3) / 115
    [junit] MAJOR: ------------------------------------------------------------
    [junit] MAJOR: 29/46 - org.apache.commons.lang.StringEscapeUtils_ESTest13 (8ms / 3):
    [junit] MAJOR: 243772 (3 / 3 / 3) -> AVG-RTPM: 227ms
    [junit] MAJOR: Mutants killed / live: 164 (85-257-3) / 112
    [junit] MAJOR: ------------------------------------------------------------
    [junit] MAJOR: 30/46 - org.apache.commons.lang.StringEscapeUtils_ESTest14 (8ms / 6):
    [junit] MAJOR: 245157 (3 / 6 / 6) -> AVG-RTPM: 230ms
    [junit] MAJOR: Mutants killed / live: 167 (85-263-3) / 109
    [junit] MAJOR: ------------------------------------------------------------
    [junit] MAJOR: 31/46 - org.apache.commons.lang.StringEscapeUtils_ESTest16 (8ms / 42):
    [junit] MAJOR: 255017 (36 / 42 / 42) -> AVG-RTPM: 234ms
    [junit] MAJOR: Mutants killed / live: 203 (85-305-3) / 73
    [junit] MAJOR: ------------------------------------------------------------
    [junit] MAJOR: 32/46 - org.apache.commons.lang.StringEscapeUtils_ESTest18 (8ms / 3):
    [junit] MAJOR: 255703 (3 / 3 / 3) -> AVG-RTPM: 228ms
    [junit] MAJOR: Mutants killed / live: 206 (85-308-3) / 70
    [junit] MAJOR: ------------------------------------------------------------
    [junit] MAJOR: 33/46 - org.apache.commons.lang.StringEscapeUtils_ESTest26 (8ms / 3):
    [junit] MAJOR: 256419 (3 / 3 / 3) -> AVG-RTPM: 238ms
    [junit] MAJOR: Mutants killed / live: 209 (85-311-3) / 67
    [junit] MAJOR: ------------------------------------------------------------
    [junit] MAJOR: 34/46 - org.apache.commons.lang.StringEscapeUtils_ESTest38 (8ms / 2):
    [junit] MAJOR: 256876 (1 / 2 / 2) -> AVG-RTPM: 228ms
    [junit] MAJOR: Mutants killed / live: 210 (85-313-3) / 66
    [junit] MAJOR: ------------------------------------------------------------
    [junit] MAJOR: 35/46 - org.apache.commons.lang.StringEscapeUtils_ESTest11 (9ms / 58):
    [junit] MAJOR: 271360 (0 / 58 / 58) -> AVG-RTPM: 249ms
    [junit] MAJOR: Mutants killed / live: 210 (85-371-3) / 66
    [junit] MAJOR: ------------------------------------------------------------
    [junit] MAJOR: 36/46 - org.apache.commons.lang.StringEscapeUtils_ESTest17 (9ms / 17):
    [junit] MAJOR: 275512 (10 / 17 / 17) -> AVG-RTPM: 244ms
    [junit] MAJOR: Mutants killed / live: 220 (85-388-3) / 56
    [junit] MAJOR: ------------------------------------------------------------
    [junit] MAJOR: 37/46 - org.apache.commons.lang.StringEscapeUtils_ESTest12 (10ms / 3):
    [junit] MAJOR: 276193 (0 / 3 / 3) -> AVG-RTPM: 227ms
    [junit] MAJOR: Mutants killed / live: 220 (85-391-3) / 56
    [junit] MAJOR: ------------------------------------------------------------
    [junit] MAJOR: 38/46 - org.apache.commons.lang.StringEscapeUtils_ESTest15 (11ms / 52):
    [junit] MAJOR: 288198 (14 / 52 / 52) -> AVG-RTPM: 230ms
    [junit] MAJOR: Mutants killed / live: 234 (85-443-3) / 42
    [junit] MAJOR: ------------------------------------------------------------
    [junit] MAJOR: 39/46 - org.apache.commons.lang.StringEscapeUtils_ESTest19 (11ms / 3):
    [junit] MAJOR: 288879 (0 / 3 / 3) -> AVG-RTPM: 227ms
    [junit] MAJOR: Mutants killed / live: 234 (85-446-3) / 42
    [junit] MAJOR: ------------------------------------------------------------
    [junit] MAJOR: 40/46 - org.apache.commons.lang.StringEscapeUtils_ESTest25 (12ms / 7):
    [junit] MAJOR: 290863 (4 / 7 / 7) -> AVG-RTPM: 283ms
    [junit] MAJOR: Mutants killed / live: 238 (85-453-3) / 38
    [junit] MAJOR: ------------------------------------------------------------
    [junit] MAJOR: 41/46 - org.apache.commons.lang.StringEscapeUtils_ESTest30 (12ms / 6):
    [junit] MAJOR: 292608 (1 / 6 / 6) -> AVG-RTPM: 290ms
    [junit] MAJOR: Mutants killed / live: 239 (85-459-3) / 37
    [junit] MAJOR: ------------------------------------------------------------
    [junit] MAJOR: 42/46 - org.apache.commons.lang.StringEscapeUtils_ESTest10 (13ms / 63):
    [junit] MAJOR: 308174 (3 / 63 / 63) -> AVG-RTPM: 247ms
    [junit] MAJOR: Mutants killed / live: 242 (85-522-3) / 34
    [junit] MAJOR: ------------------------------------------------------------
    [junit] MAJOR: 43/46 - org.apache.commons.lang.StringEscapeUtils_ESTest39 (13ms / 6):
    [junit] MAJOR: 310058 (2 / 6 / 6) -> AVG-RTPM: 314ms
    [junit] MAJOR: Mutants killed / live: 244 (85-528-3) / 32
    [junit] MAJOR: ------------------------------------------------------------
    [junit] MAJOR: 44/46 - org.apache.commons.lang.StringEscapeUtils_ESTest9 (13ms / 57):
    [junit] MAJOR: 327095 (2 / 57 / 57) -> AVG-RTPM: 298ms
    [junit] MAJOR: Mutants killed / live: 246 (85-585-3) / 30
    [junit] MAJOR: ------------------------------------------------------------
    [junit] MAJOR: 45/46 - org.apache.commons.lang.StringEscapeUtils_ESTest27 (18ms / 6):
    [junit] MAJOR: 328929 (0 / 6 / 6) -> AVG-RTPM: 305ms
    [junit] MAJOR: Mutants killed / live: 246 (85-591-3) / 30
    [junit] MAJOR: ------------------------------------------------------------
    [junit] MAJOR: 46/46 - org.apache.commons.lang.StringEscapeUtils_ESTest0 (50ms / 34):
    [junit] MAJOR: 338647 (1 / 34 / 34) -> AVG-RTPM: 285ms
    [junit] MAJOR: Mutants killed / live: 247 (85-625-3) / 29
    [junit] MAJOR: ------------------------------------------------------------
    [junit] MAJOR: Summary:
    [junit] MAJOR: 
    [junit] MAJOR: Analysis time:  338.6 seconds
    [junit] MAJOR: Mutation score: 74.17% (89.49%)
    [junit] MAJOR: Mutants killed / live: 247 (85-625-3) / 29
    [junit] MAJOR: Mutant executions: 838
    [junit] MAJOR: ------------------------------------------------------------
    [junit] MAJOR: Export summary of results (to summary.csv)
    [junit] MAJOR: Export mutant kill details (to /tmp/run_mutation.pl_35272_1483632838/46f/kill.csv)
    [junit] MAJOR: Export kill map (to killMap.csv)!

BUILD SUCCESSFUL
Total time: 5 minutes 51 seconds
