
init:
     [echo] -------- commons-lang 2.4-SNAPSHOT --------

prepare:

static:

compile:
    [javac] /tmp/run_mutation.pl_11940_1501510970/47f/build.xml:65: warning: 'includeantruntime' was not set, defaulting to build.sysclasspath=last; set to false for repeatable builds

compile.tests:
    [javac] /tmp/run_mutation.pl_11940_1501510970/47f/build.xml:73: warning: 'includeantruntime' was not set, defaulting to build.sysclasspath=last; set to false for repeatable builds
    [javac] Compiling 148 source files to /tmp/run_mutation.pl_11940_1501510970/47f/target/tests
    [javac] warning: [options] bootstrap class path not set in conjunction with -source 1.3
    [javac] /tmp/run_mutation.pl_11940_1501510970/47f/src/test/org/apache/commons/lang/AllLangTestSuite.java:63: warning: as of release 5, 'enum' is a keyword, and may not be used as an identifier
    [javac]         suite.addTest(org.apache.commons.lang.enum.EnumTestSuite.suite());
    [javac]                                               ^
    [javac]   (use -source 5 or higher to use 'enum' as a keyword)
    [javac] /tmp/run_mutation.pl_11940_1501510970/47f/src/test/org/apache/commons/lang/enum/Broken1Enum.java:17: warning: as of release 5, 'enum' is a keyword, and may not be used as an identifier
    [javac] package org.apache.commons.lang.enum;
    [javac]                                 ^
    [javac]   (use -source 5 or higher to use 'enum' as a keyword)
    [javac] /tmp/run_mutation.pl_11940_1501510970/47f/src/test/org/apache/commons/lang/enum/Broken1OperationEnum.java:17: warning: as of release 5, 'enum' is a keyword, and may not be used as an identifier
    [javac] package org.apache.commons.lang.enum;
    [javac]                                 ^
    [javac]   (use -source 5 or higher to use 'enum' as a keyword)
    [javac] /tmp/run_mutation.pl_11940_1501510970/47f/src/test/org/apache/commons/lang/enum/Broken2Enum.java:17: warning: as of release 5, 'enum' is a keyword, and may not be used as an identifier
    [javac] package org.apache.commons.lang.enum;
    [javac]                                 ^
    [javac]   (use -source 5 or higher to use 'enum' as a keyword)
    [javac] /tmp/run_mutation.pl_11940_1501510970/47f/src/test/org/apache/commons/lang/enum/Broken2OperationEnum.java:17: warning: as of release 5, 'enum' is a keyword, and may not be used as an identifier
    [javac] package org.apache.commons.lang.enum;
    [javac]                                 ^
    [javac]   (use -source 5 or higher to use 'enum' as a keyword)
    [javac] /tmp/run_mutation.pl_11940_1501510970/47f/src/test/org/apache/commons/lang/enum/Broken3Enum.java:17: warning: as of release 5, 'enum' is a keyword, and may not be used as an identifier
    [javac] package org.apache.commons.lang.enum;
    [javac]                                 ^
    [javac]   (use -source 5 or higher to use 'enum' as a keyword)
    [javac] /tmp/run_mutation.pl_11940_1501510970/47f/src/test/org/apache/commons/lang/enum/Broken3OperationEnum.java:17: warning: as of release 5, 'enum' is a keyword, and may not be used as an identifier
    [javac] package org.apache.commons.lang.enum;
    [javac]                                 ^
    [javac]   (use -source 5 or higher to use 'enum' as a keyword)
    [javac] /tmp/run_mutation.pl_11940_1501510970/47f/src/test/org/apache/commons/lang/enum/Broken4OperationEnum.java:17: warning: as of release 5, 'enum' is a keyword, and may not be used as an identifier
    [javac] package org.apache.commons.lang.enum;
    [javac]                                 ^
    [javac]   (use -source 5 or higher to use 'enum' as a keyword)
    [javac] /tmp/run_mutation.pl_11940_1501510970/47f/src/test/org/apache/commons/lang/enum/Broken5OperationEnum.java:17: warning: as of release 5, 'enum' is a keyword, and may not be used as an identifier
    [javac] package org.apache.commons.lang.enum;
    [javac]                                 ^
    [javac]   (use -source 5 or higher to use 'enum' as a keyword)
    [javac] /tmp/run_mutation.pl_11940_1501510970/47f/src/test/org/apache/commons/lang/enum/ColorEnum.java:17: warning: as of release 5, 'enum' is a keyword, and may not be used as an identifier
    [javac] package org.apache.commons.lang.enum;
    [javac]                                 ^
    [javac]   (use -source 5 or higher to use 'enum' as a keyword)
    [javac] /tmp/run_mutation.pl_11940_1501510970/47f/src/test/org/apache/commons/lang/enum/DummyEnum.java:17: warning: as of release 5, 'enum' is a keyword, and may not be used as an identifier
    [javac] package org.apache.commons.lang.enum;
    [javac]                                 ^
    [javac]   (use -source 5 or higher to use 'enum' as a keyword)
    [javac] /tmp/run_mutation.pl_11940_1501510970/47f/src/test/org/apache/commons/lang/enum/EnumTest.java:18: warning: as of release 5, 'enum' is a keyword, and may not be used as an identifier
    [javac] package org.apache.commons.lang.enum;
    [javac]                                 ^
    [javac]   (use -source 5 or higher to use 'enum' as a keyword)
    [javac] /tmp/run_mutation.pl_11940_1501510970/47f/src/test/org/apache/commons/lang/enum/EnumTestSuite.java:17: warning: as of release 5, 'enum' is a keyword, and may not be used as an identifier
    [javac] package org.apache.commons.lang.enum;
    [javac]                                 ^
    [javac]   (use -source 5 or higher to use 'enum' as a keyword)
    [javac] /tmp/run_mutation.pl_11940_1501510970/47f/src/test/org/apache/commons/lang/enum/EnumUtilsTest.java:17: warning: as of release 5, 'enum' is a keyword, and may not be used as an identifier
    [javac] package org.apache.commons.lang.enum;
    [javac]                                 ^
    [javac]   (use -source 5 or higher to use 'enum' as a keyword)
    [javac] /tmp/run_mutation.pl_11940_1501510970/47f/src/test/org/apache/commons/lang/enum/Extended1Enum.java:19: warning: as of release 5, 'enum' is a keyword, and may not be used as an identifier
    [javac] package org.apache.commons.lang.enum;
    [javac]                                 ^
    [javac]   (use -source 5 or higher to use 'enum' as a keyword)
    [javac] /tmp/run_mutation.pl_11940_1501510970/47f/src/test/org/apache/commons/lang/enum/Extended2Enum.java:19: warning: as of release 5, 'enum' is a keyword, and may not be used as an identifier
    [javac] package org.apache.commons.lang.enum;
    [javac]                                 ^
    [javac]   (use -source 5 or higher to use 'enum' as a keyword)
    [javac] /tmp/run_mutation.pl_11940_1501510970/47f/src/test/org/apache/commons/lang/enum/Extended3Enum.java:19: warning: as of release 5, 'enum' is a keyword, and may not be used as an identifier
    [javac] package org.apache.commons.lang.enum;
    [javac]                                 ^
    [javac]   (use -source 5 or higher to use 'enum' as a keyword)
    [javac] /tmp/run_mutation.pl_11940_1501510970/47f/src/test/org/apache/commons/lang/enum/Nest.java:17: warning: as of release 5, 'enum' is a keyword, and may not be used as an identifier
    [javac] package org.apache.commons.lang.enum;
    [javac]                                 ^
    [javac]   (use -source 5 or higher to use 'enum' as a keyword)
    [javac] /tmp/run_mutation.pl_11940_1501510970/47f/src/test/org/apache/commons/lang/enum/NestBroken.java:17: warning: as of release 5, 'enum' is a keyword, and may not be used as an identifier
    [javac] package org.apache.commons.lang.enum;
    [javac]                                 ^
    [javac]   (use -source 5 or higher to use 'enum' as a keyword)
    [javac] /tmp/run_mutation.pl_11940_1501510970/47f/src/test/org/apache/commons/lang/enum/NestLinked.java:17: warning: as of release 5, 'enum' is a keyword, and may not be used as an identifier
    [javac] package org.apache.commons.lang.enum;
    [javac]                                 ^
    [javac]   (use -source 5 or higher to use 'enum' as a keyword)
    [javac] /tmp/run_mutation.pl_11940_1501510970/47f/src/test/org/apache/commons/lang/enum/NestReferenced.java:17: warning: as of release 5, 'enum' is a keyword, and may not be used as an identifier
    [javac] package org.apache.commons.lang.enum;
    [javac]                                 ^
    [javac]   (use -source 5 or higher to use 'enum' as a keyword)
    [javac] /tmp/run_mutation.pl_11940_1501510970/47f/src/test/org/apache/commons/lang/enum/OperationEnum.java:17: warning: as of release 5, 'enum' is a keyword, and may not be used as an identifier
    [javac] package org.apache.commons.lang.enum;
    [javac]                                 ^
    [javac]   (use -source 5 or higher to use 'enum' as a keyword)
    [javac] /tmp/run_mutation.pl_11940_1501510970/47f/src/test/org/apache/commons/lang/enum/ValuedColorEnum.java:17: warning: as of release 5, 'enum' is a keyword, and may not be used as an identifier
    [javac] package org.apache.commons.lang.enum;
    [javac]                                 ^
    [javac]   (use -source 5 or higher to use 'enum' as a keyword)
    [javac] /tmp/run_mutation.pl_11940_1501510970/47f/src/test/org/apache/commons/lang/enum/ValuedEnumTest.java:17: warning: as of release 5, 'enum' is a keyword, and may not be used as an identifier
    [javac] package org.apache.commons.lang.enum;
    [javac]                                 ^
    [javac]   (use -source 5 or higher to use 'enum' as a keyword)
    [javac] Note: Some input files use or override a deprecated API.
    [javac] Note: Recompile with -Xlint:deprecation for details.
    [javac] 25 warnings
     [copy] Copying 13 files to /tmp/run_mutation.pl_11940_1501510970/47f/target/tests

update.all.tests:

mutation.test:
     [echo] Running mutation analysis ...
    [junit] MAJOR: Mutation analysis enabled
SLF4J: Failed to load class "org.slf4j.impl.StaticLoggerBinder".
SLF4J: Defaulting to no-operation (NOP) logger implementation
SLF4J: See http://www.slf4j.org/codes.html#StaticLoggerBinder for further details.
    [junit] MAJOR: ------------------------------------------------------------
    [junit] MAJOR: Run 230 ordered tests to verify independence
    [junit] MAJOR: ------------------------------------------------------------
    [junit] MAJOR: Preprocessing time: 339.45 seconds
    [junit] MAJOR: ------------------------------------------------------------
    [junit] MAJOR: Mutants generated: 2789
    [junit] MAJOR: Mutants covered:   2757 (98.85%)
    [junit] MAJOR: ------------------------------------------------------------
    [junit] MAJOR: Export test map to (testMap.csv)
    [junit] MAJOR: Export coverage map to (covMap.csv)
    [junit] MAJOR: Exclude 0 mutants
    [junit] MAJOR: ------------------------------------------------------------
    [junit] MAJOR: Run mutation analysis with 230 individual tests
    [junit] MAJOR: ------------------------------------------------------------
    [junit] MAJOR: 1/230 - org.apache.commons.lang.text.StrBuilder_ESTest116 (7ms / 37):
    [junit] MAJOR: 94746 (3 / 37 / 37) -> AVG-RTPM: 2560ms
    [junit] MAJOR: Mutants killed / live: 3 (0-3-0) / 2754
    [junit] MAJOR: ------------------------------------------------------------
    [junit] MAJOR: 2/230 - org.apache.commons.lang.text.StrBuilder_ESTest117 (7ms / 82):
    [junit] MAJOR: 140366 (77 / 82 / 82) -> AVG-RTPM: 556ms
    [junit] MAJOR: Mutants killed / live: 80 (0-81-0) / 2677
    [junit] MAJOR: ------------------------------------------------------------
    [junit] MAJOR: 3/230 - org.apache.commons.lang.text.StrBuilder_ESTest118 (7ms / 72):
    [junit] MAJOR: 177247 (63 / 72 / 72) -> AVG-RTPM: 512ms
    [junit] MAJOR: Mutants killed / live: 143 (0-153-0) / 2614
    [junit] MAJOR: ------------------------------------------------------------
    [junit] MAJOR: 4/230 - org.apache.commons.lang.text.StrBuilder_ESTest120 (7ms / 316):
    [junit] MAJOR: 331858 (226 / 316 / 316) -> AVG-RTPM: 489ms
    [junit] MAJOR: Mutants killed / live: 369 (0-469-0) / 2388
    [junit] MAJOR: ------------------------------------------------------------
    [junit] MAJOR: 5/230 - org.apache.commons.lang.text.StrBuilder_ESTest121 (7ms / 231):
    [junit] MAJOR: 465517 (116 / 231 / 231) -> AVG-RTPM: 578ms
    [junit] MAJOR: Mutants killed / live: 485 (0-700-0) / 2272
    [junit] MAJOR: ------------------------------------------------------------
    [junit] MAJOR: 6/230 - org.apache.commons.lang.text.StrBuilder_ESTest122 (7ms / 322):
    [junit] MAJOR: 649348 (198 / 322 / 322) -> AVG-RTPM: 570ms
    [junit] MAJOR: Mutants killed / live: 683 (0-1022-0) / 2074
    [junit] MAJOR: ------------------------------------------------------------
    [junit] MAJOR: 7/230 - org.apache.commons.lang.text.StrBuilder_ESTest123 (7ms / 151):
    [junit] MAJOR: 713876 (34 / 151 / 151) -> AVG-RTPM: 427ms
    [junit] MAJOR: Mutants killed / live: 717 (0-1173-0) / 2040
    [junit] MAJOR: ------------------------------------------------------------
    [junit] MAJOR: 8/230 - org.apache.commons.lang.text.StrBuilder_ESTest134 (7ms / 169):
    [junit] MAJOR: 777640 (0 / 169 / 169) -> AVG-RTPM: 377ms
    [junit] MAJOR: Mutants killed / live: 717 (0-1342-0) / 2040
    [junit] MAJOR: ------------------------------------------------------------
    [junit] MAJOR: 9/230 - org.apache.commons.lang.text.StrBuilder_ESTest135 (7ms / 27):
    [junit] MAJOR: 786361 (0 / 27 / 27) -> AVG-RTPM: 323ms
    [junit] MAJOR: Mutants killed / live: 717 (0-1369-0) / 2040
    [junit] MAJOR: ------------------------------------------------------------
    [junit] MAJOR: 10/230 - org.apache.commons.lang.text.StrBuilder_ESTest14 (7ms / 56):
    [junit] MAJOR: 805045 (22 / 56 / 56) -> AVG-RTPM: 333ms
    [junit] MAJOR: Mutants killed / live: 739 (0-1425-0) / 2018
    [junit] MAJOR: ------------------------------------------------------------
    [junit] MAJOR: 11/230 - org.apache.commons.lang.text.StrBuilder_ESTest140 (7ms / 118):
    [junit] MAJOR: 848255 (23 / 118 / 118) -> AVG-RTPM: 366ms
    [junit] MAJOR: Mutants killed / live: 762 (0-1543-0) / 1995
    [junit] MAJOR: ------------------------------------------------------------
    [junit] MAJOR: 12/230 - org.apache.commons.lang.text.StrBuilder_ESTest141 (7ms / 61):
    [junit] MAJOR: 871055 (24 / 61 / 61) -> AVG-RTPM: 373ms
    [junit] MAJOR: Mutants killed / live: 786 (0-1604-0) / 1971
    [junit] MAJOR: ------------------------------------------------------------
    [junit] MAJOR: 13/230 - org.apache.commons.lang.text.StrBuilder_ESTest142 (7ms / 76):
    [junit] MAJOR: 901841 (13 / 76 / 76) -> AVG-RTPM: 405ms
    [junit] MAJOR: Mutants killed / live: 799 (0-1680-0) / 1958
    [junit] MAJOR: ------------------------------------------------------------
    [junit] MAJOR: 14/230 - org.apache.commons.lang.text.StrBuilder_ESTest145 (7ms / 199):
    [junit] MAJOR: 970725 (76 / 199 / 199) -> AVG-RTPM: 346ms
    [junit] MAJOR: Mutants killed / live: 875 (0-1879-0) / 1882
    [junit] MAJOR: ------------------------------------------------------------
    [junit] MAJOR: 15/230 - org.apache.commons.lang.text.StrBuilder_ESTest147 (7ms / 322):
    [junit] MAJOR: 1077086 (235 / 322 / 322) -> AVG-RTPM: 330ms
    [junit] MAJOR: Mutants killed / live: 1110 (0-2201-0) / 1647
    [junit] MAJOR: ------------------------------------------------------------
    [junit] MAJOR: 16/230 - org.apache.commons.lang.text.StrBuilder_ESTest150 (7ms / 70):
    [junit] MAJOR: 1099529 (26 / 70 / 70) -> AVG-RTPM: 320ms
    [junit] MAJOR: Mutants killed / live: 1136 (0-2271-0) / 1621
    [junit] MAJOR: ------------------------------------------------------------
    [junit] MAJOR: 17/230 - org.apache.commons.lang.text.StrBuilder_ESTest151 (7ms / 488):
    [junit] MAJOR: 1287778 (211 / 488 / 488) -> AVG-RTPM: 385ms
    [junit] MAJOR: Mutants killed / live: 1347 (0-2759-0) / 1410
    [junit] MAJOR: ------------------------------------------------------------
    [junit] MAJOR: 18/230 - org.apache.commons.lang.text.StrBuilder_ESTest158 (7ms / 261):
    [junit] MAJOR: 1388442 (53 / 261 / 261) -> AVG-RTPM: 385ms
    [junit] MAJOR: Mutants killed / live: 1400 (0-3020-0) / 1357
    [junit] MAJOR: ------------------------------------------------------------
    [junit] MAJOR: 19/230 - org.apache.commons.lang.text.StrBuilder_ESTest101 (8ms / 81):
    [junit] MAJOR: 1421893 (0 / 81 / 81) -> AVG-RTPM: 412ms
    [junit] MAJOR: Mutants killed / live: 1400 (0-3101-0) / 1357
    [junit] MAJOR: ------------------------------------------------------------
    [junit] MAJOR: 20/230 - org.apache.commons.lang.text.StrBuilder_ESTest102 (8ms / 72):
    [junit] MAJOR: 1453494 (0 / 72 / 72) -> AVG-RTPM: 438ms
    [junit] MAJOR: Mutants killed / live: 1400 (0-3173-0) / 1357
    [junit] MAJOR: ------------------------------------------------------------
    [junit] MAJOR: 21/230 - org.apache.commons.lang.text.StrBuilder_ESTest105 (8ms / 84):
    [junit] MAJOR: 1491478 (17 / 84 / 84) -> AVG-RTPM: 452ms
    [junit] MAJOR: Mutants killed / live: 1417 (0-3257-0) / 1340
    [junit] MAJOR: ------------------------------------------------------------
    [junit] MAJOR: 22/230 - org.apache.commons.lang.text.StrBuilder_ESTest107 (8ms / 77):
    [junit] MAJOR: 1526084 (16 / 77 / 77) -> AVG-RTPM: 449ms
    [junit] MAJOR: Mutants killed / live: 1433 (0-3334-0) / 1324
    [junit] MAJOR: ------------------------------------------------------------
    [junit] MAJOR: 23/230 - org.apache.commons.lang.text.StrBuilder_ESTest114 (8ms / 93):
    [junit] MAJOR: 1560511 (2 / 93 / 93) -> AVG-RTPM: 370ms
    [junit] MAJOR: Mutants killed / live: 1435 (0-3427-0) / 1322
    [junit] MAJOR: ------------------------------------------------------------
    [junit] MAJOR: 24/230 - org.apache.commons.lang.text.StrBuilder_ESTest125 (8ms / 240):
    [junit] MAJOR: 1678242 (7 / 240 / 240) -> AVG-RTPM: 490ms
    [junit] MAJOR: Mutants killed / live: 1442 (0-3667-0) / 1315
    [junit] MAJOR: ------------------------------------------------------------
    [junit] MAJOR: 25/230 - org.apache.commons.lang.text.StrBuilder_ESTest126 (8ms / 495):
    [junit] MAJOR: 1934278 (83 / 495 / 495) -> AVG-RTPM: 517ms
    [junit] MAJOR: Mutants killed / live: 1525 (0-4162-0) / 1232
    [junit] MAJOR: ------------------------------------------------------------
    [junit] MAJOR: 26/230 - org.apache.commons.lang.text.StrBuilder_ESTest131 (8ms / 48):
    [junit] MAJOR: 1956215 (26 / 48 / 48) -> AVG-RTPM: 457ms
    [junit] MAJOR: Mutants killed / live: 1551 (0-4210-0) / 1206
    [junit] MAJOR: ------------------------------------------------------------
    [junit] MAJOR: 27/230 - org.apache.commons.lang.text.StrBuilder_ESTest144 (8ms / 160):
    [junit] MAJOR: 2033993 (42 / 160 / 160) -> AVG-RTPM: 486ms
    [junit] MAJOR: Mutants killed / live: 1593 (0-4370-0) / 1164
    [junit] MAJOR: ------------------------------------------------------------
    [junit] MAJOR: 28/230 - org.apache.commons.lang.text.StrBuilder_ESTest146 (8ms / 289):
    [junit] MAJOR: 2151773 (5 / 289 / 289) -> AVG-RTPM: 407ms
    [junit] MAJOR: Mutants killed / live: 1598 (0-4659-0) / 1159
    [junit] MAJOR: ------------------------------------------------------------
    [junit] MAJOR: 29/230 - org.apache.commons.lang.text.StrBuilder_ESTest148 (8ms / 37):
    [junit] MAJOR: 2163910 (11 / 37 / 37) -> AVG-RTPM: 328ms
    [junit] MAJOR: Mutants killed / live: 1609 (0-4696-0) / 1148
    [junit] MAJOR: ------------------------------------------------------------
    [junit] MAJOR: 30/230 - org.apache.commons.lang.text.StrBuilder_ESTest149 (8ms / 112):
    [junit] MAJOR: 2201537 (8 / 112 / 112) -> AVG-RTPM: 335ms
    [junit] MAJOR: Mutants killed / live: 1617 (0-4808-0) / 1140
    [junit] MAJOR: ------------------------------------------------------------
    [junit] MAJOR: 31/230 - org.apache.commons.lang.text.StrBuilder_ESTest15 (8ms / 19):
    [junit] MAJOR: 2209145 (4 / 19 / 19) -> AVG-RTPM: 400ms
    [junit] MAJOR: Mutants killed / live: 1621 (0-4827-0) / 1136
    [junit] MAJOR: ------------------------------------------------------------
    [junit] MAJOR: 32/230 - org.apache.commons.lang.text.StrBuilder_ESTest152 (8ms / 400):
    [junit] MAJOR: 2344931 (71 / 400 / 400) -> AVG-RTPM: 339ms
    [junit] MAJOR: Mutants killed / live: 1692 (0-5227-0) / 1065
    [junit] MAJOR: ------------------------------------------------------------
    [junit] MAJOR: 33/230 - org.apache.commons.lang.text.StrBuilder_ESTest153 (8ms / 177):
    [junit] MAJOR: 2404826 (0 / 177 / 177) -> AVG-RTPM: 338ms
    [junit] MAJOR: Mutants killed / live: 1692 (0-5404-0) / 1065
    [junit] MAJOR: ------------------------------------------------------------
    [junit] MAJOR: 34/230 - org.apache.commons.lang.text.StrBuilder_ESTest154 (8ms / 102):
    [junit] MAJOR: 2438817 (23 / 102 / 102) -> AVG-RTPM: 333ms
    [junit] MAJOR: Mutants killed / live: 1715 (0-5506-0) / 1042
    [junit] MAJOR: ------------------------------------------------------------
    [junit] MAJOR: 35/230 - org.apache.commons.lang.text.StrBuilder_ESTest155 (8ms / 120):
    [junit] MAJOR: 2478887 (0 / 120 / 120) -> AVG-RTPM: 333ms
    [junit] MAJOR: Mutants killed / live: 1715 (0-5626-0) / 1042
    [junit] MAJOR: ------------------------------------------------------------
    [junit] MAJOR: 36/230 - org.apache.commons.lang.text.StrBuilder_ESTest156 (8ms / 85):
    [junit] MAJOR: 2508153 (0 / 85 / 85) -> AVG-RTPM: 344ms
    [junit] MAJOR: Mutants killed / live: 1715 (0-5711-0) / 1042
    [junit] MAJOR: ------------------------------------------------------------
    [junit] MAJOR: 37/230 - org.apache.commons.lang.text.StrBuilder_ESTest157 (8ms / 61):
    [junit] MAJOR: 2528398 (0 / 61 / 61) -> AVG-RTPM: 331ms
    [junit] MAJOR: Mutants killed / live: 1715 (0-5772-0) / 1042
    [junit] MAJOR: ------------------------------------------------------------
    [junit] MAJOR: 38/230 - org.apache.commons.lang.text.StrBuilder_ESTest16 (8ms / 31):
    [junit] MAJOR: 2538642 (0 / 31 / 31) -> AVG-RTPM: 330ms
    [junit] MAJOR: Mutants killed / live: 1715 (0-5803-0) / 1042
    [junit] MAJOR: ------------------------------------------------------------
    [junit] MAJOR: 39/230 - org.apache.commons.lang.text.StrBuilder_ESTest161 (8ms / 104):
    [junit] MAJOR: 2574420 (0 / 104 / 104) -> AVG-RTPM: 344ms
    [junit] MAJOR: Mutants killed / live: 1715 (0-5907-0) / 1042
    [junit] MAJOR: ------------------------------------------------------------
    [junit] MAJOR: 40/230 - org.apache.commons.lang.text.StrBuilder_ESTest162 (8ms / 150):
    [junit] MAJOR: 2624387 (2 / 150 / 150) -> AVG-RTPM: 333ms
    [junit] MAJOR: Mutants killed / live: 1717 (0-6057-0) / 1040
    [junit] MAJOR: ------------------------------------------------------------
    [junit] MAJOR: 41/230 - org.apache.commons.lang.text.StrBuilder_ESTest163 (8ms / 126):
    [junit] MAJOR: 2667059 (7 / 126 / 126) -> AVG-RTPM: 338ms
    [junit] MAJOR: Mutants killed / live: 1724 (0-6183-0) / 1033
    [junit] MAJOR: ------------------------------------------------------------
    [junit] MAJOR: 42/230 - org.apache.commons.lang.text.StrBuilder_ESTest164 (8ms / 228):
    [junit] MAJOR: 2744725 (23 / 228 / 228) -> AVG-RTPM: 340ms
    [junit] MAJOR: Mutants killed / live: 1747 (0-6411-0) / 1010
    [junit] MAJOR: ------------------------------------------------------------
    [junit] MAJOR: 43/230 - org.apache.commons.lang.text.StrBuilder_ESTest165 (8ms / 209):
    [junit] MAJOR: 2829226 (38 / 209 / 209) -> AVG-RTPM: 404ms
    [junit] MAJOR: Mutants killed / live: 1785 (0-6620-0) / 972
    [junit] MAJOR: ------------------------------------------------------------
    [junit] MAJOR: 44/230 - org.apache.commons.lang.text.StrBuilder_ESTest166 (8ms / 141):
    [junit] MAJOR: 2878703 (0 / 141 / 141) -> AVG-RTPM: 350ms
    [junit] MAJOR: Mutants killed / live: 1785 (0-6761-0) / 972
    [junit] MAJOR: ------------------------------------------------------------
    [junit] MAJOR: 45/230 - org.apache.commons.lang.text.StrBuilder_ESTest167 (8ms / 100):
    [junit] MAJOR: 2913336 (39 / 100 / 100) -> AVG-RTPM: 346ms
    [junit] MAJOR: Mutants killed / live: 1824 (0-6861-0) / 933
    [junit] MAJOR: ------------------------------------------------------------
    [junit] MAJOR: 46/230 - org.apache.commons.lang.text.StrBuilder_ESTest168 (8ms / 65):
    [junit] MAJOR: 2938576 (0 / 65 / 65) -> AVG-RTPM: 388ms
    [junit] MAJOR: Mutants killed / live: 1824 (0-6926-0) / 933
    [junit] MAJOR: ------------------------------------------------------------
    [junit] MAJOR: 47/230 - org.apache.commons.lang.text.StrBuilder_ESTest169 (8ms / 117):
    [junit] MAJOR: 2982923 (0 / 117 / 117) -> AVG-RTPM: 379ms
    [junit] MAJOR: Mutants killed / live: 1824 (0-7043-0) / 933
    [junit] MAJOR: ------------------------------------------------------------
    [junit] MAJOR: 48/230 - org.apache.commons.lang.text.StrBuilder_ESTest171 (8ms / 140):
    [junit] MAJOR: 3039468 (7 / 140 / 140) -> AVG-RTPM: 403ms
    [junit] MAJOR: Mutants killed / live: 1831 (0-7183-0) / 926
    [junit] MAJOR: ------------------------------------------------------------
    [junit] MAJOR: 49/230 - org.apache.commons.lang.text.StrBuilder_ESTest172 (8ms / 130):
    [junit] MAJOR: 3094976 (12 / 130 / 130) -> AVG-RTPM: 426ms
    [junit] MAJOR: Mutants killed / live: 1843 (0-7313-0) / 914
    [junit] MAJOR: ------------------------------------------------------------
    [junit] MAJOR: 50/230 - org.apache.commons.lang.text.StrBuilder_ESTest174 (8ms / 160):
    [junit] MAJOR: 3149383 (16 / 160 / 160) -> AVG-RTPM: 340ms
    [junit] MAJOR: Mutants killed / live: 1859 (0-7473-0) / 898
    [junit] MAJOR: ------------------------------------------------------------
    [junit] MAJOR: 51/230 - org.apache.commons.lang.text.StrBuilder_ESTest176 (8ms / 99):
    [junit] MAJOR: 3188542 (1 / 99 / 99) -> AVG-RTPM: 395ms
    [junit] MAJOR: Mutants killed / live: 1860 (0-7572-0) / 897
    [junit] MAJOR: ------------------------------------------------------------
    [junit] MAJOR: 52/230 - org.apache.commons.lang.text.StrBuilder_ESTest177 (8ms / 191):
    [junit] MAJOR: 3251655 (22 / 191 / 191) -> AVG-RTPM: 330ms
    [junit] MAJOR: Mutants killed / live: 1882 (0-7763-0) / 875
    [junit] MAJOR: ------------------------------------------------------------
    [junit] MAJOR: 53/230 - org.apache.commons.lang.text.StrBuilder_ESTest178 (8ms / 22):
    [junit] MAJOR: 3258311 (0 / 22 / 22) -> AVG-RTPM: 302ms
    [junit] MAJOR: Mutants killed / live: 1882 (0-7785-0) / 875
    [junit] MAJOR: ------------------------------------------------------------
    [junit] MAJOR: 54/230 - org.apache.commons.lang.text.StrBuilder_ESTest18 (8ms / 492):

BUILD FAILED
/home/donghwan/defects4j/framework/projects/defects4j.build.xml:185: Parallel execution timed out

Total time: 60 minutes 34 seconds
