
init:
     [echo] -------- commons-lang 2.4-SNAPSHOT --------

prepare:

static:

compile:
    [javac] /tmp/run_mutation.pl_119431_1501108739/47f/build.xml:65: warning: 'includeantruntime' was not set, defaulting to build.sysclasspath=last; set to false for repeatable builds

compile.tests:
    [javac] /tmp/run_mutation.pl_119431_1501108739/47f/build.xml:73: warning: 'includeantruntime' was not set, defaulting to build.sysclasspath=last; set to false for repeatable builds
    [javac] Compiling 148 source files to /tmp/run_mutation.pl_119431_1501108739/47f/target/tests
    [javac] warning: [options] bootstrap class path not set in conjunction with -source 1.3
    [javac] /tmp/run_mutation.pl_119431_1501108739/47f/src/test/org/apache/commons/lang/AllLangTestSuite.java:63: warning: as of release 5, 'enum' is a keyword, and may not be used as an identifier
    [javac]         suite.addTest(org.apache.commons.lang.enum.EnumTestSuite.suite());
    [javac]                                               ^
    [javac]   (use -source 5 or higher to use 'enum' as a keyword)
    [javac] /tmp/run_mutation.pl_119431_1501108739/47f/src/test/org/apache/commons/lang/enum/Broken1Enum.java:17: warning: as of release 5, 'enum' is a keyword, and may not be used as an identifier
    [javac] package org.apache.commons.lang.enum;
    [javac]                                 ^
    [javac]   (use -source 5 or higher to use 'enum' as a keyword)
    [javac] /tmp/run_mutation.pl_119431_1501108739/47f/src/test/org/apache/commons/lang/enum/Broken1OperationEnum.java:17: warning: as of release 5, 'enum' is a keyword, and may not be used as an identifier
    [javac] package org.apache.commons.lang.enum;
    [javac]                                 ^
    [javac]   (use -source 5 or higher to use 'enum' as a keyword)
    [javac] /tmp/run_mutation.pl_119431_1501108739/47f/src/test/org/apache/commons/lang/enum/Broken2Enum.java:17: warning: as of release 5, 'enum' is a keyword, and may not be used as an identifier
    [javac] package org.apache.commons.lang.enum;
    [javac]                                 ^
    [javac]   (use -source 5 or higher to use 'enum' as a keyword)
    [javac] /tmp/run_mutation.pl_119431_1501108739/47f/src/test/org/apache/commons/lang/enum/Broken2OperationEnum.java:17: warning: as of release 5, 'enum' is a keyword, and may not be used as an identifier
    [javac] package org.apache.commons.lang.enum;
    [javac]                                 ^
    [javac]   (use -source 5 or higher to use 'enum' as a keyword)
    [javac] /tmp/run_mutation.pl_119431_1501108739/47f/src/test/org/apache/commons/lang/enum/Broken3Enum.java:17: warning: as of release 5, 'enum' is a keyword, and may not be used as an identifier
    [javac] package org.apache.commons.lang.enum;
    [javac]                                 ^
    [javac]   (use -source 5 or higher to use 'enum' as a keyword)
    [javac] /tmp/run_mutation.pl_119431_1501108739/47f/src/test/org/apache/commons/lang/enum/Broken3OperationEnum.java:17: warning: as of release 5, 'enum' is a keyword, and may not be used as an identifier
    [javac] package org.apache.commons.lang.enum;
    [javac]                                 ^
    [javac]   (use -source 5 or higher to use 'enum' as a keyword)
    [javac] /tmp/run_mutation.pl_119431_1501108739/47f/src/test/org/apache/commons/lang/enum/Broken4OperationEnum.java:17: warning: as of release 5, 'enum' is a keyword, and may not be used as an identifier
    [javac] package org.apache.commons.lang.enum;
    [javac]                                 ^
    [javac]   (use -source 5 or higher to use 'enum' as a keyword)
    [javac] /tmp/run_mutation.pl_119431_1501108739/47f/src/test/org/apache/commons/lang/enum/Broken5OperationEnum.java:17: warning: as of release 5, 'enum' is a keyword, and may not be used as an identifier
    [javac] package org.apache.commons.lang.enum;
    [javac]                                 ^
    [javac]   (use -source 5 or higher to use 'enum' as a keyword)
    [javac] /tmp/run_mutation.pl_119431_1501108739/47f/src/test/org/apache/commons/lang/enum/ColorEnum.java:17: warning: as of release 5, 'enum' is a keyword, and may not be used as an identifier
    [javac] package org.apache.commons.lang.enum;
    [javac]                                 ^
    [javac]   (use -source 5 or higher to use 'enum' as a keyword)
    [javac] /tmp/run_mutation.pl_119431_1501108739/47f/src/test/org/apache/commons/lang/enum/DummyEnum.java:17: warning: as of release 5, 'enum' is a keyword, and may not be used as an identifier
    [javac] package org.apache.commons.lang.enum;
    [javac]                                 ^
    [javac]   (use -source 5 or higher to use 'enum' as a keyword)
    [javac] /tmp/run_mutation.pl_119431_1501108739/47f/src/test/org/apache/commons/lang/enum/EnumTest.java:18: warning: as of release 5, 'enum' is a keyword, and may not be used as an identifier
    [javac] package org.apache.commons.lang.enum;
    [javac]                                 ^
    [javac]   (use -source 5 or higher to use 'enum' as a keyword)
    [javac] /tmp/run_mutation.pl_119431_1501108739/47f/src/test/org/apache/commons/lang/enum/EnumTestSuite.java:17: warning: as of release 5, 'enum' is a keyword, and may not be used as an identifier
    [javac] package org.apache.commons.lang.enum;
    [javac]                                 ^
    [javac]   (use -source 5 or higher to use 'enum' as a keyword)
    [javac] /tmp/run_mutation.pl_119431_1501108739/47f/src/test/org/apache/commons/lang/enum/EnumUtilsTest.java:17: warning: as of release 5, 'enum' is a keyword, and may not be used as an identifier
    [javac] package org.apache.commons.lang.enum;
    [javac]                                 ^
    [javac]   (use -source 5 or higher to use 'enum' as a keyword)
    [javac] /tmp/run_mutation.pl_119431_1501108739/47f/src/test/org/apache/commons/lang/enum/Extended1Enum.java:19: warning: as of release 5, 'enum' is a keyword, and may not be used as an identifier
    [javac] package org.apache.commons.lang.enum;
    [javac]                                 ^
    [javac]   (use -source 5 or higher to use 'enum' as a keyword)
    [javac] /tmp/run_mutation.pl_119431_1501108739/47f/src/test/org/apache/commons/lang/enum/Extended2Enum.java:19: warning: as of release 5, 'enum' is a keyword, and may not be used as an identifier
    [javac] package org.apache.commons.lang.enum;
    [javac]                                 ^
    [javac]   (use -source 5 or higher to use 'enum' as a keyword)
    [javac] /tmp/run_mutation.pl_119431_1501108739/47f/src/test/org/apache/commons/lang/enum/Extended3Enum.java:19: warning: as of release 5, 'enum' is a keyword, and may not be used as an identifier
    [javac] package org.apache.commons.lang.enum;
    [javac]                                 ^
    [javac]   (use -source 5 or higher to use 'enum' as a keyword)
    [javac] /tmp/run_mutation.pl_119431_1501108739/47f/src/test/org/apache/commons/lang/enum/Nest.java:17: warning: as of release 5, 'enum' is a keyword, and may not be used as an identifier
    [javac] package org.apache.commons.lang.enum;
    [javac]                                 ^
    [javac]   (use -source 5 or higher to use 'enum' as a keyword)
    [javac] /tmp/run_mutation.pl_119431_1501108739/47f/src/test/org/apache/commons/lang/enum/NestBroken.java:17: warning: as of release 5, 'enum' is a keyword, and may not be used as an identifier
    [javac] package org.apache.commons.lang.enum;
    [javac]                                 ^
    [javac]   (use -source 5 or higher to use 'enum' as a keyword)
    [javac] /tmp/run_mutation.pl_119431_1501108739/47f/src/test/org/apache/commons/lang/enum/NestLinked.java:17: warning: as of release 5, 'enum' is a keyword, and may not be used as an identifier
    [javac] package org.apache.commons.lang.enum;
    [javac]                                 ^
    [javac]   (use -source 5 or higher to use 'enum' as a keyword)
    [javac] /tmp/run_mutation.pl_119431_1501108739/47f/src/test/org/apache/commons/lang/enum/NestReferenced.java:17: warning: as of release 5, 'enum' is a keyword, and may not be used as an identifier
    [javac] package org.apache.commons.lang.enum;
    [javac]                                 ^
    [javac]   (use -source 5 or higher to use 'enum' as a keyword)
    [javac] /tmp/run_mutation.pl_119431_1501108739/47f/src/test/org/apache/commons/lang/enum/OperationEnum.java:17: warning: as of release 5, 'enum' is a keyword, and may not be used as an identifier
    [javac] package org.apache.commons.lang.enum;
    [javac]                                 ^
    [javac]   (use -source 5 or higher to use 'enum' as a keyword)
    [javac] /tmp/run_mutation.pl_119431_1501108739/47f/src/test/org/apache/commons/lang/enum/ValuedColorEnum.java:17: warning: as of release 5, 'enum' is a keyword, and may not be used as an identifier
    [javac] package org.apache.commons.lang.enum;
    [javac]                                 ^
    [javac]   (use -source 5 or higher to use 'enum' as a keyword)
    [javac] /tmp/run_mutation.pl_119431_1501108739/47f/src/test/org/apache/commons/lang/enum/ValuedEnumTest.java:17: warning: as of release 5, 'enum' is a keyword, and may not be used as an identifier
    [javac] package org.apache.commons.lang.enum;
    [javac]                                 ^
    [javac]   (use -source 5 or higher to use 'enum' as a keyword)
    [javac] Note: Some input files use or override a deprecated API.
    [javac] Note: Recompile with -Xlint:deprecation for details.
    [javac] 25 warnings
     [copy] Copying 13 files to /tmp/run_mutation.pl_119431_1501108739/47f/target/tests

update.all.tests:

mutation.test:
     [echo] Running mutation analysis ...
    [junit] MAJOR: Mutation analysis enabled
SLF4J: Failed to load class "org.slf4j.impl.StaticLoggerBinder".
SLF4J: Defaulting to no-operation (NOP) logger implementation
SLF4J: See http://www.slf4j.org/codes.html#StaticLoggerBinder for further details.
    [junit] MAJOR: ------------------------------------------------------------
    [junit] MAJOR: Run 233 ordered tests to verify independence
    [junit] MAJOR: ------------------------------------------------------------
    [junit] MAJOR: Preprocessing time: 353.55 seconds
    [junit] MAJOR: ------------------------------------------------------------
    [junit] MAJOR: Mutants generated: 2789
    [junit] MAJOR: Mutants covered:   2766 (99.18%)
    [junit] MAJOR: ------------------------------------------------------------
    [junit] MAJOR: Export test map to (testMap.csv)
    [junit] MAJOR: Export coverage map to (covMap.csv)
    [junit] MAJOR: Exclude 0 mutants
    [junit] MAJOR: ------------------------------------------------------------
    [junit] MAJOR: Run mutation analysis with 233 individual tests
    [junit] MAJOR: ------------------------------------------------------------
    [junit] MAJOR: 1/233 - org.apache.commons.lang.text.StrBuilder_ESTest135 (6ms / 124):
    [junit] MAJOR: 397737 (45 / 124 / 124) -> AVG-RTPM: 3207ms
    [junit] MAJOR: Mutants killed / live: 45 (2-40-3) / 2721
    [junit] MAJOR: ------------------------------------------------------------
    [junit] MAJOR: 2/233 - org.apache.commons.lang.text.StrBuilder_ESTest113 (7ms / 115):
    [junit] MAJOR: 473506 (107 / 115 / 115) -> AVG-RTPM: 658ms
    [junit] MAJOR: Mutants killed / live: 152 (2-155-3) / 2614
    [junit] MAJOR: ------------------------------------------------------------
    [junit] MAJOR: 3/233 - org.apache.commons.lang.text.StrBuilder_ESTest115 (7ms / 29):
    [junit] MAJOR: 492512 (19 / 29 / 29) -> AVG-RTPM: 655ms
    [junit] MAJOR: Mutants killed / live: 171 (2-184-3) / 2595
    [junit] MAJOR: ------------------------------------------------------------
    [junit] MAJOR: 4/233 - org.apache.commons.lang.text.StrBuilder_ESTest116 (7ms / 68):
    [junit] MAJOR: 538468 (2 / 68 / 68) -> AVG-RTPM: 675ms
    [junit] MAJOR: Mutants killed / live: 173 (2-252-3) / 2593
    [junit] MAJOR: ------------------------------------------------------------
    [junit] MAJOR: 5/233 - org.apache.commons.lang.text.StrBuilder_ESTest118 (7ms / 20):
    [junit] MAJOR: 551798 (10 / 20 / 20) -> AVG-RTPM: 666ms
    [junit] MAJOR: Mutants killed / live: 183 (2-272-3) / 2583
    [junit] MAJOR: ------------------------------------------------------------
    [junit] MAJOR: 6/233 - org.apache.commons.lang.text.StrBuilder_ESTest12 (7ms / 56):
    [junit] MAJOR: 589788 (19 / 56 / 56) -> AVG-RTPM: 678ms
    [junit] MAJOR: Mutants killed / live: 202 (2-328-3) / 2564
    [junit] MAJOR: ------------------------------------------------------------
    [junit] MAJOR: 7/233 - org.apache.commons.lang.text.StrBuilder_ESTest120 (7ms / 19):
    [junit] MAJOR: 602513 (9 / 19 / 19) -> AVG-RTPM: 669ms
    [junit] MAJOR: Mutants killed / live: 211 (2-347-3) / 2555
    [junit] MAJOR: ------------------------------------------------------------
    [junit] MAJOR: 8/233 - org.apache.commons.lang.text.StrBuilder_ESTest121 (7ms / 36):
    [junit] MAJOR: 627425 (2 / 36 / 36) -> AVG-RTPM: 692ms
    [junit] MAJOR: Mutants killed / live: 213 (2-383-3) / 2553
    [junit] MAJOR: ------------------------------------------------------------
    [junit] MAJOR: 9/233 - org.apache.commons.lang.text.StrBuilder_ESTest122 (7ms / 19):
    [junit] MAJOR: 640403 (9 / 19 / 19) -> AVG-RTPM: 683ms
    [junit] MAJOR: Mutants killed / live: 222 (2-402-3) / 2544
    [junit] MAJOR: ------------------------------------------------------------
    [junit] MAJOR: 10/233 - org.apache.commons.lang.text.StrBuilder_ESTest123 (7ms / 117):
    [junit] MAJOR: 719744 (86 / 117 / 117) -> AVG-RTPM: 678ms
    [junit] MAJOR: Mutants killed / live: 308 (2-519-3) / 2458
    [junit] MAJOR: ------------------------------------------------------------
    [junit] MAJOR: 11/233 - org.apache.commons.lang.text.StrBuilder_ESTest124 (7ms / 147):
    [junit] MAJOR: 808226 (57 / 147 / 147) -> AVG-RTPM: 601ms
    [junit] MAJOR: Mutants killed / live: 365 (2-666-3) / 2401
    [junit] MAJOR: ------------------------------------------------------------
    [junit] MAJOR: 12/233 - org.apache.commons.lang.text.StrBuilder_ESTest125 (7ms / 20):
    [junit] MAJOR: 819458 (9 / 20 / 20) -> AVG-RTPM: 561ms
    [junit] MAJOR: Mutants killed / live: 374 (2-686-3) / 2392
    [junit] MAJOR: ------------------------------------------------------------
    [junit] MAJOR: 13/233 - org.apache.commons.lang.text.StrBuilder_ESTest140 (7ms / 115):
    [junit] MAJOR: 877102 (71 / 115 / 115) -> AVG-RTPM: 501ms
    [junit] MAJOR: Mutants killed / live: 445 (2-801-3) / 2321
    [junit] MAJOR: ------------------------------------------------------------
    [junit] MAJOR: 14/233 - org.apache.commons.lang.text.StrBuilder_ESTest141 (7ms / 115):
    [junit] MAJOR: 928561 (0 / 115 / 115) -> AVG-RTPM: 447ms
    [junit] MAJOR: Mutants killed / live: 445 (2-916-3) / 2321
    [junit] MAJOR: ------------------------------------------------------------
    [junit] MAJOR: 15/233 - org.apache.commons.lang.text.StrBuilder_ESTest144 (7ms / 24):
    [junit] MAJOR: 938964 (14 / 24 / 24) -> AVG-RTPM: 433ms
    [junit] MAJOR: Mutants killed / live: 459 (2-940-3) / 2307
    [junit] MAJOR: ------------------------------------------------------------
    [junit] MAJOR: 16/233 - org.apache.commons.lang.text.StrBuilder_ESTest145 (7ms / 62):
    [junit] MAJOR: 962859 (40 / 62 / 62) -> AVG-RTPM: 385ms
    [junit] MAJOR: Mutants killed / live: 499 (2-1002-3) / 2267
    [junit] MAJOR: ------------------------------------------------------------
    [junit] MAJOR: 17/233 - org.apache.commons.lang.text.StrBuilder_ESTest146 (7ms / 151):
    [junit] MAJOR: 1026067 (87 / 151 / 151) -> AVG-RTPM: 418ms
    [junit] MAJOR: Mutants killed / live: 586 (2-1153-3) / 2180
    [junit] MAJOR: ------------------------------------------------------------
    [junit] MAJOR: 18/233 - org.apache.commons.lang.text.StrBuilder_ESTest147 (7ms / 18):
    [junit] MAJOR: 1033802 (2 / 18 / 18) -> AVG-RTPM: 429ms
    [junit] MAJOR: Mutants killed / live: 588 (2-1171-3) / 2178
    [junit] MAJOR: ------------------------------------------------------------
    [junit] MAJOR: 19/233 - org.apache.commons.lang.text.StrBuilder_ESTest149 (7ms / 173):
    [junit] MAJOR: 1107742 (119 / 173 / 173) -> AVG-RTPM: 427ms
    [junit] MAJOR: Mutants killed / live: 707 (2-1344-3) / 2059
    [junit] MAJOR: ------------------------------------------------------------
    [junit] MAJOR: 20/233 - org.apache.commons.lang.text.StrBuilder_ESTest158 (7ms / 62):
    [junit] MAJOR: 1134521 (23 / 62 / 62) -> AVG-RTPM: 431ms
    [junit] MAJOR: Mutants killed / live: 730 (2-1406-3) / 2036
    [junit] MAJOR: ------------------------------------------------------------
    [junit] MAJOR: 21/233 - org.apache.commons.lang.text.StrBuilder_ESTest160 (7ms / 184):
    [junit] MAJOR: 1215155 (8 / 184 / 184) -> AVG-RTPM: 438ms
    [junit] MAJOR: Mutants killed / live: 738 (2-1590-3) / 2028
    [junit] MAJOR: ------------------------------------------------------------
    [junit] MAJOR: 22/233 - org.apache.commons.lang.text.StrBuilder_ESTest163 (7ms / 222):
    [junit] MAJOR: 1329410 (112 / 222 / 222) -> AVG-RTPM: 514ms
    [junit] MAJOR: Mutants killed / live: 850 (2-1812-3) / 1916
    [junit] MAJOR: ------------------------------------------------------------
    [junit] MAJOR: 23/233 - org.apache.commons.lang.text.StrBuilder_ESTest114 (8ms / 31):
    [junit] MAJOR: 1343432 (0 / 31 / 31) -> AVG-RTPM: 452ms
    [junit] MAJOR: Mutants killed / live: 850 (2-1843-3) / 1916
    [junit] MAJOR: ------------------------------------------------------------
    [junit] MAJOR: 24/233 - org.apache.commons.lang.text.StrBuilder_ESTest126 (8ms / 71):
    [junit] MAJOR: 1375146 (45 / 71 / 71) -> AVG-RTPM: 446ms
    [junit] MAJOR: Mutants killed / live: 895 (2-1914-3) / 1871
    [junit] MAJOR: ------------------------------------------------------------
    [junit] MAJOR: 25/233 - org.apache.commons.lang.text.StrBuilder_ESTest129 (8ms / 37):
    [junit] MAJOR: 1391748 (3 / 37 / 37) -> AVG-RTPM: 448ms
    [junit] MAJOR: Mutants killed / live: 898 (2-1951-3) / 1868
    [junit] MAJOR: ------------------------------------------------------------
    [junit] MAJOR: 26/233 - org.apache.commons.lang.text.StrBuilder_ESTest133 (8ms / 60):
    [junit] MAJOR: 1418628 (25 / 60 / 60) -> AVG-RTPM: 448ms
    [junit] MAJOR: Mutants killed / live: 923 (2-2011-3) / 1843
    [junit] MAJOR: ------------------------------------------------------------
    [junit] MAJOR: 27/233 - org.apache.commons.lang.text.StrBuilder_ESTest134 (8ms / 77):
    [junit] MAJOR: 1452456 (11 / 77 / 77) -> AVG-RTPM: 439ms
    [junit] MAJOR: Mutants killed / live: 934 (2-2088-3) / 1832
    [junit] MAJOR: ------------------------------------------------------------
    [junit] MAJOR: 28/233 - org.apache.commons.lang.text.StrBuilder_ESTest14 (8ms / 72):
    [junit] MAJOR: 1485199 (21 / 72 / 72) -> AVG-RTPM: 454ms
    [junit] MAJOR: Mutants killed / live: 955 (2-2160-3) / 1811
    [junit] MAJOR: ------------------------------------------------------------
    [junit] MAJOR: 29/233 - org.apache.commons.lang.text.StrBuilder_ESTest15 (8ms / 31):
    [junit] MAJOR: 1498580 (4 / 31 / 31) -> AVG-RTPM: 431ms
    [junit] MAJOR: Mutants killed / live: 959 (2-2191-3) / 1807
    [junit] MAJOR: ------------------------------------------------------------
    [junit] MAJOR: 30/233 - org.apache.commons.lang.text.StrBuilder_ESTest152 (8ms / 17):
    [junit] MAJOR: 1505798 (7 / 17 / 17) -> AVG-RTPM: 424ms
    [junit] MAJOR: Mutants killed / live: 966 (2-2208-3) / 1800
    [junit] MAJOR: ------------------------------------------------------------
    [junit] MAJOR: 31/233 - org.apache.commons.lang.text.StrBuilder_ESTest154 (8ms / 17):
    [junit] MAJOR: 1513736 (7 / 17 / 17) -> AVG-RTPM: 466ms
    [junit] MAJOR: Mutants killed / live: 973 (2-2225-3) / 1793
    [junit] MAJOR: ------------------------------------------------------------
    [junit] MAJOR: 32/233 - org.apache.commons.lang.text.StrBuilder_ESTest155 (8ms / 49):
    [junit] MAJOR: 1535800 (16 / 49 / 49) -> AVG-RTPM: 450ms
    [junit] MAJOR: Mutants killed / live: 989 (2-2274-3) / 1777
    [junit] MAJOR: ------------------------------------------------------------
    [junit] MAJOR: 33/233 - org.apache.commons.lang.text.StrBuilder_ESTest159 (8ms / 18):
    [junit] MAJOR: 1543639 (2 / 18 / 18) -> AVG-RTPM: 435ms
    [junit] MAJOR: Mutants killed / live: 991 (2-2292-3) / 1775
    [junit] MAJOR: ------------------------------------------------------------
    [junit] MAJOR: 34/233 - org.apache.commons.lang.text.StrBuilder_ESTest16 (8ms / 35):
    [junit] MAJOR: 1561494 (1 / 35 / 35) -> AVG-RTPM: 510ms
    [junit] MAJOR: Mutants killed / live: 992 (2-2327-3) / 1774
    [junit] MAJOR: ------------------------------------------------------------
    [junit] MAJOR: 35/233 - org.apache.commons.lang.text.StrBuilder_ESTest161 (8ms / 195):
    [junit] MAJOR: 1647702 (3 / 195 / 195) -> AVG-RTPM: 442ms
    [junit] MAJOR: Mutants killed / live: 995 (2-2522-3) / 1771
    [junit] MAJOR: ------------------------------------------------------------
    [junit] MAJOR: 36/233 - org.apache.commons.lang.text.StrBuilder_ESTest164 (8ms / 212):
    [junit] MAJOR: 1757288 (28 / 212 / 212) -> AVG-RTPM: 516ms
    [junit] MAJOR: Mutants killed / live: 1023 (2-2734-3) / 1743
    [junit] MAJOR: ------------------------------------------------------------
    [junit] MAJOR: 37/233 - org.apache.commons.lang.text.StrBuilder_ESTest165 (8ms / 69):
    [junit] MAJOR: 1788486 (32 / 69 / 69) -> AVG-RTPM: 452ms
    [junit] MAJOR: Mutants killed / live: 1055 (2-2803-3) / 1711
    [junit] MAJOR: ------------------------------------------------------------
    [junit] MAJOR: 38/233 - org.apache.commons.lang.text.StrBuilder_ESTest168 (8ms / 158):
    [junit] MAJOR: 1857004 (84 / 158 / 158) -> AVG-RTPM: 433ms
    [junit] MAJOR: Mutants killed / live: 1139 (2-2961-3) / 1627
    [junit] MAJOR: ------------------------------------------------------------
    [junit] MAJOR: 39/233 - org.apache.commons.lang.text.StrBuilder_ESTest169 (8ms / 163):
    [junit] MAJOR: 1927634 (15 / 163 / 163) -> AVG-RTPM: 433ms
    [junit] MAJOR: Mutants killed / live: 1154 (2-3124-3) / 1612
    [junit] MAJOR: ------------------------------------------------------------
    [junit] MAJOR: 40/233 - org.apache.commons.lang.text.StrBuilder_ESTest17 (8ms / 57):
    [junit] MAJOR: 1957174 (0 / 57 / 57) -> AVG-RTPM: 518ms
    [junit] MAJOR: Mutants killed / live: 1154 (2-3181-3) / 1612
    [junit] MAJOR: ------------------------------------------------------------
    [junit] MAJOR: 41/233 - org.apache.commons.lang.text.StrBuilder_ESTest170 (8ms / 30):
    [junit] MAJOR: 1970262 (20 / 30 / 30) -> AVG-RTPM: 436ms
    [junit] MAJOR: Mutants killed / live: 1174 (2-3211-3) / 1592
    [junit] MAJOR: ------------------------------------------------------------
    [junit] MAJOR: 42/233 - org.apache.commons.lang.text.StrBuilder_ESTest171 (8ms / 41):
    [junit] MAJOR: 1987380 (1 / 41 / 41) -> AVG-RTPM: 417ms
    [junit] MAJOR: Mutants killed / live: 1175 (2-3252-3) / 1591
    [junit] MAJOR: ------------------------------------------------------------
    [junit] MAJOR: 43/233 - org.apache.commons.lang.text.StrBuilder_ESTest172 (8ms / 23):
    [junit] MAJOR: 1997458 (1 / 23 / 23) -> AVG-RTPM: 438ms
    [junit] MAJOR: Mutants killed / live: 1176 (2-3275-3) / 1590
    [junit] MAJOR: ------------------------------------------------------------
    [junit] MAJOR: 44/233 - org.apache.commons.lang.text.StrBuilder_ESTest173 (8ms / 83):
    [junit] MAJOR: 2033829 (17 / 83 / 83) -> AVG-RTPM: 438ms
    [junit] MAJOR: Mutants killed / live: 1193 (2-3358-3) / 1573
    [junit] MAJOR: ------------------------------------------------------------
    [junit] MAJOR: 45/233 - org.apache.commons.lang.text.StrBuilder_ESTest102 (9ms / 13):
    [junit] MAJOR: 2039439 (3 / 13 / 13) -> AVG-RTPM: 431ms
    [junit] MAJOR: Mutants killed / live: 1196 (2-3371-3) / 1570
    [junit] MAJOR: ------------------------------------------------------------
    [junit] MAJOR: 46/233 - org.apache.commons.lang.text.StrBuilder_ESTest107 (9ms / 20):
    [junit] MAJOR: 2048274 (10 / 20 / 20) -> AVG-RTPM: 441ms
    [junit] MAJOR: Mutants killed / live: 1206 (2-3391-3) / 1560
    [junit] MAJOR: ------------------------------------------------------------
    [junit] MAJOR: 47/233 - org.apache.commons.lang.text.StrBuilder_ESTest108 (9ms / 35):
    [junit] MAJOR: 2064047 (9 / 35 / 35) -> AVG-RTPM: 450ms
    [junit] MAJOR: Mutants killed / live: 1215 (2-3426-3) / 1551
    [junit] MAJOR: ------------------------------------------------------------
    [junit] MAJOR: 48/233 - org.apache.commons.lang.text.StrBuilder_ESTest109 (9ms / 132):
    [junit] MAJOR: 2122585 (7 / 132 / 132) -> AVG-RTPM: 443ms
    [junit] MAJOR: Mutants killed / live: 1222 (2-3558-3) / 1544
    [junit] MAJOR: ------------------------------------------------------------
    [junit] MAJOR: 49/233 - org.apache.commons.lang.text.StrBuilder_ESTest111 (9ms / 14):
    [junit] MAJOR: 2129074 (0 / 14 / 14) -> AVG-RTPM: 463ms
    [junit] MAJOR: Mutants killed / live: 1222 (2-3572-3) / 1544
    [junit] MAJOR: ------------------------------------------------------------
    [junit] MAJOR: 50/233 - org.apache.commons.lang.text.StrBuilder_ESTest117 (9ms / 20):
    [junit] MAJOR: 2137881 (9 / 20 / 20) -> AVG-RTPM: 440ms
    [junit] MAJOR: Mutants killed / live: 1231 (2-3592-3) / 1535
    [junit] MAJOR: ------------------------------------------------------------
    [junit] MAJOR: 51/233 - org.apache.commons.lang.text.StrBuilder_ESTest119 (9ms / 30):
    [junit] MAJOR: 2151387 (0 / 30 / 30) -> AVG-RTPM: 450ms
    [junit] MAJOR: Mutants killed / live: 1231 (2-3622-3) / 1535
    [junit] MAJOR: ------------------------------------------------------------
    [junit] MAJOR: 52/233 - org.apache.commons.lang.text.StrBuilder_ESTest127 (9ms / 59):
    [junit] MAJOR: 2177082 (3 / 59 / 59) -> AVG-RTPM: 435ms
    [junit] MAJOR: Mutants killed / live: 1234 (2-3681-3) / 1532
    [junit] MAJOR: ------------------------------------------------------------
    [junit] MAJOR: 53/233 - org.apache.commons.lang.text.StrBuilder_ESTest13 (9ms / 45):
    [junit] MAJOR: 2197654 (0 / 45 / 45) -> AVG-RTPM: 457ms
    [junit] MAJOR: Mutants killed / live: 1234 (2-3726-3) / 1532
    [junit] MAJOR: ------------------------------------------------------------
    [junit] MAJOR: 54/233 - org.apache.commons.lang.text.StrBuilder_ESTest131 (9ms / 93):
    [junit] MAJOR: 2238438 (0 / 93 / 93) -> AVG-RTPM: 438ms
    [junit] MAJOR: Mutants killed / live: 1234 (2-3819-3) / 1532
    [junit] MAJOR: ------------------------------------------------------------
    [junit] MAJOR: 55/233 - org.apache.commons.lang.text.StrBuilder_ESTest132 (9ms / 90):
    [junit] MAJOR: 2278685 (0 / 90 / 90) -> AVG-RTPM: 447ms
    [junit] MAJOR: Mutants killed / live: 1234 (2-3909-3) / 1532
    [junit] MAJOR: ------------------------------------------------------------
    [junit] MAJOR: 56/233 - org.apache.commons.lang.text.StrBuilder_ESTest143 (9ms / 81):
    [junit] MAJOR: 2315243 (25 / 81 / 81) -> AVG-RTPM: 451ms
    [junit] MAJOR: Mutants killed / live: 1259 (2-3990-3) / 1507
    [junit] MAJOR: ------------------------------------------------------------
    [junit] MAJOR: 57/233 - org.apache.commons.lang.text.StrBuilder_ESTest150 (9ms / 78):
    [junit] MAJOR: 2349620 (9 / 78 / 78) -> AVG-RTPM: 440ms
    [junit] MAJOR: Mutants killed / live: 1268 (2-4068-3) / 1498
    [junit] MAJOR: ------------------------------------------------------------
    [junit] MAJOR: 58/233 - org.apache.commons.lang.text.StrBuilder_ESTest151 (9ms / 69):
    [junit] MAJOR: 2380847 (2 / 69 / 69) -> AVG-RTPM: 452ms
    [junit] MAJOR: Mutants killed / live: 1270 (2-4137-3) / 1496
    [junit] MAJOR: ------------------------------------------------------------
    [junit] MAJOR: 59/233 - org.apache.commons.lang.text.StrBuilder_ESTest156 (9ms / 18):
    [junit] MAJOR: 2389044 (2 / 18 / 18) -> AVG-RTPM: 455ms
    [junit] MAJOR: Mutants killed / live: 1272 (2-4155-3) / 1494
    [junit] MAJOR: ------------------------------------------------------------
    [junit] MAJOR: 60/233 - org.apache.commons.lang.text.StrBuilder_ESTest162 (9ms / 59):
    [junit] MAJOR: 2415039 (4 / 59 / 59) -> AVG-RTPM: 440ms
    [junit] MAJOR: Mutants killed / live: 1276 (2-4214-3) / 1490
    [junit] MAJOR: ------------------------------------------------------------
    [junit] MAJOR: 61/233 - org.apache.commons.lang.text.StrBuilder_ESTest167 (9ms / 30):
    [junit] MAJOR: 2428554 (0 / 30 / 30) -> AVG-RTPM: 450ms
    [junit] MAJOR: Mutants killed / live: 1276 (2-4244-3) / 1490
    [junit] MAJOR: ------------------------------------------------------------
    [junit] MAJOR: 62/233 - org.apache.commons.lang.text.StrBuilder_ESTest174 (9ms / 73):
    [junit] MAJOR: 2460936 (1 / 73 / 73) -> AVG-RTPM: 443ms
    [junit] MAJOR: Mutants killed / live: 1277 (2-4317-3) / 1489
    [junit] MAJOR: ------------------------------------------------------------
    [junit] MAJOR: 63/233 - org.apache.commons.lang.text.StrBuilder_ESTest176 (9ms / 41):
    [junit] MAJOR: 2479162 (4 / 41 / 41) -> AVG-RTPM: 444ms
    [junit] MAJOR: Mutants killed / live: 1281 (2-4358-3) / 1485
    [junit] MAJOR: ------------------------------------------------------------
    [junit] MAJOR: 64/233 - org.apache.commons.lang.text.StrBuilder_ESTest177 (9ms / 23):
    [junit] MAJOR: 2489839 (10 / 23 / 23) -> AVG-RTPM: 464ms
    [junit] MAJOR: Mutants killed / live: 1291 (2-4381-3) / 1475
    [junit] MAJOR: ------------------------------------------------------------
    [junit] MAJOR: 65/233 - org.apache.commons.lang.text.StrBuilder_ESTest181 (9ms / 20):
    [junit] MAJOR: 2498882 (9 / 20 / 20) -> AVG-RTPM: 452ms
    [junit] MAJOR: Mutants killed / live: 1300 (2-4401-3) / 1466
    [junit] MAJOR: ------------------------------------------------------------
    [junit] MAJOR: 66/233 - org.apache.commons.lang.text.StrBuilder_ESTest182 (9ms / 62):
    [junit] MAJOR: 2526317 (9 / 62 / 62) -> AVG-RTPM: 442ms
    [junit] MAJOR: Mutants killed / live: 1309 (2-4463-3) / 1457
    [junit] MAJOR: ------------------------------------------------------------
    [junit] MAJOR: 67/233 - org.apache.commons.lang.text.StrBuilder_ESTest19 (9ms / 41):
    [junit] MAJOR: 2544900 (2 / 41 / 41) -> AVG-RTPM: 453ms
    [junit] MAJOR: Mutants killed / live: 1311 (2-4504-3) / 1455
    [junit] MAJOR: ------------------------------------------------------------
    [junit] MAJOR: 68/233 - org.apache.commons.lang.text.StrBuilder_ESTest190 (9ms / 104):
    [junit] MAJOR: 2591937 (17 / 104 / 104) -> AVG-RTPM: 452ms
    [junit] MAJOR: Mutants killed / live: 1328 (2-4608-3) / 1438
    [junit] MAJOR: ------------------------------------------------------------
    [junit] MAJOR: 69/233 - org.apache.commons.lang.text.StrBuilder_ESTest197 (9ms / 42):
    [junit] MAJOR: 2613686 (31 / 42 / 42) -> AVG-RTPM: 517ms
    [junit] MAJOR: Mutants killed / live: 1359 (2-4650-3) / 1407
    [junit] MAJOR: ------------------------------------------------------------
    [junit] MAJOR: 70/233 - org.apache.commons.lang.text.StrBuilder_ESTest198 (9ms / 43):
    [junit] MAJOR: 2633179 (11 / 43 / 43) -> AVG-RTPM: 453ms
    [junit] MAJOR: Mutants killed / live: 1370 (2-4693-3) / 1396
    [junit] MAJOR: ------------------------------------------------------------
    [junit] MAJOR: 71/233 - org.apache.commons.lang.text.StrBuilder_ESTest1 (10ms / 10):
    [junit] MAJOR: 2637635 (0 / 10 / 10) -> AVG-RTPM: 445ms
    [junit] MAJOR: Mutants killed / live: 1370 (2-4703-3) / 1396
    [junit] MAJOR: ------------------------------------------------------------
    [junit] MAJOR: 72/233 - org.apache.commons.lang.text.StrBuilder_ESTest100 (10ms / 47):
    [junit] MAJOR: 2658453 (10 / 47 / 47) -> AVG-RTPM: 442ms
    [junit] MAJOR: Mutants killed / live: 1380 (2-4750-3) / 1386
    [junit] MAJOR: ------------------------------------------------------------
    [junit] MAJOR: 73/233 - org.apache.commons.lang.text.StrBuilder_ESTest101 (10ms / 110):
    [junit] MAJOR: 2707921 (10 / 110 / 110) -> AVG-RTPM: 449ms
    [junit] MAJOR: Mutants killed / live: 1390 (2-4860-3) / 1376
    [junit] MAJOR: ------------------------------------------------------------
    [junit] MAJOR: 74/233 - org.apache.commons.lang.text.StrBuilder_ESTest104 (10ms / 20):
    [junit] MAJOR: 2717230 (0 / 20 / 20) -> AVG-RTPM: 465ms
    [junit] MAJOR: Mutants killed / live: 1390 (2-4880-3) / 1376
    [junit] MAJOR: ------------------------------------------------------------
    [junit] MAJOR: 75/233 - org.apache.commons.lang.text.StrBuilder_ESTest105 (10ms / 34):
    [junit] MAJOR: 2732746 (0 / 34 / 34) -> AVG-RTPM: 456ms
    [junit] MAJOR: Mutants killed / live: 1390 (2-4914-3) / 1376
    [junit] MAJOR: ------------------------------------------------------------
    [junit] MAJOR: 76/233 - org.apache.commons.lang.text.StrBuilder_ESTest110 (10ms / 184):
    [junit] MAJOR: 2816198 (1 / 184 / 184) -> AVG-RTPM: 453ms
    [junit] MAJOR: Mutants killed / live: 1391 (2-5098-3) / 1375
    [junit] MAJOR: ------------------------------------------------------------
    [junit] MAJOR: 77/233 - org.apache.commons.lang.text.StrBuilder_ESTest153 (10ms / 72):
    [junit] MAJOR: 2848400 (31 / 72 / 72) -> AVG-RTPM: 447ms
    [junit] MAJOR: Mutants killed / live: 1422 (2-5170-3) / 1344
    [junit] MAJOR: ------------------------------------------------------------
    [junit] MAJOR: 78/233 - org.apache.commons.lang.text.StrBuilder_ESTest166 (10ms / 20):
    [junit] MAJOR: 2857323 (0 / 20 / 20) -> AVG-RTPM: 446ms
    [junit] MAJOR: Mutants killed / live: 1422 (2-5190-3) / 1344
    [junit] MAJOR: ------------------------------------------------------------
    [junit] MAJOR: 79/233 - org.apache.commons.lang.text.StrBuilder_ESTest175 (10ms / 30):
    [junit] MAJOR: 2871374 (8 / 30 / 30) -> AVG-RTPM: 468ms
    [junit] MAJOR: Mutants killed / live: 1430 (2-5220-3) / 1336
    [junit] MAJOR: ------------------------------------------------------------
    [junit] MAJOR: 80/233 - org.apache.commons.lang.text.StrBuilder_ESTest178 (10ms / 110):
    [junit] MAJOR: 2922492 (21 / 110 / 110) -> AVG-RTPM: 464ms
    [junit] MAJOR: Mutants killed / live: 1451 (2-5330-3) / 1315
    [junit] MAJOR: ------------------------------------------------------------
    [junit] MAJOR: 81/233 - org.apache.commons.lang.text.StrBuilder_ESTest18 (10ms / 45):
    [junit] MAJOR: 2943768 (0 / 45 / 45) -> AVG-RTPM: 472ms
    [junit] MAJOR: Mutants killed / live: 1451 (2-5375-3) / 1315
    [junit] MAJOR: ------------------------------------------------------------
    [junit] MAJOR: 82/233 - org.apache.commons.lang.text.StrBuilder_ESTest180 (10ms / 55):
    [junit] MAJOR: 2970439 (2 / 55 / 55) -> AVG-RTPM: 484ms
    [junit] MAJOR: Mutants killed / live: 1453 (2-5430-3) / 1313
    [junit] MAJOR: ------------------------------------------------------------
    [junit] MAJOR: 83/233 - org.apache.commons.lang.text.StrBuilder_ESTest183 (10ms / 28):
    [junit] MAJOR: 2983777 (18 / 28 / 28) -> AVG-RTPM: 476ms
    [junit] MAJOR: Mutants killed / live: 1471 (2-5458-3) / 1295
    [junit] MAJOR: ------------------------------------------------------------
    [junit] MAJOR: 84/233 - org.apache.commons.lang.text.StrBuilder_ESTest184 (10ms / 20):
    [junit] MAJOR: 2993358 (0 / 20 / 20) -> AVG-RTPM: 479ms
    [junit] MAJOR: Mutants killed / live: 1471 (2-5478-3) / 1295
    [junit] MAJOR: ------------------------------------------------------------
    [junit] MAJOR: 85/233 - org.apache.commons.lang.text.StrBuilder_ESTest186 (10ms / 42):
    [junit] MAJOR: 3012877 (32 / 42 / 42) -> AVG-RTPM: 464ms
    [junit] MAJOR: Mutants killed / live: 1503 (2-5520-3) / 1263
    [junit] MAJOR: ------------------------------------------------------------
    [junit] MAJOR: 86/233 - org.apache.commons.lang.text.StrBuilder_ESTest188 (10ms / 113):
    [junit] MAJOR: 3066941 (11 / 113 / 113) -> AVG-RTPM: 478ms
    [junit] MAJOR: Mutants killed / live: 1514 (2-5633-3) / 1252
    [junit] MAJOR: ------------------------------------------------------------
    [junit] MAJOR: 87/233 - org.apache.commons.lang.text.StrBuilder_ESTest189 (10ms / 137):
    [junit] MAJOR: 3132725 (7 / 137 / 137) -> AVG-RTPM: 480ms
    [junit] MAJOR: Mutants killed / live: 1521 (2-5770-3) / 1245
    [junit] MAJOR: ------------------------------------------------------------
    [junit] MAJOR: 88/233 - org.apache.commons.lang.text.StrBuilder_ESTest191 (10ms / 104):
    [junit] MAJOR: 3182801 (1 / 104 / 104) -> AVG-RTPM: 481ms
    [junit] MAJOR: Mutants killed / live: 1522 (2-5874-3) / 1244
    [junit] MAJOR: ------------------------------------------------------------
    [junit] MAJOR: 89/233 - org.apache.commons.lang.text.StrBuilder_ESTest192 (10ms / 44):
    [junit] MAJOR: 3203716 (11 / 44 / 44) -> AVG-RTPM: 475ms
    [junit] MAJOR: Mutants killed / live: 1533 (2-5918-3) / 1233
    [junit] MAJOR: ------------------------------------------------------------
    [junit] MAJOR: 90/233 - org.apache.commons.lang.text.StrBuilder_ESTest193 (10ms / 93):

BUILD FAILED
/home/donghwan/defects4j/framework/projects/defects4j.build.xml:185: Parallel execution timed out

Total time: 59 minutes 26 seconds
