
init:
     [echo] -------- commons-lang 2.4-SNAPSHOT --------

prepare:

static:

compile:
    [javac] /tmp/run_mutation.pl_18671_1501605468/48f/build.xml:65: warning: 'includeantruntime' was not set, defaulting to build.sysclasspath=last; set to false for repeatable builds

compile.tests:
    [javac] /tmp/run_mutation.pl_18671_1501605468/48f/build.xml:73: warning: 'includeantruntime' was not set, defaulting to build.sysclasspath=last; set to false for repeatable builds
    [javac] Compiling 147 source files to /tmp/run_mutation.pl_18671_1501605468/48f/target/tests
    [javac] warning: [options] bootstrap class path not set in conjunction with -source 1.3
    [javac] /tmp/run_mutation.pl_18671_1501605468/48f/src/test/org/apache/commons/lang/AllLangTestSuite.java:63: warning: as of release 5, 'enum' is a keyword, and may not be used as an identifier
    [javac]         suite.addTest(org.apache.commons.lang.enum.EnumTestSuite.suite());
    [javac]                                               ^
    [javac]   (use -source 5 or higher to use 'enum' as a keyword)
    [javac] /tmp/run_mutation.pl_18671_1501605468/48f/src/test/org/apache/commons/lang/enum/Broken1Enum.java:17: warning: as of release 5, 'enum' is a keyword, and may not be used as an identifier
    [javac] package org.apache.commons.lang.enum;
    [javac]                                 ^
    [javac]   (use -source 5 or higher to use 'enum' as a keyword)
    [javac] /tmp/run_mutation.pl_18671_1501605468/48f/src/test/org/apache/commons/lang/enum/Broken1OperationEnum.java:17: warning: as of release 5, 'enum' is a keyword, and may not be used as an identifier
    [javac] package org.apache.commons.lang.enum;
    [javac]                                 ^
    [javac]   (use -source 5 or higher to use 'enum' as a keyword)
    [javac] /tmp/run_mutation.pl_18671_1501605468/48f/src/test/org/apache/commons/lang/enum/Broken2Enum.java:17: warning: as of release 5, 'enum' is a keyword, and may not be used as an identifier
    [javac] package org.apache.commons.lang.enum;
    [javac]                                 ^
    [javac]   (use -source 5 or higher to use 'enum' as a keyword)
    [javac] /tmp/run_mutation.pl_18671_1501605468/48f/src/test/org/apache/commons/lang/enum/Broken2OperationEnum.java:17: warning: as of release 5, 'enum' is a keyword, and may not be used as an identifier
    [javac] package org.apache.commons.lang.enum;
    [javac]                                 ^
    [javac]   (use -source 5 or higher to use 'enum' as a keyword)
    [javac] /tmp/run_mutation.pl_18671_1501605468/48f/src/test/org/apache/commons/lang/enum/Broken3Enum.java:17: warning: as of release 5, 'enum' is a keyword, and may not be used as an identifier
    [javac] package org.apache.commons.lang.enum;
    [javac]                                 ^
    [javac]   (use -source 5 or higher to use 'enum' as a keyword)
    [javac] /tmp/run_mutation.pl_18671_1501605468/48f/src/test/org/apache/commons/lang/enum/Broken3OperationEnum.java:17: warning: as of release 5, 'enum' is a keyword, and may not be used as an identifier
    [javac] package org.apache.commons.lang.enum;
    [javac]                                 ^
    [javac]   (use -source 5 or higher to use 'enum' as a keyword)
    [javac] /tmp/run_mutation.pl_18671_1501605468/48f/src/test/org/apache/commons/lang/enum/Broken4OperationEnum.java:17: warning: as of release 5, 'enum' is a keyword, and may not be used as an identifier
    [javac] package org.apache.commons.lang.enum;
    [javac]                                 ^
    [javac]   (use -source 5 or higher to use 'enum' as a keyword)
    [javac] /tmp/run_mutation.pl_18671_1501605468/48f/src/test/org/apache/commons/lang/enum/Broken5OperationEnum.java:17: warning: as of release 5, 'enum' is a keyword, and may not be used as an identifier
    [javac] package org.apache.commons.lang.enum;
    [javac]                                 ^
    [javac]   (use -source 5 or higher to use 'enum' as a keyword)
    [javac] /tmp/run_mutation.pl_18671_1501605468/48f/src/test/org/apache/commons/lang/enum/ColorEnum.java:17: warning: as of release 5, 'enum' is a keyword, and may not be used as an identifier
    [javac] package org.apache.commons.lang.enum;
    [javac]                                 ^
    [javac]   (use -source 5 or higher to use 'enum' as a keyword)
    [javac] /tmp/run_mutation.pl_18671_1501605468/48f/src/test/org/apache/commons/lang/enum/DummyEnum.java:17: warning: as of release 5, 'enum' is a keyword, and may not be used as an identifier
    [javac] package org.apache.commons.lang.enum;
    [javac]                                 ^
    [javac]   (use -source 5 or higher to use 'enum' as a keyword)
    [javac] /tmp/run_mutation.pl_18671_1501605468/48f/src/test/org/apache/commons/lang/enum/EnumTest.java:18: warning: as of release 5, 'enum' is a keyword, and may not be used as an identifier
    [javac] package org.apache.commons.lang.enum;
    [javac]                                 ^
    [javac]   (use -source 5 or higher to use 'enum' as a keyword)
    [javac] /tmp/run_mutation.pl_18671_1501605468/48f/src/test/org/apache/commons/lang/enum/EnumTestSuite.java:17: warning: as of release 5, 'enum' is a keyword, and may not be used as an identifier
    [javac] package org.apache.commons.lang.enum;
    [javac]                                 ^
    [javac]   (use -source 5 or higher to use 'enum' as a keyword)
    [javac] /tmp/run_mutation.pl_18671_1501605468/48f/src/test/org/apache/commons/lang/enum/EnumUtilsTest.java:17: warning: as of release 5, 'enum' is a keyword, and may not be used as an identifier
    [javac] package org.apache.commons.lang.enum;
    [javac]                                 ^
    [javac]   (use -source 5 or higher to use 'enum' as a keyword)
    [javac] /tmp/run_mutation.pl_18671_1501605468/48f/src/test/org/apache/commons/lang/enum/Extended1Enum.java:19: warning: as of release 5, 'enum' is a keyword, and may not be used as an identifier
    [javac] package org.apache.commons.lang.enum;
    [javac]                                 ^
    [javac]   (use -source 5 or higher to use 'enum' as a keyword)
    [javac] /tmp/run_mutation.pl_18671_1501605468/48f/src/test/org/apache/commons/lang/enum/Extended2Enum.java:19: warning: as of release 5, 'enum' is a keyword, and may not be used as an identifier
    [javac] package org.apache.commons.lang.enum;
    [javac]                                 ^
    [javac]   (use -source 5 or higher to use 'enum' as a keyword)
    [javac] /tmp/run_mutation.pl_18671_1501605468/48f/src/test/org/apache/commons/lang/enum/Extended3Enum.java:19: warning: as of release 5, 'enum' is a keyword, and may not be used as an identifier
    [javac] package org.apache.commons.lang.enum;
    [javac]                                 ^
    [javac]   (use -source 5 or higher to use 'enum' as a keyword)
    [javac] /tmp/run_mutation.pl_18671_1501605468/48f/src/test/org/apache/commons/lang/enum/Nest.java:17: warning: as of release 5, 'enum' is a keyword, and may not be used as an identifier
    [javac] package org.apache.commons.lang.enum;
    [javac]                                 ^
    [javac]   (use -source 5 or higher to use 'enum' as a keyword)
    [javac] /tmp/run_mutation.pl_18671_1501605468/48f/src/test/org/apache/commons/lang/enum/NestBroken.java:17: warning: as of release 5, 'enum' is a keyword, and may not be used as an identifier
    [javac] package org.apache.commons.lang.enum;
    [javac]                                 ^
    [javac]   (use -source 5 or higher to use 'enum' as a keyword)
    [javac] /tmp/run_mutation.pl_18671_1501605468/48f/src/test/org/apache/commons/lang/enum/NestLinked.java:17: warning: as of release 5, 'enum' is a keyword, and may not be used as an identifier
    [javac] package org.apache.commons.lang.enum;
    [javac]                                 ^
    [javac]   (use -source 5 or higher to use 'enum' as a keyword)
    [javac] /tmp/run_mutation.pl_18671_1501605468/48f/src/test/org/apache/commons/lang/enum/NestReferenced.java:17: warning: as of release 5, 'enum' is a keyword, and may not be used as an identifier
    [javac] package org.apache.commons.lang.enum;
    [javac]                                 ^
    [javac]   (use -source 5 or higher to use 'enum' as a keyword)
    [javac] /tmp/run_mutation.pl_18671_1501605468/48f/src/test/org/apache/commons/lang/enum/OperationEnum.java:17: warning: as of release 5, 'enum' is a keyword, and may not be used as an identifier
    [javac] package org.apache.commons.lang.enum;
    [javac]                                 ^
    [javac]   (use -source 5 or higher to use 'enum' as a keyword)
    [javac] /tmp/run_mutation.pl_18671_1501605468/48f/src/test/org/apache/commons/lang/enum/ValuedColorEnum.java:17: warning: as of release 5, 'enum' is a keyword, and may not be used as an identifier
    [javac] package org.apache.commons.lang.enum;
    [javac]                                 ^
    [javac]   (use -source 5 or higher to use 'enum' as a keyword)
    [javac] /tmp/run_mutation.pl_18671_1501605468/48f/src/test/org/apache/commons/lang/enum/ValuedEnumTest.java:17: warning: as of release 5, 'enum' is a keyword, and may not be used as an identifier
    [javac] package org.apache.commons.lang.enum;
    [javac]                                 ^
    [javac]   (use -source 5 or higher to use 'enum' as a keyword)
    [javac] Note: Some input files use or override a deprecated API.
    [javac] Note: Recompile with -Xlint:deprecation for details.
    [javac] 25 warnings
     [copy] Copying 13 files to /tmp/run_mutation.pl_18671_1501605468/48f/target/tests

update.all.tests:

mutation.test:
     [echo] Running mutation analysis ...
    [junit] MAJOR: Mutation analysis enabled
SLF4J: Failed to load class "org.slf4j.impl.StaticLoggerBinder".
SLF4J: Defaulting to no-operation (NOP) logger implementation
SLF4J: See http://www.slf4j.org/codes.html#StaticLoggerBinder for further details.
    [junit] MAJOR: ------------------------------------------------------------
    [junit] MAJOR: Run 79 ordered tests to verify independence
    [junit] MAJOR: ------------------------------------------------------------
    [junit] MAJOR: Preprocessing time: 46.42 seconds
    [junit] MAJOR: ------------------------------------------------------------
    [junit] MAJOR: Mutants generated: 711
    [junit] MAJOR: Mutants covered:   703 (98.87%)
    [junit] MAJOR: ------------------------------------------------------------
    [junit] MAJOR: Export test map to (testMap.csv)
    [junit] MAJOR: Export coverage map to (covMap.csv)
    [junit] MAJOR: Exclude 0 mutants
    [junit] MAJOR: ------------------------------------------------------------
    [junit] MAJOR: Run mutation analysis with 79 individual tests
    [junit] MAJOR: ------------------------------------------------------------
    [junit] MAJOR: 1/79 - org.apache.commons.lang.builder.EqualsBuilder_ESTest34 (7ms / 33):
    [junit] MAJOR: 21463 (14 / 33 / 33) -> AVG-RTPM: 650ms
    [junit] MAJOR: Mutants killed / live: 14 (10-4-0) / 689
    [junit] MAJOR: ------------------------------------------------------------
    [junit] MAJOR: 2/79 - org.apache.commons.lang.builder.EqualsBuilder_ESTest50 (7ms / 10):
    [junit] MAJOR: 29251 (0 / 10 / 10) -> AVG-RTPM: 778ms
    [junit] MAJOR: Mutants killed / live: 14 (11-4-0) / 689
    [junit] MAJOR: ------------------------------------------------------------
    [junit] MAJOR: 3/79 - org.apache.commons.lang.builder.EqualsBuilder_ESTest51 (7ms / 23):
    [junit] MAJOR: 52720 (14 / 23 / 23) -> AVG-RTPM: 1020ms
    [junit] MAJOR: Mutants killed / live: 28 (21-10-0) / 675
    [junit] MAJOR: ------------------------------------------------------------
    [junit] MAJOR: 4/79 - org.apache.commons.lang.builder.EqualsBuilder_ESTest52 (7ms / 26):
    [junit] MAJOR: 84448 (3 / 26 / 26) -> AVG-RTPM: 1220ms
    [junit] MAJOR: Mutants killed / live: 31 (31-16-0) / 672
    [junit] MAJOR: ------------------------------------------------------------
    [junit] MAJOR: 5/79 - org.apache.commons.lang.builder.EqualsBuilder_ESTest53 (7ms / 61):
    [junit] MAJOR: 192744 (17 / 61 / 61) -> AVG-RTPM: 1775ms
    [junit] MAJOR: Mutants killed / live: 48 (46-22-0) / 655
    [junit] MAJOR: ------------------------------------------------------------
    [junit] MAJOR: 6/79 - org.apache.commons.lang.builder.EqualsBuilder_ESTest11 (9ms / 8):
    [junit] MAJOR: 209923 (0 / 8 / 8) -> AVG-RTPM: 2147ms
    [junit] MAJOR: Mutants killed / live: 48 (47-22-0) / 655
    [junit] MAJOR: ------------------------------------------------------------
    [junit] MAJOR: 7/79 - org.apache.commons.lang.builder.EqualsBuilder_ESTest28 (9ms / 29):
    [junit] MAJOR: 230646 (27 / 29 / 29) -> AVG-RTPM: 714ms
    [junit] MAJOR: Mutants killed / live: 75 (51-47-0) / 628
    [junit] MAJOR: ------------------------------------------------------------
    [junit] MAJOR: 8/79 - org.apache.commons.lang.builder.EqualsBuilder_ESTest3 (10ms / 22):
    [junit] MAJOR: 238410 (21 / 22 / 22) -> AVG-RTPM: 352ms
    [junit] MAJOR: Mutants killed / live: 96 (51-69-0) / 607
    [junit] MAJOR: ------------------------------------------------------------
    [junit] MAJOR: 9/79 - org.apache.commons.lang.builder.EqualsBuilder_ESTest32 (10ms / 23):
    [junit] MAJOR: 245410 (15 / 23 / 23) -> AVG-RTPM: 304ms
    [junit] MAJOR: Mutants killed / live: 111 (51-92-0) / 592
    [junit] MAJOR: ------------------------------------------------------------
    [junit] MAJOR: 10/79 - org.apache.commons.lang.builder.EqualsBuilder_ESTest37 (10ms / 39):
    [junit] MAJOR: 257706 (15 / 39 / 39) -> AVG-RTPM: 315ms
    [junit] MAJOR: Mutants killed / live: 126 (51-131-0) / 577
    [junit] MAJOR: ------------------------------------------------------------
    [junit] MAJOR: 11/79 - org.apache.commons.lang.builder.EqualsBuilder_ESTest46 (10ms / 23):
    [junit] MAJOR: 265812 (21 / 23 / 23) -> AVG-RTPM: 352ms
    [junit] MAJOR: Mutants killed / live: 147 (51-154-0) / 556
    [junit] MAJOR: ------------------------------------------------------------
    [junit] MAJOR: 12/79 - org.apache.commons.lang.builder.EqualsBuilder_ESTest54 (10ms / 73):
    [junit] MAJOR: 290326 (72 / 73 / 73) -> AVG-RTPM: 335ms
    [junit] MAJOR: Mutants killed / live: 219 (51-227-0) / 484
    [junit] MAJOR: ------------------------------------------------------------
    [junit] MAJOR: 13/79 - org.apache.commons.lang.builder.EqualsBuilder_ESTest55 (10ms / 10):
    [junit] MAJOR: 293374 (3 / 10 / 10) -> AVG-RTPM: 304ms
    [junit] MAJOR: Mutants killed / live: 222 (51-237-0) / 481
    [junit] MAJOR: ------------------------------------------------------------
    [junit] MAJOR: 14/79 - org.apache.commons.lang.builder.EqualsBuilder_ESTest56 (10ms / 61):
    [junit] MAJOR: 313762 (51 / 61 / 61) -> AVG-RTPM: 334ms
    [junit] MAJOR: Mutants killed / live: 273 (51-298-0) / 430
    [junit] MAJOR: ------------------------------------------------------------
    [junit] MAJOR: 15/79 - org.apache.commons.lang.builder.EqualsBuilder_ESTest12 (11ms / 19):
    [junit] MAJOR: 319879 (12 / 19 / 19) -> AVG-RTPM: 321ms
    [junit] MAJOR: Mutants killed / live: 285 (51-317-0) / 418
    [junit] MAJOR: ------------------------------------------------------------
    [junit] MAJOR: 16/79 - org.apache.commons.lang.builder.EqualsBuilder_ESTest29 (11ms / 10):
    [junit] MAJOR: 323311 (0 / 10 / 10) -> AVG-RTPM: 343ms
    [junit] MAJOR: Mutants killed / live: 285 (51-327-0) / 418
    [junit] MAJOR: ------------------------------------------------------------
    [junit] MAJOR: 17/79 - org.apache.commons.lang.builder.EqualsBuilder_ESTest30 (11ms / 19):
    [junit] MAJOR: 329907 (0 / 19 / 19) -> AVG-RTPM: 347ms
    [junit] MAJOR: Mutants killed / live: 285 (51-346-0) / 418
    [junit] MAJOR: ------------------------------------------------------------
    [junit] MAJOR: 18/79 - org.apache.commons.lang.builder.EqualsBuilder_ESTest33 (11ms / 26):
    [junit] MAJOR: 338155 (3 / 26 / 26) -> AVG-RTPM: 317ms
    [junit] MAJOR: Mutants killed / live: 288 (51-372-0) / 415
    [junit] MAJOR: ------------------------------------------------------------
    [junit] MAJOR: 19/79 - org.apache.commons.lang.builder.EqualsBuilder_ESTest5 (11ms / 17):
    [junit] MAJOR: 343133 (1 / 17 / 17) -> AVG-RTPM: 292ms
    [junit] MAJOR: Mutants killed / live: 289 (51-389-0) / 414
    [junit] MAJOR: ------------------------------------------------------------
    [junit] MAJOR: 20/79 - org.apache.commons.lang.builder.EqualsBuilder_ESTest57 (11ms / 61):
    [junit] MAJOR: 362416 (0 / 61 / 61) -> AVG-RTPM: 316ms
    [junit] MAJOR: Mutants killed / live: 289 (51-450-0) / 414
    [junit] MAJOR: ------------------------------------------------------------
    [junit] MAJOR: 21/79 - org.apache.commons.lang.builder.EqualsBuilder_ESTest6 (11ms / 84):
    [junit] MAJOR: 388541 (65 / 84 / 84) -> AVG-RTPM: 311ms
    [junit] MAJOR: Mutants killed / live: 354 (51-534-0) / 349
    [junit] MAJOR: ------------------------------------------------------------
    [junit] MAJOR: 22/79 - org.apache.commons.lang.builder.EqualsBuilder_ESTest69 (11ms / 23):
    [junit] MAJOR: 396135 (2 / 23 / 23) -> AVG-RTPM: 330ms
    [junit] MAJOR: Mutants killed / live: 356 (51-557-0) / 347
    [junit] MAJOR: ------------------------------------------------------------
    [junit] MAJOR: 23/79 - org.apache.commons.lang.builder.EqualsBuilder_ESTest74 (11ms / 10):
    [junit] MAJOR: 400254 (9 / 10 / 10) -> AVG-RTPM: 411ms
    [junit] MAJOR: Mutants killed / live: 365 (51-567-0) / 338
    [junit] MAJOR: ------------------------------------------------------------
    [junit] MAJOR: 24/79 - org.apache.commons.lang.builder.EqualsBuilder_ESTest75 (11ms / 23):
    [junit] MAJOR: 407591 (12 / 23 / 23) -> AVG-RTPM: 319ms
    [junit] MAJOR: Mutants killed / live: 377 (51-590-0) / 326
    [junit] MAJOR: ------------------------------------------------------------
    [junit] MAJOR: 25/79 - org.apache.commons.lang.builder.EqualsBuilder_ESTest14 (12ms / 35):
    [junit] MAJOR: 419246 (34 / 35 / 35) -> AVG-RTPM: 333ms
    [junit] MAJOR: Mutants killed / live: 411 (51-625-0) / 292
    [junit] MAJOR: ------------------------------------------------------------
    [junit] MAJOR: 26/79 - org.apache.commons.lang.builder.EqualsBuilder_ESTest27 (12ms / 21):
    [junit] MAJOR: 426411 (14 / 21 / 21) -> AVG-RTPM: 341ms
    [junit] MAJOR: Mutants killed / live: 425 (51-646-0) / 278
    [junit] MAJOR: ------------------------------------------------------------
    [junit] MAJOR: 27/79 - org.apache.commons.lang.builder.EqualsBuilder_ESTest59 (12ms / 10):
    [junit] MAJOR: 429622 (0 / 10 / 10) -> AVG-RTPM: 321ms
    [junit] MAJOR: Mutants killed / live: 425 (51-656-0) / 278
    [junit] MAJOR: ------------------------------------------------------------
    [junit] MAJOR: 28/79 - org.apache.commons.lang.builder.EqualsBuilder_ESTest68 (12ms / 10):
    [junit] MAJOR: 433132 (0 / 10 / 10) -> AVG-RTPM: 351ms
    [junit] MAJOR: Mutants killed / live: 425 (51-666-0) / 278
    [junit] MAJOR: ------------------------------------------------------------
    [junit] MAJOR: 29/79 - org.apache.commons.lang.builder.EqualsBuilder_ESTest72 (12ms / 67):
    [junit] MAJOR: 455878 (0 / 67 / 67) -> AVG-RTPM: 339ms
    [junit] MAJOR: Mutants killed / live: 425 (51-733-0) / 278
    [junit] MAJOR: ------------------------------------------------------------
    [junit] MAJOR: 30/79 - org.apache.commons.lang.builder.EqualsBuilder_ESTest73 (12ms / 73):
    [junit] MAJOR: 479845 (52 / 73 / 73) -> AVG-RTPM: 328ms
    [junit] MAJOR: Mutants killed / live: 477 (51-806-0) / 226
    [junit] MAJOR: ------------------------------------------------------------
    [junit] MAJOR: 31/79 - org.apache.commons.lang.builder.EqualsBuilder_ESTest78 (12ms / 59):
    [junit] MAJOR: 498458 (27 / 59 / 59) -> AVG-RTPM: 315ms
    [junit] MAJOR: Mutants killed / live: 504 (51-865-0) / 199
    [junit] MAJOR: ------------------------------------------------------------
    [junit] MAJOR: 32/79 - org.apache.commons.lang.builder.EqualsBuilder_ESTest1 (13ms / 157):
    [junit] MAJOR: 548249 (22 / 157 / 157) -> AVG-RTPM: 317ms
    [junit] MAJOR: Mutants killed / live: 526 (51-1022-0) / 177
    [junit] MAJOR: ------------------------------------------------------------
    [junit] MAJOR: 33/79 - org.apache.commons.lang.builder.EqualsBuilder_ESTest24 (13ms / 21):
    [junit] MAJOR: 554726 (6 / 21 / 21) -> AVG-RTPM: 308ms
    [junit] MAJOR: Mutants killed / live: 532 (51-1043-0) / 171
    [junit] MAJOR: ------------------------------------------------------------
    [junit] MAJOR: 34/79 - org.apache.commons.lang.builder.EqualsBuilder_ESTest23 (14ms / 21):
    [junit] MAJOR: 561925 (0 / 21 / 21) -> AVG-RTPM: 342ms
    [junit] MAJOR: Mutants killed / live: 532 (51-1064-0) / 171
    [junit] MAJOR: ------------------------------------------------------------
    [junit] MAJOR: 35/79 - org.apache.commons.lang.builder.EqualsBuilder_ESTest49 (14ms / 61):
    [junit] MAJOR: 582578 (27 / 61 / 61) -> AVG-RTPM: 338ms
    [junit] MAJOR: Mutants killed / live: 559 (51-1125-0) / 144
    [junit] MAJOR: ------------------------------------------------------------
    [junit] MAJOR: 36/79 - org.apache.commons.lang.builder.EqualsBuilder_ESTest61 (14ms / 33):
    [junit] MAJOR: 593393 (12 / 33 / 33) -> AVG-RTPM: 327ms
    [junit] MAJOR: Mutants killed / live: 571 (51-1158-0) / 132
    [junit] MAJOR: ------------------------------------------------------------
    [junit] MAJOR: 37/79 - org.apache.commons.lang.builder.EqualsBuilder_ESTest7 (14ms / 119):
    [junit] MAJOR: 634599 (1 / 119 / 119) -> AVG-RTPM: 346ms
    [junit] MAJOR: Mutants killed / live: 572 (51-1277-0) / 131
    [junit] MAJOR: ------------------------------------------------------------
    [junit] MAJOR: 38/79 - org.apache.commons.lang.builder.EqualsBuilder_ESTest70 (14ms / 26):
    [junit] MAJOR: 643507 (0 / 26 / 26) -> AVG-RTPM: 342ms
    [junit] MAJOR: Mutants killed / live: 572 (51-1303-0) / 131
    [junit] MAJOR: ------------------------------------------------------------
    [junit] MAJOR: 39/79 - org.apache.commons.lang.builder.EqualsBuilder_ESTest31 (17ms / 56):
    [junit] MAJOR: 660475 (20 / 56 / 56) -> AVG-RTPM: 303ms
    [junit] MAJOR: Mutants killed / live: 592 (51-1359-0) / 111
    [junit] MAJOR: ------------------------------------------------------------
    [junit] MAJOR: 40/79 - org.apache.commons.lang.builder.EqualsBuilder_ESTest26 (18ms / 21):
    [junit] MAJOR: 667283 (0 / 21 / 21) -> AVG-RTPM: 324ms
    [junit] MAJOR: Mutants killed / live: 592 (51-1380-0) / 111
    [junit] MAJOR: ------------------------------------------------------------
    [junit] MAJOR: 41/79 - org.apache.commons.lang.builder.EqualsBuilder_ESTest38 (18ms / 61):
    [junit] MAJOR: 687020 (40 / 61 / 61) -> AVG-RTPM: 323ms
    [junit] MAJOR: Mutants killed / live: 632 (51-1441-0) / 71
    [junit] MAJOR: ------------------------------------------------------------
    [junit] MAJOR: 42/79 - org.apache.commons.lang.builder.EqualsBuilder_ESTest48 (18ms / 33):
    [junit] MAJOR: 698036 (2 / 33 / 33) -> AVG-RTPM: 333ms
    [junit] MAJOR: Mutants killed / live: 634 (51-1474-0) / 69
    [junit] MAJOR: ------------------------------------------------------------
    [junit] MAJOR: 43/79 - org.apache.commons.lang.builder.EqualsBuilder_ESTest36 (19ms / 10):
    [junit] MAJOR: 700911 (0 / 10 / 10) -> AVG-RTPM: 287ms
    [junit] MAJOR: Mutants killed / live: 634 (51-1484-0) / 69
    [junit] MAJOR: ------------------------------------------------------------
    [junit] MAJOR: 44/79 - org.apache.commons.lang.builder.EqualsBuilder_ESTest76 (20ms / 26):
    [junit] MAJOR: 709639 (0 / 26 / 26) -> AVG-RTPM: 335ms
    [junit] MAJOR: Mutants killed / live: 634 (51-1510-0) / 69
    [junit] MAJOR: ------------------------------------------------------------
    [junit] MAJOR: 45/79 - org.apache.commons.lang.builder.EqualsBuilder_ESTest43 (21ms / 10):
    [junit] MAJOR: 713222 (0 / 10 / 10) -> AVG-RTPM: 358ms
    [junit] MAJOR: Mutants killed / live: 634 (51-1520-0) / 69
    [junit] MAJOR: ------------------------------------------------------------
    [junit] MAJOR: 46/79 - org.apache.commons.lang.builder.EqualsBuilder_ESTest2 (22ms / 4):
    [junit] MAJOR: 714262 (1 / 4 / 4) -> AVG-RTPM: 260ms
    [junit] MAJOR: Mutants killed / live: 635 (51-1524-0) / 68
    [junit] MAJOR: ------------------------------------------------------------
    [junit] MAJOR: 47/79 - org.apache.commons.lang.builder.EqualsBuilder_ESTest62 (22ms / 21):
    [junit] MAJOR: 721395 (0 / 21 / 21) -> AVG-RTPM: 339ms
    [junit] MAJOR: Mutants killed / live: 635 (51-1545-0) / 68
    [junit] MAJOR: ------------------------------------------------------------
    [junit] MAJOR: 48/79 - org.apache.commons.lang.builder.EqualsBuilder_ESTest15 (24ms / 35):
    [junit] MAJOR: 732696 (0 / 35 / 35) -> AVG-RTPM: 322ms
    [junit] MAJOR: Mutants killed / live: 635 (51-1580-0) / 68
    [junit] MAJOR: ------------------------------------------------------------
    [junit] MAJOR: 49/79 - org.apache.commons.lang.builder.EqualsBuilder_ESTest16 (24ms / 31):
    [junit] MAJOR: 742802 (2 / 31 / 31) -> AVG-RTPM: 326ms
    [junit] MAJOR: Mutants killed / live: 637 (51-1611-0) / 66
    [junit] MAJOR: ------------------------------------------------------------
    [junit] MAJOR: 50/79 - org.apache.commons.lang.builder.EqualsBuilder_ESTest18 (24ms / 95):
    [junit] MAJOR: 775588 (1 / 95 / 95) -> AVG-RTPM: 345ms
    [junit] MAJOR: Mutants killed / live: 638 (51-1706-0) / 65
    [junit] MAJOR: ------------------------------------------------------------
    [junit] MAJOR: 51/79 - org.apache.commons.lang.builder.EqualsBuilder_ESTest19 (24ms / 29):
    [junit] MAJOR: 784350 (0 / 29 / 29) -> AVG-RTPM: 302ms
    [junit] MAJOR: Mutants killed / live: 638 (51-1735-0) / 65
    [junit] MAJOR: ------------------------------------------------------------
    [junit] MAJOR: 52/79 - org.apache.commons.lang.builder.EqualsBuilder_ESTest47 (24ms / 26):
    [junit] MAJOR: 792969 (0 / 26 / 26) -> AVG-RTPM: 331ms
    [junit] MAJOR: Mutants killed / live: 638 (51-1761-0) / 65
    [junit] MAJOR: ------------------------------------------------------------
    [junit] MAJOR: 53/79 - org.apache.commons.lang.builder.EqualsBuilder_ESTest35 (25ms / 78):
    [junit] MAJOR: 818406 (2 / 78 / 78) -> AVG-RTPM: 326ms
    [junit] MAJOR: Mutants killed / live: 640 (51-1839-0) / 63
    [junit] MAJOR: ------------------------------------------------------------
    [junit] MAJOR: 54/79 - org.apache.commons.lang.builder.EqualsBuilder_ESTest4 (25ms / 14):
    [junit] MAJOR: 823152 (0 / 14 / 14) -> AVG-RTPM: 339ms
    [junit] MAJOR: Mutants killed / live: 640 (51-1853-0) / 63
    [junit] MAJOR: ------------------------------------------------------------
    [junit] MAJOR: 55/79 - org.apache.commons.lang.builder.EqualsBuilder_ESTest67 (25ms / 21):
    [junit] MAJOR: 830149 (0 / 21 / 21) -> AVG-RTPM: 333ms
    [junit] MAJOR: Mutants killed / live: 640 (51-1874-0) / 63
    [junit] MAJOR: ------------------------------------------------------------
    [junit] MAJOR: 56/79 - org.apache.commons.lang.builder.EqualsBuilder_ESTest0 (26ms / 86):
    [junit] MAJOR: 859021 (3 / 86 / 86) -> AVG-RTPM: 335ms
    [junit] MAJOR: Mutants killed / live: 643 (51-1960-0) / 60
    [junit] MAJOR: ------------------------------------------------------------
    [junit] MAJOR: 57/79 - org.apache.commons.lang.builder.EqualsBuilder_ESTest25 (26ms / 61):
    [junit] MAJOR: 878704 (25 / 61 / 61) -> AVG-RTPM: 322ms
    [junit] MAJOR: Mutants killed / live: 668 (51-2021-0) / 35
    [junit] MAJOR: ------------------------------------------------------------
    [junit] MAJOR: 58/79 - org.apache.commons.lang.builder.EqualsBuilder_ESTest42 (26ms / 61):
    [junit] MAJOR: 898151 (0 / 61 / 61) -> AVG-RTPM: 318ms
    [junit] MAJOR: Mutants killed / live: 668 (51-2082-0) / 35
    [junit] MAJOR: ------------------------------------------------------------
    [junit] MAJOR: 59/79 - org.apache.commons.lang.builder.EqualsBuilder_ESTest60 (27ms / 26):
    [junit] MAJOR: 906898 (0 / 26 / 26) -> AVG-RTPM: 336ms
    [junit] MAJOR: Mutants killed / live: 668 (51-2108-0) / 35
    [junit] MAJOR: ------------------------------------------------------------
    [junit] MAJOR: 60/79 - org.apache.commons.lang.builder.EqualsBuilder_ESTest22 (29ms / 61):
    [junit] MAJOR: 927179 (21 / 61 / 61) -> AVG-RTPM: 332ms
    [junit] MAJOR: Mutants killed / live: 689 (51-2169-0) / 14
    [junit] MAJOR: ------------------------------------------------------------
    [junit] MAJOR: 61/79 - org.apache.commons.lang.builder.EqualsBuilder_ESTest40 (29ms / 26):
    [junit] MAJOR: 936158 (2 / 26 / 26) -> AVG-RTPM: 345ms
    [junit] MAJOR: Mutants killed / live: 691 (51-2195-0) / 12
    [junit] MAJOR: ------------------------------------------------------------
    [junit] MAJOR: 62/79 - org.apache.commons.lang.builder.EqualsBuilder_ESTest63 (30ms / 10):
    [junit] MAJOR: 939640 (0 / 10 / 10) -> AVG-RTPM: 348ms
    [junit] MAJOR: Mutants killed / live: 691 (51-2205-0) / 12
    [junit] MAJOR: ------------------------------------------------------------
    [junit] MAJOR: 63/79 - org.apache.commons.lang.builder.EqualsBuilder_ESTest13 (32ms / 73):
    [junit] MAJOR: 963043 (0 / 73 / 73) -> AVG-RTPM: 320ms
    [junit] MAJOR: Mutants killed / live: 691 (51-2278-0) / 12
    [junit] MAJOR: ------------------------------------------------------------
    [junit] MAJOR: 64/79 - org.apache.commons.lang.builder.EqualsBuilder_ESTest66 (33ms / 33):
    [junit] MAJOR: 973782 (2 / 33 / 33) -> AVG-RTPM: 325ms
    [junit] MAJOR: Mutants killed / live: 693 (51-2311-0) / 10
    [junit] MAJOR: ------------------------------------------------------------
    [junit] MAJOR: 65/79 - org.apache.commons.lang.builder.EqualsBuilder_ESTest8 (33ms / 118):
    [junit] MAJOR: 1014449 (0 / 118 / 118) -> AVG-RTPM: 344ms
    [junit] MAJOR: Mutants killed / live: 693 (51-2429-0) / 10
    [junit] MAJOR: ------------------------------------------------------------
    [junit] MAJOR: 66/79 - org.apache.commons.lang.builder.EqualsBuilder_ESTest10 (34ms / 118):
    [junit] MAJOR: 1052678 (0 / 118 / 118) -> AVG-RTPM: 323ms
    [junit] MAJOR: Mutants killed / live: 693 (51-2547-0) / 10
    [junit] MAJOR: ------------------------------------------------------------
    [junit] MAJOR: 67/79 - org.apache.commons.lang.builder.EqualsBuilder_ESTest39 (34ms / 23):
    [junit] MAJOR: 1059496 (0 / 23 / 23) -> AVG-RTPM: 296ms
    [junit] MAJOR: Mutants killed / live: 693 (51-2570-0) / 10
    [junit] MAJOR: ------------------------------------------------------------
    [junit] MAJOR: 68/79 - org.apache.commons.lang.builder.EqualsBuilder_ESTest64 (34ms / 23):
    [junit] MAJOR: 1067048 (2 / 23 / 23) -> AVG-RTPM: 328ms
    [junit] MAJOR: Mutants killed / live: 695 (51-2593-0) / 8
    [junit] MAJOR: ------------------------------------------------------------
    [junit] MAJOR: 69/79 - org.apache.commons.lang.builder.EqualsBuilder_ESTest45 (35ms / 61):
    [junit] MAJOR: 1088972 (0 / 61 / 61) -> AVG-RTPM: 359ms
    [junit] MAJOR: Mutants killed / live: 695 (51-2654-0) / 8
    [junit] MAJOR: ------------------------------------------------------------
    [junit] MAJOR: 70/79 - org.apache.commons.lang.builder.EqualsBuilder_ESTest65 (37ms / 26):
    [junit] MAJOR: 1096996 (0 / 26 / 26) -> AVG-RTPM: 308ms
    [junit] MAJOR: Mutants killed / live: 695 (51-2680-0) / 8
    [junit] MAJOR: ------------------------------------------------------------
    [junit] MAJOR: 71/79 - org.apache.commons.lang.builder.EqualsBuilder_ESTest20 (38ms / 19):
    [junit] MAJOR: 1103431 (0 / 19 / 19) -> AVG-RTPM: 338ms
    [junit] MAJOR: Mutants killed / live: 695 (51-2699-0) / 8
    [junit] MAJOR: ------------------------------------------------------------
    [junit] MAJOR: 72/79 - org.apache.commons.lang.builder.EqualsBuilder_ESTest77 (39ms / 33):
    [junit] MAJOR: 1114161 (2 / 33 / 33) -> AVG-RTPM: 325ms
    [junit] MAJOR: Mutants killed / live: 697 (51-2732-0) / 6
    [junit] MAJOR: ------------------------------------------------------------
    [junit] MAJOR: 73/79 - org.apache.commons.lang.builder.EqualsBuilder_ESTest41 (42ms / 33):
    [junit] MAJOR: 1125819 (2 / 33 / 33) -> AVG-RTPM: 353ms
    [junit] MAJOR: Mutants killed / live: 699 (51-2765-0) / 4
    [junit] MAJOR: ------------------------------------------------------------
    [junit] MAJOR: 74/79 - org.apache.commons.lang.builder.EqualsBuilder_ESTest17 (48ms / 89):
    [junit] MAJOR: 1155989 (1 / 89 / 89) -> AVG-RTPM: 338ms
    [junit] MAJOR: Mutants killed / live: 700 (51-2854-0) / 3
    [junit] MAJOR: ------------------------------------------------------------
    [junit] MAJOR: 75/79 - org.apache.commons.lang.builder.EqualsBuilder_ESTest58 (59ms / 32):
    [junit] MAJOR: 1165591 (0 / 32 / 32) -> AVG-RTPM: 300ms
    [junit] MAJOR: Mutants killed / live: 700 (51-2886-0) / 3
    [junit] MAJOR: ------------------------------------------------------------
    [junit] MAJOR: 76/79 - org.apache.commons.lang.builder.EqualsBuilder_ESTest9 (59ms / 122):
    [junit] MAJOR: 1207448 (0 / 122 / 122) -> AVG-RTPM: 343ms
    [junit] MAJOR: Mutants killed / live: 700 (51-3008-0) / 3
    [junit] MAJOR: ------------------------------------------------------------
    [junit] MAJOR: 77/79 - org.apache.commons.lang.builder.EqualsBuilder_ESTest44 (65ms / 65):
    [junit] MAJOR: 1228406 (0 / 65 / 65) -> AVG-RTPM: 322ms
    [junit] MAJOR: Mutants killed / live: 700 (51-3073-0) / 3
    [junit] MAJOR: ------------------------------------------------------------
    [junit] MAJOR: 78/79 - org.apache.commons.lang.builder.EqualsBuilder_ESTest71 (65ms / 33):
    [junit] MAJOR: 1238865 (2 / 33 / 33) -> AVG-RTPM: 316ms
    [junit] MAJOR: Mutants killed / live: 702 (51-3106-0) / 1
    [junit] MAJOR: ------------------------------------------------------------
    [junit] MAJOR: 79/79 - org.apache.commons.lang.builder.EqualsBuilder_ESTest21 (128ms / 21):
    [junit] MAJOR: 1246365 (0 / 21 / 21) -> AVG-RTPM: 357ms
    [junit] MAJOR: Mutants killed / live: 702 (51-3127-0) / 1
    [junit] MAJOR: ------------------------------------------------------------
    [junit] MAJOR: Summary:
    [junit] MAJOR: 
    [junit] MAJOR: Analysis time:  1246.4 seconds
    [junit] MAJOR: Mutation score: 98.73% (99.86%)
    [junit] MAJOR: Mutants killed / live: 702 (51-3127-0) / 1
    [junit] MAJOR: Mutant executions: 3270
    [junit] MAJOR: ------------------------------------------------------------
    [junit] MAJOR: Export summary of results (to summary.csv)
    [junit] MAJOR: Export mutant kill details (to /tmp/run_mutation.pl_18671_1501605468/48f/kill.csv)
    [junit] MAJOR: Export kill map (to killMap.csv)!

BUILD SUCCESSFUL
Total time: 21 minutes 44 seconds
