
init:
     [echo] -------- commons-lang 2.3-SNAPSHOT --------

prepare:

static:

compile:
    [javac] /tmp/run_mutation.pl_56275_1501120283/58f/build.xml:65: warning: 'includeantruntime' was not set, defaulting to build.sysclasspath=last; set to false for repeatable builds

compile.tests:
    [javac] /tmp/run_mutation.pl_56275_1501120283/58f/build.xml:73: warning: 'includeantruntime' was not set, defaulting to build.sysclasspath=last; set to false for repeatable builds
    [javac] Compiling 140 source files to /tmp/run_mutation.pl_56275_1501120283/58f/target/tests
    [javac] warning: [options] bootstrap class path not set in conjunction with -source 1.3
    [javac] /tmp/run_mutation.pl_56275_1501120283/58f/src/test/org/apache/commons/lang/AllLangTestSuite.java:63: warning: as of release 5, 'enum' is a keyword, and may not be used as an identifier
    [javac]         suite.addTest(org.apache.commons.lang.enum.EnumTestSuite.suite());
    [javac]                                               ^
    [javac]   (use -source 5 or higher to use 'enum' as a keyword)
    [javac] /tmp/run_mutation.pl_56275_1501120283/58f/src/test/org/apache/commons/lang/enum/Broken1Enum.java:17: warning: as of release 5, 'enum' is a keyword, and may not be used as an identifier
    [javac] package org.apache.commons.lang.enum;
    [javac]                                 ^
    [javac]   (use -source 5 or higher to use 'enum' as a keyword)
    [javac] /tmp/run_mutation.pl_56275_1501120283/58f/src/test/org/apache/commons/lang/enum/Broken1OperationEnum.java:17: warning: as of release 5, 'enum' is a keyword, and may not be used as an identifier
    [javac] package org.apache.commons.lang.enum;
    [javac]                                 ^
    [javac]   (use -source 5 or higher to use 'enum' as a keyword)
    [javac] /tmp/run_mutation.pl_56275_1501120283/58f/src/test/org/apache/commons/lang/enum/Broken2Enum.java:17: warning: as of release 5, 'enum' is a keyword, and may not be used as an identifier
    [javac] package org.apache.commons.lang.enum;
    [javac]                                 ^
    [javac]   (use -source 5 or higher to use 'enum' as a keyword)
    [javac] /tmp/run_mutation.pl_56275_1501120283/58f/src/test/org/apache/commons/lang/enum/Broken2OperationEnum.java:17: warning: as of release 5, 'enum' is a keyword, and may not be used as an identifier
    [javac] package org.apache.commons.lang.enum;
    [javac]                                 ^
    [javac]   (use -source 5 or higher to use 'enum' as a keyword)
    [javac] /tmp/run_mutation.pl_56275_1501120283/58f/src/test/org/apache/commons/lang/enum/Broken3Enum.java:17: warning: as of release 5, 'enum' is a keyword, and may not be used as an identifier
    [javac] package org.apache.commons.lang.enum;
    [javac]                                 ^
    [javac]   (use -source 5 or higher to use 'enum' as a keyword)
    [javac] /tmp/run_mutation.pl_56275_1501120283/58f/src/test/org/apache/commons/lang/enum/Broken3OperationEnum.java:17: warning: as of release 5, 'enum' is a keyword, and may not be used as an identifier
    [javac] package org.apache.commons.lang.enum;
    [javac]                                 ^
    [javac]   (use -source 5 or higher to use 'enum' as a keyword)
    [javac] /tmp/run_mutation.pl_56275_1501120283/58f/src/test/org/apache/commons/lang/enum/Broken4OperationEnum.java:17: warning: as of release 5, 'enum' is a keyword, and may not be used as an identifier
    [javac] package org.apache.commons.lang.enum;
    [javac]                                 ^
    [javac]   (use -source 5 or higher to use 'enum' as a keyword)
    [javac] /tmp/run_mutation.pl_56275_1501120283/58f/src/test/org/apache/commons/lang/enum/Broken5OperationEnum.java:17: warning: as of release 5, 'enum' is a keyword, and may not be used as an identifier
    [javac] package org.apache.commons.lang.enum;
    [javac]                                 ^
    [javac]   (use -source 5 or higher to use 'enum' as a keyword)
    [javac] /tmp/run_mutation.pl_56275_1501120283/58f/src/test/org/apache/commons/lang/enum/ColorEnum.java:17: warning: as of release 5, 'enum' is a keyword, and may not be used as an identifier
    [javac] package org.apache.commons.lang.enum;
    [javac]                                 ^
    [javac]   (use -source 5 or higher to use 'enum' as a keyword)
    [javac] /tmp/run_mutation.pl_56275_1501120283/58f/src/test/org/apache/commons/lang/enum/DummyEnum.java:17: warning: as of release 5, 'enum' is a keyword, and may not be used as an identifier
    [javac] package org.apache.commons.lang.enum;
    [javac]                                 ^
    [javac]   (use -source 5 or higher to use 'enum' as a keyword)
    [javac] /tmp/run_mutation.pl_56275_1501120283/58f/src/test/org/apache/commons/lang/enum/EnumTest.java:18: warning: as of release 5, 'enum' is a keyword, and may not be used as an identifier
    [javac] package org.apache.commons.lang.enum;
    [javac]                                 ^
    [javac]   (use -source 5 or higher to use 'enum' as a keyword)
    [javac] /tmp/run_mutation.pl_56275_1501120283/58f/src/test/org/apache/commons/lang/enum/EnumTestSuite.java:17: warning: as of release 5, 'enum' is a keyword, and may not be used as an identifier
    [javac] package org.apache.commons.lang.enum;
    [javac]                                 ^
    [javac]   (use -source 5 or higher to use 'enum' as a keyword)
    [javac] /tmp/run_mutation.pl_56275_1501120283/58f/src/test/org/apache/commons/lang/enum/EnumUtilsTest.java:17: warning: as of release 5, 'enum' is a keyword, and may not be used as an identifier
    [javac] package org.apache.commons.lang.enum;
    [javac]                                 ^
    [javac]   (use -source 5 or higher to use 'enum' as a keyword)
    [javac] /tmp/run_mutation.pl_56275_1501120283/58f/src/test/org/apache/commons/lang/enum/Extended1Enum.java:19: warning: as of release 5, 'enum' is a keyword, and may not be used as an identifier
    [javac] package org.apache.commons.lang.enum;
    [javac]                                 ^
    [javac]   (use -source 5 or higher to use 'enum' as a keyword)
    [javac] /tmp/run_mutation.pl_56275_1501120283/58f/src/test/org/apache/commons/lang/enum/Extended2Enum.java:19: warning: as of release 5, 'enum' is a keyword, and may not be used as an identifier
    [javac] package org.apache.commons.lang.enum;
    [javac]                                 ^
    [javac]   (use -source 5 or higher to use 'enum' as a keyword)
    [javac] /tmp/run_mutation.pl_56275_1501120283/58f/src/test/org/apache/commons/lang/enum/Extended3Enum.java:19: warning: as of release 5, 'enum' is a keyword, and may not be used as an identifier
    [javac] package org.apache.commons.lang.enum;
    [javac]                                 ^
    [javac]   (use -source 5 or higher to use 'enum' as a keyword)
    [javac] /tmp/run_mutation.pl_56275_1501120283/58f/src/test/org/apache/commons/lang/enum/Nest.java:17: warning: as of release 5, 'enum' is a keyword, and may not be used as an identifier
    [javac] package org.apache.commons.lang.enum;
    [javac]                                 ^
    [javac]   (use -source 5 or higher to use 'enum' as a keyword)
    [javac] /tmp/run_mutation.pl_56275_1501120283/58f/src/test/org/apache/commons/lang/enum/NestBroken.java:17: warning: as of release 5, 'enum' is a keyword, and may not be used as an identifier
    [javac] package org.apache.commons.lang.enum;
    [javac]                                 ^
    [javac]   (use -source 5 or higher to use 'enum' as a keyword)
    [javac] /tmp/run_mutation.pl_56275_1501120283/58f/src/test/org/apache/commons/lang/enum/NestLinked.java:17: warning: as of release 5, 'enum' is a keyword, and may not be used as an identifier
    [javac] package org.apache.commons.lang.enum;
    [javac]                                 ^
    [javac]   (use -source 5 or higher to use 'enum' as a keyword)
    [javac] /tmp/run_mutation.pl_56275_1501120283/58f/src/test/org/apache/commons/lang/enum/NestReferenced.java:17: warning: as of release 5, 'enum' is a keyword, and may not be used as an identifier
    [javac] package org.apache.commons.lang.enum;
    [javac]                                 ^
    [javac]   (use -source 5 or higher to use 'enum' as a keyword)
    [javac] /tmp/run_mutation.pl_56275_1501120283/58f/src/test/org/apache/commons/lang/enum/OperationEnum.java:17: warning: as of release 5, 'enum' is a keyword, and may not be used as an identifier
    [javac] package org.apache.commons.lang.enum;
    [javac]                                 ^
    [javac]   (use -source 5 or higher to use 'enum' as a keyword)
    [javac] /tmp/run_mutation.pl_56275_1501120283/58f/src/test/org/apache/commons/lang/enum/ValuedColorEnum.java:17: warning: as of release 5, 'enum' is a keyword, and may not be used as an identifier
    [javac] package org.apache.commons.lang.enum;
    [javac]                                 ^
    [javac]   (use -source 5 or higher to use 'enum' as a keyword)
    [javac] /tmp/run_mutation.pl_56275_1501120283/58f/src/test/org/apache/commons/lang/enum/ValuedEnumTest.java:17: warning: as of release 5, 'enum' is a keyword, and may not be used as an identifier
    [javac] package org.apache.commons.lang.enum;
    [javac]                                 ^
    [javac]   (use -source 5 or higher to use 'enum' as a keyword)
    [javac] Note: Some input files use or override a deprecated API.
    [javac] Note: Recompile with -Xlint:deprecation for details.
    [javac] 25 warnings
     [copy] Copying 9 files to /tmp/run_mutation.pl_56275_1501120283/58f/target/tests

update.all.tests:

mutation.test:
     [echo] Running mutation analysis ...
    [junit] MAJOR: Mutation analysis enabled
SLF4J: Failed to load class "org.slf4j.impl.StaticLoggerBinder".
SLF4J: Defaulting to no-operation (NOP) logger implementation
SLF4J: See http://www.slf4j.org/codes.html#StaticLoggerBinder for further details.
    [junit] MAJOR: ------------------------------------------------------------
    [junit] MAJOR: Run 145 ordered tests to verify independence
    [junit] MAJOR: ------------------------------------------------------------
    [junit] MAJOR: Preprocessing time: 76.21 seconds
    [junit] MAJOR: ------------------------------------------------------------
    [junit] MAJOR: Mutants generated: 1760
    [junit] MAJOR: Mutants covered:   1668 (94.77%)
    [junit] MAJOR: ------------------------------------------------------------
    [junit] MAJOR: Export test map to (testMap.csv)
    [junit] MAJOR: Export coverage map to (covMap.csv)
    [junit] MAJOR: Exclude 0 mutants
    [junit] MAJOR: ------------------------------------------------------------
    [junit] MAJOR: Run mutation analysis with 145 individual tests
    [junit] MAJOR: ------------------------------------------------------------
    [junit] MAJOR: 1/145 - org.apache.commons.lang.math.NumberUtils_ESTest120 (6ms / 44):
    [junit] MAJOR: 42425 (8 / 44 / 44) -> AVG-RTPM: 964ms
    [junit] MAJOR: Mutants killed / live: 8 (8-0-0) / 1660
    [junit] MAJOR: ------------------------------------------------------------
    [junit] MAJOR: 2/145 - org.apache.commons.lang.math.NumberUtils_ESTest126 (6ms / 174):
    [junit] MAJOR: 300471 (58 / 174 / 174) -> AVG-RTPM: 1483ms
    [junit] MAJOR: Mutants killed / live: 66 (16-49-1) / 1602
    [junit] MAJOR: ------------------------------------------------------------
    [junit] MAJOR: 3/145 - org.apache.commons.lang.math.NumberUtils_ESTest135 (6ms / 169):
    [junit] MAJOR: 339468 (119 / 169 / 169) -> AVG-RTPM: 230ms
    [junit] MAJOR: Mutants killed / live: 185 (16-218-1) / 1483
    [junit] MAJOR: ------------------------------------------------------------
    [junit] MAJOR: 4/145 - org.apache.commons.lang.math.NumberUtils_ESTest136 (6ms / 218):
    [junit] MAJOR: 406633 (149 / 218 / 218) -> AVG-RTPM: 308ms
    [junit] MAJOR: Mutants killed / live: 334 (16-436-1) / 1334
    [junit] MAJOR: ------------------------------------------------------------
    [junit] MAJOR: 5/145 - org.apache.commons.lang.math.NumberUtils_ESTest137 (6ms / 196):
    [junit] MAJOR: 470846 (16 / 196 / 196) -> AVG-RTPM: 327ms
    [junit] MAJOR: Mutants killed / live: 350 (16-632-1) / 1318
    [junit] MAJOR: ------------------------------------------------------------
    [junit] MAJOR: 6/145 - org.apache.commons.lang.math.NumberUtils_ESTest139 (6ms / 148):
    [junit] MAJOR: 518476 (1 / 148 / 148) -> AVG-RTPM: 321ms
    [junit] MAJOR: Mutants killed / live: 351 (16-780-1) / 1317
    [junit] MAJOR: ------------------------------------------------------------
    [junit] MAJOR: 7/145 - org.apache.commons.lang.math.NumberUtils_ESTest17 (6ms / 43):
    [junit] MAJOR: 535075 (17 / 43 / 43) -> AVG-RTPM: 386ms
    [junit] MAJOR: Mutants killed / live: 368 (16-823-1) / 1300
    [junit] MAJOR: ------------------------------------------------------------
    [junit] MAJOR: 8/145 - org.apache.commons.lang.math.NumberUtils_ESTest29 (6ms / 174):
    [junit] MAJOR: 605659 (134 / 174 / 174) -> AVG-RTPM: 405ms
    [junit] MAJOR: Mutants killed / live: 502 (16-997-1) / 1166
    [junit] MAJOR: ------------------------------------------------------------
    [junit] MAJOR: 9/145 - org.apache.commons.lang.math.NumberUtils_ESTest103 (7ms / 41):
    [junit] MAJOR: 621999 (15 / 41 / 41) -> AVG-RTPM: 398ms
    [junit] MAJOR: Mutants killed / live: 517 (16-1038-1) / 1151
    [junit] MAJOR: ------------------------------------------------------------
    [junit] MAJOR: 10/145 - org.apache.commons.lang.math.NumberUtils_ESTest114 (7ms / 40):
    [junit] MAJOR: 638703 (14 / 40 / 40) -> AVG-RTPM: 417ms
    [junit] MAJOR: Mutants killed / live: 531 (16-1078-1) / 1137
    [junit] MAJOR: ------------------------------------------------------------
    [junit] MAJOR: 11/145 - org.apache.commons.lang.math.NumberUtils_ESTest116 (7ms / 42):
    [junit] MAJOR: 656497 (2 / 42 / 42) -> AVG-RTPM: 423ms
    [junit] MAJOR: Mutants killed / live: 533 (16-1120-1) / 1135
    [junit] MAJOR: ------------------------------------------------------------
    [junit] MAJOR: 12/145 - org.apache.commons.lang.math.NumberUtils_ESTest12 (7ms / 29):
    [junit] MAJOR: 668933 (3 / 29 / 29) -> AVG-RTPM: 428ms
    [junit] MAJOR: Mutants killed / live: 536 (16-1149-1) / 1132
    [junit] MAJOR: ------------------------------------------------------------
    [junit] MAJOR: 13/145 - org.apache.commons.lang.math.NumberUtils_ESTest121 (7ms / 29):
    [junit] MAJOR: 680433 (3 / 29 / 29) -> AVG-RTPM: 396ms
    [junit] MAJOR: Mutants killed / live: 539 (16-1178-1) / 1129
    [junit] MAJOR: ------------------------------------------------------------
    [junit] MAJOR: 14/145 - org.apache.commons.lang.math.NumberUtils_ESTest122 (7ms / 224):
    [junit] MAJOR: 773635 (7 / 224 / 224) -> AVG-RTPM: 416ms
    [junit] MAJOR: Mutants killed / live: 546 (16-1402-1) / 1122
    [junit] MAJOR: ------------------------------------------------------------
    [junit] MAJOR: 15/145 - org.apache.commons.lang.math.NumberUtils_ESTest127 (7ms / 97):
    [junit] MAJOR: 812755 (14 / 97 / 97) -> AVG-RTPM: 403ms
    [junit] MAJOR: Mutants killed / live: 560 (16-1499-1) / 1108
    [junit] MAJOR: ------------------------------------------------------------
    [junit] MAJOR: 16/145 - org.apache.commons.lang.math.NumberUtils_ESTest129 (7ms / 160):
    [junit] MAJOR: 878810 (64 / 160 / 160) -> AVG-RTPM: 412ms
    [junit] MAJOR: Mutants killed / live: 624 (16-1659-1) / 1044
    [junit] MAJOR: ------------------------------------------------------------
    [junit] MAJOR: 17/145 - org.apache.commons.lang.math.NumberUtils_ESTest131 (7ms / 112):
    [junit] MAJOR: 923989 (7 / 112 / 112) -> AVG-RTPM: 403ms
    [junit] MAJOR: Mutants killed / live: 631 (16-1771-1) / 1037
    [junit] MAJOR: ------------------------------------------------------------
    [junit] MAJOR: 18/145 - org.apache.commons.lang.math.NumberUtils_ESTest138 (7ms / 141):
    [junit] MAJOR: 967273 (0 / 141 / 141) -> AVG-RTPM: 306ms
    [junit] MAJOR: Mutants killed / live: 631 (16-1912-1) / 1037
    [junit] MAJOR: ------------------------------------------------------------
    [junit] MAJOR: 19/145 - org.apache.commons.lang.math.NumberUtils_ESTest144 (7ms / 271):
    [junit] MAJOR: 1042540 (0 / 271 / 271) -> AVG-RTPM: 277ms
    [junit] MAJOR: Mutants killed / live: 631 (16-2183-1) / 1037
    [junit] MAJOR: ------------------------------------------------------------
    [junit] MAJOR: 20/145 - org.apache.commons.lang.math.NumberUtils_ESTest19 (7ms / 170):
    [junit] MAJOR: 1090664 (38 / 170 / 170) -> AVG-RTPM: 283ms
    [junit] MAJOR: Mutants killed / live: 669 (16-2353-1) / 999
    [junit] MAJOR: ------------------------------------------------------------
    [junit] MAJOR: 21/145 - org.apache.commons.lang.math.NumberUtils_ESTest2 (7ms / 26):
    [junit] MAJOR: 1097905 (0 / 26 / 26) -> AVG-RTPM: 278ms
    [junit] MAJOR: Mutants killed / live: 669 (16-2379-1) / 999
    [junit] MAJOR: ------------------------------------------------------------
    [junit] MAJOR: 22/145 - org.apache.commons.lang.math.NumberUtils_ESTest20 (7ms / 81):
    [junit] MAJOR: 1122498 (0 / 81 / 81) -> AVG-RTPM: 303ms
    [junit] MAJOR: Mutants killed / live: 669 (16-2460-1) / 999
    [junit] MAJOR: ------------------------------------------------------------
    [junit] MAJOR: 23/145 - org.apache.commons.lang.math.NumberUtils_ESTest21 (7ms / 149):
    [junit] MAJOR: 1167756 (55 / 149 / 149) -> AVG-RTPM: 303ms
    [junit] MAJOR: Mutants killed / live: 724 (16-2609-1) / 944
    [junit] MAJOR: ------------------------------------------------------------
    [junit] MAJOR: 24/145 - org.apache.commons.lang.math.NumberUtils_ESTest25 (7ms / 191):
    [junit] MAJOR: 1226676 (29 / 191 / 191) -> AVG-RTPM: 308ms
    [junit] MAJOR: Mutants killed / live: 753 (16-2800-1) / 915
    [junit] MAJOR: ------------------------------------------------------------
    [junit] MAJOR: 25/145 - org.apache.commons.lang.math.NumberUtils_ESTest28 (7ms / 170):
    [junit] MAJOR: 1280034 (9 / 170 / 170) -> AVG-RTPM: 313ms
    [junit] MAJOR: Mutants killed / live: 762 (16-2970-1) / 906
    [junit] MAJOR: ------------------------------------------------------------
    [junit] MAJOR: 26/145 - org.apache.commons.lang.math.NumberUtils_ESTest3 (7ms / 31):
    [junit] MAJOR: 1289914 (5 / 31 / 31) -> AVG-RTPM: 318ms
    [junit] MAJOR: Mutants killed / live: 767 (16-3001-1) / 901
    [junit] MAJOR: ------------------------------------------------------------
    [junit] MAJOR: 27/145 - org.apache.commons.lang.math.NumberUtils_ESTest34 (7ms / 29):
    [junit] MAJOR: 1298664 (0 / 29 / 29) -> AVG-RTPM: 301ms
    [junit] MAJOR: Mutants killed / live: 767 (16-3030-1) / 901
    [junit] MAJOR: ------------------------------------------------------------
    [junit] MAJOR: 28/145 - org.apache.commons.lang.math.NumberUtils_ESTest35 (7ms / 29):
    [junit] MAJOR: 1308146 (3 / 29 / 29) -> AVG-RTPM: 326ms
    [junit] MAJOR: Mutants killed / live: 770 (16-3059-1) / 898
    [junit] MAJOR: ------------------------------------------------------------
    [junit] MAJOR: 29/145 - org.apache.commons.lang.math.NumberUtils_ESTest36 (7ms / 29):
    [junit] MAJOR: 1317319 (3 / 29 / 29) -> AVG-RTPM: 316ms
    [junit] MAJOR: Mutants killed / live: 773 (16-3088-1) / 895
    [junit] MAJOR: ------------------------------------------------------------
    [junit] MAJOR: 30/145 - org.apache.commons.lang.math.NumberUtils_ESTest39 (7ms / 50):
    [junit] MAJOR: 1332971 (24 / 50 / 50) -> AVG-RTPM: 313ms
    [junit] MAJOR: Mutants killed / live: 797 (16-3138-1) / 871
    [junit] MAJOR: ------------------------------------------------------------
    [junit] MAJOR: 31/145 - org.apache.commons.lang.math.NumberUtils_ESTest4 (7ms / 31):
    [junit] MAJOR: 1342074 (5 / 31 / 31) -> AVG-RTPM: 293ms
    [junit] MAJOR: Mutants killed / live: 802 (16-3169-1) / 866
    [junit] MAJOR: ------------------------------------------------------------
    [junit] MAJOR: 32/145 - org.apache.commons.lang.math.NumberUtils_ESTest40 (7ms / 30):
    [junit] MAJOR: 1351763 (1 / 30 / 30) -> AVG-RTPM: 322ms
    [junit] MAJOR: Mutants killed / live: 803 (16-3199-1) / 865
    [junit] MAJOR: ------------------------------------------------------------
    [junit] MAJOR: 33/145 - org.apache.commons.lang.math.NumberUtils_ESTest102 (8ms / 42):
    [junit] MAJOR: 1365156 (16 / 42 / 42) -> AVG-RTPM: 318ms
    [junit] MAJOR: Mutants killed / live: 819 (16-3241-1) / 849
    [junit] MAJOR: ------------------------------------------------------------
    [junit] MAJOR: 34/145 - org.apache.commons.lang.math.NumberUtils_ESTest104 (8ms / 41):
    [junit] MAJOR: 1378024 (1 / 41 / 41) -> AVG-RTPM: 313ms
    [junit] MAJOR: Mutants killed / live: 820 (16-3282-1) / 848
    [junit] MAJOR: ------------------------------------------------------------
    [junit] MAJOR: 35/145 - org.apache.commons.lang.math.NumberUtils_ESTest105 (8ms / 40):
    [junit] MAJOR: 1390398 (14 / 40 / 40) -> AVG-RTPM: 309ms
    [junit] MAJOR: Mutants killed / live: 834 (16-3322-1) / 834
    [junit] MAJOR: ------------------------------------------------------------
    [junit] MAJOR: 36/145 - org.apache.commons.lang.math.NumberUtils_ESTest106 (8ms / 42):
    [junit] MAJOR: 1402679 (2 / 42 / 42) -> AVG-RTPM: 292ms
    [junit] MAJOR: Mutants killed / live: 836 (16-3364-1) / 832
    [junit] MAJOR: ------------------------------------------------------------
    [junit] MAJOR: 37/145 - org.apache.commons.lang.math.NumberUtils_ESTest107 (8ms / 40):
    [junit] MAJOR: 1415053 (14 / 40 / 40) -> AVG-RTPM: 309ms
    [junit] MAJOR: Mutants killed / live: 850 (16-3404-1) / 818
    [junit] MAJOR: ------------------------------------------------------------
    [junit] MAJOR: 38/145 - org.apache.commons.lang.math.NumberUtils_ESTest108 (8ms / 41):
    [junit] MAJOR: 1428054 (1 / 41 / 41) -> AVG-RTPM: 317ms
    [junit] MAJOR: Mutants killed / live: 851 (16-3445-1) / 817
    [junit] MAJOR: ------------------------------------------------------------
    [junit] MAJOR: 39/145 - org.apache.commons.lang.math.NumberUtils_ESTest11 (8ms / 29):
    [junit] MAJOR: 1437356 (0 / 29 / 29) -> AVG-RTPM: 320ms
    [junit] MAJOR: Mutants killed / live: 851 (16-3474-1) / 817
    [junit] MAJOR: ------------------------------------------------------------
    [junit] MAJOR: 40/145 - org.apache.commons.lang.math.NumberUtils_ESTest110 (8ms / 41):
    [junit] MAJOR: 1450131 (15 / 41 / 41) -> AVG-RTPM: 311ms
    [junit] MAJOR: Mutants killed / live: 866 (16-3515-1) / 802
    [junit] MAJOR: ------------------------------------------------------------
    [junit] MAJOR: 41/145 - org.apache.commons.lang.math.NumberUtils_ESTest112 (8ms / 41):
    [junit] MAJOR: 1462357 (15 / 41 / 41) -> AVG-RTPM: 298ms
    [junit] MAJOR: Mutants killed / live: 881 (16-3556-1) / 787
    [junit] MAJOR: ------------------------------------------------------------
    [junit] MAJOR: 42/145 - org.apache.commons.lang.math.NumberUtils_ESTest115 (8ms / 41):
    [junit] MAJOR: 1475072 (0 / 41 / 41) -> AVG-RTPM: 310ms
    [junit] MAJOR: Mutants killed / live: 881 (16-3597-1) / 787
    [junit] MAJOR: ------------------------------------------------------------
    [junit] MAJOR: 43/145 - org.apache.commons.lang.math.NumberUtils_ESTest118 (8ms / 41):
    [junit] MAJOR: 1488032 (15 / 41 / 41) -> AVG-RTPM: 316ms
    [junit] MAJOR: Mutants killed / live: 896 (16-3638-1) / 772
    [junit] MAJOR: ------------------------------------------------------------
    [junit] MAJOR: 44/145 - org.apache.commons.lang.math.NumberUtils_ESTest123 (8ms / 29):
    [junit] MAJOR: 1497187 (1 / 29 / 29) -> AVG-RTPM: 315ms
    [junit] MAJOR: Mutants killed / live: 897 (16-3667-1) / 771
    [junit] MAJOR: ------------------------------------------------------------
    [junit] MAJOR: 45/145 - org.apache.commons.lang.math.NumberUtils_ESTest124 (8ms / 151):
    [junit] MAJOR: 1543866 (0 / 151 / 151) -> AVG-RTPM: 309ms
    [junit] MAJOR: Mutants killed / live: 897 (16-3818-1) / 771
    [junit] MAJOR: ------------------------------------------------------------
    [junit] MAJOR: 46/145 - org.apache.commons.lang.math.NumberUtils_ESTest128 (8ms / 160):
    [junit] MAJOR: 1593801 (15 / 160 / 160) -> AVG-RTPM: 312ms
    [junit] MAJOR: Mutants killed / live: 912 (16-3978-1) / 756
    [junit] MAJOR: ------------------------------------------------------------
    [junit] MAJOR: 47/145 - org.apache.commons.lang.math.NumberUtils_ESTest13 (8ms / 190):
    [junit] MAJOR: 1654886 (38 / 190 / 190) -> AVG-RTPM: 321ms
    [junit] MAJOR: Mutants killed / live: 950 (16-4168-1) / 718
    [junit] MAJOR: ------------------------------------------------------------
    [junit] MAJOR: 48/145 - org.apache.commons.lang.math.NumberUtils_ESTest130 (8ms / 181):
    [junit] MAJOR: 1704678 (7 / 181 / 181) -> AVG-RTPM: 275ms
    [junit] MAJOR: Mutants killed / live: 957 (16-4349-1) / 711
    [junit] MAJOR: ------------------------------------------------------------
    [junit] MAJOR: 49/145 - org.apache.commons.lang.math.NumberUtils_ESTest133 (8ms / 117):
    [junit] MAJOR: 1738147 (10 / 117 / 117) -> AVG-RTPM: 286ms
    [junit] MAJOR: Mutants killed / live: 967 (16-4466-1) / 701
    [junit] MAJOR: ------------------------------------------------------------
    [junit] MAJOR: 50/145 - org.apache.commons.lang.math.NumberUtils_ESTest134 (8ms / 139):
    [junit] MAJOR: 1775330 (1 / 139 / 139) -> AVG-RTPM: 267ms
    [junit] MAJOR: Mutants killed / live: 968 (16-4605-1) / 700
    [junit] MAJOR: ------------------------------------------------------------
    [junit] MAJOR: 51/145 - org.apache.commons.lang.math.NumberUtils_ESTest14 (8ms / 29):
    [junit] MAJOR: 1783543 (0 / 29 / 29) -> AVG-RTPM: 283ms
    [junit] MAJOR: Mutants killed / live: 968 (16-4634-1) / 700
    [junit] MAJOR: ------------------------------------------------------------
    [junit] MAJOR: 52/145 - org.apache.commons.lang.math.NumberUtils_ESTest140 (8ms / 182):
    [junit] MAJOR: 1833672 (0 / 182 / 182) -> AVG-RTPM: 275ms
    [junit] MAJOR: Mutants killed / live: 968 (16-4816-1) / 700
    [junit] MAJOR: ------------------------------------------------------------
    [junit] MAJOR: 53/145 - org.apache.commons.lang.math.NumberUtils_ESTest142 (8ms / 196):
    [junit] MAJOR: 1889134 (0 / 196 / 196) -> AVG-RTPM: 282ms
    [junit] MAJOR: Mutants killed / live: 968 (16-5012-1) / 700
    [junit] MAJOR: ------------------------------------------------------------
    [junit] MAJOR: 54/145 - org.apache.commons.lang.math.NumberUtils_ESTest15 (8ms / 31):
    [junit] MAJOR: 1897680 (0 / 31 / 31) -> AVG-RTPM: 275ms
    [junit] MAJOR: Mutants killed / live: 968 (16-5043-1) / 700
    [junit] MAJOR: ------------------------------------------------------------
    [junit] MAJOR: 55/145 - org.apache.commons.lang.math.NumberUtils_ESTest16 (8ms / 33):
    [junit] MAJOR: 1907132 (0 / 33 / 33) -> AVG-RTPM: 286ms
    [junit] MAJOR: Mutants killed / live: 968 (16-5076-1) / 700
    [junit] MAJOR: ------------------------------------------------------------
    [junit] MAJOR: 56/145 - org.apache.commons.lang.math.NumberUtils_ESTest18 (8ms / 43):
    [junit] MAJOR: 1920080 (0 / 43 / 43) -> AVG-RTPM: 301ms
    [junit] MAJOR: Mutants killed / live: 968 (16-5119-1) / 700
    [junit] MAJOR: ------------------------------------------------------------
    [junit] MAJOR: 57/145 - org.apache.commons.lang.math.NumberUtils_ESTest24 (8ms / 180):
    [junit] MAJOR: 1972117 (0 / 180 / 180) -> AVG-RTPM: 289ms
    [junit] MAJOR: Mutants killed / live: 968 (16-5299-1) / 700
    [junit] MAJOR: ------------------------------------------------------------
    [junit] MAJOR: 58/145 - org.apache.commons.lang.math.NumberUtils_ESTest26 (8ms / 193):
    [junit] MAJOR: 2030087 (1 / 193 / 193) -> AVG-RTPM: 300ms
    [junit] MAJOR: Mutants killed / live: 969 (16-5492-1) / 699
    [junit] MAJOR: ------------------------------------------------------------
    [junit] MAJOR: 59/145 - org.apache.commons.lang.math.NumberUtils_ESTest27 (8ms / 168):
    [junit] MAJOR: 2080518 (23 / 168 / 168) -> AVG-RTPM: 300ms
    [junit] MAJOR: Mutants killed / live: 992 (16-5660-1) / 676
    [junit] MAJOR: ------------------------------------------------------------
    [junit] MAJOR: 60/145 - org.apache.commons.lang.math.NumberUtils_ESTest31 (8ms / 171):
    [junit] MAJOR: 2132981 (0 / 171 / 171) -> AVG-RTPM: 306ms
    [junit] MAJOR: Mutants killed / live: 992 (16-5831-1) / 676
    [junit] MAJOR: ------------------------------------------------------------
    [junit] MAJOR: 61/145 - org.apache.commons.lang.math.NumberUtils_ESTest32 (8ms / 29):
    [junit] MAJOR: 2142114 (0 / 29 / 29) -> AVG-RTPM: 314ms
    [junit] MAJOR: Mutants killed / live: 992 (16-5860-1) / 676
    [junit] MAJOR: ------------------------------------------------------------
    [junit] MAJOR: 62/145 - org.apache.commons.lang.math.NumberUtils_ESTest33 (8ms / 29):
    [junit] MAJOR: 2151349 (0 / 29 / 29) -> AVG-RTPM: 318ms
    [junit] MAJOR: Mutants killed / live: 992 (16-5889-1) / 676
    [junit] MAJOR: ------------------------------------------------------------
    [junit] MAJOR: 63/145 - org.apache.commons.lang.math.NumberUtils_ESTest37 (8ms / 29):
    [junit] MAJOR: 2160797 (0 / 29 / 29) -> AVG-RTPM: 325ms
    [junit] MAJOR: Mutants killed / live: 992 (16-5918-1) / 676
    [junit] MAJOR: ------------------------------------------------------------
    [junit] MAJOR: 64/145 - org.apache.commons.lang.math.NumberUtils_ESTest38 (8ms / 31):
    [junit] MAJOR: 2169944 (0 / 31 / 31) -> AVG-RTPM: 295ms
    [junit] MAJOR: Mutants killed / live: 992 (16-5949-1) / 676
    [junit] MAJOR: ------------------------------------------------------------
    [junit] MAJOR: 65/145 - org.apache.commons.lang.math.NumberUtils_ESTest41 (8ms / 40):
    [junit] MAJOR: 2181799 (1 / 40 / 40) -> AVG-RTPM: 296ms
    [junit] MAJOR: Mutants killed / live: 993 (16-5989-1) / 675
    [junit] MAJOR: ------------------------------------------------------------
    [junit] MAJOR: 66/145 - org.apache.commons.lang.math.NumberUtils_ESTest42 (8ms / 43):
    [junit] MAJOR: 2195467 (0 / 43 / 43) -> AVG-RTPM: 317ms
    [junit] MAJOR: Mutants killed / live: 993 (16-6032-1) / 675
    [junit] MAJOR: ------------------------------------------------------------
    [junit] MAJOR: 67/145 - org.apache.commons.lang.math.NumberUtils_ESTest43 (8ms / 66):
    [junit] MAJOR: 2217008 (17 / 66 / 66) -> AVG-RTPM: 326ms
    [junit] MAJOR: Mutants killed / live: 1010 (16-6098-1) / 658
    [junit] MAJOR: ------------------------------------------------------------
    [junit] MAJOR: 68/145 - org.apache.commons.lang.math.NumberUtils_ESTest44 (8ms / 66):
    [junit] MAJOR: 2237967 (1 / 66 / 66) -> AVG-RTPM: 317ms
    [junit] MAJOR: Mutants killed / live: 1011 (16-6164-1) / 657
    [junit] MAJOR: ------------------------------------------------------------
    [junit] MAJOR: 69/145 - org.apache.commons.lang.math.NumberUtils_ESTest45 (8ms / 66):
    [junit] MAJOR: 2258705 (40 / 66 / 66) -> AVG-RTPM: 314ms
    [junit] MAJOR: Mutants killed / live: 1051 (16-6230-1) / 617
    [junit] MAJOR: ------------------------------------------------------------
    [junit] MAJOR: 70/145 - org.apache.commons.lang.math.NumberUtils_ESTest50 (8ms / 66):
    [junit] MAJOR: 2280643 (1 / 66 / 66) -> AVG-RTPM: 332ms
    [junit] MAJOR: Mutants killed / live: 1052 (16-6296-1) / 616
    [junit] MAJOR: ------------------------------------------------------------
    [junit] MAJOR: 71/145 - org.apache.commons.lang.math.NumberUtils_ESTest51 (8ms / 43):
    [junit] MAJOR: 2293332 (17 / 43 / 43) -> AVG-RTPM: 295ms
    [junit] MAJOR: Mutants killed / live: 1069 (16-6339-1) / 599
    [junit] MAJOR: ------------------------------------------------------------
    [junit] MAJOR: 72/145 - org.apache.commons.lang.math.NumberUtils_ESTest6 (8ms / 31):
    [junit] MAJOR: 2302283 (5 / 31 / 31) -> AVG-RTPM: 288ms
    [junit] MAJOR: Mutants killed / live: 1074 (16-6370-1) / 594
    [junit] MAJOR: ------------------------------------------------------------
    [junit] MAJOR: 73/145 - org.apache.commons.lang.math.NumberUtils_ESTest60 (8ms / 43):
    [junit] MAJOR: 2315696 (17 / 43 / 43) -> AVG-RTPM: 311ms
    [junit] MAJOR: Mutants killed / live: 1091 (16-6413-1) / 577
    [junit] MAJOR: ------------------------------------------------------------
    [junit] MAJOR: 74/145 - org.apache.commons.lang.math.NumberUtils_ESTest62 (8ms / 66):
    [junit] MAJOR: 2336608 (24 / 66 / 66) -> AVG-RTPM: 316ms
    [junit] MAJOR: Mutants killed / live: 1115 (16-6479-1) / 553
    [junit] MAJOR: ------------------------------------------------------------
    [junit] MAJOR: 75/145 - org.apache.commons.lang.math.NumberUtils_ESTest100 (9ms / 57):
    [junit] MAJOR: 2353871 (31 / 57 / 57) -> AVG-RTPM: 302ms
    [junit] MAJOR: Mutants killed / live: 1146 (16-6536-1) / 522
    [junit] MAJOR: ------------------------------------------------------------
    [junit] MAJOR: 76/145 - org.apache.commons.lang.math.NumberUtils_ESTest101 (9ms / 40):
    [junit] MAJOR: 2366192 (0 / 40 / 40) -> AVG-RTPM: 308ms
    [junit] MAJOR: Mutants killed / live: 1146 (16-6576-1) / 522
    [junit] MAJOR: ------------------------------------------------------------
    [junit] MAJOR: 77/145 - org.apache.commons.lang.math.NumberUtils_ESTest111 (9ms / 41):
    [junit] MAJOR: 2378321 (1 / 41 / 41) -> AVG-RTPM: 295ms
    [junit] MAJOR: Mutants killed / live: 1147 (16-6617-1) / 521
    [junit] MAJOR: ------------------------------------------------------------
    [junit] MAJOR: 78/145 - org.apache.commons.lang.math.NumberUtils_ESTest113 (9ms / 41):
    [junit] MAJOR: 2391389 (1 / 41 / 41) -> AVG-RTPM: 318ms
    [junit] MAJOR: Mutants killed / live: 1148 (16-6658-1) / 520
    [junit] MAJOR: ------------------------------------------------------------
    [junit] MAJOR: 79/145 - org.apache.commons.lang.math.NumberUtils_ESTest117 (9ms / 41):
    [junit] MAJOR: 2403805 (1 / 41 / 41) -> AVG-RTPM: 302ms
    [junit] MAJOR: Mutants killed / live: 1149 (16-6699-1) / 519
    [junit] MAJOR: ------------------------------------------------------------
    [junit] MAJOR: 80/145 - org.apache.commons.lang.math.NumberUtils_ESTest46 (9ms / 30):
    [junit] MAJOR: 2412459 (1 / 30 / 30) -> AVG-RTPM: 288ms
    [junit] MAJOR: Mutants killed / live: 1150 (16-6729-1) / 518
    [junit] MAJOR: ------------------------------------------------------------
    [junit] MAJOR: 81/145 - org.apache.commons.lang.math.NumberUtils_ESTest47 (9ms / 40):
    [junit] MAJOR: 2423392 (1 / 40 / 40) -> AVG-RTPM: 273ms
    [junit] MAJOR: Mutants killed / live: 1151 (16-6769-1) / 517
    [junit] MAJOR: ------------------------------------------------------------
    [junit] MAJOR: 82/145 - org.apache.commons.lang.math.NumberUtils_ESTest49 (9ms / 50):
    [junit] MAJOR: 2438193 (1 / 50 / 50) -> AVG-RTPM: 296ms
    [junit] MAJOR: Mutants killed / live: 1152 (16-6819-1) / 516
    [junit] MAJOR: ------------------------------------------------------------
    [junit] MAJOR: 83/145 - org.apache.commons.lang.math.NumberUtils_ESTest5 (9ms / 31):
    [junit] MAJOR: 2447701 (2 / 31 / 31) -> AVG-RTPM: 306ms
    [junit] MAJOR: Mutants killed / live: 1154 (16-6850-1) / 514
    [junit] MAJOR: ------------------------------------------------------------
    [junit] MAJOR: 84/145 - org.apache.commons.lang.math.NumberUtils_ESTest52 (9ms / 30):
    [junit] MAJOR: 2456716 (1 / 30 / 30) -> AVG-RTPM: 300ms
    [junit] MAJOR: Mutants killed / live: 1155 (16-6880-1) / 513
    [junit] MAJOR: ------------------------------------------------------------
    [junit] MAJOR: 85/145 - org.apache.commons.lang.math.NumberUtils_ESTest53 (9ms / 40):
    [junit] MAJOR: 2468885 (0 / 40 / 40) -> AVG-RTPM: 304ms
    [junit] MAJOR: Mutants killed / live: 1155 (16-6920-1) / 513
    [junit] MAJOR: ------------------------------------------------------------
    [junit] MAJOR: 86/145 - org.apache.commons.lang.math.NumberUtils_ESTest55 (9ms / 50):
    [junit] MAJOR: 2483111 (8 / 50 / 50) -> AVG-RTPM: 284ms
    [junit] MAJOR: Mutants killed / live: 1163 (16-6970-1) / 505
    [junit] MAJOR: ------------------------------------------------------------
    [junit] MAJOR: 87/145 - org.apache.commons.lang.math.NumberUtils_ESTest56 (9ms / 66):
    [junit] MAJOR: 2503716 (17 / 66 / 66) -> AVG-RTPM: 312ms
    [junit] MAJOR: Mutants killed / live: 1180 (16-7036-1) / 488
    [junit] MAJOR: ------------------------------------------------------------
    [junit] MAJOR: 88/145 - org.apache.commons.lang.math.NumberUtils_ESTest58 (9ms / 30):
    [junit] MAJOR: 2512744 (1 / 30 / 30) -> AVG-RTPM: 300ms
    [junit] MAJOR: Mutants killed / live: 1181 (16-7066-1) / 487
    [junit] MAJOR: ------------------------------------------------------------
    [junit] MAJOR: 89/145 - org.apache.commons.lang.math.NumberUtils_ESTest59 (9ms / 40):
    [junit] MAJOR: 2524918 (0 / 40 / 40) -> AVG-RTPM: 304ms
    [junit] MAJOR: Mutants killed / live: 1181 (16-7106-1) / 487
    [junit] MAJOR: ------------------------------------------------------------
    [junit] MAJOR: 90/145 - org.apache.commons.lang.math.NumberUtils_ESTest63 (9ms / 43):
    [junit] MAJOR: 2537182 (17 / 43 / 43) -> AVG-RTPM: 285ms
    [junit] MAJOR: Mutants killed / live: 1198 (16-7149-1) / 470
    [junit] MAJOR: ------------------------------------------------------------
    [junit] MAJOR: 91/145 - org.apache.commons.lang.math.NumberUtils_ESTest64 (9ms / 30):
    [junit] MAJOR: 2546475 (1 / 30 / 30) -> AVG-RTPM: 309ms
    [junit] MAJOR: Mutants killed / live: 1199 (16-7179-1) / 469
    [junit] MAJOR: ------------------------------------------------------------
    [junit] MAJOR: 92/145 - org.apache.commons.lang.math.NumberUtils_ESTest119 (10ms / 35):
    [junit] MAJOR: 2556625 (9 / 35 / 35) -> AVG-RTPM: 289ms
    [junit] MAJOR: Mutants killed / live: 1208 (16-7214-1) / 460
    [junit] MAJOR: ------------------------------------------------------------
    [junit] MAJOR: 93/145 - org.apache.commons.lang.math.NumberUtils_ESTest125 (10ms / 181):
    [junit] MAJOR: 2604805 (0 / 181 / 181) -> AVG-RTPM: 266ms
    [junit] MAJOR: Mutants killed / live: 1208 (16-7395-1) / 460
    [junit] MAJOR: ------------------------------------------------------------
    [junit] MAJOR: 94/145 - org.apache.commons.lang.math.NumberUtils_ESTest141 (10ms / 189):
    [junit] MAJOR: 2658844 (0 / 189 / 189) -> AVG-RTPM: 285ms
    [junit] MAJOR: Mutants killed / live: 1208 (16-7584-1) / 460
    [junit] MAJOR: ------------------------------------------------------------
    [junit] MAJOR: 95/145 - org.apache.commons.lang.math.NumberUtils_ESTest30 (10ms / 114):
    [junit] MAJOR: 2694135 (0 / 114 / 114) -> AVG-RTPM: 309ms
    [junit] MAJOR: Mutants killed / live: 1208 (16-7698-1) / 460
    [junit] MAJOR: ------------------------------------------------------------
    [junit] MAJOR: 96/145 - org.apache.commons.lang.math.NumberUtils_ESTest48 (10ms / 43):
    [junit] MAJOR: 2708940 (0 / 43 / 43) -> AVG-RTPM: 344ms
    [junit] MAJOR: Mutants killed / live: 1208 (16-7741-1) / 460
    [junit] MAJOR: ------------------------------------------------------------
    [junit] MAJOR: 97/145 - org.apache.commons.lang.math.NumberUtils_ESTest54 (10ms / 66):
    [junit] MAJOR: 2727980 (1 / 66 / 66) -> AVG-RTPM: 288ms
    [junit] MAJOR: Mutants killed / live: 1209 (16-7807-1) / 459
    [junit] MAJOR: ------------------------------------------------------------
    [junit] MAJOR: 98/145 - org.apache.commons.lang.math.NumberUtils_ESTest57 (10ms / 66):
    [junit] MAJOR: 2747556 (1 / 66 / 66) -> AVG-RTPM: 296ms
    [junit] MAJOR: Mutants killed / live: 1210 (16-7873-1) / 458
    [junit] MAJOR: ------------------------------------------------------------
    [junit] MAJOR: 99/145 - org.apache.commons.lang.math.NumberUtils_ESTest66 (10ms / 50):
    [junit] MAJOR: 2764171 (8 / 50 / 50) -> AVG-RTPM: 332ms
    [junit] MAJOR: Mutants killed / live: 1218 (16-7923-1) / 450
    [junit] MAJOR: ------------------------------------------------------------
    [junit] MAJOR: 100/145 - org.apache.commons.lang.math.NumberUtils_ESTest68 (10ms / 77):
    [junit] MAJOR: 2788072 (24 / 77 / 77) -> AVG-RTPM: 310ms
    [junit] MAJOR: Mutants killed / live: 1242 (16-8000-1) / 426
    [junit] MAJOR: ------------------------------------------------------------
    [junit] MAJOR: 101/145 - org.apache.commons.lang.math.NumberUtils_ESTest69 (10ms / 50):
    [junit] MAJOR: 2804514 (24 / 50 / 50) -> AVG-RTPM: 328ms
    [junit] MAJOR: Mutants killed / live: 1266 (16-8050-1) / 402
    [junit] MAJOR: ------------------------------------------------------------
    [junit] MAJOR: 102/145 - org.apache.commons.lang.math.NumberUtils_ESTest75 (10ms / 56):
    [junit] MAJOR: 2823111 (30 / 56 / 56) -> AVG-RTPM: 332ms
    [junit] MAJOR: Mutants killed / live: 1296 (16-8106-1) / 372
    [junit] MAJOR: ------------------------------------------------------------
    [junit] MAJOR: 103/145 - org.apache.commons.lang.math.NumberUtils_ESTest76 (10ms / 29):
    [junit] MAJOR: 2831873 (0 / 29 / 29) -> AVG-RTPM: 302ms
    [junit] MAJOR: Mutants killed / live: 1296 (16-8135-1) / 372
    [junit] MAJOR: ------------------------------------------------------------
    [junit] MAJOR: 104/145 - org.apache.commons.lang.math.NumberUtils_ESTest77 (10ms / 57):
    [junit] MAJOR: 2849659 (1 / 57 / 57) -> AVG-RTPM: 312ms
    [junit] MAJOR: Mutants killed / live: 1297 (16-8192-1) / 371
    [junit] MAJOR: ------------------------------------------------------------
    [junit] MAJOR: 105/145 - org.apache.commons.lang.math.NumberUtils_ESTest78 (10ms / 29):
    [junit] MAJOR: 2858429 (3 / 29 / 29) -> AVG-RTPM: 302ms
    [junit] MAJOR: Mutants killed / live: 1300 (16-8221-1) / 368
    [junit] MAJOR: ------------------------------------------------------------
    [junit] MAJOR: 106/145 - org.apache.commons.lang.math.NumberUtils_ESTest1 (11ms / 26):
    [junit] MAJOR: 2867068 (0 / 26 / 26) -> AVG-RTPM: 332ms
    [junit] MAJOR: Mutants killed / live: 1300 (16-8247-1) / 368
    [junit] MAJOR: ------------------------------------------------------------
    [junit] MAJOR: 107/145 - org.apache.commons.lang.math.NumberUtils_ESTest109 (11ms / 42):
    [junit] MAJOR: 2881928 (1 / 42 / 42) -> AVG-RTPM: 353ms
    [junit] MAJOR: Mutants killed / live: 1301 (16-8289-1) / 367
    [junit] MAJOR: ------------------------------------------------------------
    [junit] MAJOR: 108/145 - org.apache.commons.lang.math.NumberUtils_ESTest61 (11ms / 50):
    [junit] MAJOR: 2897038 (1 / 50 / 50) -> AVG-RTPM: 302ms
    [junit] MAJOR: Mutants killed / live: 1302 (16-8339-1) / 366
    [junit] MAJOR: ------------------------------------------------------------
    [junit] MAJOR: 109/145 - org.apache.commons.lang.math.NumberUtils_ESTest67 (11ms / 91):
    [junit] MAJOR: 2926065 (17 / 91 / 91) -> AVG-RTPM: 318ms
    [junit] MAJOR: Mutants killed / live: 1319 (16-8430-1) / 349
    [junit] MAJOR: ------------------------------------------------------------
    [junit] MAJOR: 110/145 - org.apache.commons.lang.math.NumberUtils_ESTest71 (11ms / 40):
    [junit] MAJOR: 2939288 (1 / 40 / 40) -> AVG-RTPM: 330ms
    [junit] MAJOR: Mutants killed / live: 1320 (16-8470-1) / 348
    [junit] MAJOR: ------------------------------------------------------------
    [junit] MAJOR: 111/145 - org.apache.commons.lang.math.NumberUtils_ESTest72 (11ms / 43):
    [junit] MAJOR: 2951319 (0 / 43 / 43) -> AVG-RTPM: 279ms
    [junit] MAJOR: Mutants killed / live: 1320 (16-8513-1) / 348
    [junit] MAJOR: ------------------------------------------------------------
    [junit] MAJOR: 112/145 - org.apache.commons.lang.math.NumberUtils_ESTest74 (11ms / 86):
    [junit] MAJOR: 2975092 (30 / 86 / 86) -> AVG-RTPM: 276ms
    [junit] MAJOR: Mutants killed / live: 1350 (16-8599-1) / 318
    [junit] MAJOR: ------------------------------------------------------------
    [junit] MAJOR: 113/145 - org.apache.commons.lang.math.NumberUtils_ESTest80 (11ms / 29):
    [junit] MAJOR: 2983658 (3 / 29 / 29) -> AVG-RTPM: 295ms
    [junit] MAJOR: Mutants killed / live: 1353 (16-8628-1) / 315
    [junit] MAJOR: ------------------------------------------------------------
    [junit] MAJOR: 114/145 - org.apache.commons.lang.math.NumberUtils_ESTest85 (11ms / 29):
    [junit] MAJOR: 2992201 (3 / 29 / 29) -> AVG-RTPM: 294ms
    [junit] MAJOR: Mutants killed / live: 1356 (16-8657-1) / 312
    [junit] MAJOR: ------------------------------------------------------------
    [junit] MAJOR: 115/145 - org.apache.commons.lang.math.NumberUtils_ESTest91 (11ms / 29):
    [junit] MAJOR: 3000654 (3 / 29 / 29) -> AVG-RTPM: 291ms
    [junit] MAJOR: Mutants killed / live: 1359 (16-8686-1) / 309
    [junit] MAJOR: ------------------------------------------------------------
    [junit] MAJOR: 116/145 - org.apache.commons.lang.math.NumberUtils_ESTest95 (11ms / 29):
    [junit] MAJOR: 3008301 (3 / 29 / 29) -> AVG-RTPM: 263ms
    [junit] MAJOR: Mutants killed / live: 1362 (16-8715-1) / 306
    [junit] MAJOR: ------------------------------------------------------------
    [junit] MAJOR: 117/145 - org.apache.commons.lang.math.NumberUtils_ESTest132 (12ms / 245):
    [junit] MAJOR: 3080286 (0 / 245 / 245) -> AVG-RTPM: 293ms
    [junit] MAJOR: Mutants killed / live: 1362 (16-8960-1) / 306
    [junit] MAJOR: ------------------------------------------------------------
    [junit] MAJOR: 118/145 - org.apache.commons.lang.math.NumberUtils_ESTest65 (12ms / 40):
    [junit] MAJOR: 3092752 (0 / 40 / 40) -> AVG-RTPM: 311ms
    [junit] MAJOR: Mutants killed / live: 1362 (16-9000-1) / 306
    [junit] MAJOR: ------------------------------------------------------------
    [junit] MAJOR: 119/145 - org.apache.commons.lang.math.NumberUtils_ESTest70 (12ms / 30):
    [junit] MAJOR: 3101127 (1 / 30 / 30) -> AVG-RTPM: 279ms
    [junit] MAJOR: Mutants killed / live: 1363 (16-9030-1) / 305
    [junit] MAJOR: ------------------------------------------------------------
    [junit] MAJOR: 120/145 - org.apache.commons.lang.math.NumberUtils_ESTest73 (12ms / 91):
    [junit] MAJOR: 3126649 (10 / 91 / 91) -> AVG-RTPM: 280ms
    [junit] MAJOR: Mutants killed / live: 1373 (16-9121-1) / 295
    [junit] MAJOR: ------------------------------------------------------------
    [junit] MAJOR: 121/145 - org.apache.commons.lang.math.NumberUtils_ESTest79 (12ms / 57):
    [junit] MAJOR: 3141468 (28 / 57 / 57) -> AVG-RTPM: 259ms
    [junit] MAJOR: Mutants killed / live: 1401 (16-9178-1) / 267
    [junit] MAJOR: ------------------------------------------------------------
    [junit] MAJOR: 122/145 - org.apache.commons.lang.math.NumberUtils_ESTest83 (12ms / 57):
    [junit] MAJOR: 3157568 (31 / 57 / 57) -> AVG-RTPM: 282ms
    [junit] MAJOR: Mutants killed / live: 1432 (16-9235-1) / 236
    [junit] MAJOR: ------------------------------------------------------------
    [junit] MAJOR: 123/145 - org.apache.commons.lang.math.NumberUtils_ESTest84 (12ms / 56):
    [junit] MAJOR: 3173705 (27 / 56 / 56) -> AVG-RTPM: 288ms
    [junit] MAJOR: Mutants killed / live: 1459 (16-9291-1) / 209
    [junit] MAJOR: ------------------------------------------------------------
    [junit] MAJOR: 124/145 - org.apache.commons.lang.math.NumberUtils_ESTest89 (12ms / 29):
    [junit] MAJOR: 3182158 (3 / 29 / 29) -> AVG-RTPM: 291ms
    [junit] MAJOR: Mutants killed / live: 1462 (16-9320-1) / 206
    [junit] MAJOR: ------------------------------------------------------------
    [junit] MAJOR: 125/145 - org.apache.commons.lang.math.NumberUtils_ESTest96 (12ms / 57):
    [junit] MAJOR: 3198419 (28 / 57 / 57) -> AVG-RTPM: 285ms
    [junit] MAJOR: Mutants killed / live: 1490 (16-9377-1) / 178
    [junit] MAJOR: ------------------------------------------------------------
    [junit] MAJOR: 126/145 - org.apache.commons.lang.math.NumberUtils_ESTest98 (12ms / 57):
    [junit] MAJOR: 3216272 (31 / 57 / 57) -> AVG-RTPM: 313ms
    [junit] MAJOR: Mutants killed / live: 1521 (16-9434-1) / 147
    [junit] MAJOR: ------------------------------------------------------------
    [junit] MAJOR: 127/145 - org.apache.commons.lang.math.NumberUtils_ESTest82 (13ms / 29):
    [junit] MAJOR: 3225746 (0 / 29 / 29) -> AVG-RTPM: 326ms
    [junit] MAJOR: Mutants killed / live: 1521 (16-9463-1) / 147
    [junit] MAJOR: ------------------------------------------------------------
    [junit] MAJOR: 128/145 - org.apache.commons.lang.math.NumberUtils_ESTest86 (13ms / 57):
    [junit] MAJOR: 3244699 (1 / 57 / 57) -> AVG-RTPM: 332ms
    [junit] MAJOR: Mutants killed / live: 1522 (16-9520-1) / 146
    [junit] MAJOR: ------------------------------------------------------------
    [junit] MAJOR: 129/145 - org.apache.commons.lang.math.NumberUtils_ESTest88 (13ms / 57):
    [junit] MAJOR: 3262090 (31 / 57 / 57) -> AVG-RTPM: 305ms
    [junit] MAJOR: Mutants killed / live: 1553 (16-9577-1) / 115
    [junit] MAJOR: ------------------------------------------------------------
    [junit] MAJOR: 130/145 - org.apache.commons.lang.math.NumberUtils_ESTest99 (13ms / 29):
    [junit] MAJOR: 3271596 (0 / 29 / 29) -> AVG-RTPM: 327ms
    [junit] MAJOR: Mutants killed / live: 1553 (16-9606-1) / 115
    [junit] MAJOR: ------------------------------------------------------------
    [junit] MAJOR: 131/145 - org.apache.commons.lang.math.NumberUtils_ESTest92 (14ms / 57):
    [junit] MAJOR: 3290456 (28 / 57 / 57) -> AVG-RTPM: 330ms
    [junit] MAJOR: Mutants killed / live: 1581 (16-9663-1) / 87
    [junit] MAJOR: ------------------------------------------------------------
    [junit] MAJOR: 132/145 - org.apache.commons.lang.math.NumberUtils_ESTest93 (14ms / 29):
    [junit] MAJOR: 3298109 (3 / 29 / 29) -> AVG-RTPM: 263ms
    [junit] MAJOR: Mutants killed / live: 1584 (16-9692-1) / 84
    [junit] MAJOR: ------------------------------------------------------------
    [junit] MAJOR: 133/145 - org.apache.commons.lang.math.NumberUtils_ESTest97 (14ms / 29):
    [junit] MAJOR: 3306514 (0 / 29 / 29) -> AVG-RTPM: 289ms
    [junit] MAJOR: Mutants killed / live: 1584 (16-9721-1) / 84
    [junit] MAJOR: ------------------------------------------------------------
    [junit] MAJOR: 134/145 - org.apache.commons.lang.math.NumberUtils_ESTest10 (15ms / 29):
    [junit] MAJOR: 3314176 (0 / 29 / 29) -> AVG-RTPM: 264ms
    [junit] MAJOR: Mutants killed / live: 1584 (16-9750-1) / 84
    [junit] MAJOR: ------------------------------------------------------------
    [junit] MAJOR: 135/145 - org.apache.commons.lang.math.NumberUtils_ESTest8 (15ms / 26):
    [junit] MAJOR: 3321446 (0 / 26 / 26) -> AVG-RTPM: 279ms
    [junit] MAJOR: Mutants killed / live: 1584 (16-9776-1) / 84
    [junit] MAJOR: ------------------------------------------------------------
    [junit] MAJOR: 136/145 - org.apache.commons.lang.math.NumberUtils_ESTest87 (15ms / 29):
    [junit] MAJOR: 3331011 (0 / 29 / 29) -> AVG-RTPM: 329ms
    [junit] MAJOR: Mutants killed / live: 1584 (16-9805-1) / 84
    [junit] MAJOR: ------------------------------------------------------------
    [junit] MAJOR: 137/145 - org.apache.commons.lang.math.NumberUtils_ESTest94 (15ms / 57):
    [junit] MAJOR: 3348304 (28 / 57 / 57) -> AVG-RTPM: 303ms
    [junit] MAJOR: Mutants killed / live: 1612 (16-9862-1) / 56
    [junit] MAJOR: ------------------------------------------------------------
    [junit] MAJOR: 138/145 - org.apache.commons.lang.math.NumberUtils_ESTest0 (18ms / 29):
    [junit] MAJOR: 3356864 (0 / 29 / 29) -> AVG-RTPM: 295ms
    [junit] MAJOR: Mutants killed / live: 1612 (16-9891-1) / 56
    [junit] MAJOR: ------------------------------------------------------------
    [junit] MAJOR: 139/145 - org.apache.commons.lang.math.NumberUtils_ESTest81 (20ms / 57):
    [junit] MAJOR: 3372711 (28 / 57 / 57) -> AVG-RTPM: 278ms
    [junit] MAJOR: Mutants killed / live: 1640 (16-9948-1) / 28
    [junit] MAJOR: ------------------------------------------------------------
    [junit] MAJOR: 140/145 - org.apache.commons.lang.math.NumberUtils_ESTest90 (23ms / 57):
    [junit] MAJOR: 3388676 (28 / 57 / 57) -> AVG-RTPM: 280ms
    [junit] MAJOR: Mutants killed / live: 1668 (16-10005-1) / 0
    [junit] MAJOR: ------------------------------------------------------------
    [junit] MAJOR: 141/145 - org.apache.commons.lang.math.NumberUtils_ESTest143 (27ms / 203):
    [junit] MAJOR: 3450661 (0 / 203 / 203) -> AVG-RTPM: 305ms
    [junit] MAJOR: Mutants killed / live: 1668 (16-10208-1) / 0
    [junit] MAJOR: ------------------------------------------------------------
    [junit] MAJOR: 142/145 - org.apache.commons.lang.math.NumberUtils_ESTest7 (27ms / 26):
    [junit] MAJOR: 3458695 (0 / 26 / 26) -> AVG-RTPM: 308ms
    [junit] MAJOR: Mutants killed / live: 1668 (16-10234-1) / 0
    [junit] MAJOR: ------------------------------------------------------------
    [junit] MAJOR: 143/145 - org.apache.commons.lang.math.NumberUtils_ESTest23 (38ms / 141):
    [junit] MAJOR: 3501461 (0 / 141 / 141) -> AVG-RTPM: 303ms
    [junit] MAJOR: Mutants killed / live: 1668 (16-10375-1) / 0
    [junit] MAJOR: ------------------------------------------------------------
    [junit] MAJOR: 144/145 - org.apache.commons.lang.math.NumberUtils_ESTest22 (41ms / 141):

BUILD FAILED
/home/donghwan/defects4j/framework/projects/defects4j.build.xml:185: Parallel execution timed out

Total time: 60 minutes 16 seconds
