
init:
     [echo] -------- commons-lang3 3.2-SNAPSHOT --------

compile:

compile.tests:
    [mkdir] Created dir: /tmp/run_mutation.pl_63588_1483610180/5f/target/tests
    [javac] Compiling 128 source files to /tmp/run_mutation.pl_63588_1483610180/5f/target/tests
    [javac] warning: [options] bootstrap class path not set in conjunction with -source 1.5
    [javac] Note: Some input files use or override a deprecated API.
    [javac] Note: Recompile with -Xlint:deprecation for details.
    [javac] 1 warning
     [copy] Copying 4 files to /tmp/run_mutation.pl_63588_1483610180/5f/target/tests

update.all.tests:

mutation.test:
     [echo] Running mutation analysis ...
    [junit] MAJOR: Mutation analysis enabled
SLF4J: Failed to load class "org.slf4j.impl.StaticLoggerBinder".
SLF4J: Defaulting to no-operation (NOP) logger implementation
SLF4J: See http://www.slf4j.org/codes.html#StaticLoggerBinder for further details.
    [junit] MAJOR: ------------------------------------------------------------
    [junit] MAJOR: Run 23 ordered tests to verify independence
    [junit] MAJOR: ------------------------------------------------------------
    [junit] MAJOR: Preprocessing time: 3.56 seconds
    [junit] MAJOR: ------------------------------------------------------------
    [junit] MAJOR: Mutants generated: 286
    [junit] MAJOR: Mutants covered:   269 (94.06%)
    [junit] MAJOR: ------------------------------------------------------------
    [junit] MAJOR: Export test map to (testMap.csv)
    [junit] MAJOR: Export coverage map to (covMap.csv)
    [junit] MAJOR: Exclude 0 mutants
    [junit] MAJOR: ------------------------------------------------------------
    [junit] MAJOR: Run mutation analysis with 23 individual tests
    [junit] MAJOR: ------------------------------------------------------------
    [junit] MAJOR: 1/23 - org.apache.commons.lang3.LocaleUtils_ESTest13 (7ms / 93):
    [junit] MAJOR: 14522 (19 / 93 / 93) -> AVG-RTPM: 156ms
    [junit] MAJOR: Mutants killed / live: 19 (14-5-0) / 250
    [junit] MAJOR: ------------------------------------------------------------
    [junit] MAJOR: 2/23 - org.apache.commons.lang3.LocaleUtils_ESTest4 (7ms / 41):
    [junit] MAJOR: 28227 (2 / 41 / 41) -> AVG-RTPM: 334ms
    [junit] MAJOR: Mutants killed / live: 21 (16-8-0) / 248
    [junit] MAJOR: ------------------------------------------------------------
    [junit] MAJOR: 3/23 - org.apache.commons.lang3.LocaleUtils_ESTest7 (7ms / 59):
    [junit] MAJOR: 58866 (4 / 59 / 59) -> AVG-RTPM: 519ms
    [junit] MAJOR: Mutants killed / live: 25 (22-11-0) / 244
    [junit] MAJOR: ------------------------------------------------------------
    [junit] MAJOR: 4/23 - org.apache.commons.lang3.LocaleUtils_ESTest8 (7ms / 30):
    [junit] MAJOR: 76861 (0 / 30 / 30) -> AVG-RTPM: 599ms
    [junit] MAJOR: Mutants killed / live: 25 (24-13-0) / 244
    [junit] MAJOR: ------------------------------------------------------------
    [junit] MAJOR: 5/23 - org.apache.commons.lang3.LocaleUtils_ESTest9 (7ms / 30):
    [junit] MAJOR: 99401 (8 / 30 / 30) -> AVG-RTPM: 751ms
    [junit] MAJOR: Mutants killed / live: 33 (26-22-1) / 236
    [junit] MAJOR: ------------------------------------------------------------
    [junit] MAJOR: 6/23 - org.apache.commons.lang3.LocaleUtils_ESTest14 (8ms / 75):
    [junit] MAJOR: 111655 (52 / 75 / 75) -> AVG-RTPM: 163ms
    [junit] MAJOR: Mutants killed / live: 85 (26-97-1) / 184
    [junit] MAJOR: ------------------------------------------------------------
    [junit] MAJOR: 7/23 - org.apache.commons.lang3.LocaleUtils_ESTest18 (8ms / 5):
    [junit] MAJOR: 112467 (5 / 5 / 5) -> AVG-RTPM: 162ms
    [junit] MAJOR: Mutants killed / live: 90 (26-102-1) / 179
    [junit] MAJOR: ------------------------------------------------------------
    [junit] MAJOR: 8/23 - org.apache.commons.lang3.LocaleUtils_ESTest19 (8ms / 32):
    [junit] MAJOR: 117523 (27 / 32 / 32) -> AVG-RTPM: 158ms
    [junit] MAJOR: Mutants killed / live: 117 (26-134-1) / 152
    [junit] MAJOR: ------------------------------------------------------------
    [junit] MAJOR: 9/23 - org.apache.commons.lang3.LocaleUtils_ESTest2 (8ms / 68):
    [junit] MAJOR: 128604 (41 / 68 / 68) -> AVG-RTPM: 162ms
    [junit] MAJOR: Mutants killed / live: 158 (26-202-1) / 111
    [junit] MAJOR: ------------------------------------------------------------
    [junit] MAJOR: 10/23 - org.apache.commons.lang3.LocaleUtils_ESTest20 (8ms / 32):
    [junit] MAJOR: 133761 (1 / 32 / 32) -> AVG-RTPM: 161ms
    [junit] MAJOR: Mutants killed / live: 159 (26-234-1) / 110
    [junit] MAJOR: ------------------------------------------------------------
    [junit] MAJOR: 11/23 - org.apache.commons.lang3.LocaleUtils_ESTest21 (8ms / 0):
    [junit] MAJOR: 133761 (0 / 0 / 0) -> AVG-RTPM: 0ms
    [junit] MAJOR: Mutants killed / live: 159 (26-234-1) / 110
    [junit] MAJOR: ------------------------------------------------------------
    [junit] MAJOR: 12/23 - org.apache.commons.lang3.LocaleUtils_ESTest3 (8ms / 30):
    [junit] MAJOR: 138386 (0 / 30 / 30) -> AVG-RTPM: 154ms
    [junit] MAJOR: Mutants killed / live: 159 (26-264-1) / 110
    [junit] MAJOR: ------------------------------------------------------------
    [junit] MAJOR: 13/23 - org.apache.commons.lang3.LocaleUtils_ESTest5 (8ms / 41):
    [junit] MAJOR: 144837 (0 / 41 / 41) -> AVG-RTPM: 157ms
    [junit] MAJOR: Mutants killed / live: 159 (26-305-1) / 110
    [junit] MAJOR: ------------------------------------------------------------
    [junit] MAJOR: 14/23 - org.apache.commons.lang3.LocaleUtils_ESTest6 (8ms / 54):
    [junit] MAJOR: 153459 (4 / 54 / 54) -> AVG-RTPM: 159ms
    [junit] MAJOR: Mutants killed / live: 163 (26-359-1) / 106
    [junit] MAJOR: ------------------------------------------------------------
    [junit] MAJOR: 15/23 - org.apache.commons.lang3.LocaleUtils_ESTest10 (9ms / 48):
    [junit] MAJOR: 161132 (0 / 48 / 48) -> AVG-RTPM: 159ms
    [junit] MAJOR: Mutants killed / live: 163 (26-407-1) / 106
    [junit] MAJOR: ------------------------------------------------------------
    [junit] MAJOR: 16/23 - org.apache.commons.lang3.LocaleUtils_ESTest11 (9ms / 57):
    [junit] MAJOR: 170204 (0 / 57 / 57) -> AVG-RTPM: 159ms
    [junit] MAJOR: Mutants killed / live: 163 (26-464-1) / 106
    [junit] MAJOR: ------------------------------------------------------------
    [junit] MAJOR: 17/23 - org.apache.commons.lang3.LocaleUtils_ESTest1 (10ms / 3):
    [junit] MAJOR: 170661 (0 / 3 / 3) -> AVG-RTPM: 152ms
    [junit] MAJOR: Mutants killed / live: 163 (26-467-1) / 106
    [junit] MAJOR: ------------------------------------------------------------
    [junit] MAJOR: 18/23 - org.apache.commons.lang3.LocaleUtils_ESTest15 (10ms / 92):
    [junit] MAJOR: 185226 (13 / 92 / 92) -> AVG-RTPM: 158ms
    [junit] MAJOR: Mutants killed / live: 176 (26-559-1) / 93
    [junit] MAJOR: ------------------------------------------------------------
    [junit] MAJOR: 19/23 - org.apache.commons.lang3.LocaleUtils_ESTest16 (10ms / 102):
    [junit] MAJOR: 201094 (18 / 102 / 102) -> AVG-RTPM: 155ms
    [junit] MAJOR: Mutants killed / live: 194 (26-661-1) / 75
    [junit] MAJOR: ------------------------------------------------------------
    [junit] MAJOR: 20/23 - org.apache.commons.lang3.LocaleUtils_ESTest22 (12ms / 129):
    [junit] MAJOR: 221560 (59 / 129 / 129) -> AVG-RTPM: 158ms
    [junit] MAJOR: Mutants killed / live: 253 (26-790-1) / 16
    [junit] MAJOR: ------------------------------------------------------------
    [junit] MAJOR: 21/23 - org.apache.commons.lang3.LocaleUtils_ESTest12 (15ms / 72):
    [junit] MAJOR: 232943 (6 / 72 / 72) -> AVG-RTPM: 158ms
    [junit] MAJOR: Mutants killed / live: 259 (26-862-1) / 10
    [junit] MAJOR: ------------------------------------------------------------
    [junit] MAJOR: 22/23 - org.apache.commons.lang3.LocaleUtils_ESTest0 (31ms / 75):
    [junit] MAJOR: 244565 (0 / 75 / 75) -> AVG-RTPM: 154ms
    [junit] MAJOR: Mutants killed / live: 259 (26-937-1) / 10
    [junit] MAJOR: ------------------------------------------------------------
    [junit] MAJOR: 23/23 - org.apache.commons.lang3.LocaleUtils_ESTest17 (35ms / 112):
    [junit] MAJOR: 262032 (10 / 112 / 112) -> AVG-RTPM: 155ms
    [junit] MAJOR: Mutants killed / live: 269 (26-1049-1) / 0
    [junit] MAJOR: ------------------------------------------------------------
    [junit] MAJOR: Summary:
    [junit] MAJOR: 
    [junit] MAJOR: Analysis time:  262.0 seconds
    [junit] MAJOR: Mutation score: 94.06% (100.00%)
    [junit] MAJOR: Mutants killed / live: 269 (26-1049-1) / 0
    [junit] MAJOR: Mutant executions: 1280
    [junit] MAJOR: ------------------------------------------------------------
    [junit] MAJOR: Export summary of results (to summary.csv)
    [junit] MAJOR: Export mutant kill details (to /tmp/run_mutation.pl_63588_1483610180/5f/kill.csv)
    [junit] MAJOR: Export kill map (to killMap.csv)!

BUILD SUCCESSFUL
Total time: 4 minutes 31 seconds
