
init:
     [echo] -------- commons-lang 2.3-SNAPSHOT --------

prepare:

static:

compile:
    [javac] /tmp/run_mutation.pl_91147_1501127584/60f/build.xml:65: warning: 'includeantruntime' was not set, defaulting to build.sysclasspath=last; set to false for repeatable builds

compile.tests:
    [javac] /tmp/run_mutation.pl_91147_1501127584/60f/build.xml:73: warning: 'includeantruntime' was not set, defaulting to build.sysclasspath=last; set to false for repeatable builds
    [javac] Compiling 140 source files to /tmp/run_mutation.pl_91147_1501127584/60f/target/tests
    [javac] warning: [options] bootstrap class path not set in conjunction with -source 1.3
    [javac] /tmp/run_mutation.pl_91147_1501127584/60f/src/test/org/apache/commons/lang/AllLangTestSuite.java:63: warning: as of release 5, 'enum' is a keyword, and may not be used as an identifier
    [javac]         suite.addTest(org.apache.commons.lang.enum.EnumTestSuite.suite());
    [javac]                                               ^
    [javac]   (use -source 5 or higher to use 'enum' as a keyword)
    [javac] /tmp/run_mutation.pl_91147_1501127584/60f/src/test/org/apache/commons/lang/enum/Broken1Enum.java:17: warning: as of release 5, 'enum' is a keyword, and may not be used as an identifier
    [javac] package org.apache.commons.lang.enum;
    [javac]                                 ^
    [javac]   (use -source 5 or higher to use 'enum' as a keyword)
    [javac] /tmp/run_mutation.pl_91147_1501127584/60f/src/test/org/apache/commons/lang/enum/Broken1OperationEnum.java:17: warning: as of release 5, 'enum' is a keyword, and may not be used as an identifier
    [javac] package org.apache.commons.lang.enum;
    [javac]                                 ^
    [javac]   (use -source 5 or higher to use 'enum' as a keyword)
    [javac] /tmp/run_mutation.pl_91147_1501127584/60f/src/test/org/apache/commons/lang/enum/Broken2Enum.java:17: warning: as of release 5, 'enum' is a keyword, and may not be used as an identifier
    [javac] package org.apache.commons.lang.enum;
    [javac]                                 ^
    [javac]   (use -source 5 or higher to use 'enum' as a keyword)
    [javac] /tmp/run_mutation.pl_91147_1501127584/60f/src/test/org/apache/commons/lang/enum/Broken2OperationEnum.java:17: warning: as of release 5, 'enum' is a keyword, and may not be used as an identifier
    [javac] package org.apache.commons.lang.enum;
    [javac]                                 ^
    [javac]   (use -source 5 or higher to use 'enum' as a keyword)
    [javac] /tmp/run_mutation.pl_91147_1501127584/60f/src/test/org/apache/commons/lang/enum/Broken3Enum.java:17: warning: as of release 5, 'enum' is a keyword, and may not be used as an identifier
    [javac] package org.apache.commons.lang.enum;
    [javac]                                 ^
    [javac]   (use -source 5 or higher to use 'enum' as a keyword)
    [javac] /tmp/run_mutation.pl_91147_1501127584/60f/src/test/org/apache/commons/lang/enum/Broken3OperationEnum.java:17: warning: as of release 5, 'enum' is a keyword, and may not be used as an identifier
    [javac] package org.apache.commons.lang.enum;
    [javac]                                 ^
    [javac]   (use -source 5 or higher to use 'enum' as a keyword)
    [javac] /tmp/run_mutation.pl_91147_1501127584/60f/src/test/org/apache/commons/lang/enum/Broken4OperationEnum.java:17: warning: as of release 5, 'enum' is a keyword, and may not be used as an identifier
    [javac] package org.apache.commons.lang.enum;
    [javac]                                 ^
    [javac]   (use -source 5 or higher to use 'enum' as a keyword)
    [javac] /tmp/run_mutation.pl_91147_1501127584/60f/src/test/org/apache/commons/lang/enum/Broken5OperationEnum.java:17: warning: as of release 5, 'enum' is a keyword, and may not be used as an identifier
    [javac] package org.apache.commons.lang.enum;
    [javac]                                 ^
    [javac]   (use -source 5 or higher to use 'enum' as a keyword)
    [javac] /tmp/run_mutation.pl_91147_1501127584/60f/src/test/org/apache/commons/lang/enum/ColorEnum.java:17: warning: as of release 5, 'enum' is a keyword, and may not be used as an identifier
    [javac] package org.apache.commons.lang.enum;
    [javac]                                 ^
    [javac]   (use -source 5 or higher to use 'enum' as a keyword)
    [javac] /tmp/run_mutation.pl_91147_1501127584/60f/src/test/org/apache/commons/lang/enum/DummyEnum.java:17: warning: as of release 5, 'enum' is a keyword, and may not be used as an identifier
    [javac] package org.apache.commons.lang.enum;
    [javac]                                 ^
    [javac]   (use -source 5 or higher to use 'enum' as a keyword)
    [javac] /tmp/run_mutation.pl_91147_1501127584/60f/src/test/org/apache/commons/lang/enum/EnumTest.java:18: warning: as of release 5, 'enum' is a keyword, and may not be used as an identifier
    [javac] package org.apache.commons.lang.enum;
    [javac]                                 ^
    [javac]   (use -source 5 or higher to use 'enum' as a keyword)
    [javac] /tmp/run_mutation.pl_91147_1501127584/60f/src/test/org/apache/commons/lang/enum/EnumTestSuite.java:17: warning: as of release 5, 'enum' is a keyword, and may not be used as an identifier
    [javac] package org.apache.commons.lang.enum;
    [javac]                                 ^
    [javac]   (use -source 5 or higher to use 'enum' as a keyword)
    [javac] /tmp/run_mutation.pl_91147_1501127584/60f/src/test/org/apache/commons/lang/enum/EnumUtilsTest.java:17: warning: as of release 5, 'enum' is a keyword, and may not be used as an identifier
    [javac] package org.apache.commons.lang.enum;
    [javac]                                 ^
    [javac]   (use -source 5 or higher to use 'enum' as a keyword)
    [javac] /tmp/run_mutation.pl_91147_1501127584/60f/src/test/org/apache/commons/lang/enum/Extended1Enum.java:19: warning: as of release 5, 'enum' is a keyword, and may not be used as an identifier
    [javac] package org.apache.commons.lang.enum;
    [javac]                                 ^
    [javac]   (use -source 5 or higher to use 'enum' as a keyword)
    [javac] /tmp/run_mutation.pl_91147_1501127584/60f/src/test/org/apache/commons/lang/enum/Extended2Enum.java:19: warning: as of release 5, 'enum' is a keyword, and may not be used as an identifier
    [javac] package org.apache.commons.lang.enum;
    [javac]                                 ^
    [javac]   (use -source 5 or higher to use 'enum' as a keyword)
    [javac] /tmp/run_mutation.pl_91147_1501127584/60f/src/test/org/apache/commons/lang/enum/Extended3Enum.java:19: warning: as of release 5, 'enum' is a keyword, and may not be used as an identifier
    [javac] package org.apache.commons.lang.enum;
    [javac]                                 ^
    [javac]   (use -source 5 or higher to use 'enum' as a keyword)
    [javac] /tmp/run_mutation.pl_91147_1501127584/60f/src/test/org/apache/commons/lang/enum/Nest.java:17: warning: as of release 5, 'enum' is a keyword, and may not be used as an identifier
    [javac] package org.apache.commons.lang.enum;
    [javac]                                 ^
    [javac]   (use -source 5 or higher to use 'enum' as a keyword)
    [javac] /tmp/run_mutation.pl_91147_1501127584/60f/src/test/org/apache/commons/lang/enum/NestBroken.java:17: warning: as of release 5, 'enum' is a keyword, and may not be used as an identifier
    [javac] package org.apache.commons.lang.enum;
    [javac]                                 ^
    [javac]   (use -source 5 or higher to use 'enum' as a keyword)
    [javac] /tmp/run_mutation.pl_91147_1501127584/60f/src/test/org/apache/commons/lang/enum/NestLinked.java:17: warning: as of release 5, 'enum' is a keyword, and may not be used as an identifier
    [javac] package org.apache.commons.lang.enum;
    [javac]                                 ^
    [javac]   (use -source 5 or higher to use 'enum' as a keyword)
    [javac] /tmp/run_mutation.pl_91147_1501127584/60f/src/test/org/apache/commons/lang/enum/NestReferenced.java:17: warning: as of release 5, 'enum' is a keyword, and may not be used as an identifier
    [javac] package org.apache.commons.lang.enum;
    [javac]                                 ^
    [javac]   (use -source 5 or higher to use 'enum' as a keyword)
    [javac] /tmp/run_mutation.pl_91147_1501127584/60f/src/test/org/apache/commons/lang/enum/OperationEnum.java:17: warning: as of release 5, 'enum' is a keyword, and may not be used as an identifier
    [javac] package org.apache.commons.lang.enum;
    [javac]                                 ^
    [javac]   (use -source 5 or higher to use 'enum' as a keyword)
    [javac] /tmp/run_mutation.pl_91147_1501127584/60f/src/test/org/apache/commons/lang/enum/ValuedColorEnum.java:17: warning: as of release 5, 'enum' is a keyword, and may not be used as an identifier
    [javac] package org.apache.commons.lang.enum;
    [javac]                                 ^
    [javac]   (use -source 5 or higher to use 'enum' as a keyword)
    [javac] /tmp/run_mutation.pl_91147_1501127584/60f/src/test/org/apache/commons/lang/enum/ValuedEnumTest.java:17: warning: as of release 5, 'enum' is a keyword, and may not be used as an identifier
    [javac] package org.apache.commons.lang.enum;
    [javac]                                 ^
    [javac]   (use -source 5 or higher to use 'enum' as a keyword)
    [javac] Note: Some input files use or override a deprecated API.
    [javac] Note: Recompile with -Xlint:deprecation for details.
    [javac] 25 warnings
     [copy] Copying 9 files to /tmp/run_mutation.pl_91147_1501127584/60f/target/tests

update.all.tests:

mutation.test:
     [echo] Running mutation analysis ...
    [junit] MAJOR: Mutation analysis enabled
SLF4J: Failed to load class "org.slf4j.impl.StaticLoggerBinder".
SLF4J: Defaulting to no-operation (NOP) logger implementation
SLF4J: See http://www.slf4j.org/codes.html#StaticLoggerBinder for further details.
    [junit] MAJOR: ------------------------------------------------------------
    [junit] MAJOR: Run 220 ordered tests to verify independence
    [junit] MAJOR: ------------------------------------------------------------
    [junit] MAJOR: Preprocessing time: 305.95 seconds
    [junit] MAJOR: ------------------------------------------------------------
    [junit] MAJOR: Mutants generated: 2668
    [junit] MAJOR: Mutants covered:   2666 (99.93%)
    [junit] MAJOR: ------------------------------------------------------------
    [junit] MAJOR: Export test map to (testMap.csv)
    [junit] MAJOR: Export coverage map to (covMap.csv)
    [junit] MAJOR: Exclude 0 mutants
    [junit] MAJOR: ------------------------------------------------------------
    [junit] MAJOR: Run mutation analysis with 220 individual tests
    [junit] MAJOR: ------------------------------------------------------------
    [junit] MAJOR: 1/220 - org.apache.commons.lang.text.StrBuilder_ESTest137 (6ms / 65):
    [junit] MAJOR: 179851 (5 / 65 / 65) -> AVG-RTPM: 2766ms
    [junit] MAJOR: Mutants killed / live: 5 (0-5-0) / 2661
    [junit] MAJOR: ------------------------------------------------------------
    [junit] MAJOR: 2/220 - org.apache.commons.lang.text.StrBuilder_ESTest138 (6ms / 25):
    [junit] MAJOR: 205761 (21 / 25 / 25) -> AVG-RTPM: 1036ms
    [junit] MAJOR: Mutants killed / live: 26 (0-27-0) / 2640
    [junit] MAJOR: ------------------------------------------------------------
    [junit] MAJOR: 3/220 - org.apache.commons.lang.text.StrBuilder_ESTest140 (6ms / 18):
    [junit] MAJOR: 212646 (18 / 18 / 18) -> AVG-RTPM: 382ms
    [junit] MAJOR: Mutants killed / live: 44 (0-45-0) / 2622
    [junit] MAJOR: ------------------------------------------------------------
    [junit] MAJOR: 4/220 - org.apache.commons.lang.text.StrBuilder_ESTest141 (6ms / 194):
    [junit] MAJOR: 299548 (179 / 194 / 194) -> AVG-RTPM: 447ms
    [junit] MAJOR: Mutants killed / live: 223 (0-239-0) / 2443
    [junit] MAJOR: ------------------------------------------------------------
    [junit] MAJOR: 5/220 - org.apache.commons.lang.text.StrBuilder_ESTest142 (6ms / 184):
    [junit] MAJOR: 394110 (3 / 184 / 184) -> AVG-RTPM: 513ms
    [junit] MAJOR: Mutants killed / live: 226 (0-423-0) / 2440
    [junit] MAJOR: ------------------------------------------------------------
    [junit] MAJOR: 6/220 - org.apache.commons.lang.text.StrBuilder_ESTest143 (6ms / 169):
    [junit] MAJOR: 496135 (134 / 169 / 169) -> AVG-RTPM: 603ms
    [junit] MAJOR: Mutants killed / live: 360 (0-592-0) / 2306
    [junit] MAJOR: ------------------------------------------------------------
    [junit] MAJOR: 7/220 - org.apache.commons.lang.text.StrBuilder_ESTest144 (6ms / 228):
    [junit] MAJOR: 633252 (89 / 228 / 228) -> AVG-RTPM: 601ms
    [junit] MAJOR: Mutants killed / live: 449 (0-820-0) / 2217
    [junit] MAJOR: ------------------------------------------------------------
    [junit] MAJOR: 8/220 - org.apache.commons.lang.text.StrBuilder_ESTest123 (7ms / 61):
    [junit] MAJOR: 664064 (44 / 61 / 61) -> AVG-RTPM: 505ms
    [junit] MAJOR: Mutants killed / live: 493 (0-881-0) / 2173
    [junit] MAJOR: ------------------------------------------------------------
    [junit] MAJOR: 9/220 - org.apache.commons.lang.text.StrBuilder_ESTest124 (7ms / 129):
    [junit] MAJOR: 731886 (7 / 129 / 129) -> AVG-RTPM: 525ms
    [junit] MAJOR: Mutants killed / live: 500 (0-1010-0) / 2166
    [junit] MAJOR: ------------------------------------------------------------
    [junit] MAJOR: 10/220 - org.apache.commons.lang.text.StrBuilder_ESTest125 (7ms / 135):
    [junit] MAJOR: 802817 (0 / 135 / 135) -> AVG-RTPM: 525ms
    [junit] MAJOR: Mutants killed / live: 500 (0-1145-0) / 2166
    [junit] MAJOR: ------------------------------------------------------------
    [junit] MAJOR: 11/220 - org.apache.commons.lang.text.StrBuilder_ESTest127 (7ms / 35):
    [junit] MAJOR: 820694 (14 / 35 / 35) -> AVG-RTPM: 510ms
    [junit] MAJOR: Mutants killed / live: 514 (0-1180-0) / 2152
    [junit] MAJOR: ------------------------------------------------------------
    [junit] MAJOR: 12/220 - org.apache.commons.lang.text.StrBuilder_ESTest128 (7ms / 165):
    [junit] MAJOR: 896821 (19 / 165 / 165) -> AVG-RTPM: 461ms
    [junit] MAJOR: Mutants killed / live: 533 (0-1345-0) / 2133
    [junit] MAJOR: ------------------------------------------------------------
    [junit] MAJOR: 13/220 - org.apache.commons.lang.text.StrBuilder_ESTest13 (7ms / 33):
    [junit] MAJOR: 912863 (29 / 33 / 33) -> AVG-RTPM: 486ms
    [junit] MAJOR: Mutants killed / live: 562 (0-1378-0) / 2104
    [junit] MAJOR: ------------------------------------------------------------
    [junit] MAJOR: 14/220 - org.apache.commons.lang.text.StrBuilder_ESTest131 (7ms / 202):
    [junit] MAJOR: 1003787 (24 / 202 / 202) -> AVG-RTPM: 450ms
    [junit] MAJOR: Mutants killed / live: 586 (0-1580-0) / 2080
    [junit] MAJOR: ------------------------------------------------------------
    [junit] MAJOR: 15/220 - org.apache.commons.lang.text.StrBuilder_ESTest133 (7ms / 18):
    [junit] MAJOR: 1013144 (7 / 18 / 18) -> AVG-RTPM: 519ms
    [junit] MAJOR: Mutants killed / live: 593 (0-1598-0) / 2073
    [junit] MAJOR: ------------------------------------------------------------
    [junit] MAJOR: 16/220 - org.apache.commons.lang.text.StrBuilder_ESTest134 (7ms / 68):
    [junit] MAJOR: 1047911 (38 / 68 / 68) -> AVG-RTPM: 511ms
    [junit] MAJOR: Mutants killed / live: 631 (0-1666-0) / 2035
    [junit] MAJOR: ------------------------------------------------------------
    [junit] MAJOR: 17/220 - org.apache.commons.lang.text.StrBuilder_ESTest135 (7ms / 11):
    [junit] MAJOR: 1052963 (7 / 11 / 11) -> AVG-RTPM: 459ms
    [junit] MAJOR: Mutants killed / live: 638 (0-1677-0) / 2028
    [junit] MAJOR: ------------------------------------------------------------
    [junit] MAJOR: 18/220 - org.apache.commons.lang.text.StrBuilder_ESTest136 (7ms / 101):
    [junit] MAJOR: 1103387 (15 / 101 / 101) -> AVG-RTPM: 499ms
    [junit] MAJOR: Mutants killed / live: 653 (0-1778-0) / 2013
    [junit] MAJOR: ------------------------------------------------------------
    [junit] MAJOR: 19/220 - org.apache.commons.lang.text.StrBuilder_ESTest146 (7ms / 114):
    [junit] MAJOR: 1162627 (32 / 114 / 114) -> AVG-RTPM: 519ms
    [junit] MAJOR: Mutants killed / live: 685 (0-1892-0) / 1981
    [junit] MAJOR: ------------------------------------------------------------
    [junit] MAJOR: 20/220 - org.apache.commons.lang.text.StrBuilder_ESTest148 (7ms / 20):
    [junit] MAJOR: 1173397 (9 / 20 / 20) -> AVG-RTPM: 538ms
    [junit] MAJOR: Mutants killed / live: 694 (0-1912-0) / 1972
    [junit] MAJOR: ------------------------------------------------------------
    [junit] MAJOR: 21/220 - org.apache.commons.lang.text.StrBuilder_ESTest15 (7ms / 34):
    [junit] MAJOR: 1190224 (0 / 34 / 34) -> AVG-RTPM: 494ms
    [junit] MAJOR: Mutants killed / live: 694 (0-1946-0) / 1972
    [junit] MAJOR: ------------------------------------------------------------
    [junit] MAJOR: 22/220 - org.apache.commons.lang.text.StrBuilder_ESTest150 (7ms / 30):
    [junit] MAJOR: 1206045 (20 / 30 / 30) -> AVG-RTPM: 527ms
    [junit] MAJOR: Mutants killed / live: 714 (0-1976-0) / 1952
    [junit] MAJOR: ------------------------------------------------------------
    [junit] MAJOR: 23/220 - org.apache.commons.lang.text.StrBuilder_ESTest153 (7ms / 74):
    [junit] MAJOR: 1245366 (17 / 74 / 74) -> AVG-RTPM: 531ms
    [junit] MAJOR: Mutants killed / live: 731 (0-2050-0) / 1935
    [junit] MAJOR: ------------------------------------------------------------
    [junit] MAJOR: 24/220 - org.apache.commons.lang.text.StrBuilder_ESTest160 (7ms / 55):
    [junit] MAJOR: 1275778 (18 / 55 / 55) -> AVG-RTPM: 552ms
    [junit] MAJOR: Mutants killed / live: 749 (0-2105-0) / 1917
    [junit] MAJOR: ------------------------------------------------------------
    [junit] MAJOR: 25/220 - org.apache.commons.lang.text.StrBuilder_ESTest162 (7ms / 75):
    [junit] MAJOR: 1313939 (35 / 75 / 75) -> AVG-RTPM: 508ms
    [junit] MAJOR: Mutants killed / live: 784 (0-2180-0) / 1882
    [junit] MAJOR: ------------------------------------------------------------
    [junit] MAJOR: 26/220 - org.apache.commons.lang.text.StrBuilder_ESTest172 (7ms / 104):
    [junit] MAJOR: 1366095 (17 / 104 / 104) -> AVG-RTPM: 501ms
    [junit] MAJOR: Mutants killed / live: 801 (0-2284-0) / 1865
    [junit] MAJOR: ------------------------------------------------------------
    [junit] MAJOR: 27/220 - org.apache.commons.lang.text.StrBuilder_ESTest173 (7ms / 119):
    [junit] MAJOR: 1427148 (46 / 119 / 119) -> AVG-RTPM: 513ms
    [junit] MAJOR: Mutants killed / live: 847 (0-2403-0) / 1819
    [junit] MAJOR: ------------------------------------------------------------
    [junit] MAJOR: 28/220 - org.apache.commons.lang.text.StrBuilder_ESTest177 (7ms / 70):
    [junit] MAJOR: 1466402 (2 / 70 / 70) -> AVG-RTPM: 560ms
    [junit] MAJOR: Mutants killed / live: 849 (0-2473-0) / 1817
    [junit] MAJOR: ------------------------------------------------------------
    [junit] MAJOR: 29/220 - org.apache.commons.lang.text.StrBuilder_ESTest107 (8ms / 19):
    [junit] MAJOR: 1476218 (0 / 19 / 19) -> AVG-RTPM: 516ms
    [junit] MAJOR: Mutants killed / live: 849 (0-2492-0) / 1817
    [junit] MAJOR: ------------------------------------------------------------
    [junit] MAJOR: 30/220 - org.apache.commons.lang.text.StrBuilder_ESTest108 (8ms / 51):
    [junit] MAJOR: 1503302 (0 / 51 / 51) -> AVG-RTPM: 531ms
    [junit] MAJOR: Mutants killed / live: 849 (0-2543-0) / 1817
    [junit] MAJOR: ------------------------------------------------------------
    [junit] MAJOR: 31/220 - org.apache.commons.lang.text.StrBuilder_ESTest113 (8ms / 91):
    [junit] MAJOR: 1553062 (48 / 91 / 91) -> AVG-RTPM: 546ms
    [junit] MAJOR: Mutants killed / live: 897 (0-2634-0) / 1769
    [junit] MAJOR: ------------------------------------------------------------
    [junit] MAJOR: 32/220 - org.apache.commons.lang.text.StrBuilder_ESTest116 (8ms / 88):
    [junit] MAJOR: 1600954 (27 / 88 / 88) -> AVG-RTPM: 544ms
    [junit] MAJOR: Mutants killed / live: 924 (0-2722-0) / 1742
    [junit] MAJOR: ------------------------------------------------------------
    [junit] MAJOR: 33/220 - org.apache.commons.lang.text.StrBuilder_ESTest118 (8ms / 158):
    [junit] MAJOR: 1688182 (25 / 158 / 158) -> AVG-RTPM: 552ms
    [junit] MAJOR: Mutants killed / live: 949 (0-2880-0) / 1717
    [junit] MAJOR: ------------------------------------------------------------
    [junit] MAJOR: 34/220 - org.apache.commons.lang.text.StrBuilder_ESTest120 (8ms / 69):
    [junit] MAJOR: 1724825 (28 / 69 / 69) -> AVG-RTPM: 531ms
    [junit] MAJOR: Mutants killed / live: 977 (0-2949-0) / 1689
    [junit] MAJOR: ------------------------------------------------------------
    [junit] MAJOR: 35/220 - org.apache.commons.lang.text.StrBuilder_ESTest121 (8ms / 47):
    [junit] MAJOR: 1750502 (14 / 47 / 47) -> AVG-RTPM: 546ms
    [junit] MAJOR: Mutants killed / live: 991 (0-2996-0) / 1675
    [junit] MAJOR: ------------------------------------------------------------
    [junit] MAJOR: 36/220 - org.apache.commons.lang.text.StrBuilder_ESTest122 (8ms / 152):
    [junit] MAJOR: 1832682 (62 / 152 / 152) -> AVG-RTPM: 540ms
    [junit] MAJOR: Mutants killed / live: 1053 (0-3148-0) / 1613
    [junit] MAJOR: ------------------------------------------------------------
    [junit] MAJOR: 37/220 - org.apache.commons.lang.text.StrBuilder_ESTest126 (8ms / 72):
    [junit] MAJOR: 1870238 (16 / 72 / 72) -> AVG-RTPM: 521ms
    [junit] MAJOR: Mutants killed / live: 1069 (0-3220-0) / 1597
    [junit] MAJOR: ------------------------------------------------------------
    [junit] MAJOR: 38/220 - org.apache.commons.lang.text.StrBuilder_ESTest129 (8ms / 18):
    [junit] MAJOR: 1880134 (14 / 18 / 18) -> AVG-RTPM: 549ms
    [junit] MAJOR: Mutants killed / live: 1083 (0-3238-0) / 1583
    [junit] MAJOR: ------------------------------------------------------------
    [junit] MAJOR: 39/220 - org.apache.commons.lang.text.StrBuilder_ESTest130 (8ms / 160):
    [junit] MAJOR: 1966744 (16 / 160 / 160) -> AVG-RTPM: 541ms
    [junit] MAJOR: Mutants killed / live: 1099 (0-3398-0) / 1567
    [junit] MAJOR: ------------------------------------------------------------
    [junit] MAJOR: 40/220 - org.apache.commons.lang.text.StrBuilder_ESTest132 (8ms / 69):
    [junit] MAJOR: 2005258 (11 / 69 / 69) -> AVG-RTPM: 558ms
    [junit] MAJOR: Mutants killed / live: 1110 (0-3467-0) / 1556
    [junit] MAJOR: ------------------------------------------------------------
    [junit] MAJOR: 41/220 - org.apache.commons.lang.text.StrBuilder_ESTest147 (8ms / 19):
    [junit] MAJOR: 2014949 (0 / 19 / 19) -> AVG-RTPM: 510ms
    [junit] MAJOR: Mutants killed / live: 1110 (0-3486-0) / 1556
    [junit] MAJOR: ------------------------------------------------------------
    [junit] MAJOR: 42/220 - org.apache.commons.lang.text.StrBuilder_ESTest151 (8ms / 8):
    [junit] MAJOR: 2017505 (1 / 8 / 8) -> AVG-RTPM: 319ms
    [junit] MAJOR: Mutants killed / live: 1111 (0-3494-0) / 1555
    [junit] MAJOR: ------------------------------------------------------------
    [junit] MAJOR: 43/220 - org.apache.commons.lang.text.StrBuilder_ESTest152 (8ms / 23):
    [junit] MAJOR: 2025971 (1 / 23 / 23) -> AVG-RTPM: 368ms
    [junit] MAJOR: Mutants killed / live: 1112 (0-3517-0) / 1554
    [junit] MAJOR: ------------------------------------------------------------
    [junit] MAJOR: 44/220 - org.apache.commons.lang.text.StrBuilder_ESTest158 (8ms / 30):
    [junit] MAJOR: 2039383 (20 / 30 / 30) -> AVG-RTPM: 447ms
    [junit] MAJOR: Mutants killed / live: 1132 (0-3547-0) / 1534
    [junit] MAJOR: ------------------------------------------------------------
    [junit] MAJOR: 45/220 - org.apache.commons.lang.text.StrBuilder_ESTest159 (8ms / 77):
    [junit] MAJOR: 2077254 (21 / 77 / 77) -> AVG-RTPM: 491ms
    [junit] MAJOR: Mutants killed / live: 1153 (0-3624-0) / 1513
    [junit] MAJOR: ------------------------------------------------------------
    [junit] MAJOR: 46/220 - org.apache.commons.lang.text.StrBuilder_ESTest16 (8ms / 37):
    [junit] MAJOR: 2095381 (0 / 37 / 37) -> AVG-RTPM: 489ms
    [junit] MAJOR: Mutants killed / live: 1153 (0-3661-0) / 1513
    [junit] MAJOR: ------------------------------------------------------------
    [junit] MAJOR: 47/220 - org.apache.commons.lang.text.StrBuilder_ESTest161 (8ms / 19):
    [junit] MAJOR: 2104699 (0 / 19 / 19) -> AVG-RTPM: 490ms
    [junit] MAJOR: Mutants killed / live: 1153 (0-3680-0) / 1513
    [junit] MAJOR: ------------------------------------------------------------
    [junit] MAJOR: 48/220 - org.apache.commons.lang.text.StrBuilder_ESTest163 (8ms / 29):
    [junit] MAJOR: 2120607 (18 / 29 / 29) -> AVG-RTPM: 548ms
    [junit] MAJOR: Mutants killed / live: 1171 (0-3709-0) / 1495
    [junit] MAJOR: ------------------------------------------------------------
    [junit] MAJOR: 49/220 - org.apache.commons.lang.text.StrBuilder_ESTest164 (8ms / 20):
    [junit] MAJOR: 2131628 (0 / 20 / 20) -> AVG-RTPM: 551ms
    [junit] MAJOR: Mutants killed / live: 1171 (0-3729-0) / 1495
    [junit] MAJOR: ------------------------------------------------------------
    [junit] MAJOR: 50/220 - org.apache.commons.lang.text.StrBuilder_ESTest169 (8ms / 102):
    [junit] MAJOR: 2178768 (46 / 102 / 102) -> AVG-RTPM: 462ms
    [junit] MAJOR: Mutants killed / live: 1217 (0-3831-0) / 1449
    [junit] MAJOR: ------------------------------------------------------------
    [junit] MAJOR: 51/220 - org.apache.commons.lang.text.StrBuilder_ESTest170 (8ms / 106):
    [junit] MAJOR: 2232769 (4 / 106 / 106) -> AVG-RTPM: 509ms
    [junit] MAJOR: Mutants killed / live: 1221 (0-3937-0) / 1445
    [junit] MAJOR: ------------------------------------------------------------
    [junit] MAJOR: 52/220 - org.apache.commons.lang.text.StrBuilder_ESTest171 (8ms / 90):
    [junit] MAJOR: 2278694 (51 / 90 / 90) -> AVG-RTPM: 510ms
    [junit] MAJOR: Mutants killed / live: 1272 (0-4027-0) / 1394
    [junit] MAJOR: ------------------------------------------------------------
    [junit] MAJOR: 53/220 - org.apache.commons.lang.text.StrBuilder_ESTest174 (8ms / 137):
    [junit] MAJOR: 2350660 (0 / 137 / 137) -> AVG-RTPM: 525ms
    [junit] MAJOR: Mutants killed / live: 1272 (0-4164-0) / 1394
    [junit] MAJOR: ------------------------------------------------------------
    [junit] MAJOR: 54/220 - org.apache.commons.lang.text.StrBuilder_ESTest176 (8ms / 91):
    [junit] MAJOR: 2404528 (54 / 91 / 91) -> AVG-RTPM: 591ms
    [junit] MAJOR: Mutants killed / live: 1326 (0-4255-0) / 1340
    [junit] MAJOR: ------------------------------------------------------------
    [junit] MAJOR: 55/220 - org.apache.commons.lang.text.StrBuilder_ESTest178 (8ms / 30):
    [junit] MAJOR: 2420900 (2 / 30 / 30) -> AVG-RTPM: 545ms
    [junit] MAJOR: Mutants killed / live: 1328 (0-4285-0) / 1338
    [junit] MAJOR: ------------------------------------------------------------
    [junit] MAJOR: 56/220 - org.apache.commons.lang.text.StrBuilder_ESTest179 (8ms / 41):
    [junit] MAJOR: 2442052 (2 / 41 / 41) -> AVG-RTPM: 515ms
    [junit] MAJOR: Mutants killed / live: 1330 (0-4326-0) / 1336
    [junit] MAJOR: ------------------------------------------------------------
    [junit] MAJOR: 57/220 - org.apache.commons.lang.text.StrBuilder_ESTest100 (9ms / 168):
    [junit] MAJOR: 2533346 (40 / 168 / 168) -> AVG-RTPM: 543ms
    [junit] MAJOR: Mutants killed / live: 1370 (0-4494-0) / 1296
    [junit] MAJOR: ------------------------------------------------------------
    [junit] MAJOR: 58/220 - org.apache.commons.lang.text.StrBuilder_ESTest101 (9ms / 13):
    [junit] MAJOR: 2540952 (3 / 13 / 13) -> AVG-RTPM: 585ms
    [junit] MAJOR: Mutants killed / live: 1373 (0-4507-0) / 1293
    [junit] MAJOR: ------------------------------------------------------------
    [junit] MAJOR: 59/220 - org.apache.commons.lang.text.StrBuilder_ESTest106 (9ms / 47):
    [junit] MAJOR: 2565372 (5 / 47 / 47) -> AVG-RTPM: 519ms
    [junit] MAJOR: Mutants killed / live: 1378 (0-4554-0) / 1288
    [junit] MAJOR: ------------------------------------------------------------
    [junit] MAJOR: 60/220 - org.apache.commons.lang.text.StrBuilder_ESTest109 (9ms / 45):
    [junit] MAJOR: 2589760 (3 / 45 / 45) -> AVG-RTPM: 541ms
    [junit] MAJOR: Mutants killed / live: 1381 (0-4599-0) / 1285
    [junit] MAJOR: ------------------------------------------------------------
    [junit] MAJOR: 61/220 - org.apache.commons.lang.text.StrBuilder_ESTest111 (9ms / 91):
    [junit] MAJOR: 2639362 (31 / 91 / 91) -> AVG-RTPM: 545ms
    [junit] MAJOR: Mutants killed / live: 1412 (0-4690-0) / 1254
    [junit] MAJOR: ------------------------------------------------------------
    [junit] MAJOR: 62/220 - org.apache.commons.lang.text.StrBuilder_ESTest112 (9ms / 121):
    [junit] MAJOR: 2710159 (18 / 121 / 121) -> AVG-RTPM: 585ms
    [junit] MAJOR: Mutants killed / live: 1430 (0-4811-0) / 1236
    [junit] MAJOR: ------------------------------------------------------------
    [junit] MAJOR: 63/220 - org.apache.commons.lang.text.StrBuilder_ESTest117 (9ms / 97):
    [junit] MAJOR: 2766235 (0 / 97 / 97) -> AVG-RTPM: 578ms
    [junit] MAJOR: Mutants killed / live: 1430 (0-4908-0) / 1236
    [junit] MAJOR: ------------------------------------------------------------
    [junit] MAJOR: 64/220 - org.apache.commons.lang.text.StrBuilder_ESTest139 (9ms / 201):
    [junit] MAJOR: 2875277 (2 / 201 / 201) -> AVG-RTPM: 542ms
    [junit] MAJOR: Mutants killed / live: 1432 (0-5109-0) / 1234
    [junit] MAJOR: ------------------------------------------------------------
    [junit] MAJOR: 65/220 - org.apache.commons.lang.text.StrBuilder_ESTest154 (9ms / 73):
    [junit] MAJOR: 2915563 (1 / 73 / 73) -> AVG-RTPM: 551ms
    [junit] MAJOR: Mutants killed / live: 1433 (0-5182-0) / 1233
    [junit] MAJOR: ------------------------------------------------------------
    [junit] MAJOR: 66/220 - org.apache.commons.lang.text.StrBuilder_ESTest167 (9ms / 49):
    [junit] MAJOR: 2941987 (0 / 49 / 49) -> AVG-RTPM: 539ms
    [junit] MAJOR: Mutants killed / live: 1433 (0-5231-0) / 1233
    [junit] MAJOR: ------------------------------------------------------------
    [junit] MAJOR: 67/220 - org.apache.commons.lang.text.StrBuilder_ESTest168 (9ms / 45):
    [junit] MAJOR: 2968143 (0 / 45 / 45) -> AVG-RTPM: 581ms
    [junit] MAJOR: Mutants killed / live: 1433 (0-5276-0) / 1233
    [junit] MAJOR: ------------------------------------------------------------
    [junit] MAJOR: 68/220 - org.apache.commons.lang.text.StrBuilder_ESTest17 (9ms / 45):
    [junit] MAJOR: 2995916 (35 / 45 / 45) -> AVG-RTPM: 617ms
    [junit] MAJOR: Mutants killed / live: 1468 (0-5321-0) / 1198
    [junit] MAJOR: ------------------------------------------------------------
    [junit] MAJOR: 69/220 - org.apache.commons.lang.text.StrBuilder_ESTest175 (9ms / 50):
    [junit] MAJOR: 3029248 (2 / 50 / 50) -> AVG-RTPM: 666ms
    [junit] MAJOR: Mutants killed / live: 1470 (0-5371-0) / 1196
    [junit] MAJOR: ------------------------------------------------------------
    [junit] MAJOR: 70/220 - org.apache.commons.lang.text.StrBuilder_ESTest18 (9ms / 120):
    [junit] MAJOR: 3094925 (9 / 120 / 120) -> AVG-RTPM: 547ms
    [junit] MAJOR: Mutants killed / live: 1479 (0-5491-0) / 1187
    [junit] MAJOR: ------------------------------------------------------------
    [junit] MAJOR: 71/220 - org.apache.commons.lang.text.StrBuilder_ESTest184 (9ms / 82):
    [junit] MAJOR: 3148247 (2 / 82 / 82) -> AVG-RTPM: 650ms
    [junit] MAJOR: Mutants killed / live: 1481 (0-5573-0) / 1185
    [junit] MAJOR: ------------------------------------------------------------
    [junit] MAJOR: 72/220 - org.apache.commons.lang.text.StrBuilder_ESTest186 (9ms / 98):
    [junit] MAJOR: 3215093 (2 / 98 / 98) -> AVG-RTPM: 682ms
    [junit] MAJOR: Mutants killed / live: 1483 (0-5671-0) / 1183
    [junit] MAJOR: ------------------------------------------------------------
    [junit] MAJOR: 73/220 - org.apache.commons.lang.text.StrBuilder_ESTest19 (9ms / 82):
    [junit] MAJOR: 3270896 (2 / 82 / 82) -> AVG-RTPM: 680ms
    [junit] MAJOR: Mutants killed / live: 1485 (0-5753-0) / 1181
    [junit] MAJOR: ------------------------------------------------------------
    [junit] MAJOR: 74/220 - org.apache.commons.lang.text.StrBuilder_ESTest198 (9ms / 98):
    [junit] MAJOR: 3316241 (61 / 98 / 98) -> AVG-RTPM: 462ms
    [junit] MAJOR: Mutants killed / live: 1546 (0-5851-0) / 1120
    [junit] MAJOR: ------------------------------------------------------------
    [junit] MAJOR: 75/220 - org.apache.commons.lang.text.StrBuilder_ESTest199 (9ms / 137):

BUILD FAILED
/home/donghwan/defects4j/framework/projects/defects4j.build.xml:185: Parallel execution timed out

Total time: 60 minutes 42 seconds
