
init:
     [echo] -------- commons-lang 2.3-SNAPSHOT --------

prepare:

static:

compile:
    [javac] /tmp/run_mutation.pl_6442_1501447809/61f/build.xml:65: warning: 'includeantruntime' was not set, defaulting to build.sysclasspath=last; set to false for repeatable builds

compile.tests:
    [javac] /tmp/run_mutation.pl_6442_1501447809/61f/build.xml:73: warning: 'includeantruntime' was not set, defaulting to build.sysclasspath=last; set to false for repeatable builds
    [javac] Compiling 140 source files to /tmp/run_mutation.pl_6442_1501447809/61f/target/tests
    [javac] warning: [options] bootstrap class path not set in conjunction with -source 1.3
    [javac] /tmp/run_mutation.pl_6442_1501447809/61f/src/test/org/apache/commons/lang/AllLangTestSuite.java:63: warning: as of release 5, 'enum' is a keyword, and may not be used as an identifier
    [javac]         suite.addTest(org.apache.commons.lang.enum.EnumTestSuite.suite());
    [javac]                                               ^
    [javac]   (use -source 5 or higher to use 'enum' as a keyword)
    [javac] /tmp/run_mutation.pl_6442_1501447809/61f/src/test/org/apache/commons/lang/enum/Broken1Enum.java:17: warning: as of release 5, 'enum' is a keyword, and may not be used as an identifier
    [javac] package org.apache.commons.lang.enum;
    [javac]                                 ^
    [javac]   (use -source 5 or higher to use 'enum' as a keyword)
    [javac] /tmp/run_mutation.pl_6442_1501447809/61f/src/test/org/apache/commons/lang/enum/Broken1OperationEnum.java:17: warning: as of release 5, 'enum' is a keyword, and may not be used as an identifier
    [javac] package org.apache.commons.lang.enum;
    [javac]                                 ^
    [javac]   (use -source 5 or higher to use 'enum' as a keyword)
    [javac] /tmp/run_mutation.pl_6442_1501447809/61f/src/test/org/apache/commons/lang/enum/Broken2Enum.java:17: warning: as of release 5, 'enum' is a keyword, and may not be used as an identifier
    [javac] package org.apache.commons.lang.enum;
    [javac]                                 ^
    [javac]   (use -source 5 or higher to use 'enum' as a keyword)
    [javac] /tmp/run_mutation.pl_6442_1501447809/61f/src/test/org/apache/commons/lang/enum/Broken2OperationEnum.java:17: warning: as of release 5, 'enum' is a keyword, and may not be used as an identifier
    [javac] package org.apache.commons.lang.enum;
    [javac]                                 ^
    [javac]   (use -source 5 or higher to use 'enum' as a keyword)
    [javac] /tmp/run_mutation.pl_6442_1501447809/61f/src/test/org/apache/commons/lang/enum/Broken3Enum.java:17: warning: as of release 5, 'enum' is a keyword, and may not be used as an identifier
    [javac] package org.apache.commons.lang.enum;
    [javac]                                 ^
    [javac]   (use -source 5 or higher to use 'enum' as a keyword)
    [javac] /tmp/run_mutation.pl_6442_1501447809/61f/src/test/org/apache/commons/lang/enum/Broken3OperationEnum.java:17: warning: as of release 5, 'enum' is a keyword, and may not be used as an identifier
    [javac] package org.apache.commons.lang.enum;
    [javac]                                 ^
    [javac]   (use -source 5 or higher to use 'enum' as a keyword)
    [javac] /tmp/run_mutation.pl_6442_1501447809/61f/src/test/org/apache/commons/lang/enum/Broken4OperationEnum.java:17: warning: as of release 5, 'enum' is a keyword, and may not be used as an identifier
    [javac] package org.apache.commons.lang.enum;
    [javac]                                 ^
    [javac]   (use -source 5 or higher to use 'enum' as a keyword)
    [javac] /tmp/run_mutation.pl_6442_1501447809/61f/src/test/org/apache/commons/lang/enum/Broken5OperationEnum.java:17: warning: as of release 5, 'enum' is a keyword, and may not be used as an identifier
    [javac] package org.apache.commons.lang.enum;
    [javac]                                 ^
    [javac]   (use -source 5 or higher to use 'enum' as a keyword)
    [javac] /tmp/run_mutation.pl_6442_1501447809/61f/src/test/org/apache/commons/lang/enum/ColorEnum.java:17: warning: as of release 5, 'enum' is a keyword, and may not be used as an identifier
    [javac] package org.apache.commons.lang.enum;
    [javac]                                 ^
    [javac]   (use -source 5 or higher to use 'enum' as a keyword)
    [javac] /tmp/run_mutation.pl_6442_1501447809/61f/src/test/org/apache/commons/lang/enum/DummyEnum.java:17: warning: as of release 5, 'enum' is a keyword, and may not be used as an identifier
    [javac] package org.apache.commons.lang.enum;
    [javac]                                 ^
    [javac]   (use -source 5 or higher to use 'enum' as a keyword)
    [javac] /tmp/run_mutation.pl_6442_1501447809/61f/src/test/org/apache/commons/lang/enum/EnumTest.java:18: warning: as of release 5, 'enum' is a keyword, and may not be used as an identifier
    [javac] package org.apache.commons.lang.enum;
    [javac]                                 ^
    [javac]   (use -source 5 or higher to use 'enum' as a keyword)
    [javac] /tmp/run_mutation.pl_6442_1501447809/61f/src/test/org/apache/commons/lang/enum/EnumTestSuite.java:17: warning: as of release 5, 'enum' is a keyword, and may not be used as an identifier
    [javac] package org.apache.commons.lang.enum;
    [javac]                                 ^
    [javac]   (use -source 5 or higher to use 'enum' as a keyword)
    [javac] /tmp/run_mutation.pl_6442_1501447809/61f/src/test/org/apache/commons/lang/enum/EnumUtilsTest.java:17: warning: as of release 5, 'enum' is a keyword, and may not be used as an identifier
    [javac] package org.apache.commons.lang.enum;
    [javac]                                 ^
    [javac]   (use -source 5 or higher to use 'enum' as a keyword)
    [javac] /tmp/run_mutation.pl_6442_1501447809/61f/src/test/org/apache/commons/lang/enum/Extended1Enum.java:19: warning: as of release 5, 'enum' is a keyword, and may not be used as an identifier
    [javac] package org.apache.commons.lang.enum;
    [javac]                                 ^
    [javac]   (use -source 5 or higher to use 'enum' as a keyword)
    [javac] /tmp/run_mutation.pl_6442_1501447809/61f/src/test/org/apache/commons/lang/enum/Extended2Enum.java:19: warning: as of release 5, 'enum' is a keyword, and may not be used as an identifier
    [javac] package org.apache.commons.lang.enum;
    [javac]                                 ^
    [javac]   (use -source 5 or higher to use 'enum' as a keyword)
    [javac] /tmp/run_mutation.pl_6442_1501447809/61f/src/test/org/apache/commons/lang/enum/Extended3Enum.java:19: warning: as of release 5, 'enum' is a keyword, and may not be used as an identifier
    [javac] package org.apache.commons.lang.enum;
    [javac]                                 ^
    [javac]   (use -source 5 or higher to use 'enum' as a keyword)
    [javac] /tmp/run_mutation.pl_6442_1501447809/61f/src/test/org/apache/commons/lang/enum/Nest.java:17: warning: as of release 5, 'enum' is a keyword, and may not be used as an identifier
    [javac] package org.apache.commons.lang.enum;
    [javac]                                 ^
    [javac]   (use -source 5 or higher to use 'enum' as a keyword)
    [javac] /tmp/run_mutation.pl_6442_1501447809/61f/src/test/org/apache/commons/lang/enum/NestBroken.java:17: warning: as of release 5, 'enum' is a keyword, and may not be used as an identifier
    [javac] package org.apache.commons.lang.enum;
    [javac]                                 ^
    [javac]   (use -source 5 or higher to use 'enum' as a keyword)
    [javac] /tmp/run_mutation.pl_6442_1501447809/61f/src/test/org/apache/commons/lang/enum/NestLinked.java:17: warning: as of release 5, 'enum' is a keyword, and may not be used as an identifier
    [javac] package org.apache.commons.lang.enum;
    [javac]                                 ^
    [javac]   (use -source 5 or higher to use 'enum' as a keyword)
    [javac] /tmp/run_mutation.pl_6442_1501447809/61f/src/test/org/apache/commons/lang/enum/NestReferenced.java:17: warning: as of release 5, 'enum' is a keyword, and may not be used as an identifier
    [javac] package org.apache.commons.lang.enum;
    [javac]                                 ^
    [javac]   (use -source 5 or higher to use 'enum' as a keyword)
    [javac] /tmp/run_mutation.pl_6442_1501447809/61f/src/test/org/apache/commons/lang/enum/OperationEnum.java:17: warning: as of release 5, 'enum' is a keyword, and may not be used as an identifier
    [javac] package org.apache.commons.lang.enum;
    [javac]                                 ^
    [javac]   (use -source 5 or higher to use 'enum' as a keyword)
    [javac] /tmp/run_mutation.pl_6442_1501447809/61f/src/test/org/apache/commons/lang/enum/ValuedColorEnum.java:17: warning: as of release 5, 'enum' is a keyword, and may not be used as an identifier
    [javac] package org.apache.commons.lang.enum;
    [javac]                                 ^
    [javac]   (use -source 5 or higher to use 'enum' as a keyword)
    [javac] /tmp/run_mutation.pl_6442_1501447809/61f/src/test/org/apache/commons/lang/enum/ValuedEnumTest.java:17: warning: as of release 5, 'enum' is a keyword, and may not be used as an identifier
    [javac] package org.apache.commons.lang.enum;
    [javac]                                 ^
    [javac]   (use -source 5 or higher to use 'enum' as a keyword)
    [javac] Note: Some input files use or override a deprecated API.
    [javac] Note: Recompile with -Xlint:deprecation for details.
    [javac] 25 warnings
     [copy] Copying 9 files to /tmp/run_mutation.pl_6442_1501447809/61f/target/tests

update.all.tests:

mutation.test:
     [echo] Running mutation analysis ...
    [junit] MAJOR: Mutation analysis enabled
SLF4J: Failed to load class "org.slf4j.impl.StaticLoggerBinder".
SLF4J: Defaulting to no-operation (NOP) logger implementation
SLF4J: See http://www.slf4j.org/codes.html#StaticLoggerBinder for further details.
    [junit] MAJOR: ------------------------------------------------------------
    [junit] MAJOR: Run 215 ordered tests to verify independence
    [junit] MAJOR: ------------------------------------------------------------
    [junit] MAJOR: Preprocessing time: 321.46 seconds
    [junit] MAJOR: ------------------------------------------------------------
    [junit] MAJOR: Mutants generated: 2668
    [junit] MAJOR: Mutants covered:   2621 (98.24%)
    [junit] MAJOR: ------------------------------------------------------------
    [junit] MAJOR: Export test map to (testMap.csv)
    [junit] MAJOR: Export coverage map to (covMap.csv)
    [junit] MAJOR: Exclude 0 mutants
    [junit] MAJOR: ------------------------------------------------------------
    [junit] MAJOR: Run mutation analysis with 215 individual tests
    [junit] MAJOR: ------------------------------------------------------------
    [junit] MAJOR: 1/215 - org.apache.commons.lang.text.StrBuilder_ESTest119 (7ms / 48):
    [junit] MAJOR: 128894 (11 / 48 / 48) -> AVG-RTPM: 2685ms
    [junit] MAJOR: Mutants killed / live: 11 (0-11-0) / 2610
    [junit] MAJOR: ------------------------------------------------------------
    [junit] MAJOR: 2/215 - org.apache.commons.lang.text.StrBuilder_ESTest12 (7ms / 28):
    [junit] MAJOR: 229229 (14 / 28 / 28) -> AVG-RTPM: 3583ms
    [junit] MAJOR: Mutants killed / live: 25 (0-25-0) / 2596
    [junit] MAJOR: ------------------------------------------------------------
    [junit] MAJOR: 3/215 - org.apache.commons.lang.text.StrBuilder_ESTest121 (7ms / 74):
    [junit] MAJOR: 557975 (8 / 74 / 74) -> AVG-RTPM: 4442ms
    [junit] MAJOR: Mutants killed / live: 33 (0-32-1) / 2588
    [junit] MAJOR: ------------------------------------------------------------
    [junit] MAJOR: 4/215 - org.apache.commons.lang.text.StrBuilder_ESTest123 (7ms / 53):
    [junit] MAJOR: 605982 (50 / 53 / 53) -> AVG-RTPM: 905ms
    [junit] MAJOR: Mutants killed / live: 83 (0-84-1) / 2538
    [junit] MAJOR: ------------------------------------------------------------
    [junit] MAJOR: 5/215 - org.apache.commons.lang.text.StrBuilder_ESTest127 (7ms / 24):
    [junit] MAJOR: 623973 (20 / 24 / 24) -> AVG-RTPM: 749ms
    [junit] MAJOR: Mutants killed / live: 103 (0-108-1) / 2518
    [junit] MAJOR: ------------------------------------------------------------
    [junit] MAJOR: 6/215 - org.apache.commons.lang.text.StrBuilder_ESTest128 (7ms / 152):
    [junit] MAJOR: 738631 (104 / 152 / 152) -> AVG-RTPM: 754ms
    [junit] MAJOR: Mutants killed / live: 207 (0-260-1) / 2414
    [junit] MAJOR: ------------------------------------------------------------
    [junit] MAJOR: 7/215 - org.apache.commons.lang.text.StrBuilder_ESTest13 (7ms / 10):
    [junit] MAJOR: 747047 (0 / 10 / 10) -> AVG-RTPM: 841ms
    [junit] MAJOR: Mutants killed / live: 207 (0-270-1) / 2414
    [junit] MAJOR: ------------------------------------------------------------
    [junit] MAJOR: 8/215 - org.apache.commons.lang.text.StrBuilder_ESTest14 (7ms / 45):
    [junit] MAJOR: 789005 (35 / 45 / 45) -> AVG-RTPM: 932ms
    [junit] MAJOR: Mutants killed / live: 242 (0-315-1) / 2379
    [junit] MAJOR: ------------------------------------------------------------
    [junit] MAJOR: 9/215 - org.apache.commons.lang.text.StrBuilder_ESTest140 (7ms / 65):
    [junit] MAJOR: 842356 (28 / 65 / 65) -> AVG-RTPM: 820ms
    [junit] MAJOR: Mutants killed / live: 270 (0-380-1) / 2351
    [junit] MAJOR: ------------------------------------------------------------
    [junit] MAJOR: 10/215 - org.apache.commons.lang.text.StrBuilder_ESTest141 (7ms / 61):
    [junit] MAJOR: 892634 (2 / 61 / 61) -> AVG-RTPM: 824ms
    [junit] MAJOR: Mutants killed / live: 272 (0-441-1) / 2349
    [junit] MAJOR: ------------------------------------------------------------
    [junit] MAJOR: 11/215 - org.apache.commons.lang.text.StrBuilder_ESTest142 (7ms / 24):
    [junit] MAJOR: 912754 (14 / 24 / 24) -> AVG-RTPM: 838ms
    [junit] MAJOR: Mutants killed / live: 286 (0-465-1) / 2335
    [junit] MAJOR: ------------------------------------------------------------
    [junit] MAJOR: 12/215 - org.apache.commons.lang.text.StrBuilder_ESTest146 (7ms / 19):
    [junit] MAJOR: 929015 (9 / 19 / 19) -> AVG-RTPM: 855ms
    [junit] MAJOR: Mutants killed / live: 295 (0-484-1) / 2326
    [junit] MAJOR: ------------------------------------------------------------
    [junit] MAJOR: 13/215 - org.apache.commons.lang.text.StrBuilder_ESTest147 (7ms / 19):
    [junit] MAJOR: 944219 (9 / 19 / 19) -> AVG-RTPM: 800ms
    [junit] MAJOR: Mutants killed / live: 304 (0-503-1) / 2317
    [junit] MAJOR: ------------------------------------------------------------
    [junit] MAJOR: 14/215 - org.apache.commons.lang.text.StrBuilder_ESTest149 (7ms / 159):
    [junit] MAJOR: 1078212 (114 / 159 / 159) -> AVG-RTPM: 842ms
    [junit] MAJOR: Mutants killed / live: 418 (0-662-1) / 2203
    [junit] MAJOR: ------------------------------------------------------------
    [junit] MAJOR: 15/215 - org.apache.commons.lang.text.StrBuilder_ESTest15 (7ms / 192):
    [junit] MAJOR: 1262823 (132 / 192 / 192) -> AVG-RTPM: 961ms
    [junit] MAJOR: Mutants killed / live: 550 (0-854-1) / 2071
    [junit] MAJOR: ------------------------------------------------------------
    [junit] MAJOR: 16/215 - org.apache.commons.lang.text.StrBuilder_ESTest16 (7ms / 52):
    [junit] MAJOR: 1313496 (31 / 52 / 52) -> AVG-RTPM: 974ms
    [junit] MAJOR: Mutants killed / live: 581 (0-906-1) / 2040
    [junit] MAJOR: ------------------------------------------------------------
    [junit] MAJOR: 17/215 - org.apache.commons.lang.text.StrBuilder_ESTest122 (8ms / 119):
    [junit] MAJOR: 1412637 (78 / 119 / 119) -> AVG-RTPM: 833ms
    [junit] MAJOR: Mutants killed / live: 659 (0-1025-1) / 1962
    [junit] MAJOR: ------------------------------------------------------------
    [junit] MAJOR: 18/215 - org.apache.commons.lang.text.StrBuilder_ESTest124 (8ms / 89):
    [junit] MAJOR: 1486228 (9 / 89 / 89) -> AVG-RTPM: 826ms
    [junit] MAJOR: Mutants killed / live: 668 (0-1114-1) / 1953
    [junit] MAJOR: ------------------------------------------------------------
    [junit] MAJOR: 19/215 - org.apache.commons.lang.text.StrBuilder_ESTest125 (8ms / 18):
    [junit] MAJOR: 1500918 (14 / 18 / 18) -> AVG-RTPM: 816ms
    [junit] MAJOR: Mutants killed / live: 682 (0-1132-1) / 1939
    [junit] MAJOR: ------------------------------------------------------------
    [junit] MAJOR: 20/215 - org.apache.commons.lang.text.StrBuilder_ESTest126 (8ms / 160):
    [junit] MAJOR: 1634633 (42 / 160 / 160) -> AVG-RTPM: 835ms
    [junit] MAJOR: Mutants killed / live: 724 (0-1292-1) / 1897
    [junit] MAJOR: ------------------------------------------------------------
    [junit] MAJOR: 21/215 - org.apache.commons.lang.text.StrBuilder_ESTest129 (8ms / 184):
    [junit] MAJOR: 1786055 (19 / 184 / 184) -> AVG-RTPM: 822ms
    [junit] MAJOR: Mutants killed / live: 743 (0-1476-1) / 1878
    [junit] MAJOR: ------------------------------------------------------------
    [junit] MAJOR: 22/215 - org.apache.commons.lang.text.StrBuilder_ESTest130 (8ms / 174):
    [junit] MAJOR: 1931671 (35 / 174 / 174) -> AVG-RTPM: 836ms
    [junit] MAJOR: Mutants killed / live: 778 (0-1650-1) / 1843
    [junit] MAJOR: ------------------------------------------------------------
    [junit] MAJOR: 23/215 - org.apache.commons.lang.text.StrBuilder_ESTest143 (8ms / 63):
    [junit] MAJOR: 1984828 (0 / 63 / 63) -> AVG-RTPM: 843ms
    [junit] MAJOR: Mutants killed / live: 778 (0-1713-1) / 1843
    [junit] MAJOR: ------------------------------------------------------------
    [junit] MAJOR: 24/215 - org.apache.commons.lang.text.StrBuilder_ESTest144 (8ms / 42):
    [junit] MAJOR: 2020377 (4 / 42 / 42) -> AVG-RTPM: 846ms
    [junit] MAJOR: Mutants killed / live: 782 (0-1755-1) / 1839
    [junit] MAJOR: ------------------------------------------------------------
    [junit] MAJOR: 25/215 - org.apache.commons.lang.text.StrBuilder_ESTest148 (8ms / 112):
    [junit] MAJOR: 2112388 (0 / 112 / 112) -> AVG-RTPM: 821ms
    [junit] MAJOR: Mutants killed / live: 782 (0-1867-1) / 1839
    [junit] MAJOR: ------------------------------------------------------------
    [junit] MAJOR: 26/215 - org.apache.commons.lang.text.StrBuilder_ESTest150 (8ms / 30):
    [junit] MAJOR: 2137452 (20 / 30 / 30) -> AVG-RTPM: 835ms
    [junit] MAJOR: Mutants killed / live: 802 (0-1897-1) / 1819
    [junit] MAJOR: ------------------------------------------------------------
    [junit] MAJOR: 27/215 - org.apache.commons.lang.text.StrBuilder_ESTest160 (8ms / 46):
    [junit] MAJOR: 2177378 (9 / 46 / 46) -> AVG-RTPM: 867ms
    [junit] MAJOR: Mutants killed / live: 811 (0-1943-1) / 1810
    [junit] MAJOR: ------------------------------------------------------------
    [junit] MAJOR: 28/215 - org.apache.commons.lang.text.StrBuilder_ESTest161 (8ms / 99):
    [junit] MAJOR: 2260050 (9 / 99 / 99) -> AVG-RTPM: 835ms
    [junit] MAJOR: Mutants killed / live: 820 (0-2042-1) / 1801
    [junit] MAJOR: ------------------------------------------------------------
    [junit] MAJOR: 29/215 - org.apache.commons.lang.text.StrBuilder_ESTest163 (8ms / 19):
    [junit] MAJOR: 2275234 (9 / 19 / 19) -> AVG-RTPM: 799ms
    [junit] MAJOR: Mutants killed / live: 829 (0-2061-1) / 1792
    [junit] MAJOR: ------------------------------------------------------------
    [junit] MAJOR: 30/215 - org.apache.commons.lang.text.StrBuilder_ESTest165 (8ms / 46):
    [junit] MAJOR: 2313262 (35 / 46 / 46) -> AVG-RTPM: 826ms
    [junit] MAJOR: Mutants killed / live: 864 (0-2107-1) / 1757
    [junit] MAJOR: ------------------------------------------------------------
    [junit] MAJOR: 31/215 - org.apache.commons.lang.text.StrBuilder_ESTest175 (8ms / 128):
    [junit] MAJOR: 2418511 (2 / 128 / 128) -> AVG-RTPM: 822ms
    [junit] MAJOR: Mutants killed / live: 866 (0-2235-1) / 1755
    [junit] MAJOR: ------------------------------------------------------------
    [junit] MAJOR: 32/215 - org.apache.commons.lang.text.StrBuilder_ESTest104 (9ms / 34):
    [junit] MAJOR: 2447628 (17 / 34 / 34) -> AVG-RTPM: 856ms
    [junit] MAJOR: Mutants killed / live: 883 (0-2269-1) / 1738
    [junit] MAJOR: ------------------------------------------------------------
    [junit] MAJOR: 33/215 - org.apache.commons.lang.text.StrBuilder_ESTest105 (9ms / 90):
    [junit] MAJOR: 2524263 (43 / 90 / 90) -> AVG-RTPM: 851ms
    [junit] MAJOR: Mutants killed / live: 926 (0-2359-1) / 1695
    [junit] MAJOR: ------------------------------------------------------------
    [junit] MAJOR: 34/215 - org.apache.commons.lang.text.StrBuilder_ESTest107 (9ms / 40):
    [junit] MAJOR: 2557675 (17 / 40 / 40) -> AVG-RTPM: 835ms
    [junit] MAJOR: Mutants killed / live: 943 (0-2399-1) / 1678
    [junit] MAJOR: ------------------------------------------------------------
    [junit] MAJOR: 35/215 - org.apache.commons.lang.text.StrBuilder_ESTest108 (9ms / 61):
    [junit] MAJOR: 2608705 (11 / 61 / 61) -> AVG-RTPM: 836ms
    [junit] MAJOR: Mutants killed / live: 954 (0-2460-1) / 1667
    [junit] MAJOR: ------------------------------------------------------------
    [junit] MAJOR: 36/215 - org.apache.commons.lang.text.StrBuilder_ESTest139 (9ms / 25):
    [junit] MAJOR: 2628768 (2 / 25 / 25) -> AVG-RTPM: 802ms
    [junit] MAJOR: Mutants killed / live: 956 (0-2485-1) / 1665
    [junit] MAJOR: ------------------------------------------------------------
    [junit] MAJOR: 37/215 - org.apache.commons.lang.text.StrBuilder_ESTest162 (9ms / 28):
    [junit] MAJOR: 2651439 (9 / 28 / 28) -> AVG-RTPM: 809ms
    [junit] MAJOR: Mutants killed / live: 965 (0-2513-1) / 1656
    [junit] MAJOR: ------------------------------------------------------------
    [junit] MAJOR: 38/215 - org.apache.commons.lang.text.StrBuilder_ESTest164 (9ms / 87):
    [junit] MAJOR: 2725962 (29 / 87 / 87) -> AVG-RTPM: 856ms
    [junit] MAJOR: Mutants killed / live: 994 (0-2600-1) / 1627
    [junit] MAJOR: ------------------------------------------------------------
    [junit] MAJOR: 39/215 - org.apache.commons.lang.text.StrBuilder_ESTest166 (9ms / 35):
    [junit] MAJOR: 2755578 (0 / 35 / 35) -> AVG-RTPM: 846ms
    [junit] MAJOR: Mutants killed / live: 994 (0-2635-1) / 1627
    [junit] MAJOR: ------------------------------------------------------------
    [junit] MAJOR: 40/215 - org.apache.commons.lang.text.StrBuilder_ESTest174 (9ms / 72):
    [junit] MAJOR: 2815930 (4 / 72 / 72) -> AVG-RTPM: 838ms
    [junit] MAJOR: Mutants killed / live: 998 (0-2707-1) / 1623
    [junit] MAJOR: ------------------------------------------------------------
    [junit] MAJOR: 41/215 - org.apache.commons.lang.text.StrBuilder_ESTest176 (9ms / 123):
    [junit] MAJOR: 2918306 (2 / 123 / 123) -> AVG-RTPM: 832ms
    [junit] MAJOR: Mutants killed / live: 1000 (0-2830-1) / 1621
    [junit] MAJOR: ------------------------------------------------------------
    [junit] MAJOR: 42/215 - org.apache.commons.lang.text.StrBuilder_ESTest177 (9ms / 202):
    [junit] MAJOR: 3090291 (15 / 202 / 202) -> AVG-RTPM: 851ms
    [junit] MAJOR: Mutants killed / live: 1015 (0-3032-1) / 1606
    [junit] MAJOR: ------------------------------------------------------------
    [junit] MAJOR: 43/215 - org.apache.commons.lang.text.StrBuilder_ESTest178 (9ms / 84):
    [junit] MAJOR: 3171853 (20 / 84 / 84) -> AVG-RTPM: 970ms
    [junit] MAJOR: Mutants killed / live: 1035 (0-3116-1) / 1586
    [junit] MAJOR: ------------------------------------------------------------
    [junit] MAJOR: 44/215 - org.apache.commons.lang.text.StrBuilder_ESTest179 (9ms / 33):
    [junit] MAJOR: 3199699 (0 / 33 / 33) -> AVG-RTPM: 843ms
    [junit] MAJOR: Mutants killed / live: 1035 (0-3149-1) / 1586
    [junit] MAJOR: ------------------------------------------------------------
    [junit] MAJOR: 45/215 - org.apache.commons.lang.text.StrBuilder_ESTest18 (9ms / 34):
    [junit] MAJOR: 3228276 (15 / 34 / 34) -> AVG-RTPM: 840ms
    [junit] MAJOR: Mutants killed / live: 1050 (0-3183-1) / 1571
    [junit] MAJOR: ------------------------------------------------------------
    [junit] MAJOR: 46/215 - org.apache.commons.lang.text.StrBuilder_ESTest186 (9ms / 117):
    [junit] MAJOR: 3327212 (80 / 117 / 117) -> AVG-RTPM: 845ms
    [junit] MAJOR: Mutants killed / live: 1130 (0-3300-1) / 1491
    [junit] MAJOR: ------------------------------------------------------------
    [junit] MAJOR: 47/215 - org.apache.commons.lang.text.StrBuilder_ESTest187 (9ms / 138):

BUILD FAILED
/home/to_donghwan/defects4j/framework/projects/defects4j.build.xml:185: Parallel execution timed out

Total time: 60 minutes 59 seconds
