
init:
     [echo] -------- commons-lang 2.3-SNAPSHOT --------

prepare:

static:

compile:
    [javac] /tmp/run_mutation.pl_7517_1501538460/62f/build.xml:65: warning: 'includeantruntime' was not set, defaulting to build.sysclasspath=last; set to false for repeatable builds

compile.tests:
    [javac] /tmp/run_mutation.pl_7517_1501538460/62f/build.xml:73: warning: 'includeantruntime' was not set, defaulting to build.sysclasspath=last; set to false for repeatable builds
    [javac] Compiling 140 source files to /tmp/run_mutation.pl_7517_1501538460/62f/target/tests
    [javac] warning: [options] bootstrap class path not set in conjunction with -source 1.3
    [javac] /tmp/run_mutation.pl_7517_1501538460/62f/src/test/org/apache/commons/lang/AllLangTestSuite.java:63: warning: as of release 5, 'enum' is a keyword, and may not be used as an identifier
    [javac]         suite.addTest(org.apache.commons.lang.enum.EnumTestSuite.suite());
    [javac]                                               ^
    [javac]   (use -source 5 or higher to use 'enum' as a keyword)
    [javac] /tmp/run_mutation.pl_7517_1501538460/62f/src/test/org/apache/commons/lang/enum/Broken1Enum.java:17: warning: as of release 5, 'enum' is a keyword, and may not be used as an identifier
    [javac] package org.apache.commons.lang.enum;
    [javac]                                 ^
    [javac]   (use -source 5 or higher to use 'enum' as a keyword)
    [javac] /tmp/run_mutation.pl_7517_1501538460/62f/src/test/org/apache/commons/lang/enum/Broken1OperationEnum.java:17: warning: as of release 5, 'enum' is a keyword, and may not be used as an identifier
    [javac] package org.apache.commons.lang.enum;
    [javac]                                 ^
    [javac]   (use -source 5 or higher to use 'enum' as a keyword)
    [javac] /tmp/run_mutation.pl_7517_1501538460/62f/src/test/org/apache/commons/lang/enum/Broken2Enum.java:17: warning: as of release 5, 'enum' is a keyword, and may not be used as an identifier
    [javac] package org.apache.commons.lang.enum;
    [javac]                                 ^
    [javac]   (use -source 5 or higher to use 'enum' as a keyword)
    [javac] /tmp/run_mutation.pl_7517_1501538460/62f/src/test/org/apache/commons/lang/enum/Broken2OperationEnum.java:17: warning: as of release 5, 'enum' is a keyword, and may not be used as an identifier
    [javac] package org.apache.commons.lang.enum;
    [javac]                                 ^
    [javac]   (use -source 5 or higher to use 'enum' as a keyword)
    [javac] /tmp/run_mutation.pl_7517_1501538460/62f/src/test/org/apache/commons/lang/enum/Broken3Enum.java:17: warning: as of release 5, 'enum' is a keyword, and may not be used as an identifier
    [javac] package org.apache.commons.lang.enum;
    [javac]                                 ^
    [javac]   (use -source 5 or higher to use 'enum' as a keyword)
    [javac] /tmp/run_mutation.pl_7517_1501538460/62f/src/test/org/apache/commons/lang/enum/Broken3OperationEnum.java:17: warning: as of release 5, 'enum' is a keyword, and may not be used as an identifier
    [javac] package org.apache.commons.lang.enum;
    [javac]                                 ^
    [javac]   (use -source 5 or higher to use 'enum' as a keyword)
    [javac] /tmp/run_mutation.pl_7517_1501538460/62f/src/test/org/apache/commons/lang/enum/Broken4OperationEnum.java:17: warning: as of release 5, 'enum' is a keyword, and may not be used as an identifier
    [javac] package org.apache.commons.lang.enum;
    [javac]                                 ^
    [javac]   (use -source 5 or higher to use 'enum' as a keyword)
    [javac] /tmp/run_mutation.pl_7517_1501538460/62f/src/test/org/apache/commons/lang/enum/Broken5OperationEnum.java:17: warning: as of release 5, 'enum' is a keyword, and may not be used as an identifier
    [javac] package org.apache.commons.lang.enum;
    [javac]                                 ^
    [javac]   (use -source 5 or higher to use 'enum' as a keyword)
    [javac] /tmp/run_mutation.pl_7517_1501538460/62f/src/test/org/apache/commons/lang/enum/ColorEnum.java:17: warning: as of release 5, 'enum' is a keyword, and may not be used as an identifier
    [javac] package org.apache.commons.lang.enum;
    [javac]                                 ^
    [javac]   (use -source 5 or higher to use 'enum' as a keyword)
    [javac] /tmp/run_mutation.pl_7517_1501538460/62f/src/test/org/apache/commons/lang/enum/DummyEnum.java:17: warning: as of release 5, 'enum' is a keyword, and may not be used as an identifier
    [javac] package org.apache.commons.lang.enum;
    [javac]                                 ^
    [javac]   (use -source 5 or higher to use 'enum' as a keyword)
    [javac] /tmp/run_mutation.pl_7517_1501538460/62f/src/test/org/apache/commons/lang/enum/EnumTest.java:18: warning: as of release 5, 'enum' is a keyword, and may not be used as an identifier
    [javac] package org.apache.commons.lang.enum;
    [javac]                                 ^
    [javac]   (use -source 5 or higher to use 'enum' as a keyword)
    [javac] /tmp/run_mutation.pl_7517_1501538460/62f/src/test/org/apache/commons/lang/enum/EnumTestSuite.java:17: warning: as of release 5, 'enum' is a keyword, and may not be used as an identifier
    [javac] package org.apache.commons.lang.enum;
    [javac]                                 ^
    [javac]   (use -source 5 or higher to use 'enum' as a keyword)
    [javac] /tmp/run_mutation.pl_7517_1501538460/62f/src/test/org/apache/commons/lang/enum/EnumUtilsTest.java:17: warning: as of release 5, 'enum' is a keyword, and may not be used as an identifier
    [javac] package org.apache.commons.lang.enum;
    [javac]                                 ^
    [javac]   (use -source 5 or higher to use 'enum' as a keyword)
    [javac] /tmp/run_mutation.pl_7517_1501538460/62f/src/test/org/apache/commons/lang/enum/Extended1Enum.java:19: warning: as of release 5, 'enum' is a keyword, and may not be used as an identifier
    [javac] package org.apache.commons.lang.enum;
    [javac]                                 ^
    [javac]   (use -source 5 or higher to use 'enum' as a keyword)
    [javac] /tmp/run_mutation.pl_7517_1501538460/62f/src/test/org/apache/commons/lang/enum/Extended2Enum.java:19: warning: as of release 5, 'enum' is a keyword, and may not be used as an identifier
    [javac] package org.apache.commons.lang.enum;
    [javac]                                 ^
    [javac]   (use -source 5 or higher to use 'enum' as a keyword)
    [javac] /tmp/run_mutation.pl_7517_1501538460/62f/src/test/org/apache/commons/lang/enum/Extended3Enum.java:19: warning: as of release 5, 'enum' is a keyword, and may not be used as an identifier
    [javac] package org.apache.commons.lang.enum;
    [javac]                                 ^
    [javac]   (use -source 5 or higher to use 'enum' as a keyword)
    [javac] /tmp/run_mutation.pl_7517_1501538460/62f/src/test/org/apache/commons/lang/enum/Nest.java:17: warning: as of release 5, 'enum' is a keyword, and may not be used as an identifier
    [javac] package org.apache.commons.lang.enum;
    [javac]                                 ^
    [javac]   (use -source 5 or higher to use 'enum' as a keyword)
    [javac] /tmp/run_mutation.pl_7517_1501538460/62f/src/test/org/apache/commons/lang/enum/NestBroken.java:17: warning: as of release 5, 'enum' is a keyword, and may not be used as an identifier
    [javac] package org.apache.commons.lang.enum;
    [javac]                                 ^
    [javac]   (use -source 5 or higher to use 'enum' as a keyword)
    [javac] /tmp/run_mutation.pl_7517_1501538460/62f/src/test/org/apache/commons/lang/enum/NestLinked.java:17: warning: as of release 5, 'enum' is a keyword, and may not be used as an identifier
    [javac] package org.apache.commons.lang.enum;
    [javac]                                 ^
    [javac]   (use -source 5 or higher to use 'enum' as a keyword)
    [javac] /tmp/run_mutation.pl_7517_1501538460/62f/src/test/org/apache/commons/lang/enum/NestReferenced.java:17: warning: as of release 5, 'enum' is a keyword, and may not be used as an identifier
    [javac] package org.apache.commons.lang.enum;
    [javac]                                 ^
    [javac]   (use -source 5 or higher to use 'enum' as a keyword)
    [javac] /tmp/run_mutation.pl_7517_1501538460/62f/src/test/org/apache/commons/lang/enum/OperationEnum.java:17: warning: as of release 5, 'enum' is a keyword, and may not be used as an identifier
    [javac] package org.apache.commons.lang.enum;
    [javac]                                 ^
    [javac]   (use -source 5 or higher to use 'enum' as a keyword)
    [javac] /tmp/run_mutation.pl_7517_1501538460/62f/src/test/org/apache/commons/lang/enum/ValuedColorEnum.java:17: warning: as of release 5, 'enum' is a keyword, and may not be used as an identifier
    [javac] package org.apache.commons.lang.enum;
    [javac]                                 ^
    [javac]   (use -source 5 or higher to use 'enum' as a keyword)
    [javac] /tmp/run_mutation.pl_7517_1501538460/62f/src/test/org/apache/commons/lang/enum/ValuedEnumTest.java:17: warning: as of release 5, 'enum' is a keyword, and may not be used as an identifier
    [javac] package org.apache.commons.lang.enum;
    [javac]                                 ^
    [javac]   (use -source 5 or higher to use 'enum' as a keyword)
    [javac] Note: Some input files use or override a deprecated API.
    [javac] Note: Recompile with -Xlint:deprecation for details.
    [javac] 25 warnings
     [copy] Copying 9 files to /tmp/run_mutation.pl_7517_1501538460/62f/target/tests

update.all.tests:

mutation.test:
     [echo] Running mutation analysis ...
    [junit] MAJOR: Mutation analysis enabled
SLF4J: Failed to load class "org.slf4j.impl.StaticLoggerBinder".
SLF4J: Defaulting to no-operation (NOP) logger implementation
SLF4J: See http://www.slf4j.org/codes.html#StaticLoggerBinder for further details.
    [junit] MAJOR: ------------------------------------------------------------
    [junit] MAJOR: Run 23 ordered tests to verify independence
    [junit] MAJOR: ------------------------------------------------------------
    [junit] MAJOR: Preprocessing time: 4.32 seconds
    [junit] MAJOR: ------------------------------------------------------------
    [junit] MAJOR: Mutants generated: 630
    [junit] MAJOR: Mutants covered:   483 (76.67%)
    [junit] MAJOR: ------------------------------------------------------------
    [junit] MAJOR: Export test map to (testMap.csv)
    [junit] MAJOR: Export coverage map to (covMap.csv)
    [junit] MAJOR: Exclude 0 mutants
    [junit] MAJOR: ------------------------------------------------------------
    [junit] MAJOR: Run mutation analysis with 23 individual tests
    [junit] MAJOR: ------------------------------------------------------------
    [junit] MAJOR: 1/23 - org.apache.commons.lang.Entities_ESTest19 (7ms / 121):
    [junit] MAJOR: 25673 (39 / 121 / 121) -> AVG-RTPM: 212ms
    [junit] MAJOR: Mutants killed / live: 39 (24-15-0) / 444
    [junit] MAJOR: ------------------------------------------------------------
    [junit] MAJOR: 2/23 - org.apache.commons.lang.Entities_ESTest7 (7ms / 32):
    [junit] MAJOR: 40436 (4 / 32 / 32) -> AVG-RTPM: 461ms
    [junit] MAJOR: Mutants killed / live: 43 (26-23-0) / 440
    [junit] MAJOR: ------------------------------------------------------------
    [junit] MAJOR: 3/23 - org.apache.commons.lang.Entities_ESTest12 (8ms / 143):
    [junit] MAJOR: 109359 (96 / 143 / 143) -> AVG-RTPM: 481ms
    [junit] MAJOR: Mutants killed / live: 139 (30-116-5) / 344
    [junit] MAJOR: ------------------------------------------------------------
    [junit] MAJOR: 4/23 - org.apache.commons.lang.Entities_ESTest2 (8ms / 130):
    [junit] MAJOR: 142785 (37 / 130 / 130) -> AVG-RTPM: 257ms
    [junit] MAJOR: Mutants killed / live: 176 (30-246-5) / 307
    [junit] MAJOR: ------------------------------------------------------------
    [junit] MAJOR: 5/23 - org.apache.commons.lang.Entities_ESTest20 (8ms / 128):
    [junit] MAJOR: 178103 (71 / 128 / 128) -> AVG-RTPM: 275ms
    [junit] MAJOR: Mutants killed / live: 247 (30-374-5) / 236
    [junit] MAJOR: ------------------------------------------------------------
    [junit] MAJOR: 6/23 - org.apache.commons.lang.Entities_ESTest4 (8ms / 50):
    [junit] MAJOR: 192043 (12 / 50 / 50) -> AVG-RTPM: 278ms
    [junit] MAJOR: Mutants killed / live: 259 (30-424-5) / 224
    [junit] MAJOR: ------------------------------------------------------------
    [junit] MAJOR: 7/23 - org.apache.commons.lang.Entities_ESTest8 (8ms / 34):
    [junit] MAJOR: 200736 (7 / 34 / 34) -> AVG-RTPM: 255ms
    [junit] MAJOR: Mutants killed / live: 266 (30-458-5) / 217
    [junit] MAJOR: ------------------------------------------------------------
    [junit] MAJOR: 8/23 - org.apache.commons.lang.Entities_ESTest9 (8ms / 71):
    [junit] MAJOR: 220723 (37 / 71 / 71) -> AVG-RTPM: 281ms
    [junit] MAJOR: Mutants killed / live: 303 (30-529-5) / 180
    [junit] MAJOR: ------------------------------------------------------------
    [junit] MAJOR: 9/23 - org.apache.commons.lang.Entities_ESTest1 (9ms / 27):
    [junit] MAJOR: 228393 (0 / 27 / 27) -> AVG-RTPM: 284ms
    [junit] MAJOR: Mutants killed / live: 303 (30-556-5) / 180
    [junit] MAJOR: ------------------------------------------------------------
    [junit] MAJOR: 10/23 - org.apache.commons.lang.Entities_ESTest13 (9ms / 80):
    [junit] MAJOR: 250950 (31 / 80 / 80) -> AVG-RTPM: 281ms
    [junit] MAJOR: Mutants killed / live: 334 (30-636-5) / 149
    [junit] MAJOR: ------------------------------------------------------------
    [junit] MAJOR: 11/23 - org.apache.commons.lang.Entities_ESTest18 (9ms / 141):
    [junit] MAJOR: 290658 (9 / 141 / 141) -> AVG-RTPM: 281ms
    [junit] MAJOR: Mutants killed / live: 343 (30-777-5) / 140
    [junit] MAJOR: ------------------------------------------------------------
    [junit] MAJOR: 12/23 - org.apache.commons.lang.Entities_ESTest16 (10ms / 36):
    [junit] MAJOR: 301046 (0 / 36 / 36) -> AVG-RTPM: 288ms
    [junit] MAJOR: Mutants killed / live: 343 (30-813-5) / 140
    [junit] MAJOR: ------------------------------------------------------------
    [junit] MAJOR: 13/23 - org.apache.commons.lang.Entities_ESTest17 (10ms / 133):
    [junit] MAJOR: 338041 (0 / 133 / 133) -> AVG-RTPM: 278ms
    [junit] MAJOR: Mutants killed / live: 343 (30-946-5) / 140
    [junit] MAJOR: ------------------------------------------------------------
    [junit] MAJOR: 14/23 - org.apache.commons.lang.Entities_ESTest5 (10ms / 29):
    [junit] MAJOR: 346689 (2 / 29 / 29) -> AVG-RTPM: 298ms
    [junit] MAJOR: Mutants killed / live: 345 (30-975-5) / 138
    [junit] MAJOR: ------------------------------------------------------------
    [junit] MAJOR: 15/23 - org.apache.commons.lang.Entities_ESTest6 (10ms / 29):
    [junit] MAJOR: 354583 (2 / 29 / 29) -> AVG-RTPM: 272ms
    [junit] MAJOR: Mutants killed / live: 347 (30-1004-5) / 136
    [junit] MAJOR: ------------------------------------------------------------
    [junit] MAJOR: 16/23 - org.apache.commons.lang.Entities_ESTest3 (11ms / 33):
    [junit] MAJOR: 363828 (0 / 33 / 33) -> AVG-RTPM: 280ms
    [junit] MAJOR: Mutants killed / live: 347 (30-1037-5) / 136
    [junit] MAJOR: ------------------------------------------------------------
    [junit] MAJOR: 17/23 - org.apache.commons.lang.Entities_ESTest11 (13ms / 136):
    [junit] MAJOR: 403143 (20 / 136 / 136) -> AVG-RTPM: 289ms
    [junit] MAJOR: Mutants killed / live: 367 (30-1173-5) / 116
    [junit] MAJOR: ------------------------------------------------------------
    [junit] MAJOR: 18/23 - org.apache.commons.lang.Entities_ESTest15 (13ms / 60):
    [junit] MAJOR: 420181 (5 / 60 / 60) -> AVG-RTPM: 283ms
    [junit] MAJOR: Mutants killed / live: 372 (30-1233-5) / 111
    [junit] MAJOR: ------------------------------------------------------------
    [junit] MAJOR: 19/23 - org.apache.commons.lang.Entities_ESTest21 (13ms / 37):
    [junit] MAJOR: 432868 (10 / 37 / 37) -> AVG-RTPM: 342ms
    [junit] MAJOR: Mutants killed / live: 382 (30-1270-5) / 101
    [junit] MAJOR: ------------------------------------------------------------
    [junit] MAJOR: 20/23 - org.apache.commons.lang.Entities_ESTest14 (15ms / 74):
    [junit] MAJOR: 458469 (3 / 74 / 74) -> AVG-RTPM: 345ms
    [junit] MAJOR: Mutants killed / live: 385 (30-1344-5) / 98
    [junit] MAJOR: ------------------------------------------------------------
    [junit] MAJOR: 21/23 - org.apache.commons.lang.Entities_ESTest10 (17ms / 130):
    [junit] MAJOR: 506435 (89 / 130 / 130) -> AVG-RTPM: 368ms
    [junit] MAJOR: Mutants killed / live: 474 (30-1474-5) / 9
    [junit] MAJOR: ------------------------------------------------------------
    [junit] MAJOR: 22/23 - org.apache.commons.lang.Entities_ESTest0 (25ms / 30):
    [junit] MAJOR: 514998 (1 / 30 / 30) -> AVG-RTPM: 285ms
    [junit] MAJOR: Mutants killed / live: 475 (30-1504-5) / 8
    [junit] MAJOR: ------------------------------------------------------------
    [junit] MAJOR: 23/23 - org.apache.commons.lang.Entities_ESTest22 (32ms / 138):
    [junit] MAJOR: 566660 (8 / 138 / 138) -> AVG-RTPM: 374ms
    [junit] MAJOR: Mutants killed / live: 483 (30-1642-5) / 0
    [junit] MAJOR: ------------------------------------------------------------
    [junit] MAJOR: Summary:
    [junit] MAJOR: 
    [junit] MAJOR: Analysis time:  566.7 seconds
    [junit] MAJOR: Mutation score: 76.67% (100.00%)
    [junit] MAJOR: Mutants killed / live: 483 (30-1642-5) / 0
    [junit] MAJOR: Mutant executions: 1822
    [junit] MAJOR: ------------------------------------------------------------
    [junit] MAJOR: Export summary of results (to summary.csv)
    [junit] MAJOR: Export mutant kill details (to /tmp/run_mutation.pl_7517_1501538460/62f/kill.csv)
    [junit] MAJOR: Export kill map (to killMap.csv)!

BUILD SUCCESSFUL
Total time: 9 minutes 36 seconds
