
init:
     [echo] -------- commons-lang 2.3-SNAPSHOT --------

prepare:

static:

compile:
    [javac] /tmp/run_mutation.pl_6610_1483645986/63f/build.xml:65: warning: 'includeantruntime' was not set, defaulting to build.sysclasspath=last; set to false for repeatable builds

compile.tests:
    [javac] /tmp/run_mutation.pl_6610_1483645986/63f/build.xml:73: warning: 'includeantruntime' was not set, defaulting to build.sysclasspath=last; set to false for repeatable builds
    [javac] Compiling 140 source files to /tmp/run_mutation.pl_6610_1483645986/63f/target/tests
    [javac] warning: [options] bootstrap class path not set in conjunction with -source 1.3
    [javac] /tmp/run_mutation.pl_6610_1483645986/63f/src/test/org/apache/commons/lang/AllLangTestSuite.java:63: warning: as of release 5, 'enum' is a keyword, and may not be used as an identifier
    [javac]         suite.addTest(org.apache.commons.lang.enum.EnumTestSuite.suite());
    [javac]                                               ^
    [javac]   (use -source 5 or higher to use 'enum' as a keyword)
    [javac] /tmp/run_mutation.pl_6610_1483645986/63f/src/test/org/apache/commons/lang/enum/Broken1Enum.java:17: warning: as of release 5, 'enum' is a keyword, and may not be used as an identifier
    [javac] package org.apache.commons.lang.enum;
    [javac]                                 ^
    [javac]   (use -source 5 or higher to use 'enum' as a keyword)
    [javac] /tmp/run_mutation.pl_6610_1483645986/63f/src/test/org/apache/commons/lang/enum/Broken1OperationEnum.java:17: warning: as of release 5, 'enum' is a keyword, and may not be used as an identifier
    [javac] package org.apache.commons.lang.enum;
    [javac]                                 ^
    [javac]   (use -source 5 or higher to use 'enum' as a keyword)
    [javac] /tmp/run_mutation.pl_6610_1483645986/63f/src/test/org/apache/commons/lang/enum/Broken2Enum.java:17: warning: as of release 5, 'enum' is a keyword, and may not be used as an identifier
    [javac] package org.apache.commons.lang.enum;
    [javac]                                 ^
    [javac]   (use -source 5 or higher to use 'enum' as a keyword)
    [javac] /tmp/run_mutation.pl_6610_1483645986/63f/src/test/org/apache/commons/lang/enum/Broken2OperationEnum.java:17: warning: as of release 5, 'enum' is a keyword, and may not be used as an identifier
    [javac] package org.apache.commons.lang.enum;
    [javac]                                 ^
    [javac]   (use -source 5 or higher to use 'enum' as a keyword)
    [javac] /tmp/run_mutation.pl_6610_1483645986/63f/src/test/org/apache/commons/lang/enum/Broken3Enum.java:17: warning: as of release 5, 'enum' is a keyword, and may not be used as an identifier
    [javac] package org.apache.commons.lang.enum;
    [javac]                                 ^
    [javac]   (use -source 5 or higher to use 'enum' as a keyword)
    [javac] /tmp/run_mutation.pl_6610_1483645986/63f/src/test/org/apache/commons/lang/enum/Broken3OperationEnum.java:17: warning: as of release 5, 'enum' is a keyword, and may not be used as an identifier
    [javac] package org.apache.commons.lang.enum;
    [javac]                                 ^
    [javac]   (use -source 5 or higher to use 'enum' as a keyword)
    [javac] /tmp/run_mutation.pl_6610_1483645986/63f/src/test/org/apache/commons/lang/enum/Broken4OperationEnum.java:17: warning: as of release 5, 'enum' is a keyword, and may not be used as an identifier
    [javac] package org.apache.commons.lang.enum;
    [javac]                                 ^
    [javac]   (use -source 5 or higher to use 'enum' as a keyword)
    [javac] /tmp/run_mutation.pl_6610_1483645986/63f/src/test/org/apache/commons/lang/enum/Broken5OperationEnum.java:17: warning: as of release 5, 'enum' is a keyword, and may not be used as an identifier
    [javac] package org.apache.commons.lang.enum;
    [javac]                                 ^
    [javac]   (use -source 5 or higher to use 'enum' as a keyword)
    [javac] /tmp/run_mutation.pl_6610_1483645986/63f/src/test/org/apache/commons/lang/enum/ColorEnum.java:17: warning: as of release 5, 'enum' is a keyword, and may not be used as an identifier
    [javac] package org.apache.commons.lang.enum;
    [javac]                                 ^
    [javac]   (use -source 5 or higher to use 'enum' as a keyword)
    [javac] /tmp/run_mutation.pl_6610_1483645986/63f/src/test/org/apache/commons/lang/enum/DummyEnum.java:17: warning: as of release 5, 'enum' is a keyword, and may not be used as an identifier
    [javac] package org.apache.commons.lang.enum;
    [javac]                                 ^
    [javac]   (use -source 5 or higher to use 'enum' as a keyword)
    [javac] /tmp/run_mutation.pl_6610_1483645986/63f/src/test/org/apache/commons/lang/enum/EnumTest.java:18: warning: as of release 5, 'enum' is a keyword, and may not be used as an identifier
    [javac] package org.apache.commons.lang.enum;
    [javac]                                 ^
    [javac]   (use -source 5 or higher to use 'enum' as a keyword)
    [javac] /tmp/run_mutation.pl_6610_1483645986/63f/src/test/org/apache/commons/lang/enum/EnumTestSuite.java:17: warning: as of release 5, 'enum' is a keyword, and may not be used as an identifier
    [javac] package org.apache.commons.lang.enum;
    [javac]                                 ^
    [javac]   (use -source 5 or higher to use 'enum' as a keyword)
    [javac] /tmp/run_mutation.pl_6610_1483645986/63f/src/test/org/apache/commons/lang/enum/EnumUtilsTest.java:17: warning: as of release 5, 'enum' is a keyword, and may not be used as an identifier
    [javac] package org.apache.commons.lang.enum;
    [javac]                                 ^
    [javac]   (use -source 5 or higher to use 'enum' as a keyword)
    [javac] /tmp/run_mutation.pl_6610_1483645986/63f/src/test/org/apache/commons/lang/enum/Extended1Enum.java:19: warning: as of release 5, 'enum' is a keyword, and may not be used as an identifier
    [javac] package org.apache.commons.lang.enum;
    [javac]                                 ^
    [javac]   (use -source 5 or higher to use 'enum' as a keyword)
    [javac] /tmp/run_mutation.pl_6610_1483645986/63f/src/test/org/apache/commons/lang/enum/Extended2Enum.java:19: warning: as of release 5, 'enum' is a keyword, and may not be used as an identifier
    [javac] package org.apache.commons.lang.enum;
    [javac]                                 ^
    [javac]   (use -source 5 or higher to use 'enum' as a keyword)
    [javac] /tmp/run_mutation.pl_6610_1483645986/63f/src/test/org/apache/commons/lang/enum/Extended3Enum.java:19: warning: as of release 5, 'enum' is a keyword, and may not be used as an identifier
    [javac] package org.apache.commons.lang.enum;
    [javac]                                 ^
    [javac]   (use -source 5 or higher to use 'enum' as a keyword)
    [javac] /tmp/run_mutation.pl_6610_1483645986/63f/src/test/org/apache/commons/lang/enum/Nest.java:17: warning: as of release 5, 'enum' is a keyword, and may not be used as an identifier
    [javac] package org.apache.commons.lang.enum;
    [javac]                                 ^
    [javac]   (use -source 5 or higher to use 'enum' as a keyword)
    [javac] /tmp/run_mutation.pl_6610_1483645986/63f/src/test/org/apache/commons/lang/enum/NestBroken.java:17: warning: as of release 5, 'enum' is a keyword, and may not be used as an identifier
    [javac] package org.apache.commons.lang.enum;
    [javac]                                 ^
    [javac]   (use -source 5 or higher to use 'enum' as a keyword)
    [javac] /tmp/run_mutation.pl_6610_1483645986/63f/src/test/org/apache/commons/lang/enum/NestLinked.java:17: warning: as of release 5, 'enum' is a keyword, and may not be used as an identifier
    [javac] package org.apache.commons.lang.enum;
    [javac]                                 ^
    [javac]   (use -source 5 or higher to use 'enum' as a keyword)
    [javac] /tmp/run_mutation.pl_6610_1483645986/63f/src/test/org/apache/commons/lang/enum/NestReferenced.java:17: warning: as of release 5, 'enum' is a keyword, and may not be used as an identifier
    [javac] package org.apache.commons.lang.enum;
    [javac]                                 ^
    [javac]   (use -source 5 or higher to use 'enum' as a keyword)
    [javac] /tmp/run_mutation.pl_6610_1483645986/63f/src/test/org/apache/commons/lang/enum/OperationEnum.java:17: warning: as of release 5, 'enum' is a keyword, and may not be used as an identifier
    [javac] package org.apache.commons.lang.enum;
    [javac]                                 ^
    [javac]   (use -source 5 or higher to use 'enum' as a keyword)
    [javac] /tmp/run_mutation.pl_6610_1483645986/63f/src/test/org/apache/commons/lang/enum/ValuedColorEnum.java:17: warning: as of release 5, 'enum' is a keyword, and may not be used as an identifier
    [javac] package org.apache.commons.lang.enum;
    [javac]                                 ^
    [javac]   (use -source 5 or higher to use 'enum' as a keyword)
    [javac] /tmp/run_mutation.pl_6610_1483645986/63f/src/test/org/apache/commons/lang/enum/ValuedEnumTest.java:17: warning: as of release 5, 'enum' is a keyword, and may not be used as an identifier
    [javac] package org.apache.commons.lang.enum;
    [javac]                                 ^
    [javac]   (use -source 5 or higher to use 'enum' as a keyword)
    [javac] Note: Some input files use or override a deprecated API.
    [javac] Note: Recompile with -Xlint:deprecation for details.
    [javac] 25 warnings
     [copy] Copying 9 files to /tmp/run_mutation.pl_6610_1483645986/63f/target/tests

update.all.tests:

mutation.test:
     [echo] Running mutation analysis ...
    [junit] MAJOR: Mutation analysis enabled
SLF4J: Failed to load class "org.slf4j.impl.StaticLoggerBinder".
SLF4J: Defaulting to no-operation (NOP) logger implementation
SLF4J: See http://www.slf4j.org/codes.html#StaticLoggerBinder for further details.
    [junit] MAJOR: ------------------------------------------------------------
    [junit] MAJOR: Run 26 ordered tests to verify independence
    [junit] MAJOR: ------------------------------------------------------------
    [junit] MAJOR: Preprocessing time: 4.29 seconds
    [junit] MAJOR: ------------------------------------------------------------
    [junit] MAJOR: Mutants generated: 566
    [junit] MAJOR: Mutants covered:   565 (99.82%)
    [junit] MAJOR: ------------------------------------------------------------
    [junit] MAJOR: Export test map to (testMap.csv)
    [junit] MAJOR: Export coverage map to (covMap.csv)
    [junit] MAJOR: Exclude 0 mutants
    [junit] MAJOR: ------------------------------------------------------------
    [junit] MAJOR: Run mutation analysis with 26 individual tests
    [junit] MAJOR: ------------------------------------------------------------
    [junit] MAJOR: 1/26 - org.apache.commons.lang.time.DurationFormatUtils_ESTest25 (6ms / 17):
    [junit] MAJOR: 1553 (3 / 17 / 17) -> AVG-RTPM: 91ms
    [junit] MAJOR: Mutants killed / live: 3 (2-1-0) / 562
    [junit] MAJOR: ------------------------------------------------------------
    [junit] MAJOR: 2/26 - org.apache.commons.lang.time.DurationFormatUtils_ESTest3 (6ms / 0):
    [junit] MAJOR: 1554 (0 / 0 / 0) -> AVG-RTPM: 0ms
    [junit] MAJOR: Mutants killed / live: 3 (2-1-0) / 562
    [junit] MAJOR: ------------------------------------------------------------
    [junit] MAJOR: 3/26 - org.apache.commons.lang.time.DurationFormatUtils_ESTest6 (6ms / 97):
    [junit] MAJOR: 21940 (33 / 97 / 97) -> AVG-RTPM: 210ms
    [junit] MAJOR: Mutants killed / live: 36 (16-21-0) / 529
    [junit] MAJOR: ------------------------------------------------------------
    [junit] MAJOR: 4/26 - org.apache.commons.lang.time.DurationFormatUtils_ESTest7 (6ms / 271):
    [junit] MAJOR: 139912 (159 / 271 / 271) -> AVG-RTPM: 435ms
    [junit] MAJOR: Mutants killed / live: 195 (63-156-4) / 370
    [junit] MAJOR: ------------------------------------------------------------
    [junit] MAJOR: 5/26 - org.apache.commons.lang.time.DurationFormatUtils_ESTest21 (7ms / 8):
    [junit] MAJOR: 141574 (4 / 8 / 8) -> AVG-RTPM: 207ms
    [junit] MAJOR: Mutants killed / live: 199 (63-164-4) / 366
    [junit] MAJOR: ------------------------------------------------------------
    [junit] MAJOR: 6/26 - org.apache.commons.lang.time.DurationFormatUtils_ESTest22 (7ms / 17):
    [junit] MAJOR: 145009 (10 / 17 / 17) -> AVG-RTPM: 202ms
    [junit] MAJOR: Mutants killed / live: 209 (63-181-4) / 356
    [junit] MAJOR: ------------------------------------------------------------
    [junit] MAJOR: 7/26 - org.apache.commons.lang.time.DurationFormatUtils_ESTest24 (7ms / 15):
    [junit] MAJOR: 148126 (1 / 15 / 15) -> AVG-RTPM: 207ms
    [junit] MAJOR: Mutants killed / live: 210 (63-196-4) / 355
    [junit] MAJOR: ------------------------------------------------------------
    [junit] MAJOR: 8/26 - org.apache.commons.lang.time.DurationFormatUtils_ESTest5 (7ms / 4):
    [junit] MAJOR: 148855 (0 / 4 / 4) -> AVG-RTPM: 182ms
    [junit] MAJOR: Mutants killed / live: 210 (63-200-4) / 355
    [junit] MAJOR: ------------------------------------------------------------
    [junit] MAJOR: 9/26 - org.apache.commons.lang.time.DurationFormatUtils_ESTest8 (7ms / 236):
    [junit] MAJOR: 191328 (63 / 236 / 236) -> AVG-RTPM: 179ms
    [junit] MAJOR: Mutants killed / live: 273 (63-436-4) / 292
    [junit] MAJOR: ------------------------------------------------------------
    [junit] MAJOR: 10/26 - org.apache.commons.lang.time.DurationFormatUtils_ESTest9 (7ms / 270):
    [junit] MAJOR: 239159 (22 / 270 / 270) -> AVG-RTPM: 177ms
    [junit] MAJOR: Mutants killed / live: 295 (63-706-4) / 270
    [junit] MAJOR: ------------------------------------------------------------
    [junit] MAJOR: 11/26 - org.apache.commons.lang.time.DurationFormatUtils_ESTest11 (8ms / 242):
    [junit] MAJOR: 282469 (1 / 242 / 242) -> AVG-RTPM: 178ms
    [junit] MAJOR: Mutants killed / live: 296 (63-948-4) / 269
    [junit] MAJOR: ------------------------------------------------------------
    [junit] MAJOR: 12/26 - org.apache.commons.lang.time.DurationFormatUtils_ESTest12 (8ms / 293):
    [junit] MAJOR: 335969 (210 / 293 / 293) -> AVG-RTPM: 182ms
    [junit] MAJOR: Mutants killed / live: 506 (63-1241-4) / 59
    [junit] MAJOR: ------------------------------------------------------------
    [junit] MAJOR: 13/26 - org.apache.commons.lang.time.DurationFormatUtils_ESTest14 (8ms / 292):
    [junit] MAJOR: 387869 (19 / 292 / 292) -> AVG-RTPM: 177ms
    [junit] MAJOR: Mutants killed / live: 525 (63-1533-4) / 40
    [junit] MAJOR: ------------------------------------------------------------
    [junit] MAJOR: 14/26 - org.apache.commons.lang.time.DurationFormatUtils_ESTest15 (8ms / 295):
    [junit] MAJOR: 441082 (0 / 295 / 295) -> AVG-RTPM: 180ms
    [junit] MAJOR: Mutants killed / live: 525 (63-1828-4) / 40
    [junit] MAJOR: ------------------------------------------------------------
    [junit] MAJOR: 15/26 - org.apache.commons.lang.time.DurationFormatUtils_ESTest18 (8ms / 117):
    [junit] MAJOR: 461830 (12 / 117 / 117) -> AVG-RTPM: 177ms
    [junit] MAJOR: Mutants killed / live: 537 (63-1945-4) / 28
    [junit] MAJOR: ------------------------------------------------------------
    [junit] MAJOR: 16/26 - org.apache.commons.lang.time.DurationFormatUtils_ESTest2 (8ms / 195):
    [junit] MAJOR: 497174 (10 / 195 / 195) -> AVG-RTPM: 181ms
    [junit] MAJOR: Mutants killed / live: 547 (63-2140-4) / 18
    [junit] MAJOR: ------------------------------------------------------------
    [junit] MAJOR: 17/26 - org.apache.commons.lang.time.DurationFormatUtils_ESTest20 (8ms / 12):
    [junit] MAJOR: 499426 (0 / 12 / 12) -> AVG-RTPM: 187ms
    [junit] MAJOR: Mutants killed / live: 547 (63-2152-4) / 18
    [junit] MAJOR: ------------------------------------------------------------
    [junit] MAJOR: 18/26 - org.apache.commons.lang.time.DurationFormatUtils_ESTest4 (8ms / 3):
    [junit] MAJOR: 499970 (1 / 3 / 3) -> AVG-RTPM: 181ms
    [junit] MAJOR: Mutants killed / live: 548 (63-2155-4) / 17
    [junit] MAJOR: ------------------------------------------------------------
    [junit] MAJOR: 19/26 - org.apache.commons.lang.time.DurationFormatUtils_ESTest1 (9ms / 243):
    [junit] MAJOR: 544328 (7 / 243 / 243) -> AVG-RTPM: 182ms
    [junit] MAJOR: Mutants killed / live: 555 (63-2398-4) / 10
    [junit] MAJOR: ------------------------------------------------------------
    [junit] MAJOR: 20/26 - org.apache.commons.lang.time.DurationFormatUtils_ESTest16 (9ms / 255):
    [junit] MAJOR: 592128 (0 / 255 / 255) -> AVG-RTPM: 187ms
    [junit] MAJOR: Mutants killed / live: 555 (63-2653-4) / 10
    [junit] MAJOR: ------------------------------------------------------------
    [junit] MAJOR: 21/26 - org.apache.commons.lang.time.DurationFormatUtils_ESTest17 (12ms / 35):
    [junit] MAJOR: 598482 (0 / 35 / 35) -> AVG-RTPM: 181ms
    [junit] MAJOR: Mutants killed / live: 555 (63-2688-4) / 10
    [junit] MAJOR: ------------------------------------------------------------
    [junit] MAJOR: 22/26 - org.apache.commons.lang.time.DurationFormatUtils_ESTest13 (13ms / 286):
    [junit] MAJOR: 651137 (0 / 286 / 286) -> AVG-RTPM: 184ms
    [junit] MAJOR: Mutants killed / live: 555 (63-2974-4) / 10
    [junit] MAJOR: ------------------------------------------------------------
    [junit] MAJOR: 23/26 - org.apache.commons.lang.time.DurationFormatUtils_ESTest23 (17ms / 14):
    [junit] MAJOR: 653728 (0 / 14 / 14) -> AVG-RTPM: 185ms
    [junit] MAJOR: Mutants killed / live: 555 (63-2988-4) / 10
    [junit] MAJOR: ------------------------------------------------------------
    [junit] MAJOR: 24/26 - org.apache.commons.lang.time.DurationFormatUtils_ESTest10 (21ms / 262):
    [junit] MAJOR: 701445 (9 / 262 / 262) -> AVG-RTPM: 182ms
    [junit] MAJOR: Mutants killed / live: 564 (63-3250-4) / 1
    [junit] MAJOR: ------------------------------------------------------------
    [junit] MAJOR: 25/26 - org.apache.commons.lang.time.DurationFormatUtils_ESTest0 (29ms / 260):
    [junit] MAJOR: 749457 (1 / 260 / 260) -> AVG-RTPM: 184ms
    [junit] MAJOR: Mutants killed / live: 565 (63-3510-4) / 0
    [junit] MAJOR: ------------------------------------------------------------
    [junit] MAJOR: 26/26 - org.apache.commons.lang.time.DurationFormatUtils_ESTest19 (33ms / 154):
    [junit] MAJOR: 777291 (0 / 154 / 154) -> AVG-RTPM: 180ms
    [junit] MAJOR: Mutants killed / live: 565 (63-3664-4) / 0
    [junit] MAJOR: ------------------------------------------------------------
    [junit] MAJOR: Summary:
    [junit] MAJOR: 
    [junit] MAJOR: Analysis time:  777.3 seconds
    [junit] MAJOR: Mutation score: 99.82% (100.00%)
    [junit] MAJOR: Mutants killed / live: 565 (63-3664-4) / 0
    [junit] MAJOR: Mutant executions: 3893
    [junit] MAJOR: ------------------------------------------------------------
    [junit] MAJOR: Export summary of results (to summary.csv)
    [junit] MAJOR: Export mutant kill details (to /tmp/run_mutation.pl_6610_1483645986/63f/kill.csv)
    [junit] MAJOR: Export kill map (to killMap.csv)!

BUILD SUCCESSFUL
Total time: 13 minutes 6 seconds
