
init:
     [echo] -------- commons-lang3 3.2-SNAPSHOT --------

compile:

compile.tests:
    [mkdir] Created dir: /tmp/run_mutation.pl_45770_1501456030/7f/target/tests
    [javac] Compiling 128 source files to /tmp/run_mutation.pl_45770_1501456030/7f/target/tests
    [javac] warning: [options] bootstrap class path not set in conjunction with -source 1.5
    [javac] Note: Some input files use or override a deprecated API.
    [javac] Note: Recompile with -Xlint:deprecation for details.
    [javac] 1 warning
     [copy] Copying 4 files to /tmp/run_mutation.pl_45770_1501456030/7f/target/tests

update.all.tests:

mutation.test:
     [echo] Running mutation analysis ...
    [junit] MAJOR: Mutation analysis enabled
SLF4J: Failed to load class "org.slf4j.impl.StaticLoggerBinder".
SLF4J: Defaulting to no-operation (NOP) logger implementation
SLF4J: See http://www.slf4j.org/codes.html#StaticLoggerBinder for further details.
    [junit] MAJOR: ------------------------------------------------------------
    [junit] MAJOR: Run 121 ordered tests to verify independence
    [junit] MAJOR: ------------------------------------------------------------
    [junit] MAJOR: Preprocessing time: 64.99 seconds
    [junit] MAJOR: ------------------------------------------------------------
    [junit] MAJOR: Mutants generated: 1520
    [junit] MAJOR: Mutants covered:   1480 (97.37%)
    [junit] MAJOR: ------------------------------------------------------------
    [junit] MAJOR: Export test map to (testMap.csv)
    [junit] MAJOR: Export coverage map to (covMap.csv)
    [junit] MAJOR: Exclude 0 mutants
    [junit] MAJOR: ------------------------------------------------------------
    [junit] MAJOR: Run mutation analysis with 121 individual tests
    [junit] MAJOR: ------------------------------------------------------------
    [junit] MAJOR: 1/121 - org.apache.commons.lang3.math.NumberUtils_ESTest12 (7ms / 29):
    [junit] MAJOR: 22099 (0 / 29 / 29) -> AVG-RTPM: 762ms
    [junit] MAJOR: Mutants killed / live: 0 (0-0-0) / 1480
    [junit] MAJOR: ------------------------------------------------------------
    [junit] MAJOR: 2/121 - org.apache.commons.lang3.math.NumberUtils_ESTest15 (7ms / 29):
    [junit] MAJOR: 51753 (0 / 29 / 29) -> AVG-RTPM: 1022ms
    [junit] MAJOR: Mutants killed / live: 0 (0-0-0) / 1480
    [junit] MAJOR: ------------------------------------------------------------
    [junit] MAJOR: 3/121 - org.apache.commons.lang3.math.NumberUtils_ESTest17 (7ms / 73):
    [junit] MAJOR: 162912 (4 / 73 / 73) -> AVG-RTPM: 1522ms
    [junit] MAJOR: Mutants killed / live: 4 (4-0-0) / 1476
    [junit] MAJOR: ------------------------------------------------------------
    [junit] MAJOR: 4/121 - org.apache.commons.lang3.math.NumberUtils_ESTest18 (7ms / 29):
    [junit] MAJOR: 219077 (1 / 29 / 29) -> AVG-RTPM: 1936ms
    [junit] MAJOR: Mutants killed / live: 5 (4-2-0) / 1475
    [junit] MAJOR: ------------------------------------------------------------
    [junit] MAJOR: 5/121 - org.apache.commons.lang3.math.NumberUtils_ESTest28 (7ms / 93):
    [junit] MAJOR: 477562 (9 / 93 / 93) -> AVG-RTPM: 2779ms
    [junit] MAJOR: Mutants killed / live: 14 (6-11-0) / 1466
    [junit] MAJOR: ------------------------------------------------------------
    [junit] MAJOR: 6/121 - org.apache.commons.lang3.math.NumberUtils_ESTest36 (7ms / 219):
    [junit] MAJOR: 661428 (203 / 219 / 219) -> AVG-RTPM: 839ms
    [junit] MAJOR: Mutants killed / live: 217 (6-213-9) / 1263
    [junit] MAJOR: ------------------------------------------------------------
    [junit] MAJOR: 7/121 - org.apache.commons.lang3.math.NumberUtils_ESTest38 (7ms / 217):
    [junit] MAJOR: 790989 (8 / 217 / 217) -> AVG-RTPM: 597ms
    [junit] MAJOR: Mutants killed / live: 225 (6-430-9) / 1255
    [junit] MAJOR: ------------------------------------------------------------
    [junit] MAJOR: 8/121 - org.apache.commons.lang3.math.NumberUtils_ESTest39 (7ms / 183):
    [junit] MAJOR: 898916 (26 / 183 / 183) -> AVG-RTPM: 589ms
    [junit] MAJOR: Mutants killed / live: 251 (6-613-9) / 1229
    [junit] MAJOR: ------------------------------------------------------------
    [junit] MAJOR: 9/121 - org.apache.commons.lang3.math.NumberUtils_ESTest114 (8ms / 265):
    [junit] MAJOR: 1058005 (239 / 265 / 265) -> AVG-RTPM: 600ms
    [junit] MAJOR: Mutants killed / live: 490 (6-878-9) / 990
    [junit] MAJOR: ------------------------------------------------------------
    [junit] MAJOR: 10/121 - org.apache.commons.lang3.math.NumberUtils_ESTest116 (8ms / 210):
    [junit] MAJOR: 1183349 (42 / 210 / 210) -> AVG-RTPM: 596ms
    [junit] MAJOR: Mutants killed / live: 532 (6-1088-9) / 948
    [junit] MAJOR: ------------------------------------------------------------
    [junit] MAJOR: 11/121 - org.apache.commons.lang3.math.NumberUtils_ESTest118 (8ms / 224):
    [junit] MAJOR: 1318855 (14 / 224 / 224) -> AVG-RTPM: 604ms
    [junit] MAJOR: Mutants killed / live: 546 (6-1312-9) / 934
    [junit] MAJOR: ------------------------------------------------------------
    [junit] MAJOR: 12/121 - org.apache.commons.lang3.math.NumberUtils_ESTest120 (8ms / 292):
    [junit] MAJOR: 1495152 (14 / 292 / 292) -> AVG-RTPM: 603ms
    [junit] MAJOR: Mutants killed / live: 560 (6-1604-9) / 920
    [junit] MAJOR: ------------------------------------------------------------
    [junit] MAJOR: 13/121 - org.apache.commons.lang3.math.NumberUtils_ESTest16 (8ms / 29):
    [junit] MAJOR: 1512149 (3 / 29 / 29) -> AVG-RTPM: 586ms
    [junit] MAJOR: Mutants killed / live: 563 (6-1633-9) / 917
    [junit] MAJOR: ------------------------------------------------------------
    [junit] MAJOR: 14/121 - org.apache.commons.lang3.math.NumberUtils_ESTest29 (8ms / 242):
    [junit] MAJOR: 1649658 (116 / 242 / 242) -> AVG-RTPM: 568ms
    [junit] MAJOR: Mutants killed / live: 679 (6-1875-9) / 801
    [junit] MAJOR: ------------------------------------------------------------
    [junit] MAJOR: 15/121 - org.apache.commons.lang3.math.NumberUtils_ESTest3 (8ms / 29):
    [junit] MAJOR: 1661743 (0 / 29 / 29) -> AVG-RTPM: 416ms
    [junit] MAJOR: Mutants killed / live: 679 (6-1904-9) / 801
    [junit] MAJOR: ------------------------------------------------------------
    [junit] MAJOR: 16/121 - org.apache.commons.lang3.math.NumberUtils_ESTest30 (8ms / 188):
    [junit] MAJOR: 1759680 (23 / 188 / 188) -> AVG-RTPM: 520ms
    [junit] MAJOR: Mutants killed / live: 702 (6-2092-9) / 778
    [junit] MAJOR: ------------------------------------------------------------
    [junit] MAJOR: 17/121 - org.apache.commons.lang3.math.NumberUtils_ESTest35 (8ms / 182):
    [junit] MAJOR: 1862926 (17 / 182 / 182) -> AVG-RTPM: 567ms
    [junit] MAJOR: Mutants killed / live: 719 (6-2274-9) / 761
    [junit] MAJOR: ------------------------------------------------------------
    [junit] MAJOR: 18/121 - org.apache.commons.lang3.math.NumberUtils_ESTest37 (8ms / 216):
    [junit] MAJOR: 1987303 (1 / 216 / 216) -> AVG-RTPM: 575ms
    [junit] MAJOR: Mutants killed / live: 720 (6-2490-9) / 760
    [junit] MAJOR: ------------------------------------------------------------
    [junit] MAJOR: 19/121 - org.apache.commons.lang3.math.NumberUtils_ESTest48 (8ms / 168):
    [junit] MAJOR: 2085611 (0 / 168 / 168) -> AVG-RTPM: 585ms
    [junit] MAJOR: Mutants killed / live: 720 (6-2658-9) / 760
    [junit] MAJOR: ------------------------------------------------------------
    [junit] MAJOR: 20/121 - org.apache.commons.lang3.math.NumberUtils_ESTest49 (8ms / 33):
    [junit] MAJOR: 2105766 (0 / 33 / 33) -> AVG-RTPM: 610ms
    [junit] MAJOR: Mutants killed / live: 720 (6-2691-9) / 760
    [junit] MAJOR: ------------------------------------------------------------
    [junit] MAJOR: 21/121 - org.apache.commons.lang3.math.NumberUtils_ESTest51 (8ms / 57):
    [junit] MAJOR: 2141919 (31 / 57 / 57) -> AVG-RTPM: 634ms
    [junit] MAJOR: Mutants killed / live: 751 (6-2748-9) / 729
    [junit] MAJOR: ------------------------------------------------------------
    [junit] MAJOR: 22/121 - org.apache.commons.lang3.math.NumberUtils_ESTest52 (8ms / 29):
    [junit] MAJOR: 2159291 (3 / 29 / 29) -> AVG-RTPM: 599ms
    [junit] MAJOR: Mutants killed / live: 754 (6-2777-9) / 726
    [junit] MAJOR: ------------------------------------------------------------
    [junit] MAJOR: 23/121 - org.apache.commons.lang3.math.NumberUtils_ESTest55 (8ms / 57):
    [junit] MAJOR: 2193733 (31 / 57 / 57) -> AVG-RTPM: 604ms
    [junit] MAJOR: Mutants killed / live: 785 (6-2834-9) / 695
    [junit] MAJOR: ------------------------------------------------------------
    [junit] MAJOR: 24/121 - org.apache.commons.lang3.math.NumberUtils_ESTest56 (8ms / 29):
    [junit] MAJOR: 2211548 (3 / 29 / 29) -> AVG-RTPM: 614ms
    [junit] MAJOR: Mutants killed / live: 788 (6-2863-9) / 692
    [junit] MAJOR: ------------------------------------------------------------
    [junit] MAJOR: 25/121 - org.apache.commons.lang3.math.NumberUtils_ESTest58 (8ms / 29):
    [junit] MAJOR: 2229567 (3 / 29 / 29) -> AVG-RTPM: 621ms
    [junit] MAJOR: Mutants killed / live: 791 (6-2892-9) / 689
    [junit] MAJOR: ------------------------------------------------------------
    [junit] MAJOR: 26/121 - org.apache.commons.lang3.math.NumberUtils_ESTest59 (8ms / 58):
    [junit] MAJOR: 2264924 (29 / 58 / 58) -> AVG-RTPM: 609ms
    [junit] MAJOR: Mutants killed / live: 820 (6-2950-9) / 660
    [junit] MAJOR: ------------------------------------------------------------
    [junit] MAJOR: 27/121 - org.apache.commons.lang3.math.NumberUtils_ESTest69 (8ms / 29):
    [junit] MAJOR: 2282423 (3 / 29 / 29) -> AVG-RTPM: 603ms
    [junit] MAJOR: Mutants killed / live: 823 (6-2979-9) / 657
    [junit] MAJOR: ------------------------------------------------------------
    [junit] MAJOR: 28/121 - org.apache.commons.lang3.math.NumberUtils_ESTest100 (9ms / 146):
    [junit] MAJOR: 2371405 (56 / 146 / 146) -> AVG-RTPM: 609ms
    [junit] MAJOR: Mutants killed / live: 879 (6-3125-9) / 601
    [junit] MAJOR: ------------------------------------------------------------
    [junit] MAJOR: 29/121 - org.apache.commons.lang3.math.NumberUtils_ESTest101 (9ms / 104):
    [junit] MAJOR: 2435361 (1 / 104 / 104) -> AVG-RTPM: 614ms
    [junit] MAJOR: Mutants killed / live: 880 (6-3229-9) / 600
    [junit] MAJOR: ------------------------------------------------------------
    [junit] MAJOR: 30/121 - org.apache.commons.lang3.math.NumberUtils_ESTest117 (9ms / 217):
    [junit] MAJOR: 2569340 (0 / 217 / 217) -> AVG-RTPM: 617ms
    [junit] MAJOR: Mutants killed / live: 880 (6-3446-9) / 600
    [junit] MAJOR: ------------------------------------------------------------
    [junit] MAJOR: 31/121 - org.apache.commons.lang3.math.NumberUtils_ESTest13 (9ms / 29):
    [junit] MAJOR: 2586759 (3 / 29 / 29) -> AVG-RTPM: 600ms
    [junit] MAJOR: Mutants killed / live: 883 (6-3475-9) / 597
    [junit] MAJOR: ------------------------------------------------------------
    [junit] MAJOR: 32/121 - org.apache.commons.lang3.math.NumberUtils_ESTest31 (9ms / 212):
    [junit] MAJOR: 2718589 (12 / 212 / 212) -> AVG-RTPM: 621ms
    [junit] MAJOR: Mutants killed / live: 895 (6-3687-9) / 585
    [junit] MAJOR: ------------------------------------------------------------
    [junit] MAJOR: 33/121 - org.apache.commons.lang3.math.NumberUtils_ESTest32 (9ms / 190):
    [junit] MAJOR: 2838886 (0 / 190 / 190) -> AVG-RTPM: 633ms
    [junit] MAJOR: Mutants killed / live: 895 (6-3877-9) / 585
    [junit] MAJOR: ------------------------------------------------------------
    [junit] MAJOR: 34/121 - org.apache.commons.lang3.math.NumberUtils_ESTest41 (9ms / 251):
    [junit] MAJOR: 2998253 (0 / 251 / 251) -> AVG-RTPM: 634ms
    [junit] MAJOR: Mutants killed / live: 895 (6-4128-9) / 585
    [junit] MAJOR: ------------------------------------------------------------
    [junit] MAJOR: 35/121 - org.apache.commons.lang3.math.NumberUtils_ESTest5 (9ms / 26):
    [junit] MAJOR: 3014630 (0 / 26 / 26) -> AVG-RTPM: 629ms
    [junit] MAJOR: Mutants killed / live: 895 (6-4154-9) / 585
    [junit] MAJOR: ------------------------------------------------------------
    [junit] MAJOR: 36/121 - org.apache.commons.lang3.math.NumberUtils_ESTest50 (9ms / 29):
    [junit] MAJOR: 3033012 (0 / 29 / 29) -> AVG-RTPM: 633ms
    [junit] MAJOR: Mutants killed / live: 895 (6-4183-9) / 585
    [junit] MAJOR: ------------------------------------------------------------
    [junit] MAJOR: 37/121 - org.apache.commons.lang3.math.NumberUtils_ESTest54 (9ms / 29):
    [junit] MAJOR: 3051840 (0 / 29 / 29) -> AVG-RTPM: 649ms
    [junit] MAJOR: Mutants killed / live: 895 (6-4212-9) / 585
    [junit] MAJOR: ------------------------------------------------------------
    [junit] MAJOR: 38/121 - org.apache.commons.lang3.math.NumberUtils_ESTest57 (9ms / 57):
    [junit] MAJOR: 3088619 (28 / 57 / 57) -> AVG-RTPM: 645ms
    [junit] MAJOR: Mutants killed / live: 923 (6-4269-9) / 557
    [junit] MAJOR: ------------------------------------------------------------
    [junit] MAJOR: 39/121 - org.apache.commons.lang3.math.NumberUtils_ESTest60 (9ms / 59):
    [junit] MAJOR: 3117083 (1 / 59 / 59) -> AVG-RTPM: 482ms
    [junit] MAJOR: Mutants killed / live: 924 (6-4328-9) / 556
    [junit] MAJOR: ------------------------------------------------------------
    [junit] MAJOR: 40/121 - org.apache.commons.lang3.math.NumberUtils_ESTest61 (9ms / 29):
    [junit] MAJOR: 3131572 (3 / 29 / 29) -> AVG-RTPM: 499ms
    [junit] MAJOR: Mutants killed / live: 927 (6-4357-9) / 553
    [junit] MAJOR: ------------------------------------------------------------
    [junit] MAJOR: 41/121 - org.apache.commons.lang3.math.NumberUtils_ESTest66 (9ms / 29):
    [junit] MAJOR: 3145894 (3 / 29 / 29) -> AVG-RTPM: 493ms
    [junit] MAJOR: Mutants killed / live: 930 (6-4386-9) / 550
    [junit] MAJOR: ------------------------------------------------------------
    [junit] MAJOR: 42/121 - org.apache.commons.lang3.math.NumberUtils_ESTest67 (9ms / 57):
    [junit] MAJOR: 3176675 (28 / 57 / 57) -> AVG-RTPM: 540ms
    [junit] MAJOR: Mutants killed / live: 958 (6-4443-9) / 522
    [junit] MAJOR: ------------------------------------------------------------
    [junit] MAJOR: 43/121 - org.apache.commons.lang3.math.NumberUtils_ESTest68 (9ms / 56):
    [junit] MAJOR: 3206355 (27 / 56 / 56) -> AVG-RTPM: 529ms
    [junit] MAJOR: Mutants killed / live: 985 (6-4499-9) / 495
    [junit] MAJOR: ------------------------------------------------------------
    [junit] MAJOR: 44/121 - org.apache.commons.lang3.math.NumberUtils_ESTest7 (9ms / 29):
    [junit] MAJOR: 3222387 (3 / 29 / 29) -> AVG-RTPM: 552ms
    [junit] MAJOR: Mutants killed / live: 988 (6-4528-9) / 492
    [junit] MAJOR: ------------------------------------------------------------
    [junit] MAJOR: 45/121 - org.apache.commons.lang3.math.NumberUtils_ESTest71 (9ms / 29):
    [junit] MAJOR: 3238998 (3 / 29 / 29) -> AVG-RTPM: 572ms
    [junit] MAJOR: Mutants killed / live: 991 (6-4557-9) / 489
    [junit] MAJOR: ------------------------------------------------------------
    [junit] MAJOR: 46/121 - org.apache.commons.lang3.math.NumberUtils_ESTest72 (9ms / 57):
    [junit] MAJOR: 3271769 (28 / 57 / 57) -> AVG-RTPM: 574ms
    [junit] MAJOR: Mutants killed / live: 1019 (6-4614-9) / 461
    [junit] MAJOR: ------------------------------------------------------------
    [junit] MAJOR: 47/121 - org.apache.commons.lang3.math.NumberUtils_ESTest107 (10ms / 341):
    [junit] MAJOR: 3472844 (7 / 341 / 341) -> AVG-RTPM: 589ms
    [junit] MAJOR: Mutants killed / live: 1026 (6-4955-9) / 454
    [junit] MAJOR: ------------------------------------------------------------
    [junit] MAJOR: 48/121 - org.apache.commons.lang3.math.NumberUtils_ESTest108 (10ms / 139):
    [junit] MAJOR: 3557015 (1 / 139 / 139) -> AVG-RTPM: 605ms
    [junit] MAJOR: Mutants killed / live: 1027 (6-5094-9) / 453
    [junit] MAJOR: ------------------------------------------------------------
    [junit] MAJOR: 49/121 - org.apache.commons.lang3.math.NumberUtils_ESTest109 (10ms / 151):

BUILD FAILED
/home/donghwan/defects4j/framework/projects/defects4j.build.xml:185: Parallel execution timed out

Total time: 61 minutes 31 seconds
