
init:

junit-present:

setProxy:

noProxy:
     [echo] Proxy not used.

get-custom-dep-commons-logging.jar:

get-dep-commons-logging.jar:
      [get] Getting: http://www.ibiblio.org/maven/commons-logging/jars/commons-logging-1.0.4.jar
      [get] To: /home/donghwan/.maven/repository/commons-logging/jars/commons-logging-1.0.4.jar
      [get] Error opening connection java.io.FileNotFoundException: http://www.ibiblio.org/maven/commons-logging/jars/commons-logging-1.0.4.jar
      [get] Error opening connection java.io.FileNotFoundException: http://www.ibiblio.org/maven/commons-logging/jars/commons-logging-1.0.4.jar
      [get] Error opening connection java.io.FileNotFoundException: http://www.ibiblio.org/maven/commons-logging/jars/commons-logging-1.0.4.jar
      [get] Can't get http://www.ibiblio.org/maven/commons-logging/jars/commons-logging-1.0.4.jar to /home/donghwan/.maven/repository/commons-logging/jars/commons-logging-1.0.4.jar

get-custom-dep-commons-discovery.jar:

get-dep-commons-discovery.jar:
      [get] Getting: http://www.ibiblio.org/maven/commons-discovery/jars/commons-discovery-0.2.jar
      [get] To: /home/donghwan/.maven/repository/commons-discovery/jars/commons-discovery-0.2.jar
      [get] Error opening connection java.io.FileNotFoundException: http://www.ibiblio.org/maven/commons-discovery/jars/commons-discovery-0.2.jar
      [get] Error opening connection java.io.FileNotFoundException: http://www.ibiblio.org/maven/commons-discovery/jars/commons-discovery-0.2.jar
      [get] Error opening connection java.io.FileNotFoundException: http://www.ibiblio.org/maven/commons-discovery/jars/commons-discovery-0.2.jar
      [get] Can't get http://www.ibiblio.org/maven/commons-discovery/jars/commons-discovery-0.2.jar to /home/donghwan/.maven/repository/commons-discovery/jars/commons-discovery-0.2.jar

get-deps:

compile:
    [javac] /tmp/run_mutation.pl_119168_1501598733/101f/build.xml:72: warning: 'includeantruntime' was not set, defaulting to build.sysclasspath=last; set to false for repeatable builds

compile-tests:
    [mkdir] Created dir: /tmp/run_mutation.pl_119168_1501598733/101f/target/test-classes
    [javac] /tmp/run_mutation.pl_119168_1501598733/101f/build.xml:151: warning: 'includeantruntime' was not set, defaulting to build.sysclasspath=last; set to false for repeatable builds
    [javac] Compiling 172 source files to /tmp/run_mutation.pl_119168_1501598733/101f/target/test-classes
    [javac] /tmp/run_mutation.pl_119168_1501598733/101f/src/test/org/apache/commons/math/TestUtils.java:26: warning: [deprecation] Assert in junit.framework has been deprecated
    [javac] import junit.framework.Assert;
    [javac]                       ^
    [javac] /tmp/run_mutation.pl_119168_1501598733/101f/src/test/org/apache/commons/math/stat/descriptive/DescriptiveStatisticsTest.java:29: warning: [deprecation] DescriptiveStatisticsAbstractTest in org.apache.commons.math.stat.descriptive has been deprecated
    [javac] public final class DescriptiveStatisticsTest extends DescriptiveStatisticsAbstractTest {
    [javac]                                                      ^
    [javac] /tmp/run_mutation.pl_119168_1501598733/101f/src/test/org/apache/commons/math/stat/descriptive/SummaryStatisticsTest.java:33: warning: [deprecation] SummaryStatisticsAbstractTest in org.apache.commons.math.stat.descriptive has been deprecated
    [javac] public final class SummaryStatisticsTest extends SummaryStatisticsAbstractTest {
    [javac]                                                  ^
    [javac] /tmp/run_mutation.pl_119168_1501598733/101f/src/test/org/apache/commons/math/stat/descriptive/SynchronizedDescriptiveStatisticsTest.java:24: warning: [deprecation] DescriptiveStatisticsAbstractTest in org.apache.commons.math.stat.descriptive has been deprecated
    [javac] public final class SynchronizedDescriptiveStatisticsTest extends DescriptiveStatisticsAbstractTest {
    [javac]                                                                  ^
    [javac] /tmp/run_mutation.pl_119168_1501598733/101f/src/test/org/apache/commons/math/stat/descriptive/SynchronizedSummaryStatisticsTest.java:24: warning: [deprecation] SummaryStatisticsAbstractTest in org.apache.commons.math.stat.descriptive has been deprecated
    [javac] public final class SynchronizedSummaryStatisticsTest extends SummaryStatisticsAbstractTest {
    [javac]                                                              ^
    [javac] /tmp/run_mutation.pl_119168_1501598733/101f/src/test/org/apache/commons/math/TestUtils.java:58: warning: [deprecation] Assert in junit.framework has been deprecated
    [javac]             Assert.assertTrue("" + actual + " is not NaN.",
    [javac]             ^
    [javac] /tmp/run_mutation.pl_119168_1501598733/101f/src/test/org/apache/commons/math/TestUtils.java:61: warning: [deprecation] Assert in junit.framework has been deprecated
    [javac]             Assert.assertEquals(msg, expected, actual, delta);
    [javac]             ^
    [javac] /tmp/run_mutation.pl_119168_1501598733/101f/src/test/org/apache/commons/math/TestUtils.java:95: warning: [deprecation] Assert in junit.framework has been deprecated
    [javac]         Assert.assertEquals(a.length, b.length);
    [javac]         ^
    [javac] /tmp/run_mutation.pl_119168_1501598733/101f/src/test/org/apache/commons/math/TestUtils.java:97: warning: [deprecation] Assert in junit.framework has been deprecated
    [javac]             Assert.assertEquals(a[i], b[i], tolerance);
    [javac]             ^
    [javac] /tmp/run_mutation.pl_119168_1501598733/101f/src/test/org/apache/commons/math/TestUtils.java:134: warning: [deprecation] Assert in junit.framework has been deprecated
    [javac]         Assert.assertEquals("Equals check", object, object2);
    [javac]         ^
    [javac] /tmp/run_mutation.pl_119168_1501598733/101f/src/test/org/apache/commons/math/TestUtils.java:135: warning: [deprecation] Assert in junit.framework has been deprecated
    [javac]         Assert.assertEquals("HashCode check", object.hashCode(), object2.hashCode());
    [javac]         ^
    [javac] /tmp/run_mutation.pl_119168_1501598733/101f/src/test/org/apache/commons/math/TestUtils.java:165: warning: [deprecation] Assert in junit.framework has been deprecated
    [javac]             Assert.assertTrue(msg, Double.isNaN(actual));
    [javac]             ^
    [javac] /tmp/run_mutation.pl_119168_1501598733/101f/src/test/org/apache/commons/math/TestUtils.java:167: warning: [deprecation] Assert in junit.framework has been deprecated
    [javac]             Assert.assertTrue(msg, Double.isNaN(expected));
    [javac]             ^
    [javac] /tmp/run_mutation.pl_119168_1501598733/101f/src/test/org/apache/commons/math/TestUtils.java:169: warning: [deprecation] Assert in junit.framework has been deprecated
    [javac]             Assert.assertEquals(expected, actual, relativeError);
    [javac]             ^
    [javac] /tmp/run_mutation.pl_119168_1501598733/101f/src/test/org/apache/commons/math/TestUtils.java:171: warning: [deprecation] Assert in junit.framework has been deprecated
    [javac]             Assert.assertEquals(msg, actual, expected, relativeError);
    [javac]             ^
    [javac] /tmp/run_mutation.pl_119168_1501598733/101f/src/test/org/apache/commons/math/TestUtils.java:174: warning: [deprecation] Assert in junit.framework has been deprecated
    [javac]             Assert.assertEquals(msg, 0.0, x, relativeError);
    [javac]             ^
    [javac] /tmp/run_mutation.pl_119168_1501598733/101f/src/test/org/apache/commons/math/TestUtils.java:200: warning: [deprecation] Assert in junit.framework has been deprecated
    [javac]             Assert.fail(msg + 
    [javac]             ^
    [javac] /tmp/run_mutation.pl_119168_1501598733/101f/src/test/org/apache/commons/math/TestUtils.java:239: warning: [deprecation] Assert in junit.framework has been deprecated
    [javac]             Assert.fail(msg + " Unable to find" + x);
    [javac]             ^
    [javac] /tmp/run_mutation.pl_119168_1501598733/101f/src/test/org/apache/commons/math/complex/ComplexTest.java:103: warning: [deprecation] real in Complex has been deprecated
    [javac]         assertEquals(w.real, 4.0, 0);
    [javac]                       ^
    [javac] /tmp/run_mutation.pl_119168_1501598733/101f/src/test/org/apache/commons/math/complex/ComplexTest.java:104: warning: [deprecation] imaginary in Complex has been deprecated
    [javac]         assertTrue(Double.isNaN(w.imaginary));
    [javac]                                  ^
    [javac] /tmp/run_mutation.pl_119168_1501598733/101f/src/test/org/apache/commons/math/complex/ComplexTest.java:111: warning: [deprecation] imaginary in Complex has been deprecated
    [javac]         assertEquals(w.imaginary, 1, 0);
    [javac]                       ^
    [javac] /tmp/run_mutation.pl_119168_1501598733/101f/src/test/org/apache/commons/math/complex/ComplexTest.java:112: warning: [deprecation] real in Complex has been deprecated
    [javac]         assertEquals(inf, w.real, 0);
    [javac]                            ^
    [javac] /tmp/run_mutation.pl_119168_1501598733/101f/src/test/org/apache/commons/math/complex/ComplexTest.java:115: warning: [deprecation] real in Complex has been deprecated
    [javac]         assertTrue(Double.isNaN(x.add(z).real));
    [javac]                                         ^
    [javac] /tmp/run_mutation.pl_119168_1501598733/101f/src/test/org/apache/commons/math/complex/ComplexTest.java:132: warning: [deprecation] imaginary in Complex has been deprecated
    [javac]         assertEquals(neginf, z.conjugate().imaginary, 0);
    [javac]                                           ^
    [javac] /tmp/run_mutation.pl_119168_1501598733/101f/src/test/org/apache/commons/math/complex/ComplexTest.java:134: warning: [deprecation] imaginary in Complex has been deprecated
    [javac]         assertEquals(inf, z.conjugate().imaginary, 0);
    [javac]                                        ^
    [javac] /tmp/run_mutation.pl_119168_1501598733/101f/src/test/org/apache/commons/math/complex/ComplexTest.java:151: warning: [deprecation] real in Complex has been deprecated
    [javac]         assertTrue(Double.isNaN(z.real));
    [javac]                                  ^
    [javac] /tmp/run_mutation.pl_119168_1501598733/101f/src/test/org/apache/commons/math/complex/ComplexTest.java:152: warning: [deprecation] imaginary in Complex has been deprecated
    [javac]         assertEquals(inf, z.imaginary, 0);
    [javac]                            ^
    [javac] /tmp/run_mutation.pl_119168_1501598733/101f/src/test/org/apache/commons/math/complex/ComplexTest.java:156: warning: [deprecation] imaginary in Complex has been deprecated
    [javac]         assertTrue(Double.isNaN(z.imaginary));
    [javac]                                  ^
    [javac] /tmp/run_mutation.pl_119168_1501598733/101f/src/test/org/apache/commons/math/complex/ComplexTest.java:157: warning: [deprecation] real in Complex has been deprecated
    [javac]         assertEquals(inf, z.real, 0);
    [javac]                            ^
    [javac] /tmp/run_mutation.pl_119168_1501598733/101f/src/test/org/apache/commons/math/complex/ComplexTest.java:161: warning: [deprecation] real in Complex has been deprecated
    [javac]         assertTrue(Double.isNaN(z.real));
    [javac]                                  ^
    [javac] /tmp/run_mutation.pl_119168_1501598733/101f/src/test/org/apache/commons/math/complex/ComplexTest.java:162: warning: [deprecation] imaginary in Complex has been deprecated
    [javac]         assertTrue(Double.isNaN(z.imaginary));
    [javac]                                  ^
    [javac] /tmp/run_mutation.pl_119168_1501598733/101f/src/test/org/apache/commons/math/complex/ComplexTest.java:173: warning: [deprecation] real in Complex has been deprecated
    [javac]        assertTrue(Double.isNaN(z.real));
    [javac]                                 ^
    [javac] /tmp/run_mutation.pl_119168_1501598733/101f/src/test/org/apache/commons/math/complex/ComplexTest.java:174: warning: [deprecation] imaginary in Complex has been deprecated
    [javac]        assertEquals(inf, z.imaginary, 0);
    [javac]                           ^
    [javac] /tmp/run_mutation.pl_119168_1501598733/101f/src/test/org/apache/commons/math/complex/ComplexTest.java:177: warning: [deprecation] real in Complex has been deprecated
    [javac]        assertTrue(Double.isNaN(z.real));
    [javac]                                 ^
    [javac] /tmp/run_mutation.pl_119168_1501598733/101f/src/test/org/apache/commons/math/complex/ComplexTest.java:178: warning: [deprecation] imaginary in Complex has been deprecated
    [javac]        assertTrue(Double.isNaN(z.imaginary));
    [javac]                                 ^
    [javac] /tmp/run_mutation.pl_119168_1501598733/101f/src/test/org/apache/commons/math/complex/ComplexTest.java:181: warning: [deprecation] real in Complex has been deprecated
    [javac]        assertTrue(Double.isNaN(z.real));
    [javac]                                 ^
    [javac] /tmp/run_mutation.pl_119168_1501598733/101f/src/test/org/apache/commons/math/complex/ComplexTest.java:182: warning: [deprecation] imaginary in Complex has been deprecated
    [javac]        assertTrue(Double.isNaN(z.imaginary));
    [javac]                                 ^
    [javac] /tmp/run_mutation.pl_119168_1501598733/101f/src/test/org/apache/commons/math/complex/ComplexTest.java:202: warning: [deprecation] real in Complex has been deprecated
    [javac]         assertEquals(w.real, inf, 0);
    [javac]                       ^
    [javac] /tmp/run_mutation.pl_119168_1501598733/101f/src/test/org/apache/commons/math/complex/ComplexTest.java:203: warning: [deprecation] imaginary in Complex has been deprecated
    [javac]         assertEquals(w.imaginary, inf, 0);
    [javac]                       ^
    [javac] /tmp/run_mutation.pl_119168_1501598733/101f/src/test/org/apache/commons/math/complex/ComplexTest.java:211: warning: [deprecation] real in Complex has been deprecated
    [javac]         assertEquals(w.real, inf, 0);
    [javac]                       ^
    [javac] /tmp/run_mutation.pl_119168_1501598733/101f/src/test/org/apache/commons/math/complex/ComplexTest.java:212: warning: [deprecation] imaginary in Complex has been deprecated
    [javac]         assertEquals(w.imaginary, inf, 0);
    [javac]                       ^
    [javac] /tmp/run_mutation.pl_119168_1501598733/101f/src/test/org/apache/commons/math/complex/ComplexTest.java:215: warning: [deprecation] real in Complex has been deprecated
    [javac]         assertTrue(Double.isNaN(w.real));
    [javac]                                  ^
    [javac] /tmp/run_mutation.pl_119168_1501598733/101f/src/test/org/apache/commons/math/complex/ComplexTest.java:216: warning: [deprecation] imaginary in Complex has been deprecated
    [javac]         assertTrue(Double.isNaN(w.imaginary));  
    [javac]                                  ^
    [javac] Note: Some input files use unchecked or unsafe operations.
    [javac] Note: Recompile with -Xlint:unchecked for details.
    [javac] 43 warnings
     [copy] Copying 12 files to /tmp/run_mutation.pl_119168_1501598733/101f/target/test-classes

compile.tests:

update.all.tests:

mutation.test:
     [echo] Running mutation analysis ...
    [junit] MAJOR: Mutation analysis enabled
SLF4J: Failed to load class "org.slf4j.impl.StaticLoggerBinder".
SLF4J: Defaulting to no-operation (NOP) logger implementation
SLF4J: See http://www.slf4j.org/codes.html#StaticLoggerBinder for further details.
    [junit] MAJOR: ------------------------------------------------------------
    [junit] MAJOR: Run 16 ordered tests to verify independence
    [junit] MAJOR: ------------------------------------------------------------
    [junit] MAJOR: Preprocessing time: 2.91 seconds
    [junit] MAJOR: ------------------------------------------------------------
    [junit] MAJOR: Mutants generated: 255
    [junit] MAJOR: Mutants covered:   251 (98.43%)
    [junit] MAJOR: ------------------------------------------------------------
    [junit] MAJOR: Export test map to (testMap.csv)
    [junit] MAJOR: Export coverage map to (covMap.csv)
    [junit] MAJOR: Exclude 0 mutants
    [junit] MAJOR: ------------------------------------------------------------
    [junit] MAJOR: Run mutation analysis with 16 individual tests
    [junit] MAJOR: ------------------------------------------------------------
    [junit] MAJOR: 1/16 - org.apache.commons.math.complex.ComplexFormat_ESTest2 (8ms / 78):
    [junit] MAJOR: 9092 (40 / 78 / 78) -> AVG-RTPM: 116ms
    [junit] MAJOR: Mutants killed / live: 40 (22-18-0) / 211
    [junit] MAJOR: ------------------------------------------------------------
    [junit] MAJOR: 2/16 - org.apache.commons.math.complex.ComplexFormat_ESTest9 (8ms / 122):
    [junit] MAJOR: 56060 (17 / 122 / 122) -> AVG-RTPM: 384ms
    [junit] MAJOR: Mutants killed / live: 57 (31-43-0) / 194
    [junit] MAJOR: ------------------------------------------------------------
    [junit] MAJOR: 3/16 - org.apache.commons.math.complex.ComplexFormat_ESTest15 (9ms / 25):
    [junit] MAJOR: 74266 (1 / 25 / 25) -> AVG-RTPM: 728ms
    [junit] MAJOR: Mutants killed / live: 58 (34-43-0) / 193
    [junit] MAJOR: ------------------------------------------------------------
    [junit] MAJOR: 4/16 - org.apache.commons.math.complex.ComplexFormat_ESTest3 (9ms / 80):
    [junit] MAJOR: 120572 (21 / 80 / 80) -> AVG-RTPM: 578ms
    [junit] MAJOR: Mutants killed / live: 79 (50-75-2) / 172
    [junit] MAJOR: ------------------------------------------------------------
    [junit] MAJOR: 5/16 - org.apache.commons.math.complex.ComplexFormat_ESTest5 (9ms / 190):
    [junit] MAJOR: 155354 (140 / 190 / 190) -> AVG-RTPM: 183ms
    [junit] MAJOR: Mutants killed / live: 219 (50-265-2) / 32
    [junit] MAJOR: ------------------------------------------------------------
    [junit] MAJOR: 6/16 - org.apache.commons.math.complex.ComplexFormat_ESTest6 (9ms / 93):
    [junit] MAJOR: 172548 (2 / 93 / 93) -> AVG-RTPM: 184ms
    [junit] MAJOR: Mutants killed / live: 221 (50-358-2) / 30
    [junit] MAJOR: ------------------------------------------------------------
    [junit] MAJOR: 7/16 - org.apache.commons.math.complex.ComplexFormat_ESTest7 (9ms / 90):
    [junit] MAJOR: 189161 (2 / 90 / 90) -> AVG-RTPM: 184ms
    [junit] MAJOR: Mutants killed / live: 223 (50-448-2) / 28
    [junit] MAJOR: ------------------------------------------------------------
    [junit] MAJOR: 8/16 - org.apache.commons.math.complex.ComplexFormat_ESTest1 (10ms / 30):
    [junit] MAJOR: 194699 (0 / 30 / 30) -> AVG-RTPM: 184ms
    [junit] MAJOR: Mutants killed / live: 223 (50-478-2) / 28
    [junit] MAJOR: ------------------------------------------------------------
    [junit] MAJOR: 9/16 - org.apache.commons.math.complex.ComplexFormat_ESTest11 (10ms / 142):
    [junit] MAJOR: 218707 (1 / 142 / 142) -> AVG-RTPM: 169ms
    [junit] MAJOR: Mutants killed / live: 224 (50-620-2) / 27
    [junit] MAJOR: ------------------------------------------------------------
    [junit] MAJOR: 10/16 - org.apache.commons.math.complex.ComplexFormat_ESTest12 (10ms / 123):
    [junit] MAJOR: 240145 (1 / 123 / 123) -> AVG-RTPM: 174ms
    [junit] MAJOR: Mutants killed / live: 225 (50-743-2) / 26
    [junit] MAJOR: ------------------------------------------------------------
    [junit] MAJOR: 11/16 - org.apache.commons.math.complex.ComplexFormat_ESTest13 (10ms / 11):
    [junit] MAJOR: 242190 (0 / 11 / 11) -> AVG-RTPM: 185ms
    [junit] MAJOR: Mutants killed / live: 225 (50-754-2) / 26
    [junit] MAJOR: ------------------------------------------------------------
    [junit] MAJOR: 12/16 - org.apache.commons.math.complex.ComplexFormat_ESTest4 (10ms / 34):
    [junit] MAJOR: 248190 (0 / 34 / 34) -> AVG-RTPM: 176ms
    [junit] MAJOR: Mutants killed / live: 225 (50-788-2) / 26
    [junit] MAJOR: ------------------------------------------------------------
    [junit] MAJOR: 13/16 - org.apache.commons.math.complex.ComplexFormat_ESTest8 (12ms / 115):
    [junit] MAJOR: 268265 (4 / 115 / 115) -> AVG-RTPM: 174ms
    [junit] MAJOR: Mutants killed / live: 229 (50-903-2) / 22
    [junit] MAJOR: ------------------------------------------------------------
    [junit] MAJOR: 14/16 - org.apache.commons.math.complex.ComplexFormat_ESTest14 (13ms / 34):
    [junit] MAJOR: 274283 (0 / 34 / 34) -> AVG-RTPM: 176ms
    [junit] MAJOR: Mutants killed / live: 229 (50-937-2) / 22
    [junit] MAJOR: ------------------------------------------------------------
    [junit] MAJOR: 15/16 - org.apache.commons.math.complex.ComplexFormat_ESTest10 (17ms / 164):
    [junit] MAJOR: 303538 (0 / 164 / 164) -> AVG-RTPM: 178ms
    [junit] MAJOR: Mutants killed / live: 229 (50-1101-2) / 22
    [junit] MAJOR: ------------------------------------------------------------
    [junit] MAJOR: 16/16 - org.apache.commons.math.complex.ComplexFormat_ESTest0 (21ms / 77):
    [junit] MAJOR: 317362 (22 / 77 / 77) -> AVG-RTPM: 179ms
    [junit] MAJOR: Mutants killed / live: 251 (50-1178-2) / 0
    [junit] MAJOR: ------------------------------------------------------------
    [junit] MAJOR: Summary:
    [junit] MAJOR: 
    [junit] MAJOR: Analysis time:  317.4 seconds
    [junit] MAJOR: Mutation score: 98.43% (100.00%)
    [junit] MAJOR: Mutants killed / live: 251 (50-1178-2) / 0
    [junit] MAJOR: Mutant executions: 1408
    [junit] MAJOR: ------------------------------------------------------------
    [junit] MAJOR: Export summary of results (to summary.csv)
    [junit] MAJOR: Export mutant kill details (to /tmp/run_mutation.pl_119168_1501598733/101f/kill.csv)
    [junit] MAJOR: Export kill map (to killMap.csv)!

BUILD SUCCESSFUL
Total time: 5 minutes 25 seconds
