
init:

junit-present:

setProxy:

noProxy:
     [echo] Proxy not used.

get-custom-dep-commons-logging.jar:

get-dep-commons-logging.jar:
      [get] Getting: http://www.ibiblio.org/maven/commons-logging/jars/commons-logging-1.0.4.jar
      [get] To: /home/to_donghwan/.maven/repository/commons-logging/jars/commons-logging-1.0.4.jar
      [get] Error opening connection java.io.FileNotFoundException: http://www.ibiblio.org/maven/commons-logging/jars/commons-logging-1.0.4.jar
      [get] Error opening connection java.io.FileNotFoundException: http://www.ibiblio.org/maven/commons-logging/jars/commons-logging-1.0.4.jar
      [get] Error opening connection java.io.FileNotFoundException: http://www.ibiblio.org/maven/commons-logging/jars/commons-logging-1.0.4.jar
      [get] Can't get http://www.ibiblio.org/maven/commons-logging/jars/commons-logging-1.0.4.jar to /home/to_donghwan/.maven/repository/commons-logging/jars/commons-logging-1.0.4.jar

get-custom-dep-commons-discovery.jar:

get-dep-commons-discovery.jar:
      [get] Getting: http://www.ibiblio.org/maven/commons-discovery/jars/commons-discovery-0.2.jar
      [get] To: /home/to_donghwan/.maven/repository/commons-discovery/jars/commons-discovery-0.2.jar
      [get] Error opening connection java.io.FileNotFoundException: http://www.ibiblio.org/maven/commons-discovery/jars/commons-discovery-0.2.jar
      [get] Error opening connection java.io.FileNotFoundException: http://www.ibiblio.org/maven/commons-discovery/jars/commons-discovery-0.2.jar
      [get] Error opening connection java.io.FileNotFoundException: http://www.ibiblio.org/maven/commons-discovery/jars/commons-discovery-0.2.jar
      [get] Can't get http://www.ibiblio.org/maven/commons-discovery/jars/commons-discovery-0.2.jar to /home/to_donghwan/.maven/repository/commons-discovery/jars/commons-discovery-0.2.jar

get-deps:

compile:
    [javac] /tmp/run_mutation.pl_17066_1483700379/102f/build.xml:72: warning: 'includeantruntime' was not set, defaulting to build.sysclasspath=last; set to false for repeatable builds

compile-tests:
    [mkdir] Created dir: /tmp/run_mutation.pl_17066_1483700379/102f/target/test-classes
    [javac] /tmp/run_mutation.pl_17066_1483700379/102f/build.xml:149: warning: 'includeantruntime' was not set, defaulting to build.sysclasspath=last; set to false for repeatable builds
    [javac] Compiling 170 source files to /tmp/run_mutation.pl_17066_1483700379/102f/target/test-classes
    [javac] /tmp/run_mutation.pl_17066_1483700379/102f/src/test/org/apache/commons/math/TestUtils.java:27: warning: [deprecation] Assert in junit.framework has been deprecated
    [javac] import junit.framework.Assert;
    [javac]                       ^
    [javac] /tmp/run_mutation.pl_17066_1483700379/102f/src/test/org/apache/commons/math/stat/CertifiedDataTest.java:27: warning: [deprecation] SummaryStatisticsImpl in org.apache.commons.math.stat.descriptive has been deprecated
    [javac] import org.apache.commons.math.stat.descriptive.SummaryStatisticsImpl;
    [javac]                                                ^
    [javac] /tmp/run_mutation.pl_17066_1483700379/102f/src/test/org/apache/commons/math/stat/descriptive/DescriptiveStatisticsTest.java:29: warning: [deprecation] DescriptiveStatisticsAbstractTest in org.apache.commons.math.stat.descriptive has been deprecated
    [javac] public final class DescriptiveStatisticsTest extends DescriptiveStatisticsAbstractTest {
    [javac]                                                      ^
    [javac] /tmp/run_mutation.pl_17066_1483700379/102f/src/test/org/apache/commons/math/stat/descriptive/SummaryStatisticsTest.java:33: warning: [deprecation] SummaryStatisticsAbstractTest in org.apache.commons.math.stat.descriptive has been deprecated
    [javac] public final class SummaryStatisticsTest extends SummaryStatisticsAbstractTest {
    [javac]                                                  ^
    [javac] /tmp/run_mutation.pl_17066_1483700379/102f/src/test/org/apache/commons/math/stat/descriptive/SynchronizedDescriptiveStatisticsTest.java:24: warning: [deprecation] DescriptiveStatisticsAbstractTest in org.apache.commons.math.stat.descriptive has been deprecated
    [javac] public final class SynchronizedDescriptiveStatisticsTest extends DescriptiveStatisticsAbstractTest {
    [javac]                                                                  ^
    [javac] /tmp/run_mutation.pl_17066_1483700379/102f/src/test/org/apache/commons/math/stat/descriptive/SynchronizedSummaryStatisticsTest.java:24: warning: [deprecation] SummaryStatisticsAbstractTest in org.apache.commons.math.stat.descriptive has been deprecated
    [javac] public final class SynchronizedSummaryStatisticsTest extends SummaryStatisticsAbstractTest {
    [javac]                                                              ^
    [javac] /tmp/run_mutation.pl_17066_1483700379/102f/src/test/org/apache/commons/math/TestUtils.java:59: warning: [deprecation] Assert in junit.framework has been deprecated
    [javac]             Assert.assertTrue("" + actual + " is not NaN.",
    [javac]             ^
    [javac] /tmp/run_mutation.pl_17066_1483700379/102f/src/test/org/apache/commons/math/TestUtils.java:62: warning: [deprecation] Assert in junit.framework has been deprecated
    [javac]             Assert.assertEquals(msg, expected, actual, delta);
    [javac]             ^
    [javac] /tmp/run_mutation.pl_17066_1483700379/102f/src/test/org/apache/commons/math/TestUtils.java:96: warning: [deprecation] Assert in junit.framework has been deprecated
    [javac]         Assert.assertEquals(a.length, b.length);
    [javac]         ^
    [javac] /tmp/run_mutation.pl_17066_1483700379/102f/src/test/org/apache/commons/math/TestUtils.java:98: warning: [deprecation] Assert in junit.framework has been deprecated
    [javac]             Assert.assertEquals(a[i], b[i], tolerance);
    [javac]             ^
    [javac] /tmp/run_mutation.pl_17066_1483700379/102f/src/test/org/apache/commons/math/TestUtils.java:162: warning: [deprecation] Assert in junit.framework has been deprecated
    [javac]         Assert.assertEquals("Equals check", object, object2);
    [javac]         ^
    [javac] /tmp/run_mutation.pl_17066_1483700379/102f/src/test/org/apache/commons/math/TestUtils.java:163: warning: [deprecation] Assert in junit.framework has been deprecated
    [javac]         Assert.assertEquals("HashCode check", object.hashCode(), object2.hashCode());
    [javac]         ^
    [javac] /tmp/run_mutation.pl_17066_1483700379/102f/src/test/org/apache/commons/math/TestUtils.java:193: warning: [deprecation] Assert in junit.framework has been deprecated
    [javac]             Assert.assertTrue(msg, Double.isNaN(actual));
    [javac]             ^
    [javac] /tmp/run_mutation.pl_17066_1483700379/102f/src/test/org/apache/commons/math/TestUtils.java:195: warning: [deprecation] Assert in junit.framework has been deprecated
    [javac]             Assert.assertTrue(msg, Double.isNaN(expected));
    [javac]             ^
    [javac] /tmp/run_mutation.pl_17066_1483700379/102f/src/test/org/apache/commons/math/TestUtils.java:197: warning: [deprecation] Assert in junit.framework has been deprecated
    [javac]             Assert.assertEquals(expected, actual, relativeError);
    [javac]             ^
    [javac] /tmp/run_mutation.pl_17066_1483700379/102f/src/test/org/apache/commons/math/TestUtils.java:199: warning: [deprecation] Assert in junit.framework has been deprecated
    [javac]             Assert.assertEquals(msg, actual, expected, relativeError);
    [javac]             ^
    [javac] /tmp/run_mutation.pl_17066_1483700379/102f/src/test/org/apache/commons/math/TestUtils.java:202: warning: [deprecation] Assert in junit.framework has been deprecated
    [javac]             Assert.assertEquals(msg, 0.0, x, relativeError);
    [javac]             ^
    [javac] /tmp/run_mutation.pl_17066_1483700379/102f/src/test/org/apache/commons/math/TestUtils.java:228: warning: [deprecation] Assert in junit.framework has been deprecated
    [javac]             Assert.fail(msg + 
    [javac]             ^
    [javac] /tmp/run_mutation.pl_17066_1483700379/102f/src/test/org/apache/commons/math/TestUtils.java:267: warning: [deprecation] Assert in junit.framework has been deprecated
    [javac]             Assert.fail(msg + " Unable to find" + x);
    [javac]             ^
    [javac] /tmp/run_mutation.pl_17066_1483700379/102f/src/test/org/apache/commons/math/complex/ComplexUtilsTest.java:55: warning: [deprecation] acos(Complex) in ComplexUtils has been deprecated
    [javac]         TestUtils.assertEquals(expected, ComplexUtils.acos(z), 1.0e-5);
    [javac]                                                      ^
    [javac] /tmp/run_mutation.pl_17066_1483700379/102f/src/test/org/apache/commons/math/complex/ComplexUtilsTest.java:57: warning: [deprecation] acos(Complex) in ComplexUtils has been deprecated
    [javac]                 ComplexUtils.acos(Complex.ZERO), 1.0e-12);
    [javac]                             ^
    [javac] /tmp/run_mutation.pl_17066_1483700379/102f/src/test/org/apache/commons/math/complex/ComplexUtilsTest.java:61: warning: [deprecation] acos(Complex) in ComplexUtils has been deprecated
    [javac]         TestUtils.assertSame(Complex.NaN, ComplexUtils.acos(oneInf));
    [javac]                                                       ^
    [javac] /tmp/run_mutation.pl_17066_1483700379/102f/src/test/org/apache/commons/math/complex/ComplexUtilsTest.java:62: warning: [deprecation] acos(Complex) in ComplexUtils has been deprecated
    [javac]         TestUtils.assertSame(Complex.NaN, ComplexUtils.acos(oneNegInf));
    [javac]                                                       ^
    [javac] /tmp/run_mutation.pl_17066_1483700379/102f/src/test/org/apache/commons/math/complex/ComplexUtilsTest.java:63: warning: [deprecation] acos(Complex) in ComplexUtils has been deprecated
    [javac]         TestUtils.assertSame(Complex.NaN, ComplexUtils.acos(infOne));
    [javac]                                                       ^
    [javac] /tmp/run_mutation.pl_17066_1483700379/102f/src/test/org/apache/commons/math/complex/ComplexUtilsTest.java:64: warning: [deprecation] acos(Complex) in ComplexUtils has been deprecated
    [javac]         TestUtils.assertSame(Complex.NaN, ComplexUtils.acos(negInfOne));
    [javac]                                                       ^
    [javac] /tmp/run_mutation.pl_17066_1483700379/102f/src/test/org/apache/commons/math/complex/ComplexUtilsTest.java:65: warning: [deprecation] acos(Complex) in ComplexUtils has been deprecated
    [javac]         TestUtils.assertSame(Complex.NaN, ComplexUtils.acos(infInf));
    [javac]                                                       ^
    [javac] /tmp/run_mutation.pl_17066_1483700379/102f/src/test/org/apache/commons/math/complex/ComplexUtilsTest.java:66: warning: [deprecation] acos(Complex) in ComplexUtils has been deprecated
    [javac]         TestUtils.assertSame(Complex.NaN, ComplexUtils.acos(infNegInf));
    [javac]                                                       ^
    [javac] /tmp/run_mutation.pl_17066_1483700379/102f/src/test/org/apache/commons/math/complex/ComplexUtilsTest.java:67: warning: [deprecation] acos(Complex) in ComplexUtils has been deprecated
    [javac]         TestUtils.assertSame(Complex.NaN, ComplexUtils.acos(negInfInf));
    [javac]                                                       ^
    [javac] /tmp/run_mutation.pl_17066_1483700379/102f/src/test/org/apache/commons/math/complex/ComplexUtilsTest.java:68: warning: [deprecation] acos(Complex) in ComplexUtils has been deprecated
    [javac]         TestUtils.assertSame(Complex.NaN, ComplexUtils.acos(negInfNegInf));
    [javac]                                                       ^
    [javac] /tmp/run_mutation.pl_17066_1483700379/102f/src/test/org/apache/commons/math/complex/ComplexUtilsTest.java:72: warning: [deprecation] acos(Complex) in ComplexUtils has been deprecated
    [javac]         assertTrue(ComplexUtils.acos(Complex.NaN).isNaN());
    [javac]                                ^
    [javac] /tmp/run_mutation.pl_17066_1483700379/102f/src/test/org/apache/commons/math/complex/ComplexUtilsTest.java:77: warning: [deprecation] acos(Complex) in ComplexUtils has been deprecated
    [javac]             ComplexUtils.acos(null); 
    [javac]                         ^
    [javac] /tmp/run_mutation.pl_17066_1483700379/102f/src/test/org/apache/commons/math/complex/ComplexUtilsTest.java:87: warning: [deprecation] asin(Complex) in ComplexUtils has been deprecated
    [javac]         TestUtils.assertEquals(expected, ComplexUtils.asin(z), 1.0e-5);
    [javac]                                                      ^
    [javac] /tmp/run_mutation.pl_17066_1483700379/102f/src/test/org/apache/commons/math/complex/ComplexUtilsTest.java:91: warning: [deprecation] asin(Complex) in ComplexUtils has been deprecated
    [javac]         assertTrue(ComplexUtils.asin(Complex.NaN).isNaN());
    [javac]                                ^
    [javac] /tmp/run_mutation.pl_17066_1483700379/102f/src/test/org/apache/commons/math/complex/ComplexUtilsTest.java:95: warning: [deprecation] asin(Complex) in ComplexUtils has been deprecated
    [javac]         TestUtils.assertSame(Complex.NaN, ComplexUtils.asin(oneInf));
    [javac]                                                       ^
    [javac] /tmp/run_mutation.pl_17066_1483700379/102f/src/test/org/apache/commons/math/complex/ComplexUtilsTest.java:96: warning: [deprecation] asin(Complex) in ComplexUtils has been deprecated
    [javac]         TestUtils.assertSame(Complex.NaN, ComplexUtils.asin(oneNegInf));
    [javac]                                                       ^
    [javac] /tmp/run_mutation.pl_17066_1483700379/102f/src/test/org/apache/commons/math/complex/ComplexUtilsTest.java:97: warning: [deprecation] asin(Complex) in ComplexUtils has been deprecated
    [javac]         TestUtils.assertSame(Complex.NaN, ComplexUtils.asin(infOne));
    [javac]                                                       ^
    [javac] /tmp/run_mutation.pl_17066_1483700379/102f/src/test/org/apache/commons/math/complex/ComplexUtilsTest.java:98: warning: [deprecation] asin(Complex) in ComplexUtils has been deprecated
    [javac]         TestUtils.assertSame(Complex.NaN, ComplexUtils.asin(negInfOne));
    [javac]                                                       ^
    [javac] /tmp/run_mutation.pl_17066_1483700379/102f/src/test/org/apache/commons/math/complex/ComplexUtilsTest.java:99: warning: [deprecation] asin(Complex) in ComplexUtils has been deprecated
    [javac]         TestUtils.assertSame(Complex.NaN, ComplexUtils.asin(infInf));
    [javac]                                                       ^
    [javac] /tmp/run_mutation.pl_17066_1483700379/102f/src/test/org/apache/commons/math/complex/ComplexUtilsTest.java:100: warning: [deprecation] asin(Complex) in ComplexUtils has been deprecated
    [javac]         TestUtils.assertSame(Complex.NaN, ComplexUtils.asin(infNegInf));
    [javac]                                                       ^
    [javac] /tmp/run_mutation.pl_17066_1483700379/102f/src/test/org/apache/commons/math/complex/ComplexUtilsTest.java:101: warning: [deprecation] asin(Complex) in ComplexUtils has been deprecated
    [javac]         TestUtils.assertSame(Complex.NaN, ComplexUtils.asin(negInfInf));
    [javac]                                                       ^
    [javac] /tmp/run_mutation.pl_17066_1483700379/102f/src/test/org/apache/commons/math/complex/ComplexUtilsTest.java:102: warning: [deprecation] asin(Complex) in ComplexUtils has been deprecated
    [javac]         TestUtils.assertSame(Complex.NaN, ComplexUtils.asin(negInfNegInf));
    [javac]                                                       ^
    [javac] /tmp/run_mutation.pl_17066_1483700379/102f/src/test/org/apache/commons/math/complex/ComplexUtilsTest.java:107: warning: [deprecation] asin(Complex) in ComplexUtils has been deprecated
    [javac]             ComplexUtils.asin(null); 
    [javac]                         ^
    [javac] /tmp/run_mutation.pl_17066_1483700379/102f/src/test/org/apache/commons/math/complex/ComplexUtilsTest.java:117: warning: [deprecation] atan(Complex) in ComplexUtils has been deprecated
    [javac]         TestUtils.assertEquals(expected, ComplexUtils.atan(z), 1.0e-5);
    [javac]                                                      ^
    [javac] /tmp/run_mutation.pl_17066_1483700379/102f/src/test/org/apache/commons/math/complex/ComplexUtilsTest.java:121: warning: [deprecation] atan(Complex) in ComplexUtils has been deprecated
    [javac]         TestUtils.assertSame(Complex.NaN, ComplexUtils.atan(oneInf));
    [javac]                                                       ^
    [javac] /tmp/run_mutation.pl_17066_1483700379/102f/src/test/org/apache/commons/math/complex/ComplexUtilsTest.java:122: warning: [deprecation] atan(Complex) in ComplexUtils has been deprecated
    [javac]         TestUtils.assertSame(Complex.NaN, ComplexUtils.atan(oneNegInf));
    [javac]                                                       ^
    [javac] /tmp/run_mutation.pl_17066_1483700379/102f/src/test/org/apache/commons/math/complex/ComplexUtilsTest.java:123: warning: [deprecation] atan(Complex) in ComplexUtils has been deprecated
    [javac]         TestUtils.assertSame(Complex.NaN, ComplexUtils.atan(infOne));
    [javac]                                                       ^
    [javac] /tmp/run_mutation.pl_17066_1483700379/102f/src/test/org/apache/commons/math/complex/ComplexUtilsTest.java:124: warning: [deprecation] atan(Complex) in ComplexUtils has been deprecated
    [javac]         TestUtils.assertSame(Complex.NaN, ComplexUtils.atan(negInfOne));
    [javac]                                                       ^
    [javac] /tmp/run_mutation.pl_17066_1483700379/102f/src/test/org/apache/commons/math/complex/ComplexUtilsTest.java:125: warning: [deprecation] atan(Complex) in ComplexUtils has been deprecated
    [javac]         TestUtils.assertSame(Complex.NaN, ComplexUtils.atan(infInf));
    [javac]                                                       ^
    [javac] /tmp/run_mutation.pl_17066_1483700379/102f/src/test/org/apache/commons/math/complex/ComplexUtilsTest.java:126: warning: [deprecation] atan(Complex) in ComplexUtils has been deprecated
    [javac]         TestUtils.assertSame(Complex.NaN, ComplexUtils.atan(infNegInf));
    [javac]                                                       ^
    [javac] /tmp/run_mutation.pl_17066_1483700379/102f/src/test/org/apache/commons/math/complex/ComplexUtilsTest.java:127: warning: [deprecation] atan(Complex) in ComplexUtils has been deprecated
    [javac]         TestUtils.assertSame(Complex.NaN, ComplexUtils.atan(negInfInf));
    [javac]                                                       ^
    [javac] /tmp/run_mutation.pl_17066_1483700379/102f/src/test/org/apache/commons/math/complex/ComplexUtilsTest.java:128: warning: [deprecation] atan(Complex) in ComplexUtils has been deprecated
    [javac]         TestUtils.assertSame(Complex.NaN, ComplexUtils.atan(negInfNegInf));
    [javac]                                                       ^
    [javac] /tmp/run_mutation.pl_17066_1483700379/102f/src/test/org/apache/commons/math/complex/ComplexUtilsTest.java:132: warning: [deprecation] atan(Complex) in ComplexUtils has been deprecated
    [javac]         assertTrue(ComplexUtils.atan(Complex.NaN).isNaN());
    [javac]                                ^
    [javac] /tmp/run_mutation.pl_17066_1483700379/102f/src/test/org/apache/commons/math/complex/ComplexUtilsTest.java:133: warning: [deprecation] atan(Complex) in ComplexUtils has been deprecated
    [javac]         assertTrue(ComplexUtils.atan(Complex.I).isNaN());
    [javac]                                ^
    [javac] /tmp/run_mutation.pl_17066_1483700379/102f/src/test/org/apache/commons/math/complex/ComplexUtilsTest.java:138: warning: [deprecation] atan(Complex) in ComplexUtils has been deprecated
    [javac]             ComplexUtils.atan(null); 
    [javac]                         ^
    [javac] /tmp/run_mutation.pl_17066_1483700379/102f/src/test/org/apache/commons/math/complex/ComplexUtilsTest.java:148: warning: [deprecation] cos(Complex) in ComplexUtils has been deprecated
    [javac]         TestUtils.assertEquals(expected, ComplexUtils.cos(z), 1.0e-5);
    [javac]                                                      ^
    [javac] /tmp/run_mutation.pl_17066_1483700379/102f/src/test/org/apache/commons/math/complex/ComplexUtilsTest.java:152: warning: [deprecation] cos(Complex) in ComplexUtils has been deprecated
    [javac]         assertTrue(ComplexUtils.cos(Complex.NaN).isNaN());
    [javac]                                ^
    [javac] /tmp/run_mutation.pl_17066_1483700379/102f/src/test/org/apache/commons/math/complex/ComplexUtilsTest.java:156: warning: [deprecation] cos(Complex) in ComplexUtils has been deprecated
    [javac]         TestUtils.assertSame(infNegInf, ComplexUtils.cos(oneInf));
    [javac]                                                     ^
    [javac] /tmp/run_mutation.pl_17066_1483700379/102f/src/test/org/apache/commons/math/complex/ComplexUtilsTest.java:157: warning: [deprecation] cos(Complex) in ComplexUtils has been deprecated
    [javac]         TestUtils.assertSame(infInf, ComplexUtils.cos(oneNegInf));
    [javac]                                                  ^
    [javac] /tmp/run_mutation.pl_17066_1483700379/102f/src/test/org/apache/commons/math/complex/ComplexUtilsTest.java:158: warning: [deprecation] cos(Complex) in ComplexUtils has been deprecated
    [javac]         TestUtils.assertSame(Complex.NaN, ComplexUtils.cos(infOne));
    [javac]                                                       ^
    [javac] /tmp/run_mutation.pl_17066_1483700379/102f/src/test/org/apache/commons/math/complex/ComplexUtilsTest.java:159: warning: [deprecation] cos(Complex) in ComplexUtils has been deprecated
    [javac]         TestUtils.assertSame(Complex.NaN, ComplexUtils.cos(negInfOne));
    [javac]                                                       ^
    [javac] /tmp/run_mutation.pl_17066_1483700379/102f/src/test/org/apache/commons/math/complex/ComplexUtilsTest.java:160: warning: [deprecation] cos(Complex) in ComplexUtils has been deprecated
    [javac]         TestUtils.assertSame(Complex.NaN, ComplexUtils.cos(infInf));
    [javac]                                                       ^
    [javac] /tmp/run_mutation.pl_17066_1483700379/102f/src/test/org/apache/commons/math/complex/ComplexUtilsTest.java:161: warning: [deprecation] cos(Complex) in ComplexUtils has been deprecated
    [javac]         TestUtils.assertSame(Complex.NaN, ComplexUtils.cos(infNegInf));
    [javac]                                                       ^
    [javac] /tmp/run_mutation.pl_17066_1483700379/102f/src/test/org/apache/commons/math/complex/ComplexUtilsTest.java:162: warning: [deprecation] cos(Complex) in ComplexUtils has been deprecated
    [javac]         TestUtils.assertSame(Complex.NaN, ComplexUtils.cos(negInfInf));
    [javac]                                                       ^
    [javac] /tmp/run_mutation.pl_17066_1483700379/102f/src/test/org/apache/commons/math/complex/ComplexUtilsTest.java:163: warning: [deprecation] cos(Complex) in ComplexUtils has been deprecated
    [javac]         TestUtils.assertSame(Complex.NaN, ComplexUtils.cos(negInfNegInf));
    [javac]                                                       ^
    [javac] /tmp/run_mutation.pl_17066_1483700379/102f/src/test/org/apache/commons/math/complex/ComplexUtilsTest.java:168: warning: [deprecation] cos(Complex) in ComplexUtils has been deprecated
    [javac]             ComplexUtils.cos(null); 
    [javac]                         ^
    [javac] /tmp/run_mutation.pl_17066_1483700379/102f/src/test/org/apache/commons/math/complex/ComplexUtilsTest.java:178: warning: [deprecation] cosh(Complex) in ComplexUtils has been deprecated
    [javac]         TestUtils.assertEquals(expected, ComplexUtils.cosh(z), 1.0e-5);
    [javac]                                                      ^
    [javac] /tmp/run_mutation.pl_17066_1483700379/102f/src/test/org/apache/commons/math/complex/ComplexUtilsTest.java:182: warning: [deprecation] cosh(Complex) in ComplexUtils has been deprecated
    [javac]         assertTrue(ComplexUtils.cosh(Complex.NaN).isNaN());
    [javac]                                ^
    [javac] /tmp/run_mutation.pl_17066_1483700379/102f/src/test/org/apache/commons/math/complex/ComplexUtilsTest.java:186: warning: [deprecation] cosh(Complex) in ComplexUtils has been deprecated
    [javac]         TestUtils.assertSame(Complex.NaN, ComplexUtils.cosh(oneInf));
    [javac]                                                       ^
    [javac] /tmp/run_mutation.pl_17066_1483700379/102f/src/test/org/apache/commons/math/complex/ComplexUtilsTest.java:187: warning: [deprecation] cosh(Complex) in ComplexUtils has been deprecated
    [javac]         TestUtils.assertSame(Complex.NaN, ComplexUtils.cosh(oneNegInf));
    [javac]                                                       ^
    [javac] /tmp/run_mutation.pl_17066_1483700379/102f/src/test/org/apache/commons/math/complex/ComplexUtilsTest.java:188: warning: [deprecation] cosh(Complex) in ComplexUtils has been deprecated
    [javac]         TestUtils.assertSame(infInf, ComplexUtils.cosh(infOne));
    [javac]                                                  ^
    [javac] /tmp/run_mutation.pl_17066_1483700379/102f/src/test/org/apache/commons/math/complex/ComplexUtilsTest.java:189: warning: [deprecation] cosh(Complex) in ComplexUtils has been deprecated
    [javac]         TestUtils.assertSame(infNegInf, ComplexUtils.cosh(negInfOne));
    [javac]                                                     ^
    [javac] /tmp/run_mutation.pl_17066_1483700379/102f/src/test/org/apache/commons/math/complex/ComplexUtilsTest.java:190: warning: [deprecation] cosh(Complex) in ComplexUtils has been deprecated
    [javac]         TestUtils.assertSame(Complex.NaN, ComplexUtils.cosh(infInf));
    [javac]                                                       ^
    [javac] /tmp/run_mutation.pl_17066_1483700379/102f/src/test/org/apache/commons/math/complex/ComplexUtilsTest.java:191: warning: [deprecation] cosh(Complex) in ComplexUtils has been deprecated
    [javac]         TestUtils.assertSame(Complex.NaN, ComplexUtils.cosh(infNegInf));
    [javac]                                                       ^
    [javac] /tmp/run_mutation.pl_17066_1483700379/102f/src/test/org/apache/commons/math/complex/ComplexUtilsTest.java:192: warning: [deprecation] cosh(Complex) in ComplexUtils has been deprecated
    [javac]         TestUtils.assertSame(Complex.NaN, ComplexUtils.cosh(negInfInf));
    [javac]                                                       ^
    [javac] /tmp/run_mutation.pl_17066_1483700379/102f/src/test/org/apache/commons/math/complex/ComplexUtilsTest.java:193: warning: [deprecation] cosh(Complex) in ComplexUtils has been deprecated
    [javac]         TestUtils.assertSame(Complex.NaN, ComplexUtils.cosh(negInfNegInf));
    [javac]                                                       ^
    [javac] /tmp/run_mutation.pl_17066_1483700379/102f/src/test/org/apache/commons/math/complex/ComplexUtilsTest.java:198: warning: [deprecation] cosh(Complex) in ComplexUtils has been deprecated
    [javac]             ComplexUtils.cosh(null); 
    [javac]                         ^
    [javac] /tmp/run_mutation.pl_17066_1483700379/102f/src/test/org/apache/commons/math/complex/ComplexUtilsTest.java:208: warning: [deprecation] exp(Complex) in ComplexUtils has been deprecated
    [javac]         TestUtils.assertEquals(expected, ComplexUtils.exp(z), 1.0e-5);
    [javac]                                                      ^
    [javac] /tmp/run_mutation.pl_17066_1483700379/102f/src/test/org/apache/commons/math/complex/ComplexUtilsTest.java:210: warning: [deprecation] exp(Complex) in ComplexUtils has been deprecated
    [javac]                 ComplexUtils.exp(Complex.ZERO), 10e-12);
    [javac]                             ^
    [javac] /tmp/run_mutation.pl_17066_1483700379/102f/src/test/org/apache/commons/math/complex/ComplexUtilsTest.java:213: warning: [deprecation] exp(Complex) in ComplexUtils has been deprecated
    [javac]                 ComplexUtils.exp(iPi), 10e-12);
    [javac]                             ^
    [javac] /tmp/run_mutation.pl_17066_1483700379/102f/src/test/org/apache/commons/math/complex/ComplexUtilsTest.java:217: warning: [deprecation] exp(Complex) in ComplexUtils has been deprecated
    [javac]         assertTrue(ComplexUtils.exp(Complex.NaN).isNaN());
    [javac]                                ^
    [javac] /tmp/run_mutation.pl_17066_1483700379/102f/src/test/org/apache/commons/math/complex/ComplexUtilsTest.java:221: warning: [deprecation] exp(Complex) in ComplexUtils has been deprecated
    [javac]         TestUtils.assertSame(Complex.NaN, ComplexUtils.exp(oneInf));
    [javac]                                                       ^
    [javac] /tmp/run_mutation.pl_17066_1483700379/102f/src/test/org/apache/commons/math/complex/ComplexUtilsTest.java:222: warning: [deprecation] exp(Complex) in ComplexUtils has been deprecated
    [javac]         TestUtils.assertSame(Complex.NaN, ComplexUtils.exp(oneNegInf));
    [javac]                                                       ^
    [javac] /tmp/run_mutation.pl_17066_1483700379/102f/src/test/org/apache/commons/math/complex/ComplexUtilsTest.java:223: warning: [deprecation] exp(Complex) in ComplexUtils has been deprecated
    [javac]         TestUtils.assertSame(infInf, ComplexUtils.exp(infOne));
    [javac]                                                  ^
    [javac] /tmp/run_mutation.pl_17066_1483700379/102f/src/test/org/apache/commons/math/complex/ComplexUtilsTest.java:224: warning: [deprecation] exp(Complex) in ComplexUtils has been deprecated
    [javac]         TestUtils.assertSame(Complex.ZERO, ComplexUtils.exp(negInfOne));
    [javac]                                                        ^
    [javac] /tmp/run_mutation.pl_17066_1483700379/102f/src/test/org/apache/commons/math/complex/ComplexUtilsTest.java:225: warning: [deprecation] exp(Complex) in ComplexUtils has been deprecated
    [javac]         TestUtils.assertSame(Complex.NaN, ComplexUtils.exp(infInf));
    [javac]                                                       ^
    [javac] /tmp/run_mutation.pl_17066_1483700379/102f/src/test/org/apache/commons/math/complex/ComplexUtilsTest.java:226: warning: [deprecation] exp(Complex) in ComplexUtils has been deprecated
    [javac]         TestUtils.assertSame(Complex.NaN, ComplexUtils.exp(infNegInf));
    [javac]                                                       ^
    [javac] /tmp/run_mutation.pl_17066_1483700379/102f/src/test/org/apache/commons/math/complex/ComplexUtilsTest.java:227: warning: [deprecation] exp(Complex) in ComplexUtils has been deprecated
    [javac]         TestUtils.assertSame(Complex.NaN, ComplexUtils.exp(negInfInf));
    [javac]                                                       ^
    [javac] /tmp/run_mutation.pl_17066_1483700379/102f/src/test/org/apache/commons/math/complex/ComplexUtilsTest.java:228: warning: [deprecation] exp(Complex) in ComplexUtils has been deprecated
    [javac]         TestUtils.assertSame(Complex.NaN, ComplexUtils.exp(negInfNegInf));
    [javac]                                                       ^
    [javac] /tmp/run_mutation.pl_17066_1483700379/102f/src/test/org/apache/commons/math/complex/ComplexUtilsTest.java:233: warning: [deprecation] exp(Complex) in ComplexUtils has been deprecated
    [javac]             ComplexUtils.exp(null); 
    [javac]                         ^
    [javac] /tmp/run_mutation.pl_17066_1483700379/102f/src/test/org/apache/commons/math/complex/ComplexUtilsTest.java:243: warning: [deprecation] log(Complex) in ComplexUtils has been deprecated
    [javac]         TestUtils.assertEquals(expected, ComplexUtils.log(z), 1.0e-5);
    [javac]                                                      ^
    [javac] /tmp/run_mutation.pl_17066_1483700379/102f/src/test/org/apache/commons/math/complex/ComplexUtilsTest.java:247: warning: [deprecation] log(Complex) in ComplexUtils has been deprecated
    [javac]         assertTrue(ComplexUtils.log(Complex.NaN).isNaN());
    [javac]                                ^
    [javac] /tmp/run_mutation.pl_17066_1483700379/102f/src/test/org/apache/commons/math/complex/ComplexUtilsTest.java:252: warning: [deprecation] log(Complex) in ComplexUtils has been deprecated
    [javac]                 ComplexUtils.log(oneInf), 10e-12);
    [javac]                             ^
    [javac] /tmp/run_mutation.pl_17066_1483700379/102f/src/test/org/apache/commons/math/complex/ComplexUtilsTest.java:254: warning: [deprecation] log(Complex) in ComplexUtils has been deprecated
    [javac]                 ComplexUtils.log(oneNegInf), 10e-12);
    [javac]                             ^
    [javac] /tmp/run_mutation.pl_17066_1483700379/102f/src/test/org/apache/commons/math/complex/ComplexUtilsTest.java:255: warning: [deprecation] log(Complex) in ComplexUtils has been deprecated
    [javac]         TestUtils.assertEquals(infZero, ComplexUtils.log(infOne), 10e-12);
    [javac]                                                     ^
    [javac] /tmp/run_mutation.pl_17066_1483700379/102f/src/test/org/apache/commons/math/complex/ComplexUtilsTest.java:257: warning: [deprecation] log(Complex) in ComplexUtils has been deprecated
    [javac]                 ComplexUtils.log(negInfOne), 10e-12);
    [javac]                             ^
    [javac] /tmp/run_mutation.pl_17066_1483700379/102f/src/test/org/apache/commons/math/complex/ComplexUtilsTest.java:259: warning: [deprecation] log(Complex) in ComplexUtils has been deprecated
    [javac]                 ComplexUtils.log(infInf), 10e-12);
    [javac]                             ^
    [javac] /tmp/run_mutation.pl_17066_1483700379/102f/src/test/org/apache/commons/math/complex/ComplexUtilsTest.java:261: warning: [deprecation] log(Complex) in ComplexUtils has been deprecated
    [javac]                 ComplexUtils.log(infNegInf), 10e-12);
    [javac]                             ^
    [javac] /tmp/run_mutation.pl_17066_1483700379/102f/src/test/org/apache/commons/math/complex/ComplexUtilsTest.java:263: warning: [deprecation] log(Complex) in ComplexUtils has been deprecated
    [javac]                 ComplexUtils.log(negInfInf), 10e-12);
    [javac]                             ^
    [javac] /tmp/run_mutation.pl_17066_1483700379/102f/src/test/org/apache/commons/math/complex/ComplexUtilsTest.java:265: warning: [deprecation] log(Complex) in ComplexUtils has been deprecated
    [javac]                 ComplexUtils.log(negInfNegInf), 10e-12);
    [javac]                             ^
    [javac] /tmp/run_mutation.pl_17066_1483700379/102f/src/test/org/apache/commons/math/complex/ComplexUtilsTest.java:269: warning: [deprecation] log(Complex) in ComplexUtils has been deprecated
    [javac]         TestUtils.assertSame(negInfZero, ComplexUtils.log(Complex.ZERO));
    [javac]                                                      ^
    [javac] Note: Some input files additionally use or override a deprecated API.
    [javac] Note: Some input files use unchecked or unsafe operations.
    [javac] Note: Recompile with -Xlint:unchecked for details.
    [javac] 100 warnings
     [copy] Copying 11 files to /tmp/run_mutation.pl_17066_1483700379/102f/target/test-classes

compile.tests:

update.all.tests:

mutation.test:
     [echo] Running mutation analysis ...
    [junit] MAJOR: Mutation analysis enabled
SLF4J: Failed to load class "org.slf4j.impl.StaticLoggerBinder".
SLF4J: Defaulting to no-operation (NOP) logger implementation
SLF4J: See http://www.slf4j.org/codes.html#StaticLoggerBinder for further details.
    [junit] MAJOR: ------------------------------------------------------------
    [junit] MAJOR: Run 28 ordered tests to verify independence
    [junit] MAJOR: ------------------------------------------------------------
    [junit] MAJOR: Preprocessing time: 5.51 seconds
    [junit] MAJOR: ------------------------------------------------------------
    [junit] MAJOR: Mutants generated: 611
    [junit] MAJOR: Mutants covered:   611 (100.00%)
    [junit] MAJOR: ------------------------------------------------------------
    [junit] MAJOR: Export test map to (testMap.csv)
    [junit] MAJOR: Export coverage map to (covMap.csv)
    [junit] MAJOR: Exclude 0 mutants
    [junit] MAJOR: ------------------------------------------------------------
    [junit] MAJOR: Run mutation analysis with 28 individual tests
    [junit] MAJOR: ------------------------------------------------------------
    [junit] MAJOR: 1/28 - org.apache.commons.math.stat.inference.ChiSquareTestImpl_ESTest24 (6ms / 207):
    [junit] MAJOR: 26540 (173 / 207 / 207) -> AVG-RTPM: 128ms
    [junit] MAJOR: Mutants killed / live: 173 (0-168-5) / 438
    [junit] MAJOR: ------------------------------------------------------------
    [junit] MAJOR: 2/28 - org.apache.commons.math.stat.inference.ChiSquareTestImpl_ESTest3 (6ms / 40):
    [junit] MAJOR: 27838 (36 / 40 / 40) -> AVG-RTPM: 32ms
    [junit] MAJOR: Mutants killed / live: 209 (0-208-5) / 402
    [junit] MAJOR: ------------------------------------------------------------
    [junit] MAJOR: 3/28 - org.apache.commons.math.stat.inference.ChiSquareTestImpl_ESTest8 (6ms / 29):
    [junit] MAJOR: 28608 (25 / 29 / 29) -> AVG-RTPM: 26ms
    [junit] MAJOR: Mutants killed / live: 234 (0-237-5) / 377
    [junit] MAJOR: ------------------------------------------------------------
    [junit] MAJOR: 4/28 - org.apache.commons.math.stat.inference.ChiSquareTestImpl_ESTest18 (7ms / 54):
    [junit] MAJOR: 30056 (19 / 54 / 54) -> AVG-RTPM: 26ms
    [junit] MAJOR: Mutants killed / live: 253 (0-291-5) / 358
    [junit] MAJOR: ------------------------------------------------------------
    [junit] MAJOR: 5/28 - org.apache.commons.math.stat.inference.ChiSquareTestImpl_ESTest21 (7ms / 158):
    [junit] MAJOR: 34805 (30 / 158 / 158) -> AVG-RTPM: 30ms
    [junit] MAJOR: Mutants killed / live: 283 (0-449-5) / 328
    [junit] MAJOR: ------------------------------------------------------------
    [junit] MAJOR: 6/28 - org.apache.commons.math.stat.inference.ChiSquareTestImpl_ESTest26 (7ms / 25):
    [junit] MAJOR: 35607 (21 / 25 / 25) -> AVG-RTPM: 32ms
    [junit] MAJOR: Mutants killed / live: 304 (0-474-5) / 307
    [junit] MAJOR: ------------------------------------------------------------
    [junit] MAJOR: 7/28 - org.apache.commons.math.stat.inference.ChiSquareTestImpl_ESTest28 (7ms / 74):
    [junit] MAJOR: 37976 (51 / 74 / 74) -> AVG-RTPM: 32ms
    [junit] MAJOR: Mutants killed / live: 355 (0-548-5) / 256
    [junit] MAJOR: ------------------------------------------------------------
    [junit] MAJOR: 8/28 - org.apache.commons.math.stat.inference.ChiSquareTestImpl_ESTest4 (7ms / 72):
    [junit] MAJOR: 40261 (26 / 72 / 72) -> AVG-RTPM: 31ms
    [junit] MAJOR: Mutants killed / live: 381 (0-620-5) / 230
    [junit] MAJOR: ------------------------------------------------------------
    [junit] MAJOR: 9/28 - org.apache.commons.math.stat.inference.ChiSquareTestImpl_ESTest5 (7ms / 132):
    [junit] MAJOR: 44425 (60 / 132 / 132) -> AVG-RTPM: 31ms
    [junit] MAJOR: Mutants killed / live: 441 (0-752-5) / 170
    [junit] MAJOR: ------------------------------------------------------------
    [junit] MAJOR: 10/28 - org.apache.commons.math.stat.inference.ChiSquareTestImpl_ESTest6 (7ms / 20):
    [junit] MAJOR: 45096 (0 / 20 / 20) -> AVG-RTPM: 33ms
    [junit] MAJOR: Mutants killed / live: 441 (0-772-5) / 170
    [junit] MAJOR: ------------------------------------------------------------
    [junit] MAJOR: 11/28 - org.apache.commons.math.stat.inference.ChiSquareTestImpl_ESTest7 (7ms / 98):
    [junit] MAJOR: 48184 (8 / 98 / 98) -> AVG-RTPM: 31ms
    [junit] MAJOR: Mutants killed / live: 449 (0-870-5) / 162
    [junit] MAJOR: ------------------------------------------------------------
    [junit] MAJOR: 12/28 - org.apache.commons.math.stat.inference.ChiSquareTestImpl_ESTest9 (7ms / 192):
    [junit] MAJOR: 54255 (29 / 192 / 192) -> AVG-RTPM: 31ms
    [junit] MAJOR: Mutants killed / live: 478 (0-1062-5) / 133
    [junit] MAJOR: ------------------------------------------------------------
    [junit] MAJOR: 13/28 - org.apache.commons.math.stat.inference.ChiSquareTestImpl_ESTest12 (8ms / 207):
    [junit] MAJOR: 60846 (132 / 207 / 207) -> AVG-RTPM: 31ms
    [junit] MAJOR: Mutants killed / live: 610 (0-1269-5) / 1
    [junit] MAJOR: ------------------------------------------------------------
    [junit] MAJOR: 14/28 - org.apache.commons.math.stat.inference.ChiSquareTestImpl_ESTest14 (8ms / 207):
    [junit] MAJOR: 67319 (0 / 207 / 207) -> AVG-RTPM: 31ms
    [junit] MAJOR: Mutants killed / live: 610 (0-1476-5) / 1
    [junit] MAJOR: ------------------------------------------------------------
    [junit] MAJOR: 15/28 - org.apache.commons.math.stat.inference.ChiSquareTestImpl_ESTest15 (8ms / 20):
    [junit] MAJOR: 67937 (0 / 20 / 20) -> AVG-RTPM: 30ms
    [junit] MAJOR: Mutants killed / live: 610 (0-1496-5) / 1
    [junit] MAJOR: ------------------------------------------------------------
    [junit] MAJOR: 16/28 - org.apache.commons.math.stat.inference.ChiSquareTestImpl_ESTest16 (8ms / 72):
    [junit] MAJOR: 70349 (0 / 72 / 72) -> AVG-RTPM: 33ms
    [junit] MAJOR: Mutants killed / live: 610 (0-1568-5) / 1
    [junit] MAJOR: ------------------------------------------------------------
    [junit] MAJOR: 17/28 - org.apache.commons.math.stat.inference.ChiSquareTestImpl_ESTest20 (8ms / 194):
    [junit] MAJOR: 76755 (0 / 194 / 194) -> AVG-RTPM: 33ms
    [junit] MAJOR: Mutants killed / live: 610 (0-1762-5) / 1
    [junit] MAJOR: ------------------------------------------------------------
    [junit] MAJOR: 18/28 - org.apache.commons.math.stat.inference.ChiSquareTestImpl_ESTest25 (8ms / 14):
    [junit] MAJOR: 77199 (0 / 14 / 14) -> AVG-RTPM: 31ms
    [junit] MAJOR: Mutants killed / live: 610 (0-1776-5) / 1
    [junit] MAJOR: ------------------------------------------------------------
    [junit] MAJOR: 19/28 - org.apache.commons.math.stat.inference.ChiSquareTestImpl_ESTest10 (9ms / 190):
    [junit] MAJOR: 85167 (0 / 190 / 190) -> AVG-RTPM: 41ms
    [junit] MAJOR: Mutants killed / live: 610 (0-1966-5) / 1
    [junit] MAJOR: ------------------------------------------------------------
    [junit] MAJOR: 20/28 - org.apache.commons.math.stat.inference.ChiSquareTestImpl_ESTest11 (9ms / 20):
    [junit] MAJOR: 85814 (0 / 20 / 20) -> AVG-RTPM: 32ms
    [junit] MAJOR: Mutants killed / live: 610 (0-1986-5) / 1
    [junit] MAJOR: ------------------------------------------------------------
    [junit] MAJOR: 21/28 - org.apache.commons.math.stat.inference.ChiSquareTestImpl_ESTest17 (9ms / 66):
    [junit] MAJOR: 88039 (0 / 66 / 66) -> AVG-RTPM: 33ms
    [junit] MAJOR: Mutants killed / live: 610 (0-2052-5) / 1
    [junit] MAJOR: ------------------------------------------------------------
    [junit] MAJOR: 22/28 - org.apache.commons.math.stat.inference.ChiSquareTestImpl_ESTest23 (9ms / 29):
    [junit] MAJOR: 88993 (0 / 29 / 29) -> AVG-RTPM: 32ms
    [junit] MAJOR: Mutants killed / live: 610 (0-2081-5) / 1
    [junit] MAJOR: ------------------------------------------------------------
    [junit] MAJOR: 23/28 - org.apache.commons.math.stat.inference.ChiSquareTestImpl_ESTest2 (10ms / 20):
    [junit] MAJOR: 89685 (0 / 20 / 20) -> AVG-RTPM: 34ms
    [junit] MAJOR: Mutants killed / live: 610 (0-2101-5) / 1
    [junit] MAJOR: ------------------------------------------------------------
    [junit] MAJOR: 24/28 - org.apache.commons.math.stat.inference.ChiSquareTestImpl_ESTest0 (14ms / 129):
    [junit] MAJOR: 94095 (0 / 129 / 129) -> AVG-RTPM: 34ms
    [junit] MAJOR: Mutants killed / live: 610 (0-2230-5) / 1
    [junit] MAJOR: ------------------------------------------------------------
    [junit] MAJOR: 25/28 - org.apache.commons.math.stat.inference.ChiSquareTestImpl_ESTest19 (16ms / 216):
    [junit] MAJOR: 101563 (0 / 216 / 216) -> AVG-RTPM: 34ms
    [junit] MAJOR: Mutants killed / live: 610 (0-2446-5) / 1
    [junit] MAJOR: ------------------------------------------------------------
    [junit] MAJOR: 26/28 - org.apache.commons.math.stat.inference.ChiSquareTestImpl_ESTest27 (16ms / 46):
    [junit] MAJOR: 103162 (1 / 46 / 46) -> AVG-RTPM: 34ms
    [junit] MAJOR: Mutants killed / live: 611 (0-2492-5) / 0
    [junit] MAJOR: ------------------------------------------------------------
    [junit] MAJOR: 27/28 - org.apache.commons.math.stat.inference.ChiSquareTestImpl_ESTest1 (17ms / 4):
    [junit] MAJOR: 103291 (0 / 4 / 4) -> AVG-RTPM: 32ms
    [junit] MAJOR: Mutants killed / live: 611 (0-2496-5) / 0
    [junit] MAJOR: ------------------------------------------------------------
    [junit] MAJOR: 28/28 - org.apache.commons.math.stat.inference.ChiSquareTestImpl_ESTest22 (43ms / 20):
    [junit] MAJOR: 104032 (0 / 20 / 20) -> AVG-RTPM: 37ms
    [junit] MAJOR: Mutants killed / live: 611 (0-2516-5) / 0
    [junit] MAJOR: ------------------------------------------------------------
    [junit] MAJOR: Summary:
    [junit] MAJOR: 
    [junit] MAJOR: Analysis time:  104.0 seconds
    [junit] MAJOR: Mutation score: 100.00% (100.00%)
    [junit] MAJOR: Mutants killed / live: 611 (0-2516-5) / 0
    [junit] MAJOR: Mutant executions: 2555
    [junit] MAJOR: ------------------------------------------------------------
    [junit] MAJOR: Export summary of results (to summary.csv)
    [junit] MAJOR: Export mutant kill details (to /tmp/run_mutation.pl_17066_1483700379/102f/kill.csv)
    [junit] MAJOR: Export kill map (to killMap.csv)!

BUILD SUCCESSFUL
Total time: 1 minute 53 seconds
