
init:
     [echo] -------- Commons MATH 3.1-SNAPSHOT --------

compile:

check-availability:
     [echo] doing check-availability...

download-dependencies:
     [echo] doing download-dependencies...

download-junit:

compile.tests:
    [javac] Compiling 443 source files to /tmp/run_mutation.pl_50852_1501149922/14f/target/test-classes
    [javac] Note: Some input files use or override a deprecated API.
    [javac] Note: Recompile with -Xlint:deprecation for details.
    [javac] Note: /tmp/run_mutation.pl_50852_1501149922/14f/src/test/java/org/apache/commons/math3/PerfTestUtils.java uses unchecked or unsafe operations.
    [javac] Note: Recompile with -Xlint:unchecked for details.
     [copy] Copying 28 files to /tmp/run_mutation.pl_50852_1501149922/14f/target/test-classes

update.all.tests:

mutation.test:
     [echo] Running mutation analysis ...
    [junit] MAJOR: Mutation analysis enabled
SLF4J: Failed to load class "org.slf4j.impl.StaticLoggerBinder".
SLF4J: Defaulting to no-operation (NOP) logger implementation
SLF4J: See http://www.slf4j.org/codes.html#StaticLoggerBinder for further details.
    [junit] MAJOR: ------------------------------------------------------------
    [junit] MAJOR: Run 10 ordered tests to verify independence
    [junit] MAJOR: ------------------------------------------------------------
    [junit] MAJOR: Preprocessing time: 4.81 seconds
    [junit] MAJOR: ------------------------------------------------------------
    [junit] MAJOR: Mutants generated: 59
    [junit] MAJOR: Mutants covered:   28 (47.46%)
    [junit] MAJOR: ------------------------------------------------------------
    [junit] MAJOR: Export test map to (testMap.csv)
    [junit] MAJOR: Export coverage map to (covMap.csv)
    [junit] MAJOR: Exclude 0 mutants
    [junit] MAJOR: ------------------------------------------------------------
    [junit] MAJOR: Run mutation analysis with 10 individual tests
    [junit] MAJOR: ------------------------------------------------------------
    [junit] MAJOR: 1/10 - org.apache.commons.math3.optim.nonlinear.vector.jacobian.AbstractLeastSquaresOptimizer_ESTest1 (10ms / 0):
    [junit] MAJOR: 0 (0 / 0 / 0) -> AVG-RTPM: 0ms
    [junit] MAJOR: Mutants killed / live: 0 (0-0-0) / 28
    [junit] MAJOR: ------------------------------------------------------------
    [junit] MAJOR: 2/10 - org.apache.commons.math3.optim.nonlinear.vector.jacobian.AbstractLeastSquaresOptimizer_ESTest3 (10ms / 0):
    [junit] MAJOR: 1 (0 / 0 / 0) -> AVG-RTPM: 0ms
    [junit] MAJOR: Mutants killed / live: 0 (0-0-0) / 28
    [junit] MAJOR: ------------------------------------------------------------
    [junit] MAJOR: 3/10 - org.apache.commons.math3.optim.nonlinear.vector.jacobian.AbstractLeastSquaresOptimizer_ESTest6 (12ms / 12):
    [junit] MAJOR: 2641 (3 / 12 / 12) -> AVG-RTPM: 220ms
    [junit] MAJOR: Mutants killed / live: 3 (0-3-0) / 25
    [junit] MAJOR: ------------------------------------------------------------
    [junit] MAJOR: 4/10 - org.apache.commons.math3.optim.nonlinear.vector.jacobian.AbstractLeastSquaresOptimizer_ESTest4 (15ms / 1):
    [junit] MAJOR: 2804 (0 / 1 / 1) -> AVG-RTPM: 163ms
    [junit] MAJOR: Mutants killed / live: 3 (0-3-0) / 25
    [junit] MAJOR: ------------------------------------------------------------
    [junit] MAJOR: 5/10 - org.apache.commons.math3.optim.nonlinear.vector.Weight_ESTest1 (17ms / 7):
    [junit] MAJOR: 4416 (4 / 7 / 7) -> AVG-RTPM: 230ms
    [junit] MAJOR: Mutants killed / live: 7 (4-3-0) / 21
    [junit] MAJOR: ------------------------------------------------------------
    [junit] MAJOR: 6/10 - org.apache.commons.math3.optim.nonlinear.vector.jacobian.AbstractLeastSquaresOptimizer_ESTest0 (19ms / 1):
    [junit] MAJOR: 4644 (0 / 1 / 1) -> AVG-RTPM: 228ms
    [junit] MAJOR: Mutants killed / live: 7 (4-3-0) / 21
    [junit] MAJOR: ------------------------------------------------------------
    [junit] MAJOR: 7/10 - org.apache.commons.math3.optim.nonlinear.vector.Weight_ESTest0 (23ms / 7):
    [junit] MAJOR: 5786 (2 / 7 / 7) -> AVG-RTPM: 163ms
    [junit] MAJOR: Mutants killed / live: 9 (4-7-0) / 19
    [junit] MAJOR: ------------------------------------------------------------
    [junit] MAJOR: 8/10 - org.apache.commons.math3.optim.nonlinear.vector.jacobian.AbstractLeastSquaresOptimizer_ESTest7 (26ms / 9):
    [junit] MAJOR: 8093 (2 / 9 / 9) -> AVG-RTPM: 256ms
    [junit] MAJOR: Mutants killed / live: 11 (4-13-0) / 17
    [junit] MAJOR: ------------------------------------------------------------
    [junit] MAJOR: 9/10 - org.apache.commons.math3.optim.nonlinear.vector.jacobian.AbstractLeastSquaresOptimizer_ESTest5 (28ms / 8):
    [junit] MAJOR: 10880 (0 / 8 / 8) -> AVG-RTPM: 348ms
    [junit] MAJOR: Mutants killed / live: 11 (4-13-0) / 17
    [junit] MAJOR: ------------------------------------------------------------
    [junit] MAJOR: 10/10 - org.apache.commons.math3.optim.nonlinear.vector.jacobian.AbstractLeastSquaresOptimizer_ESTest2 (39ms / 0):
    [junit] MAJOR: 10880 (0 / 0 / 0) -> AVG-RTPM: 0ms
    [junit] MAJOR: Mutants killed / live: 11 (4-13-0) / 17
    [junit] MAJOR: ------------------------------------------------------------
    [junit] MAJOR: Summary:
    [junit] MAJOR: 
    [junit] MAJOR: Analysis time:  10.9 seconds
    [junit] MAJOR: Mutation score: 18.64% (39.29%)
    [junit] MAJOR: Mutants killed / live: 11 (4-13-0) / 17
    [junit] MAJOR: Mutant executions: 45
    [junit] MAJOR: ------------------------------------------------------------
    [junit] MAJOR: Export summary of results (to summary.csv)
    [junit] MAJOR: Export mutant kill details (to /tmp/run_mutation.pl_50852_1501149922/14f/kill.csv)
    [junit] MAJOR: Export kill map (to killMap.csv)!

BUILD SUCCESSFUL
Total time: 27 seconds
