
init:
     [echo] -------- Commons MATH 3.0-SNAPSHOT --------

compile:

check-availability:
     [echo] doing check-availability...

download-dependencies:
     [echo] doing download-dependencies...

download-junit:

compile.tests:
    [javac] Compiling 388 source files to /tmp/run_mutation.pl_64454_1483670182/24f/target/test-classes
    [javac] Note: Some input files use or override a deprecated API.
    [javac] Note: Recompile with -Xlint:deprecation for details.
    [javac] Note: /tmp/run_mutation.pl_64454_1483670182/24f/src/test/java/org/apache/commons/math3/PerfTestUtils.java uses unchecked or unsafe operations.
    [javac] Note: Recompile with -Xlint:unchecked for details.
     [copy] Copying 24 files to /tmp/run_mutation.pl_64454_1483670182/24f/target/test-classes

update.all.tests:

mutation.test:
     [echo] Running mutation analysis ...
    [junit] MAJOR: Mutation analysis enabled
SLF4J: Failed to load class "org.slf4j.impl.StaticLoggerBinder".
SLF4J: Defaulting to no-operation (NOP) logger implementation
SLF4J: See http://www.slf4j.org/codes.html#StaticLoggerBinder for further details.
    [junit] MAJOR: ------------------------------------------------------------
    [junit] MAJOR: Run 5 ordered tests to verify independence
    [junit] MAJOR: ------------------------------------------------------------
    [junit] MAJOR: Preprocessing time: 1.69 seconds
    [junit] MAJOR: ------------------------------------------------------------
    [junit] MAJOR: Mutants generated: 495
    [junit] MAJOR: Mutants covered:   453 (91.52%)
    [junit] MAJOR: ------------------------------------------------------------
    [junit] MAJOR: Export test map to (testMap.csv)
    [junit] MAJOR: Export coverage map to (covMap.csv)
    [junit] MAJOR: Exclude 0 mutants
    [junit] MAJOR: ------------------------------------------------------------
    [junit] MAJOR: Run mutation analysis with 5 individual tests
    [junit] MAJOR: ------------------------------------------------------------
    [junit] MAJOR: 1/5 - org.apache.commons.math3.optimization.univariate.BrentOptimizer_ESTest7 (8ms / 374):
    [junit] MAJOR: 43713 (344 / 374 / 374) -> AVG-RTPM: 116ms
    [junit] MAJOR: Mutants killed / live: 344 (13-322-9) / 109
    [junit] MAJOR: ------------------------------------------------------------
    [junit] MAJOR: 2/5 - org.apache.commons.math3.optimization.univariate.BrentOptimizer_ESTest3 (9ms / 403):
    [junit] MAJOR: 50482 (108 / 403 / 403) -> AVG-RTPM: 16ms
    [junit] MAJOR: Mutants killed / live: 452 (13-725-9) / 1
    [junit] MAJOR: ------------------------------------------------------------
    [junit] MAJOR: 3/5 - org.apache.commons.math3.optimization.univariate.BrentOptimizer_ESTest9 (9ms / 115):
    [junit] MAJOR: 52391 (0 / 115 / 115) -> AVG-RTPM: 16ms
    [junit] MAJOR: Mutants killed / live: 452 (13-840-9) / 1
    [junit] MAJOR: ------------------------------------------------------------
    [junit] MAJOR: 4/5 - org.apache.commons.math3.optimization.univariate.BrentOptimizer_ESTest1 (15ms / 38):
    [junit] MAJOR: 52976 (0 / 38 / 38) -> AVG-RTPM: 15ms
    [junit] MAJOR: Mutants killed / live: 452 (13-878-9) / 1
    [junit] MAJOR: ------------------------------------------------------------
    [junit] MAJOR: 5/5 - org.apache.commons.math3.optimization.univariate.BrentOptimizer_ESTest0 (20ms / 30):
    [junit] MAJOR: 53499 (1 / 30 / 30) -> AVG-RTPM: 17ms
    [junit] MAJOR: Mutants killed / live: 453 (13-908-9) / 0
    [junit] MAJOR: ------------------------------------------------------------
    [junit] MAJOR: Summary:
    [junit] MAJOR: 
    [junit] MAJOR: Analysis time:  53.5 seconds
    [junit] MAJOR: Mutation score: 91.52% (100.00%)
    [junit] MAJOR: Mutants killed / live: 453 (13-908-9) / 0
    [junit] MAJOR: Mutant executions: 960
    [junit] MAJOR: ------------------------------------------------------------
    [junit] MAJOR: Export summary of results (to summary.csv)
    [junit] MAJOR: Export mutant kill details (to /tmp/run_mutation.pl_64454_1483670182/24f/kill.csv)
    [junit] MAJOR: Export kill map (to killMap.csv)!

BUILD SUCCESSFUL
Total time: 1 minute 1 second
