
init:
     [echo] -------- Commons MATH 3.0-SNAPSHOT --------

compile:

check-availability:
     [echo] doing check-availability...

download-dependencies:
     [echo] doing download-dependencies...

download-junit:

compile.tests:
    [javac] Compiling 385 source files to /tmp/run_mutation.pl_99465_1501171045/28f/target/test-classes
    [javac] Note: Some input files use or override a deprecated API.
    [javac] Note: Recompile with -Xlint:deprecation for details.
    [javac] Note: Some input files use unchecked or unsafe operations.
    [javac] Note: Recompile with -Xlint:unchecked for details.
     [copy] Copying 23 files to /tmp/run_mutation.pl_99465_1501171045/28f/target/test-classes

update.all.tests:

mutation.test:
     [echo] Running mutation analysis ...
    [junit] MAJOR: Mutation analysis enabled
SLF4J: Failed to load class "org.slf4j.impl.StaticLoggerBinder".
SLF4J: Defaulting to no-operation (NOP) logger implementation
SLF4J: See http://www.slf4j.org/codes.html#StaticLoggerBinder for further details.
    [junit] MAJOR: ------------------------------------------------------------
    [junit] MAJOR: Run 3 ordered tests to verify independence
    [junit] MAJOR: ------------------------------------------------------------
    [junit] MAJOR: Preprocessing time: 3.06 seconds
    [junit] MAJOR: ------------------------------------------------------------
    [junit] MAJOR: Mutants generated: 216
    [junit] MAJOR: Mutants covered:   58 (26.85%)
    [junit] MAJOR: ------------------------------------------------------------
    [junit] MAJOR: Export test map to (testMap.csv)
    [junit] MAJOR: Export coverage map to (covMap.csv)
    [junit] MAJOR: Exclude 0 mutants
    [junit] MAJOR: ------------------------------------------------------------
    [junit] MAJOR: Run mutation analysis with 3 individual tests
    [junit] MAJOR: ------------------------------------------------------------
    [junit] MAJOR: 1/3 - org.apache.commons.math3.optimization.linear.SimplexSolver_ESTest2 (12ms / 11):
    [junit] MAJOR: 2635 (6 / 11 / 11) -> AVG-RTPM: 239ms
    [junit] MAJOR: Mutants killed / live: 6 (0-6-0) / 52
    [junit] MAJOR: ------------------------------------------------------------
    [junit] MAJOR: 2/3 - org.apache.commons.math3.optimization.linear.SimplexSolver_ESTest1 (14ms / 58):
    [junit] MAJOR: 22672 (25 / 58 / 58) -> AVG-RTPM: 345ms
    [junit] MAJOR: Mutants killed / live: 31 (0-30-1) / 27
    [junit] MAJOR: ------------------------------------------------------------
    [junit] MAJOR: 3/3 - org.apache.commons.math3.optimization.linear.SimplexSolver_ESTest0 (53ms / 0):
    [junit] MAJOR: 22673 (0 / 0 / 0) -> AVG-RTPM: 0ms
    [junit] MAJOR: Mutants killed / live: 31 (0-30-1) / 27
    [junit] MAJOR: ------------------------------------------------------------
    [junit] MAJOR: Summary:
    [junit] MAJOR: 
    [junit] MAJOR: Analysis time:  22.7 seconds
    [junit] MAJOR: Mutation score: 14.35% (53.45%)
    [junit] MAJOR: Mutants killed / live: 31 (0-30-1) / 27
    [junit] MAJOR: Mutant executions: 69
    [junit] MAJOR: ------------------------------------------------------------
    [junit] MAJOR: Export summary of results (to summary.csv)
    [junit] MAJOR: Export mutant kill details (to /tmp/run_mutation.pl_99465_1501171045/28f/kill.csv)
    [junit] MAJOR: Export kill map (to killMap.csv)!

BUILD SUCCESSFUL
Total time: 37 seconds
