
init:
     [echo] -------- Commons MATH 3.0-SNAPSHOT --------

compile:

check-availability:
     [echo] doing check-availability...

download-dependencies:
     [echo] doing download-dependencies...

download-junit:

compile.tests:
    [javac] Compiling 373 source files to /tmp/run_mutation.pl_99834_1501171148/29f/target/test-classes
    [javac] Note: Some input files use or override a deprecated API.
    [javac] Note: Recompile with -Xlint:deprecation for details.
    [javac] Note: Some input files use unchecked or unsafe operations.
    [javac] Note: Recompile with -Xlint:unchecked for details.
     [copy] Copying 23 files to /tmp/run_mutation.pl_99834_1501171148/29f/target/test-classes

update.all.tests:

mutation.test:
     [echo] Running mutation analysis ...
    [junit] MAJOR: Mutation analysis enabled
SLF4J: Failed to load class "org.slf4j.impl.StaticLoggerBinder".
SLF4J: Defaulting to no-operation (NOP) logger implementation
SLF4J: See http://www.slf4j.org/codes.html#StaticLoggerBinder for further details.
    [junit] MAJOR: ------------------------------------------------------------
    [junit] MAJOR: Run 71 ordered tests to verify independence
    [junit] MAJOR: ------------------------------------------------------------
    [junit] MAJOR: Preprocessing time: 46.37 seconds
    [junit] MAJOR: ------------------------------------------------------------
    [junit] MAJOR: Mutants generated: 480
    [junit] MAJOR: Mutants covered:   467 (97.29%)
    [junit] MAJOR: ------------------------------------------------------------
    [junit] MAJOR: Export test map to (testMap.csv)
    [junit] MAJOR: Export coverage map to (covMap.csv)
    [junit] MAJOR: Exclude 0 mutants
    [junit] MAJOR: ------------------------------------------------------------
    [junit] MAJOR: Run mutation analysis with 71 individual tests
    [junit] MAJOR: ------------------------------------------------------------
    [junit] MAJOR: 1/71 - org.apache.commons.math3.linear.OpenMapRealVector_ESTest6 (-301ms / 120):
    [junit] MAJOR: 157343 (35 / 120 / 120) -> AVG-RTPM: 1311ms
    [junit] MAJOR: Mutants killed / live: 35 (0-35-0) / 432
    [junit] MAJOR: ------------------------------------------------------------
    [junit] MAJOR: 2/71 - org.apache.commons.math3.linear.OpenMapRealVector_ESTest37 (7ms / 5):
    [junit] MAJOR: 167607 (1 / 5 / 5) -> AVG-RTPM: 2052ms
    [junit] MAJOR: Mutants killed / live: 36 (0-36-0) / 431
    [junit] MAJOR: ------------------------------------------------------------
    [junit] MAJOR: 3/71 - org.apache.commons.math3.linear.OpenMapRealVector_ESTest17 (8ms / 22):
    [junit] MAJOR: 209002 (4 / 22 / 22) -> AVG-RTPM: 1881ms
    [junit] MAJOR: Mutants killed / live: 40 (1-39-0) / 427
    [junit] MAJOR: ------------------------------------------------------------
    [junit] MAJOR: 4/71 - org.apache.commons.math3.linear.OpenMapRealVector_ESTest31 (8ms / 61):
    [junit] MAJOR: 276207 (32 / 61 / 61) -> AVG-RTPM: 1101ms
    [junit] MAJOR: Mutants killed / live: 72 (1-83-0) / 395
    [junit] MAJOR: ------------------------------------------------------------
    [junit] MAJOR: 5/71 - org.apache.commons.math3.linear.OpenMapRealVector_ESTest32 (8ms / 21):
    [junit] MAJOR: 280475 (14 / 21 / 21) -> AVG-RTPM: 203ms
    [junit] MAJOR: Mutants killed / live: 86 (1-104-0) / 381
    [junit] MAJOR: ------------------------------------------------------------
    [junit] MAJOR: 6/71 - org.apache.commons.math3.linear.OpenMapRealVector_ESTest38 (8ms / 50):
    [junit] MAJOR: 294729 (45 / 50 / 50) -> AVG-RTPM: 285ms
    [junit] MAJOR: Mutants killed / live: 131 (1-154-0) / 336
    [junit] MAJOR: ------------------------------------------------------------
    [junit] MAJOR: 7/71 - org.apache.commons.math3.linear.OpenMapRealVector_ESTest40 (8ms / 13):
    [junit] MAJOR: 297154 (0 / 13 / 13) -> AVG-RTPM: 186ms
    [junit] MAJOR: Mutants killed / live: 131 (1-167-0) / 336
    [junit] MAJOR: ------------------------------------------------------------
    [junit] MAJOR: 8/71 - org.apache.commons.math3.linear.OpenMapRealVector_ESTest43 (8ms / 25):
    [junit] MAJOR: 302097 (20 / 25 / 25) -> AVG-RTPM: 197ms
    [junit] MAJOR: Mutants killed / live: 151 (1-192-0) / 316
    [junit] MAJOR: ------------------------------------------------------------
    [junit] MAJOR: 9/71 - org.apache.commons.math3.linear.OpenMapRealVector_ESTest51 (8ms / 30):
    [junit] MAJOR: 308335 (16 / 30 / 30) -> AVG-RTPM: 207ms
    [junit] MAJOR: Mutants killed / live: 167 (1-222-0) / 300
    [junit] MAJOR: ------------------------------------------------------------
    [junit] MAJOR: 10/71 - org.apache.commons.math3.linear.OpenMapRealVector_ESTest54 (8ms / 87):
    [junit] MAJOR: 327799 (23 / 87 / 87) -> AVG-RTPM: 223ms
    [junit] MAJOR: Mutants killed / live: 190 (1-309-0) / 277
    [junit] MAJOR: ------------------------------------------------------------
    [junit] MAJOR: 11/71 - org.apache.commons.math3.linear.OpenMapRealVector_ESTest55 (8ms / 42):
    [junit] MAJOR: 338896 (12 / 42 / 42) -> AVG-RTPM: 264ms
    [junit] MAJOR: Mutants killed / live: 202 (1-351-0) / 265
    [junit] MAJOR: ------------------------------------------------------------
    [junit] MAJOR: 12/71 - org.apache.commons.math3.linear.OpenMapRealVector_ESTest61 (8ms / 115):
    [junit] MAJOR: 370891 (45 / 115 / 115) -> AVG-RTPM: 278ms
    [junit] MAJOR: Mutants killed / live: 247 (1-466-0) / 220
    [junit] MAJOR: ------------------------------------------------------------
    [junit] MAJOR: 13/71 - org.apache.commons.math3.linear.OpenMapRealVector_ESTest18 (9ms / 80):
    [junit] MAJOR: 392978 (34 / 80 / 80) -> AVG-RTPM: 276ms
    [junit] MAJOR: Mutants killed / live: 281 (1-546-0) / 186
    [junit] MAJOR: ------------------------------------------------------------
    [junit] MAJOR: 14/71 - org.apache.commons.math3.linear.OpenMapRealVector_ESTest33 (9ms / 110):
    [junit] MAJOR: 424468 (3 / 110 / 110) -> AVG-RTPM: 286ms
    [junit] MAJOR: Mutants killed / live: 284 (1-656-0) / 183
    [junit] MAJOR: ------------------------------------------------------------
    [junit] MAJOR: 15/71 - org.apache.commons.math3.linear.OpenMapRealVector_ESTest39 (9ms / 61):
    [junit] MAJOR: 441428 (0 / 61 / 61) -> AVG-RTPM: 278ms
    [junit] MAJOR: Mutants killed / live: 284 (1-717-0) / 183
    [junit] MAJOR: ------------------------------------------------------------
    [junit] MAJOR: 16/71 - org.apache.commons.math3.linear.OpenMapRealVector_ESTest41 (9ms / 41):
    [junit] MAJOR: 449822 (6 / 41 / 41) -> AVG-RTPM: 204ms
    [junit] MAJOR: Mutants killed / live: 290 (1-758-0) / 177
    [junit] MAJOR: ------------------------------------------------------------
    [junit] MAJOR: 17/71 - org.apache.commons.math3.linear.OpenMapRealVector_ESTest44 (9ms / 85):
    [junit] MAJOR: 461024 (3 / 85 / 85) -> AVG-RTPM: 131ms
    [junit] MAJOR: Mutants killed / live: 293 (1-815-26) / 174
    [junit] MAJOR: ------------------------------------------------------------
    [junit] MAJOR: 18/71 - org.apache.commons.math3.linear.OpenMapRealVector_ESTest50 (9ms / 2):
    [junit] MAJOR: 461697 (0 / 2 / 2) -> AVG-RTPM: 336ms
    [junit] MAJOR: Mutants killed / live: 293 (1-819-26) / 174
    [junit] MAJOR: ------------------------------------------------------------
    [junit] MAJOR: 19/71 - org.apache.commons.math3.linear.OpenMapRealVector_ESTest52 (9ms / 23):
    [junit] MAJOR: 466764 (2 / 23 / 23) -> AVG-RTPM: 220ms
    [junit] MAJOR: Mutants killed / live: 295 (1-842-26) / 172
    [junit] MAJOR: ------------------------------------------------------------
    [junit] MAJOR: 20/71 - org.apache.commons.math3.linear.OpenMapRealVector_ESTest56 (9ms / 71):
    [junit] MAJOR: 482681 (21 / 71 / 71) -> AVG-RTPM: 224ms
    [junit] MAJOR: Mutants killed / live: 316 (1-913-26) / 151
    [junit] MAJOR: ------------------------------------------------------------
    [junit] MAJOR: 21/71 - org.apache.commons.math3.linear.OpenMapRealVector_ESTest62 (9ms / 21):
    [junit] MAJOR: 488197 (1 / 21 / 21) -> AVG-RTPM: 262ms
    [junit] MAJOR: Mutants killed / live: 317 (1-934-26) / 150
    [junit] MAJOR: ------------------------------------------------------------
    [junit] MAJOR: 22/71 - org.apache.commons.math3.linear.OpenMapRealVector_ESTest63 (9ms / 3):
    [junit] MAJOR: 488718 (0 / 3 / 3) -> AVG-RTPM: 173ms
    [junit] MAJOR: Mutants killed / live: 317 (1-937-26) / 150
    [junit] MAJOR: ------------------------------------------------------------
    [junit] MAJOR: 23/71 - org.apache.commons.math3.linear.OpenMapRealVector_ESTest73 (9ms / 47):
    [junit] MAJOR: 502079 (8 / 47 / 47) -> AVG-RTPM: 284ms
    [junit] MAJOR: Mutants killed / live: 325 (1-984-26) / 142
    [junit] MAJOR: ------------------------------------------------------------
    [junit] MAJOR: 24/71 - org.apache.commons.math3.linear.OpenMapRealVector_ESTest8 (9ms / 3):
    [junit] MAJOR: 502761 (0 / 3 / 3) -> AVG-RTPM: 227ms
    [junit] MAJOR: Mutants killed / live: 325 (1-987-26) / 142
    [junit] MAJOR: ------------------------------------------------------------
    [junit] MAJOR: 25/71 - org.apache.commons.math3.linear.OpenMapRealVector_ESTest9 (9ms / 28):
    [junit] MAJOR: 510456 (0 / 28 / 28) -> AVG-RTPM: 274ms
    [junit] MAJOR: Mutants killed / live: 325 (1-1015-26) / 142
    [junit] MAJOR: ------------------------------------------------------------
    [junit] MAJOR: 26/71 - org.apache.commons.math3.linear.OpenMapRealVector_ESTest13 (10ms / 44):
    [junit] MAJOR: 520826 (0 / 44 / 44) -> AVG-RTPM: 235ms
    [junit] MAJOR: Mutants killed / live: 325 (1-1059-26) / 142
    [junit] MAJOR: ------------------------------------------------------------
    [junit] MAJOR: 27/71 - org.apache.commons.math3.linear.OpenMapRealVector_ESTest14 (10ms / 14):
    [junit] MAJOR: 524408 (0 / 14 / 14) -> AVG-RTPM: 255ms
    [junit] MAJOR: Mutants killed / live: 325 (1-1073-26) / 142
    [junit] MAJOR: ------------------------------------------------------------
    [junit] MAJOR: 28/71 - org.apache.commons.math3.linear.OpenMapRealVector_ESTest19 (10ms / 95):
    [junit] MAJOR: 550476 (3 / 95 / 95) -> AVG-RTPM: 274ms
    [junit] MAJOR: Mutants killed / live: 328 (1-1168-26) / 139
    [junit] MAJOR: ------------------------------------------------------------
    [junit] MAJOR: 29/71 - org.apache.commons.math3.linear.OpenMapRealVector_ESTest42 (10ms / 96):
    [junit] MAJOR: 578665 (1 / 96 / 96) -> AVG-RTPM: 293ms
    [junit] MAJOR: Mutants killed / live: 329 (1-1264-26) / 138
    [junit] MAJOR: ------------------------------------------------------------
    [junit] MAJOR: 30/71 - org.apache.commons.math3.linear.OpenMapRealVector_ESTest49 (10ms / 58):
    [junit] MAJOR: 592718 (0 / 58 / 58) -> AVG-RTPM: 242ms
    [junit] MAJOR: Mutants killed / live: 329 (1-1322-26) / 138
    [junit] MAJOR: ------------------------------------------------------------
    [junit] MAJOR: 31/71 - org.apache.commons.math3.linear.OpenMapRealVector_ESTest5 (10ms / 67):
    [junit] MAJOR: 611166 (5 / 67 / 67) -> AVG-RTPM: 275ms
    [junit] MAJOR: Mutants killed / live: 334 (1-1389-26) / 133
    [junit] MAJOR: ------------------------------------------------------------
    [junit] MAJOR: 32/71 - org.apache.commons.math3.linear.OpenMapRealVector_ESTest53 (10ms / 128):
    [junit] MAJOR: 651458 (17 / 128 / 128) -> AVG-RTPM: 314ms
    [junit] MAJOR: Mutants killed / live: 351 (1-1517-26) / 116
    [junit] MAJOR: ------------------------------------------------------------
    [junit] MAJOR: 33/71 - org.apache.commons.math3.linear.OpenMapRealVector_ESTest57 (10ms / 127):
    [junit] MAJOR: 690630 (0 / 127 / 127) -> AVG-RTPM: 308ms
    [junit] MAJOR: Mutants killed / live: 351 (1-1644-26) / 116
    [junit] MAJOR: ------------------------------------------------------------
    [junit] MAJOR: 34/71 - org.apache.commons.math3.linear.OpenMapRealVector_ESTest58 (10ms / 36):
    [junit] MAJOR: 701454 (0 / 36 / 36) -> AVG-RTPM: 300ms
    [junit] MAJOR: Mutants killed / live: 351 (1-1680-26) / 116
    [junit] MAJOR: ------------------------------------------------------------
    [junit] MAJOR: 35/71 - org.apache.commons.math3.linear.OpenMapRealVector_ESTest65 (10ms / 11):
    [junit] MAJOR: 704641 (0 / 11 / 11) -> AVG-RTPM: 289ms
    [junit] MAJOR: Mutants killed / live: 351 (1-1691-26) / 116
    [junit] MAJOR: ------------------------------------------------------------
    [junit] MAJOR: 36/71 - org.apache.commons.math3.linear.OpenMapRealVector_ESTest70 (10ms / 32):
    [junit] MAJOR: 711584 (0 / 32 / 32) -> AVG-RTPM: 216ms
    [junit] MAJOR: Mutants killed / live: 351 (1-1723-26) / 116
    [junit] MAJOR: ------------------------------------------------------------
    [junit] MAJOR: 37/71 - org.apache.commons.math3.linear.OpenMapRealVector_ESTest71 (10ms / 38):
    [junit] MAJOR: 723749 (0 / 38 / 38) -> AVG-RTPM: 320ms
    [junit] MAJOR: Mutants killed / live: 351 (1-1761-26) / 116
    [junit] MAJOR: ------------------------------------------------------------
    [junit] MAJOR: 38/71 - org.apache.commons.math3.linear.OpenMapRealVector_ESTest15 (11ms / 33):
    [junit] MAJOR: 730436 (0 / 33 / 33) -> AVG-RTPM: 202ms
    [junit] MAJOR: Mutants killed / live: 351 (1-1794-26) / 116
    [junit] MAJOR: ------------------------------------------------------------
    [junit] MAJOR: 39/71 - org.apache.commons.math3.linear.OpenMapRealVector_ESTest60 (11ms / 80):
    [junit] MAJOR: 753529 (0 / 80 / 80) -> AVG-RTPM: 288ms
    [junit] MAJOR: Mutants killed / live: 351 (1-1874-26) / 116
    [junit] MAJOR: ------------------------------------------------------------
    [junit] MAJOR: 40/71 - org.apache.commons.math3.linear.OpenMapRealVector_ESTest16 (12ms / 23):
    [junit] MAJOR: 759983 (0 / 23 / 23) -> AVG-RTPM: 280ms
    [junit] MAJOR: Mutants killed / live: 351 (1-1897-26) / 116
    [junit] MAJOR: ------------------------------------------------------------
    [junit] MAJOR: 41/71 - org.apache.commons.math3.linear.OpenMapRealVector_ESTest2 (12ms / 27):
    [junit] MAJOR: 766261 (1 / 27 / 27) -> AVG-RTPM: 232ms
    [junit] MAJOR: Mutants killed / live: 352 (1-1924-26) / 115
    [junit] MAJOR: ------------------------------------------------------------
    [junit] MAJOR: 42/71 - org.apache.commons.math3.linear.OpenMapRealVector_ESTest22 (12ms / 40):
    [junit] MAJOR: 775701 (0 / 40 / 40) -> AVG-RTPM: 236ms
    [junit] MAJOR: Mutants killed / live: 352 (1-1964-26) / 115
    [junit] MAJOR: ------------------------------------------------------------
    [junit] MAJOR: 43/71 - org.apache.commons.math3.linear.OpenMapRealVector_ESTest66 (12ms / 44):
    [junit] MAJOR: 785776 (11 / 44 / 44) -> AVG-RTPM: 228ms
    [junit] MAJOR: Mutants killed / live: 363 (1-2008-26) / 104
    [junit] MAJOR: ------------------------------------------------------------
    [junit] MAJOR: 44/71 - org.apache.commons.math3.linear.OpenMapRealVector_ESTest67 (12ms / 12):
    [junit] MAJOR: 788328 (0 / 12 / 12) -> AVG-RTPM: 212ms
    [junit] MAJOR: Mutants killed / live: 363 (1-2020-26) / 104
    [junit] MAJOR: ------------------------------------------------------------
    [junit] MAJOR: 45/71 - org.apache.commons.math3.linear.OpenMapRealVector_ESTest7 (12ms / 27):
    [junit] MAJOR: 795544 (0 / 27 / 27) -> AVG-RTPM: 267ms
    [junit] MAJOR: Mutants killed / live: 363 (1-2047-26) / 104
    [junit] MAJOR: ------------------------------------------------------------
    [junit] MAJOR: 46/71 - org.apache.commons.math3.linear.OpenMapRealVector_ESTest21 (13ms / 87):
    [junit] MAJOR: 818562 (11 / 87 / 87) -> AVG-RTPM: 264ms
    [junit] MAJOR: Mutants killed / live: 374 (1-2134-26) / 93
    [junit] MAJOR: ------------------------------------------------------------
    [junit] MAJOR: 47/71 - org.apache.commons.math3.linear.OpenMapRealVector_ESTest36 (13ms / 21):
    [junit] MAJOR: 822599 (0 / 21 / 21) -> AVG-RTPM: 192ms
    [junit] MAJOR: Mutants killed / live: 374 (1-2155-26) / 93
    [junit] MAJOR: ------------------------------------------------------------
    [junit] MAJOR: 48/71 - org.apache.commons.math3.linear.OpenMapRealVector_ESTest68 (13ms / 23):
    [junit] MAJOR: 828941 (0 / 23 / 23) -> AVG-RTPM: 275ms
    [junit] MAJOR: Mutants killed / live: 374 (1-2178-26) / 93
    [junit] MAJOR: ------------------------------------------------------------
    [junit] MAJOR: 49/71 - org.apache.commons.math3.linear.OpenMapRealVector_ESTest30 (14ms / 86):
    [junit] MAJOR: 853626 (1 / 86 / 86) -> AVG-RTPM: 287ms
    [junit] MAJOR: Mutants killed / live: 375 (1-2264-26) / 92
    [junit] MAJOR: ------------------------------------------------------------
    [junit] MAJOR: 50/71 - org.apache.commons.math3.linear.OpenMapRealVector_ESTest3 (15ms / 32):
    [junit] MAJOR: 862716 (0 / 32 / 32) -> AVG-RTPM: 284ms
    [junit] MAJOR: Mutants killed / live: 375 (1-2296-26) / 92
    [junit] MAJOR: ------------------------------------------------------------
    [junit] MAJOR: 51/71 - org.apache.commons.math3.linear.OpenMapRealVector_ESTest64 (15ms / 35):
    [junit] MAJOR: 873070 (7 / 35 / 35) -> AVG-RTPM: 295ms
    [junit] MAJOR: Mutants killed / live: 382 (1-2331-26) / 85
    [junit] MAJOR: ------------------------------------------------------------
    [junit] MAJOR: 52/71 - org.apache.commons.math3.linear.OpenMapRealVector_ESTest25 (16ms / 30):
    [junit] MAJOR: 880332 (0 / 30 / 30) -> AVG-RTPM: 242ms
    [junit] MAJOR: Mutants killed / live: 382 (1-2361-26) / 85
    [junit] MAJOR: ------------------------------------------------------------
    [junit] MAJOR: 53/71 - org.apache.commons.math3.linear.OpenMapRealVector_ESTest26 (17ms / 55):
    [junit] MAJOR: 895618 (0 / 55 / 55) -> AVG-RTPM: 277ms
    [junit] MAJOR: Mutants killed / live: 382 (1-2416-26) / 85
    [junit] MAJOR: ------------------------------------------------------------
    [junit] MAJOR: 54/71 - org.apache.commons.math3.linear.OpenMapRealVector_ESTest12 (19ms / 137):
    [junit] MAJOR: 935606 (14 / 137 / 137) -> AVG-RTPM: 291ms
    [junit] MAJOR: Mutants killed / live: 396 (1-2553-26) / 71
    [junit] MAJOR: ------------------------------------------------------------
    [junit] MAJOR: 55/71 - org.apache.commons.math3.linear.OpenMapRealVector_ESTest45 (19ms / 38):
    [junit] MAJOR: 946433 (0 / 38 / 38) -> AVG-RTPM: 284ms
    [junit] MAJOR: Mutants killed / live: 396 (1-2591-26) / 71
    [junit] MAJOR: ------------------------------------------------------------
    [junit] MAJOR: 56/71 - org.apache.commons.math3.linear.OpenMapRealVector_ESTest34 (20ms / 26):
    [junit] MAJOR: 952285 (0 / 26 / 26) -> AVG-RTPM: 225ms
    [junit] MAJOR: Mutants killed / live: 396 (1-2617-26) / 71
    [junit] MAJOR: ------------------------------------------------------------
    [junit] MAJOR: 57/71 - org.apache.commons.math3.linear.OpenMapRealVector_ESTest46 (23ms / 82):
    [junit] MAJOR: 974113 (31 / 82 / 82) -> AVG-RTPM: 266ms
    [junit] MAJOR: Mutants killed / live: 427 (1-2699-26) / 40
    [junit] MAJOR: ------------------------------------------------------------
    [junit] MAJOR: 58/71 - org.apache.commons.math3.linear.OpenMapRealVector_ESTest69 (23ms / 83):
    [junit] MAJOR: 992426 (0 / 83 / 83) -> AVG-RTPM: 220ms
    [junit] MAJOR: Mutants killed / live: 427 (1-2782-26) / 40
    [junit] MAJOR: ------------------------------------------------------------
    [junit] MAJOR: 59/71 - org.apache.commons.math3.linear.OpenMapRealVector_ESTest1 (24ms / 128):
    [junit] MAJOR: 1029623 (0 / 128 / 128) -> AVG-RTPM: 290ms
    [junit] MAJOR: Mutants killed / live: 427 (1-2910-26) / 40
    [junit] MAJOR: ------------------------------------------------------------
    [junit] MAJOR: 60/71 - org.apache.commons.math3.linear.OpenMapRealVector_ESTest35 (27ms / 24):
    [junit] MAJOR: 1034861 (0 / 24 / 24) -> AVG-RTPM: 218ms
    [junit] MAJOR: Mutants killed / live: 427 (1-2934-26) / 40
    [junit] MAJOR: ------------------------------------------------------------
    [junit] MAJOR: 61/71 - org.apache.commons.math3.linear.OpenMapRealVector_ESTest47 (28ms / 21):
    [junit] MAJOR: 1041223 (0 / 21 / 21) -> AVG-RTPM: 302ms
    [junit] MAJOR: Mutants killed / live: 427 (1-2955-26) / 40
    [junit] MAJOR: ------------------------------------------------------------
    [junit] MAJOR: 62/71 - org.apache.commons.math3.linear.OpenMapRealVector_ESTest59 (29ms / 50):
    [junit] MAJOR: 1053815 (0 / 50 / 50) -> AVG-RTPM: 251ms
    [junit] MAJOR: Mutants killed / live: 427 (1-3005-26) / 40
    [junit] MAJOR: ------------------------------------------------------------
    [junit] MAJOR: 63/71 - org.apache.commons.math3.linear.OpenMapRealVector_ESTest11 (33ms / 37):
    [junit] MAJOR: 1064524 (14 / 37 / 37) -> AVG-RTPM: 289ms
    [junit] MAJOR: Mutants killed / live: 441 (1-3042-26) / 26
    [junit] MAJOR: ------------------------------------------------------------
    [junit] MAJOR: 64/71 - org.apache.commons.math3.linear.OpenMapRealVector_ESTest24 (38ms / 43):
    [junit] MAJOR: 1074895 (0 / 43 / 43) -> AVG-RTPM: 241ms
    [junit] MAJOR: Mutants killed / live: 441 (1-3085-26) / 26
    [junit] MAJOR: ------------------------------------------------------------
    [junit] MAJOR: 65/71 - org.apache.commons.math3.linear.OpenMapRealVector_ESTest10 (41ms / 73):
    [junit] MAJOR: 1095304 (0 / 73 / 73) -> AVG-RTPM: 279ms
    [junit] MAJOR: Mutants killed / live: 441 (1-3158-26) / 26
    [junit] MAJOR: ------------------------------------------------------------
    [junit] MAJOR: 66/71 - org.apache.commons.math3.linear.OpenMapRealVector_ESTest0 (44ms / 0):
    [junit] MAJOR: 1095305 (0 / 0 / 0) -> AVG-RTPM: 0ms
    [junit] MAJOR: Mutants killed / live: 441 (1-3158-26) / 26
    [junit] MAJOR: ------------------------------------------------------------
    [junit] MAJOR: 67/71 - org.apache.commons.math3.linear.OpenMapRealVector_ESTest4 (47ms / 164):
    [junit] MAJOR: 1143355 (0 / 164 / 164) -> AVG-RTPM: 292ms
    [junit] MAJOR: Mutants killed / live: 441 (1-3322-26) / 26
    [junit] MAJOR: ------------------------------------------------------------
    [junit] MAJOR: 68/71 - org.apache.commons.math3.linear.OpenMapRealVector_ESTest72 (48ms / 120):
    [junit] MAJOR: 1177924 (26 / 120 / 120) -> AVG-RTPM: 288ms
    [junit] MAJOR: Mutants killed / live: 467 (1-3442-26) / 0
    [junit] MAJOR: ------------------------------------------------------------
    [junit] MAJOR: 69/71 - org.apache.commons.math3.linear.OpenMapRealVector_ESTest23 (50ms / 70):
    [junit] MAJOR: 1198672 (0 / 70 / 70) -> AVG-RTPM: 296ms
    [junit] MAJOR: Mutants killed / live: 467 (1-3512-26) / 0
    [junit] MAJOR: ------------------------------------------------------------
    [junit] MAJOR: 70/71 - org.apache.commons.math3.linear.OpenMapRealVector_ESTest27 (53ms / 80):
    [junit] MAJOR: 1221109 (0 / 80 / 80) -> AVG-RTPM: 280ms
    [junit] MAJOR: Mutants killed / live: 467 (1-3592-26) / 0
    [junit] MAJOR: ------------------------------------------------------------
    [junit] MAJOR: 71/71 - org.apache.commons.math3.linear.OpenMapRealVector_ESTest20 (113ms / 111):
    [junit] MAJOR: 1254305 (0 / 111 / 111) -> AVG-RTPM: 299ms
    [junit] MAJOR: Mutants killed / live: 467 (1-3703-26) / 0
    [junit] MAJOR: ------------------------------------------------------------
    [junit] MAJOR: Summary:
    [junit] MAJOR: 
    [junit] MAJOR: Analysis time:  1254.3 seconds
    [junit] MAJOR: Mutation score: 97.29% (100.00%)
    [junit] MAJOR: Mutants killed / live: 467 (1-3703-26) / 0
    [junit] MAJOR: Mutant executions: 3854
    [junit] MAJOR: ------------------------------------------------------------
    [junit] MAJOR: Export summary of results (to summary.csv)
    [junit] MAJOR: Export mutant kill details (to /tmp/run_mutation.pl_99834_1501171148/29f/kill.csv)
    [junit] MAJOR: Export kill map (to killMap.csv)!

BUILD SUCCESSFUL
Total time: 21 minutes 52 seconds
