
init:
     [echo] -------- Commons MATH 3.0-SNAPSHOT --------

compile:

check-availability:
     [echo] doing check-availability...

download-dependencies:
     [echo] doing download-dependencies...

download-junit:

compile.tests:
    [javac] Compiling 373 source files to /tmp/run_mutation.pl_41744_1501565736/29f/target/test-classes
    [javac] Note: Some input files use or override a deprecated API.
    [javac] Note: Recompile with -Xlint:deprecation for details.
    [javac] Note: Some input files use unchecked or unsafe operations.
    [javac] Note: Recompile with -Xlint:unchecked for details.
     [copy] Copying 23 files to /tmp/run_mutation.pl_41744_1501565736/29f/target/test-classes

update.all.tests:

mutation.test:
     [echo] Running mutation analysis ...
    [junit] MAJOR: Mutation analysis enabled
SLF4J: Failed to load class "org.slf4j.impl.StaticLoggerBinder".
SLF4J: Defaulting to no-operation (NOP) logger implementation
SLF4J: See http://www.slf4j.org/codes.html#StaticLoggerBinder for further details.
    [junit] MAJOR: ------------------------------------------------------------
    [junit] MAJOR: Run 60 ordered tests to verify independence
    [junit] MAJOR: ------------------------------------------------------------
    [junit] MAJOR: Preprocessing time: 28.05 seconds
    [junit] MAJOR: ------------------------------------------------------------
    [junit] MAJOR: Mutants generated: 480
    [junit] MAJOR: Mutants covered:   420 (87.50%)
    [junit] MAJOR: ------------------------------------------------------------
    [junit] MAJOR: Export test map to (testMap.csv)
    [junit] MAJOR: Export coverage map to (covMap.csv)
    [junit] MAJOR: Exclude 0 mutants
    [junit] MAJOR: ------------------------------------------------------------
    [junit] MAJOR: Run mutation analysis with 60 individual tests
    [junit] MAJOR: ------------------------------------------------------------
    [junit] MAJOR: 1/60 - org.apache.commons.math3.linear.OpenMapRealVector_ESTest5 (7ms / 61):
    [junit] MAJOR: 40535 (37 / 61 / 61) -> AVG-RTPM: 664ms
    [junit] MAJOR: Mutants killed / live: 37 (32-5-0) / 383
    [junit] MAJOR: ------------------------------------------------------------
    [junit] MAJOR: 2/60 - org.apache.commons.math3.linear.OpenMapRealVector_ESTest21 (8ms / 81):
    [junit] MAJOR: 141939 (11 / 81 / 81) -> AVG-RTPM: 1251ms
    [junit] MAJOR: Mutants killed / live: 48 (32-19-0) / 372
    [junit] MAJOR: ------------------------------------------------------------
    [junit] MAJOR: 3/60 - org.apache.commons.math3.linear.OpenMapRealVector_ESTest24 (8ms / 12):
    [junit] MAJOR: 164415 (4 / 12 / 12) -> AVG-RTPM: 1873ms
    [junit] MAJOR: Mutants killed / live: 52 (38-19-0) / 368
    [junit] MAJOR: ------------------------------------------------------------
    [junit] MAJOR: 4/60 - org.apache.commons.math3.linear.OpenMapRealVector_ESTest30 (8ms / 90):
    [junit] MAJOR: 399309 (13 / 90 / 90) -> AVG-RTPM: 2609ms
    [junit] MAJOR: Mutants killed / live: 66 (47-33-1) / 354
    [junit] MAJOR: ------------------------------------------------------------
    [junit] MAJOR: 5/60 - org.apache.commons.math3.linear.OpenMapRealVector_ESTest32 (8ms / 61):
    [junit] MAJOR: 423968 (41 / 61 / 61) -> AVG-RTPM: 404ms
    [junit] MAJOR: Mutants killed / live: 107 (47-94-1) / 313
    [junit] MAJOR: ------------------------------------------------------------
    [junit] MAJOR: 6/60 - org.apache.commons.math3.linear.OpenMapRealVector_ESTest43 (8ms / 28):
    [junit] MAJOR: 431036 (6 / 28 / 28) -> AVG-RTPM: 252ms
    [junit] MAJOR: Mutants killed / live: 113 (47-122-1) / 307
    [junit] MAJOR: ------------------------------------------------------------
    [junit] MAJOR: 7/60 - org.apache.commons.math3.linear.OpenMapRealVector_ESTest50 (8ms / 2):
    [junit] MAJOR: 431557 (0 / 2 / 2) -> AVG-RTPM: 260ms
    [junit] MAJOR: Mutants killed / live: 113 (47-124-1) / 307
    [junit] MAJOR: ------------------------------------------------------------
    [junit] MAJOR: 8/60 - org.apache.commons.math3.linear.OpenMapRealVector_ESTest59 (8ms / 71):
    [junit] MAJOR: 449409 (42 / 71 / 71) -> AVG-RTPM: 251ms
    [junit] MAJOR: Mutants killed / live: 155 (47-195-1) / 265
    [junit] MAJOR: ------------------------------------------------------------
    [junit] MAJOR: 9/60 - org.apache.commons.math3.linear.OpenMapRealVector_ESTest60 (8ms / 52):
    [junit] MAJOR: 466495 (19 / 52 / 52) -> AVG-RTPM: 328ms
    [junit] MAJOR: Mutants killed / live: 174 (47-247-1) / 246
    [junit] MAJOR: ------------------------------------------------------------
    [junit] MAJOR: 10/60 - org.apache.commons.math3.linear.OpenMapRealVector_ESTest7 (8ms / 24):
    [junit] MAJOR: 472424 (0 / 24 / 24) -> AVG-RTPM: 247ms
    [junit] MAJOR: Mutants killed / live: 174 (47-271-1) / 246
    [junit] MAJOR: ------------------------------------------------------------
    [junit] MAJOR: 11/60 - org.apache.commons.math3.linear.OpenMapRealVector_ESTest22 (9ms / 95):
    [junit] MAJOR: 502050 (12 / 95 / 95) -> AVG-RTPM: 311ms
    [junit] MAJOR: Mutants killed / live: 186 (47-366-1) / 234
    [junit] MAJOR: ------------------------------------------------------------
    [junit] MAJOR: 12/60 - org.apache.commons.math3.linear.OpenMapRealVector_ESTest23 (9ms / 80):
    [junit] MAJOR: 522666 (1 / 80 / 80) -> AVG-RTPM: 257ms
    [junit] MAJOR: Mutants killed / live: 187 (47-446-1) / 233
    [junit] MAJOR: ------------------------------------------------------------
    [junit] MAJOR: 13/60 - org.apache.commons.math3.linear.OpenMapRealVector_ESTest3 (9ms / 0):
    [junit] MAJOR: 522666 (0 / 0 / 0) -> AVG-RTPM: 0ms
    [junit] MAJOR: Mutants killed / live: 187 (47-446-1) / 233
    [junit] MAJOR: ------------------------------------------------------------
    [junit] MAJOR: 14/60 - org.apache.commons.math3.linear.OpenMapRealVector_ESTest31 (9ms / 43):
    [junit] MAJOR: 532932 (14 / 43 / 43) -> AVG-RTPM: 238ms
    [junit] MAJOR: Mutants killed / live: 201 (47-489-1) / 219
    [junit] MAJOR: ------------------------------------------------------------
    [junit] MAJOR: 15/60 - org.apache.commons.math3.linear.OpenMapRealVector_ESTest34 (9ms / 40):
    [junit] MAJOR: 541004 (0 / 40 / 40) -> AVG-RTPM: 201ms
    [junit] MAJOR: Mutants killed / live: 201 (47-529-1) / 219
    [junit] MAJOR: ------------------------------------------------------------
    [junit] MAJOR: 16/60 - org.apache.commons.math3.linear.OpenMapRealVector_ESTest35 (9ms / 36):
    [junit] MAJOR: 551311 (1 / 36 / 36) -> AVG-RTPM: 286ms
    [junit] MAJOR: Mutants killed / live: 202 (47-565-1) / 218
    [junit] MAJOR: ------------------------------------------------------------
    [junit] MAJOR: 17/60 - org.apache.commons.math3.linear.OpenMapRealVector_ESTest42 (9ms / 27):
    [junit] MAJOR: 559437 (1 / 27 / 27) -> AVG-RTPM: 300ms
    [junit] MAJOR: Mutants killed / live: 203 (47-592-1) / 217
    [junit] MAJOR: ------------------------------------------------------------
    [junit] MAJOR: 18/60 - org.apache.commons.math3.linear.OpenMapRealVector_ESTest53 (9ms / 7):
    [junit] MAJOR: 561113 (0 / 7 / 7) -> AVG-RTPM: 239ms
    [junit] MAJOR: Mutants killed / live: 203 (47-599-1) / 217
    [junit] MAJOR: ------------------------------------------------------------
    [junit] MAJOR: 19/60 - org.apache.commons.math3.linear.OpenMapRealVector_ESTest54 (9ms / 93):
    [junit] MAJOR: 584727 (43 / 93 / 93) -> AVG-RTPM: 253ms
    [junit] MAJOR: Mutants killed / live: 246 (47-692-1) / 174
    [junit] MAJOR: ------------------------------------------------------------
    [junit] MAJOR: 20/60 - org.apache.commons.math3.linear.OpenMapRealVector_ESTest56 (9ms / 92):
    [junit] MAJOR: 614692 (30 / 92 / 92) -> AVG-RTPM: 325ms
    [junit] MAJOR: Mutants killed / live: 276 (47-784-1) / 144
    [junit] MAJOR: ------------------------------------------------------------
    [junit] MAJOR: 21/60 - org.apache.commons.math3.linear.OpenMapRealVector_ESTest62 (9ms / 76):
    [junit] MAJOR: 639875 (6 / 76 / 76) -> AVG-RTPM: 331ms
    [junit] MAJOR: Mutants killed / live: 282 (47-860-1) / 138
    [junit] MAJOR: ------------------------------------------------------------
    [junit] MAJOR: 22/60 - org.apache.commons.math3.linear.OpenMapRealVector_ESTest63 (9ms / 5):
    [junit] MAJOR: 641691 (1 / 5 / 5) -> AVG-RTPM: 363ms
    [junit] MAJOR: Mutants killed / live: 283 (47-865-1) / 137
    [junit] MAJOR: ------------------------------------------------------------
    [junit] MAJOR: 23/60 - org.apache.commons.math3.linear.OpenMapRealVector_ESTest64 (9ms / 21):
    [junit] MAJOR: 646891 (0 / 21 / 21) -> AVG-RTPM: 247ms
    [junit] MAJOR: Mutants killed / live: 283 (47-886-1) / 137
    [junit] MAJOR: ------------------------------------------------------------
    [junit] MAJOR: 24/60 - org.apache.commons.math3.linear.OpenMapRealVector_ESTest66 (9ms / 39):
    [junit] MAJOR: 656688 (1 / 39 / 39) -> AVG-RTPM: 251ms
    [junit] MAJOR: Mutants killed / live: 284 (47-925-1) / 136
    [junit] MAJOR: ------------------------------------------------------------
    [junit] MAJOR: 25/60 - org.apache.commons.math3.linear.OpenMapRealVector_ESTest9 (9ms / 91):
    [junit] MAJOR: 685829 (9 / 91 / 91) -> AVG-RTPM: 320ms
    [junit] MAJOR: Mutants killed / live: 293 (47-1016-1) / 127
    [junit] MAJOR: ------------------------------------------------------------
    [junit] MAJOR: 26/60 - org.apache.commons.math3.linear.OpenMapRealVector_ESTest18 (10ms / 119):
    [junit] MAJOR: 727365 (20 / 119 / 119) -> AVG-RTPM: 349ms
    [junit] MAJOR: Mutants killed / live: 313 (47-1135-1) / 107
    [junit] MAJOR: ------------------------------------------------------------
    [junit] MAJOR: 27/60 - org.apache.commons.math3.linear.OpenMapRealVector_ESTest19 (10ms / 28):
    [junit] MAJOR: 734334 (1 / 28 / 28) -> AVG-RTPM: 248ms
    [junit] MAJOR: Mutants killed / live: 314 (47-1163-1) / 106
    [junit] MAJOR: ------------------------------------------------------------
    [junit] MAJOR: 28/60 - org.apache.commons.math3.linear.OpenMapRealVector_ESTest2 (10ms / 51):
    [junit] MAJOR: 747027 (0 / 51 / 51) -> AVG-RTPM: 248ms
    [junit] MAJOR: Mutants killed / live: 314 (47-1214-1) / 106
    [junit] MAJOR: ------------------------------------------------------------
    [junit] MAJOR: 29/60 - org.apache.commons.math3.linear.OpenMapRealVector_ESTest26 (10ms / 61):
    [junit] MAJOR: 761996 (0 / 61 / 61) -> AVG-RTPM: 245ms
    [junit] MAJOR: Mutants killed / live: 314 (47-1275-1) / 106
    [junit] MAJOR: ------------------------------------------------------------
    [junit] MAJOR: 30/60 - org.apache.commons.math3.linear.OpenMapRealVector_ESTest27 (10ms / 104):
    [junit] MAJOR: 795530 (8 / 104 / 104) -> AVG-RTPM: 322ms
    [junit] MAJOR: Mutants killed / live: 322 (47-1379-1) / 98
    [junit] MAJOR: ------------------------------------------------------------
    [junit] MAJOR: 31/60 - org.apache.commons.math3.linear.OpenMapRealVector_ESTest4 (10ms / 105):
    [junit] MAJOR: 830962 (8 / 105 / 105) -> AVG-RTPM: 337ms
    [junit] MAJOR: Mutants killed / live: 330 (47-1484-1) / 90
    [junit] MAJOR: ------------------------------------------------------------
    [junit] MAJOR: 32/60 - org.apache.commons.math3.linear.OpenMapRealVector_ESTest47 (10ms / 27):
    [junit] MAJOR: 839720 (0 / 27 / 27) -> AVG-RTPM: 324ms
    [junit] MAJOR: Mutants killed / live: 330 (47-1511-1) / 90
    [junit] MAJOR: ------------------------------------------------------------
    [junit] MAJOR: 33/60 - org.apache.commons.math3.linear.OpenMapRealVector_ESTest48 (10ms / 44):
    [junit] MAJOR: 851019 (1 / 44 / 44) -> AVG-RTPM: 256ms
    [junit] MAJOR: Mutants killed / live: 331 (47-1555-1) / 89
    [junit] MAJOR: ------------------------------------------------------------
    [junit] MAJOR: 34/60 - org.apache.commons.math3.linear.OpenMapRealVector_ESTest49 (10ms / 21):
    [junit] MAJOR: 857378 (0 / 21 / 21) -> AVG-RTPM: 302ms
    [junit] MAJOR: Mutants killed / live: 331 (47-1576-1) / 89
    [junit] MAJOR: ------------------------------------------------------------
    [junit] MAJOR: 35/60 - org.apache.commons.math3.linear.OpenMapRealVector_ESTest15 (11ms / 4):
    [junit] MAJOR: 858422 (0 / 4 / 4) -> AVG-RTPM: 260ms
    [junit] MAJOR: Mutants killed / live: 331 (47-1580-1) / 89
    [junit] MAJOR: ------------------------------------------------------------
    [junit] MAJOR: 36/60 - org.apache.commons.math3.linear.OpenMapRealVector_ESTest20 (11ms / 21):
    [junit] MAJOR: 863867 (0 / 21 / 21) -> AVG-RTPM: 259ms
    [junit] MAJOR: Mutants killed / live: 331 (47-1601-1) / 89
    [junit] MAJOR: ------------------------------------------------------------
    [junit] MAJOR: 37/60 - org.apache.commons.math3.linear.OpenMapRealVector_ESTest39 (11ms / 35):
    [junit] MAJOR: 873177 (1 / 35 / 35) -> AVG-RTPM: 265ms
    [junit] MAJOR: Mutants killed / live: 332 (47-1636-1) / 88
    [junit] MAJOR: ------------------------------------------------------------
    [junit] MAJOR: 38/60 - org.apache.commons.math3.linear.OpenMapRealVector_ESTest8 (11ms / 27):
    [junit] MAJOR: 880724 (0 / 27 / 27) -> AVG-RTPM: 279ms
    [junit] MAJOR: Mutants killed / live: 332 (47-1663-1) / 88
    [junit] MAJOR: ------------------------------------------------------------
    [junit] MAJOR: 39/60 - org.apache.commons.math3.linear.OpenMapRealVector_ESTest12 (12ms / 79):
    [junit] MAJOR: 906535 (1 / 79 / 79) -> AVG-RTPM: 326ms
    [junit] MAJOR: Mutants killed / live: 333 (47-1742-1) / 87
    [junit] MAJOR: ------------------------------------------------------------
    [junit] MAJOR: 40/60 - org.apache.commons.math3.linear.OpenMapRealVector_ESTest36 (12ms / 30):
    [junit] MAJOR: 916456 (3 / 30 / 30) -> AVG-RTPM: 330ms
    [junit] MAJOR: Mutants killed / live: 336 (47-1772-1) / 84
    [junit] MAJOR: ------------------------------------------------------------
    [junit] MAJOR: 41/60 - org.apache.commons.math3.linear.OpenMapRealVector_ESTest44 (12ms / 35):
    [junit] MAJOR: 925509 (0 / 35 / 35) -> AVG-RTPM: 258ms
    [junit] MAJOR: Mutants killed / live: 336 (47-1807-1) / 84
    [junit] MAJOR: ------------------------------------------------------------
    [junit] MAJOR: 42/60 - org.apache.commons.math3.linear.OpenMapRealVector_ESTest52 (12ms / 2):
    [junit] MAJOR: 926070 (0 / 2 / 2) -> AVG-RTPM: 280ms
    [junit] MAJOR: Mutants killed / live: 336 (47-1809-1) / 84
    [junit] MAJOR: ------------------------------------------------------------
    [junit] MAJOR: 43/60 - org.apache.commons.math3.linear.OpenMapRealVector_ESTest41 (13ms / 63):
    [junit] MAJOR: 947523 (6 / 63 / 63) -> AVG-RTPM: 340ms
    [junit] MAJOR: Mutants killed / live: 342 (47-1872-1) / 78
    [junit] MAJOR: ------------------------------------------------------------
    [junit] MAJOR: 44/60 - org.apache.commons.math3.linear.OpenMapRealVector_ESTest46 (13ms / 4):
    [junit] MAJOR: 948566 (0 / 4 / 4) -> AVG-RTPM: 260ms
    [junit] MAJOR: Mutants killed / live: 342 (47-1876-1) / 78
    [junit] MAJOR: ------------------------------------------------------------
    [junit] MAJOR: 45/60 - org.apache.commons.math3.linear.OpenMapRealVector_ESTest58 (13ms / 113):
    [junit] MAJOR: 989128 (26 / 113 / 113) -> AVG-RTPM: 358ms
    [junit] MAJOR: Mutants killed / live: 368 (47-1989-1) / 52
    [junit] MAJOR: ------------------------------------------------------------
    [junit] MAJOR: 46/60 - org.apache.commons.math3.linear.OpenMapRealVector_ESTest65 (13ms / 44):
    [junit] MAJOR: 1006683 (0 / 44 / 44) -> AVG-RTPM: 398ms
    [junit] MAJOR: Mutants killed / live: 368 (47-2033-1) / 52
    [junit] MAJOR: ------------------------------------------------------------
    [junit] MAJOR: 47/60 - org.apache.commons.math3.linear.OpenMapRealVector_ESTest14 (14ms / 42):
    [junit] MAJOR: 1018264 (20 / 42 / 42) -> AVG-RTPM: 275ms
    [junit] MAJOR: Mutants killed / live: 388 (47-2075-1) / 32
    [junit] MAJOR: ------------------------------------------------------------
    [junit] MAJOR: 48/60 - org.apache.commons.math3.linear.OpenMapRealVector_ESTest37 (14ms / 12):
    [junit] MAJOR: 1022039 (0 / 12 / 12) -> AVG-RTPM: 314ms
    [junit] MAJOR: Mutants killed / live: 388 (47-2087-1) / 32
    [junit] MAJOR: ------------------------------------------------------------
    [junit] MAJOR: 49/60 - org.apache.commons.math3.linear.OpenMapRealVector_ESTest6 (14ms / 66):
    [junit] MAJOR: 1046271 (0 / 66 / 66) -> AVG-RTPM: 367ms
    [junit] MAJOR: Mutants killed / live: 388 (47-2153-1) / 32
    [junit] MAJOR: ------------------------------------------------------------
    [junit] MAJOR: 50/60 - org.apache.commons.math3.linear.OpenMapRealVector_ESTest10 (15ms / 66):
    [junit] MAJOR: 1070919 (0 / 66 / 66) -> AVG-RTPM: 373ms
    [junit] MAJOR: Mutants killed / live: 388 (47-2219-1) / 32
    [junit] MAJOR: ------------------------------------------------------------
    [junit] MAJOR: 51/60 - org.apache.commons.math3.linear.OpenMapRealVector_ESTest29 (15ms / 25):
    [junit] MAJOR: 1077554 (0 / 25 / 25) -> AVG-RTPM: 265ms
    [junit] MAJOR: Mutants killed / live: 388 (47-2244-1) / 32
    [junit] MAJOR: ------------------------------------------------------------
    [junit] MAJOR: 52/60 - org.apache.commons.math3.linear.OpenMapRealVector_ESTest11 (19ms / 118):
    [junit] MAJOR: 1109066 (4 / 118 / 118) -> AVG-RTPM: 267ms
    [junit] MAJOR: Mutants killed / live: 392 (47-2362-1) / 28
    [junit] MAJOR: ------------------------------------------------------------
    [junit] MAJOR: 53/60 - org.apache.commons.math3.linear.OpenMapRealVector_ESTest16 (21ms / 39):
    [junit] MAJOR: 1120069 (3 / 39 / 39) -> AVG-RTPM: 282ms
    [junit] MAJOR: Mutants killed / live: 395 (47-2401-1) / 25
    [junit] MAJOR: ------------------------------------------------------------
    [junit] MAJOR: 54/60 - org.apache.commons.math3.linear.OpenMapRealVector_ESTest33 (22ms / 38):
    [junit] MAJOR: 1129925 (0 / 38 / 38) -> AVG-RTPM: 259ms
    [junit] MAJOR: Mutants killed / live: 395 (47-2439-1) / 25
    [junit] MAJOR: ------------------------------------------------------------
    [junit] MAJOR: 55/60 - org.apache.commons.math3.linear.OpenMapRealVector_ESTest25 (26ms / 78):
    [junit] MAJOR: 1150668 (1 / 78 / 78) -> AVG-RTPM: 265ms
    [junit] MAJOR: Mutants killed / live: 396 (47-2517-1) / 24
    [junit] MAJOR: ------------------------------------------------------------
    [junit] MAJOR: 56/60 - org.apache.commons.math3.linear.OpenMapRealVector_ESTest51 (29ms / 139):
    [junit] MAJOR: 1204368 (22 / 139 / 139) -> AVG-RTPM: 386ms
    [junit] MAJOR: Mutants killed / live: 418 (47-2656-1) / 2
    [junit] MAJOR: ------------------------------------------------------------
    [junit] MAJOR: 57/60 - org.apache.commons.math3.linear.OpenMapRealVector_ESTest55 (30ms / 133):
    [junit] MAJOR: 1254998 (0 / 133 / 133) -> AVG-RTPM: 380ms
    [junit] MAJOR: Mutants killed / live: 418 (47-2789-1) / 2
    [junit] MAJOR: ------------------------------------------------------------
    [junit] MAJOR: 58/60 - org.apache.commons.math3.linear.OpenMapRealVector_ESTest17 (32ms / 79):
    [junit] MAJOR: 1283060 (0 / 79 / 79) -> AVG-RTPM: 355ms
    [junit] MAJOR: Mutants killed / live: 418 (47-2868-1) / 2
    [junit] MAJOR: ------------------------------------------------------------
    [junit] MAJOR: 59/60 - org.apache.commons.math3.linear.OpenMapRealVector_ESTest0 (45ms / 159):
    [junit] MAJOR: 1334961 (1 / 159 / 159) -> AVG-RTPM: 326ms
    [junit] MAJOR: Mutants killed / live: 419 (47-3027-1) / 1
    [junit] MAJOR: ------------------------------------------------------------
    [junit] MAJOR: 60/60 - org.apache.commons.math3.linear.OpenMapRealVector_ESTest28 (46ms / 62):
    [junit] MAJOR: 1347845 (0 / 62 / 62) -> AVG-RTPM: 207ms
    [junit] MAJOR: Mutants killed / live: 419 (47-3089-1) / 1
    [junit] MAJOR: ------------------------------------------------------------
    [junit] MAJOR: Summary:
    [junit] MAJOR: 
    [junit] MAJOR: Analysis time:  1347.8 seconds
    [junit] MAJOR: Mutation score: 87.29% (99.76%)
    [junit] MAJOR: Mutants killed / live: 419 (47-3089-1) / 1
    [junit] MAJOR: Mutant executions: 3300
    [junit] MAJOR: ------------------------------------------------------------
    [junit] MAJOR: Export summary of results (to summary.csv)
    [junit] MAJOR: Export mutant kill details (to /tmp/run_mutation.pl_41744_1501565736/29f/kill.csv)
    [junit] MAJOR: Export kill map (to killMap.csv)!

BUILD SUCCESSFUL
Total time: 23 minutes 5 seconds
