
init:
     [echo] -------- Commons MATH 3.0-SNAPSHOT --------

compile:

check-availability:
     [echo] doing check-availability...

download-dependencies:
     [echo] doing download-dependencies...

download-junit:

compile.tests:
    [javac] Compiling 358 source files to /tmp/run_mutation.pl_42573_1483672940/34f/target/test-classes
    [javac] Note: Some input files use or override a deprecated API.
    [javac] Note: Recompile with -Xlint:deprecation for details.
    [javac] Note: /tmp/run_mutation.pl_42573_1483672940/34f/src/test/java/org/apache/commons/math3/PerfTestUtils.java uses unchecked or unsafe operations.
    [javac] Note: Recompile with -Xlint:unchecked for details.
     [copy] Copying 13 files to /tmp/run_mutation.pl_42573_1483672940/34f/target/test-classes

update.all.tests:

mutation.test:
     [echo] Running mutation analysis ...
    [junit] MAJOR: Mutation analysis enabled
SLF4J: Failed to load class "org.slf4j.impl.StaticLoggerBinder".
SLF4J: Defaulting to no-operation (NOP) logger implementation
SLF4J: See http://www.slf4j.org/codes.html#StaticLoggerBinder for further details.
    [junit] MAJOR: ------------------------------------------------------------
    [junit] MAJOR: Run 16 ordered tests to verify independence
    [junit] MAJOR: ------------------------------------------------------------
    [junit] MAJOR: Preprocessing time: 3.58 seconds
    [junit] MAJOR: ------------------------------------------------------------
    [junit] MAJOR: Mutants generated: 88
    [junit] MAJOR: Mutants covered:   85 (96.59%)
    [junit] MAJOR: ------------------------------------------------------------
    [junit] MAJOR: Export test map to (testMap.csv)
    [junit] MAJOR: Export coverage map to (covMap.csv)
    [junit] MAJOR: Exclude 0 mutants
    [junit] MAJOR: ------------------------------------------------------------
    [junit] MAJOR: Run mutation analysis with 16 individual tests
    [junit] MAJOR: ------------------------------------------------------------
    [junit] MAJOR: 1/16 - org.apache.commons.math3.genetics.ListPopulation_ESTest15 (8ms / 48):
    [junit] MAJOR: 6238 (28 / 48 / 48) -> AVG-RTPM: 129ms
    [junit] MAJOR: Mutants killed / live: 28 (3-25-0) / 57
    [junit] MAJOR: ------------------------------------------------------------
    [junit] MAJOR: 2/16 - org.apache.commons.math3.genetics.ListPopulation_ESTest2 (8ms / 22):
    [junit] MAJOR: 10345 (1 / 22 / 22) -> AVG-RTPM: 186ms
    [junit] MAJOR: Mutants killed / live: 29 (3-38-0) / 56
    [junit] MAJOR: ------------------------------------------------------------
    [junit] MAJOR: 3/16 - org.apache.commons.math3.genetics.ListPopulation_ESTest3 (8ms / 22):
    [junit] MAJOR: 15787 (0 / 22 / 22) -> AVG-RTPM: 247ms
    [junit] MAJOR: Mutants killed / live: 29 (4-49-0) / 56
    [junit] MAJOR: ------------------------------------------------------------
    [junit] MAJOR: 4/16 - org.apache.commons.math3.genetics.ListPopulation_ESTest5 (8ms / 12):
    [junit] MAJOR: 19213 (0 / 12 / 12) -> AVG-RTPM: 285ms
    [junit] MAJOR: Mutants killed / live: 29 (4-49-0) / 56
    [junit] MAJOR: ------------------------------------------------------------
    [junit] MAJOR: 5/16 - org.apache.commons.math3.genetics.ListPopulation_ESTest6 (8ms / 20):
    [junit] MAJOR: 25954 (2 / 20 / 20) -> AVG-RTPM: 337ms
    [junit] MAJOR: Mutants killed / live: 31 (8-49-0) / 54
    [junit] MAJOR: ------------------------------------------------------------
    [junit] MAJOR: 6/16 - org.apache.commons.math3.genetics.ListPopulation_ESTest7 (8ms / 34):
    [junit] MAJOR: 41412 (6 / 34 / 34) -> AVG-RTPM: 454ms
    [junit] MAJOR: Mutants killed / live: 37 (9-67-0) / 48
    [junit] MAJOR: ------------------------------------------------------------
    [junit] MAJOR: 7/16 - org.apache.commons.math3.genetics.ListPopulation_ESTest8 (8ms / 25):
    [junit] MAJOR: 56472 (1 / 25 / 25) -> AVG-RTPM: 602ms
    [junit] MAJOR: Mutants killed / live: 38 (9-80-0) / 47
    [junit] MAJOR: ------------------------------------------------------------
    [junit] MAJOR: 8/16 - org.apache.commons.math3.genetics.ListPopulation_ESTest9 (8ms / 33):
    [junit] MAJOR: 77872 (3 / 33 / 33) -> AVG-RTPM: 648ms
    [junit] MAJOR: Mutants killed / live: 41 (13-92-0) / 44
    [junit] MAJOR: ------------------------------------------------------------
    [junit] MAJOR: 9/16 - org.apache.commons.math3.genetics.ListPopulation_ESTest11 (9ms / 59):
    [junit] MAJOR: 124621 (14 / 59 / 59) -> AVG-RTPM: 792ms
    [junit] MAJOR: Mutants killed / live: 55 (22-126-0) / 30
    [junit] MAJOR: ------------------------------------------------------------
    [junit] MAJOR: 10/16 - org.apache.commons.math3.genetics.ListPopulation_ESTest12 (9ms / 31):
    [junit] MAJOR: 129662 (10 / 31 / 31) -> AVG-RTPM: 162ms
    [junit] MAJOR: Mutants killed / live: 65 (22-157-0) / 20
    [junit] MAJOR: ------------------------------------------------------------
    [junit] MAJOR: 11/16 - org.apache.commons.math3.genetics.ListPopulation_ESTest13 (9ms / 39):
    [junit] MAJOR: 135905 (9 / 39 / 39) -> AVG-RTPM: 160ms
    [junit] MAJOR: Mutants killed / live: 74 (22-196-0) / 11
    [junit] MAJOR: ------------------------------------------------------------
    [junit] MAJOR: 12/16 - org.apache.commons.math3.genetics.ListPopulation_ESTest14 (12ms / 31):
    [junit] MAJOR: 141006 (0 / 31 / 31) -> AVG-RTPM: 164ms
    [junit] MAJOR: Mutants killed / live: 74 (22-227-0) / 11
    [junit] MAJOR: ------------------------------------------------------------
    [junit] MAJOR: 13/16 - org.apache.commons.math3.genetics.ListPopulation_ESTest4 (12ms / 3):
    [junit] MAJOR: 141461 (0 / 3 / 3) -> AVG-RTPM: 151ms
    [junit] MAJOR: Mutants killed / live: 74 (22-230-0) / 11
    [junit] MAJOR: ------------------------------------------------------------
    [junit] MAJOR: 14/16 - org.apache.commons.math3.genetics.ListPopulation_ESTest10 (20ms / 34):
    [junit] MAJOR: 146820 (4 / 34 / 34) -> AVG-RTPM: 157ms
    [junit] MAJOR: Mutants killed / live: 78 (22-264-0) / 7
    [junit] MAJOR: ------------------------------------------------------------
    [junit] MAJOR: 15/16 - org.apache.commons.math3.genetics.ListPopulation_ESTest1 (32ms / 22):
    [junit] MAJOR: 150368 (0 / 22 / 22) -> AVG-RTPM: 161ms
    [junit] MAJOR: Mutants killed / live: 78 (22-286-0) / 7
    [junit] MAJOR: ------------------------------------------------------------
    [junit] MAJOR: 16/16 - org.apache.commons.math3.genetics.ListPopulation_ESTest0 (59ms / 22):
    [junit] MAJOR: 153935 (0 / 22 / 22) -> AVG-RTPM: 162ms
    [junit] MAJOR: Mutants killed / live: 78 (22-308-0) / 7
    [junit] MAJOR: ------------------------------------------------------------
    [junit] MAJOR: Summary:
    [junit] MAJOR: 
    [junit] MAJOR: Analysis time:  153.9 seconds
    [junit] MAJOR: Mutation score: 88.64% (91.76%)
    [junit] MAJOR: Mutants killed / live: 78 (22-308-0) / 7
    [junit] MAJOR: Mutant executions: 457
    [junit] MAJOR: ------------------------------------------------------------
    [junit] MAJOR: Export summary of results (to summary.csv)
    [junit] MAJOR: Export mutant kill details (to /tmp/run_mutation.pl_42573_1483672940/34f/kill.csv)
    [junit] MAJOR: Export kill map (to killMap.csv)!

BUILD SUCCESSFUL
Total time: 2 minutes 46 seconds
