
init:
     [echo] -------- Commons MATH 3.0-SNAPSHOT --------

compile:

check-availability:
     [echo] doing check-availability...

download-dependencies:
     [echo] doing download-dependencies...

download-junit:

compile.tests:
    [javac] Compiling 360 source files to /tmp/run_mutation.pl_50638_1483673171/37f/target/test-classes
    [javac] Note: Some input files use or override a deprecated API.
    [javac] Note: Recompile with -Xlint:deprecation for details.
    [javac] Note: /tmp/run_mutation.pl_50638_1483673171/37f/src/test/java/org/apache/commons/math/PerfTestUtils.java uses unchecked or unsafe operations.
    [javac] Note: Recompile with -Xlint:unchecked for details.
     [copy] Copying 13 files to /tmp/run_mutation.pl_50638_1483673171/37f/target/test-classes

update.all.tests:

mutation.test:
     [echo] Running mutation analysis ...
    [junit] MAJOR: Mutation analysis enabled
SLF4J: Failed to load class "org.slf4j.impl.StaticLoggerBinder".
SLF4J: Defaulting to no-operation (NOP) logger implementation
SLF4J: See http://www.slf4j.org/codes.html#StaticLoggerBinder for further details.
    [junit] MAJOR: ------------------------------------------------------------
    [junit] MAJOR: Run 73 ordered tests to verify independence
    [junit] MAJOR: ------------------------------------------------------------
    [junit] MAJOR: Preprocessing time: 23.13 seconds
    [junit] MAJOR: ------------------------------------------------------------
    [junit] MAJOR: Mutants generated: 860
    [junit] MAJOR: Mutants covered:   860 (100.00%)
    [junit] MAJOR: ------------------------------------------------------------
    [junit] MAJOR: Export test map to (testMap.csv)
    [junit] MAJOR: Export coverage map to (covMap.csv)
    [junit] MAJOR: Exclude 0 mutants
    [junit] MAJOR: ------------------------------------------------------------
    [junit] MAJOR: Run mutation analysis with 73 individual tests
    [junit] MAJOR: ------------------------------------------------------------
    [junit] MAJOR: 1/73 - org.apache.commons.math.complex.Complex_ESTest13 (7ms / 54):
    [junit] MAJOR: 26873 (8 / 54 / 54) -> AVG-RTPM: 497ms
    [junit] MAJOR: Mutants killed / live: 8 (8-0-0) / 852
    [junit] MAJOR: ------------------------------------------------------------
    [junit] MAJOR: 2/73 - org.apache.commons.math.complex.Complex_ESTest19 (7ms / 58):
    [junit] MAJOR: 73364 (0 / 58 / 58) -> AVG-RTPM: 801ms
    [junit] MAJOR: Mutants killed / live: 8 (8-0-0) / 852
    [junit] MAJOR: ------------------------------------------------------------
    [junit] MAJOR: 3/73 - org.apache.commons.math.complex.Complex_ESTest2 (7ms / 81):
    [junit] MAJOR: 185239 (38 / 81 / 81) -> AVG-RTPM: 1381ms
    [junit] MAJOR: Mutants killed / live: 46 (46-0-0) / 814
    [junit] MAJOR: ------------------------------------------------------------
    [junit] MAJOR: 4/73 - org.apache.commons.math.complex.Complex_ESTest30 (7ms / 420):
    [junit] MAJOR: 378248 (360 / 420 / 420) -> AVG-RTPM: 459ms
    [junit] MAJOR: Mutants killed / live: 406 (46-375-2) / 454
    [junit] MAJOR: ------------------------------------------------------------
    [junit] MAJOR: 5/73 - org.apache.commons.math.complex.Complex_ESTest31 (7ms / 284):
    [junit] MAJOR: 464636 (30 / 284 / 284) -> AVG-RTPM: 304ms
    [junit] MAJOR: Mutants killed / live: 436 (46-659-2) / 424
    [junit] MAJOR: ------------------------------------------------------------
    [junit] MAJOR: 6/73 - org.apache.commons.math.complex.Complex_ESTest32 (7ms / 188):
    [junit] MAJOR: 521932 (20 / 188 / 188) -> AVG-RTPM: 304ms
    [junit] MAJOR: Mutants killed / live: 456 (46-847-2) / 404
    [junit] MAJOR: ------------------------------------------------------------
    [junit] MAJOR: 7/73 - org.apache.commons.math.complex.Complex_ESTest33 (7ms / 271):
    [junit] MAJOR: 602812 (50 / 271 / 271) -> AVG-RTPM: 298ms
    [junit] MAJOR: Mutants killed / live: 506 (46-1118-2) / 354
    [junit] MAJOR: ------------------------------------------------------------
    [junit] MAJOR: 8/73 - org.apache.commons.math.complex.Complex_ESTest34 (7ms / 109):
    [junit] MAJOR: 636177 (71 / 109 / 109) -> AVG-RTPM: 306ms
    [junit] MAJOR: Mutants killed / live: 577 (46-1227-2) / 283
    [junit] MAJOR: ------------------------------------------------------------
    [junit] MAJOR: 9/73 - org.apache.commons.math.complex.Complex_ESTest35 (7ms / 43):
    [junit] MAJOR: 648858 (0 / 43 / 43) -> AVG-RTPM: 294ms
    [junit] MAJOR: Mutants killed / live: 577 (46-1270-2) / 283
    [junit] MAJOR: ------------------------------------------------------------
    [junit] MAJOR: 10/73 - org.apache.commons.math.complex.Complex_ESTest36 (7ms / 348):
    [junit] MAJOR: 757405 (85 / 348 / 348) -> AVG-RTPM: 311ms
    [junit] MAJOR: Mutants killed / live: 662 (46-1618-2) / 198
    [junit] MAJOR: ------------------------------------------------------------
    [junit] MAJOR: 11/73 - org.apache.commons.math.complex.Complex_ESTest37 (7ms / 70):
    [junit] MAJOR: 778790 (1 / 70 / 70) -> AVG-RTPM: 305ms
    [junit] MAJOR: Mutants killed / live: 663 (46-1688-2) / 197
    [junit] MAJOR: ------------------------------------------------------------
    [junit] MAJOR: 12/73 - org.apache.commons.math.complex.Complex_ESTest39 (7ms / 51):
    [junit] MAJOR: 794689 (2 / 51 / 51) -> AVG-RTPM: 311ms
    [junit] MAJOR: Mutants killed / live: 665 (46-1739-2) / 195
    [junit] MAJOR: ------------------------------------------------------------
    [junit] MAJOR: 13/73 - org.apache.commons.math.complex.Complex_ESTest4 (7ms / 344):
    [junit] MAJOR: 897139 (26 / 344 / 344) -> AVG-RTPM: 297ms
    [junit] MAJOR: Mutants killed / live: 691 (46-2083-2) / 169
    [junit] MAJOR: ------------------------------------------------------------
    [junit] MAJOR: 14/73 - org.apache.commons.math.complex.Complex_ESTest40 (7ms / 80):
    [junit] MAJOR: 920859 (0 / 80 / 80) -> AVG-RTPM: 296ms
    [junit] MAJOR: Mutants killed / live: 691 (46-2163-2) / 169
    [junit] MAJOR: ------------------------------------------------------------
    [junit] MAJOR: 15/73 - org.apache.commons.math.complex.Complex_ESTest41 (7ms / 180):
    [junit] MAJOR: 975368 (0 / 180 / 180) -> AVG-RTPM: 302ms
    [junit] MAJOR: Mutants killed / live: 691 (46-2343-2) / 169
    [junit] MAJOR: ------------------------------------------------------------
    [junit] MAJOR: 16/73 - org.apache.commons.math.complex.Complex_ESTest43 (7ms / 93):
    [junit] MAJOR: 1001679 (5 / 93 / 93) -> AVG-RTPM: 282ms
    [junit] MAJOR: Mutants killed / live: 696 (46-2436-2) / 164
    [junit] MAJOR: ------------------------------------------------------------
    [junit] MAJOR: 17/73 - org.apache.commons.math.complex.Complex_ESTest44 (7ms / 190):
    [junit] MAJOR: 1058391 (0 / 190 / 190) -> AVG-RTPM: 298ms
    [junit] MAJOR: Mutants killed / live: 696 (46-2626-2) / 164
    [junit] MAJOR: ------------------------------------------------------------
    [junit] MAJOR: 18/73 - org.apache.commons.math.complex.Complex_ESTest45 (7ms / 300):
    [junit] MAJOR: 1150519 (4 / 300 / 300) -> AVG-RTPM: 307ms
    [junit] MAJOR: Mutants killed / live: 700 (46-2926-2) / 160
    [junit] MAJOR: ------------------------------------------------------------
    [junit] MAJOR: 19/73 - org.apache.commons.math.complex.Complex_ESTest46 (7ms / 401):
    [junit] MAJOR: 1270408 (43 / 401 / 401) -> AVG-RTPM: 298ms
    [junit] MAJOR: Mutants killed / live: 743 (46-3327-2) / 117
    [junit] MAJOR: ------------------------------------------------------------
    [junit] MAJOR: 20/73 - org.apache.commons.math.complex.Complex_ESTest47 (7ms / 261):
    [junit] MAJOR: 1350889 (0 / 261 / 261) -> AVG-RTPM: 308ms
    [junit] MAJOR: Mutants killed / live: 743 (46-3588-2) / 117
    [junit] MAJOR: ------------------------------------------------------------
    [junit] MAJOR: 21/73 - org.apache.commons.math.complex.Complex_ESTest48 (7ms / 169):
    [junit] MAJOR: 1404166 (9 / 169 / 169) -> AVG-RTPM: 315ms
    [junit] MAJOR: Mutants killed / live: 752 (46-3757-2) / 108
    [junit] MAJOR: ------------------------------------------------------------
    [junit] MAJOR: 22/73 - org.apache.commons.math.complex.Complex_ESTest49 (7ms / 35):
    [junit] MAJOR: 1414081 (0 / 35 / 35) -> AVG-RTPM: 283ms
    [junit] MAJOR: Mutants killed / live: 752 (46-3792-2) / 108
    [junit] MAJOR: ------------------------------------------------------------
    [junit] MAJOR: 23/73 - org.apache.commons.math.complex.Complex_ESTest5 (7ms / 64):
    [junit] MAJOR: 1433573 (0 / 64 / 64) -> AVG-RTPM: 304ms
    [junit] MAJOR: Mutants killed / live: 752 (46-3856-2) / 108
    [junit] MAJOR: ------------------------------------------------------------
    [junit] MAJOR: 24/73 - org.apache.commons.math.complex.Complex_ESTest50 (7ms / 281):
    [junit] MAJOR: 1521464 (15 / 281 / 281) -> AVG-RTPM: 312ms
    [junit] MAJOR: Mutants killed / live: 767 (46-4137-2) / 93
    [junit] MAJOR: ------------------------------------------------------------
    [junit] MAJOR: 25/73 - org.apache.commons.math.complex.Complex_ESTest51 (7ms / 218):
    [junit] MAJOR: 1587966 (0 / 218 / 218) -> AVG-RTPM: 305ms
    [junit] MAJOR: Mutants killed / live: 767 (46-4355-2) / 93
    [junit] MAJOR: ------------------------------------------------------------
    [junit] MAJOR: 26/73 - org.apache.commons.math.complex.Complex_ESTest52 (7ms / 268):
    [junit] MAJOR: 1673017 (0 / 268 / 268) -> AVG-RTPM: 317ms
    [junit] MAJOR: Mutants killed / live: 767 (46-4623-2) / 93
    [junit] MAJOR: ------------------------------------------------------------
    [junit] MAJOR: 27/73 - org.apache.commons.math.complex.Complex_ESTest54 (7ms / 367):
    [junit] MAJOR: 1786127 (18 / 367 / 367) -> AVG-RTPM: 308ms
    [junit] MAJOR: Mutants killed / live: 785 (46-4990-2) / 75
    [junit] MAJOR: ------------------------------------------------------------
    [junit] MAJOR: 28/73 - org.apache.commons.math.complex.Complex_ESTest56 (7ms / 285):
    [junit] MAJOR: 1877233 (0 / 285 / 285) -> AVG-RTPM: 319ms
    [junit] MAJOR: Mutants killed / live: 785 (46-5275-2) / 75
    [junit] MAJOR: ------------------------------------------------------------
    [junit] MAJOR: 29/73 - org.apache.commons.math.complex.Complex_ESTest57 (7ms / 127):
    [junit] MAJOR: 1921974 (0 / 127 / 127) -> AVG-RTPM: 352ms
    [junit] MAJOR: Mutants killed / live: 785 (46-5402-2) / 75
    [junit] MAJOR: ------------------------------------------------------------
    [junit] MAJOR: 30/73 - org.apache.commons.math.complex.Complex_ESTest58 (7ms / 99):
    [junit] MAJOR: 1955391 (0 / 99 / 99) -> AVG-RTPM: 337ms
    [junit] MAJOR: Mutants killed / live: 785 (46-5501-2) / 75
    [junit] MAJOR: ------------------------------------------------------------
    [junit] MAJOR: 31/73 - org.apache.commons.math.complex.Complex_ESTest64 (7ms / 171):
    [junit] MAJOR: 2011869 (0 / 171 / 171) -> AVG-RTPM: 330ms
    [junit] MAJOR: Mutants killed / live: 785 (46-5672-2) / 75
    [junit] MAJOR: ------------------------------------------------------------
    [junit] MAJOR: 32/73 - org.apache.commons.math.complex.Complex_ESTest65 (7ms / 78):
    [junit] MAJOR: 2037936 (0 / 78 / 78) -> AVG-RTPM: 334ms
    [junit] MAJOR: Mutants killed / live: 785 (46-5750-2) / 75
    [junit] MAJOR: ------------------------------------------------------------
    [junit] MAJOR: 33/73 - org.apache.commons.math.complex.Complex_ESTest66 (7ms / 62):
    [junit] MAJOR: 2057728 (0 / 62 / 62) -> AVG-RTPM: 319ms
    [junit] MAJOR: Mutants killed / live: 785 (46-5812-2) / 75
    [junit] MAJOR: ------------------------------------------------------------
    [junit] MAJOR: 34/73 - org.apache.commons.math.complex.Complex_ESTest67 (7ms / 237):
    [junit] MAJOR: 2138451 (0 / 237 / 237) -> AVG-RTPM: 340ms
    [junit] MAJOR: Mutants killed / live: 785 (46-6049-2) / 75
    [junit] MAJOR: ------------------------------------------------------------
    [junit] MAJOR: 35/73 - org.apache.commons.math.complex.Complex_ESTest68 (7ms / 85):
    [junit] MAJOR: 2167186 (0 / 85 / 85) -> AVG-RTPM: 338ms
    [junit] MAJOR: Mutants killed / live: 785 (46-6134-2) / 75
    [junit] MAJOR: ------------------------------------------------------------
    [junit] MAJOR: 36/73 - org.apache.commons.math.complex.Complex_ESTest70 (7ms / 92):
    [junit] MAJOR: 2195136 (2 / 92 / 92) -> AVG-RTPM: 303ms
    [junit] MAJOR: Mutants killed / live: 787 (46-6226-2) / 73
    [junit] MAJOR: ------------------------------------------------------------
    [junit] MAJOR: 37/73 - org.apache.commons.math.complex.Complex_ESTest8 (7ms / 57):
    [junit] MAJOR: 2213640 (0 / 57 / 57) -> AVG-RTPM: 324ms
    [junit] MAJOR: Mutants killed / live: 787 (46-6283-2) / 73
    [junit] MAJOR: ------------------------------------------------------------
    [junit] MAJOR: 38/73 - org.apache.commons.math.complex.Complex_ESTest9 (7ms / 131):
    [junit] MAJOR: 2256443 (0 / 131 / 131) -> AVG-RTPM: 326ms
    [junit] MAJOR: Mutants killed / live: 787 (46-6414-2) / 73
    [junit] MAJOR: ------------------------------------------------------------
    [junit] MAJOR: 39/73 - org.apache.commons.math.complex.Complex_ESTest1 (8ms / 393):
    [junit] MAJOR: 2385262 (0 / 393 / 393) -> AVG-RTPM: 327ms
    [junit] MAJOR: Mutants killed / live: 787 (46-6807-2) / 73
    [junit] MAJOR: ------------------------------------------------------------
    [junit] MAJOR: 40/73 - org.apache.commons.math.complex.Complex_ESTest11 (8ms / 310):
    [junit] MAJOR: 2489505 (0 / 310 / 310) -> AVG-RTPM: 336ms
    [junit] MAJOR: Mutants killed / live: 787 (46-7117-2) / 73
    [junit] MAJOR: ------------------------------------------------------------
    [junit] MAJOR: 41/73 - org.apache.commons.math.complex.Complex_ESTest12 (8ms / 337):
    [junit] MAJOR: 2599937 (0 / 337 / 337) -> AVG-RTPM: 327ms
    [junit] MAJOR: Mutants killed / live: 787 (46-7454-2) / 73
    [junit] MAJOR: ------------------------------------------------------------
    [junit] MAJOR: 42/73 - org.apache.commons.math.complex.Complex_ESTest15 (8ms / 227):
    [junit] MAJOR: 2674028 (0 / 227 / 227) -> AVG-RTPM: 326ms
    [junit] MAJOR: Mutants killed / live: 787 (46-7681-2) / 73
    [junit] MAJOR: ------------------------------------------------------------
    [junit] MAJOR: 43/73 - org.apache.commons.math.complex.Complex_ESTest17 (8ms / 207):
    [junit] MAJOR: 2742124 (0 / 207 / 207) -> AVG-RTPM: 328ms
    [junit] MAJOR: Mutants killed / live: 787 (46-7888-2) / 73
    [junit] MAJOR: ------------------------------------------------------------
    [junit] MAJOR: 44/73 - org.apache.commons.math.complex.Complex_ESTest20 (8ms / 114):
    [junit] MAJOR: 2778667 (1 / 114 / 114) -> AVG-RTPM: 320ms
    [junit] MAJOR: Mutants killed / live: 788 (46-8002-2) / 72
    [junit] MAJOR: ------------------------------------------------------------
    [junit] MAJOR: 45/73 - org.apache.commons.math.complex.Complex_ESTest23 (8ms / 85):
    [junit] MAJOR: 2807498 (0 / 85 / 85) -> AVG-RTPM: 339ms
    [junit] MAJOR: Mutants killed / live: 788 (46-8087-2) / 72
    [junit] MAJOR: ------------------------------------------------------------
    [junit] MAJOR: 46/73 - org.apache.commons.math.complex.Complex_ESTest25 (8ms / 86):
    [junit] MAJOR: 2836186 (0 / 86 / 86) -> AVG-RTPM: 333ms
    [junit] MAJOR: Mutants killed / live: 788 (46-8173-2) / 72
    [junit] MAJOR: ------------------------------------------------------------
    [junit] MAJOR: 47/73 - org.apache.commons.math.complex.Complex_ESTest26 (8ms / 42):
    [junit] MAJOR: 2850098 (0 / 42 / 42) -> AVG-RTPM: 331ms
    [junit] MAJOR: Mutants killed / live: 788 (46-8215-2) / 72
    [junit] MAJOR: ------------------------------------------------------------
    [junit] MAJOR: 48/73 - org.apache.commons.math.complex.Complex_ESTest55 (8ms / 266):
    [junit] MAJOR: 2938010 (0 / 266 / 266) -> AVG-RTPM: 330ms
    [junit] MAJOR: Mutants killed / live: 788 (46-8481-2) / 72
    [junit] MAJOR: ------------------------------------------------------------
    [junit] MAJOR: 49/73 - org.apache.commons.math.complex.Complex_ESTest63 (8ms / 276):
    [junit] MAJOR: 3029798 (0 / 276 / 276) -> AVG-RTPM: 332ms
    [junit] MAJOR: Mutants killed / live: 788 (46-8757-2) / 72
    [junit] MAJOR: ------------------------------------------------------------
    [junit] MAJOR: 50/73 - org.apache.commons.math.complex.Complex_ESTest7 (8ms / 329):
    [junit] MAJOR: 3138884 (0 / 329 / 329) -> AVG-RTPM: 331ms
    [junit] MAJOR: Mutants killed / live: 788 (46-9086-2) / 72
    [junit] MAJOR: ------------------------------------------------------------
    [junit] MAJOR: 51/73 - org.apache.commons.math.complex.Complex_ESTest71 (8ms / 91):
    [junit] MAJOR: 3169801 (0 / 91 / 91) -> AVG-RTPM: 339ms
    [junit] MAJOR: Mutants killed / live: 788 (46-9177-2) / 72
    [junit] MAJOR: ------------------------------------------------------------
    [junit] MAJOR: 52/73 - org.apache.commons.math.complex.Complex_ESTest72 (8ms / 368):
    [junit] MAJOR: 3289367 (23 / 368 / 368) -> AVG-RTPM: 324ms
    [junit] MAJOR: Mutants killed / live: 811 (46-9545-2) / 49
    [junit] MAJOR: ------------------------------------------------------------
    [junit] MAJOR: 53/73 - org.apache.commons.math.complex.Complex_ESTest10 (9ms / 247):
    [junit] MAJOR: 3369194 (1 / 247 / 247) -> AVG-RTPM: 323ms
    [junit] MAJOR: Mutants killed / live: 812 (46-9792-2) / 48
    [junit] MAJOR: ------------------------------------------------------------
    [junit] MAJOR: 54/73 - org.apache.commons.math.complex.Complex_ESTest16 (9ms / 164):
    [junit] MAJOR: 3422665 (0 / 164 / 164) -> AVG-RTPM: 326ms
    [junit] MAJOR: Mutants killed / live: 812 (46-9956-2) / 48
    [junit] MAJOR: ------------------------------------------------------------
    [junit] MAJOR: 55/73 - org.apache.commons.math.complex.Complex_ESTest22 (9ms / 130):
    [junit] MAJOR: 3465434 (0 / 130 / 130) -> AVG-RTPM: 328ms
    [junit] MAJOR: Mutants killed / live: 812 (46-10086-2) / 48
    [junit] MAJOR: ------------------------------------------------------------
    [junit] MAJOR: 56/73 - org.apache.commons.math.complex.Complex_ESTest24 (9ms / 90):
    [junit] MAJOR: 3494461 (0 / 90 / 90) -> AVG-RTPM: 322ms
    [junit] MAJOR: Mutants killed / live: 812 (46-10176-2) / 48
    [junit] MAJOR: ------------------------------------------------------------
    [junit] MAJOR: 57/73 - org.apache.commons.math.complex.Complex_ESTest29 (9ms / 189):
    [junit] MAJOR: 3555661 (39 / 189 / 189) -> AVG-RTPM: 322ms
    [junit] MAJOR: Mutants killed / live: 851 (46-10365-2) / 9
    [junit] MAJOR: ------------------------------------------------------------
    [junit] MAJOR: 58/73 - org.apache.commons.math.complex.Complex_ESTest42 (9ms / 169):
    [junit] MAJOR: 3610544 (0 / 169 / 169) -> AVG-RTPM: 324ms
    [junit] MAJOR: Mutants killed / live: 851 (46-10534-2) / 9
    [junit] MAJOR: ------------------------------------------------------------
    [junit] MAJOR: 59/73 - org.apache.commons.math.complex.Complex_ESTest59 (9ms / 100):
    [junit] MAJOR: 3643312 (0 / 100 / 100) -> AVG-RTPM: 327ms
    [junit] MAJOR: Mutants killed / live: 851 (46-10634-2) / 9
    [junit] MAJOR: ------------------------------------------------------------
    [junit] MAJOR: 60/73 - org.apache.commons.math.complex.Complex_ESTest62 (9ms / 352):
    [junit] MAJOR: 3759151 (0 / 352 / 352) -> AVG-RTPM: 329ms
    [junit] MAJOR: Mutants killed / live: 851 (46-10986-2) / 9
    [junit] MAJOR: ------------------------------------------------------------
    [junit] MAJOR: 61/73 - org.apache.commons.math.complex.Complex_ESTest3 (10ms / 424):
    [junit] MAJOR: 3898360 (0 / 424 / 424) -> AVG-RTPM: 328ms
    [junit] MAJOR: Mutants killed / live: 851 (46-11410-2) / 9
    [junit] MAJOR: ------------------------------------------------------------
    [junit] MAJOR: 62/73 - org.apache.commons.math.complex.Complex_ESTest53 (10ms / 173):
    [junit] MAJOR: 3956064 (0 / 173 / 173) -> AVG-RTPM: 333ms
    [junit] MAJOR: Mutants killed / live: 851 (46-11583-2) / 9
    [junit] MAJOR: ------------------------------------------------------------
    [junit] MAJOR: 63/73 - org.apache.commons.math.complex.Complex_ESTest61 (11ms / 398):
    [junit] MAJOR: 4089648 (5 / 398 / 398) -> AVG-RTPM: 335ms
    [junit] MAJOR: Mutants killed / live: 856 (46-11981-2) / 4
    [junit] MAJOR: ------------------------------------------------------------
    [junit] MAJOR: 64/73 - org.apache.commons.math.complex.Complex_ESTest14 (15ms / 238):
    [junit] MAJOR: 4169250 (0 / 238 / 238) -> AVG-RTPM: 334ms
    [junit] MAJOR: Mutants killed / live: 856 (46-12219-2) / 4
    [junit] MAJOR: ------------------------------------------------------------
    [junit] MAJOR: 65/73 - org.apache.commons.math.complex.Complex_ESTest0 (16ms / 157):
    [junit] MAJOR: 4222148 (0 / 157 / 157) -> AVG-RTPM: 336ms
    [junit] MAJOR: Mutants killed / live: 856 (46-12376-2) / 4
    [junit] MAJOR: ------------------------------------------------------------
    [junit] MAJOR: 66/73 - org.apache.commons.math.complex.Complex_ESTest69 (16ms / 490):
    [junit] MAJOR: 4385287 (0 / 490 / 490) -> AVG-RTPM: 332ms
    [junit] MAJOR: Mutants killed / live: 856 (46-12866-2) / 4
    [junit] MAJOR: ------------------------------------------------------------
    [junit] MAJOR: 67/73 - org.apache.commons.math.complex.Complex_ESTest18 (18ms / 488):
    [junit] MAJOR: 4550955 (0 / 488 / 488) -> AVG-RTPM: 339ms
    [junit] MAJOR: Mutants killed / live: 856 (46-13354-2) / 4
    [junit] MAJOR: ------------------------------------------------------------
    [junit] MAJOR: 68/73 - org.apache.commons.math.complex.Complex_ESTest21 (19ms / 73):
    [junit] MAJOR: 4576013 (4 / 73 / 73) -> AVG-RTPM: 343ms
    [junit] MAJOR: Mutants killed / live: 860 (46-13427-2) / 0
    [junit] MAJOR: ------------------------------------------------------------
    [junit] MAJOR: 69/73 - org.apache.commons.math.complex.Complex_ESTest28 (27ms / 122):
    [junit] MAJOR: 4617919 (0 / 122 / 122) -> AVG-RTPM: 343ms
    [junit] MAJOR: Mutants killed / live: 860 (46-13549-2) / 0
    [junit] MAJOR: ------------------------------------------------------------
    [junit] MAJOR: 70/73 - org.apache.commons.math.complex.Complex_ESTest6 (29ms / 104):
    [junit] MAJOR: 4654181 (0 / 104 / 104) -> AVG-RTPM: 348ms
    [junit] MAJOR: Mutants killed / live: 860 (46-13653-2) / 0
    [junit] MAJOR: ------------------------------------------------------------
    [junit] MAJOR: 71/73 - org.apache.commons.math.complex.Complex_ESTest60 (29ms / 388):
    [junit] MAJOR: 4791119 (0 / 388 / 388) -> AVG-RTPM: 352ms
    [junit] MAJOR: Mutants killed / live: 860 (46-14041-2) / 0
    [junit] MAJOR: ------------------------------------------------------------
    [junit] MAJOR: 72/73 - org.apache.commons.math.complex.Complex_ESTest27 (34ms / 137):
    [junit] MAJOR: 4840319 (0 / 137 / 137) -> AVG-RTPM: 359ms
    [junit] MAJOR: Mutants killed / live: 860 (46-14178-2) / 0
    [junit] MAJOR: ------------------------------------------------------------
    [junit] MAJOR: 73/73 - org.apache.commons.math.complex.Complex_ESTest38 (35ms / 237):
    [junit] MAJOR: 4924459 (0 / 237 / 237) -> AVG-RTPM: 355ms
    [junit] MAJOR: Mutants killed / live: 860 (46-14415-2) / 0
    [junit] MAJOR: ------------------------------------------------------------
    [junit] MAJOR: Summary:
    [junit] MAJOR: 
    [junit] MAJOR: Analysis time:  4924.5 seconds
    [junit] MAJOR: Mutation score: 100.00% (100.00%)
    [junit] MAJOR: Mutants killed / live: 860 (46-14415-2) / 0
    [junit] MAJOR: Mutant executions: 14653
    [junit] MAJOR: ------------------------------------------------------------
    [junit] MAJOR: Export summary of results (to summary.csv)
    [junit] MAJOR: Export mutant kill details (to /tmp/run_mutation.pl_50638_1483673171/37f/kill.csv)
    [junit] MAJOR: Export kill map (to killMap.csv)!

BUILD SUCCESSFUL
Total time: 82 minutes 33 seconds
