
init:
     [echo] -------- Commons MATH 3.0-SNAPSHOT --------

compile:

check-availability:
     [echo] doing check-availability...

download-dependencies:
     [echo] doing download-dependencies...

download-junit:

compile.tests:
    [javac] Compiling 355 source files to /tmp/run_mutation.pl_95094_1501571346/39f/target/test-classes
    [javac] Note: Some input files use or override a deprecated API.
    [javac] Note: Recompile with -Xlint:deprecation for details.
    [javac] Note: /tmp/run_mutation.pl_95094_1501571346/39f/src/test/java/org/apache/commons/math/PerfTestUtils.java uses unchecked or unsafe operations.
    [javac] Note: Recompile with -Xlint:unchecked for details.
     [copy] Copying 13 files to /tmp/run_mutation.pl_95094_1501571346/39f/target/test-classes

update.all.tests:

mutation.test:
     [echo] Running mutation analysis ...
    [junit] MAJOR: Mutation analysis enabled
SLF4J: Failed to load class "org.slf4j.impl.StaticLoggerBinder".
SLF4J: Defaulting to no-operation (NOP) logger implementation
SLF4J: See http://www.slf4j.org/codes.html#StaticLoggerBinder for further details.
    [junit] MAJOR: ------------------------------------------------------------
    [junit] MAJOR: Run 4 ordered tests to verify independence
    [junit] MAJOR: ------------------------------------------------------------
    [junit] MAJOR: Preprocessing time: 1.60 seconds
    [junit] MAJOR: ------------------------------------------------------------
    [junit] MAJOR: Mutants generated: 398
    [junit] MAJOR: Mutants covered:   35 (8.79%)
    [junit] MAJOR: ------------------------------------------------------------
    [junit] MAJOR: Export test map to (testMap.csv)
    [junit] MAJOR: Export coverage map to (covMap.csv)
    [junit] MAJOR: Exclude 0 mutants
    [junit] MAJOR: ------------------------------------------------------------
    [junit] MAJOR: Run mutation analysis with 4 individual tests
    [junit] MAJOR: ------------------------------------------------------------
    [junit] MAJOR: 1/4 - org.apache.commons.math.ode.nonstiff.EmbeddedRungeKuttaIntegrator_ESTest1 (10ms / 19):
    [junit] MAJOR: 2287 (12 / 19 / 19) -> AVG-RTPM: 120ms
    [junit] MAJOR: Mutants killed / live: 12 (12-0-0) / 23
    [junit] MAJOR: ------------------------------------------------------------
    [junit] MAJOR: 2/4 - org.apache.commons.math.ode.nonstiff.EmbeddedRungeKuttaIntegrator_ESTest3 (11ms / 19):
    [junit] MAJOR: 4689 (0 / 19 / 19) -> AVG-RTPM: 126ms
    [junit] MAJOR: Mutants killed / live: 12 (24-0-0) / 23
    [junit] MAJOR: ------------------------------------------------------------
    [junit] MAJOR: 3/4 - org.apache.commons.math.ode.nonstiff.EmbeddedRungeKuttaIntegrator_ESTest2 (13ms / 19):
    [junit] MAJOR: 7676 (0 / 19 / 19) -> AVG-RTPM: 157ms
    [junit] MAJOR: Mutants killed / live: 12 (36-0-0) / 23
    [junit] MAJOR: ------------------------------------------------------------
    [junit] MAJOR: 4/4 - org.apache.commons.math.ode.nonstiff.EmbeddedRungeKuttaIntegrator_ESTest0 (21ms / 19):
    [junit] MAJOR: 11674 (9 / 19 / 19) -> AVG-RTPM: 210ms
    [junit] MAJOR: Mutants killed / live: 21 (48-0-0) / 14
    [junit] MAJOR: ------------------------------------------------------------
    [junit] MAJOR: Summary:
    [junit] MAJOR: 
    [junit] MAJOR: Analysis time:  11.7 seconds
    [junit] MAJOR: Mutation score: 5.28% (60.00%)
    [junit] MAJOR: Mutants killed / live: 21 (48-0-0) / 14
    [junit] MAJOR: Mutant executions: 76
    [junit] MAJOR: ------------------------------------------------------------
    [junit] MAJOR: Export summary of results (to summary.csv)
    [junit] MAJOR: Export mutant kill details (to /tmp/run_mutation.pl_95094_1501571346/39f/kill.csv)
    [junit] MAJOR: Export kill map (to killMap.csv)!

BUILD SUCCESSFUL
Total time: 22 seconds
