
init:
     [echo] -------- Commons MATH 3.0-SNAPSHOT --------

compile:

check-availability:
     [echo] doing check-availability...

download-dependencies:
     [echo] doing download-dependencies...

download-junit:

compile.tests:
    [javac] Compiling 354 source files to /tmp/run_mutation.pl_125003_1501175822/40f/target/test-classes
    [javac] Note: Some input files use or override a deprecated API.
    [javac] Note: Recompile with -Xlint:deprecation for details.
    [javac] Note: /tmp/run_mutation.pl_125003_1501175822/40f/src/test/java/org/apache/commons/math/PerfTestUtils.java uses unchecked or unsafe operations.
    [javac] Note: Recompile with -Xlint:unchecked for details.
     [copy] Copying 13 files to /tmp/run_mutation.pl_125003_1501175822/40f/target/test-classes

update.all.tests:

mutation.test:
     [echo] Running mutation analysis ...
    [junit] MAJOR: Mutation analysis enabled
SLF4J: Failed to load class "org.slf4j.impl.StaticLoggerBinder".
SLF4J: Defaulting to no-operation (NOP) logger implementation
SLF4J: See http://www.slf4j.org/codes.html#StaticLoggerBinder for further details.
    [junit] MAJOR: ------------------------------------------------------------
    [junit] MAJOR: Run 18 ordered tests to verify independence
    [junit] MAJOR: ------------------------------------------------------------
    [junit] MAJOR: Preprocessing time: 6.54 seconds
    [junit] MAJOR: ------------------------------------------------------------
    [junit] MAJOR: Mutants generated: 656
    [junit] MAJOR: Mutants covered:   656 (100.00%)
    [junit] MAJOR: ------------------------------------------------------------
    [junit] MAJOR: Export test map to (testMap.csv)
    [junit] MAJOR: Export coverage map to (covMap.csv)
    [junit] MAJOR: Exclude 0 mutants
    [junit] MAJOR: ------------------------------------------------------------
    [junit] MAJOR: Run mutation analysis with 18 individual tests
    [junit] MAJOR: ------------------------------------------------------------
    [junit] MAJOR: 1/18 - org.apache.commons.math.analysis.solvers.BracketingNthOrderBrentSolver_ESTest17 (9ms / 397):
    [junit] MAJOR: 157318 (303 / 397 / 397) -> AVG-RTPM: 396ms
    [junit] MAJOR: Mutants killed / live: 303 (66-236-1) / 353
    [junit] MAJOR: ------------------------------------------------------------
    [junit] MAJOR: 2/18 - org.apache.commons.math.analysis.solvers.BracketingNthOrderBrentSolver_ESTest2 (9ms / 67):
    [junit] MAJOR: 167146 (31 / 67 / 67) -> AVG-RTPM: 146ms
    [junit] MAJOR: Mutants killed / live: 334 (66-303-1) / 322
    [junit] MAJOR: ------------------------------------------------------------
    [junit] MAJOR: 3/18 - org.apache.commons.math.analysis.solvers.BracketingNthOrderBrentSolver_ESTest3 (9ms / 12):
    [junit] MAJOR: 168693 (3 / 12 / 12) -> AVG-RTPM: 128ms
    [junit] MAJOR: Mutants killed / live: 337 (66-315-1) / 319
    [junit] MAJOR: ------------------------------------------------------------
    [junit] MAJOR: 4/18 - org.apache.commons.math.analysis.solvers.BracketingNthOrderBrentSolver_ESTest5 (9ms / 12):
    [junit] MAJOR: 170074 (12 / 12 / 12) -> AVG-RTPM: 115ms
    [junit] MAJOR: Mutants killed / live: 349 (66-327-1) / 307
    [junit] MAJOR: ------------------------------------------------------------
    [junit] MAJOR: 5/18 - org.apache.commons.math.analysis.solvers.BracketingNthOrderBrentSolver_ESTest6 (9ms / 54):
    [junit] MAJOR: 177893 (12 / 54 / 54) -> AVG-RTPM: 144ms
    [junit] MAJOR: Mutants killed / live: 361 (66-381-1) / 295
    [junit] MAJOR: ------------------------------------------------------------
    [junit] MAJOR: 6/18 - org.apache.commons.math.analysis.solvers.BracketingNthOrderBrentSolver_ESTest13 (10ms / 562):
    [junit] MAJOR: 259323 (249 / 562 / 562) -> AVG-RTPM: 144ms
    [junit] MAJOR: Mutants killed / live: 610 (66-943-1) / 46
    [junit] MAJOR: ------------------------------------------------------------
    [junit] MAJOR: 7/18 - org.apache.commons.math.analysis.solvers.BracketingNthOrderBrentSolver_ESTest16 (10ms / 539):
    [junit] MAJOR: 338286 (0 / 539 / 539) -> AVG-RTPM: 146ms
    [junit] MAJOR: Mutants killed / live: 610 (66-1482-1) / 46
    [junit] MAJOR: ------------------------------------------------------------
    [junit] MAJOR: 8/18 - org.apache.commons.math.analysis.solvers.BracketingNthOrderBrentSolver_ESTest4 (10ms / 12):
    [junit] MAJOR: 339876 (3 / 12 / 12) -> AVG-RTPM: 132ms
    [junit] MAJOR: Mutants killed / live: 613 (66-1494-1) / 43
    [junit] MAJOR: ------------------------------------------------------------
    [junit] MAJOR: 9/18 - org.apache.commons.math.analysis.solvers.BracketingNthOrderBrentSolver_ESTest15 (12ms / 539):
    [junit] MAJOR: 412926 (9 / 539 / 539) -> AVG-RTPM: 135ms
    [junit] MAJOR: Mutants killed / live: 622 (66-2033-1) / 34
    [junit] MAJOR: ------------------------------------------------------------
    [junit] MAJOR: 10/18 - org.apache.commons.math.analysis.solvers.BracketingNthOrderBrentSolver_ESTest8 (12ms / 96):
    [junit] MAJOR: 425919 (8 / 96 / 96) -> AVG-RTPM: 135ms
    [junit] MAJOR: Mutants killed / live: 630 (66-2129-1) / 26
    [junit] MAJOR: ------------------------------------------------------------
    [junit] MAJOR: 11/18 - org.apache.commons.math.analysis.solvers.BracketingNthOrderBrentSolver_ESTest12 (14ms / 562):
    [junit] MAJOR: 507539 (0 / 562 / 562) -> AVG-RTPM: 145ms
    [junit] MAJOR: Mutants killed / live: 630 (66-2691-1) / 26
    [junit] MAJOR: ------------------------------------------------------------
    [junit] MAJOR: 12/18 - org.apache.commons.math.analysis.solvers.BracketingNthOrderBrentSolver_ESTest14 (18ms / 560):
    [junit] MAJOR: 569879 (7 / 560 / 560) -> AVG-RTPM: 111ms
    [junit] MAJOR: Mutants killed / live: 637 (66-3034-217) / 19
    [junit] MAJOR: ------------------------------------------------------------
    [junit] MAJOR: 13/18 - org.apache.commons.math.analysis.solvers.BracketingNthOrderBrentSolver_ESTest9 (18ms / 119):
    [junit] MAJOR: 586940 (18 / 119 / 119) -> AVG-RTPM: 143ms
    [junit] MAJOR: Mutants killed / live: 655 (66-3153-218) / 1
    [junit] MAJOR: ------------------------------------------------------------
    [junit] MAJOR: 14/18 - org.apache.commons.math.analysis.solvers.BracketingNthOrderBrentSolver_ESTest7 (24ms / 553):
    [junit] MAJOR: 668376 (0 / 553 / 553) -> AVG-RTPM: 147ms
    [junit] MAJOR: Mutants killed / live: 655 (66-3706-218) / 1
    [junit] MAJOR: ------------------------------------------------------------
    [junit] MAJOR: 15/18 - org.apache.commons.math.analysis.solvers.BracketingNthOrderBrentSolver_ESTest0 (25ms / 10):
    [junit] MAJOR: 669937 (0 / 10 / 10) -> AVG-RTPM: 156ms
    [junit] MAJOR: Mutants killed / live: 655 (66-3716-218) / 1
    [junit] MAJOR: ------------------------------------------------------------
    [junit] MAJOR: 16/18 - org.apache.commons.math.analysis.solvers.BracketingNthOrderBrentSolver_ESTest1 (25ms / 39):
    [junit] MAJOR: 675494 (1 / 39 / 39) -> AVG-RTPM: 142ms
    [junit] MAJOR: Mutants killed / live: 656 (66-3755-218) / 0
    [junit] MAJOR: ------------------------------------------------------------
    [junit] MAJOR: 17/18 - org.apache.commons.math.analysis.solvers.BracketingNthOrderBrentSolver_ESTest11 (28ms / 553):
    [junit] MAJOR: 753472 (0 / 553 / 553) -> AVG-RTPM: 141ms
    [junit] MAJOR: Mutants killed / live: 656 (66-4308-218) / 0
    [junit] MAJOR: ------------------------------------------------------------
    [junit] MAJOR: 18/18 - org.apache.commons.math.analysis.solvers.BracketingNthOrderBrentSolver_ESTest10 (41ms / 171):
    [junit] MAJOR: 777959 (0 / 171 / 171) -> AVG-RTPM: 143ms
    [junit] MAJOR: Mutants killed / live: 656 (66-4479-218) / 0
    [junit] MAJOR: ------------------------------------------------------------
    [junit] MAJOR: Summary:
    [junit] MAJOR: 
    [junit] MAJOR: Analysis time:  778.0 seconds
    [junit] MAJOR: Mutation score: 100.00% (100.00%)
    [junit] MAJOR: Mutants killed / live: 656 (66-4479-218) / 0
    [junit] MAJOR: Mutant executions: 4857
    [junit] MAJOR: ------------------------------------------------------------
    [junit] MAJOR: Export summary of results (to summary.csv)
    [junit] MAJOR: Export mutant kill details (to /tmp/run_mutation.pl_125003_1501175822/40f/kill.csv)
    [junit] MAJOR: Export kill map (to killMap.csv)!

BUILD SUCCESSFUL
Total time: 13 minutes 15 seconds
