
init:
     [echo] -------- Commons MATH 3.0-SNAPSHOT --------

compile:

check-availability:
     [echo] doing check-availability...

download-dependencies:
     [echo] doing download-dependencies...

download-junit:

compile.tests:
    [javac] Compiling 354 source files to /tmp/run_mutation.pl_103882_1501572144/41f/target/test-classes
    [javac] Note: Some input files use or override a deprecated API.
    [javac] Note: Recompile with -Xlint:deprecation for details.
    [javac] Note: /tmp/run_mutation.pl_103882_1501572144/41f/src/test/java/org/apache/commons/math/PerfTestUtils.java uses unchecked or unsafe operations.
    [javac] Note: Recompile with -Xlint:unchecked for details.
     [copy] Copying 13 files to /tmp/run_mutation.pl_103882_1501572144/41f/target/test-classes

update.all.tests:

mutation.test:
     [echo] Running mutation analysis ...
    [junit] MAJOR: Mutation analysis enabled
SLF4J: Failed to load class "org.slf4j.impl.StaticLoggerBinder".
SLF4J: Defaulting to no-operation (NOP) logger implementation
SLF4J: See http://www.slf4j.org/codes.html#StaticLoggerBinder for further details.
    [junit] MAJOR: ------------------------------------------------------------
    [junit] MAJOR: Run 20 ordered tests to verify independence
    [junit] MAJOR: ------------------------------------------------------------
    [junit] MAJOR: Preprocessing time: 4.68 seconds
    [junit] MAJOR: ------------------------------------------------------------
    [junit] MAJOR: Mutants generated: 332
    [junit] MAJOR: Mutants covered:   332 (100.00%)
    [junit] MAJOR: ------------------------------------------------------------
    [junit] MAJOR: Export test map to (testMap.csv)
    [junit] MAJOR: Export coverage map to (covMap.csv)
    [junit] MAJOR: Exclude 0 mutants
    [junit] MAJOR: ------------------------------------------------------------
    [junit] MAJOR: Run mutation analysis with 20 individual tests
    [junit] MAJOR: ------------------------------------------------------------
    [junit] MAJOR: 1/20 - org.apache.commons.math.stat.descriptive.moment.Variance_ESTest6 (7ms / 31):
    [junit] MAJOR: 3999 (10 / 31 / 31) -> AVG-RTPM: 129ms
    [junit] MAJOR: Mutants killed / live: 10 (9-1-0) / 322
    [junit] MAJOR: ------------------------------------------------------------
    [junit] MAJOR: 2/20 - org.apache.commons.math.stat.descriptive.moment.Variance_ESTest18 (8ms / 21):
    [junit] MAJOR: 7874 (13 / 21 / 21) -> AVG-RTPM: 184ms
    [junit] MAJOR: Mutants killed / live: 23 (20-3-0) / 309
    [junit] MAJOR: ------------------------------------------------------------
    [junit] MAJOR: 3/20 - org.apache.commons.math.stat.descriptive.moment.Variance_ESTest19 (8ms / 125):
    [junit] MAJOR: 64832 (49 / 125 / 125) -> AVG-RTPM: 455ms
    [junit] MAJOR: Mutants killed / live: 72 (63-10-0) / 260
    [junit] MAJOR: ------------------------------------------------------------
    [junit] MAJOR: 4/20 - org.apache.commons.math.stat.descriptive.moment.Variance_ESTest4 (8ms / 4):
    [junit] MAJOR: 68011 (0 / 4 / 4) -> AVG-RTPM: 794ms
    [junit] MAJOR: Mutants killed / live: 72 (63-10-0) / 260
    [junit] MAJOR: ------------------------------------------------------------
    [junit] MAJOR: 5/20 - org.apache.commons.math.stat.descriptive.moment.Variance_ESTest7 (8ms / 13):
    [junit] MAJOR: 79707 (1 / 13 / 13) -> AVG-RTPM: 899ms
    [junit] MAJOR: Mutants killed / live: 73 (64-11-0) / 259
    [junit] MAJOR: ------------------------------------------------------------
    [junit] MAJOR: 6/20 - org.apache.commons.math.stat.descriptive.moment.Variance_ESTest14 (9ms / 28):
    [junit] MAJOR: 108047 (14 / 28 / 28) -> AVG-RTPM: 1012ms
    [junit] MAJOR: Mutants killed / live: 87 (74-15-0) / 245
    [junit] MAJOR: ------------------------------------------------------------
    [junit] MAJOR: 7/20 - org.apache.commons.math.stat.descriptive.moment.Variance_ESTest15 (9ms / 23):
    [junit] MAJOR: 130987 (9 / 23 / 23) -> AVG-RTPM: 997ms
    [junit] MAJOR: Mutants killed / live: 96 (85-18-0) / 236
    [junit] MAJOR: ------------------------------------------------------------
    [junit] MAJOR: 8/20 - org.apache.commons.math.stat.descriptive.moment.Variance_ESTest16 (9ms / 5):
    [junit] MAJOR: 137732 (0 / 5 / 5) -> AVG-RTPM: 1348ms
    [junit] MAJOR: Mutants killed / live: 96 (86-18-0) / 236
    [junit] MAJOR: ------------------------------------------------------------
    [junit] MAJOR: 9/20 - org.apache.commons.math.stat.descriptive.moment.Variance_ESTest3 (9ms / 12):
    [junit] MAJOR: 145391 (7 / 12 / 12) -> AVG-RTPM: 638ms
    [junit] MAJOR: Mutants killed / live: 103 (86-28-1) / 229
    [junit] MAJOR: ------------------------------------------------------------
    [junit] MAJOR: 10/20 - org.apache.commons.math.stat.descriptive.moment.Variance_ESTest1 (10ms / 73):
    [junit] MAJOR: 156935 (69 / 73 / 73) -> AVG-RTPM: 158ms
    [junit] MAJOR: Mutants killed / live: 172 (86-101-1) / 160
    [junit] MAJOR: ------------------------------------------------------------
    [junit] MAJOR: 11/20 - org.apache.commons.math.stat.descriptive.moment.Variance_ESTest8 (10ms / 27):
    [junit] MAJOR: 161218 (17 / 27 / 27) -> AVG-RTPM: 158ms
    [junit] MAJOR: Mutants killed / live: 189 (86-128-1) / 143
    [junit] MAJOR: ------------------------------------------------------------
    [junit] MAJOR: 12/20 - org.apache.commons.math.stat.descriptive.moment.Variance_ESTest10 (11ms / 108):
    [junit] MAJOR: 178387 (45 / 108 / 108) -> AVG-RTPM: 158ms
    [junit] MAJOR: Mutants killed / live: 234 (86-236-1) / 98
    [junit] MAJOR: ------------------------------------------------------------
    [junit] MAJOR: 13/20 - org.apache.commons.math.stat.descriptive.moment.Variance_ESTest13 (11ms / 6):
    [junit] MAJOR: 179311 (0 / 6 / 6) -> AVG-RTPM: 154ms
    [junit] MAJOR: Mutants killed / live: 234 (86-242-1) / 98
    [junit] MAJOR: ------------------------------------------------------------
    [junit] MAJOR: 14/20 - org.apache.commons.math.stat.descriptive.moment.Variance_ESTest5 (11ms / 8):
    [junit] MAJOR: 180732 (0 / 8 / 8) -> AVG-RTPM: 177ms
    [junit] MAJOR: Mutants killed / live: 234 (86-250-1) / 98
    [junit] MAJOR: ------------------------------------------------------------
    [junit] MAJOR: 15/20 - org.apache.commons.math.stat.descriptive.moment.Variance_ESTest17 (13ms / 20):
    [junit] MAJOR: 183920 (3 / 20 / 20) -> AVG-RTPM: 159ms
    [junit] MAJOR: Mutants killed / live: 237 (86-270-1) / 95
    [junit] MAJOR: ------------------------------------------------------------
    [junit] MAJOR: 16/20 - org.apache.commons.math.stat.descriptive.moment.Variance_ESTest11 (14ms / 120):
    [junit] MAJOR: 204099 (62 / 120 / 120) -> AVG-RTPM: 168ms
    [junit] MAJOR: Mutants killed / live: 299 (86-390-1) / 33
    [junit] MAJOR: ------------------------------------------------------------
    [junit] MAJOR: 17/20 - org.apache.commons.math.stat.descriptive.moment.Variance_ESTest12 (14ms / 8):
    [junit] MAJOR: 205360 (3 / 8 / 8) -> AVG-RTPM: 157ms
    [junit] MAJOR: Mutants killed / live: 302 (86-398-1) / 30
    [junit] MAJOR: ------------------------------------------------------------
    [junit] MAJOR: 18/20 - org.apache.commons.math.stat.descriptive.moment.Variance_ESTest2 (14ms / 3):
    [junit] MAJOR: 205840 (0 / 3 / 3) -> AVG-RTPM: 160ms
    [junit] MAJOR: Mutants killed / live: 302 (86-401-1) / 30
    [junit] MAJOR: ------------------------------------------------------------
    [junit] MAJOR: 19/20 - org.apache.commons.math.stat.descriptive.moment.Variance_ESTest9 (14ms / 35):
    [junit] MAJOR: 211525 (12 / 35 / 35) -> AVG-RTPM: 162ms
    [junit] MAJOR: Mutants killed / live: 314 (86-436-1) / 18
    [junit] MAJOR: ------------------------------------------------------------
    [junit] MAJOR: 20/20 - org.apache.commons.math.stat.descriptive.moment.Variance_ESTest0 (21ms / 12):
    [junit] MAJOR: 213414 (1 / 12 / 12) -> AVG-RTPM: 157ms
    [junit] MAJOR: Mutants killed / live: 315 (86-448-1) / 17
    [junit] MAJOR: ------------------------------------------------------------
    [junit] MAJOR: Summary:
    [junit] MAJOR: 
    [junit] MAJOR: Analysis time:  213.4 seconds
    [junit] MAJOR: Mutation score: 94.88% (94.88%)
    [junit] MAJOR: Mutants killed / live: 315 (86-448-1) / 17
    [junit] MAJOR: Mutant executions: 682
    [junit] MAJOR: ------------------------------------------------------------
    [junit] MAJOR: Export summary of results (to summary.csv)
    [junit] MAJOR: Export mutant kill details (to /tmp/run_mutation.pl_103882_1501572144/41f/kill.csv)
    [junit] MAJOR: Export kill map (to killMap.csv)!

BUILD SUCCESSFUL
Total time: 3 minutes 47 seconds
