
init:
     [echo] -------- Commons MATH 3.0-SNAPSHOT --------

compile:

check-availability:
     [echo] doing check-availability...

download-dependencies:
     [echo] doing download-dependencies...

download-junit:

compile.tests:
    [javac] Compiling 353 source files to /tmp/run_mutation.pl_113276_1501572645/43f/target/test-classes
    [javac] Note: Some input files use or override a deprecated API.
    [javac] Note: Recompile with -Xlint:deprecation for details.
    [javac] Note: /tmp/run_mutation.pl_113276_1501572645/43f/src/test/java/org/apache/commons/math/PerfTestUtils.java uses unchecked or unsafe operations.
    [javac] Note: Recompile with -Xlint:unchecked for details.
     [copy] Copying 13 files to /tmp/run_mutation.pl_113276_1501572645/43f/target/test-classes

update.all.tests:

mutation.test:
     [echo] Running mutation analysis ...
    [junit] MAJOR: Mutation analysis enabled
SLF4J: Failed to load class "org.slf4j.impl.StaticLoggerBinder".
SLF4J: Defaulting to no-operation (NOP) logger implementation
SLF4J: See http://www.slf4j.org/codes.html#StaticLoggerBinder for further details.
    [junit] MAJOR: ------------------------------------------------------------
    [junit] MAJOR: Run 38 ordered tests to verify independence
    [junit] MAJOR: ------------------------------------------------------------
    [junit] MAJOR: Preprocessing time: 10.79 seconds
    [junit] MAJOR: ------------------------------------------------------------
    [junit] MAJOR: Mutants generated: 310
    [junit] MAJOR: Mutants covered:   309 (99.68%)
    [junit] MAJOR: ------------------------------------------------------------
    [junit] MAJOR: Export test map to (testMap.csv)
    [junit] MAJOR: Export coverage map to (covMap.csv)
    [junit] MAJOR: Exclude 0 mutants
    [junit] MAJOR: ------------------------------------------------------------
    [junit] MAJOR: Run mutation analysis with 38 individual tests
    [junit] MAJOR: ------------------------------------------------------------
    [junit] MAJOR: 1/38 - org.apache.commons.math.stat.descriptive.SummaryStatistics_ESTest2 (8ms / 2):
    [junit] MAJOR: 362 (2 / 2 / 2) -> AVG-RTPM: 181ms
    [junit] MAJOR: Mutants killed / live: 2 (2-0-0) / 307
    [junit] MAJOR: ------------------------------------------------------------
    [junit] MAJOR: 2/38 - org.apache.commons.math.stat.descriptive.SummaryStatistics_ESTest30 (8ms / 57):
    [junit] MAJOR: 17355 (7 / 57 / 57) -> AVG-RTPM: 298ms
    [junit] MAJOR: Mutants killed / live: 9 (3-8-0) / 300
    [junit] MAJOR: ------------------------------------------------------------
    [junit] MAJOR: 3/38 - org.apache.commons.math.stat.descriptive.SummaryStatistics_ESTest31 (8ms / 116):
    [junit] MAJOR: 104827 (22 / 116 / 116) -> AVG-RTPM: 754ms
    [junit] MAJOR: Mutants killed / live: 31 (24-16-0) / 278
    [junit] MAJOR: ------------------------------------------------------------
    [junit] MAJOR: 4/38 - org.apache.commons.math.stat.descriptive.SummaryStatistics_ESTest33 (8ms / 57):
    [junit] MAJOR: 116097 (46 / 57 / 57) -> AVG-RTPM: 197ms
    [junit] MAJOR: Mutants killed / live: 77 (25-72-0) / 232
    [junit] MAJOR: ------------------------------------------------------------
    [junit] MAJOR: 5/38 - org.apache.commons.math.stat.descriptive.SummaryStatistics_ESTest34 (8ms / 116):
    [junit] MAJOR: 132302 (49 / 116 / 116) -> AVG-RTPM: 139ms
    [junit] MAJOR: Mutants killed / live: 126 (25-188-0) / 183
    [junit] MAJOR: ------------------------------------------------------------
    [junit] MAJOR: 6/38 - org.apache.commons.math.stat.descriptive.SummaryStatistics_ESTest35 (8ms / 116):
    [junit] MAJOR: 148444 (4 / 116 / 116) -> AVG-RTPM: 139ms
    [junit] MAJOR: Mutants killed / live: 130 (25-304-0) / 179
    [junit] MAJOR: ------------------------------------------------------------
    [junit] MAJOR: 7/38 - org.apache.commons.math.stat.descriptive.SummaryStatistics_ESTest36 (8ms / 43):
    [junit] MAJOR: 153600 (0 / 43 / 43) -> AVG-RTPM: 119ms
    [junit] MAJOR: Mutants killed / live: 130 (25-347-0) / 179
    [junit] MAJOR: ------------------------------------------------------------
    [junit] MAJOR: 8/38 - org.apache.commons.math.stat.descriptive.SummaryStatistics_ESTest5 (8ms / 30):
    [junit] MAJOR: 157771 (19 / 30 / 30) -> AVG-RTPM: 139ms
    [junit] MAJOR: Mutants killed / live: 149 (25-377-0) / 160
    [junit] MAJOR: ------------------------------------------------------------
    [junit] MAJOR: 9/38 - org.apache.commons.math.stat.descriptive.SummaryStatistics_ESTest8 (8ms / 2):
    [junit] MAJOR: 158020 (0 / 2 / 2) -> AVG-RTPM: 124ms
    [junit] MAJOR: Mutants killed / live: 149 (25-379-0) / 160
    [junit] MAJOR: ------------------------------------------------------------
    [junit] MAJOR: 10/38 - org.apache.commons.math.stat.descriptive.SummaryStatistics_ESTest9 (8ms / 2):
    [junit] MAJOR: 158261 (0 / 2 / 2) -> AVG-RTPM: 120ms
    [junit] MAJOR: Mutants killed / live: 149 (25-381-0) / 160
    [junit] MAJOR: ------------------------------------------------------------
    [junit] MAJOR: 11/38 - org.apache.commons.math.stat.descriptive.SummaryStatistics_ESTest18 (9ms / 21):
    [junit] MAJOR: 160800 (19 / 21 / 21) -> AVG-RTPM: 120ms
    [junit] MAJOR: Mutants killed / live: 168 (25-402-0) / 141
    [junit] MAJOR: ------------------------------------------------------------
    [junit] MAJOR: 12/38 - org.apache.commons.math.stat.descriptive.SummaryStatistics_ESTest19 (9ms / 30):
    [junit] MAJOR: 165364 (17 / 30 / 30) -> AVG-RTPM: 152ms
    [junit] MAJOR: Mutants killed / live: 185 (25-432-0) / 124
    [junit] MAJOR: ------------------------------------------------------------
    [junit] MAJOR: 13/38 - org.apache.commons.math.stat.descriptive.SummaryStatistics_ESTest20 (9ms / 19):
    [junit] MAJOR: 168001 (1 / 19 / 19) -> AVG-RTPM: 138ms
    [junit] MAJOR: Mutants killed / live: 186 (25-451-0) / 123
    [junit] MAJOR: ------------------------------------------------------------
    [junit] MAJOR: 14/38 - org.apache.commons.math.stat.descriptive.SummaryStatistics_ESTest22 (9ms / 116):
    [junit] MAJOR: 184202 (2 / 116 / 116) -> AVG-RTPM: 139ms
    [junit] MAJOR: Mutants killed / live: 188 (25-567-0) / 121
    [junit] MAJOR: ------------------------------------------------------------
    [junit] MAJOR: 15/38 - org.apache.commons.math.stat.descriptive.SummaryStatistics_ESTest24 (9ms / 105):
    [junit] MAJOR: 196757 (0 / 105 / 105) -> AVG-RTPM: 119ms
    [junit] MAJOR: Mutants killed / live: 188 (25-672-0) / 121
    [junit] MAJOR: ------------------------------------------------------------
    [junit] MAJOR: 16/38 - org.apache.commons.math.stat.descriptive.SummaryStatistics_ESTest25 (9ms / 121):
    [junit] MAJOR: 211446 (0 / 121 / 121) -> AVG-RTPM: 121ms
    [junit] MAJOR: Mutants killed / live: 188 (25-793-0) / 121
    [junit] MAJOR: ------------------------------------------------------------
    [junit] MAJOR: 17/38 - org.apache.commons.math.stat.descriptive.SummaryStatistics_ESTest3 (9ms / 96):
    [junit] MAJOR: 223347 (94 / 96 / 96) -> AVG-RTPM: 123ms
    [junit] MAJOR: Mutants killed / live: 282 (25-889-0) / 27
    [junit] MAJOR: ------------------------------------------------------------
    [junit] MAJOR: 18/38 - org.apache.commons.math.stat.descriptive.SummaryStatistics_ESTest32 (9ms / 116):
    [junit] MAJOR: 240226 (1 / 116 / 116) -> AVG-RTPM: 145ms
    [junit] MAJOR: Mutants killed / live: 283 (25-1005-0) / 26
    [junit] MAJOR: ------------------------------------------------------------
    [junit] MAJOR: 19/38 - org.apache.commons.math.stat.descriptive.SummaryStatistics_ESTest37 (9ms / 116):
    [junit] MAJOR: 256832 (2 / 116 / 116) -> AVG-RTPM: 143ms
    [junit] MAJOR: Mutants killed / live: 285 (25-1121-0) / 24
    [junit] MAJOR: ------------------------------------------------------------
    [junit] MAJOR: 20/38 - org.apache.commons.math.stat.descriptive.SummaryStatistics_ESTest6 (9ms / 2):
    [junit] MAJOR: 257077 (0 / 2 / 2) -> AVG-RTPM: 122ms
    [junit] MAJOR: Mutants killed / live: 285 (25-1123-0) / 24
    [junit] MAJOR: ------------------------------------------------------------
    [junit] MAJOR: 21/38 - org.apache.commons.math.stat.descriptive.SummaryStatistics_ESTest1 (10ms / 21):
    [junit] MAJOR: 259744 (10 / 21 / 21) -> AVG-RTPM: 127ms
    [junit] MAJOR: Mutants killed / live: 295 (25-1144-0) / 14
    [junit] MAJOR: ------------------------------------------------------------
    [junit] MAJOR: 22/38 - org.apache.commons.math.stat.descriptive.SummaryStatistics_ESTest13 (10ms / 116):
    [junit] MAJOR: 276669 (3 / 116 / 116) -> AVG-RTPM: 145ms
    [junit] MAJOR: Mutants killed / live: 298 (25-1260-0) / 11
    [junit] MAJOR: ------------------------------------------------------------
    [junit] MAJOR: 23/38 - org.apache.commons.math.stat.descriptive.SummaryStatistics_ESTest14 (10ms / 2):
    [junit] MAJOR: 276934 (0 / 2 / 2) -> AVG-RTPM: 132ms
    [junit] MAJOR: Mutants killed / live: 298 (25-1262-0) / 11
    [junit] MAJOR: ------------------------------------------------------------
    [junit] MAJOR: 24/38 - org.apache.commons.math.stat.descriptive.SummaryStatistics_ESTest15 (10ms / 49):
    [junit] MAJOR: 283178 (3 / 49 / 49) -> AVG-RTPM: 127ms
    [junit] MAJOR: Mutants killed / live: 301 (25-1311-0) / 8
    [junit] MAJOR: ------------------------------------------------------------
    [junit] MAJOR: 25/38 - org.apache.commons.math.stat.descriptive.SummaryStatistics_ESTest7 (10ms / 4):
    [junit] MAJOR: 283651 (2 / 4 / 4) -> AVG-RTPM: 118ms
    [junit] MAJOR: Mutants killed / live: 303 (25-1315-0) / 6
    [junit] MAJOR: ------------------------------------------------------------
    [junit] MAJOR: 26/38 - org.apache.commons.math.stat.descriptive.SummaryStatistics_ESTest10 (11ms / 2):
    [junit] MAJOR: 283890 (0 / 2 / 2) -> AVG-RTPM: 119ms
    [junit] MAJOR: Mutants killed / live: 303 (25-1317-0) / 6
    [junit] MAJOR: ------------------------------------------------------------
    [junit] MAJOR: 27/38 - org.apache.commons.math.stat.descriptive.SummaryStatistics_ESTest28 (11ms / 116):
    [junit] MAJOR: 301724 (0 / 116 / 116) -> AVG-RTPM: 153ms
    [junit] MAJOR: Mutants killed / live: 303 (25-1433-0) / 6
    [junit] MAJOR: ------------------------------------------------------------
    [junit] MAJOR: 28/38 - org.apache.commons.math.stat.descriptive.SummaryStatistics_ESTest29 (11ms / 28):
    [junit] MAJOR: 305877 (0 / 28 / 28) -> AVG-RTPM: 148ms
    [junit] MAJOR: Mutants killed / live: 303 (25-1461-0) / 6
    [junit] MAJOR: ------------------------------------------------------------
    [junit] MAJOR: 29/38 - org.apache.commons.math.stat.descriptive.SummaryStatistics_ESTest21 (12ms / 12):
    [junit] MAJOR: 307370 (1 / 12 / 12) -> AVG-RTPM: 124ms
    [junit] MAJOR: Mutants killed / live: 304 (25-1473-0) / 5
    [junit] MAJOR: ------------------------------------------------------------
    [junit] MAJOR: 30/38 - org.apache.commons.math.stat.descriptive.SummaryStatistics_ESTest23 (12ms / 116):
    [junit] MAJOR: 324118 (0 / 116 / 116) -> AVG-RTPM: 144ms
    [junit] MAJOR: Mutants killed / live: 304 (25-1589-0) / 5
    [junit] MAJOR: ------------------------------------------------------------
    [junit] MAJOR: 31/38 - org.apache.commons.math.stat.descriptive.SummaryStatistics_ESTest27 (12ms / 116):
    [junit] MAJOR: 340856 (0 / 116 / 116) -> AVG-RTPM: 144ms
    [junit] MAJOR: Mutants killed / live: 304 (25-1705-0) / 5
    [junit] MAJOR: ------------------------------------------------------------
    [junit] MAJOR: 32/38 - org.apache.commons.math.stat.descriptive.SummaryStatistics_ESTest17 (13ms / 64):
    [junit] MAJOR: 349257 (1 / 64 / 64) -> AVG-RTPM: 131ms
    [junit] MAJOR: Mutants killed / live: 305 (25-1769-0) / 4
    [junit] MAJOR: ------------------------------------------------------------
    [junit] MAJOR: 33/38 - org.apache.commons.math.stat.descriptive.SummaryStatistics_ESTest26 (13ms / 116):
    [junit] MAJOR: 364999 (0 / 116 / 116) -> AVG-RTPM: 135ms
    [junit] MAJOR: Mutants killed / live: 305 (25-1885-0) / 4
    [junit] MAJOR: ------------------------------------------------------------
    [junit] MAJOR: 34/38 - org.apache.commons.math.stat.descriptive.SummaryStatistics_ESTest4 (13ms / 116):
    [junit] MAJOR: 381030 (0 / 116 / 116) -> AVG-RTPM: 138ms
    [junit] MAJOR: Mutants killed / live: 305 (25-2001-0) / 4
    [junit] MAJOR: ------------------------------------------------------------
    [junit] MAJOR: 35/38 - org.apache.commons.math.stat.descriptive.SummaryStatistics_ESTest12 (15ms / 14):
    [junit] MAJOR: 382755 (3 / 14 / 14) -> AVG-RTPM: 123ms
    [junit] MAJOR: Mutants killed / live: 308 (25-2015-0) / 1
    [junit] MAJOR: ------------------------------------------------------------
    [junit] MAJOR: 36/38 - org.apache.commons.math.stat.descriptive.SummaryStatistics_ESTest11 (16ms / 2):
    [junit] MAJOR: 383001 (0 / 2 / 2) -> AVG-RTPM: 123ms
    [junit] MAJOR: Mutants killed / live: 308 (25-2017-0) / 1
    [junit] MAJOR: ------------------------------------------------------------
    [junit] MAJOR: 37/38 - org.apache.commons.math.stat.descriptive.SummaryStatistics_ESTest16 (17ms / 19):
    [junit] MAJOR: 385389 (1 / 19 / 19) -> AVG-RTPM: 125ms
    [junit] MAJOR: Mutants killed / live: 309 (25-2036-0) / 0
    [junit] MAJOR: ------------------------------------------------------------
    [junit] MAJOR: 38/38 - org.apache.commons.math.stat.descriptive.SummaryStatistics_ESTest0 (23ms / 105):
    [junit] MAJOR: 398478 (0 / 105 / 105) -> AVG-RTPM: 124ms
    [junit] MAJOR: Mutants killed / live: 309 (25-2141-0) / 0
    [junit] MAJOR: ------------------------------------------------------------
    [junit] MAJOR: Summary:
    [junit] MAJOR: 
    [junit] MAJOR: Analysis time:  398.5 seconds
    [junit] MAJOR: Mutation score: 99.68% (100.00%)
    [junit] MAJOR: Mutants killed / live: 309 (25-2141-0) / 0
    [junit] MAJOR: Mutant executions: 2301
    [junit] MAJOR: ------------------------------------------------------------
    [junit] MAJOR: Export summary of results (to summary.csv)
    [junit] MAJOR: Export mutant kill details (to /tmp/run_mutation.pl_113276_1501572645/43f/kill.csv)
    [junit] MAJOR: Export kill map (to killMap.csv)!

BUILD SUCCESSFUL
Total time: 6 minutes 59 seconds
