
init:
     [echo] -------- Commons MATH 3.0-SNAPSHOT --------

compile:

check-availability:
     [echo] doing check-availability...

download-dependencies:
     [echo] doing download-dependencies...

download-junit:

compile.tests:
    [javac] Compiling 353 source files to /tmp/run_mutation.pl_16560_1483675117/43f/target/test-classes
    [javac] Note: Some input files use or override a deprecated API.
    [javac] Note: Recompile with -Xlint:deprecation for details.
    [javac] Note: /tmp/run_mutation.pl_16560_1483675117/43f/src/test/java/org/apache/commons/math/PerfTestUtils.java uses unchecked or unsafe operations.
    [javac] Note: Recompile with -Xlint:unchecked for details.
     [copy] Copying 13 files to /tmp/run_mutation.pl_16560_1483675117/43f/target/test-classes

update.all.tests:

mutation.test:
     [echo] Running mutation analysis ...
    [junit] MAJOR: Mutation analysis enabled
SLF4J: Failed to load class "org.slf4j.impl.StaticLoggerBinder".
SLF4J: Defaulting to no-operation (NOP) logger implementation
SLF4J: See http://www.slf4j.org/codes.html#StaticLoggerBinder for further details.
    [junit] MAJOR: ------------------------------------------------------------
    [junit] MAJOR: Run 39 ordered tests to verify independence
    [junit] MAJOR: ------------------------------------------------------------
    [junit] MAJOR: Preprocessing time: 10.59 seconds
    [junit] MAJOR: ------------------------------------------------------------
    [junit] MAJOR: Mutants generated: 310
    [junit] MAJOR: Mutants covered:   310 (100.00%)
    [junit] MAJOR: ------------------------------------------------------------
    [junit] MAJOR: Export test map to (testMap.csv)
    [junit] MAJOR: Export coverage map to (covMap.csv)
    [junit] MAJOR: Exclude 0 mutants
    [junit] MAJOR: ------------------------------------------------------------
    [junit] MAJOR: Run mutation analysis with 39 individual tests
    [junit] MAJOR: ------------------------------------------------------------
    [junit] MAJOR: 1/39 - org.apache.commons.math.stat.descriptive.SummaryStatistics_ESTest20 (7ms / 49):
    [junit] MAJOR: 12375 (3 / 49 / 49) -> AVG-RTPM: 252ms
    [junit] MAJOR: Mutants killed / live: 3 (3-0-0) / 307
    [junit] MAJOR: ------------------------------------------------------------
    [junit] MAJOR: 2/39 - org.apache.commons.math.stat.descriptive.SummaryStatistics_ESTest3 (7ms / 116):
    [junit] MAJOR: 86353 (44 / 116 / 116) -> AVG-RTPM: 637ms
    [junit] MAJOR: Mutants killed / live: 47 (42-6-0) / 263
    [junit] MAJOR: ------------------------------------------------------------
    [junit] MAJOR: 3/39 - org.apache.commons.math.stat.descriptive.SummaryStatistics_ESTest32 (7ms / 28):
    [junit] MAJOR: 119381 (4 / 28 / 28) -> AVG-RTPM: 1179ms
    [junit] MAJOR: Mutants killed / live: 51 (50-6-0) / 259
    [junit] MAJOR: ------------------------------------------------------------
    [junit] MAJOR: 4/39 - org.apache.commons.math.stat.descriptive.SummaryStatistics_ESTest33 (7ms / 116):
    [junit] MAJOR: 344321 (13 / 116 / 116) -> AVG-RTPM: 1939ms
    [junit] MAJOR: Mutants killed / live: 64 (71-19-4) / 246
    [junit] MAJOR: ------------------------------------------------------------
    [junit] MAJOR: 5/39 - org.apache.commons.math.stat.descriptive.SummaryStatistics_ESTest34 (7ms / 58):
    [junit] MAJOR: 357937 (36 / 58 / 58) -> AVG-RTPM: 234ms
    [junit] MAJOR: Mutants killed / live: 100 (71-77-4) / 210
    [junit] MAJOR: ------------------------------------------------------------
    [junit] MAJOR: 6/39 - org.apache.commons.math.stat.descriptive.SummaryStatistics_ESTest36 (7ms / 63):
    [junit] MAJOR: 373805 (18 / 63 / 63) -> AVG-RTPM: 251ms
    [junit] MAJOR: Mutants killed / live: 118 (71-140-4) / 192
    [junit] MAJOR: ------------------------------------------------------------
    [junit] MAJOR: 7/39 - org.apache.commons.math.stat.descriptive.SummaryStatistics_ESTest7 (7ms / 13):
    [junit] MAJOR: 377209 (2 / 13 / 13) -> AVG-RTPM: 261ms
    [junit] MAJOR: Mutants killed / live: 120 (71-153-4) / 190
    [junit] MAJOR: ------------------------------------------------------------
    [junit] MAJOR: 8/39 - org.apache.commons.math.stat.descriptive.SummaryStatistics_ESTest8 (7ms / 4):
    [junit] MAJOR: 378142 (2 / 4 / 4) -> AVG-RTPM: 233ms
    [junit] MAJOR: Mutants killed / live: 122 (71-157-4) / 188
    [junit] MAJOR: ------------------------------------------------------------
    [junit] MAJOR: 9/39 - org.apache.commons.math.stat.descriptive.SummaryStatistics_ESTest17 (8ms / 19):
    [junit] MAJOR: 383151 (1 / 19 / 19) -> AVG-RTPM: 263ms
    [junit] MAJOR: Mutants killed / live: 123 (71-176-4) / 187
    [junit] MAJOR: ------------------------------------------------------------
    [junit] MAJOR: 10/39 - org.apache.commons.math.stat.descriptive.SummaryStatistics_ESTest18 (8ms / 30):
    [junit] MAJOR: 392235 (3 / 30 / 30) -> AVG-RTPM: 302ms
    [junit] MAJOR: Mutants killed / live: 126 (71-206-4) / 184
    [junit] MAJOR: ------------------------------------------------------------
    [junit] MAJOR: 11/39 - org.apache.commons.math.stat.descriptive.SummaryStatistics_ESTest19 (8ms / 31):
    [junit] MAJOR: 400351 (29 / 31 / 31) -> AVG-RTPM: 261ms
    [junit] MAJOR: Mutants killed / live: 155 (71-237-4) / 155
    [junit] MAJOR: ------------------------------------------------------------
    [junit] MAJOR: 12/39 - org.apache.commons.math.stat.descriptive.SummaryStatistics_ESTest22 (8ms / 30):
    [junit] MAJOR: 409179 (17 / 30 / 30) -> AVG-RTPM: 294ms
    [junit] MAJOR: Mutants killed / live: 172 (71-267-4) / 138
    [junit] MAJOR: ------------------------------------------------------------
    [junit] MAJOR: 13/39 - org.apache.commons.math.stat.descriptive.SummaryStatistics_ESTest23 (8ms / 12):
    [junit] MAJOR: 412265 (4 / 12 / 12) -> AVG-RTPM: 257ms
    [junit] MAJOR: Mutants killed / live: 176 (71-279-4) / 134
    [junit] MAJOR: ------------------------------------------------------------
    [junit] MAJOR: 14/39 - org.apache.commons.math.stat.descriptive.SummaryStatistics_ESTest24 (8ms / 6):
    [junit] MAJOR: 413787 (1 / 6 / 6) -> AVG-RTPM: 253ms
    [junit] MAJOR: Mutants killed / live: 177 (71-285-4) / 133
    [junit] MAJOR: ------------------------------------------------------------
    [junit] MAJOR: 15/39 - org.apache.commons.math.stat.descriptive.SummaryStatistics_ESTest25 (8ms / 76):
    [junit] MAJOR: 433755 (17 / 76 / 76) -> AVG-RTPM: 262ms
    [junit] MAJOR: Mutants killed / live: 194 (71-361-4) / 116
    [junit] MAJOR: ------------------------------------------------------------
    [junit] MAJOR: 16/39 - org.apache.commons.math.stat.descriptive.SummaryStatistics_ESTest28 (8ms / 76):
    [junit] MAJOR: 453699 (0 / 76 / 76) -> AVG-RTPM: 262ms
    [junit] MAJOR: Mutants killed / live: 194 (71-437-4) / 116
    [junit] MAJOR: ------------------------------------------------------------
    [junit] MAJOR: 17/39 - org.apache.commons.math.stat.descriptive.SummaryStatistics_ESTest30 (8ms / 116):
    [junit] MAJOR: 488876 (3 / 116 / 116) -> AVG-RTPM: 303ms
    [junit] MAJOR: Mutants killed / live: 197 (71-553-4) / 113
    [junit] MAJOR: ------------------------------------------------------------
    [junit] MAJOR: 18/39 - org.apache.commons.math.stat.descriptive.SummaryStatistics_ESTest35 (8ms / 27):
    [junit] MAJOR: 496061 (0 / 27 / 27) -> AVG-RTPM: 266ms
    [junit] MAJOR: Mutants killed / live: 197 (71-580-4) / 113
    [junit] MAJOR: ------------------------------------------------------------
    [junit] MAJOR: 19/39 - org.apache.commons.math.stat.descriptive.SummaryStatistics_ESTest37 (8ms / 61):
    [junit] MAJOR: 514720 (6 / 61 / 61) -> AVG-RTPM: 305ms
    [junit] MAJOR: Mutants killed / live: 203 (71-641-4) / 107
    [junit] MAJOR: ------------------------------------------------------------
    [junit] MAJOR: 20/39 - org.apache.commons.math.stat.descriptive.SummaryStatistics_ESTest38 (8ms / 116):
    [junit] MAJOR: 550786 (1 / 116 / 116) -> AVG-RTPM: 310ms
    [junit] MAJOR: Mutants killed / live: 204 (71-757-4) / 106
    [junit] MAJOR: ------------------------------------------------------------
    [junit] MAJOR: 21/39 - org.apache.commons.math.stat.descriptive.SummaryStatistics_ESTest4 (8ms / 2):
    [junit] MAJOR: 551317 (0 / 2 / 2) -> AVG-RTPM: 265ms
    [junit] MAJOR: Mutants killed / live: 204 (71-759-4) / 106
    [junit] MAJOR: ------------------------------------------------------------
    [junit] MAJOR: 22/39 - org.apache.commons.math.stat.descriptive.SummaryStatistics_ESTest5 (8ms / 105):
    [junit] MAJOR: 579148 (0 / 105 / 105) -> AVG-RTPM: 265ms
    [junit] MAJOR: Mutants killed / live: 204 (71-864-4) / 106
    [junit] MAJOR: ------------------------------------------------------------
    [junit] MAJOR: 23/39 - org.apache.commons.math.stat.descriptive.SummaryStatistics_ESTest9 (8ms / 2):
    [junit] MAJOR: 579672 (0 / 2 / 2) -> AVG-RTPM: 262ms
    [junit] MAJOR: Mutants killed / live: 204 (71-866-4) / 106
    [junit] MAJOR: ------------------------------------------------------------
    [junit] MAJOR: 24/39 - org.apache.commons.math.stat.descriptive.SummaryStatistics_ESTest14 (9ms / 2):
    [junit] MAJOR: 580193 (0 / 2 / 2) -> AVG-RTPM: 260ms
    [junit] MAJOR: Mutants killed / live: 204 (71-868-4) / 106
    [junit] MAJOR: ------------------------------------------------------------
    [junit] MAJOR: 25/39 - org.apache.commons.math.stat.descriptive.SummaryStatistics_ESTest1 (10ms / 2):
    [junit] MAJOR: 580714 (0 / 2 / 2) -> AVG-RTPM: 260ms
    [junit] MAJOR: Mutants killed / live: 204 (71-870-4) / 106
    [junit] MAJOR: ------------------------------------------------------------
    [junit] MAJOR: 26/39 - org.apache.commons.math.stat.descriptive.SummaryStatistics_ESTest13 (10ms / 116):
    [junit] MAJOR: 617331 (3 / 116 / 116) -> AVG-RTPM: 315ms
    [junit] MAJOR: Mutants killed / live: 207 (71-986-4) / 103
    [junit] MAJOR: ------------------------------------------------------------
    [junit] MAJOR: 27/39 - org.apache.commons.math.stat.descriptive.SummaryStatistics_ESTest15 (10ms / 2):
    [junit] MAJOR: 617962 (0 / 2 / 2) -> AVG-RTPM: 315ms
    [junit] MAJOR: Mutants killed / live: 207 (71-988-4) / 103
    [junit] MAJOR: ------------------------------------------------------------
    [junit] MAJOR: 28/39 - org.apache.commons.math.stat.descriptive.SummaryStatistics_ESTest27 (10ms / 132):
    [junit] MAJOR: 660634 (0 / 132 / 132) -> AVG-RTPM: 323ms
    [junit] MAJOR: Mutants killed / live: 207 (71-1120-4) / 103
    [junit] MAJOR: ------------------------------------------------------------
    [junit] MAJOR: 29/39 - org.apache.commons.math.stat.descriptive.SummaryStatistics_ESTest21 (12ms / 18):
    [junit] MAJOR: 665597 (0 / 18 / 18) -> AVG-RTPM: 275ms
    [junit] MAJOR: Mutants killed / live: 207 (71-1138-4) / 103
    [junit] MAJOR: ------------------------------------------------------------
    [junit] MAJOR: 30/39 - org.apache.commons.math.stat.descriptive.SummaryStatistics_ESTest11 (13ms / 2):
    [junit] MAJOR: 666130 (0 / 2 / 2) -> AVG-RTPM: 266ms
    [junit] MAJOR: Mutants killed / live: 207 (71-1140-4) / 103
    [junit] MAJOR: ------------------------------------------------------------
    [junit] MAJOR: 31/39 - org.apache.commons.math.stat.descriptive.SummaryStatistics_ESTest0 (14ms / 21):
    [junit] MAJOR: 672157 (0 / 21 / 21) -> AVG-RTPM: 287ms
    [junit] MAJOR: Mutants killed / live: 207 (71-1161-4) / 103
    [junit] MAJOR: ------------------------------------------------------------
    [junit] MAJOR: 32/39 - org.apache.commons.math.stat.descriptive.SummaryStatistics_ESTest16 (17ms / 30):
    [junit] MAJOR: 681780 (1 / 30 / 30) -> AVG-RTPM: 320ms
    [junit] MAJOR: Mutants killed / live: 208 (71-1191-4) / 102
    [junit] MAJOR: ------------------------------------------------------------
    [junit] MAJOR: 33/39 - org.apache.commons.math.stat.descriptive.SummaryStatistics_ESTest31 (21ms / 116):
    [junit] MAJOR: 718736 (1 / 116 / 116) -> AVG-RTPM: 318ms
    [junit] MAJOR: Mutants killed / live: 209 (71-1307-4) / 101
    [junit] MAJOR: ------------------------------------------------------------
    [junit] MAJOR: 34/39 - org.apache.commons.math.stat.descriptive.SummaryStatistics_ESTest10 (22ms / 2):
    [junit] MAJOR: 719281 (0 / 2 / 2) -> AVG-RTPM: 272ms
    [junit] MAJOR: Mutants killed / live: 209 (71-1309-4) / 101
    [junit] MAJOR: ------------------------------------------------------------
    [junit] MAJOR: 35/39 - org.apache.commons.math.stat.descriptive.SummaryStatistics_ESTest26 (25ms / 76):
    [junit] MAJOR: 740561 (0 / 76 / 76) -> AVG-RTPM: 280ms
    [junit] MAJOR: Mutants killed / live: 209 (71-1385-4) / 101
    [junit] MAJOR: ------------------------------------------------------------
    [junit] MAJOR: 36/39 - org.apache.commons.math.stat.descriptive.SummaryStatistics_ESTest6 (29ms / 116):
    [junit] MAJOR: 777480 (3 / 116 / 116) -> AVG-RTPM: 318ms
    [junit] MAJOR: Mutants killed / live: 212 (71-1501-4) / 98
    [junit] MAJOR: ------------------------------------------------------------
    [junit] MAJOR: 37/39 - org.apache.commons.math.stat.descriptive.SummaryStatistics_ESTest2 (33ms / 96):
    [junit] MAJOR: 803956 (94 / 96 / 96) -> AVG-RTPM: 275ms
    [junit] MAJOR: Mutants killed / live: 306 (71-1597-4) / 4
    [junit] MAJOR: ------------------------------------------------------------
    [junit] MAJOR: 38/39 - org.apache.commons.math.stat.descriptive.SummaryStatistics_ESTest29 (38ms / 105):
    [junit] MAJOR: 833182 (0 / 105 / 105) -> AVG-RTPM: 278ms
    [junit] MAJOR: Mutants killed / live: 306 (71-1702-4) / 4
    [junit] MAJOR: ------------------------------------------------------------
    [junit] MAJOR: 39/39 - org.apache.commons.math.stat.descriptive.SummaryStatistics_ESTest12 (40ms / 30):
    [junit] MAJOR: 842680 (1 / 30 / 30) -> AVG-RTPM: 316ms
    [junit] MAJOR: Mutants killed / live: 307 (71-1732-4) / 3
    [junit] MAJOR: ------------------------------------------------------------
    [junit] MAJOR: Summary:
    [junit] MAJOR: 
    [junit] MAJOR: Analysis time:  842.7 seconds
    [junit] MAJOR: Mutation score: 99.03% (99.03%)
    [junit] MAJOR: Mutants killed / live: 307 (71-1732-4) / 3
    [junit] MAJOR: Mutant executions: 2022
    [junit] MAJOR: ------------------------------------------------------------
    [junit] MAJOR: Export summary of results (to summary.csv)
    [junit] MAJOR: Export mutant kill details (to /tmp/run_mutation.pl_16560_1483675117/43f/kill.csv)
    [junit] MAJOR: Export kill map (to killMap.csv)!

BUILD SUCCESSFUL
Total time: 14 minutes 19 seconds
