
init:
     [echo] -------- Commons MATH 3.1-SNAPSHOT --------

compile:

check-availability:
     [echo] doing check-availability...

download-dependencies:
     [echo] doing download-dependencies...

download-junit:

compile.tests:
    [javac] Compiling 474 source files to /tmp/run_mutation.pl_23096_1501508904/4f/target/test-classes
    [javac] Note: Some input files use or override a deprecated API.
    [javac] Note: Recompile with -Xlint:deprecation for details.
    [javac] Note: /tmp/run_mutation.pl_23096_1501508904/4f/src/test/java/org/apache/commons/math3/PerfTestUtils.java uses unchecked or unsafe operations.
    [javac] Note: Recompile with -Xlint:unchecked for details.
     [copy] Copying 28 files to /tmp/run_mutation.pl_23096_1501508904/4f/target/test-classes

update.all.tests:

mutation.test:
     [echo] Running mutation analysis ...
    [junit] MAJOR: Mutation analysis enabled
SLF4J: Failed to load class "org.slf4j.impl.StaticLoggerBinder".
SLF4J: Defaulting to no-operation (NOP) logger implementation
SLF4J: See http://www.slf4j.org/codes.html#StaticLoggerBinder for further details.
    [junit] MAJOR: ------------------------------------------------------------
    [junit] MAJOR: Run 24 ordered tests to verify independence
    [junit] MAJOR: ------------------------------------------------------------
    [junit] MAJOR: Preprocessing time: 7.87 seconds
    [junit] MAJOR: ------------------------------------------------------------
    [junit] MAJOR: Mutants generated: 130
    [junit] MAJOR: Mutants covered:   130 (100.00%)
    [junit] MAJOR: ------------------------------------------------------------
    [junit] MAJOR: Export test map to (testMap.csv)
    [junit] MAJOR: Export coverage map to (covMap.csv)
    [junit] MAJOR: Exclude 0 mutants
    [junit] MAJOR: ------------------------------------------------------------
    [junit] MAJOR: Run mutation analysis with 24 individual tests
    [junit] MAJOR: ------------------------------------------------------------
    [junit] MAJOR: 1/24 - org.apache.commons.math3.geometry.euclidean.twod.SubLine_ESTest6 (8ms / 18):
    [junit] MAJOR: 3553 (6 / 18 / 18) -> AVG-RTPM: 197ms
    [junit] MAJOR: Mutants killed / live: 6 (6-0-0) / 124
    [junit] MAJOR: ------------------------------------------------------------
    [junit] MAJOR: 2/24 - org.apache.commons.math3.geometry.euclidean.twod.SubLine_ESTest5 (9ms / 18):
    [junit] MAJOR: 7973 (7 / 18 / 18) -> AVG-RTPM: 245ms
    [junit] MAJOR: Mutants killed / live: 13 (6-9-0) / 117
    [junit] MAJOR: ------------------------------------------------------------
    [junit] MAJOR: 3/24 - org.apache.commons.math3.geometry.euclidean.twod.SubLine_ESTest7 (9ms / 18):
    [junit] MAJOR: 13616 (0 / 18 / 18) -> AVG-RTPM: 313ms
    [junit] MAJOR: Mutants killed / live: 13 (6-9-0) / 117
    [junit] MAJOR: ------------------------------------------------------------
    [junit] MAJOR: 4/24 - org.apache.commons.math3.geometry.euclidean.twod.SubLine_ESTest9 (9ms / 22):
    [junit] MAJOR: 22485 (13 / 22 / 22) -> AVG-RTPM: 403ms
    [junit] MAJOR: Mutants killed / live: 26 (17-11-0) / 104
    [junit] MAJOR: ------------------------------------------------------------
    [junit] MAJOR: 5/24 - org.apache.commons.math3.geometry.euclidean.threed.SubLine_ESTest7 (10ms / 15):
    [junit] MAJOR: 29389 (7 / 15 / 15) -> AVG-RTPM: 460ms
    [junit] MAJOR: Mutants killed / live: 33 (24-11-0) / 97
    [junit] MAJOR: ------------------------------------------------------------
    [junit] MAJOR: 6/24 - org.apache.commons.math3.geometry.euclidean.twod.SubLine_ESTest0 (10ms / 31):
    [junit] MAJOR: 49565 (8 / 31 / 31) -> AVG-RTPM: 650ms
    [junit] MAJOR: Mutants killed / live: 41 (24-19-0) / 89
    [junit] MAJOR: ------------------------------------------------------------
    [junit] MAJOR: 7/24 - org.apache.commons.math3.geometry.euclidean.twod.SubLine_ESTest1 (10ms / 1):
    [junit] MAJOR: 50379 (1 / 1 / 1) -> AVG-RTPM: 814ms
    [junit] MAJOR: Mutants killed / live: 42 (25-19-0) / 88
    [junit] MAJOR: ------------------------------------------------------------
    [junit] MAJOR: 8/24 - org.apache.commons.math3.geometry.euclidean.twod.SubLine_ESTest13 (10ms / 21):
    [junit] MAJOR: 66058 (0 / 21 / 21) -> AVG-RTPM: 746ms
    [junit] MAJOR: Mutants killed / live: 42 (25-20-0) / 88
    [junit] MAJOR: ------------------------------------------------------------
    [junit] MAJOR: 9/24 - org.apache.commons.math3.geometry.euclidean.twod.SubLine_ESTest14 (10ms / 21):
    [junit] MAJOR: 85823 (0 / 21 / 21) -> AVG-RTPM: 941ms
    [junit] MAJOR: Mutants killed / live: 42 (25-21-0) / 88
    [junit] MAJOR: ------------------------------------------------------------
    [junit] MAJOR: 10/24 - org.apache.commons.math3.geometry.euclidean.threed.SubLine_ESTest1 (13ms / 1):
    [junit] MAJOR: 86820 (1 / 1 / 1) -> AVG-RTPM: 996ms
    [junit] MAJOR: Mutants killed / live: 43 (26-21-0) / 87
    [junit] MAJOR: ------------------------------------------------------------
    [junit] MAJOR: 11/24 - org.apache.commons.math3.geometry.euclidean.threed.SubLine_ESTest4 (13ms / 18):
    [junit] MAJOR: 106227 (0 / 18 / 18) -> AVG-RTPM: 1078ms
    [junit] MAJOR: Mutants killed / live: 43 (26-21-0) / 87
    [junit] MAJOR: ------------------------------------------------------------
    [junit] MAJOR: 12/24 - org.apache.commons.math3.geometry.euclidean.twod.SubLine_ESTest12 (13ms / 13):
    [junit] MAJOR: 123821 (0 / 13 / 13) -> AVG-RTPM: 1353ms
    [junit] MAJOR: Mutants killed / live: 43 (26-23-0) / 87
    [junit] MAJOR: ------------------------------------------------------------
    [junit] MAJOR: 13/24 - org.apache.commons.math3.geometry.euclidean.twod.SubLine_ESTest2 (14ms / 15):
    [junit] MAJOR: 147164 (1 / 15 / 15) -> AVG-RTPM: 1556ms
    [junit] MAJOR: Mutants killed / live: 44 (28-23-0) / 86
    [junit] MAJOR: ------------------------------------------------------------
    [junit] MAJOR: 14/24 - org.apache.commons.math3.geometry.euclidean.twod.SubLine_ESTest8 (14ms / 18):
    [junit] MAJOR: 179253 (6 / 18 / 18) -> AVG-RTPM: 1782ms
    [junit] MAJOR: Mutants killed / live: 50 (34-23-0) / 80
    [junit] MAJOR: ------------------------------------------------------------
    [junit] MAJOR: 15/24 - org.apache.commons.math3.geometry.euclidean.threed.SubLine_ESTest2 (15ms / 15):
    [junit] MAJOR: 206443 (2 / 15 / 15) -> AVG-RTPM: 1812ms
    [junit] MAJOR: Mutants killed / live: 52 (36-23-0) / 78
    [junit] MAJOR: ------------------------------------------------------------
    [junit] MAJOR: 16/24 - org.apache.commons.math3.geometry.euclidean.threed.SubLine_ESTest3 (15ms / 3):
    [junit] MAJOR: 212268 (2 / 3 / 3) -> AVG-RTPM: 1941ms
    [junit] MAJOR: Mutants killed / live: 54 (36-25-0) / 76
    [junit] MAJOR: ------------------------------------------------------------
    [junit] MAJOR: 17/24 - org.apache.commons.math3.geometry.euclidean.twod.SubLine_ESTest3 (15ms / 3):
    [junit] MAJOR: 218683 (1 / 3 / 3) -> AVG-RTPM: 2138ms
    [junit] MAJOR: Mutants killed / live: 55 (36-27-0) / 75
    [junit] MAJOR: ------------------------------------------------------------
    [junit] MAJOR: 18/24 - org.apache.commons.math3.geometry.euclidean.threed.SubLine_ESTest6 (16ms / 18):
    [junit] MAJOR: 257599 (5 / 18 / 18) -> AVG-RTPM: 2162ms
    [junit] MAJOR: Mutants killed / live: 60 (40-29-0) / 70
    [junit] MAJOR: ------------------------------------------------------------
    [junit] MAJOR: 19/24 - org.apache.commons.math3.geometry.euclidean.threed.SubLine_ESTest5 (17ms / 18):
    [junit] MAJOR: 262995 (8 / 18 / 18) -> AVG-RTPM: 299ms
    [junit] MAJOR: Mutants killed / live: 68 (40-47-0) / 62
    [junit] MAJOR: ------------------------------------------------------------
    [junit] MAJOR: 20/24 - org.apache.commons.math3.geometry.euclidean.twod.SubLine_ESTest10 (17ms / 47):
    [junit] MAJOR: 271977 (35 / 47 / 47) -> AVG-RTPM: 191ms
    [junit] MAJOR: Mutants killed / live: 103 (40-94-0) / 27
    [junit] MAJOR: ------------------------------------------------------------
    [junit] MAJOR: 21/24 - org.apache.commons.math3.geometry.euclidean.threed.SubLine_ESTest8 (20ms / 18):
    [junit] MAJOR: 275292 (7 / 18 / 18) -> AVG-RTPM: 184ms
    [junit] MAJOR: Mutants killed / live: 110 (40-112-0) / 20
    [junit] MAJOR: ------------------------------------------------------------
    [junit] MAJOR: 22/24 - org.apache.commons.math3.geometry.euclidean.twod.SubLine_ESTest4 (20ms / 15):
    [junit] MAJOR: 278161 (7 / 15 / 15) -> AVG-RTPM: 191ms
    [junit] MAJOR: Mutants killed / live: 117 (40-127-0) / 13
    [junit] MAJOR: ------------------------------------------------------------
    [junit] MAJOR: 23/24 - org.apache.commons.math3.geometry.euclidean.threed.SubLine_ESTest0 (22ms / 0):
    [junit] MAJOR: 278161 (0 / 0 / 0) -> AVG-RTPM: 0ms
    [junit] MAJOR: Mutants killed / live: 117 (40-127-0) / 13
    [junit] MAJOR: ------------------------------------------------------------
    [junit] MAJOR: 24/24 - org.apache.commons.math3.geometry.euclidean.twod.SubLine_ESTest11 (93ms / 0):
    [junit] MAJOR: 278161 (0 / 0 / 0) -> AVG-RTPM: 0ms
    [junit] MAJOR: Mutants killed / live: 117 (40-127-0) / 13
    [junit] MAJOR: ------------------------------------------------------------
    [junit] MAJOR: Summary:
    [junit] MAJOR: 
    [junit] MAJOR: Analysis time:  278.2 seconds
    [junit] MAJOR: Mutation score: 90.00% (90.00%)
    [junit] MAJOR: Mutants killed / live: 117 (40-127-0) / 13
    [junit] MAJOR: Mutant executions: 367
    [junit] MAJOR: ------------------------------------------------------------
    [junit] MAJOR: Export summary of results (to summary.csv)
    [junit] MAJOR: Export mutant kill details (to /tmp/run_mutation.pl_23096_1501508904/4f/kill.csv)
    [junit] MAJOR: Export kill map (to killMap.csv)!

BUILD SUCCESSFUL
Total time: 4 minutes 57 seconds
