
init:
     [echo] -------- Commons MATH 3.0-SNAPSHOT --------

compile:

check-availability:
     [echo] doing check-availability...

download-dependencies:
     [echo] doing download-dependencies...

download-junit:

compile.tests:
    [javac] Compiling 328 source files to /tmp/run_mutation.pl_24119_1501182810/50f/target/test-classes
    [javac] Note: /tmp/run_mutation.pl_24119_1501182810/50f/src/test/java/org/apache/commons/math/PerfTestUtils.java uses unchecked or unsafe operations.
    [javac] Note: Recompile with -Xlint:unchecked for details.
     [copy] Copying 13 files to /tmp/run_mutation.pl_24119_1501182810/50f/target/test-classes

update.all.tests:

mutation.test:
     [echo] Running mutation analysis ...
    [junit] MAJOR: Mutation analysis enabled
SLF4J: Failed to load class "org.slf4j.impl.StaticLoggerBinder".
SLF4J: Defaulting to no-operation (NOP) logger implementation
SLF4J: See http://www.slf4j.org/codes.html#StaticLoggerBinder for further details.
    [junit] MAJOR: org.apache.commons.math.analysis.solvers.BaseSecantSolver_ESTest0[test0] failed!
    [junit] MAJOR:  -> org.apache.commons.math.exception.NoBracketingException
    [junit] MAJOR:  -> "function values at endpoints do not have different signs, endpoints: [0, 27], values: [0, 1]"
    [junit] MAJOR: org.apache.commons.math.analysis.solvers.BaseSecantSolver_ESTest2[test2] failed!
    [junit] MAJOR:  -> AssertionFailedError
    [junit] MAJOR:  -> "Expecting exception: NoClassDefFoundError"
    [junit] MAJOR: org.apache.commons.math.analysis.solvers.BaseSecantSolver_ESTest5[test5] failed!
    [junit] MAJOR:  -> AssertionFailedError
    [junit] MAJOR:  -> "Expecting exception: NoClassDefFoundError"
    [junit] MAJOR: org.apache.commons.math.analysis.solvers.BaseSecantSolver_ESTest6[test6] failed!
    [junit] MAJOR:  -> AssertionFailedError
    [junit] MAJOR:  -> "Expecting exception: NoClassDefFoundError"
    [junit] MAJOR: org.apache.commons.math.analysis.solvers.BaseSecantSolver_ESTest7[test7] failed!
    [junit] MAJOR:  -> AssertionFailedError
    [junit] MAJOR:  -> "Expecting exception: NoClassDefFoundError"
    [junit] MAJOR: Exclude 5 failing test classes:
    [junit] MAJOR:  - org.apache.commons.math.analysis.solvers.BaseSecantSolver_ESTest0
    [junit] MAJOR:  - org.apache.commons.math.analysis.solvers.BaseSecantSolver_ESTest2
    [junit] MAJOR:  - org.apache.commons.math.analysis.solvers.BaseSecantSolver_ESTest5
    [junit] MAJOR:  - org.apache.commons.math.analysis.solvers.BaseSecantSolver_ESTest6
    [junit] MAJOR:  - org.apache.commons.math.analysis.solvers.BaseSecantSolver_ESTest7
    [junit] MAJOR: ------------------------------------------------------------
    [junit] MAJOR: Run 3 ordered tests to verify independence
    [junit] MAJOR: ------------------------------------------------------------
    [junit] MAJOR: Preprocessing time: 3.96 seconds
    [junit] MAJOR: ------------------------------------------------------------
    [junit] MAJOR: Mutants generated: 163
    [junit] MAJOR: Mutants covered:   52 (31.90%)
    [junit] MAJOR: ------------------------------------------------------------
    [junit] MAJOR: Export test map to (testMap.csv)
    [junit] MAJOR: Export coverage map to (covMap.csv)
    [junit] MAJOR: Exclude 0 mutants
    [junit] MAJOR: ------------------------------------------------------------
    [junit] MAJOR: Run mutation analysis with 3 individual tests
    [junit] MAJOR: ------------------------------------------------------------
    [junit] MAJOR: 1/3 - org.apache.commons.math.analysis.solvers.BaseSecantSolver_ESTest3 (14ms / 20):
    [junit] MAJOR: 4373 (10 / 20 / 20) -> AVG-RTPM: 218ms
    [junit] MAJOR: Mutants killed / live: 10 (4-6-0) / 42
    [junit] MAJOR: ------------------------------------------------------------
    [junit] MAJOR: 2/3 - org.apache.commons.math.analysis.solvers.BaseSecantSolver_ESTest1 (17ms / 11):
    [junit] MAJOR: 7128 (4 / 11 / 11) -> AVG-RTPM: 250ms
    [junit] MAJOR: Mutants killed / live: 14 (10-6-0) / 38
    [junit] MAJOR: ------------------------------------------------------------
    [junit] MAJOR: 3/3 - org.apache.commons.math.analysis.solvers.BaseSecantSolver_ESTest4 (939ms / 51):
    [junit] MAJOR: 23824 (19 / 51 / 51) -> AVG-RTPM: 327ms
    [junit] MAJOR: Mutants killed / live: 33 (20-21-0) / 19
    [junit] MAJOR: ------------------------------------------------------------
    [junit] MAJOR: Summary:
    [junit] MAJOR: 
    [junit] MAJOR: Analysis time:  23.8 seconds
    [junit] MAJOR: Mutation score: 20.25% (63.46%)
    [junit] MAJOR: Mutants killed / live: 33 (20-21-0) / 19
    [junit] MAJOR: Mutant executions: 82
    [junit] MAJOR: ------------------------------------------------------------
    [junit] MAJOR: Export summary of results (to summary.csv)
    [junit] MAJOR: Export mutant kill details (to /tmp/run_mutation.pl_24119_1501182810/50f/kill.csv)
    [junit] MAJOR: Export kill map (to killMap.csv)!

BUILD SUCCESSFUL
Total time: 38 seconds
