
init:
     [echo] -------- Commons MATH 3.0-SNAPSHOT --------

compile:

check-availability:
     [echo] doing check-availability...

download-dependencies:
     [echo] doing download-dependencies...

download-junit:

compile.tests:
    [javac] Compiling 328 source files to /tmp/run_mutation.pl_58218_1483678239/51f/target/test-classes
    [javac] Note: /tmp/run_mutation.pl_58218_1483678239/51f/src/test/java/org/apache/commons/math/PerfTestUtils.java uses unchecked or unsafe operations.
    [javac] Note: Recompile with -Xlint:unchecked for details.
     [copy] Copying 13 files to /tmp/run_mutation.pl_58218_1483678239/51f/target/test-classes

update.all.tests:

mutation.test:
     [echo] Running mutation analysis ...
    [junit] MAJOR: Mutation analysis enabled
SLF4J: Failed to load class "org.slf4j.impl.StaticLoggerBinder".
SLF4J: Defaulting to no-operation (NOP) logger implementation
SLF4J: See http://www.slf4j.org/codes.html#StaticLoggerBinder for further details.
    [junit] MAJOR: org.apache.commons.math.analysis.solvers.BaseSecantSolver_ESTest0[test0] failed!
    [junit] MAJOR:  -> AssertionFailedError
    [junit] MAJOR:  -> "Expecting exception: NoClassDefFoundError"
    [junit] MAJOR: org.apache.commons.math.analysis.solvers.BaseSecantSolver_ESTest4[test4] failed!
    [junit] MAJOR:  -> AssertionFailedError
    [junit] MAJOR:  -> "Expecting exception: NoClassDefFoundError"
    [junit] MAJOR: org.apache.commons.math.analysis.solvers.BaseSecantSolver_ESTest5[test5] failed!
    [junit] MAJOR:  -> org.apache.commons.math.exception.TooManyEvaluationsException
    [junit] MAJOR:  -> "illegal state: maximal count (5) exceeded: evaluations"
    [junit] MAJOR: org.apache.commons.math.analysis.solvers.BaseSecantSolver_ESTest6[test6] failed!
    [junit] MAJOR:  -> AssertionFailedError
    [junit] MAJOR:  -> "Expecting exception: NoClassDefFoundError"
    [junit] MAJOR: org.apache.commons.math.analysis.solvers.BaseSecantSolver_ESTest7[test7] failed!
    [junit] MAJOR:  -> org.apache.commons.math.exception.TooManyEvaluationsException
    [junit] MAJOR:  -> "illegal state: maximal count (99) exceeded: evaluations"
    [junit] MAJOR: Exclude 5 failing test classes:
    [junit] MAJOR:  - org.apache.commons.math.analysis.solvers.BaseSecantSolver_ESTest0
    [junit] MAJOR:  - org.apache.commons.math.analysis.solvers.BaseSecantSolver_ESTest4
    [junit] MAJOR:  - org.apache.commons.math.analysis.solvers.BaseSecantSolver_ESTest5
    [junit] MAJOR:  - org.apache.commons.math.analysis.solvers.BaseSecantSolver_ESTest6
    [junit] MAJOR:  - org.apache.commons.math.analysis.solvers.BaseSecantSolver_ESTest7
    [junit] MAJOR: ------------------------------------------------------------
    [junit] MAJOR: Run 3 ordered tests to verify independence
    [junit] MAJOR: ------------------------------------------------------------
    [junit] MAJOR: Preprocessing time: 2.36 seconds
    [junit] MAJOR: ------------------------------------------------------------
    [junit] MAJOR: Mutants generated: 190
    [junit] MAJOR: Mutants covered:   66 (34.74%)
    [junit] MAJOR: ------------------------------------------------------------
    [junit] MAJOR: Export test map to (testMap.csv)
    [junit] MAJOR: Export coverage map to (covMap.csv)
    [junit] MAJOR: Exclude 0 mutants
    [junit] MAJOR: ------------------------------------------------------------
    [junit] MAJOR: Run mutation analysis with 3 individual tests
    [junit] MAJOR: ------------------------------------------------------------
    [junit] MAJOR: 1/3 - org.apache.commons.math.analysis.solvers.BaseSecantSolver_ESTest2 (9ms / 34):
    [junit] MAJOR: 5625 (6 / 34 / 34) -> AVG-RTPM: 165ms
    [junit] MAJOR: Mutants killed / live: 6 (0-6-0) / 60
    [junit] MAJOR: ------------------------------------------------------------
    [junit] MAJOR: 2/3 - org.apache.commons.math.analysis.solvers.BaseSecantSolver_ESTest3 (9ms / 65):
    [junit] MAJOR: 22415 (25 / 65 / 65) -> AVG-RTPM: 258ms
    [junit] MAJOR: Mutants killed / live: 31 (9-24-0) / 35
    [junit] MAJOR: ------------------------------------------------------------
    [junit] MAJOR: 3/3 - org.apache.commons.math.analysis.solvers.BaseSecantSolver_ESTest1 (10ms / 11):
    [junit] MAJOR: 26510 (4 / 11 / 11) -> AVG-RTPM: 372ms
    [junit] MAJOR: Mutants killed / live: 35 (15-24-0) / 31
    [junit] MAJOR: ------------------------------------------------------------
    [junit] MAJOR: Summary:
    [junit] MAJOR: 
    [junit] MAJOR: Analysis time:  26.5 seconds
    [junit] MAJOR: Mutation score: 18.42% (53.03%)
    [junit] MAJOR: Mutants killed / live: 35 (15-24-0) / 31
    [junit] MAJOR: Mutant executions: 110
    [junit] MAJOR: ------------------------------------------------------------
    [junit] MAJOR: Export summary of results (to summary.csv)
    [junit] MAJOR: Export mutant kill details (to /tmp/run_mutation.pl_58218_1483678239/51f/kill.csv)
    [junit] MAJOR: Export kill map (to killMap.csv)!

BUILD SUCCESSFUL
Total time: 34 seconds
