
init:
     [echo] -------- Commons MATH 3.0-SNAPSHOT --------

compile:

check-availability:
     [echo] doing check-availability...

download-dependencies:
     [echo] doing download-dependencies...

download-junit:

compile.tests:
    [javac] Compiling 320 source files to /tmp/run_mutation.pl_9075_1501544550/53f/target/test-classes
    [javac] Note: /tmp/run_mutation.pl_9075_1501544550/53f/src/test/java/org/apache/commons/math/util/FastMathTestPerformance.java uses or overrides a deprecated API.
    [javac] Note: Recompile with -Xlint:deprecation for details.
     [copy] Copying 11 files to /tmp/run_mutation.pl_9075_1501544550/53f/target/test-classes

update.all.tests:

mutation.test:
     [echo] Running mutation analysis ...
    [junit] MAJOR: Mutation analysis enabled
SLF4J: Failed to load class "org.slf4j.impl.StaticLoggerBinder".
SLF4J: Defaulting to no-operation (NOP) logger implementation
SLF4J: See http://www.slf4j.org/codes.html#StaticLoggerBinder for further details.
    [junit] MAJOR: org.apache.commons.math.complex.Complex_ESTest11[test11] failed!
    [junit] MAJOR:  -> AssertionFailedError
    [junit] MAJOR:  -> "Expecting exception: NoClassDefFoundError"
    [junit] MAJOR: org.apache.commons.math.complex.Complex_ESTest18[test18] failed!
    [junit] MAJOR:  -> AssertionFailedError
    [junit] MAJOR:  -> "Expecting exception: NoClassDefFoundError"
    [junit] MAJOR: org.apache.commons.math.complex.Complex_ESTest19[test19] failed!
    [junit] MAJOR:  -> AssertionFailedError
    [junit] MAJOR:  -> "Expecting exception: NoClassDefFoundError"
    [junit] MAJOR: org.apache.commons.math.complex.Complex_ESTest2[test02] failed!
    [junit] MAJOR:  -> AssertionFailedError
    [junit] MAJOR:  -> "Expecting exception: NoClassDefFoundError"
    [junit] MAJOR: org.apache.commons.math.complex.Complex_ESTest21[test21] failed!
    [junit] MAJOR:  -> AssertionFailedError
    [junit] MAJOR:  -> "Expecting exception: NoClassDefFoundError"
    [junit] MAJOR: org.apache.commons.math.complex.Complex_ESTest4[test04] failed!
    [junit] MAJOR:  -> AssertionFailedError
    [junit] MAJOR:  -> "Expecting exception: NoClassDefFoundError"
    [junit] MAJOR: org.apache.commons.math.complex.Complex_ESTest43[test43] failed!
    [junit] MAJOR:  -> AssertionFailedError
    [junit] MAJOR:  -> "Expecting exception: NoClassDefFoundError"
    [junit] MAJOR: org.apache.commons.math.complex.Complex_ESTest45[test45] failed!
    [junit] MAJOR:  -> AssertionFailedError
    [junit] MAJOR:  -> "Expecting exception: NoClassDefFoundError"
    [junit] MAJOR: org.apache.commons.math.complex.Complex_ESTest47[test47] failed!
    [junit] MAJOR:  -> AssertionFailedError
    [junit] MAJOR:  -> "Expecting exception: NoClassDefFoundError"
    [junit] MAJOR: org.apache.commons.math.complex.Complex_ESTest48[test48] failed!
    [junit] MAJOR:  -> AssertionFailedError
    [junit] MAJOR:  -> "Expecting exception: NoClassDefFoundError"
    [junit] MAJOR: org.apache.commons.math.complex.Complex_ESTest50[test50] failed!
    [junit] MAJOR:  -> AssertionFailedError
    [junit] MAJOR:  -> "Expecting exception: NoClassDefFoundError"
    [junit] MAJOR: org.apache.commons.math.complex.Complex_ESTest52[test52] failed!
    [junit] MAJOR:  -> AssertionFailedError
    [junit] MAJOR:  -> "Expecting exception: NoClassDefFoundError"
    [junit] MAJOR: org.apache.commons.math.complex.Complex_ESTest53[test53] failed!
    [junit] MAJOR:  -> AssertionFailedError
    [junit] MAJOR:  -> "Expecting exception: NoClassDefFoundError"
    [junit] MAJOR: org.apache.commons.math.complex.Complex_ESTest55[test55] failed!
    [junit] MAJOR:  -> AssertionFailedError
    [junit] MAJOR:  -> "Expecting exception: NoClassDefFoundError"
    [junit] MAJOR: org.apache.commons.math.complex.Complex_ESTest7[test07] failed!
    [junit] MAJOR:  -> AssertionFailedError
    [junit] MAJOR:  -> "Expecting exception: NoClassDefFoundError"
    [junit] MAJOR: org.apache.commons.math.complex.Complex_ESTest9[test09] failed!
    [junit] MAJOR:  -> AssertionFailedError
    [junit] MAJOR:  -> "Expecting exception: NoClassDefFoundError"
    [junit] MAJOR: Exclude 16 failing test classes:
    [junit] MAJOR:  - org.apache.commons.math.complex.Complex_ESTest11
    [junit] MAJOR:  - org.apache.commons.math.complex.Complex_ESTest18
    [junit] MAJOR:  - org.apache.commons.math.complex.Complex_ESTest19
    [junit] MAJOR:  - org.apache.commons.math.complex.Complex_ESTest2
    [junit] MAJOR:  - org.apache.commons.math.complex.Complex_ESTest21
    [junit] MAJOR:  - org.apache.commons.math.complex.Complex_ESTest4
    [junit] MAJOR:  - org.apache.commons.math.complex.Complex_ESTest43
    [junit] MAJOR:  - org.apache.commons.math.complex.Complex_ESTest45
    [junit] MAJOR:  - org.apache.commons.math.complex.Complex_ESTest47
    [junit] MAJOR:  - org.apache.commons.math.complex.Complex_ESTest48
    [junit] MAJOR:  - org.apache.commons.math.complex.Complex_ESTest50
    [junit] MAJOR:  - org.apache.commons.math.complex.Complex_ESTest52
    [junit] MAJOR:  - org.apache.commons.math.complex.Complex_ESTest53
    [junit] MAJOR:  - org.apache.commons.math.complex.Complex_ESTest55
    [junit] MAJOR:  - org.apache.commons.math.complex.Complex_ESTest7
    [junit] MAJOR:  - org.apache.commons.math.complex.Complex_ESTest9
    [junit] MAJOR: ------------------------------------------------------------
    [junit] MAJOR: Run 44 ordered tests to verify independence
    [junit] MAJOR: ------------------------------------------------------------
    [junit] MAJOR: Preprocessing time: 20.48 seconds
    [junit] MAJOR: ------------------------------------------------------------
    [junit] MAJOR: Mutants generated: 634
    [junit] MAJOR: Mutants covered:   297 (46.85%)
    [junit] MAJOR: ------------------------------------------------------------
    [junit] MAJOR: Export test map to (testMap.csv)
    [junit] MAJOR: Export coverage map to (covMap.csv)
    [junit] MAJOR: Exclude 0 mutants
    [junit] MAJOR: ------------------------------------------------------------
    [junit] MAJOR: Run mutation analysis with 44 individual tests
    [junit] MAJOR: ------------------------------------------------------------
    [junit] MAJOR: 1/44 - org.apache.commons.math.complex.Complex_ESTest3 (6ms / 33):
    [junit] MAJOR: 11751 (4 / 33 / 33) -> AVG-RTPM: 356ms
    [junit] MAJOR: Mutants killed / live: 4 (4-0-0) / 293
    [junit] MAJOR: ------------------------------------------------------------
    [junit] MAJOR: 2/44 - org.apache.commons.math.complex.Complex_ESTest46 (6ms / 35):
    [junit] MAJOR: 30168 (2 / 35 / 35) -> AVG-RTPM: 526ms
    [junit] MAJOR: Mutants killed / live: 6 (6-0-0) / 291
    [junit] MAJOR: ------------------------------------------------------------
    [junit] MAJOR: 3/44 - org.apache.commons.math.complex.Complex_ESTest49 (6ms / 35):
    [junit] MAJOR: 54745 (0 / 35 / 35) -> AVG-RTPM: 702ms
    [junit] MAJOR: Mutants killed / live: 6 (6-0-0) / 291
    [junit] MAJOR: ------------------------------------------------------------
    [junit] MAJOR: 4/44 - org.apache.commons.math.complex.Complex_ESTest28 (7ms / 37):
    [junit] MAJOR: 85692 (0 / 37 / 37) -> AVG-RTPM: 836ms
    [junit] MAJOR: Mutants killed / live: 6 (6-0-0) / 291
    [junit] MAJOR: ------------------------------------------------------------
    [junit] MAJOR: 5/44 - org.apache.commons.math.complex.Complex_ESTest29 (7ms / 41):
    [junit] MAJOR: 135670 (4 / 41 / 41) -> AVG-RTPM: 1218ms
    [junit] MAJOR: Mutants killed / live: 10 (12-0-0) / 287
    [junit] MAJOR: ------------------------------------------------------------
    [junit] MAJOR: 6/44 - org.apache.commons.math.complex.Complex_ESTest30 (7ms / 62):
    [junit] MAJOR: 245143 (5 / 62 / 62) -> AVG-RTPM: 1765ms
    [junit] MAJOR: Mutants killed / live: 15 (18-0-0) / 282
    [junit] MAJOR: ------------------------------------------------------------
    [junit] MAJOR: 7/44 - org.apache.commons.math.complex.Complex_ESTest31 (7ms / 62):
    [junit] MAJOR: 402549 (9 / 62 / 62) -> AVG-RTPM: 2538ms
    [junit] MAJOR: Mutants killed / live: 24 (32-0-0) / 273
    [junit] MAJOR: ------------------------------------------------------------
    [junit] MAJOR: 8/44 - org.apache.commons.math.complex.Complex_ESTest32 (7ms / 40):
    [junit] MAJOR: 531365 (5 / 40 / 40) -> AVG-RTPM: 3220ms
    [junit] MAJOR: Mutants killed / live: 29 (38-0-1) / 268
    [junit] MAJOR: ------------------------------------------------------------
    [junit] MAJOR: 9/44 - org.apache.commons.math.complex.Complex_ESTest35 (7ms / 54):
    [junit] MAJOR: 588134 (26 / 54 / 54) -> AVG-RTPM: 1051ms
    [junit] MAJOR: Mutants killed / live: 55 (38-41-1) / 242
    [junit] MAJOR: ------------------------------------------------------------
    [junit] MAJOR: 10/44 - org.apache.commons.math.complex.Complex_ESTest38 (7ms / 41):
    [junit] MAJOR: 605689 (17 / 41 / 41) -> AVG-RTPM: 428ms
    [junit] MAJOR: Mutants killed / live: 72 (38-82-1) / 225
    [junit] MAJOR: ------------------------------------------------------------
    [junit] MAJOR: 11/44 - org.apache.commons.math.complex.Complex_ESTest39 (7ms / 55):
    [junit] MAJOR: 629051 (9 / 55 / 55) -> AVG-RTPM: 424ms
    [junit] MAJOR: Mutants killed / live: 81 (38-137-1) / 216
    [junit] MAJOR: ------------------------------------------------------------
    [junit] MAJOR: 12/44 - org.apache.commons.math.complex.Complex_ESTest40 (7ms / 35):
    [junit] MAJOR: 643776 (2 / 35 / 35) -> AVG-RTPM: 420ms
    [junit] MAJOR: Mutants killed / live: 83 (38-172-1) / 214
    [junit] MAJOR: ------------------------------------------------------------
    [junit] MAJOR: 13/44 - org.apache.commons.math.complex.Complex_ESTest44 (7ms / 35):
    [junit] MAJOR: 659000 (2 / 35 / 35) -> AVG-RTPM: 434ms
    [junit] MAJOR: Mutants killed / live: 85 (38-207-1) / 212
    [junit] MAJOR: ------------------------------------------------------------
    [junit] MAJOR: 14/44 - org.apache.commons.math.complex.Complex_ESTest5 (7ms / 33):
    [junit] MAJOR: 673156 (0 / 33 / 33) -> AVG-RTPM: 428ms
    [junit] MAJOR: Mutants killed / live: 85 (38-240-1) / 212
    [junit] MAJOR: ------------------------------------------------------------
    [junit] MAJOR: 15/44 - org.apache.commons.math.complex.Complex_ESTest51 (7ms / 35):
    [junit] MAJOR: 688238 (2 / 35 / 35) -> AVG-RTPM: 430ms
    [junit] MAJOR: Mutants killed / live: 87 (38-275-1) / 210
    [junit] MAJOR: ------------------------------------------------------------
    [junit] MAJOR: 16/44 - org.apache.commons.math.complex.Complex_ESTest54 (7ms / 35):
    [junit] MAJOR: 703275 (2 / 35 / 35) -> AVG-RTPM: 429ms
    [junit] MAJOR: Mutants killed / live: 89 (38-310-1) / 208
    [junit] MAJOR: ------------------------------------------------------------
    [junit] MAJOR: 17/44 - org.apache.commons.math.complex.Complex_ESTest20 (8ms / 64):
    [junit] MAJOR: 730753 (31 / 64 / 64) -> AVG-RTPM: 429ms
    [junit] MAJOR: Mutants killed / live: 120 (38-374-1) / 177
    [junit] MAJOR: ------------------------------------------------------------
    [junit] MAJOR: 18/44 - org.apache.commons.math.complex.Complex_ESTest22 (8ms / 37):
    [junit] MAJOR: 746446 (4 / 37 / 37) -> AVG-RTPM: 424ms
    [junit] MAJOR: Mutants killed / live: 124 (38-411-1) / 173
    [junit] MAJOR: ------------------------------------------------------------
    [junit] MAJOR: 19/44 - org.apache.commons.math.complex.Complex_ESTest23 (8ms / 52):
    [junit] MAJOR: 768576 (16 / 52 / 52) -> AVG-RTPM: 425ms
    [junit] MAJOR: Mutants killed / live: 140 (38-463-1) / 157
    [junit] MAJOR: ------------------------------------------------------------
    [junit] MAJOR: 20/44 - org.apache.commons.math.complex.Complex_ESTest24 (8ms / 52):
    [junit] MAJOR: 790821 (0 / 52 / 52) -> AVG-RTPM: 427ms
    [junit] MAJOR: Mutants killed / live: 140 (38-515-1) / 157
    [junit] MAJOR: ------------------------------------------------------------
    [junit] MAJOR: 21/44 - org.apache.commons.math.complex.Complex_ESTest26 (8ms / 192):
    [junit] MAJOR: 872842 (92 / 192 / 192) -> AVG-RTPM: 427ms
    [junit] MAJOR: Mutants killed / live: 232 (38-707-1) / 65
    [junit] MAJOR: ------------------------------------------------------------
    [junit] MAJOR: 22/44 - org.apache.commons.math.complex.Complex_ESTest33 (8ms / 40):
    [junit] MAJOR: 886276 (0 / 40 / 40) -> AVG-RTPM: 335ms
    [junit] MAJOR: Mutants killed / live: 232 (38-747-1) / 65
    [junit] MAJOR: ------------------------------------------------------------
    [junit] MAJOR: 23/44 - org.apache.commons.math.complex.Complex_ESTest36 (8ms / 54):
    [junit] MAJOR: 906633 (0 / 54 / 54) -> AVG-RTPM: 376ms
    [junit] MAJOR: Mutants killed / live: 232 (38-801-1) / 65
    [junit] MAJOR: ------------------------------------------------------------
    [junit] MAJOR: 24/44 - org.apache.commons.math.complex.Complex_ESTest41 (8ms / 35):
    [junit] MAJOR: 920560 (2 / 35 / 35) -> AVG-RTPM: 397ms
    [junit] MAJOR: Mutants killed / live: 234 (38-836-1) / 63
    [junit] MAJOR: ------------------------------------------------------------
    [junit] MAJOR: 25/44 - org.apache.commons.math.complex.Complex_ESTest42 (8ms / 35):
    [junit] MAJOR: 934547 (2 / 35 / 35) -> AVG-RTPM: 399ms
    [junit] MAJOR: Mutants killed / live: 236 (38-871-1) / 61
    [junit] MAJOR: ------------------------------------------------------------
    [junit] MAJOR: 26/44 - org.apache.commons.math.complex.Complex_ESTest56 (8ms / 35):
    [junit] MAJOR: 948410 (2 / 35 / 35) -> AVG-RTPM: 396ms
    [junit] MAJOR: Mutants killed / live: 238 (38-906-1) / 59
    [junit] MAJOR: ------------------------------------------------------------
    [junit] MAJOR: 27/44 - org.apache.commons.math.complex.Complex_ESTest57 (8ms / 42):
    [junit] MAJOR: 965068 (9 / 42 / 42) -> AVG-RTPM: 396ms
    [junit] MAJOR: Mutants killed / live: 247 (38-948-1) / 50
    [junit] MAJOR: ------------------------------------------------------------
    [junit] MAJOR: 28/44 - org.apache.commons.math.complex.Complex_ESTest58 (8ms / 45):
    [junit] MAJOR: 982965 (3 / 45 / 45) -> AVG-RTPM: 397ms
    [junit] MAJOR: Mutants killed / live: 250 (38-993-1) / 47
    [junit] MAJOR: ------------------------------------------------------------
    [junit] MAJOR: 29/44 - org.apache.commons.math.complex.Complex_ESTest59 (8ms / 47):
    [junit] MAJOR: 1001559 (3 / 47 / 47) -> AVG-RTPM: 395ms
    [junit] MAJOR: Mutants killed / live: 253 (38-1040-1) / 44
    [junit] MAJOR: ------------------------------------------------------------
    [junit] MAJOR: 30/44 - org.apache.commons.math.complex.Complex_ESTest15 (9ms / 35):
    [junit] MAJOR: 1015663 (2 / 35 / 35) -> AVG-RTPM: 402ms
    [junit] MAJOR: Mutants killed / live: 255 (38-1075-1) / 42
    [junit] MAJOR: ------------------------------------------------------------
    [junit] MAJOR: 31/44 - org.apache.commons.math.complex.Complex_ESTest17 (9ms / 41):
    [junit] MAJOR: 1031954 (0 / 41 / 41) -> AVG-RTPM: 397ms
    [junit] MAJOR: Mutants killed / live: 255 (38-1116-1) / 42
    [junit] MAJOR: ------------------------------------------------------------
    [junit] MAJOR: 32/44 - org.apache.commons.math.complex.Complex_ESTest34 (9ms / 54):
    [junit] MAJOR: 1053993 (0 / 54 / 54) -> AVG-RTPM: 408ms
    [junit] MAJOR: Mutants killed / live: 255 (38-1170-1) / 42
    [junit] MAJOR: ------------------------------------------------------------
    [junit] MAJOR: 33/44 - org.apache.commons.math.complex.Complex_ESTest6 (9ms / 33):
    [junit] MAJOR: 1067184 (0 / 33 / 33) -> AVG-RTPM: 399ms
    [junit] MAJOR: Mutants killed / live: 255 (38-1203-1) / 42
    [junit] MAJOR: ------------------------------------------------------------
    [junit] MAJOR: 34/44 - org.apache.commons.math.complex.Complex_ESTest8 (9ms / 33):
    [junit] MAJOR: 1080664 (0 / 33 / 33) -> AVG-RTPM: 408ms
    [junit] MAJOR: Mutants killed / live: 255 (38-1236-1) / 42
    [junit] MAJOR: ------------------------------------------------------------
    [junit] MAJOR: 35/44 - org.apache.commons.math.complex.Complex_ESTest10 (10ms / 35):
    [junit] MAJOR: 1094930 (2 / 35 / 35) -> AVG-RTPM: 407ms
    [junit] MAJOR: Mutants killed / live: 257 (38-1271-1) / 40
    [junit] MAJOR: ------------------------------------------------------------
    [junit] MAJOR: 36/44 - org.apache.commons.math.complex.Complex_ESTest12 (10ms / 41):
    [junit] MAJOR: 1111609 (8 / 41 / 41) -> AVG-RTPM: 406ms
    [junit] MAJOR: Mutants killed / live: 265 (38-1312-1) / 32
    [junit] MAJOR: ------------------------------------------------------------
    [junit] MAJOR: 37/44 - org.apache.commons.math.complex.Complex_ESTest27 (11ms / 51):
    [junit] MAJOR: 1132468 (18 / 51 / 51) -> AVG-RTPM: 409ms
    [junit] MAJOR: Mutants killed / live: 283 (38-1363-1) / 14
    [junit] MAJOR: ------------------------------------------------------------
    [junit] MAJOR: 38/44 - org.apache.commons.math.complex.Complex_ESTest37 (12ms / 35):
    [junit] MAJOR: 1146718 (2 / 35 / 35) -> AVG-RTPM: 407ms
    [junit] MAJOR: Mutants killed / live: 285 (38-1398-1) / 12
    [junit] MAJOR: ------------------------------------------------------------
    [junit] MAJOR: 39/44 - org.apache.commons.math.complex.Complex_ESTest1 (14ms / 46):
    [junit] MAJOR: 1165192 (5 / 46 / 46) -> AVG-RTPM: 401ms
    [junit] MAJOR: Mutants killed / live: 290 (38-1444-1) / 7
    [junit] MAJOR: ------------------------------------------------------------
    [junit] MAJOR: 40/44 - org.apache.commons.math.complex.Complex_ESTest16 (14ms / 41):
    [junit] MAJOR: 1181589 (0 / 41 / 41) -> AVG-RTPM: 399ms
    [junit] MAJOR: Mutants killed / live: 290 (38-1485-1) / 7
    [junit] MAJOR: ------------------------------------------------------------
    [junit] MAJOR: 41/44 - org.apache.commons.math.complex.Complex_ESTest14 (15ms / 62):
    [junit] MAJOR: 1206548 (1 / 62 / 62) -> AVG-RTPM: 402ms
    [junit] MAJOR: Mutants killed / live: 291 (38-1547-1) / 6
    [junit] MAJOR: ------------------------------------------------------------
    [junit] MAJOR: 42/44 - org.apache.commons.math.complex.Complex_ESTest25 (16ms / 59):
    [junit] MAJOR: 1230159 (0 / 59 / 59) -> AVG-RTPM: 400ms
    [junit] MAJOR: Mutants killed / live: 291 (38-1606-1) / 6
    [junit] MAJOR: ------------------------------------------------------------
    [junit] MAJOR: 43/44 - org.apache.commons.math.complex.Complex_ESTest13 (19ms / 41):
    [junit] MAJOR: 1246553 (0 / 41 / 41) -> AVG-RTPM: 399ms
    [junit] MAJOR: Mutants killed / live: 291 (38-1647-1) / 6
    [junit] MAJOR: ------------------------------------------------------------
    [junit] MAJOR: 44/44 - org.apache.commons.math.complex.Complex_ESTest0 (22ms / 33):
    [junit] MAJOR: 1259869 (0 / 33 / 33) -> AVG-RTPM: 403ms
    [junit] MAJOR: Mutants killed / live: 291 (38-1680-1) / 6
    [junit] MAJOR: ------------------------------------------------------------
    [junit] MAJOR: Summary:
    [junit] MAJOR: 
    [junit] MAJOR: Analysis time:  1259.9 seconds
    [junit] MAJOR: Mutation score: 45.90% (97.98%)
    [junit] MAJOR: Mutants killed / live: 291 (38-1680-1) / 6
    [junit] MAJOR: Mutant executions: 2038
    [junit] MAJOR: ------------------------------------------------------------
    [junit] MAJOR: Export summary of results (to summary.csv)
    [junit] MAJOR: Export mutant kill details (to /tmp/run_mutation.pl_9075_1501544550/53f/kill.csv)
    [junit] MAJOR: Export kill map (to killMap.csv)!

BUILD SUCCESSFUL
Total time: 21 minutes 28 seconds
