
init:
     [echo] -------- Commons MATH 3.0-SNAPSHOT --------

compile:

check-availability:
     [echo] doing check-availability...

download-dependencies:
     [echo] doing download-dependencies...

download-junit:

compile.tests:
    [javac] Compiling 296 source files to /tmp/run_mutation.pl_54841_1501581879/58f/target/test-classes
    [javac] Note: Some input files use or override a deprecated API.
    [javac] Note: Recompile with -Xlint:deprecation for details.
     [copy] Copying 11 files to /tmp/run_mutation.pl_54841_1501581879/58f/target/test-classes

update.all.tests:

mutation.test:
     [echo] Running mutation analysis ...
    [junit] MAJOR: Mutation analysis enabled
SLF4J: Failed to load class "org.slf4j.impl.StaticLoggerBinder".
SLF4J: Defaulting to no-operation (NOP) logger implementation
SLF4J: See http://www.slf4j.org/codes.html#StaticLoggerBinder for further details.
    [junit] MAJOR: ------------------------------------------------------------
    [junit] MAJOR: Run 11 ordered tests to verify independence
    [junit] MAJOR: ------------------------------------------------------------
    [junit] MAJOR: Preprocessing time: 5.22 seconds
    [junit] MAJOR: ------------------------------------------------------------
    [junit] MAJOR: Mutants generated: 360
    [junit] MAJOR: Mutants covered:   358 (99.44%)
    [junit] MAJOR: ------------------------------------------------------------
    [junit] MAJOR: Export test map to (testMap.csv)
    [junit] MAJOR: Export coverage map to (covMap.csv)
    [junit] MAJOR: Exclude 0 mutants
    [junit] MAJOR: ------------------------------------------------------------
    [junit] MAJOR: Run mutation analysis with 11 individual tests
    [junit] MAJOR: ------------------------------------------------------------
    [junit] MAJOR: 1/11 - org.apache.commons.math.optimization.fitting.GaussianFitter_ESTest6 (10ms / 246):
    [junit] MAJOR: 192849 (71 / 246 / 246) -> AVG-RTPM: 783ms
    [junit] MAJOR: Mutants killed / live: 71 (21-50-0) / 287
    [junit] MAJOR: ------------------------------------------------------------
    [junit] MAJOR: 2/11 - org.apache.commons.math.optimization.fitting.GaussianFitter_ESTest2 (11ms / 3):
    [junit] MAJOR: 198452 (0 / 3 / 3) -> AVG-RTPM: 1867ms
    [junit] MAJOR: Mutants killed / live: 71 (21-50-0) / 287
    [junit] MAJOR: ------------------------------------------------------------
    [junit] MAJOR: 3/11 - org.apache.commons.math.optimization.fitting.GaussianFitter_ESTest5 (11ms / 300):
    [junit] MAJOR: 302399 (227 / 300 / 300) -> AVG-RTPM: 346ms
    [junit] MAJOR: Mutants killed / live: 298 (24-338-0) / 60
    [junit] MAJOR: ------------------------------------------------------------
    [junit] MAJOR: 4/11 - org.apache.commons.math.optimization.fitting.GaussianFitter_ESTest10 (12ms / 99):
    [junit] MAJOR: 320749 (12 / 99 / 99) -> AVG-RTPM: 185ms
    [junit] MAJOR: Mutants killed / live: 310 (24-437-0) / 48
    [junit] MAJOR: ------------------------------------------------------------
    [junit] MAJOR: 5/11 - org.apache.commons.math.optimization.fitting.GaussianFitter_ESTest4 (14ms / 304):
    [junit] MAJOR: 375060 (10 / 304 / 304) -> AVG-RTPM: 178ms
    [junit] MAJOR: Mutants killed / live: 320 (24-741-0) / 38
    [junit] MAJOR: ------------------------------------------------------------
    [junit] MAJOR: 6/11 - org.apache.commons.math.optimization.fitting.GaussianFitter_ESTest3 (15ms / 200):
    [junit] MAJOR: 407256 (0 / 200 / 200) -> AVG-RTPM: 160ms
    [junit] MAJOR: Mutants killed / live: 320 (24-941-0) / 38
    [junit] MAJOR: ------------------------------------------------------------
    [junit] MAJOR: 7/11 - org.apache.commons.math.optimization.fitting.GaussianFitter_ESTest9 (15ms / 99):
    [junit] MAJOR: 420499 (9 / 99 / 99) -> AVG-RTPM: 133ms
    [junit] MAJOR: Mutants killed / live: 329 (24-1040-0) / 29
    [junit] MAJOR: ------------------------------------------------------------
    [junit] MAJOR: 8/11 - org.apache.commons.math.optimization.fitting.GaussianFitter_ESTest7 (18ms / 317):
    [junit] MAJOR: 473319 (24 / 317 / 317) -> AVG-RTPM: 166ms
    [junit] MAJOR: Mutants killed / live: 353 (24-1357-0) / 5
    [junit] MAJOR: ------------------------------------------------------------
    [junit] MAJOR: 9/11 - org.apache.commons.math.optimization.fitting.GaussianFitter_ESTest0 (20ms / 0):
    [junit] MAJOR: 473319 (0 / 0 / 0) -> AVG-RTPM: 0ms
    [junit] MAJOR: Mutants killed / live: 353 (24-1357-0) / 5
    [junit] MAJOR: ------------------------------------------------------------
    [junit] MAJOR: 10/11 - org.apache.commons.math.optimization.fitting.GaussianFitter_ESTest8 (22ms / 106):
    [junit] MAJOR: 492834 (0 / 106 / 106) -> AVG-RTPM: 184ms
    [junit] MAJOR: Mutants killed / live: 353 (24-1463-0) / 5
    [junit] MAJOR: ------------------------------------------------------------
    [junit] MAJOR: 11/11 - org.apache.commons.math.optimization.fitting.GaussianFitter_ESTest1 (26ms / 15):
    [junit] MAJOR: 495376 (3 / 15 / 15) -> AVG-RTPM: 169ms
    [junit] MAJOR: Mutants killed / live: 356 (24-1478-0) / 2
    [junit] MAJOR: ------------------------------------------------------------
    [junit] MAJOR: Summary:
    [junit] MAJOR: 
    [junit] MAJOR: Analysis time:  495.4 seconds
    [junit] MAJOR: Mutation score: 98.89% (99.44%)
    [junit] MAJOR: Mutants killed / live: 356 (24-1478-0) / 2
    [junit] MAJOR: Mutant executions: 1689
    [junit] MAJOR: ------------------------------------------------------------
    [junit] MAJOR: Export summary of results (to summary.csv)
    [junit] MAJOR: Export mutant kill details (to /tmp/run_mutation.pl_54841_1501581879/58f/kill.csv)
    [junit] MAJOR: Export kill map (to killMap.csv)!

BUILD SUCCESSFUL
Total time: 8 minutes 29 seconds
