
init:
     [echo] -------- Commons MATH 3.0-SNAPSHOT --------

compile:

check-availability:
     [echo] doing check-availability...

download-dependencies:
     [echo] doing download-dependencies...

download-junit:

compile.tests:
    [javac] Compiling 296 source files to /tmp/run_mutation.pl_8345_1483679413/58f/target/test-classes
    [javac] Note: Some input files use or override a deprecated API.
    [javac] Note: Recompile with -Xlint:deprecation for details.
     [copy] Copying 11 files to /tmp/run_mutation.pl_8345_1483679413/58f/target/test-classes

update.all.tests:

mutation.test:
     [echo] Running mutation analysis ...
    [junit] MAJOR: Mutation analysis enabled
SLF4J: Failed to load class "org.slf4j.impl.StaticLoggerBinder".
SLF4J: Defaulting to no-operation (NOP) logger implementation
SLF4J: See http://www.slf4j.org/codes.html#StaticLoggerBinder for further details.
    [junit] MAJOR: ------------------------------------------------------------
    [junit] MAJOR: Run 10 ordered tests to verify independence
    [junit] MAJOR: ------------------------------------------------------------
    [junit] MAJOR: Preprocessing time: 4.17 seconds
    [junit] MAJOR: ------------------------------------------------------------
    [junit] MAJOR: Mutants generated: 360
    [junit] MAJOR: Mutants covered:   354 (98.33%)
    [junit] MAJOR: ------------------------------------------------------------
    [junit] MAJOR: Export test map to (testMap.csv)
    [junit] MAJOR: Export coverage map to (covMap.csv)
    [junit] MAJOR: Exclude 0 mutants
    [junit] MAJOR: ------------------------------------------------------------
    [junit] MAJOR: Run mutation analysis with 10 individual tests
    [junit] MAJOR: ------------------------------------------------------------
    [junit] MAJOR: 1/10 - org.apache.commons.math.optimization.fitting.GaussianFitter_ESTest7 (9ms / 246):
    [junit] MAJOR: 174415 (65 / 246 / 246) -> AVG-RTPM: 709ms
    [junit] MAJOR: Mutants killed / live: 65 (16-49-0) / 289
    [junit] MAJOR: ------------------------------------------------------------
    [junit] MAJOR: 2/10 - org.apache.commons.math.optimization.fitting.GaussianFitter_ESTest9 (9ms / 106):
    [junit] MAJOR: 336056 (43 / 106 / 106) -> AVG-RTPM: 1524ms
    [junit] MAJOR: Mutants killed / live: 108 (16-98-2) / 246
    [junit] MAJOR: ------------------------------------------------------------
    [junit] MAJOR: 3/10 - org.apache.commons.math.optimization.fitting.GaussianFitter_ESTest4 (10ms / 298):
    [junit] MAJOR: 398133 (201 / 298 / 298) -> AVG-RTPM: 208ms
    [junit] MAJOR: Mutants killed / live: 309 (16-396-2) / 45
    [junit] MAJOR: ------------------------------------------------------------
    [junit] MAJOR: 4/10 - org.apache.commons.math.optimization.fitting.GaussianFitter_ESTest5 (10ms / 323):
    [junit] MAJOR: 467296 (33 / 323 / 323) -> AVG-RTPM: 214ms
    [junit] MAJOR: Mutants killed / live: 342 (16-719-2) / 12
    [junit] MAJOR: ------------------------------------------------------------
    [junit] MAJOR: 5/10 - org.apache.commons.math.optimization.fitting.GaussianFitter_ESTest8 (10ms / 99):
    [junit] MAJOR: 488533 (9 / 99 / 99) -> AVG-RTPM: 214ms
    [junit] MAJOR: Mutants killed / live: 351 (16-818-2) / 3
    [junit] MAJOR: ------------------------------------------------------------
    [junit] MAJOR: 6/10 - org.apache.commons.math.optimization.fitting.GaussianFitter_ESTest1 (11ms / 15):
    [junit] MAJOR: 491782 (3 / 15 / 15) -> AVG-RTPM: 216ms
    [junit] MAJOR: Mutants killed / live: 354 (16-833-2) / 0
    [junit] MAJOR: ------------------------------------------------------------
    [junit] MAJOR: 7/10 - org.apache.commons.math.optimization.fitting.GaussianFitter_ESTest2 (11ms / 3):
    [junit] MAJOR: 492410 (0 / 3 / 3) -> AVG-RTPM: 209ms
    [junit] MAJOR: Mutants killed / live: 354 (16-836-2) / 0
    [junit] MAJOR: ------------------------------------------------------------
    [junit] MAJOR: 8/10 - org.apache.commons.math.optimization.fitting.GaussianFitter_ESTest3 (11ms / 200):
    [junit] MAJOR: 534910 (0 / 200 / 200) -> AVG-RTPM: 212ms
    [junit] MAJOR: Mutants killed / live: 354 (16-1036-2) / 0
    [junit] MAJOR: ------------------------------------------------------------
    [junit] MAJOR: 9/10 - org.apache.commons.math.optimization.fitting.GaussianFitter_ESTest6 (13ms / 321):
    [junit] MAJOR: 604009 (0 / 321 / 321) -> AVG-RTPM: 215ms
    [junit] MAJOR: Mutants killed / live: 354 (16-1357-2) / 0
    [junit] MAJOR: ------------------------------------------------------------
    [junit] MAJOR: 10/10 - org.apache.commons.math.optimization.fitting.GaussianFitter_ESTest0 (14ms / 0):
    [junit] MAJOR: 604009 (0 / 0 / 0) -> AVG-RTPM: 0ms
    [junit] MAJOR: Mutants killed / live: 354 (16-1357-2) / 0
    [junit] MAJOR: ------------------------------------------------------------
    [junit] MAJOR: Summary:
    [junit] MAJOR: 
    [junit] MAJOR: Analysis time:  604.0 seconds
    [junit] MAJOR: Mutation score: 98.33% (100.00%)
    [junit] MAJOR: Mutants killed / live: 354 (16-1357-2) / 0
    [junit] MAJOR: Mutant executions: 1611
    [junit] MAJOR: ------------------------------------------------------------
    [junit] MAJOR: Export summary of results (to summary.csv)
    [junit] MAJOR: Export mutant kill details (to /tmp/run_mutation.pl_8345_1483679413/58f/kill.csv)
    [junit] MAJOR: Export kill map (to killMap.csv)!

BUILD SUCCESSFUL
Total time: 10 minutes 13 seconds
