
init:
     [echo] -------- Commons MATH 2.2-SNAPSHOT --------

compile:
    [javac] /tmp/run_mutation.pl_78166_1501749624/67f/build.xml:158: warning: 'includeantruntime' was not set, defaulting to build.sysclasspath=last; set to false for repeatable builds

check-availability:
     [echo] doing check-availability...

download-dependencies:
     [echo] doing download-dependencies...

download-junit:

compile.tests:
    [javac] /tmp/run_mutation.pl_78166_1501749624/67f/build.xml:172: warning: 'includeantruntime' was not set, defaulting to build.sysclasspath=last; set to false for repeatable builds
    [javac] Compiling 279 source files to /tmp/run_mutation.pl_78166_1501749624/67f/target/test-classes
    [javac] Note: Some input files use or override a deprecated API.
    [javac] Note: Recompile with -Xlint:deprecation for details.
     [copy] Copying 11 files to /tmp/run_mutation.pl_78166_1501749624/67f/target/test-classes

update.all.tests:

mutation.test:
     [echo] Running mutation analysis ...
    [junit] MAJOR: Mutation analysis enabled
SLF4J: Failed to load class "org.slf4j.impl.StaticLoggerBinder".
SLF4J: Defaulting to no-operation (NOP) logger implementation
SLF4J: See http://www.slf4j.org/codes.html#StaticLoggerBinder for further details.
    [junit] MAJOR: ------------------------------------------------------------
    [junit] MAJOR: Run 17 ordered tests to verify independence
    [junit] MAJOR: ------------------------------------------------------------
    [junit] MAJOR: Preprocessing time: 9.14 seconds
    [junit] MAJOR: ------------------------------------------------------------
    [junit] MAJOR: Mutants generated: 238
    [junit] MAJOR: Mutants covered:   58 (24.37%)
    [junit] MAJOR: ------------------------------------------------------------
    [junit] MAJOR: Export test map to (testMap.csv)
    [junit] MAJOR: Export coverage map to (covMap.csv)
    [junit] MAJOR: Exclude 0 mutants
    [junit] MAJOR: ------------------------------------------------------------
    [junit] MAJOR: Run mutation analysis with 17 individual tests
    [junit] MAJOR: ------------------------------------------------------------
    [junit] MAJOR: 1/17 - org.apache.commons.math.optimization.MultiStartUnivariateRealOptimizer_ESTest4 (9ms / 11):
    [junit] MAJOR: 1973 (1 / 11 / 11) -> AVG-RTPM: 179ms
    [junit] MAJOR: Mutants killed / live: 1 (1-0-0) / 57
    [junit] MAJOR: ------------------------------------------------------------
    [junit] MAJOR: 2/17 - org.apache.commons.math.optimization.MultiStartUnivariateRealOptimizer_ESTest5 (10ms / 11):
    [junit] MAJOR: 5036 (1 / 11 / 11) -> AVG-RTPM: 278ms
    [junit] MAJOR: Mutants killed / live: 2 (2-0-0) / 56
    [junit] MAJOR: ------------------------------------------------------------
    [junit] MAJOR: 3/17 - org.apache.commons.math.optimization.MultiStartUnivariateRealOptimizer_ESTest9 (10ms / 10):
    [junit] MAJOR: 8100 (6 / 10 / 10) -> AVG-RTPM: 306ms
    [junit] MAJOR: Mutants killed / live: 8 (8-0-0) / 50
    [junit] MAJOR: ------------------------------------------------------------
    [junit] MAJOR: 4/17 - org.apache.commons.math.optimization.MultiStartUnivariateRealOptimizer_ESTest6 (11ms / 11):
    [junit] MAJOR: 11274 (1 / 11 / 11) -> AVG-RTPM: 288ms
    [junit] MAJOR: Mutants killed / live: 9 (9-0-0) / 49
    [junit] MAJOR: ------------------------------------------------------------
    [junit] MAJOR: 5/17 - org.apache.commons.math.optimization.MultiStartUnivariateRealOptimizer_ESTest8 (11ms / 10):
    [junit] MAJOR: 14700 (0 / 10 / 10) -> AVG-RTPM: 342ms
    [junit] MAJOR: Mutants killed / live: 9 (9-0-0) / 49
    [junit] MAJOR: ------------------------------------------------------------
    [junit] MAJOR: 6/17 - org.apache.commons.math.optimization.MultiStartUnivariateRealOptimizer_ESTest7 (12ms / 12):
    [junit] MAJOR: 19591 (0 / 12 / 12) -> AVG-RTPM: 407ms
    [junit] MAJOR: Mutants killed / live: 9 (9-0-0) / 49
    [junit] MAJOR: ------------------------------------------------------------
    [junit] MAJOR: 7/17 - org.apache.commons.math.optimization.MultiStartUnivariateRealOptimizer_ESTest16 (19ms / 32):
    [junit] MAJOR: 37718 (7 / 32 / 32) -> AVG-RTPM: 566ms
    [junit] MAJOR: Mutants killed / live: 16 (13-3-0) / 42
    [junit] MAJOR: ------------------------------------------------------------
    [junit] MAJOR: 8/17 - org.apache.commons.math.optimization.MultiStartUnivariateRealOptimizer_ESTest15 (22ms / 13):
    [junit] MAJOR: 46723 (2 / 13 / 13) -> AVG-RTPM: 692ms
    [junit] MAJOR: Mutants killed / live: 18 (13-5-0) / 40
    [junit] MAJOR: ------------------------------------------------------------
    [junit] MAJOR: 9/17 - org.apache.commons.math.optimization.MultiStartUnivariateRealOptimizer_ESTest10 (27ms / 10):
    [junit] MAJOR: 54256 (0 / 10 / 10) -> AVG-RTPM: 753ms
    [junit] MAJOR: Mutants killed / live: 18 (19-5-0) / 40
    [junit] MAJOR: ------------------------------------------------------------
    [junit] MAJOR: 10/17 - org.apache.commons.math.optimization.MultiStartUnivariateRealOptimizer_ESTest0 (28ms / 10):
    [junit] MAJOR: 62142 (0 / 10 / 10) -> AVG-RTPM: 788ms
    [junit] MAJOR: Mutants killed / live: 18 (25-5-0) / 40
    [junit] MAJOR: ------------------------------------------------------------
    [junit] MAJOR: 11/17 - org.apache.commons.math.optimization.MultiStartUnivariateRealOptimizer_ESTest2 (32ms / 10):
    [junit] MAJOR: 71343 (0 / 10 / 10) -> AVG-RTPM: 920ms
    [junit] MAJOR: Mutants killed / live: 18 (31-5-0) / 40
    [junit] MAJOR: ------------------------------------------------------------
    [junit] MAJOR: 12/17 - org.apache.commons.math.optimization.MultiStartUnivariateRealOptimizer_ESTest3 (32ms / 10):
    [junit] MAJOR: 81851 (0 / 10 / 10) -> AVG-RTPM: 1050ms
    [junit] MAJOR: Mutants killed / live: 18 (31-5-0) / 40
    [junit] MAJOR: ------------------------------------------------------------
    [junit] MAJOR: 13/17 - org.apache.commons.math.optimization.MultiStartUnivariateRealOptimizer_ESTest1 (36ms / 11):
    [junit] MAJOR: 93104 (1 / 11 / 11) -> AVG-RTPM: 1023ms
    [junit] MAJOR: Mutants killed / live: 19 (32-5-0) / 39
    [junit] MAJOR: ------------------------------------------------------------
    [junit] MAJOR: 14/17 - org.apache.commons.math.optimization.MultiStartUnivariateRealOptimizer_ESTest14 (36ms / 13):
    [junit] MAJOR: 108392 (2 / 13 / 13) -> AVG-RTPM: 1175ms
    [junit] MAJOR: Mutants killed / live: 21 (32-7-0) / 37
    [junit] MAJOR: ------------------------------------------------------------
    [junit] MAJOR: 15/17 - org.apache.commons.math.optimization.MultiStartUnivariateRealOptimizer_ESTest11 (39ms / 11):
    [junit] MAJOR: 122802 (1 / 11 / 11) -> AVG-RTPM: 1309ms
    [junit] MAJOR: Mutants killed / live: 22 (33-7-0) / 36
    [junit] MAJOR: ------------------------------------------------------------
    [junit] MAJOR: 16/17 - org.apache.commons.math.optimization.MultiStartUnivariateRealOptimizer_ESTest12 (60ms / 38):
    [junit] MAJOR: 185999 (4 / 38 / 38) -> AVG-RTPM: 1663ms
    [junit] MAJOR: Mutants killed / live: 26 (33-13-0) / 32
    [junit] MAJOR: ------------------------------------------------------------
    [junit] MAJOR: 17/17 - org.apache.commons.math.optimization.MultiStartUnivariateRealOptimizer_ESTest13 (62ms / 12):
    [junit] MAJOR: 204948 (2 / 12 / 12) -> AVG-RTPM: 1579ms
    [junit] MAJOR: Mutants killed / live: 28 (33-18-0) / 30
    [junit] MAJOR: ------------------------------------------------------------
    [junit] MAJOR: Summary:
    [junit] MAJOR: 
    [junit] MAJOR: Analysis time:  204.9 seconds
    [junit] MAJOR: Mutation score: 11.76% (48.28%)
    [junit] MAJOR: Mutants killed / live: 28 (33-18-0) / 30
    [junit] MAJOR: Mutant executions: 235
    [junit] MAJOR: ------------------------------------------------------------
    [junit] MAJOR: Export summary of results (to summary.csv)
    [junit] MAJOR: Export mutant kill details (to /tmp/run_mutation.pl_78166_1501749624/67f/kill.csv)
    [junit] MAJOR: Export kill map (to killMap.csv)!

BUILD SUCCESSFUL
Total time: 3 minutes 51 seconds
