
init:
     [echo] -------- Commons MATH 2.2-SNAPSHOT --------

compile:
    [javac] /tmp/run_mutation.pl_27002_1483680786/69f/build.xml:154: warning: 'includeantruntime' was not set, defaulting to build.sysclasspath=last; set to false for repeatable builds

check-availability:
     [echo] doing check-availability...

download-dependencies:
     [echo] doing download-dependencies...

download-junit:

compile.tests:
    [javac] /tmp/run_mutation.pl_27002_1483680786/69f/build.xml:168: warning: 'includeantruntime' was not set, defaulting to build.sysclasspath=last; set to false for repeatable builds
    [javac] Compiling 270 source files to /tmp/run_mutation.pl_27002_1483680786/69f/target/test-classes
    [javac] Note: Some input files use or override a deprecated API.
    [javac] Note: Recompile with -Xlint:deprecation for details.
     [copy] Copying 11 files to /tmp/run_mutation.pl_27002_1483680786/69f/target/test-classes

update.all.tests:

mutation.test:
     [echo] Running mutation analysis ...
    [junit] MAJOR: Mutation analysis enabled
SLF4J: Failed to load class "org.slf4j.impl.StaticLoggerBinder".
SLF4J: Defaulting to no-operation (NOP) logger implementation
SLF4J: See http://www.slf4j.org/codes.html#StaticLoggerBinder for further details.
    [junit] MAJOR: ------------------------------------------------------------
    [junit] MAJOR: Run 11 ordered tests to verify independence
    [junit] MAJOR: ------------------------------------------------------------
    [junit] MAJOR: Preprocessing time: 3.30 seconds
    [junit] MAJOR: ------------------------------------------------------------
    [junit] MAJOR: Mutants generated: 223
    [junit] MAJOR: Mutants covered:   223 (100.00%)
    [junit] MAJOR: ------------------------------------------------------------
    [junit] MAJOR: Export test map to (testMap.csv)
    [junit] MAJOR: Export coverage map to (covMap.csv)
    [junit] MAJOR: Exclude 0 mutants
    [junit] MAJOR: ------------------------------------------------------------
    [junit] MAJOR: Run mutation analysis with 11 individual tests
    [junit] MAJOR: ------------------------------------------------------------
    [junit] MAJOR: 1/11 - org.apache.commons.math.stat.correlation.PearsonsCorrelation_ESTest9 (8ms / 25):
    [junit] MAJOR: 3401 (10 / 25 / 25) -> AVG-RTPM: 136ms
    [junit] MAJOR: Mutants killed / live: 10 (10-0-0) / 213
    [junit] MAJOR: ------------------------------------------------------------
    [junit] MAJOR: 2/11 - org.apache.commons.math.stat.correlation.PearsonsCorrelation_ESTest3 (9ms / 0):
    [junit] MAJOR: 3401 (0 / 0 / 0) -> AVG-RTPM: 0ms
    [junit] MAJOR: Mutants killed / live: 10 (10-0-0) / 213
    [junit] MAJOR: ------------------------------------------------------------
    [junit] MAJOR: 3/11 - org.apache.commons.math.stat.correlation.PearsonsCorrelation_ESTest5 (9ms / 3):
    [junit] MAJOR: 3918 (2 / 3 / 3) -> AVG-RTPM: 172ms
    [junit] MAJOR: Mutants killed / live: 12 (10-2-0) / 211
    [junit] MAJOR: ------------------------------------------------------------
    [junit] MAJOR: 4/11 - org.apache.commons.math.stat.correlation.PearsonsCorrelation_ESTest7 (9ms / 148):
    [junit] MAJOR: 71871 (51 / 148 / 148) -> AVG-RTPM: 459ms
    [junit] MAJOR: Mutants killed / live: 63 (28-38-0) / 160
    [junit] MAJOR: ------------------------------------------------------------
    [junit] MAJOR: 5/11 - org.apache.commons.math.stat.correlation.PearsonsCorrelation_ESTest10 (10ms / 26):
    [junit] MAJOR: 95162 (8 / 26 / 26) -> AVG-RTPM: 895ms
    [junit] MAJOR: Mutants killed / live: 71 (39-38-0) / 152
    [junit] MAJOR: ------------------------------------------------------------
    [junit] MAJOR: 6/11 - org.apache.commons.math.stat.correlation.PearsonsCorrelation_ESTest2 (10ms / 17):
    [junit] MAJOR: 115492 (0 / 17 / 17) -> AVG-RTPM: 1195ms
    [junit] MAJOR: Mutants killed / live: 71 (39-38-0) / 152
    [junit] MAJOR: ------------------------------------------------------------
    [junit] MAJOR: 7/11 - org.apache.commons.math.stat.correlation.PearsonsCorrelation_ESTest4 (10ms / 34):
    [junit] MAJOR: 160855 (12 / 34 / 34) -> AVG-RTPM: 1334ms
    [junit] MAJOR: Mutants killed / live: 83 (39-50-1) / 140
    [junit] MAJOR: ------------------------------------------------------------
    [junit] MAJOR: 8/11 - org.apache.commons.math.stat.correlation.PearsonsCorrelation_ESTest6 (10ms / 121):
    [junit] MAJOR: 177114 (70 / 121 / 121) -> AVG-RTPM: 134ms
    [junit] MAJOR: Mutants killed / live: 153 (39-171-1) / 70
    [junit] MAJOR: ------------------------------------------------------------
    [junit] MAJOR: 9/11 - org.apache.commons.math.stat.correlation.PearsonsCorrelation_ESTest0 (14ms / 2):
    [junit] MAJOR: 177359 (2 / 2 / 2) -> AVG-RTPM: 122ms
    [junit] MAJOR: Mutants killed / live: 155 (39-173-1) / 68
    [junit] MAJOR: ------------------------------------------------------------
    [junit] MAJOR: 10/11 - org.apache.commons.math.stat.correlation.PearsonsCorrelation_ESTest1 (19ms / 58):
    [junit] MAJOR: 184933 (0 / 58 / 58) -> AVG-RTPM: 130ms
    [junit] MAJOR: Mutants killed / live: 155 (39-231-1) / 68
    [junit] MAJOR: ------------------------------------------------------------
    [junit] MAJOR: 11/11 - org.apache.commons.math.stat.correlation.PearsonsCorrelation_ESTest8 (26ms / 82):
    [junit] MAJOR: 197638 (0 / 82 / 82) -> AVG-RTPM: 154ms
    [junit] MAJOR: Mutants killed / live: 155 (39-313-1) / 68
    [junit] MAJOR: ------------------------------------------------------------
    [junit] MAJOR: Summary:
    [junit] MAJOR: 
    [junit] MAJOR: Analysis time:  197.6 seconds
    [junit] MAJOR: Mutation score: 69.51% (69.51%)
    [junit] MAJOR: Mutants killed / live: 155 (39-313-1) / 68
    [junit] MAJOR: Mutant executions: 516
    [junit] MAJOR: ------------------------------------------------------------
    [junit] MAJOR: Export summary of results (to summary.csv)
    [junit] MAJOR: Export mutant kill details (to /tmp/run_mutation.pl_27002_1483680786/69f/kill.csv)
    [junit] MAJOR: Export kill map (to killMap.csv)!

BUILD SUCCESSFUL
Total time: 3 minutes 26 seconds
