
init:
     [echo] -------- Commons MATH 2.1-SNAPSHOT --------

compile:
    [javac] /tmp/run_mutation.pl_81478_1501588243/72f/build.xml:154: warning: 'includeantruntime' was not set, defaulting to build.sysclasspath=last; set to false for repeatable builds

check-availability:
     [echo] doing check-availability...

download-dependencies:
     [echo] doing download-dependencies...

download-junit:

compile.tests:
    [javac] /tmp/run_mutation.pl_81478_1501588243/72f/build.xml:168: warning: 'includeantruntime' was not set, defaulting to build.sysclasspath=last; set to false for repeatable builds
    [javac] Compiling 263 source files to /tmp/run_mutation.pl_81478_1501588243/72f/target/test-classes
    [javac] Note: Some input files use or override a deprecated API.
    [javac] Note: Recompile with -Xlint:deprecation for details.
     [copy] Copying 11 files to /tmp/run_mutation.pl_81478_1501588243/72f/target/test-classes

update.all.tests:

mutation.test:
     [echo] Running mutation analysis ...
    [junit] MAJOR: Mutation analysis enabled
SLF4J: Failed to load class "org.slf4j.impl.StaticLoggerBinder".
SLF4J: Defaulting to no-operation (NOP) logger implementation
SLF4J: See http://www.slf4j.org/codes.html#StaticLoggerBinder for further details.
    [junit] MAJOR: ------------------------------------------------------------
    [junit] MAJOR: Run 16 ordered tests to verify independence
    [junit] MAJOR: ------------------------------------------------------------
    [junit] MAJOR: Preprocessing time: 11.53 seconds
    [junit] MAJOR: ------------------------------------------------------------
    [junit] MAJOR: Mutants generated: 474
    [junit] MAJOR: Mutants covered:   470 (99.16%)
    [junit] MAJOR: ------------------------------------------------------------
    [junit] MAJOR: Export test map to (testMap.csv)
    [junit] MAJOR: Export coverage map to (covMap.csv)
    [junit] MAJOR: Exclude 0 mutants
    [junit] MAJOR: ------------------------------------------------------------
    [junit] MAJOR: Run mutation analysis with 16 individual tests
    [junit] MAJOR: ------------------------------------------------------------
    [junit] MAJOR: 1/16 - org.apache.commons.math.analysis.solvers.BrentSolver_ESTest8 (23ms / 38):
    [junit] MAJOR: 15838 (12 / 38 / 38) -> AVG-RTPM: 416ms
    [junit] MAJOR: Mutants killed / live: 12 (12-0-0) / 458
    [junit] MAJOR: ------------------------------------------------------------
    [junit] MAJOR: 2/16 - org.apache.commons.math.analysis.solvers.BrentSolver_ESTest15 (24ms / 358):
    [junit] MAJOR: 430007 (315 / 358 / 358) -> AVG-RTPM: 1156ms
    [junit] MAJOR: Mutants killed / live: 327 (128-197-2) / 143
    [junit] MAJOR: ------------------------------------------------------------
    [junit] MAJOR: 3/16 - org.apache.commons.math.analysis.solvers.BrentSolver_ESTest6 (26ms / 43):
    [junit] MAJOR: 450268 (27 / 43 / 43) -> AVG-RTPM: 471ms
    [junit] MAJOR: Mutants killed / live: 354 (128-240-2) / 116
    [junit] MAJOR: ------------------------------------------------------------
    [junit] MAJOR: 4/16 - org.apache.commons.math.analysis.solvers.BrentSolver_ESTest3 (27ms / 16):
    [junit] MAJOR: 458216 (3 / 16 / 16) -> AVG-RTPM: 496ms
    [junit] MAJOR: Mutants killed / live: 357 (128-256-2) / 113
    [junit] MAJOR: ------------------------------------------------------------
    [junit] MAJOR: 5/16 - org.apache.commons.math.analysis.solvers.BrentSolver_ESTest4 (30ms / 23):
    [junit] MAJOR: 470664 (3 / 23 / 23) -> AVG-RTPM: 541ms
    [junit] MAJOR: Mutants killed / live: 360 (128-279-2) / 110
    [junit] MAJOR: ------------------------------------------------------------
    [junit] MAJOR: 6/16 - org.apache.commons.math.analysis.solvers.BrentSolver_ESTest14 (32ms / 290):
    [junit] MAJOR: 610975 (49 / 290 / 290) -> AVG-RTPM: 483ms
    [junit] MAJOR: Mutants killed / live: 409 (128-569-2) / 61
    [junit] MAJOR: ------------------------------------------------------------
    [junit] MAJOR: 7/16 - org.apache.commons.math.analysis.solvers.BrentSolver_ESTest5 (34ms / 350):
    [junit] MAJOR: 766491 (2 / 350 / 350) -> AVG-RTPM: 444ms
    [junit] MAJOR: Mutants killed / live: 411 (128-919-2) / 59
    [junit] MAJOR: ------------------------------------------------------------
    [junit] MAJOR: 8/16 - org.apache.commons.math.analysis.solvers.BrentSolver_ESTest11 (39ms / 37):
    [junit] MAJOR: 777031 (33 / 37 / 37) -> AVG-RTPM: 284ms
    [junit] MAJOR: Mutants killed / live: 444 (128-956-2) / 26
    [junit] MAJOR: ------------------------------------------------------------
    [junit] MAJOR: 9/16 - org.apache.commons.math.analysis.solvers.BrentSolver_ESTest13 (39ms / 38):
    [junit] MAJOR: 787699 (8 / 38 / 38) -> AVG-RTPM: 280ms
    [junit] MAJOR: Mutants killed / live: 452 (128-994-2) / 18
    [junit] MAJOR: ------------------------------------------------------------
    [junit] MAJOR: 10/16 - org.apache.commons.math.analysis.solvers.BrentSolver_ESTest10 (41ms / 30):
    [junit] MAJOR: 796391 (4 / 30 / 30) -> AVG-RTPM: 289ms
    [junit] MAJOR: Mutants killed / live: 456 (128-1024-2) / 14
    [junit] MAJOR: ------------------------------------------------------------
    [junit] MAJOR: 11/16 - org.apache.commons.math.analysis.solvers.BrentSolver_ESTest2 (42ms / 66):
    [junit] MAJOR: 816531 (13 / 66 / 66) -> AVG-RTPM: 305ms
    [junit] MAJOR: Mutants killed / live: 469 (128-1090-2) / 1
    [junit] MAJOR: ------------------------------------------------------------
    [junit] MAJOR: 12/16 - org.apache.commons.math.analysis.solvers.BrentSolver_ESTest7 (42ms / 214):
    [junit] MAJOR: 880237 (0 / 214 / 214) -> AVG-RTPM: 297ms
    [junit] MAJOR: Mutants killed / live: 469 (128-1304-2) / 1
    [junit] MAJOR: ------------------------------------------------------------
    [junit] MAJOR: 13/16 - org.apache.commons.math.analysis.solvers.BrentSolver_ESTest9 (43ms / 33):
    [junit] MAJOR: 891139 (0 / 33 / 33) -> AVG-RTPM: 330ms
    [junit] MAJOR: Mutants killed / live: 469 (128-1337-2) / 1
    [junit] MAJOR: ------------------------------------------------------------
    [junit] MAJOR: 14/16 - org.apache.commons.math.analysis.solvers.BrentSolver_ESTest1 (46ms / 6):
    [junit] MAJOR: 892691 (0 / 6 / 6) -> AVG-RTPM: 258ms
    [junit] MAJOR: Mutants killed / live: 469 (128-1343-2) / 1
    [junit] MAJOR: ------------------------------------------------------------
    [junit] MAJOR: 15/16 - org.apache.commons.math.analysis.solvers.BrentSolver_ESTest0 (50ms / 6):
    [junit] MAJOR: 893892 (0 / 6 / 6) -> AVG-RTPM: 200ms
    [junit] MAJOR: Mutants killed / live: 469 (128-1349-2) / 1
    [junit] MAJOR: ------------------------------------------------------------
    [junit] MAJOR: 16/16 - org.apache.commons.math.analysis.solvers.BrentSolver_ESTest12 (60ms / 233):
    [junit] MAJOR: 964836 (1 / 233 / 233) -> AVG-RTPM: 304ms
    [junit] MAJOR: Mutants killed / live: 470 (128-1582-2) / 0
    [junit] MAJOR: ------------------------------------------------------------
    [junit] MAJOR: Summary:
    [junit] MAJOR: 
    [junit] MAJOR: Analysis time:  964.8 seconds
    [junit] MAJOR: Mutation score: 99.16% (100.00%)
    [junit] MAJOR: Mutants killed / live: 470 (128-1582-2) / 0
    [junit] MAJOR: Mutant executions: 1781
    [junit] MAJOR: ------------------------------------------------------------
    [junit] MAJOR: Export summary of results (to summary.csv)
    [junit] MAJOR: Export mutant kill details (to /tmp/run_mutation.pl_81478_1501588243/72f/kill.csv)
    [junit] MAJOR: Export kill map (to killMap.csv)!

BUILD SUCCESSFUL
Total time: 16 minutes 42 seconds
