
init:
     [echo] -------- Commons MATH 2.1-SNAPSHOT --------

compile:
    [javac] /tmp/run_mutation.pl_81592_1501750852/72f/build.xml:154: warning: 'includeantruntime' was not set, defaulting to build.sysclasspath=last; set to false for repeatable builds

check-availability:
     [echo] doing check-availability...

download-dependencies:
     [echo] doing download-dependencies...

download-junit:

compile.tests:
    [javac] /tmp/run_mutation.pl_81592_1501750852/72f/build.xml:168: warning: 'includeantruntime' was not set, defaulting to build.sysclasspath=last; set to false for repeatable builds
    [javac] Compiling 263 source files to /tmp/run_mutation.pl_81592_1501750852/72f/target/test-classes
    [javac] Note: Some input files use or override a deprecated API.
    [javac] Note: Recompile with -Xlint:deprecation for details.
     [copy] Copying 11 files to /tmp/run_mutation.pl_81592_1501750852/72f/target/test-classes

update.all.tests:

mutation.test:
     [echo] Running mutation analysis ...
    [junit] MAJOR: Mutation analysis enabled
SLF4J: Failed to load class "org.slf4j.impl.StaticLoggerBinder".
SLF4J: Defaulting to no-operation (NOP) logger implementation
SLF4J: See http://www.slf4j.org/codes.html#StaticLoggerBinder for further details.
    [junit] MAJOR: ------------------------------------------------------------
    [junit] MAJOR: Run 16 ordered tests to verify independence
    [junit] MAJOR: ------------------------------------------------------------
    [junit] MAJOR: Preprocessing time: 7.76 seconds
    [junit] MAJOR: ------------------------------------------------------------
    [junit] MAJOR: Mutants generated: 474
    [junit] MAJOR: Mutants covered:   470 (99.16%)
    [junit] MAJOR: ------------------------------------------------------------
    [junit] MAJOR: Export test map to (testMap.csv)
    [junit] MAJOR: Export coverage map to (covMap.csv)
    [junit] MAJOR: Exclude 0 mutants
    [junit] MAJOR: ------------------------------------------------------------
    [junit] MAJOR: Run mutation analysis with 16 individual tests
    [junit] MAJOR: ------------------------------------------------------------
    [junit] MAJOR: 1/16 - org.apache.commons.math.analysis.solvers.BrentSolver_ESTest2 (10ms / 66):
    [junit] MAJOR: 19390 (29 / 66 / 66) -> AVG-RTPM: 293ms
    [junit] MAJOR: Mutants killed / live: 29 (29-0-0) / 441
    [junit] MAJOR: ------------------------------------------------------------
    [junit] MAJOR: 2/16 - org.apache.commons.math.analysis.solvers.BrentSolver_ESTest3 (10ms / 16):
    [junit] MAJOR: 26649 (5 / 16 / 16) -> AVG-RTPM: 453ms
    [junit] MAJOR: Mutants killed / live: 34 (36-0-0) / 436
    [junit] MAJOR: ------------------------------------------------------------
    [junit] MAJOR: 3/16 - org.apache.commons.math.analysis.solvers.BrentSolver_ESTest5 (12ms / 267):
    [junit] MAJOR: 359403 (151 / 267 / 267) -> AVG-RTPM: 1246ms
    [junit] MAJOR: Mutants killed / live: 185 (125-71-1) / 285
    [junit] MAJOR: ------------------------------------------------------------
    [junit] MAJOR: 4/16 - org.apache.commons.math.analysis.solvers.BrentSolver_ESTest7 (19ms / 290):
    [junit] MAJOR: 468591 (138 / 290 / 290) -> AVG-RTPM: 376ms
    [junit] MAJOR: Mutants killed / live: 323 (125-361-1) / 147
    [junit] MAJOR: ------------------------------------------------------------
    [junit] MAJOR: 5/16 - org.apache.commons.math.analysis.solvers.BrentSolver_ESTest15 (22ms / 354):
    [junit] MAJOR: 600728 (102 / 354 / 354) -> AVG-RTPM: 373ms
    [junit] MAJOR: Mutants killed / live: 425 (125-715-1) / 45
    [junit] MAJOR: ------------------------------------------------------------
    [junit] MAJOR: 6/16 - org.apache.commons.math.analysis.solvers.BrentSolver_ESTest9 (22ms / 38):
    [junit] MAJOR: 616002 (10 / 38 / 38) -> AVG-RTPM: 401ms
    [junit] MAJOR: Mutants killed / live: 435 (125-753-1) / 35
    [junit] MAJOR: ------------------------------------------------------------
    [junit] MAJOR: 7/16 - org.apache.commons.math.analysis.solvers.BrentSolver_ESTest12 (28ms / 37):
    [junit] MAJOR: 630595 (18 / 37 / 37) -> AVG-RTPM: 394ms
    [junit] MAJOR: Mutants killed / live: 453 (125-790-1) / 17
    [junit] MAJOR: ------------------------------------------------------------
    [junit] MAJOR: 8/16 - org.apache.commons.math.analysis.solvers.BrentSolver_ESTest14 (28ms / 357):
    [junit] MAJOR: 762989 (0 / 357 / 357) -> AVG-RTPM: 370ms
    [junit] MAJOR: Mutants killed / live: 453 (125-1147-1) / 17
    [junit] MAJOR: ------------------------------------------------------------
    [junit] MAJOR: 9/16 - org.apache.commons.math.analysis.solvers.BrentSolver_ESTest8 (29ms / 205):
    [junit] MAJOR: 839042 (6 / 205 / 205) -> AVG-RTPM: 370ms
    [junit] MAJOR: Mutants killed / live: 459 (125-1352-1) / 11
    [junit] MAJOR: ------------------------------------------------------------
    [junit] MAJOR: 10/16 - org.apache.commons.math.analysis.solvers.BrentSolver_ESTest13 (31ms / 38):
    [junit] MAJOR: 852780 (1 / 38 / 38) -> AVG-RTPM: 361ms
    [junit] MAJOR: Mutants killed / live: 460 (125-1390-1) / 10
    [junit] MAJOR: ------------------------------------------------------------
    [junit] MAJOR: 11/16 - org.apache.commons.math.analysis.solvers.BrentSolver_ESTest6 (32ms / 43):
    [junit] MAJOR: 867576 (3 / 43 / 43) -> AVG-RTPM: 344ms
    [junit] MAJOR: Mutants killed / live: 463 (125-1433-1) / 7
    [junit] MAJOR: ------------------------------------------------------------
    [junit] MAJOR: 12/16 - org.apache.commons.math.analysis.solvers.BrentSolver_ESTest0 (33ms / 6):
    [junit] MAJOR: 869614 (0 / 6 / 6) -> AVG-RTPM: 339ms
    [junit] MAJOR: Mutants killed / live: 463 (125-1439-1) / 7
    [junit] MAJOR: ------------------------------------------------------------
    [junit] MAJOR: 13/16 - org.apache.commons.math.analysis.solvers.BrentSolver_ESTest11 (36ms / 30):
    [junit] MAJOR: 880813 (4 / 30 / 30) -> AVG-RTPM: 373ms
    [junit] MAJOR: Mutants killed / live: 467 (125-1469-1) / 3
    [junit] MAJOR: ------------------------------------------------------------
    [junit] MAJOR: 14/16 - org.apache.commons.math.analysis.solvers.BrentSolver_ESTest1 (39ms / 6):
    [junit] MAJOR: 882585 (0 / 6 / 6) -> AVG-RTPM: 295ms
    [junit] MAJOR: Mutants killed / live: 467 (125-1475-1) / 3
    [junit] MAJOR: ------------------------------------------------------------
    [junit] MAJOR: 15/16 - org.apache.commons.math.analysis.solvers.BrentSolver_ESTest10 (44ms / 33):
    [junit] MAJOR: 894497 (0 / 33 / 33) -> AVG-RTPM: 360ms
    [junit] MAJOR: Mutants killed / live: 467 (125-1508-1) / 3
    [junit] MAJOR: ------------------------------------------------------------
    [junit] MAJOR: 16/16 - org.apache.commons.math.analysis.solvers.BrentSolver_ESTest4 (45ms / 23):
    [junit] MAJOR: 902630 (3 / 23 / 23) -> AVG-RTPM: 353ms
    [junit] MAJOR: Mutants killed / live: 470 (125-1531-1) / 0
    [junit] MAJOR: ------------------------------------------------------------
    [junit] MAJOR: Summary:
    [junit] MAJOR: 
    [junit] MAJOR: Analysis time:  902.6 seconds
    [junit] MAJOR: Mutation score: 99.16% (100.00%)
    [junit] MAJOR: Mutants killed / live: 470 (125-1531-1) / 0
    [junit] MAJOR: Mutant executions: 1809
    [junit] MAJOR: ------------------------------------------------------------
    [junit] MAJOR: Export summary of results (to summary.csv)
    [junit] MAJOR: Export mutant kill details (to /tmp/run_mutation.pl_81592_1501750852/72f/kill.csv)
    [junit] MAJOR: Export kill map (to killMap.csv)!

BUILD SUCCESSFUL
Total time: 15 minutes 25 seconds
