
init:
     [echo] -------- Commons MATH 2.1-SNAPSHOT --------

compile:
    [javac] /tmp/run_mutation.pl_87206_1501752445/74f/build.xml:154: warning: 'includeantruntime' was not set, defaulting to build.sysclasspath=last; set to false for repeatable builds

check-availability:
     [echo] doing check-availability...

download-dependencies:
     [echo] doing download-dependencies...

download-junit:

compile.tests:
    [javac] /tmp/run_mutation.pl_87206_1501752445/74f/build.xml:168: warning: 'includeantruntime' was not set, defaulting to build.sysclasspath=last; set to false for repeatable builds
    [javac] Compiling 262 source files to /tmp/run_mutation.pl_87206_1501752445/74f/target/test-classes
    [javac] Note: Some input files use or override a deprecated API.
    [javac] Note: Recompile with -Xlint:deprecation for details.
     [copy] Copying 11 files to /tmp/run_mutation.pl_87206_1501752445/74f/target/test-classes

update.all.tests:

mutation.test:
     [echo] Running mutation analysis ...
    [junit] MAJOR: Mutation analysis enabled
SLF4J: Failed to load class "org.slf4j.impl.StaticLoggerBinder".
SLF4J: Defaulting to no-operation (NOP) logger implementation
SLF4J: See http://www.slf4j.org/codes.html#StaticLoggerBinder for further details.
    [junit] MAJOR: ------------------------------------------------------------
    [junit] MAJOR: Run 4 ordered tests to verify independence
    [junit] MAJOR: ------------------------------------------------------------
    [junit] MAJOR: Preprocessing time: 3.60 seconds
    [junit] MAJOR: ------------------------------------------------------------
    [junit] MAJOR: Mutants generated: 369
    [junit] MAJOR: Mutants covered:   35 (9.49%)
    [junit] MAJOR: ------------------------------------------------------------
    [junit] MAJOR: Export test map to (testMap.csv)
    [junit] MAJOR: Export coverage map to (covMap.csv)
    [junit] MAJOR: Exclude 0 mutants
    [junit] MAJOR: ------------------------------------------------------------
    [junit] MAJOR: Run mutation analysis with 4 individual tests
    [junit] MAJOR: ------------------------------------------------------------
    [junit] MAJOR: 1/4 - org.apache.commons.math.ode.nonstiff.EmbeddedRungeKuttaIntegrator_ESTest2 (31ms / 19):
    [junit] MAJOR: 3926 (12 / 19 / 19) -> AVG-RTPM: 206ms
    [junit] MAJOR: Mutants killed / live: 12 (12-0-0) / 23
    [junit] MAJOR: ------------------------------------------------------------
    [junit] MAJOR: 2/4 - org.apache.commons.math.ode.nonstiff.EmbeddedRungeKuttaIntegrator_ESTest0 (38ms / 19):
    [junit] MAJOR: 7177 (9 / 19 / 19) -> AVG-RTPM: 171ms
    [junit] MAJOR: Mutants killed / live: 21 (24-0-0) / 14
    [junit] MAJOR: ------------------------------------------------------------
    [junit] MAJOR: 3/4 - org.apache.commons.math.ode.nonstiff.EmbeddedRungeKuttaIntegrator_ESTest3 (41ms / 19):
    [junit] MAJOR: 12244 (0 / 19 / 19) -> AVG-RTPM: 266ms
    [junit] MAJOR: Mutants killed / live: 21 (36-0-0) / 14
    [junit] MAJOR: ------------------------------------------------------------
    [junit] MAJOR: 4/4 - org.apache.commons.math.ode.nonstiff.EmbeddedRungeKuttaIntegrator_ESTest1 (44ms / 19):
    [junit] MAJOR: 18476 (0 / 19 / 19) -> AVG-RTPM: 328ms
    [junit] MAJOR: Mutants killed / live: 21 (48-0-0) / 14
    [junit] MAJOR: ------------------------------------------------------------
    [junit] MAJOR: Summary:
    [junit] MAJOR: 
    [junit] MAJOR: Analysis time:  18.5 seconds
    [junit] MAJOR: Mutation score: 5.69% (60.00%)
    [junit] MAJOR: Mutants killed / live: 21 (48-0-0) / 14
    [junit] MAJOR: Mutant executions: 76
    [junit] MAJOR: ------------------------------------------------------------
    [junit] MAJOR: Export summary of results (to summary.csv)
    [junit] MAJOR: Export mutant kill details (to /tmp/run_mutation.pl_87206_1501752445/74f/kill.csv)
    [junit] MAJOR: Export kill map (to killMap.csv)!

BUILD SUCCESSFUL
Total time: 37 seconds
