
init:
     [echo] -------- Commons MATH 2.1-SNAPSHOT --------

compile:
    [javac] /tmp/run_mutation.pl_75275_1501553914/76f/build.xml:154: warning: 'includeantruntime' was not set, defaulting to build.sysclasspath=last; set to false for repeatable builds

check-availability:
     [echo] doing check-availability...

download-dependencies:
     [echo] doing download-dependencies...

download-junit:

compile.tests:
    [javac] /tmp/run_mutation.pl_75275_1501553914/76f/build.xml:168: warning: 'includeantruntime' was not set, defaulting to build.sysclasspath=last; set to false for repeatable builds
    [javac] Compiling 262 source files to /tmp/run_mutation.pl_75275_1501553914/76f/target/test-classes
    [javac] Note: Some input files use or override a deprecated API.
    [javac] Note: Recompile with -Xlint:deprecation for details.
     [copy] Copying 11 files to /tmp/run_mutation.pl_75275_1501553914/76f/target/test-classes

update.all.tests:

mutation.test:
     [echo] Running mutation analysis ...
    [junit] MAJOR: Mutation analysis enabled
SLF4J: Failed to load class "org.slf4j.impl.StaticLoggerBinder".
SLF4J: Defaulting to no-operation (NOP) logger implementation
SLF4J: See http://www.slf4j.org/codes.html#StaticLoggerBinder for further details.
    [junit] MAJOR: ------------------------------------------------------------
    [junit] MAJOR: Run 13 ordered tests to verify independence
    [junit] MAJOR: ------------------------------------------------------------
    [junit] MAJOR: Preprocessing time: 4.75 seconds
    [junit] MAJOR: ------------------------------------------------------------
    [junit] MAJOR: Mutants generated: 518
    [junit] MAJOR: Mutants covered:   512 (98.84%)
    [junit] MAJOR: ------------------------------------------------------------
    [junit] MAJOR: Export test map to (testMap.csv)
    [junit] MAJOR: Export coverage map to (covMap.csv)
    [junit] MAJOR: Exclude 0 mutants
    [junit] MAJOR: ------------------------------------------------------------
    [junit] MAJOR: Run mutation analysis with 13 individual tests
    [junit] MAJOR: ------------------------------------------------------------
    [junit] MAJOR: 1/13 - org.apache.commons.math.linear.SingularValueDecompositionImpl_ESTest9 (9ms / 165):
    [junit] MAJOR: 103417 (113 / 165 / 165) -> AVG-RTPM: 626ms
    [junit] MAJOR: Mutants killed / live: 113 (0-110-3) / 399
    [junit] MAJOR: ------------------------------------------------------------
    [junit] MAJOR: 2/13 - org.apache.commons.math.linear.SingularValueDecompositionImpl_ESTest4 (10ms / 104):
    [junit] MAJOR: 178086 (47 / 104 / 104) -> AVG-RTPM: 717ms
    [junit] MAJOR: Mutants killed / live: 160 (2-198-4) / 352
    [junit] MAJOR: ------------------------------------------------------------
    [junit] MAJOR: 3/13 - org.apache.commons.math.linear.SingularValueDecompositionImpl_ESTest12 (11ms / 317):
    [junit] MAJOR: 232130 (200 / 317 / 317) -> AVG-RTPM: 170ms
    [junit] MAJOR: Mutants killed / live: 360 (2-515-4) / 152
    [junit] MAJOR: ------------------------------------------------------------
    [junit] MAJOR: 4/13 - org.apache.commons.math.linear.SingularValueDecompositionImpl_ESTest3 (11ms / 111):
    [junit] MAJOR: 251225 (19 / 111 / 111) -> AVG-RTPM: 172ms
    [junit] MAJOR: Mutants killed / live: 379 (2-626-4) / 133
    [junit] MAJOR: ------------------------------------------------------------
    [junit] MAJOR: 5/13 - org.apache.commons.math.linear.SingularValueDecompositionImpl_ESTest5 (11ms / 301):
    [junit] MAJOR: 304194 (1 / 301 / 301) -> AVG-RTPM: 175ms
    [junit] MAJOR: Mutants killed / live: 380 (2-927-4) / 132
    [junit] MAJOR: ------------------------------------------------------------
    [junit] MAJOR: 6/13 - org.apache.commons.math.linear.SingularValueDecompositionImpl_ESTest1 (12ms / 78):
    [junit] MAJOR: 318427 (0 / 78 / 78) -> AVG-RTPM: 182ms
    [junit] MAJOR: Mutants killed / live: 380 (2-1005-4) / 132
    [junit] MAJOR: ------------------------------------------------------------
    [junit] MAJOR: 7/13 - org.apache.commons.math.linear.SingularValueDecompositionImpl_ESTest11 (12ms / 139):
    [junit] MAJOR: 344782 (2 / 139 / 139) -> AVG-RTPM: 189ms
    [junit] MAJOR: Mutants killed / live: 382 (2-1144-4) / 130
    [junit] MAJOR: ------------------------------------------------------------
    [junit] MAJOR: 8/13 - org.apache.commons.math.linear.SingularValueDecompositionImpl_ESTest2 (12ms / 84):
    [junit] MAJOR: 361161 (6 / 84 / 84) -> AVG-RTPM: 194ms
    [junit] MAJOR: Mutants killed / live: 388 (2-1228-4) / 124
    [junit] MAJOR: ------------------------------------------------------------
    [junit] MAJOR: 9/13 - org.apache.commons.math.linear.SingularValueDecompositionImpl_ESTest7 (12ms / 84):
    [junit] MAJOR: 375785 (4 / 84 / 84) -> AVG-RTPM: 174ms
    [junit] MAJOR: Mutants killed / live: 392 (2-1312-4) / 120
    [junit] MAJOR: ------------------------------------------------------------
    [junit] MAJOR: 10/13 - org.apache.commons.math.linear.SingularValueDecompositionImpl_ESTest6 (13ms / 254):
    [junit] MAJOR: 420936 (67 / 254 / 254) -> AVG-RTPM: 177ms
    [junit] MAJOR: Mutants killed / live: 459 (2-1566-4) / 53
    [junit] MAJOR: ------------------------------------------------------------
    [junit] MAJOR: 11/13 - org.apache.commons.math.linear.SingularValueDecompositionImpl_ESTest8 (13ms / 208):
    [junit] MAJOR: 459697 (34 / 208 / 208) -> AVG-RTPM: 186ms
    [junit] MAJOR: Mutants killed / live: 493 (2-1774-4) / 19
    [junit] MAJOR: ------------------------------------------------------------
    [junit] MAJOR: 12/13 - org.apache.commons.math.linear.SingularValueDecompositionImpl_ESTest10 (14ms / 112):
    [junit] MAJOR: 480637 (10 / 112 / 112) -> AVG-RTPM: 186ms
    [junit] MAJOR: Mutants killed / live: 503 (2-1886-4) / 9
    [junit] MAJOR: ------------------------------------------------------------
    [junit] MAJOR: 13/13 - org.apache.commons.math.linear.SingularValueDecompositionImpl_ESTest0 (18ms / 80):
    [junit] MAJOR: 495546 (0 / 80 / 80) -> AVG-RTPM: 186ms
    [junit] MAJOR: Mutants killed / live: 503 (2-1966-4) / 9
    [junit] MAJOR: ------------------------------------------------------------
    [junit] MAJOR: Summary:
    [junit] MAJOR: 
    [junit] MAJOR: Analysis time:  495.5 seconds
    [junit] MAJOR: Mutation score: 97.10% (98.24%)
    [junit] MAJOR: Mutants killed / live: 503 (2-1966-4) / 9
    [junit] MAJOR: Mutant executions: 2037
    [junit] MAJOR: ------------------------------------------------------------
    [junit] MAJOR: Export summary of results (to summary.csv)
    [junit] MAJOR: Export mutant kill details (to /tmp/run_mutation.pl_75275_1501553914/76f/kill.csv)
    [junit] MAJOR: Export kill map (to killMap.csv)!

BUILD SUCCESSFUL
Total time: 8 minutes 28 seconds
