
init:
     [echo] -------- Commons MATH 2.1-SNAPSHOT --------

compile:
    [javac] /tmp/run_mutation.pl_83215_1501200832/78f/build.xml:154: warning: 'includeantruntime' was not set, defaulting to build.sysclasspath=last; set to false for repeatable builds

check-availability:
     [echo] doing check-availability...

download-dependencies:
     [echo] doing download-dependencies...

download-junit:

compile.tests:
    [javac] /tmp/run_mutation.pl_83215_1501200832/78f/build.xml:168: warning: 'includeantruntime' was not set, defaulting to build.sysclasspath=last; set to false for repeatable builds
    [javac] Compiling 258 source files to /tmp/run_mutation.pl_83215_1501200832/78f/target/test-classes
    [javac] Note: Some input files use or override a deprecated API.
    [javac] Note: Recompile with -Xlint:deprecation for details.
     [copy] Copying 11 files to /tmp/run_mutation.pl_83215_1501200832/78f/target/test-classes

update.all.tests:

mutation.test:
     [echo] Running mutation analysis ...
    [junit] MAJOR: Mutation analysis enabled
SLF4J: Failed to load class "org.slf4j.impl.StaticLoggerBinder".
SLF4J: Defaulting to no-operation (NOP) logger implementation
SLF4J: See http://www.slf4j.org/codes.html#StaticLoggerBinder for further details.
    [junit] MAJOR: ------------------------------------------------------------
    [junit] MAJOR: Run 9 ordered tests to verify independence
    [junit] MAJOR: ------------------------------------------------------------
    [junit] MAJOR: Preprocessing time: 3.39 seconds
    [junit] MAJOR: ------------------------------------------------------------
    [junit] MAJOR: Mutants generated: 320
    [junit] MAJOR: Mutants covered:   58 (18.13%)
    [junit] MAJOR: ------------------------------------------------------------
    [junit] MAJOR: Export test map to (testMap.csv)
    [junit] MAJOR: Export coverage map to (covMap.csv)
    [junit] MAJOR: Exclude 0 mutants
    [junit] MAJOR: ------------------------------------------------------------
    [junit] MAJOR: Run mutation analysis with 9 individual tests
    [junit] MAJOR: ------------------------------------------------------------
    [junit] MAJOR: 1/9 - org.apache.commons.math.ode.events.EventState_ESTest6 (9ms / 47):
    [junit] MAJOR: 7906 (7 / 47 / 47) -> AVG-RTPM: 168ms
    [junit] MAJOR: Mutants killed / live: 7 (7-0-0) / 51
    [junit] MAJOR: ------------------------------------------------------------
    [junit] MAJOR: 2/9 - org.apache.commons.math.ode.events.EventState_ESTest7 (9ms / 18):
    [junit] MAJOR: 11464 (6 / 18 / 18) -> AVG-RTPM: 197ms
    [junit] MAJOR: Mutants killed / live: 13 (13-0-0) / 45
    [junit] MAJOR: ------------------------------------------------------------
    [junit] MAJOR: 3/9 - org.apache.commons.math.ode.events.EventState_ESTest1 (12ms / 18):
    [junit] MAJOR: 16738 (0 / 18 / 18) -> AVG-RTPM: 293ms
    [junit] MAJOR: Mutants killed / live: 13 (19-0-0) / 45
    [junit] MAJOR: ------------------------------------------------------------
    [junit] MAJOR: 4/9 - org.apache.commons.math.ode.events.EventState_ESTest5 (13ms / 48):
    [junit] MAJOR: 35613 (0 / 48 / 48) -> AVG-RTPM: 393ms
    [junit] MAJOR: Mutants killed / live: 13 (26-0-0) / 45
    [junit] MAJOR: ------------------------------------------------------------
    [junit] MAJOR: 5/9 - org.apache.commons.math.ode.events.EventState_ESTest8 (13ms / 21):
    [junit] MAJOR: 47609 (1 / 21 / 21) -> AVG-RTPM: 571ms
    [junit] MAJOR: Mutants killed / live: 14 (33-0-0) / 44
    [junit] MAJOR: ------------------------------------------------------------
    [junit] MAJOR: 6/9 - org.apache.commons.math.ode.events.EventState_ESTest3 (14ms / 18):
    [junit] MAJOR: 60459 (0 / 18 / 18) -> AVG-RTPM: 713ms
    [junit] MAJOR: Mutants killed / live: 14 (39-0-0) / 44
    [junit] MAJOR: ------------------------------------------------------------
    [junit] MAJOR: 7/9 - org.apache.commons.math.ode.events.EventState_ESTest4 (16ms / 18):
    [junit] MAJOR: 62187 (12 / 18 / 18) -> AVG-RTPM: 96ms
    [junit] MAJOR: Mutants killed / live: 26 (39-11-7) / 32
    [junit] MAJOR: ------------------------------------------------------------
    [junit] MAJOR: 8/9 - org.apache.commons.math.ode.events.EventState_ESTest2 (38ms / 18):
    [junit] MAJOR: 63429 (0 / 18 / 18) -> AVG-RTPM: 69ms
    [junit] MAJOR: Mutants killed / live: 26 (39-29-7) / 32
    [junit] MAJOR: ------------------------------------------------------------
    [junit] MAJOR: 9/9 - org.apache.commons.math.ode.events.EventState_ESTest0 (40ms / 18):
    [junit] MAJOR: 65445 (0 / 18 / 18) -> AVG-RTPM: 111ms
    [junit] MAJOR: Mutants killed / live: 26 (39-47-7) / 32
    [junit] MAJOR: ------------------------------------------------------------
    [junit] MAJOR: Summary:
    [junit] MAJOR: 
    [junit] MAJOR: Analysis time:  65.4 seconds
    [junit] MAJOR: Mutation score: 8.13% (44.83%)
    [junit] MAJOR: Mutants killed / live: 26 (39-47-7) / 32
    [junit] MAJOR: Mutant executions: 224
    [junit] MAJOR: ------------------------------------------------------------
    [junit] MAJOR: Export summary of results (to summary.csv)
    [junit] MAJOR: Export mutant kill details (to /tmp/run_mutation.pl_83215_1501200832/78f/kill.csv)
    [junit] MAJOR: Export kill map (to killMap.csv)!

BUILD SUCCESSFUL
Total time: 1 minute 18 seconds
