
init:
     [echo] -------- Commons MATH 2.1-SNAPSHOT --------

compile:
    [javac] /tmp/run_mutation.pl_21354_1501327020/81f/build.xml:154: warning: 'includeantruntime' was not set, defaulting to build.sysclasspath=last; set to false for repeatable builds

check-availability:
     [echo] doing check-availability...

download-dependencies:
     [echo] doing download-dependencies...

download-junit:

compile.tests:
    [javac] /tmp/run_mutation.pl_21354_1501327020/81f/build.xml:168: warning: 'includeantruntime' was not set, defaulting to build.sysclasspath=last; set to false for repeatable builds
    [javac] Compiling 257 source files to /tmp/run_mutation.pl_21354_1501327020/81f/target/test-classes
    [javac] Note: Some input files use or override a deprecated API.
    [javac] Note: Recompile with -Xlint:deprecation for details.
     [copy] Copying 11 files to /tmp/run_mutation.pl_21354_1501327020/81f/target/test-classes

update.all.tests:

mutation.test:
     [echo] Running mutation analysis ...
    [junit] MAJOR: Mutation analysis enabled
SLF4J: Failed to load class "org.slf4j.impl.StaticLoggerBinder".
SLF4J: Defaulting to no-operation (NOP) logger implementation
SLF4J: See http://www.slf4j.org/codes.html#StaticLoggerBinder for further details.
    [junit] MAJOR: ------------------------------------------------------------
    [junit] MAJOR: Run 31 ordered tests to verify independence
    [junit] MAJOR: ------------------------------------------------------------
    [junit] MAJOR: Preprocessing time: 14.14 seconds
    [junit] MAJOR: ------------------------------------------------------------
    [junit] MAJOR: Mutants generated: 6626
    [junit] MAJOR: Mutants covered:   6333 (95.58%)
    [junit] MAJOR: ------------------------------------------------------------
    [junit] MAJOR: Export test map to (testMap.csv)
    [junit] MAJOR: Export coverage map to (covMap.csv)
    [junit] MAJOR: Exclude 0 mutants
    [junit] MAJOR: ------------------------------------------------------------
    [junit] MAJOR: Run mutation analysis with 31 individual tests
    [junit] MAJOR: ------------------------------------------------------------
    [junit] MAJOR: 1/31 - org.apache.commons.math.linear.EigenDecompositionImpl_ESTest7 (8ms / 286):
    [junit] MAJOR: 321252 (108 / 286 / 286) -> AVG-RTPM: 1123ms
    [junit] MAJOR: Mutants killed / live: 108 (8-100-0) / 6225
    [junit] MAJOR: ------------------------------------------------------------
    [junit] MAJOR: 2/31 - org.apache.commons.math.linear.EigenDecompositionImpl_ESTest9 (10ms / 708):
    [junit] MAJOR: 849641 (578 / 708 / 708) -> AVG-RTPM: 746ms
    [junit] MAJOR: Mutants killed / live: 686 (8-757-1) / 5647
    [junit] MAJOR: ------------------------------------------------------------
    [junit] MAJOR: 3/31 - org.apache.commons.math.linear.EigenDecompositionImpl_ESTest26 (11ms / 3579):
    [junit] MAJOR: 1937452 (3397 / 3579 / 3579) -> AVG-RTPM: 303ms
    [junit] MAJOR: Mutants killed / live: 4083 (8-4336-1) / 2250
    [junit] MAJOR: ------------------------------------------------------------
    [junit] MAJOR: 4/31 - org.apache.commons.math.linear.EigenDecompositionImpl_ESTest27 (11ms / 4104):
    [junit] MAJOR: 3125787 (755 / 4104 / 4104) -> AVG-RTPM: 289ms
    [junit] MAJOR: Mutants killed / live: 4838 (8-8440-1) / 1495
    [junit] MAJOR: ------------------------------------------------------------
    [junit] MAJOR: 5/31 - org.apache.commons.math.linear.EigenDecompositionImpl_ESTest32 (11ms / 3914):

BUILD FAILED
/home/donghwan/defects4j/framework/projects/defects4j.build.xml:185: Parallel execution timed out

Total time: 61 minutes 38 seconds
