
init:
     [echo] -------- Commons MATH 2.1-SNAPSHOT --------

compile:
    [javac] /tmp/run_mutation.pl_41105_1501567412/82f/build.xml:154: warning: 'includeantruntime' was not set, defaulting to build.sysclasspath=last; set to false for repeatable builds

check-availability:
     [echo] doing check-availability...

download-dependencies:
     [echo] doing download-dependencies...

download-junit:

compile.tests:
    [javac] /tmp/run_mutation.pl_41105_1501567412/82f/build.xml:168: warning: 'includeantruntime' was not set, defaulting to build.sysclasspath=last; set to false for repeatable builds
    [javac] Compiling 256 source files to /tmp/run_mutation.pl_41105_1501567412/82f/target/test-classes
    [javac] Note: Some input files use or override a deprecated API.
    [javac] Note: Recompile with -Xlint:deprecation for details.
     [copy] Copying 11 files to /tmp/run_mutation.pl_41105_1501567412/82f/target/test-classes

update.all.tests:

mutation.test:
     [echo] Running mutation analysis ...
    [junit] MAJOR: Mutation analysis enabled
SLF4J: Failed to load class "org.slf4j.impl.StaticLoggerBinder".
SLF4J: Defaulting to no-operation (NOP) logger implementation
SLF4J: See http://www.slf4j.org/codes.html#StaticLoggerBinder for further details.
    [junit] MAJOR: ------------------------------------------------------------
    [junit] MAJOR: Run 5 ordered tests to verify independence
    [junit] MAJOR: ------------------------------------------------------------
    [junit] MAJOR: Preprocessing time: 2.42 seconds
    [junit] MAJOR: ------------------------------------------------------------
    [junit] MAJOR: Mutants generated: 184
    [junit] MAJOR: Mutants covered:   134 (72.83%)
    [junit] MAJOR: ------------------------------------------------------------
    [junit] MAJOR: Export test map to (testMap.csv)
    [junit] MAJOR: Export coverage map to (covMap.csv)
    [junit] MAJOR: Exclude 0 mutants
    [junit] MAJOR: ------------------------------------------------------------
    [junit] MAJOR: Run mutation analysis with 5 individual tests
    [junit] MAJOR: ------------------------------------------------------------
    [junit] MAJOR: 1/5 - org.apache.commons.math.optimization.linear.SimplexSolver_ESTest4 (11ms / 51):
    [junit] MAJOR: 9335 (14 / 51 / 51) -> AVG-RTPM: 183ms
    [junit] MAJOR: Mutants killed / live: 14 (0-14-0) / 120
    [junit] MAJOR: ------------------------------------------------------------
    [junit] MAJOR: 2/5 - org.apache.commons.math.optimization.linear.SimplexSolver_ESTest1 (16ms / 47):
    [junit] MAJOR: 23437 (27 / 47 / 47) -> AVG-RTPM: 300ms
    [junit] MAJOR: Mutants killed / live: 41 (0-41-0) / 93
    [junit] MAJOR: ------------------------------------------------------------
    [junit] MAJOR: 3/5 - org.apache.commons.math.optimization.linear.SimplexSolver_ESTest3 (22ms / 89):
    [junit] MAJOR: 79966 (8 / 89 / 89) -> AVG-RTPM: 635ms
    [junit] MAJOR: Mutants killed / live: 50 (8-41-0) / 84
    [junit] MAJOR: ------------------------------------------------------------
    [junit] MAJOR: 4/5 - org.apache.commons.math.optimization.linear.SimplexSolver_ESTest2 (25ms / 51):
    [junit] MAJOR: 87629 (30 / 51 / 51) -> AVG-RTPM: 150ms
    [junit] MAJOR: Mutants killed / live: 80 (8-91-1) / 54
    [junit] MAJOR: ------------------------------------------------------------
    [junit] MAJOR: 5/5 - org.apache.commons.math.optimization.linear.SimplexSolver_ESTest0 (40ms / 87):
    [junit] MAJOR: 96667 (44 / 87 / 87) -> AVG-RTPM: 103ms
    [junit] MAJOR: Mutants killed / live: 124 (8-178-1) / 10
    [junit] MAJOR: ------------------------------------------------------------
    [junit] MAJOR: Summary:
    [junit] MAJOR: 
    [junit] MAJOR: Analysis time:  96.7 seconds
    [junit] MAJOR: Mutation score: 67.39% (92.54%)
    [junit] MAJOR: Mutants killed / live: 124 (8-178-1) / 10
    [junit] MAJOR: Mutant executions: 325
    [junit] MAJOR: ------------------------------------------------------------
    [junit] MAJOR: Export summary of results (to summary.csv)
    [junit] MAJOR: Export mutant kill details (to /tmp/run_mutation.pl_41105_1501567412/82f/kill.csv)
    [junit] MAJOR: Export kill map (to killMap.csv)!

BUILD SUCCESSFUL
Total time: 1 minute 49 seconds
