
init:
     [echo] -------- Commons MATH 2.0-SNAPSHOT --------

compile:
    [javac] /tmp/run_mutation.pl_34681_1501769707/85f/build.xml:151: warning: 'includeantruntime' was not set, defaulting to build.sysclasspath=last; set to false for repeatable builds

check-availability:
     [echo] doing check-availability...

download-dependencies:
     [echo] doing download-dependencies...

download-junit:

compile.tests:
    [javac] /tmp/run_mutation.pl_34681_1501769707/85f/build.xml:165: warning: 'includeantruntime' was not set, defaulting to build.sysclasspath=last; set to false for repeatable builds
    [javac] Compiling 246 source files to /tmp/run_mutation.pl_34681_1501769707/85f/target/test-classes
    [javac] Note: Some input files use or override a deprecated API.
    [javac] Note: Recompile with -Xlint:deprecation for details.
     [copy] Copying 12 files to /tmp/run_mutation.pl_34681_1501769707/85f/target/test-classes

update.all.tests:

mutation.test:
     [echo] Running mutation analysis ...
    [junit] MAJOR: Mutation analysis enabled
SLF4J: Failed to load class "org.slf4j.impl.StaticLoggerBinder".
SLF4J: Defaulting to no-operation (NOP) logger implementation
SLF4J: See http://www.slf4j.org/codes.html#StaticLoggerBinder for further details.
    [junit] MAJOR: org.apache.commons.math.analysis.solvers.UnivariateRealSolverUtils_ESTest10[test10] failed!
    [junit] MAJOR:  -> java.lang.Exception
    [junit] MAJOR:  -> "test timed out after 4000 milliseconds"
    [junit] MAJOR: Exclude 1 failing test class:
    [junit] MAJOR:  - org.apache.commons.math.analysis.solvers.UnivariateRealSolverUtils_ESTest10
    [junit] MAJOR: ------------------------------------------------------------
    [junit] MAJOR: Run 11 ordered tests to verify independence
    [junit] MAJOR: ------------------------------------------------------------
    [junit] MAJOR: Preprocessing time: 14.33 seconds
    [junit] MAJOR: ------------------------------------------------------------
    [junit] MAJOR: Mutants generated: 148
    [junit] MAJOR: Mutants covered:   147 (99.32%)
    [junit] MAJOR: ------------------------------------------------------------
    [junit] MAJOR: Export test map to (testMap.csv)
    [junit] MAJOR: Export coverage map to (covMap.csv)
    [junit] MAJOR: Exclude 0 mutants
    [junit] MAJOR: ------------------------------------------------------------
    [junit] MAJOR: Run mutation analysis with 11 individual tests
    [junit] MAJOR: ------------------------------------------------------------
    [junit] MAJOR: 1/11 - org.apache.commons.math.analysis.solvers.UnivariateRealSolverUtils_ESTest1 (41ms / 40):
    [junit] MAJOR: 17183 (12 / 40 / 40) -> AVG-RTPM: 429ms
    [junit] MAJOR: Mutants killed / live: 12 (12-0-0) / 135
    [junit] MAJOR: ------------------------------------------------------------
    [junit] MAJOR: 2/11 - org.apache.commons.math.analysis.solvers.UnivariateRealSolverUtils_ESTest8 (41ms / 132):
    [junit] MAJOR: 53688 (88 / 132 / 132) -> AVG-RTPM: 276ms
    [junit] MAJOR: Mutants killed / live: 100 (12-92-0) / 47
    [junit] MAJOR: ------------------------------------------------------------
    [junit] MAJOR: 3/11 - org.apache.commons.math.analysis.solvers.UnivariateRealSolverUtils_ESTest2 (46ms / 4):
    [junit] MAJOR: 54107 (4 / 4 / 4) -> AVG-RTPM: 104ms
    [junit] MAJOR: Mutants killed / live: 104 (12-96-0) / 43
    [junit] MAJOR: ------------------------------------------------------------
    [junit] MAJOR: 4/11 - org.apache.commons.math.analysis.solvers.UnivariateRealSolverUtils_ESTest7 (46ms / 104):
    [junit] MAJOR: 65365 (32 / 104 / 104) -> AVG-RTPM: 108ms
    [junit] MAJOR: Mutants killed / live: 136 (12-200-0) / 11
    [junit] MAJOR: ------------------------------------------------------------
    [junit] MAJOR: 5/11 - org.apache.commons.math.analysis.solvers.UnivariateRealSolverUtils_ESTest9 (46ms / 132):
    [junit] MAJOR: 79025 (0 / 132 / 132) -> AVG-RTPM: 103ms
    [junit] MAJOR: Mutants killed / live: 136 (12-332-0) / 11
    [junit] MAJOR: ------------------------------------------------------------
    [junit] MAJOR: 6/11 - org.apache.commons.math.analysis.solvers.UnivariateRealSolverUtils_ESTest0 (69ms / 10):
    [junit] MAJOR: 80040 (10 / 10 / 10) -> AVG-RTPM: 101ms
    [junit] MAJOR: Mutants killed / live: 146 (12-342-0) / 1
    [junit] MAJOR: ------------------------------------------------------------
    [junit] MAJOR: 7/11 - org.apache.commons.math.analysis.solvers.UnivariateRealSolverUtils_ESTest5 (70ms / 33):
    [junit] MAJOR: 83284 (0 / 33 / 33) -> AVG-RTPM: 98ms
    [junit] MAJOR: Mutants killed / live: 146 (12-375-0) / 1
    [junit] MAJOR: ------------------------------------------------------------
    [junit] MAJOR: 8/11 - org.apache.commons.math.analysis.solvers.UnivariateRealSolverUtils_ESTest3 (81ms / 3):
    [junit] MAJOR: 83527 (0 / 3 / 3) -> AVG-RTPM: 81ms
    [junit] MAJOR: Mutants killed / live: 146 (12-378-0) / 1
    [junit] MAJOR: ------------------------------------------------------------
    [junit] MAJOR: 9/11 - org.apache.commons.math.analysis.solvers.UnivariateRealSolverUtils_ESTest6 (88ms / 47):
    [junit] MAJOR: 88276 (0 / 47 / 47) -> AVG-RTPM: 101ms
    [junit] MAJOR: Mutants killed / live: 146 (12-425-0) / 1
    [junit] MAJOR: ------------------------------------------------------------
    [junit] MAJOR: 10/11 - org.apache.commons.math.analysis.solvers.UnivariateRealSolverUtils_ESTest4 (96ms / 12):
    [junit] MAJOR: 89424 (0 / 12 / 12) -> AVG-RTPM: 95ms
    [junit] MAJOR: Mutants killed / live: 146 (12-437-0) / 1
    [junit] MAJOR: ------------------------------------------------------------
    [junit] MAJOR: 11/11 - org.apache.commons.math.analysis.solvers.UnivariateRealSolverUtils_ESTest11 (107ms / 4):
    [junit] MAJOR: 89745 (1 / 4 / 4) -> AVG-RTPM: 80ms
    [junit] MAJOR: Mutants killed / live: 147 (12-441-0) / 0
    [junit] MAJOR: ------------------------------------------------------------
    [junit] MAJOR: Summary:
    [junit] MAJOR: 
    [junit] MAJOR: Analysis time:  89.7 seconds
    [junit] MAJOR: Mutation score: 99.32% (100.00%)
    [junit] MAJOR: Mutants killed / live: 147 (12-441-0) / 0
    [junit] MAJOR: Mutant executions: 521
    [junit] MAJOR: ------------------------------------------------------------
    [junit] MAJOR: Export summary of results (to summary.csv)
    [junit] MAJOR: Export mutant kill details (to /tmp/run_mutation.pl_34681_1501769707/85f/kill.csv)
    [junit] MAJOR: Export kill map (to killMap.csv)!

BUILD SUCCESSFUL
Total time: 2 minutes 7 seconds
