
init:
     [echo] -------- Commons MATH 2.0-SNAPSHOT --------

compile:
    [javac] /tmp/run_mutation.pl_63582_1501569265/86f/build.xml:151: warning: 'includeantruntime' was not set, defaulting to build.sysclasspath=last; set to false for repeatable builds

check-availability:
     [echo] doing check-availability...

download-dependencies:
     [echo] doing download-dependencies...

download-junit:

compile.tests:
    [javac] /tmp/run_mutation.pl_63582_1501569265/86f/build.xml:165: warning: 'includeantruntime' was not set, defaulting to build.sysclasspath=last; set to false for repeatable builds
    [javac] Compiling 224 source files to /tmp/run_mutation.pl_63582_1501569265/86f/target/test-classes
    [javac] Note: Some input files use or override a deprecated API.
    [javac] Note: Recompile with -Xlint:deprecation for details.
     [copy] Copying 12 files to /tmp/run_mutation.pl_63582_1501569265/86f/target/test-classes

update.all.tests:

mutation.test:
     [echo] Running mutation analysis ...
    [junit] MAJOR: Mutation analysis enabled
SLF4J: Failed to load class "org.slf4j.impl.StaticLoggerBinder".
SLF4J: Defaulting to no-operation (NOP) logger implementation
SLF4J: See http://www.slf4j.org/codes.html#StaticLoggerBinder for further details.
    [junit] MAJOR: ------------------------------------------------------------
    [junit] MAJOR: Run 8 ordered tests to verify independence
    [junit] MAJOR: ------------------------------------------------------------
    [junit] MAJOR: Preprocessing time: 3.80 seconds
    [junit] MAJOR: ------------------------------------------------------------
    [junit] MAJOR: Mutants generated: 353
    [junit] MAJOR: Mutants covered:   119 (33.71%)
    [junit] MAJOR: ------------------------------------------------------------
    [junit] MAJOR: Export test map to (testMap.csv)
    [junit] MAJOR: Export coverage map to (covMap.csv)
    [junit] MAJOR: Exclude 0 mutants
    [junit] MAJOR: ------------------------------------------------------------
    [junit] MAJOR: Run mutation analysis with 8 individual tests
    [junit] MAJOR: ------------------------------------------------------------
    [junit] MAJOR: 1/8 - org.apache.commons.math.linear.CholeskyDecompositionImpl_ESTest4 (15ms / 71):
    [junit] MAJOR: 15265 (43 / 71 / 71) -> AVG-RTPM: 215ms
    [junit] MAJOR: Mutants killed / live: 43 (11-32-0) / 76
    [junit] MAJOR: ------------------------------------------------------------
    [junit] MAJOR: 2/8 - org.apache.commons.math.linear.CholeskyDecompositionImpl_ESTest2 (20ms / 42):
    [junit] MAJOR: 34089 (0 / 42 / 42) -> AVG-RTPM: 448ms
    [junit] MAJOR: Mutants killed / live: 43 (11-32-0) / 76
    [junit] MAJOR: ------------------------------------------------------------
    [junit] MAJOR: 3/8 - org.apache.commons.math.linear.CholeskyDecompositionImpl_ESTest0 (22ms / 24):
    [junit] MAJOR: 48485 (3 / 24 / 24) -> AVG-RTPM: 599ms
    [junit] MAJOR: Mutants killed / live: 46 (12-43-0) / 73
    [junit] MAJOR: ------------------------------------------------------------
    [junit] MAJOR: 4/8 - org.apache.commons.math.linear.CholeskyDecompositionImpl_ESTest6 (22ms / 34):
    [junit] MAJOR: 72249 (7 / 34 / 34) -> AVG-RTPM: 698ms
    [junit] MAJOR: Mutants killed / live: 53 (14-60-0) / 66
    [junit] MAJOR: ------------------------------------------------------------
    [junit] MAJOR: 5/8 - org.apache.commons.math.linear.CholeskyDecompositionImpl_ESTest1 (25ms / 2):
    [junit] MAJOR: 73908 (0 / 2 / 2) -> AVG-RTPM: 829ms
    [junit] MAJOR: Mutants killed / live: 53 (14-60-0) / 66
    [junit] MAJOR: ------------------------------------------------------------
    [junit] MAJOR: 6/8 - org.apache.commons.math.linear.CholeskyDecompositionImpl_ESTest3 (26ms / 94):
    [junit] MAJOR: 198780 (15 / 94 / 94) -> AVG-RTPM: 1328ms
    [junit] MAJOR: Mutants killed / live: 68 (34-60-0) / 51
    [junit] MAJOR: ------------------------------------------------------------
    [junit] MAJOR: 7/8 - org.apache.commons.math.linear.CholeskyDecompositionImpl_ESTest5 (32ms / 87):
    [junit] MAJOR: 218364 (27 / 87 / 87) -> AVG-RTPM: 225ms
    [junit] MAJOR: Mutants killed / live: 95 (34-146-1) / 24
    [junit] MAJOR: ------------------------------------------------------------
    [junit] MAJOR: 8/8 - org.apache.commons.math.linear.CholeskyDecompositionImpl_ESTest7 (36ms / 110):
    [junit] MAJOR: 240825 (24 / 110 / 110) -> AVG-RTPM: 204ms
    [junit] MAJOR: Mutants killed / live: 119 (34-256-1) / 0
    [junit] MAJOR: ------------------------------------------------------------
    [junit] MAJOR: Summary:
    [junit] MAJOR: 
    [junit] MAJOR: Analysis time:  240.8 seconds
    [junit] MAJOR: Mutation score: 33.71% (100.00%)
    [junit] MAJOR: Mutants killed / live: 119 (34-256-1) / 0
    [junit] MAJOR: Mutant executions: 464
    [junit] MAJOR: ------------------------------------------------------------
    [junit] MAJOR: Export summary of results (to summary.csv)
    [junit] MAJOR: Export mutant kill details (to /tmp/run_mutation.pl_63582_1501569265/86f/kill.csv)
    [junit] MAJOR: Export kill map (to killMap.csv)!

BUILD SUCCESSFUL
Total time: 4 minutes 15 seconds
