
init:
     [echo] -------- Commons MATH 2.0-SNAPSHOT --------

compile:
    [javac] /tmp/run_mutation.pl_12624_1501575909/87f/build.xml:151: warning: 'includeantruntime' was not set, defaulting to build.sysclasspath=last; set to false for repeatable builds

check-availability:
     [echo] doing check-availability...

download-dependencies:
     [echo] doing download-dependencies...

download-junit:

compile.tests:
    [javac] /tmp/run_mutation.pl_12624_1501575909/87f/build.xml:165: warning: 'includeantruntime' was not set, defaulting to build.sysclasspath=last; set to false for repeatable builds
    [javac] Compiling 224 source files to /tmp/run_mutation.pl_12624_1501575909/87f/target/test-classes
    [javac] Note: Some input files use or override a deprecated API.
    [javac] Note: Recompile with -Xlint:deprecation for details.
     [copy] Copying 12 files to /tmp/run_mutation.pl_12624_1501575909/87f/target/test-classes

update.all.tests:

mutation.test:
     [echo] Running mutation analysis ...
    [junit] MAJOR: Mutation analysis enabled
SLF4J: Failed to load class "org.slf4j.impl.StaticLoggerBinder".
SLF4J: Defaulting to no-operation (NOP) logger implementation
SLF4J: See http://www.slf4j.org/codes.html#StaticLoggerBinder for further details.
    [junit] MAJOR: ------------------------------------------------------------
    [junit] MAJOR: Run 20 ordered tests to verify independence
    [junit] MAJOR: ------------------------------------------------------------
    [junit] MAJOR: Preprocessing time: 5.45 seconds
    [junit] MAJOR: ------------------------------------------------------------
    [junit] MAJOR: Mutants generated: 571
    [junit] MAJOR: Mutants covered:   559 (97.90%)
    [junit] MAJOR: ------------------------------------------------------------
    [junit] MAJOR: Export test map to (testMap.csv)
    [junit] MAJOR: Export coverage map to (covMap.csv)
    [junit] MAJOR: Exclude 0 mutants
    [junit] MAJOR: ------------------------------------------------------------
    [junit] MAJOR: Run mutation analysis with 20 individual tests
    [junit] MAJOR: ------------------------------------------------------------
    [junit] MAJOR: 1/20 - org.apache.commons.math.optimization.linear.SimplexTableau_ESTest2 (9ms / 141):
    [junit] MAJOR: 44449 (53 / 141 / 141) -> AVG-RTPM: 315ms
    [junit] MAJOR: Mutants killed / live: 53 (0-53-0) / 506
    [junit] MAJOR: ------------------------------------------------------------
    [junit] MAJOR: 2/20 - org.apache.commons.math.optimization.linear.SimplexTableau_ESTest20 (9ms / 229):
    [junit] MAJOR: 191400 (99 / 229 / 229) -> AVG-RTPM: 641ms
    [junit] MAJOR: Mutants killed / live: 152 (0-204-1) / 407
    [junit] MAJOR: ------------------------------------------------------------
    [junit] MAJOR: 3/20 - org.apache.commons.math.optimization.linear.SimplexTableau_ESTest3 (9ms / 141):
    [junit] MAJOR: 217967 (78 / 141 / 141) -> AVG-RTPM: 188ms
    [junit] MAJOR: Mutants killed / live: 230 (0-345-1) / 329
    [junit] MAJOR: ------------------------------------------------------------
    [junit] MAJOR: 4/20 - org.apache.commons.math.optimization.linear.SimplexTableau_ESTest4 (9ms / 357):
    [junit] MAJOR: 281837 (220 / 357 / 357) -> AVG-RTPM: 178ms
    [junit] MAJOR: Mutants killed / live: 450 (0-702-1) / 109
    [junit] MAJOR: ------------------------------------------------------------
    [junit] MAJOR: 5/20 - org.apache.commons.math.optimization.linear.SimplexTableau_ESTest15 (10ms / 229):
    [junit] MAJOR: 323579 (0 / 229 / 229) -> AVG-RTPM: 182ms
    [junit] MAJOR: Mutants killed / live: 450 (0-931-1) / 109
    [junit] MAJOR: ------------------------------------------------------------
    [junit] MAJOR: 6/20 - org.apache.commons.math.optimization.linear.SimplexTableau_ESTest19 (10ms / 229):
    [junit] MAJOR: 365574 (0 / 229 / 229) -> AVG-RTPM: 183ms
    [junit] MAJOR: Mutants killed / live: 450 (0-1160-1) / 109
    [junit] MAJOR: ------------------------------------------------------------
    [junit] MAJOR: 7/20 - org.apache.commons.math.optimization.linear.SimplexTableau_ESTest5 (10ms / 141):
    [junit] MAJOR: 390270 (16 / 141 / 141) -> AVG-RTPM: 175ms
    [junit] MAJOR: Mutants killed / live: 466 (0-1301-1) / 93
    [junit] MAJOR: ------------------------------------------------------------
    [junit] MAJOR: 8/20 - org.apache.commons.math.optimization.linear.SimplexTableau_ESTest1 (11ms / 141):
    [junit] MAJOR: 416034 (0 / 141 / 141) -> AVG-RTPM: 182ms
    [junit] MAJOR: Mutants killed / live: 466 (0-1442-1) / 93
    [junit] MAJOR: ------------------------------------------------------------
    [junit] MAJOR: 9/20 - org.apache.commons.math.optimization.linear.SimplexTableau_ESTest17 (11ms / 275):
    [junit] MAJOR: 464570 (10 / 275 / 275) -> AVG-RTPM: 176ms
    [junit] MAJOR: Mutants killed / live: 476 (0-1717-1) / 83
    [junit] MAJOR: ------------------------------------------------------------
    [junit] MAJOR: 10/20 - org.apache.commons.math.optimization.linear.SimplexTableau_ESTest7 (12ms / 318):
    [junit] MAJOR: 526596 (54 / 318 / 318) -> AVG-RTPM: 195ms
    [junit] MAJOR: Mutants killed / live: 530 (0-2035-1) / 29
    [junit] MAJOR: ------------------------------------------------------------
    [junit] MAJOR: 11/20 - org.apache.commons.math.optimization.linear.SimplexTableau_ESTest14 (14ms / 203):
    [junit] MAJOR: 560560 (0 / 203 / 203) -> AVG-RTPM: 167ms
    [junit] MAJOR: Mutants killed / live: 530 (0-2238-1) / 29
    [junit] MAJOR: ------------------------------------------------------------
    [junit] MAJOR: 12/20 - org.apache.commons.math.optimization.linear.SimplexTableau_ESTest6 (15ms / 141):
    [junit] MAJOR: 582091 (0 / 141 / 141) -> AVG-RTPM: 152ms
    [junit] MAJOR: Mutants killed / live: 530 (0-2379-1) / 29
    [junit] MAJOR: ------------------------------------------------------------
    [junit] MAJOR: 13/20 - org.apache.commons.math.optimization.linear.SimplexTableau_ESTest9 (15ms / 285):
    [junit] MAJOR: 633917 (14 / 285 / 285) -> AVG-RTPM: 181ms
    [junit] MAJOR: Mutants killed / live: 544 (0-2664-1) / 15
    [junit] MAJOR: ------------------------------------------------------------
    [junit] MAJOR: 14/20 - org.apache.commons.math.optimization.linear.SimplexTableau_ESTest13 (17ms / 144):
    [junit] MAJOR: 661457 (1 / 144 / 144) -> AVG-RTPM: 191ms
    [junit] MAJOR: Mutants killed / live: 545 (0-2808-1) / 14
    [junit] MAJOR: ------------------------------------------------------------
    [junit] MAJOR: 15/20 - org.apache.commons.math.optimization.linear.SimplexTableau_ESTest0 (19ms / 137):
    [junit] MAJOR: 685106 (0 / 137 / 137) -> AVG-RTPM: 172ms
    [junit] MAJOR: Mutants killed / live: 545 (0-2945-1) / 14
    [junit] MAJOR: ------------------------------------------------------------
    [junit] MAJOR: 16/20 - org.apache.commons.math.optimization.linear.SimplexTableau_ESTest18 (19ms / 222):
    [junit] MAJOR: 725142 (0 / 222 / 222) -> AVG-RTPM: 180ms
    [junit] MAJOR: Mutants killed / live: 545 (0-3167-1) / 14
    [junit] MAJOR: ------------------------------------------------------------
    [junit] MAJOR: 17/20 - org.apache.commons.math.optimization.linear.SimplexTableau_ESTest12 (20ms / 141):
    [junit] MAJOR: 751937 (14 / 141 / 141) -> AVG-RTPM: 190ms
    [junit] MAJOR: Mutants killed / live: 559 (0-3308-1) / 0
    [junit] MAJOR: ------------------------------------------------------------
    [junit] MAJOR: 18/20 - org.apache.commons.math.optimization.linear.SimplexTableau_ESTest10 (21ms / 150):
    [junit] MAJOR: 779774 (0 / 150 / 150) -> AVG-RTPM: 185ms
    [junit] MAJOR: Mutants killed / live: 559 (0-3458-1) / 0
    [junit] MAJOR: ------------------------------------------------------------
    [junit] MAJOR: 19/20 - org.apache.commons.math.optimization.linear.SimplexTableau_ESTest8 (43ms / 255):
    [junit] MAJOR: 829907 (0 / 255 / 255) -> AVG-RTPM: 196ms
    [junit] MAJOR: Mutants killed / live: 559 (0-3713-1) / 0
    [junit] MAJOR: ------------------------------------------------------------
    [junit] MAJOR: 20/20 - org.apache.commons.math.optimization.linear.SimplexTableau_ESTest16 (48ms / 208):
    [junit] MAJOR: 870327 (0 / 208 / 208) -> AVG-RTPM: 194ms
    [junit] MAJOR: Mutants killed / live: 559 (0-3921-1) / 0
    [junit] MAJOR: ------------------------------------------------------------
    [junit] MAJOR: Summary:
    [junit] MAJOR: 
    [junit] MAJOR: Analysis time:  870.3 seconds
    [junit] MAJOR: Mutation score: 97.90% (100.00%)
    [junit] MAJOR: Mutants killed / live: 559 (0-3921-1) / 0
    [junit] MAJOR: Mutant executions: 4087
    [junit] MAJOR: ------------------------------------------------------------
    [junit] MAJOR: Export summary of results (to summary.csv)
    [junit] MAJOR: Export mutant kill details (to /tmp/run_mutation.pl_12624_1501575909/87f/kill.csv)
    [junit] MAJOR: Export kill map (to killMap.csv)!

BUILD SUCCESSFUL
Total time: 14 minutes 43 seconds
