
init:
     [echo] -------- Commons MATH 2.0-SNAPSHOT --------

compile:
    [javac] /tmp/run_mutation.pl_51478_1483687440/88f/build.xml:151: warning: 'includeantruntime' was not set, defaulting to build.sysclasspath=last; set to false for repeatable builds

check-availability:
     [echo] doing check-availability...

download-dependencies:
     [echo] doing download-dependencies...

download-junit:

compile.tests:
    [javac] /tmp/run_mutation.pl_51478_1483687440/88f/build.xml:165: warning: 'includeantruntime' was not set, defaulting to build.sysclasspath=last; set to false for repeatable builds
    [javac] Compiling 224 source files to /tmp/run_mutation.pl_51478_1483687440/88f/target/test-classes
    [javac] Note: Some input files use or override a deprecated API.
    [javac] Note: Recompile with -Xlint:deprecation for details.
     [copy] Copying 12 files to /tmp/run_mutation.pl_51478_1483687440/88f/target/test-classes

update.all.tests:

mutation.test:
     [echo] Running mutation analysis ...
    [junit] MAJOR: Mutation analysis enabled
SLF4J: Failed to load class "org.slf4j.impl.StaticLoggerBinder".
SLF4J: Defaulting to no-operation (NOP) logger implementation
SLF4J: See http://www.slf4j.org/codes.html#StaticLoggerBinder for further details.
    [junit] MAJOR: ------------------------------------------------------------
    [junit] MAJOR: Run 20 ordered tests to verify independence
    [junit] MAJOR: ------------------------------------------------------------
    [junit] MAJOR: Preprocessing time: 4.65 seconds
    [junit] MAJOR: ------------------------------------------------------------
    [junit] MAJOR: Mutants generated: 562
    [junit] MAJOR: Mutants covered:   547 (97.33%)
    [junit] MAJOR: ------------------------------------------------------------
    [junit] MAJOR: Export test map to (testMap.csv)
    [junit] MAJOR: Export coverage map to (covMap.csv)
    [junit] MAJOR: Exclude 0 mutants
    [junit] MAJOR: ------------------------------------------------------------
    [junit] MAJOR: Run mutation analysis with 20 individual tests
    [junit] MAJOR: ------------------------------------------------------------
    [junit] MAJOR: 1/20 - org.apache.commons.math.optimization.linear.SimplexTableau_ESTest16 (8ms / 211):
    [junit] MAJOR: 97315 (86 / 211 / 211) -> AVG-RTPM: 461ms
    [junit] MAJOR: Mutants killed / live: 86 (34-52-0) / 461
    [junit] MAJOR: ------------------------------------------------------------
    [junit] MAJOR: 2/20 - org.apache.commons.math.optimization.linear.SimplexTableau_ESTest21 (8ms / 229):
    [junit] MAJOR: 158389 (129 / 229 / 229) -> AVG-RTPM: 266ms
    [junit] MAJOR: Mutants killed / live: 215 (34-264-0) / 332
    [junit] MAJOR: ------------------------------------------------------------
    [junit] MAJOR: 3/20 - org.apache.commons.math.optimization.linear.SimplexTableau_ESTest4 (8ms / 155):
    [junit] MAJOR: 180270 (28 / 155 / 155) -> AVG-RTPM: 141ms
    [junit] MAJOR: Mutants killed / live: 243 (34-419-0) / 304
    [junit] MAJOR: ------------------------------------------------------------
    [junit] MAJOR: 4/20 - org.apache.commons.math.optimization.linear.SimplexTableau_ESTest6 (8ms / 201):
    [junit] MAJOR: 210674 (60 / 201 / 201) -> AVG-RTPM: 151ms
    [junit] MAJOR: Mutants killed / live: 303 (34-620-0) / 244
    [junit] MAJOR: ------------------------------------------------------------
    [junit] MAJOR: 5/20 - org.apache.commons.math.optimization.linear.SimplexTableau_ESTest8 (8ms / 341):
    [junit] MAJOR: 258876 (178 / 341 / 341) -> AVG-RTPM: 141ms
    [junit] MAJOR: Mutants killed / live: 481 (34-961-0) / 66
    [junit] MAJOR: ------------------------------------------------------------
    [junit] MAJOR: 6/20 - org.apache.commons.math.optimization.linear.SimplexTableau_ESTest17 (9ms / 194):
    [junit] MAJOR: 288931 (0 / 194 / 194) -> AVG-RTPM: 154ms
    [junit] MAJOR: Mutants killed / live: 481 (34-1155-0) / 66
    [junit] MAJOR: ------------------------------------------------------------
    [junit] MAJOR: 7/20 - org.apache.commons.math.optimization.linear.SimplexTableau_ESTest18 (9ms / 289):
    [junit] MAJOR: 332801 (8 / 289 / 289) -> AVG-RTPM: 151ms
    [junit] MAJOR: Mutants killed / live: 489 (34-1444-0) / 58
    [junit] MAJOR: ------------------------------------------------------------
    [junit] MAJOR: 8/20 - org.apache.commons.math.optimization.linear.SimplexTableau_ESTest19 (9ms / 204):
    [junit] MAJOR: 364499 (0 / 204 / 204) -> AVG-RTPM: 155ms
    [junit] MAJOR: Mutants killed / live: 489 (34-1648-0) / 58
    [junit] MAJOR: ------------------------------------------------------------
    [junit] MAJOR: 9/20 - org.apache.commons.math.optimization.linear.SimplexTableau_ESTest20 (9ms / 211):
    [junit] MAJOR: 397165 (0 / 211 / 211) -> AVG-RTPM: 154ms
    [junit] MAJOR: Mutants killed / live: 489 (34-1859-0) / 58
    [junit] MAJOR: ------------------------------------------------------------
    [junit] MAJOR: 10/20 - org.apache.commons.math.optimization.linear.SimplexTableau_ESTest22 (9ms / 211):
    [junit] MAJOR: 430257 (0 / 211 / 211) -> AVG-RTPM: 156ms
    [junit] MAJOR: Mutants killed / live: 489 (34-2070-0) / 58
    [junit] MAJOR: ------------------------------------------------------------
    [junit] MAJOR: 11/20 - org.apache.commons.math.optimization.linear.SimplexTableau_ESTest15 (10ms / 203):
    [junit] MAJOR: 459626 (0 / 203 / 203) -> AVG-RTPM: 144ms
    [junit] MAJOR: Mutants killed / live: 489 (34-2273-0) / 58
    [junit] MAJOR: ------------------------------------------------------------
    [junit] MAJOR: 12/20 - org.apache.commons.math.optimization.linear.SimplexTableau_ESTest1 (11ms / 123):
    [junit] MAJOR: 477439 (0 / 123 / 123) -> AVG-RTPM: 144ms
    [junit] MAJOR: Mutants killed / live: 489 (34-2396-0) / 58
    [junit] MAJOR: ------------------------------------------------------------
    [junit] MAJOR: 13/20 - org.apache.commons.math.optimization.linear.SimplexTableau_ESTest3 (11ms / 128):
    [junit] MAJOR: 495778 (1 / 128 / 128) -> AVG-RTPM: 143ms
    [junit] MAJOR: Mutants killed / live: 490 (34-2524-0) / 57
    [junit] MAJOR: ------------------------------------------------------------
    [junit] MAJOR: 14/20 - org.apache.commons.math.optimization.linear.SimplexTableau_ESTest10 (13ms / 176):
    [junit] MAJOR: 521105 (42 / 176 / 176) -> AVG-RTPM: 143ms
    [junit] MAJOR: Mutants killed / live: 532 (34-2700-0) / 15
    [junit] MAJOR: ------------------------------------------------------------
    [junit] MAJOR: 15/20 - org.apache.commons.math.optimization.linear.SimplexTableau_ESTest0 (19ms / 136):
    [junit] MAJOR: 542445 (0 / 136 / 136) -> AVG-RTPM: 156ms
    [junit] MAJOR: Mutants killed / live: 532 (34-2836-0) / 15
    [junit] MAJOR: ------------------------------------------------------------
    [junit] MAJOR: 16/20 - org.apache.commons.math.optimization.linear.SimplexTableau_ESTest2 (20ms / 141):
    [junit] MAJOR: 563076 (0 / 141 / 141) -> AVG-RTPM: 146ms
    [junit] MAJOR: Mutants killed / live: 532 (34-2977-0) / 15
    [junit] MAJOR: ------------------------------------------------------------
    [junit] MAJOR: 17/20 - org.apache.commons.math.optimization.linear.SimplexTableau_ESTest5 (21ms / 137):
    [junit] MAJOR: 584110 (0 / 137 / 137) -> AVG-RTPM: 153ms
    [junit] MAJOR: Mutants killed / live: 532 (34-3114-0) / 15
    [junit] MAJOR: ------------------------------------------------------------
    [junit] MAJOR: 18/20 - org.apache.commons.math.optimization.linear.SimplexTableau_ESTest9 (25ms / 136):
    [junit] MAJOR: 603708 (0 / 136 / 136) -> AVG-RTPM: 144ms
    [junit] MAJOR: Mutants killed / live: 532 (34-3250-0) / 15
    [junit] MAJOR: ------------------------------------------------------------
    [junit] MAJOR: 19/20 - org.apache.commons.math.optimization.linear.SimplexTableau_ESTest14 (28ms / 148):
    [junit] MAJOR: 627092 (1 / 148 / 148) -> AVG-RTPM: 158ms
    [junit] MAJOR: Mutants killed / live: 533 (34-3398-0) / 14
    [junit] MAJOR: ------------------------------------------------------------
    [junit] MAJOR: 20/20 - org.apache.commons.math.optimization.linear.SimplexTableau_ESTest13 (33ms / 154):
    [junit] MAJOR: 651676 (14 / 154 / 154) -> AVG-RTPM: 159ms
    [junit] MAJOR: Mutants killed / live: 547 (34-3552-0) / 0
    [junit] MAJOR: ------------------------------------------------------------
    [junit] MAJOR: Summary:
    [junit] MAJOR: 
    [junit] MAJOR: Analysis time:  651.7 seconds
    [junit] MAJOR: Mutation score: 97.33% (100.00%)
    [junit] MAJOR: Mutants killed / live: 547 (34-3552-0) / 0
    [junit] MAJOR: Mutant executions: 3728
    [junit] MAJOR: ------------------------------------------------------------
    [junit] MAJOR: Export summary of results (to summary.csv)
    [junit] MAJOR: Export mutant kill details (to /tmp/run_mutation.pl_51478_1483687440/88f/kill.csv)
    [junit] MAJOR: Export kill map (to killMap.csv)!

BUILD SUCCESSFUL
Total time: 11 minutes 1 second
