
init:
     [echo] -------- Commons MATH 2.0-SNAPSHOT --------

compile:
    [javac] /tmp/run_mutation.pl_62239_1483688127/89f/build.xml:151: warning: 'includeantruntime' was not set, defaulting to build.sysclasspath=last; set to false for repeatable builds

check-availability:
     [echo] doing check-availability...

download-dependencies:
     [echo] doing download-dependencies...

download-junit:

compile.tests:
    [javac] /tmp/run_mutation.pl_62239_1483688127/89f/build.xml:165: warning: 'includeantruntime' was not set, defaulting to build.sysclasspath=last; set to false for repeatable builds
    [javac] Compiling 213 source files to /tmp/run_mutation.pl_62239_1483688127/89f/target/test-classes
    [javac] Note: Some input files use or override a deprecated API.
    [javac] Note: Recompile with -Xlint:deprecation for details.
     [copy] Copying 12 files to /tmp/run_mutation.pl_62239_1483688127/89f/target/test-classes

update.all.tests:

mutation.test:
     [echo] Running mutation analysis ...
    [junit] MAJOR: Mutation analysis enabled
SLF4J: Failed to load class "org.slf4j.impl.StaticLoggerBinder".
SLF4J: Defaulting to no-operation (NOP) logger implementation
SLF4J: See http://www.slf4j.org/codes.html#StaticLoggerBinder for further details.
    [junit] MAJOR: ------------------------------------------------------------
    [junit] MAJOR: Run 21 ordered tests to verify independence
    [junit] MAJOR: ------------------------------------------------------------
    [junit] MAJOR: Preprocessing time: 3.42 seconds
    [junit] MAJOR: ------------------------------------------------------------
    [junit] MAJOR: Mutants generated: 115
    [junit] MAJOR: Mutants covered:   115 (100.00%)
    [junit] MAJOR: ------------------------------------------------------------
    [junit] MAJOR: Export test map to (testMap.csv)
    [junit] MAJOR: Export coverage map to (covMap.csv)
    [junit] MAJOR: Exclude 0 mutants
    [junit] MAJOR: ------------------------------------------------------------
    [junit] MAJOR: Run mutation analysis with 21 individual tests
    [junit] MAJOR: ------------------------------------------------------------
    [junit] MAJOR: 1/21 - org.apache.commons.math.stat.Frequency_ESTest14 (7ms / 0):
    [junit] MAJOR: 1 (0 / 0 / 0) -> AVG-RTPM: 0ms
    [junit] MAJOR: Mutants killed / live: 0 (0-0-0) / 115
    [junit] MAJOR: ------------------------------------------------------------
    [junit] MAJOR: 2/21 - org.apache.commons.math.stat.Frequency_ESTest19 (7ms / 52):
    [junit] MAJOR: 6226 (20 / 52 / 52) -> AVG-RTPM: 119ms
    [junit] MAJOR: Mutants killed / live: 20 (12-7-1) / 95
    [junit] MAJOR: ------------------------------------------------------------
    [junit] MAJOR: 3/21 - org.apache.commons.math.stat.Frequency_ESTest2 (7ms / 5):
    [junit] MAJOR: 6960 (4 / 5 / 5) -> AVG-RTPM: 146ms
    [junit] MAJOR: Mutants killed / live: 24 (14-9-1) / 91
    [junit] MAJOR: ------------------------------------------------------------
    [junit] MAJOR: 4/21 - org.apache.commons.math.stat.Frequency_ESTest3 (7ms / 11):
    [junit] MAJOR: 8846 (1 / 11 / 11) -> AVG-RTPM: 171ms
    [junit] MAJOR: Mutants killed / live: 25 (14-11-1) / 90
    [junit] MAJOR: ------------------------------------------------------------
    [junit] MAJOR: 5/21 - org.apache.commons.math.stat.Frequency_ESTest4 (7ms / 11):
    [junit] MAJOR: 10923 (0 / 11 / 11) -> AVG-RTPM: 188ms
    [junit] MAJOR: Mutants killed / live: 25 (16-11-1) / 90
    [junit] MAJOR: ------------------------------------------------------------
    [junit] MAJOR: 6/21 - org.apache.commons.math.stat.Frequency_ESTest6 (7ms / 11):
    [junit] MAJOR: 13322 (0 / 11 / 11) -> AVG-RTPM: 218ms
    [junit] MAJOR: Mutants killed / live: 25 (16-13-1) / 90
    [junit] MAJOR: ------------------------------------------------------------
    [junit] MAJOR: 7/21 - org.apache.commons.math.stat.Frequency_ESTest7 (7ms / 13):
    [junit] MAJOR: 16531 (8 / 13 / 13) -> AVG-RTPM: 246ms
    [junit] MAJOR: Mutants killed / live: 33 (18-21-1) / 82
    [junit] MAJOR: ------------------------------------------------------------
    [junit] MAJOR: 8/21 - org.apache.commons.math.stat.Frequency_ESTest9 (7ms / 13):
    [junit] MAJOR: 20559 (0 / 13 / 13) -> AVG-RTPM: 309ms
    [junit] MAJOR: Mutants killed / live: 33 (20-29-1) / 82
    [junit] MAJOR: ------------------------------------------------------------
    [junit] MAJOR: 9/21 - org.apache.commons.math.stat.Frequency_ESTest15 (8ms / 14):
    [junit] MAJOR: 25229 (0 / 14 / 14) -> AVG-RTPM: 333ms
    [junit] MAJOR: Mutants killed / live: 33 (20-31-1) / 82
    [junit] MAJOR: ------------------------------------------------------------
    [junit] MAJOR: 10/21 - org.apache.commons.math.stat.Frequency_ESTest16 (8ms / 28):
    [junit] MAJOR: 36406 (8 / 28 / 28) -> AVG-RTPM: 399ms
    [junit] MAJOR: Mutants killed / live: 41 (33-35-2) / 74
    [junit] MAJOR: ------------------------------------------------------------
    [junit] MAJOR: 11/21 - org.apache.commons.math.stat.Frequency_ESTest17 (8ms / 59):
    [junit] MAJOR: 70869 (11 / 59 / 59) -> AVG-RTPM: 584ms
    [junit] MAJOR: Mutants killed / live: 52 (48-49-3) / 63
    [junit] MAJOR: ------------------------------------------------------------
    [junit] MAJOR: 12/21 - org.apache.commons.math.stat.Frequency_ESTest20 (8ms / 69):
    [junit] MAJOR: 79839 (33 / 69 / 69) -> AVG-RTPM: 130ms
    [junit] MAJOR: Mutants killed / live: 85 (48-118-3) / 30
    [junit] MAJOR: ------------------------------------------------------------
    [junit] MAJOR: 13/21 - org.apache.commons.math.stat.Frequency_ESTest5 (8ms / 11):
    [junit] MAJOR: 81448 (4 / 11 / 11) -> AVG-RTPM: 146ms
    [junit] MAJOR: Mutants killed / live: 89 (48-129-3) / 26
    [junit] MAJOR: ------------------------------------------------------------
    [junit] MAJOR: 14/21 - org.apache.commons.math.stat.Frequency_ESTest11 (9ms / 1):
    [junit] MAJOR: 81536 (1 / 1 / 1) -> AVG-RTPM: 88ms
    [junit] MAJOR: Mutants killed / live: 90 (48-130-3) / 25
    [junit] MAJOR: ------------------------------------------------------------
    [junit] MAJOR: 15/21 - org.apache.commons.math.stat.Frequency_ESTest12 (9ms / 47):
    [junit] MAJOR: 89136 (1 / 47 / 47) -> AVG-RTPM: 161ms
    [junit] MAJOR: Mutants killed / live: 91 (48-177-3) / 24
    [junit] MAJOR: ------------------------------------------------------------
    [junit] MAJOR: 16/21 - org.apache.commons.math.stat.Frequency_ESTest18 (9ms / 45):
    [junit] MAJOR: 96429 (0 / 45 / 45) -> AVG-RTPM: 162ms
    [junit] MAJOR: Mutants killed / live: 91 (48-222-3) / 24
    [junit] MAJOR: ------------------------------------------------------------
    [junit] MAJOR: 17/21 - org.apache.commons.math.stat.Frequency_ESTest8 (12ms / 7):
    [junit] MAJOR: 97544 (1 / 7 / 7) -> AVG-RTPM: 159ms
    [junit] MAJOR: Mutants killed / live: 92 (48-229-3) / 23
    [junit] MAJOR: ------------------------------------------------------------
    [junit] MAJOR: 18/21 - org.apache.commons.math.stat.Frequency_ESTest1 (15ms / 11):
    [junit] MAJOR: 99417 (0 / 11 / 11) -> AVG-RTPM: 170ms
    [junit] MAJOR: Mutants killed / live: 92 (48-240-3) / 23
    [junit] MAJOR: ------------------------------------------------------------
    [junit] MAJOR: 19/21 - org.apache.commons.math.stat.Frequency_ESTest13 (17ms / 88):
    [junit] MAJOR: 112958 (14 / 88 / 88) -> AVG-RTPM: 153ms
    [junit] MAJOR: Mutants killed / live: 106 (48-328-3) / 9
    [junit] MAJOR: ------------------------------------------------------------
    [junit] MAJOR: 20/21 - org.apache.commons.math.stat.Frequency_ESTest10 (20ms / 76):
    [junit] MAJOR: 125119 (1 / 76 / 76) -> AVG-RTPM: 160ms
    [junit] MAJOR: Mutants killed / live: 107 (48-404-3) / 8
    [junit] MAJOR: ------------------------------------------------------------
    [junit] MAJOR: 21/21 - org.apache.commons.math.stat.Frequency_ESTest0 (23ms / 5):
    [junit] MAJOR: 126159 (0 / 5 / 5) -> AVG-RTPM: 208ms
    [junit] MAJOR: Mutants killed / live: 107 (48-409-3) / 8
    [junit] MAJOR: ------------------------------------------------------------
    [junit] MAJOR: Summary:
    [junit] MAJOR: 
    [junit] MAJOR: Analysis time:  126.2 seconds
    [junit] MAJOR: Mutation score: 93.04% (93.04%)
    [junit] MAJOR: Mutants killed / live: 107 (48-409-3) / 8
    [junit] MAJOR: Mutant executions: 577
    [junit] MAJOR: ------------------------------------------------------------
    [junit] MAJOR: Export summary of results (to summary.csv)
    [junit] MAJOR: Export mutant kill details (to /tmp/run_mutation.pl_62239_1483688127/89f/kill.csv)
    [junit] MAJOR: Export kill map (to killMap.csv)!

BUILD SUCCESSFUL
Total time: 2 minutes 14 seconds
