
init:
     [echo] -------- Commons MATH 3.1-SNAPSHOT --------

compile:

check-availability:
     [echo] doing check-availability...

download-dependencies:
     [echo] doing download-dependencies...

download-junit:

compile.tests:
    [javac] Compiling 453 source files to /tmp/run_mutation.pl_45506_1501512273/8f/target/test-classes
    [javac] Note: Some input files use or override a deprecated API.
    [javac] Note: Recompile with -Xlint:deprecation for details.
    [javac] Note: /tmp/run_mutation.pl_45506_1501512273/8f/src/test/java/org/apache/commons/math3/PerfTestUtils.java uses unchecked or unsafe operations.
    [javac] Note: Recompile with -Xlint:unchecked for details.
     [copy] Copying 28 files to /tmp/run_mutation.pl_45506_1501512273/8f/target/test-classes

update.all.tests:

mutation.test:
     [echo] Running mutation analysis ...
    [junit] MAJOR: Mutation analysis enabled
SLF4J: Failed to load class "org.slf4j.impl.StaticLoggerBinder".
SLF4J: Defaulting to no-operation (NOP) logger implementation
SLF4J: See http://www.slf4j.org/codes.html#StaticLoggerBinder for further details.
    [junit] MAJOR: ------------------------------------------------------------
    [junit] MAJOR: Run 10 ordered tests to verify independence
    [junit] MAJOR: ------------------------------------------------------------
    [junit] MAJOR: Preprocessing time: 2.90 seconds
    [junit] MAJOR: ------------------------------------------------------------
    [junit] MAJOR: Mutants generated: 119
    [junit] MAJOR: Mutants covered:   113 (94.96%)
    [junit] MAJOR: ------------------------------------------------------------
    [junit] MAJOR: Export test map to (testMap.csv)
    [junit] MAJOR: Export coverage map to (covMap.csv)
    [junit] MAJOR: Exclude 0 mutants
    [junit] MAJOR: ------------------------------------------------------------
    [junit] MAJOR: Run mutation analysis with 10 individual tests
    [junit] MAJOR: ------------------------------------------------------------
    [junit] MAJOR: 1/10 - org.apache.commons.math3.distribution.DiscreteDistribution_ESTest9 (9ms / 31):
    [junit] MAJOR: 4095 (18 / 31 / 31) -> AVG-RTPM: 132ms
    [junit] MAJOR: Mutants killed / live: 18 (5-13-0) / 95
    [junit] MAJOR: ------------------------------------------------------------
    [junit] MAJOR: 2/10 - org.apache.commons.math3.distribution.DiscreteDistribution_ESTest6 (10ms / 32):
    [junit] MAJOR: 9861 (10 / 32 / 32) -> AVG-RTPM: 180ms
    [junit] MAJOR: Mutants killed / live: 28 (11-30-0) / 85
    [junit] MAJOR: ------------------------------------------------------------
    [junit] MAJOR: 3/10 - org.apache.commons.math3.distribution.DiscreteDistribution_ESTest7 (10ms / 60):
    [junit] MAJOR: 27993 (6 / 60 / 60) -> AVG-RTPM: 302ms
    [junit] MAJOR: Mutants killed / live: 34 (11-52-0) / 79
    [junit] MAJOR: ------------------------------------------------------------
    [junit] MAJOR: 4/10 - org.apache.commons.math3.distribution.DiscreteDistribution_ESTest1 (11ms / 19):
    [junit] MAJOR: 36769 (2 / 19 / 19) -> AVG-RTPM: 461ms
    [junit] MAJOR: Mutants killed / live: 36 (15-58-0) / 77
    [junit] MAJOR: ------------------------------------------------------------
    [junit] MAJOR: 5/10 - org.apache.commons.math3.distribution.DiscreteDistribution_ESTest4 (11ms / 63):
    [junit] MAJOR: 80888 (20 / 63 / 63) -> AVG-RTPM: 700ms
    [junit] MAJOR: Mutants killed / live: 56 (26-81-0) / 57
    [junit] MAJOR: ------------------------------------------------------------
    [junit] MAJOR: 6/10 - org.apache.commons.math3.distribution.DiscreteDistribution_ESTest5 (11ms / 60):
    [junit] MAJOR: 146009 (2 / 60 / 60) -> AVG-RTPM: 1085ms
    [junit] MAJOR: Mutants killed / live: 58 (36-98-0) / 55
    [junit] MAJOR: ------------------------------------------------------------
    [junit] MAJOR: 7/10 - org.apache.commons.math3.distribution.DiscreteDistribution_ESTest3 (13ms / 61):
    [junit] MAJOR: 166992 (24 / 61 / 61) -> AVG-RTPM: 343ms
    [junit] MAJOR: Mutants killed / live: 82 (36-157-1) / 31
    [junit] MAJOR: ------------------------------------------------------------
    [junit] MAJOR: 8/10 - org.apache.commons.math3.distribution.DiscreteDistribution_ESTest8 (13ms / 41):
    [junit] MAJOR: 173580 (19 / 41 / 41) -> AVG-RTPM: 160ms
    [junit] MAJOR: Mutants killed / live: 101 (36-198-1) / 12
    [junit] MAJOR: ------------------------------------------------------------
    [junit] MAJOR: 9/10 - org.apache.commons.math3.distribution.DiscreteDistribution_ESTest2 (15ms / 54):
    [junit] MAJOR: 182839 (1 / 54 / 54) -> AVG-RTPM: 171ms
    [junit] MAJOR: Mutants killed / live: 102 (36-252-1) / 11
    [junit] MAJOR: ------------------------------------------------------------
    [junit] MAJOR: 10/10 - org.apache.commons.math3.distribution.DiscreteDistribution_ESTest0 (18ms / 23):
    [junit] MAJOR: 186842 (1 / 23 / 23) -> AVG-RTPM: 174ms
    [junit] MAJOR: Mutants killed / live: 103 (36-275-1) / 10
    [junit] MAJOR: ------------------------------------------------------------
    [junit] MAJOR: Summary:
    [junit] MAJOR: 
    [junit] MAJOR: Analysis time:  186.8 seconds
    [junit] MAJOR: Mutation score: 86.55% (91.15%)
    [junit] MAJOR: Mutants killed / live: 103 (36-275-1) / 10
    [junit] MAJOR: Mutant executions: 444
    [junit] MAJOR: ------------------------------------------------------------
    [junit] MAJOR: Export summary of results (to summary.csv)
    [junit] MAJOR: Export mutant kill details (to /tmp/run_mutation.pl_45506_1501512273/8f/kill.csv)
    [junit] MAJOR: Export kill map (to killMap.csv)!

BUILD SUCCESSFUL
Total time: 3 minutes 19 seconds
