
init:
     [echo] -------- Commons MATH 3.1-SNAPSHOT --------

compile:

check-availability:
     [echo] doing check-availability...

download-dependencies:
     [echo] doing download-dependencies...

download-junit:

compile.tests:
    [javac] Compiling 453 source files to /tmp/run_mutation.pl_14824_1483661947/8f/target/test-classes
    [javac] Note: Some input files use or override a deprecated API.
    [javac] Note: Recompile with -Xlint:deprecation for details.
    [javac] Note: /tmp/run_mutation.pl_14824_1483661947/8f/src/test/java/org/apache/commons/math3/PerfTestUtils.java uses unchecked or unsafe operations.
    [javac] Note: Recompile with -Xlint:unchecked for details.
     [copy] Copying 28 files to /tmp/run_mutation.pl_14824_1483661947/8f/target/test-classes

update.all.tests:

mutation.test:
     [echo] Running mutation analysis ...
    [junit] MAJOR: Mutation analysis enabled
SLF4J: Failed to load class "org.slf4j.impl.StaticLoggerBinder".
SLF4J: Defaulting to no-operation (NOP) logger implementation
SLF4J: See http://www.slf4j.org/codes.html#StaticLoggerBinder for further details.
    [junit] MAJOR: ------------------------------------------------------------
    [junit] MAJOR: Run 9 ordered tests to verify independence
    [junit] MAJOR: ------------------------------------------------------------
    [junit] MAJOR: Preprocessing time: 2.34 seconds
    [junit] MAJOR: ------------------------------------------------------------
    [junit] MAJOR: Mutants generated: 119
    [junit] MAJOR: Mutants covered:   113 (94.96%)
    [junit] MAJOR: ------------------------------------------------------------
    [junit] MAJOR: Export test map to (testMap.csv)
    [junit] MAJOR: Export coverage map to (covMap.csv)
    [junit] MAJOR: Exclude 0 mutants
    [junit] MAJOR: ------------------------------------------------------------
    [junit] MAJOR: Run mutation analysis with 9 individual tests
    [junit] MAJOR: ------------------------------------------------------------
    [junit] MAJOR: 1/9 - org.apache.commons.math3.distribution.DiscreteDistribution_ESTest7 (8ms / 60):
    [junit] MAJOR: 7958 (22 / 60 / 60) -> AVG-RTPM: 132ms
    [junit] MAJOR: Mutants killed / live: 22 (0-22-0) / 91
    [junit] MAJOR: ------------------------------------------------------------
    [junit] MAJOR: 2/9 - org.apache.commons.math3.distribution.DiscreteDistribution_ESTest2 (9ms / 54):
    [junit] MAJOR: 22203 (23 / 54 / 54) -> AVG-RTPM: 263ms
    [junit] MAJOR: Mutants killed / live: 45 (20-39-0) / 68
    [junit] MAJOR: ------------------------------------------------------------
    [junit] MAJOR: 3/9 - org.apache.commons.math3.distribution.DiscreteDistribution_ESTest6 (9ms / 32):
    [junit] MAJOR: 35966 (9 / 32 / 32) -> AVG-RTPM: 430ms
    [junit] MAJOR: Mutants killed / live: 54 (26-56-0) / 59
    [junit] MAJOR: ------------------------------------------------------------
    [junit] MAJOR: 4/9 - org.apache.commons.math3.distribution.DiscreteDistribution_ESTest8 (9ms / 31):
    [junit] MAJOR: 54188 (2 / 31 / 31) -> AVG-RTPM: 587ms
    [junit] MAJOR: Mutants killed / live: 56 (26-73-0) / 57
    [junit] MAJOR: ------------------------------------------------------------
    [junit] MAJOR: 5/9 - org.apache.commons.math3.distribution.DiscreteDistribution_ESTest1 (10ms / 19):
    [junit] MAJOR: 65653 (2 / 19 / 19) -> AVG-RTPM: 603ms
    [junit] MAJOR: Mutants killed / live: 58 (30-79-0) / 55
    [junit] MAJOR: ------------------------------------------------------------
    [junit] MAJOR: 6/9 - org.apache.commons.math3.distribution.DiscreteDistribution_ESTest3 (10ms / 60):
    [junit] MAJOR: 123537 (9 / 60 / 60) -> AVG-RTPM: 964ms
    [junit] MAJOR: Mutants killed / live: 67 (44-96-0) / 46
    [junit] MAJOR: ------------------------------------------------------------
    [junit] MAJOR: 7/9 - org.apache.commons.math3.distribution.DiscreteDistribution_ESTest4 (10ms / 63):
    [junit] MAJOR: 172874 (11 / 63 / 63) -> AVG-RTPM: 783ms
    [junit] MAJOR: Mutants killed / live: 78 (46-146-1) / 35
    [junit] MAJOR: ------------------------------------------------------------
    [junit] MAJOR: 8/9 - org.apache.commons.math3.distribution.DiscreteDistribution_ESTest5 (11ms / 61):
    [junit] MAJOR: 183448 (5 / 61 / 61) -> AVG-RTPM: 173ms
    [junit] MAJOR: Mutants killed / live: 83 (46-207-1) / 30
    [junit] MAJOR: ------------------------------------------------------------
    [junit] MAJOR: 9/9 - org.apache.commons.math3.distribution.DiscreteDistribution_ESTest0 (22ms / 23):
    [junit] MAJOR: 187238 (1 / 23 / 23) -> AVG-RTPM: 164ms
    [junit] MAJOR: Mutants killed / live: 84 (46-230-1) / 29
    [junit] MAJOR: ------------------------------------------------------------
    [junit] MAJOR: Summary:
    [junit] MAJOR: 
    [junit] MAJOR: Analysis time:  187.2 seconds
    [junit] MAJOR: Mutation score: 70.59% (74.34%)
    [junit] MAJOR: Mutants killed / live: 84 (46-230-1) / 29
    [junit] MAJOR: Mutant executions: 403
    [junit] MAJOR: ------------------------------------------------------------
    [junit] MAJOR: Export summary of results (to summary.csv)
    [junit] MAJOR: Export mutant kill details (to /tmp/run_mutation.pl_14824_1483661947/8f/kill.csv)
    [junit] MAJOR: Export kill map (to killMap.csv)!

BUILD SUCCESSFUL
Total time: 3 minutes 16 seconds
