
init:
     [echo] -------- Commons MATH 2.0-SNAPSHOT --------

compile:
    [javac] /tmp/run_mutation.pl_27561_1501577528/90f/build.xml:151: warning: 'includeantruntime' was not set, defaulting to build.sysclasspath=last; set to false for repeatable builds

check-availability:
     [echo] doing check-availability...

download-dependencies:
     [echo] doing download-dependencies...

download-junit:

compile.tests:
    [javac] /tmp/run_mutation.pl_27561_1501577528/90f/build.xml:165: warning: 'includeantruntime' was not set, defaulting to build.sysclasspath=last; set to false for repeatable builds
    [javac] Compiling 213 source files to /tmp/run_mutation.pl_27561_1501577528/90f/target/test-classes
    [javac] Note: Some input files use or override a deprecated API.
    [javac] Note: Recompile with -Xlint:deprecation for details.
     [copy] Copying 12 files to /tmp/run_mutation.pl_27561_1501577528/90f/target/test-classes

update.all.tests:

mutation.test:
     [echo] Running mutation analysis ...
    [junit] MAJOR: Mutation analysis enabled
SLF4J: Failed to load class "org.slf4j.impl.StaticLoggerBinder".
SLF4J: Defaulting to no-operation (NOP) logger implementation
SLF4J: See http://www.slf4j.org/codes.html#StaticLoggerBinder for further details.
    [junit] MAJOR: ------------------------------------------------------------
    [junit] MAJOR: Run 19 ordered tests to verify independence
    [junit] MAJOR: ------------------------------------------------------------
    [junit] MAJOR: Preprocessing time: 3.91 seconds
    [junit] MAJOR: ------------------------------------------------------------
    [junit] MAJOR: Mutants generated: 115
    [junit] MAJOR: Mutants covered:   115 (100.00%)
    [junit] MAJOR: ------------------------------------------------------------
    [junit] MAJOR: Export test map to (testMap.csv)
    [junit] MAJOR: Export coverage map to (covMap.csv)
    [junit] MAJOR: Exclude 0 mutants
    [junit] MAJOR: ------------------------------------------------------------
    [junit] MAJOR: Run mutation analysis with 19 individual tests
    [junit] MAJOR: ------------------------------------------------------------
    [junit] MAJOR: 1/19 - org.apache.commons.math.stat.Frequency_ESTest4 (8ms / 11):
    [junit] MAJOR: 999 (2 / 11 / 11) -> AVG-RTPM: 90ms
    [junit] MAJOR: Mutants killed / live: 2 (2-0-0) / 113
    [junit] MAJOR: ------------------------------------------------------------
    [junit] MAJOR: 2/19 - org.apache.commons.math.stat.Frequency_ESTest2 (9ms / 5):
    [junit] MAJOR: 1561 (4 / 5 / 5) -> AVG-RTPM: 112ms
    [junit] MAJOR: Mutants killed / live: 6 (4-2-0) / 109
    [junit] MAJOR: ------------------------------------------------------------
    [junit] MAJOR: 3/19 - org.apache.commons.math.stat.Frequency_ESTest5 (9ms / 11):
    [junit] MAJOR: 2692 (0 / 11 / 11) -> AVG-RTPM: 102ms
    [junit] MAJOR: Mutants killed / live: 6 (6-2-0) / 109
    [junit] MAJOR: ------------------------------------------------------------
    [junit] MAJOR: 4/19 - org.apache.commons.math.stat.Frequency_ESTest8 (9ms / 13):
    [junit] MAJOR: 4236 (8 / 13 / 13) -> AVG-RTPM: 118ms
    [junit] MAJOR: Mutants killed / live: 14 (8-10-0) / 101
    [junit] MAJOR: ------------------------------------------------------------
    [junit] MAJOR: 5/19 - org.apache.commons.math.stat.Frequency_ESTest9 (9ms / 7):
    [junit] MAJOR: 5245 (2 / 7 / 7) -> AVG-RTPM: 144ms
    [junit] MAJOR: Mutants killed / live: 16 (8-12-0) / 99
    [junit] MAJOR: ------------------------------------------------------------
    [junit] MAJOR: 6/19 - org.apache.commons.math.stat.Frequency_ESTest17 (10ms / 52):
    [junit] MAJOR: 17335 (18 / 52 / 52) -> AVG-RTPM: 232ms
    [junit] MAJOR: Mutants killed / live: 34 (21-19-1) / 81
    [junit] MAJOR: ------------------------------------------------------------
    [junit] MAJOR: 7/19 - org.apache.commons.math.stat.Frequency_ESTest14 (11ms / 88):
    [junit] MAJOR: 51547 (44 / 88 / 88) -> AVG-RTPM: 388ms
    [junit] MAJOR: Mutants killed / live: 78 (55-49-3) / 37
    [junit] MAJOR: ------------------------------------------------------------
    [junit] MAJOR: 8/19 - org.apache.commons.math.stat.Frequency_ESTest16 (12ms / 5):
    [junit] MAJOR: 51962 (0 / 5 / 5) -> AVG-RTPM: 83ms
    [junit] MAJOR: Mutants killed / live: 78 (55-54-3) / 37
    [junit] MAJOR: ------------------------------------------------------------
    [junit] MAJOR: 9/19 - org.apache.commons.math.stat.Frequency_ESTest3 (12ms / 11):
    [junit] MAJOR: 52916 (0 / 11 / 11) -> AVG-RTPM: 86ms
    [junit] MAJOR: Mutants killed / live: 78 (55-65-3) / 37
    [junit] MAJOR: ------------------------------------------------------------
    [junit] MAJOR: 10/19 - org.apache.commons.math.stat.Frequency_ESTest6 (12ms / 11):
    [junit] MAJOR: 54417 (0 / 11 / 11) -> AVG-RTPM: 136ms
    [junit] MAJOR: Mutants killed / live: 78 (55-76-3) / 37
    [junit] MAJOR: ------------------------------------------------------------
    [junit] MAJOR: 11/19 - org.apache.commons.math.stat.Frequency_ESTest7 (13ms / 46):
    [junit] MAJOR: 58889 (9 / 46 / 46) -> AVG-RTPM: 97ms
    [junit] MAJOR: Mutants killed / live: 87 (55-122-3) / 28
    [junit] MAJOR: ------------------------------------------------------------
    [junit] MAJOR: 12/19 - org.apache.commons.math.stat.Frequency_ESTest18 (14ms / 63):
    [junit] MAJOR: 64082 (11 / 63 / 63) -> AVG-RTPM: 82ms
    [junit] MAJOR: Mutants killed / live: 98 (55-185-3) / 17
    [junit] MAJOR: ------------------------------------------------------------
    [junit] MAJOR: 13/19 - org.apache.commons.math.stat.Frequency_ESTest1 (15ms / 11):
    [junit] MAJOR: 64975 (4 / 11 / 11) -> AVG-RTPM: 81ms
    [junit] MAJOR: Mutants killed / live: 102 (55-196-3) / 13
    [junit] MAJOR: ------------------------------------------------------------
    [junit] MAJOR: 14/19 - org.apache.commons.math.stat.Frequency_ESTest11 (15ms / 71):
    [junit] MAJOR: 73083 (2 / 71 / 71) -> AVG-RTPM: 114ms
    [junit] MAJOR: Mutants killed / live: 104 (55-267-3) / 11
    [junit] MAJOR: ------------------------------------------------------------
    [junit] MAJOR: 15/19 - org.apache.commons.math.stat.Frequency_ESTest13 (15ms / 7):
    [junit] MAJOR: 74215 (1 / 7 / 7) -> AVG-RTPM: 161ms
    [junit] MAJOR: Mutants killed / live: 105 (55-274-3) / 10
    [junit] MAJOR: ------------------------------------------------------------
    [junit] MAJOR: 16/19 - org.apache.commons.math.stat.Frequency_ESTest15 (15ms / 14):
    [junit] MAJOR: 75983 (7 / 14 / 14) -> AVG-RTPM: 126ms
    [junit] MAJOR: Mutants killed / live: 112 (55-288-3) / 3
    [junit] MAJOR: ------------------------------------------------------------
    [junit] MAJOR: 17/19 - org.apache.commons.math.stat.Frequency_ESTest12 (16ms / 1):
    [junit] MAJOR: 76114 (1 / 1 / 1) -> AVG-RTPM: 131ms
    [junit] MAJOR: Mutants killed / live: 113 (55-289-3) / 2
    [junit] MAJOR: ------------------------------------------------------------
    [junit] MAJOR: 18/19 - org.apache.commons.math.stat.Frequency_ESTest10 (21ms / 13):
    [junit] MAJOR: 78126 (0 / 13 / 13) -> AVG-RTPM: 154ms
    [junit] MAJOR: Mutants killed / live: 113 (55-302-3) / 2
    [junit] MAJOR: ------------------------------------------------------------
    [junit] MAJOR: 19/19 - org.apache.commons.math.stat.Frequency_ESTest0 (23ms / 5):
    [junit] MAJOR: 78581 (0 / 5 / 5) -> AVG-RTPM: 91ms
    [junit] MAJOR: Mutants killed / live: 113 (55-307-3) / 2
    [junit] MAJOR: ------------------------------------------------------------
    [junit] MAJOR: Summary:
    [junit] MAJOR: 
    [junit] MAJOR: Analysis time:  78.6 seconds
    [junit] MAJOR: Mutation score: 98.26% (98.26%)
    [junit] MAJOR: Mutants killed / live: 113 (55-307-3) / 2
    [junit] MAJOR: Mutant executions: 445
    [junit] MAJOR: ------------------------------------------------------------
    [junit] MAJOR: Export summary of results (to summary.csv)
    [junit] MAJOR: Export mutant kill details (to /tmp/run_mutation.pl_27561_1501577528/90f/kill.csv)
    [junit] MAJOR: Export kill map (to killMap.csv)!

BUILD SUCCESSFUL
Total time: 1 minute 30 seconds
