
init:
     [echo] -------- Commons MATH 2.0-SNAPSHOT --------

compile:
    [javac] /tmp/run_mutation.pl_86087_1501571980/91f/build.xml:151: warning: 'includeantruntime' was not set, defaulting to build.sysclasspath=last; set to false for repeatable builds

check-availability:
     [echo] doing check-availability...

download-dependencies:
     [echo] doing download-dependencies...

download-junit:

compile.tests:
    [javac] /tmp/run_mutation.pl_86087_1501571980/91f/build.xml:165: warning: 'includeantruntime' was not set, defaulting to build.sysclasspath=last; set to false for repeatable builds
    [javac] Compiling 212 source files to /tmp/run_mutation.pl_86087_1501571980/91f/target/test-classes
    [javac] Note: Some input files use or override a deprecated API.
    [javac] Note: Recompile with -Xlint:deprecation for details.
     [copy] Copying 12 files to /tmp/run_mutation.pl_86087_1501571980/91f/target/test-classes

update.all.tests:

mutation.test:
     [echo] Running mutation analysis ...
    [junit] MAJOR: Mutation analysis enabled
SLF4J: Failed to load class "org.slf4j.impl.StaticLoggerBinder".
SLF4J: Defaulting to no-operation (NOP) logger implementation
SLF4J: See http://www.slf4j.org/codes.html#StaticLoggerBinder for further details.
    [junit] MAJOR: ------------------------------------------------------------
    [junit] MAJOR: Run 40 ordered tests to verify independence
    [junit] MAJOR: ------------------------------------------------------------
    [junit] MAJOR: Preprocessing time: 10.99 seconds
    [junit] MAJOR: ------------------------------------------------------------
    [junit] MAJOR: Mutants generated: 566
    [junit] MAJOR: Mutants covered:   558 (98.59%)
    [junit] MAJOR: ------------------------------------------------------------
    [junit] MAJOR: Export test map to (testMap.csv)
    [junit] MAJOR: Export coverage map to (covMap.csv)
    [junit] MAJOR: Exclude 0 mutants
    [junit] MAJOR: ------------------------------------------------------------
    [junit] MAJOR: Run mutation analysis with 40 individual tests
    [junit] MAJOR: ------------------------------------------------------------
    [junit] MAJOR: 1/40 - org.apache.commons.math.fraction.Fraction_ESTest2 (7ms / 89):
    [junit] MAJOR: 27676 (31 / 89 / 89) -> AVG-RTPM: 310ms
    [junit] MAJOR: Mutants killed / live: 31 (20-11-0) / 527
    [junit] MAJOR: ------------------------------------------------------------
    [junit] MAJOR: 2/40 - org.apache.commons.math.fraction.Fraction_ESTest38 (7ms / 145):
    [junit] MAJOR: 147911 (53 / 145 / 145) -> AVG-RTPM: 829ms
    [junit] MAJOR: Mutants killed / live: 84 (35-64-1) / 474
    [junit] MAJOR: ------------------------------------------------------------
    [junit] MAJOR: 3/40 - org.apache.commons.math.fraction.Fraction_ESTest12 (8ms / 193):
    [junit] MAJOR: 184780 (173 / 193 / 193) -> AVG-RTPM: 191ms
    [junit] MAJOR: Mutants killed / live: 257 (35-257-1) / 301
    [junit] MAJOR: ------------------------------------------------------------
    [junit] MAJOR: 4/40 - org.apache.commons.math.fraction.Fraction_ESTest37 (8ms / 127):
    [junit] MAJOR: 211527 (37 / 127 / 127) -> AVG-RTPM: 210ms
    [junit] MAJOR: Mutants killed / live: 294 (35-384-1) / 264
    [junit] MAJOR: ------------------------------------------------------------
    [junit] MAJOR: 5/40 - org.apache.commons.math.fraction.Fraction_ESTest16 (9ms / 73):
    [junit] MAJOR: 227077 (21 / 73 / 73) -> AVG-RTPM: 213ms
    [junit] MAJOR: Mutants killed / live: 315 (35-457-1) / 243
    [junit] MAJOR: ------------------------------------------------------------
    [junit] MAJOR: 6/40 - org.apache.commons.math.fraction.Fraction_ESTest24 (9ms / 184):
    [junit] MAJOR: 264526 (85 / 184 / 184) -> AVG-RTPM: 203ms
    [junit] MAJOR: Mutants killed / live: 400 (35-641-1) / 158
    [junit] MAJOR: ------------------------------------------------------------
    [junit] MAJOR: 7/40 - org.apache.commons.math.fraction.Fraction_ESTest32 (9ms / 84):
    [junit] MAJOR: 283328 (0 / 84 / 84) -> AVG-RTPM: 223ms
    [junit] MAJOR: Mutants killed / live: 400 (35-725-1) / 158
    [junit] MAJOR: ------------------------------------------------------------
    [junit] MAJOR: 8/40 - org.apache.commons.math.fraction.Fraction_ESTest33 (9ms / 55):
    [junit] MAJOR: 295550 (0 / 55 / 55) -> AVG-RTPM: 222ms
    [junit] MAJOR: Mutants killed / live: 400 (35-780-1) / 158
    [junit] MAJOR: ------------------------------------------------------------
    [junit] MAJOR: 9/40 - org.apache.commons.math.fraction.Fraction_ESTest5 (9ms / 74):
    [junit] MAJOR: 312317 (22 / 74 / 74) -> AVG-RTPM: 226ms
    [junit] MAJOR: Mutants killed / live: 422 (35-854-1) / 136
    [junit] MAJOR: ------------------------------------------------------------
    [junit] MAJOR: 10/40 - org.apache.commons.math.fraction.Fraction_ESTest27 (10ms / 67):
    [junit] MAJOR: 325559 (8 / 67 / 67) -> AVG-RTPM: 197ms
    [junit] MAJOR: Mutants killed / live: 430 (35-921-1) / 128
    [junit] MAJOR: ------------------------------------------------------------
    [junit] MAJOR: 11/40 - org.apache.commons.math.fraction.Fraction_ESTest3 (10ms / 56):
    [junit] MAJOR: 337932 (0 / 56 / 56) -> AVG-RTPM: 220ms
    [junit] MAJOR: Mutants killed / live: 430 (35-977-1) / 128
    [junit] MAJOR: ------------------------------------------------------------
    [junit] MAJOR: 12/40 - org.apache.commons.math.fraction.Fraction_ESTest30 (10ms / 55):
    [junit] MAJOR: 349547 (0 / 55 / 55) -> AVG-RTPM: 211ms
    [junit] MAJOR: Mutants killed / live: 430 (35-1032-1) / 128
    [junit] MAJOR: ------------------------------------------------------------
    [junit] MAJOR: 13/40 - org.apache.commons.math.fraction.Fraction_ESTest36 (10ms / 70):
    [junit] MAJOR: 364743 (0 / 70 / 70) -> AVG-RTPM: 217ms
    [junit] MAJOR: Mutants killed / live: 430 (35-1102-1) / 128
    [junit] MAJOR: ------------------------------------------------------------
    [junit] MAJOR: 14/40 - org.apache.commons.math.fraction.Fraction_ESTest4 (10ms / 56):
    [junit] MAJOR: 377044 (0 / 56 / 56) -> AVG-RTPM: 219ms
    [junit] MAJOR: Mutants killed / live: 430 (35-1158-1) / 128
    [junit] MAJOR: ------------------------------------------------------------
    [junit] MAJOR: 15/40 - org.apache.commons.math.fraction.Fraction_ESTest6 (10ms / 56):
    [junit] MAJOR: 390086 (0 / 56 / 56) -> AVG-RTPM: 232ms
    [junit] MAJOR: Mutants killed / live: 430 (35-1214-1) / 128
    [junit] MAJOR: ------------------------------------------------------------
    [junit] MAJOR: 16/40 - org.apache.commons.math.fraction.Fraction_ESTest17 (11ms / 65):
    [junit] MAJOR: 403977 (9 / 65 / 65) -> AVG-RTPM: 213ms
    [junit] MAJOR: Mutants killed / live: 439 (35-1279-1) / 119
    [junit] MAJOR: ------------------------------------------------------------
    [junit] MAJOR: 17/40 - org.apache.commons.math.fraction.Fraction_ESTest18 (11ms / 76):
    [junit] MAJOR: 425277 (24 / 76 / 76) -> AVG-RTPM: 280ms
    [junit] MAJOR: Mutants killed / live: 463 (35-1355-1) / 95
    [junit] MAJOR: ------------------------------------------------------------
    [junit] MAJOR: 18/40 - org.apache.commons.math.fraction.Fraction_ESTest21 (11ms / 72):
    [junit] MAJOR: 443837 (0 / 72 / 72) -> AVG-RTPM: 257ms
    [junit] MAJOR: Mutants killed / live: 463 (35-1427-1) / 95
    [junit] MAJOR: ------------------------------------------------------------
    [junit] MAJOR: 19/40 - org.apache.commons.math.fraction.Fraction_ESTest28 (11ms / 273):
    [junit] MAJOR: 508321 (68 / 273 / 273) -> AVG-RTPM: 236ms
    [junit] MAJOR: Mutants killed / live: 531 (35-1700-1) / 27
    [junit] MAJOR: ------------------------------------------------------------
    [junit] MAJOR: 20/40 - org.apache.commons.math.fraction.Fraction_ESTest19 (12ms / 69):
    [junit] MAJOR: 523599 (2 / 69 / 69) -> AVG-RTPM: 221ms
    [junit] MAJOR: Mutants killed / live: 533 (35-1769-1) / 25
    [junit] MAJOR: ------------------------------------------------------------
    [junit] MAJOR: 21/40 - org.apache.commons.math.fraction.Fraction_ESTest22 (12ms / 59):
    [junit] MAJOR: 538275 (1 / 59 / 59) -> AVG-RTPM: 248ms
    [junit] MAJOR: Mutants killed / live: 534 (35-1828-1) / 24
    [junit] MAJOR: ------------------------------------------------------------
    [junit] MAJOR: 22/40 - org.apache.commons.math.fraction.Fraction_ESTest23 (12ms / 88):
    [junit] MAJOR: 562168 (9 / 88 / 88) -> AVG-RTPM: 271ms
    [junit] MAJOR: Mutants killed / live: 543 (35-1916-1) / 15
    [junit] MAJOR: ------------------------------------------------------------
    [junit] MAJOR: 23/40 - org.apache.commons.math.fraction.Fraction_ESTest29 (12ms / 304):
    [junit] MAJOR: 625945 (0 / 304 / 304) -> AVG-RTPM: 209ms
    [junit] MAJOR: Mutants killed / live: 543 (35-2220-1) / 15
    [junit] MAJOR: ------------------------------------------------------------
    [junit] MAJOR: 24/40 - org.apache.commons.math.fraction.Fraction_ESTest39 (12ms / 107):
    [junit] MAJOR: 647409 (0 / 107 / 107) -> AVG-RTPM: 200ms
    [junit] MAJOR: Mutants killed / live: 543 (35-2327-1) / 15
    [junit] MAJOR: ------------------------------------------------------------
    [junit] MAJOR: 25/40 - org.apache.commons.math.fraction.Fraction_ESTest14 (13ms / 85):
    [junit] MAJOR: 666699 (6 / 85 / 85) -> AVG-RTPM: 226ms
    [junit] MAJOR: Mutants killed / live: 549 (35-2412-1) / 9
    [junit] MAJOR: ------------------------------------------------------------
    [junit] MAJOR: 26/40 - org.apache.commons.math.fraction.Fraction_ESTest31 (13ms / 135):
    [junit] MAJOR: 695150 (1 / 135 / 135) -> AVG-RTPM: 210ms
    [junit] MAJOR: Mutants killed / live: 550 (35-2547-1) / 8
    [junit] MAJOR: ------------------------------------------------------------
    [junit] MAJOR: 27/40 - org.apache.commons.math.fraction.Fraction_ESTest34 (13ms / 64):
    [junit] MAJOR: 707950 (0 / 64 / 64) -> AVG-RTPM: 200ms
    [junit] MAJOR: Mutants killed / live: 550 (35-2611-1) / 8
    [junit] MAJOR: ------------------------------------------------------------
    [junit] MAJOR: 28/40 - org.apache.commons.math.fraction.Fraction_ESTest1 (14ms / 89):
    [junit] MAJOR: 726461 (0 / 89 / 89) -> AVG-RTPM: 207ms
    [junit] MAJOR: Mutants killed / live: 550 (35-2700-1) / 8
    [junit] MAJOR: ------------------------------------------------------------
    [junit] MAJOR: 29/40 - org.apache.commons.math.fraction.Fraction_ESTest7 (15ms / 65):
    [junit] MAJOR: 739990 (2 / 65 / 65) -> AVG-RTPM: 208ms
    [junit] MAJOR: Mutants killed / live: 552 (35-2765-1) / 6
    [junit] MAJOR: ------------------------------------------------------------
    [junit] MAJOR: 30/40 - org.apache.commons.math.fraction.Fraction_ESTest9 (15ms / 126):
    [junit] MAJOR: 765952 (0 / 126 / 126) -> AVG-RTPM: 206ms
    [junit] MAJOR: Mutants killed / live: 552 (35-2891-1) / 6
    [junit] MAJOR: ------------------------------------------------------------
    [junit] MAJOR: 31/40 - org.apache.commons.math.fraction.Fraction_ESTest20 (16ms / 106):
    [junit] MAJOR: 787533 (4 / 106 / 106) -> AVG-RTPM: 203ms
    [junit] MAJOR: Mutants killed / live: 556 (35-2997-1) / 2
    [junit] MAJOR: ------------------------------------------------------------
    [junit] MAJOR: 32/40 - org.apache.commons.math.fraction.Fraction_ESTest25 (16ms / 68):
    [junit] MAJOR: 803321 (0 / 68 / 68) -> AVG-RTPM: 232ms
    [junit] MAJOR: Mutants killed / live: 556 (35-3065-1) / 2
    [junit] MAJOR: ------------------------------------------------------------
    [junit] MAJOR: 33/40 - org.apache.commons.math.fraction.Fraction_ESTest26 (16ms / 56):
    [junit] MAJOR: 816488 (0 / 56 / 56) -> AVG-RTPM: 235ms
    [junit] MAJOR: Mutants killed / live: 556 (35-3121-1) / 2
    [junit] MAJOR: ------------------------------------------------------------
    [junit] MAJOR: 34/40 - org.apache.commons.math.fraction.Fraction_ESTest35 (16ms / 61):
    [junit] MAJOR: 829587 (0 / 61 / 61) -> AVG-RTPM: 214ms
    [junit] MAJOR: Mutants killed / live: 556 (35-3182-1) / 2
    [junit] MAJOR: ------------------------------------------------------------
    [junit] MAJOR: 35/40 - org.apache.commons.math.fraction.Fraction_ESTest13 (17ms / 52):
    [junit] MAJOR: 840757 (0 / 52 / 52) -> AVG-RTPM: 214ms
    [junit] MAJOR: Mutants killed / live: 556 (35-3234-1) / 2
    [junit] MAJOR: ------------------------------------------------------------
    [junit] MAJOR: 36/40 - org.apache.commons.math.fraction.Fraction_ESTest15 (17ms / 66):
    [junit] MAJOR: 854700 (0 / 66 / 66) -> AVG-RTPM: 211ms
    [junit] MAJOR: Mutants killed / live: 556 (35-3300-1) / 2
    [junit] MAJOR: ------------------------------------------------------------
    [junit] MAJOR: 37/40 - org.apache.commons.math.fraction.Fraction_ESTest11 (18ms / 167):
    [junit] MAJOR: 893457 (0 / 167 / 167) -> AVG-RTPM: 232ms
    [junit] MAJOR: Mutants killed / live: 556 (35-3467-1) / 2
    [junit] MAJOR: ------------------------------------------------------------
    [junit] MAJOR: 38/40 - org.apache.commons.math.fraction.Fraction_ESTest0 (19ms / 273):
    [junit] MAJOR: 951595 (0 / 273 / 273) -> AVG-RTPM: 212ms
    [junit] MAJOR: Mutants killed / live: 556 (35-3740-1) / 2
    [junit] MAJOR: ------------------------------------------------------------
    [junit] MAJOR: 39/40 - org.apache.commons.math.fraction.Fraction_ESTest8 (20ms / 76):
    [junit] MAJOR: 967515 (2 / 76 / 76) -> AVG-RTPM: 209ms
    [junit] MAJOR: Mutants killed / live: 558 (35-3816-1) / 0
    [junit] MAJOR: ------------------------------------------------------------
    [junit] MAJOR: 40/40 - org.apache.commons.math.fraction.Fraction_ESTest10 (25ms / 133):
    [junit] MAJOR: 995983 (0 / 133 / 133) -> AVG-RTPM: 214ms
    [junit] MAJOR: Mutants killed / live: 558 (35-3949-1) / 0
    [junit] MAJOR: ------------------------------------------------------------
    [junit] MAJOR: Summary:
    [junit] MAJOR: 
    [junit] MAJOR: Analysis time:  996.0 seconds
    [junit] MAJOR: Mutation score: 98.59% (100.00%)
    [junit] MAJOR: Mutants killed / live: 558 (35-3949-1) / 0
    [junit] MAJOR: Mutant executions: 4119
    [junit] MAJOR: ------------------------------------------------------------
    [junit] MAJOR: Export summary of results (to summary.csv)
    [junit] MAJOR: Export mutant kill details (to /tmp/run_mutation.pl_86087_1501571980/91f/kill.csv)
    [junit] MAJOR: Export kill map (to killMap.csv)!

BUILD SUCCESSFUL
Total time: 16 minutes 56 seconds
