
init:

junit-present:

get-deps:

compile:
    [javac] /tmp/run_mutation.pl_35793_1501584277/96f/build.xml:46: warning: 'includeantruntime' was not set, defaulting to build.sysclasspath=last; set to false for repeatable builds

compile-tests:
    [mkdir] Created dir: /tmp/run_mutation.pl_35793_1501584277/96f/target/test-classes
    [javac] /tmp/run_mutation.pl_35793_1501584277/96f/build.xml:123: warning: 'includeantruntime' was not set, defaulting to build.sysclasspath=last; set to false for repeatable builds
    [javac] Compiling 182 source files to /tmp/run_mutation.pl_35793_1501584277/96f/target/test-classes
    [javac] /tmp/run_mutation.pl_35793_1501584277/96f/src/test/org/apache/commons/math/TestUtils.java:26: warning: [deprecation] Assert in junit.framework has been deprecated
    [javac] import junit.framework.Assert;
    [javac]                       ^
    [javac] /tmp/run_mutation.pl_35793_1501584277/96f/src/test/org/apache/commons/math/TestUtils.java:58: warning: [deprecation] Assert in junit.framework has been deprecated
    [javac]             Assert.assertTrue("" + actual + " is not NaN.",
    [javac]             ^
    [javac] /tmp/run_mutation.pl_35793_1501584277/96f/src/test/org/apache/commons/math/TestUtils.java:61: warning: [deprecation] Assert in junit.framework has been deprecated
    [javac]             Assert.assertEquals(msg, expected, actual, delta);
    [javac]             ^
    [javac] /tmp/run_mutation.pl_35793_1501584277/96f/src/test/org/apache/commons/math/TestUtils.java:95: warning: [deprecation] Assert in junit.framework has been deprecated
    [javac]         Assert.assertEquals(a.length, b.length);
    [javac]         ^
    [javac] /tmp/run_mutation.pl_35793_1501584277/96f/src/test/org/apache/commons/math/TestUtils.java:97: warning: [deprecation] Assert in junit.framework has been deprecated
    [javac]             Assert.assertEquals(a[i], b[i], tolerance);
    [javac]             ^
    [javac] /tmp/run_mutation.pl_35793_1501584277/96f/src/test/org/apache/commons/math/TestUtils.java:134: warning: [deprecation] Assert in junit.framework has been deprecated
    [javac]         Assert.assertEquals("Equals check", object, object2);
    [javac]         ^
    [javac] /tmp/run_mutation.pl_35793_1501584277/96f/src/test/org/apache/commons/math/TestUtils.java:135: warning: [deprecation] Assert in junit.framework has been deprecated
    [javac]         Assert.assertEquals("HashCode check", object.hashCode(), object2.hashCode());
    [javac]         ^
    [javac] /tmp/run_mutation.pl_35793_1501584277/96f/src/test/org/apache/commons/math/TestUtils.java:165: warning: [deprecation] Assert in junit.framework has been deprecated
    [javac]             Assert.assertTrue(msg, Double.isNaN(actual));
    [javac]             ^
    [javac] /tmp/run_mutation.pl_35793_1501584277/96f/src/test/org/apache/commons/math/TestUtils.java:167: warning: [deprecation] Assert in junit.framework has been deprecated
    [javac]             Assert.assertTrue(msg, Double.isNaN(expected));
    [javac]             ^
    [javac] /tmp/run_mutation.pl_35793_1501584277/96f/src/test/org/apache/commons/math/TestUtils.java:169: warning: [deprecation] Assert in junit.framework has been deprecated
    [javac]             Assert.assertEquals(expected, actual, relativeError);
    [javac]             ^
    [javac] /tmp/run_mutation.pl_35793_1501584277/96f/src/test/org/apache/commons/math/TestUtils.java:171: warning: [deprecation] Assert in junit.framework has been deprecated
    [javac]             Assert.assertEquals(msg, actual, expected, relativeError);
    [javac]             ^
    [javac] /tmp/run_mutation.pl_35793_1501584277/96f/src/test/org/apache/commons/math/TestUtils.java:174: warning: [deprecation] Assert in junit.framework has been deprecated
    [javac]             Assert.assertEquals(msg, 0.0, x, relativeError);
    [javac]             ^
    [javac] /tmp/run_mutation.pl_35793_1501584277/96f/src/test/org/apache/commons/math/TestUtils.java:200: warning: [deprecation] Assert in junit.framework has been deprecated
    [javac]             Assert.fail(msg + 
    [javac]             ^
    [javac] /tmp/run_mutation.pl_35793_1501584277/96f/src/test/org/apache/commons/math/TestUtils.java:239: warning: [deprecation] Assert in junit.framework has been deprecated
    [javac]             Assert.fail(msg + " Unable to find" + x);
    [javac]             ^
    [javac] 14 warnings
     [copy] Copying 12 files to /tmp/run_mutation.pl_35793_1501584277/96f/target/test-classes

compile.tests:

update.all.tests:

mutation.test:
     [echo] Running mutation analysis ...
    [junit] MAJOR: Mutation analysis enabled
SLF4J: Failed to load class "org.slf4j.impl.StaticLoggerBinder".
SLF4J: Defaulting to no-operation (NOP) logger implementation
SLF4J: See http://www.slf4j.org/codes.html#StaticLoggerBinder for further details.
    [junit] MAJOR: ------------------------------------------------------------
    [junit] MAJOR: Run 36 ordered tests to verify independence
    [junit] MAJOR: ------------------------------------------------------------
    [junit] MAJOR: Preprocessing time: 9.24 seconds
    [junit] MAJOR: ------------------------------------------------------------
    [junit] MAJOR: Mutants generated: 581
    [junit] MAJOR: Mutants covered:   562 (96.73%)
    [junit] MAJOR: ------------------------------------------------------------
    [junit] MAJOR: Export test map to (testMap.csv)
    [junit] MAJOR: Export coverage map to (covMap.csv)
    [junit] MAJOR: Exclude 0 mutants
    [junit] MAJOR: ------------------------------------------------------------
    [junit] MAJOR: Run mutation analysis with 36 individual tests
    [junit] MAJOR: ------------------------------------------------------------
    [junit] MAJOR: 1/36 - org.apache.commons.math.complex.Complex_ESTest33 (7ms / 31):
    [junit] MAJOR: 5724 (5 / 31 / 31) -> AVG-RTPM: 184ms
    [junit] MAJOR: Mutants killed / live: 5 (5-0-0) / 557
    [junit] MAJOR: ------------------------------------------------------------
    [junit] MAJOR: 2/36 - org.apache.commons.math.complex.Complex_ESTest5 (7ms / 36):
    [junit] MAJOR: 16224 (0 / 36 / 36) -> AVG-RTPM: 291ms
    [junit] MAJOR: Mutants killed / live: 5 (10-0-0) / 557
    [junit] MAJOR: ------------------------------------------------------------
    [junit] MAJOR: 3/36 - org.apache.commons.math.complex.Complex_ESTest22 (8ms / 26):
    [junit] MAJOR: 26440 (0 / 26 / 26) -> AVG-RTPM: 392ms
    [junit] MAJOR: Mutants killed / live: 5 (12-0-0) / 557
    [junit] MAJOR: ------------------------------------------------------------
    [junit] MAJOR: 4/36 - org.apache.commons.math.complex.Complex_ESTest24 (8ms / 31):
    [junit] MAJOR: 42079 (0 / 31 / 31) -> AVG-RTPM: 504ms
    [junit] MAJOR: Mutants killed / live: 5 (17-0-0) / 557
    [junit] MAJOR: ------------------------------------------------------------
    [junit] MAJOR: 5/36 - org.apache.commons.math.complex.Complex_ESTest35 (8ms / 31):
    [junit] MAJOR: 59702 (1 / 31 / 31) -> AVG-RTPM: 568ms
    [junit] MAJOR: Mutants killed / live: 6 (22-0-0) / 556
    [junit] MAJOR: ------------------------------------------------------------
    [junit] MAJOR: 6/36 - org.apache.commons.math.complex.Complex_ESTest4 (8ms / 26):
    [junit] MAJOR: 79560 (0 / 26 / 26) -> AVG-RTPM: 763ms
    [junit] MAJOR: Mutants killed / live: 6 (24-0-0) / 556
    [junit] MAJOR: ------------------------------------------------------------
    [junit] MAJOR: 7/36 - org.apache.commons.math.complex.Complex_ESTest8 (8ms / 254):
    [junit] MAJOR: 237157 (216 / 254 / 254) -> AVG-RTPM: 620ms
    [junit] MAJOR: Mutants killed / live: 222 (77-165-2) / 340
    [junit] MAJOR: ------------------------------------------------------------
    [junit] MAJOR: 8/36 - org.apache.commons.math.complex.Complex_ESTest31 (9ms / 29):
    [junit] MAJOR: 244864 (15 / 29 / 29) -> AVG-RTPM: 265ms
    [junit] MAJOR: Mutants killed / live: 237 (77-194-2) / 325
    [junit] MAJOR: ------------------------------------------------------------
    [junit] MAJOR: 9/36 - org.apache.commons.math.complex.Complex_ESTest27 (10ms / 117):
    [junit] MAJOR: 278605 (84 / 117 / 117) -> AVG-RTPM: 288ms
    [junit] MAJOR: Mutants killed / live: 321 (77-311-2) / 241
    [junit] MAJOR: ------------------------------------------------------------
    [junit] MAJOR: 10/36 - org.apache.commons.math.complex.Complex_ESTest6 (10ms / 290):
    [junit] MAJOR: 355030 (78 / 290 / 290) -> AVG-RTPM: 263ms
    [junit] MAJOR: Mutants killed / live: 399 (77-601-2) / 163
    [junit] MAJOR: ------------------------------------------------------------
    [junit] MAJOR: 11/36 - org.apache.commons.math.complex.Complex_ESTest7 (10ms / 115):
    [junit] MAJOR: 384988 (11 / 115 / 115) -> AVG-RTPM: 260ms
    [junit] MAJOR: Mutants killed / live: 410 (77-716-2) / 152
    [junit] MAJOR: ------------------------------------------------------------
    [junit] MAJOR: 12/36 - org.apache.commons.math.complex.Complex_ESTest9 (10ms / 19):
    [junit] MAJOR: 389704 (1 / 19 / 19) -> AVG-RTPM: 248ms
    [junit] MAJOR: Mutants killed / live: 411 (77-735-2) / 151
    [junit] MAJOR: ------------------------------------------------------------
    [junit] MAJOR: 13/36 - org.apache.commons.math.complex.Complex_ESTest1 (11ms / 21):
    [junit] MAJOR: 395128 (0 / 21 / 21) -> AVG-RTPM: 258ms
    [junit] MAJOR: Mutants killed / live: 411 (77-756-2) / 151
    [junit] MAJOR: ------------------------------------------------------------
    [junit] MAJOR: 14/36 - org.apache.commons.math.complex.Complex_ESTest25 (11ms / 169):
    [junit] MAJOR: 439381 (16 / 169 / 169) -> AVG-RTPM: 261ms
    [junit] MAJOR: Mutants killed / live: 427 (77-925-2) / 135
    [junit] MAJOR: ------------------------------------------------------------
    [junit] MAJOR: 15/36 - org.apache.commons.math.complex.Complex_ESTest3 (11ms / 31):
    [junit] MAJOR: 447426 (9 / 31 / 31) -> AVG-RTPM: 259ms
    [junit] MAJOR: Mutants killed / live: 436 (77-956-2) / 126
    [junit] MAJOR: ------------------------------------------------------------
    [junit] MAJOR: 16/36 - org.apache.commons.math.complex.Complex_ESTest30 (11ms / 15):
    [junit] MAJOR: 451541 (3 / 15 / 15) -> AVG-RTPM: 274ms
    [junit] MAJOR: Mutants killed / live: 439 (77-971-2) / 123
    [junit] MAJOR: ------------------------------------------------------------
    [junit] MAJOR: 17/36 - org.apache.commons.math.complex.Complex_ESTest34 (11ms / 31):
    [junit] MAJOR: 459488 (2 / 31 / 31) -> AVG-RTPM: 256ms
    [junit] MAJOR: Mutants killed / live: 441 (77-1002-2) / 121
    [junit] MAJOR: ------------------------------------------------------------
    [junit] MAJOR: 18/36 - org.apache.commons.math.complex.Complex_ESTest18 (12ms / 135):
    [junit] MAJOR: 495388 (0 / 135 / 135) -> AVG-RTPM: 265ms
    [junit] MAJOR: Mutants killed / live: 441 (77-1137-2) / 121
    [junit] MAJOR: ------------------------------------------------------------
    [junit] MAJOR: 19/36 - org.apache.commons.math.complex.Complex_ESTest2 (12ms / 127):
    [junit] MAJOR: 528904 (19 / 127 / 127) -> AVG-RTPM: 263ms
    [junit] MAJOR: Mutants killed / live: 460 (77-1264-2) / 102
    [junit] MAJOR: ------------------------------------------------------------
    [junit] MAJOR: 20/36 - org.apache.commons.math.complex.Complex_ESTest20 (12ms / 47):
    [junit] MAJOR: 541374 (0 / 47 / 47) -> AVG-RTPM: 265ms
    [junit] MAJOR: Mutants killed / live: 460 (77-1311-2) / 102
    [junit] MAJOR: ------------------------------------------------------------
    [junit] MAJOR: 21/36 - org.apache.commons.math.complex.Complex_ESTest21 (12ms / 31):
    [junit] MAJOR: 549680 (0 / 31 / 31) -> AVG-RTPM: 267ms
    [junit] MAJOR: Mutants killed / live: 460 (77-1342-2) / 102
    [junit] MAJOR: ------------------------------------------------------------
    [junit] MAJOR: 22/36 - org.apache.commons.math.complex.Complex_ESTest23 (12ms / 206):
    [junit] MAJOR: 604335 (0 / 206 / 206) -> AVG-RTPM: 265ms
    [junit] MAJOR: Mutants killed / live: 460 (77-1548-2) / 102
    [junit] MAJOR: ------------------------------------------------------------
    [junit] MAJOR: 23/36 - org.apache.commons.math.complex.Complex_ESTest28 (12ms / 29):
    [junit] MAJOR: 611854 (0 / 29 / 29) -> AVG-RTPM: 259ms
    [junit] MAJOR: Mutants killed / live: 460 (77-1577-2) / 102
    [junit] MAJOR: ------------------------------------------------------------
    [junit] MAJOR: 24/36 - org.apache.commons.math.complex.Complex_ESTest29 (12ms / 96):
    [junit] MAJOR: 638222 (10 / 96 / 96) -> AVG-RTPM: 274ms
    [junit] MAJOR: Mutants killed / live: 470 (77-1673-2) / 92
    [junit] MAJOR: ------------------------------------------------------------
    [junit] MAJOR: 25/36 - org.apache.commons.math.complex.Complex_ESTest32 (12ms / 21):
    [junit] MAJOR: 644059 (0 / 21 / 21) -> AVG-RTPM: 277ms
    [junit] MAJOR: Mutants killed / live: 470 (77-1694-2) / 92
    [junit] MAJOR: ------------------------------------------------------------
    [junit] MAJOR: 26/36 - org.apache.commons.math.complex.Complex_ESTest11 (13ms / 48):
    [junit] MAJOR: 656483 (0 / 48 / 48) -> AVG-RTPM: 258ms
    [junit] MAJOR: Mutants killed / live: 470 (77-1742-2) / 92
    [junit] MAJOR: ------------------------------------------------------------
    [junit] MAJOR: 27/36 - org.apache.commons.math.complex.Complex_ESTest12 (13ms / 37):
    [junit] MAJOR: 666085 (18 / 37 / 37) -> AVG-RTPM: 259ms
    [junit] MAJOR: Mutants killed / live: 488 (77-1779-2) / 74
    [junit] MAJOR: ------------------------------------------------------------
    [junit] MAJOR: 28/36 - org.apache.commons.math.complex.Complex_ESTest14 (13ms / 59):
    [junit] MAJOR: 681730 (9 / 59 / 59) -> AVG-RTPM: 265ms
    [junit] MAJOR: Mutants killed / live: 497 (77-1838-2) / 65
    [junit] MAJOR: ------------------------------------------------------------
    [junit] MAJOR: 29/36 - org.apache.commons.math.complex.Complex_ESTest15 (13ms / 63):
    [junit] MAJOR: 698431 (26 / 63 / 63) -> AVG-RTPM: 265ms
    [junit] MAJOR: Mutants killed / live: 523 (77-1901-2) / 39
    [junit] MAJOR: ------------------------------------------------------------
    [junit] MAJOR: 30/36 - org.apache.commons.math.complex.Complex_ESTest17 (13ms / 60):
    [junit] MAJOR: 714598 (0 / 60 / 60) -> AVG-RTPM: 269ms
    [junit] MAJOR: Mutants killed / live: 523 (77-1961-2) / 39
    [junit] MAJOR: ------------------------------------------------------------
    [junit] MAJOR: 31/36 - org.apache.commons.math.complex.Complex_ESTest19 (13ms / 114):
    [junit] MAJOR: 744657 (0 / 114 / 114) -> AVG-RTPM: 263ms
    [junit] MAJOR: Mutants killed / live: 523 (77-2075-2) / 39
    [junit] MAJOR: ------------------------------------------------------------
    [junit] MAJOR: 32/36 - org.apache.commons.math.complex.Complex_ESTest26 (13ms / 47):
    [junit] MAJOR: 756761 (24 / 47 / 47) -> AVG-RTPM: 257ms
    [junit] MAJOR: Mutants killed / live: 547 (77-2122-2) / 15
    [junit] MAJOR: ------------------------------------------------------------
    [junit] MAJOR: 33/36 - org.apache.commons.math.complex.Complex_ESTest13 (17ms / 67):
    [junit] MAJOR: 774577 (2 / 67 / 67) -> AVG-RTPM: 265ms
    [junit] MAJOR: Mutants killed / live: 549 (77-2189-2) / 13
    [junit] MAJOR: ------------------------------------------------------------
    [junit] MAJOR: 34/36 - org.apache.commons.math.complex.Complex_ESTest0 (22ms / 205):
    [junit] MAJOR: 831603 (0 / 205 / 205) -> AVG-RTPM: 278ms
    [junit] MAJOR: Mutants killed / live: 549 (77-2394-2) / 13
    [junit] MAJOR: ------------------------------------------------------------
    [junit] MAJOR: 35/36 - org.apache.commons.math.complex.Complex_ESTest16 (25ms / 80):
    [junit] MAJOR: 853620 (0 / 80 / 80) -> AVG-RTPM: 275ms
    [junit] MAJOR: Mutants killed / live: 549 (77-2474-2) / 13
    [junit] MAJOR: ------------------------------------------------------------
    [junit] MAJOR: 36/36 - org.apache.commons.math.complex.Complex_ESTest10 (36ms / 79):
    [junit] MAJOR: 874695 (4 / 79 / 79) -> AVG-RTPM: 266ms
    [junit] MAJOR: Mutants killed / live: 553 (77-2553-2) / 9
    [junit] MAJOR: ------------------------------------------------------------
    [junit] MAJOR: Summary:
    [junit] MAJOR: 
    [junit] MAJOR: Analysis time:  874.7 seconds
    [junit] MAJOR: Mutation score: 95.18% (98.40%)
    [junit] MAJOR: Mutants killed / live: 553 (77-2553-2) / 9
    [junit] MAJOR: Mutant executions: 2823
    [junit] MAJOR: ------------------------------------------------------------
    [junit] MAJOR: Export summary of results (to summary.csv)
    [junit] MAJOR: Export mutant kill details (to /tmp/run_mutation.pl_35793_1501584277/96f/kill.csv)
    [junit] MAJOR: Export kill map (to killMap.csv)!

BUILD SUCCESSFUL
Total time: 14 minutes 51 seconds
