
initialise:

compile:
    [javac] /home/donghwan/defects4j/framework/projects/Chart/Chart.build.xml:56: warning: 'includeantruntime' was not set, defaulting to build.sysclasspath=last; set to false for repeatable builds

compile-experimental:
    [javac] /home/donghwan/defects4j/framework/projects/Chart/Chart.build.xml:105: warning: 'includeantruntime' was not set, defaulting to build.sysclasspath=last; set to false for repeatable builds
    [javac] Compiling 4 source files to /tmp/run_mutation.pl_64289_1500883037/16f/build
    [javac] warning: [options] bootstrap class path not set in conjunction with -source 1.4
    [javac] 1 warning

compile.tests:
    [mkdir] Created dir: /tmp/run_mutation.pl_64289_1500883037/16f/build-tests
    [javac] /home/donghwan/defects4j/framework/projects/Chart/Chart.build.xml:122: warning: 'includeantruntime' was not set, defaulting to build.sysclasspath=last; set to false for repeatable builds
    [javac] Compiling 353 source files to /tmp/run_mutation.pl_64289_1500883037/16f/build-tests
    [javac] warning: [options] bootstrap class path not set in conjunction with -source 1.4
    [javac] Note: /tmp/run_mutation.pl_64289_1500883037/16f/tests/org/jfree/chart/axis/junit/SegmentedTimelineTests.java uses or overrides a deprecated API.
    [javac] Note: Recompile with -Xlint:deprecation for details.
    [javac] 1 warning

update.all.tests:

mutation.test:
     [echo] Running mutation analysis ...
    [junit] MAJOR: Mutation analysis enabled
SLF4J: Failed to load class "org.slf4j.impl.StaticLoggerBinder".
SLF4J: Defaulting to no-operation (NOP) logger implementation
SLF4J: See http://www.slf4j.org/codes.html#StaticLoggerBinder for further details.
    [junit] MAJOR: ------------------------------------------------------------
    [junit] MAJOR: Run 51 ordered tests to verify independence
    [junit] MAJOR: ------------------------------------------------------------
    [junit] MAJOR: Preprocessing time: 17.80 seconds
    [junit] MAJOR: ------------------------------------------------------------
    [junit] MAJOR: Mutants generated: 527
    [junit] MAJOR: Mutants covered:   506 (96.02%)
    [junit] MAJOR: ------------------------------------------------------------
    [junit] MAJOR: Export test map to (testMap.csv)
    [junit] MAJOR: Export coverage map to (covMap.csv)
    [junit] MAJOR: Exclude 0 mutants
    [junit] MAJOR: ------------------------------------------------------------
    [junit] MAJOR: Run mutation analysis with 51 individual tests
    [junit] MAJOR: ------------------------------------------------------------
    [junit] MAJOR: 1/51 - org.jfree.data.category.DefaultIntervalCategoryDataset_ESTest40 (8ms / 31):
    [junit] MAJOR: 12345 (15 / 31 / 31) -> AVG-RTPM: 398ms
    [junit] MAJOR: Mutants killed / live: 15 (0-15-0) / 491
    [junit] MAJOR: ------------------------------------------------------------
    [junit] MAJOR: 2/51 - org.jfree.data.category.DefaultIntervalCategoryDataset_ESTest29 (9ms / 82):
    [junit] MAJOR: 78330 (25 / 82 / 82) -> AVG-RTPM: 804ms
    [junit] MAJOR: Mutants killed / live: 40 (0-40-0) / 466
    [junit] MAJOR: ------------------------------------------------------------
    [junit] MAJOR: 3/51 - org.jfree.data.category.DefaultIntervalCategoryDataset_ESTest31 (9ms / 95):
    [junit] MAJOR: 250236 (0 / 95 / 95) -> AVG-RTPM: 1809ms
    [junit] MAJOR: Mutants killed / live: 40 (0-57-0) / 466
    [junit] MAJOR: ------------------------------------------------------------
    [junit] MAJOR: 4/51 - org.jfree.data.category.DefaultIntervalCategoryDataset_ESTest33 (9ms / 135):
    [junit] MAJOR: 279556 (103 / 135 / 135) -> AVG-RTPM: 217ms
    [junit] MAJOR: Mutants killed / live: 143 (0-190-1) / 363
    [junit] MAJOR: ------------------------------------------------------------
    [junit] MAJOR: 5/51 - org.jfree.data.category.DefaultIntervalCategoryDataset_ESTest45 (9ms / 69):
    [junit] MAJOR: 291558 (4 / 69 / 69) -> AVG-RTPM: 173ms
    [junit] MAJOR: Mutants killed / live: 147 (0-259-1) / 359
    [junit] MAJOR: ------------------------------------------------------------
    [junit] MAJOR: 6/51 - org.jfree.data.category.DefaultIntervalCategoryDataset_ESTest46 (9ms / 69):
    [junit] MAJOR: 303687 (3 / 69 / 69) -> AVG-RTPM: 175ms
    [junit] MAJOR: Mutants killed / live: 150 (0-328-1) / 356
    [junit] MAJOR: ------------------------------------------------------------
    [junit] MAJOR: 7/51 - org.jfree.data.category.DefaultIntervalCategoryDataset_ESTest48 (9ms / 80):
    [junit] MAJOR: 318313 (14 / 80 / 80) -> AVG-RTPM: 182ms
    [junit] MAJOR: Mutants killed / live: 164 (0-408-1) / 342
    [junit] MAJOR: ------------------------------------------------------------
    [junit] MAJOR: 8/51 - org.jfree.data.category.DefaultIntervalCategoryDataset_ESTest7 (9ms / 66):
    [junit] MAJOR: 330793 (0 / 66 / 66) -> AVG-RTPM: 189ms
    [junit] MAJOR: Mutants killed / live: 164 (0-474-1) / 342
    [junit] MAJOR: ------------------------------------------------------------
    [junit] MAJOR: 9/51 - org.jfree.data.category.DefaultIntervalCategoryDataset_ESTest8 (9ms / 27):
    [junit] MAJOR: 335828 (10 / 27 / 27) -> AVG-RTPM: 186ms
    [junit] MAJOR: Mutants killed / live: 174 (0-501-1) / 332
    [junit] MAJOR: ------------------------------------------------------------
    [junit] MAJOR: 10/51 - org.jfree.data.category.DefaultIntervalCategoryDataset_ESTest2 (10ms / 66):
    [junit] MAJOR: 348528 (0 / 66 / 66) -> AVG-RTPM: 192ms
    [junit] MAJOR: Mutants killed / live: 174 (0-567-1) / 332
    [junit] MAJOR: ------------------------------------------------------------
    [junit] MAJOR: 11/51 - org.jfree.data.category.DefaultIntervalCategoryDataset_ESTest21 (10ms / 69):
    [junit] MAJOR: 361497 (3 / 69 / 69) -> AVG-RTPM: 187ms
    [junit] MAJOR: Mutants killed / live: 177 (0-636-1) / 329
    [junit] MAJOR: ------------------------------------------------------------
    [junit] MAJOR: 12/51 - org.jfree.data.category.DefaultIntervalCategoryDataset_ESTest26 (10ms / 121):
    [junit] MAJOR: 384518 (53 / 121 / 121) -> AVG-RTPM: 190ms
    [junit] MAJOR: Mutants killed / live: 230 (0-757-1) / 276
    [junit] MAJOR: ------------------------------------------------------------
    [junit] MAJOR: 13/51 - org.jfree.data.category.DefaultIntervalCategoryDataset_ESTest27 (10ms / 88):
    [junit] MAJOR: 401161 (0 / 88 / 88) -> AVG-RTPM: 189ms
    [junit] MAJOR: Mutants killed / live: 230 (0-845-1) / 276
    [junit] MAJOR: ------------------------------------------------------------
    [junit] MAJOR: 14/51 - org.jfree.data.category.DefaultIntervalCategoryDataset_ESTest28 (10ms / 88):
    [junit] MAJOR: 417069 (9 / 88 / 88) -> AVG-RTPM: 180ms
    [junit] MAJOR: Mutants killed / live: 239 (0-933-1) / 267
    [junit] MAJOR: ------------------------------------------------------------
    [junit] MAJOR: 15/51 - org.jfree.data.category.DefaultIntervalCategoryDataset_ESTest3 (10ms / 76):
    [junit] MAJOR: 431067 (0 / 76 / 76) -> AVG-RTPM: 184ms
    [junit] MAJOR: Mutants killed / live: 239 (0-1009-1) / 267
    [junit] MAJOR: ------------------------------------------------------------
    [junit] MAJOR: 16/51 - org.jfree.data.category.DefaultIntervalCategoryDataset_ESTest34 (10ms / 121):
    [junit] MAJOR: 453755 (18 / 121 / 121) -> AVG-RTPM: 187ms
    [junit] MAJOR: Mutants killed / live: 257 (0-1130-1) / 249
    [junit] MAJOR: ------------------------------------------------------------
    [junit] MAJOR: 17/51 - org.jfree.data.category.DefaultIntervalCategoryDataset_ESTest35 (10ms / 88):
    [junit] MAJOR: 470466 (0 / 88 / 88) -> AVG-RTPM: 189ms
    [junit] MAJOR: Mutants killed / live: 257 (0-1218-1) / 249
    [junit] MAJOR: ------------------------------------------------------------
    [junit] MAJOR: 18/51 - org.jfree.data.category.DefaultIntervalCategoryDataset_ESTest37 (10ms / 95):
    [junit] MAJOR: 488307 (23 / 95 / 95) -> AVG-RTPM: 187ms
    [junit] MAJOR: Mutants killed / live: 280 (0-1313-1) / 226
    [junit] MAJOR: ------------------------------------------------------------
    [junit] MAJOR: 19/51 - org.jfree.data.category.DefaultIntervalCategoryDataset_ESTest42 (10ms / 101):
    [junit] MAJOR: 507591 (20 / 101 / 101) -> AVG-RTPM: 190ms
    [junit] MAJOR: Mutants killed / live: 300 (0-1414-1) / 206
    [junit] MAJOR: ------------------------------------------------------------
    [junit] MAJOR: 20/51 - org.jfree.data.category.DefaultIntervalCategoryDataset_ESTest47 (10ms / 20):
    [junit] MAJOR: 511289 (0 / 20 / 20) -> AVG-RTPM: 184ms
    [junit] MAJOR: Mutants killed / live: 300 (0-1434-1) / 206
    [junit] MAJOR: ------------------------------------------------------------
    [junit] MAJOR: 21/51 - org.jfree.data.category.DefaultIntervalCategoryDataset_ESTest49 (10ms / 89):
    [junit] MAJOR: 528098 (9 / 89 / 89) -> AVG-RTPM: 188ms
    [junit] MAJOR: Mutants killed / live: 309 (0-1523-1) / 197
    [junit] MAJOR: ------------------------------------------------------------
    [junit] MAJOR: 22/51 - org.jfree.data.category.DefaultIntervalCategoryDataset_ESTest5 (10ms / 89):
    [junit] MAJOR: 544916 (0 / 89 / 89) -> AVG-RTPM: 188ms
    [junit] MAJOR: Mutants killed / live: 309 (0-1612-1) / 197
    [junit] MAJOR: ------------------------------------------------------------
    [junit] MAJOR: 23/51 - org.jfree.data.category.DefaultIntervalCategoryDataset_ESTest6 (10ms / 70):
    [junit] MAJOR: 558328 (4 / 70 / 70) -> AVG-RTPM: 191ms
    [junit] MAJOR: Mutants killed / live: 313 (0-1682-1) / 193
    [junit] MAJOR: ------------------------------------------------------------
    [junit] MAJOR: 24/51 - org.jfree.data.category.DefaultIntervalCategoryDataset_ESTest9 (10ms / 24):
    [junit] MAJOR: 562912 (3 / 24 / 24) -> AVG-RTPM: 191ms
    [junit] MAJOR: Mutants killed / live: 316 (0-1706-1) / 190
    [junit] MAJOR: ------------------------------------------------------------
    [junit] MAJOR: 25/51 - org.jfree.data.category.DefaultIntervalCategoryDataset_ESTest18 (11ms / 95):
    [junit] MAJOR: 580974 (23 / 95 / 95) -> AVG-RTPM: 190ms
    [junit] MAJOR: Mutants killed / live: 339 (0-1801-1) / 167
    [junit] MAJOR: ------------------------------------------------------------
    [junit] MAJOR: 26/51 - org.jfree.data.category.DefaultIntervalCategoryDataset_ESTest20 (11ms / 84):
    [junit] MAJOR: 596935 (9 / 84 / 84) -> AVG-RTPM: 190ms
    [junit] MAJOR: Mutants killed / live: 348 (0-1885-1) / 158
    [junit] MAJOR: ------------------------------------------------------------
    [junit] MAJOR: 27/51 - org.jfree.data.category.DefaultIntervalCategoryDataset_ESTest22 (11ms / 82):
    [junit] MAJOR: 612565 (0 / 82 / 82) -> AVG-RTPM: 190ms
    [junit] MAJOR: Mutants killed / live: 348 (0-1967-1) / 158
    [junit] MAJOR: ------------------------------------------------------------
    [junit] MAJOR: 28/51 - org.jfree.data.category.DefaultIntervalCategoryDataset_ESTest24 (11ms / 118):
    [junit] MAJOR: 635214 (12 / 118 / 118) -> AVG-RTPM: 191ms
    [junit] MAJOR: Mutants killed / live: 360 (0-2085-1) / 146
    [junit] MAJOR: ------------------------------------------------------------
    [junit] MAJOR: 29/51 - org.jfree.data.category.DefaultIntervalCategoryDataset_ESTest25 (11ms / 120):
    [junit] MAJOR: 657779 (2 / 120 / 120) -> AVG-RTPM: 188ms
    [junit] MAJOR: Mutants killed / live: 362 (0-2205-1) / 144
    [junit] MAJOR: ------------------------------------------------------------
    [junit] MAJOR: 30/51 - org.jfree.data.category.DefaultIntervalCategoryDataset_ESTest32 (11ms / 135):
    [junit] MAJOR: 683620 (0 / 135 / 135) -> AVG-RTPM: 191ms
    [junit] MAJOR: Mutants killed / live: 362 (0-2340-1) / 144
    [junit] MAJOR: ------------------------------------------------------------
    [junit] MAJOR: 31/51 - org.jfree.data.category.DefaultIntervalCategoryDataset_ESTest36 (11ms / 82):
    [junit] MAJOR: 699125 (0 / 82 / 82) -> AVG-RTPM: 189ms
    [junit] MAJOR: Mutants killed / live: 362 (0-2422-1) / 144
    [junit] MAJOR: ------------------------------------------------------------
    [junit] MAJOR: 32/51 - org.jfree.data.category.DefaultIntervalCategoryDataset_ESTest38 (11ms / 111):
    [junit] MAJOR: 720367 (16 / 111 / 111) -> AVG-RTPM: 191ms
    [junit] MAJOR: Mutants killed / live: 378 (0-2533-1) / 128
    [junit] MAJOR: ------------------------------------------------------------
    [junit] MAJOR: 33/51 - org.jfree.data.category.DefaultIntervalCategoryDataset_ESTest39 (11ms / 135):
    [junit] MAJOR: 746542 (7 / 135 / 135) -> AVG-RTPM: 193ms
    [junit] MAJOR: Mutants killed / live: 385 (0-2668-1) / 121
    [junit] MAJOR: ------------------------------------------------------------
    [junit] MAJOR: 34/51 - org.jfree.data.category.DefaultIntervalCategoryDataset_ESTest4 (11ms / 135):
    [junit] MAJOR: 772573 (0 / 135 / 135) -> AVG-RTPM: 192ms
    [junit] MAJOR: Mutants killed / live: 385 (0-2803-1) / 121
    [junit] MAJOR: ------------------------------------------------------------
    [junit] MAJOR: 35/51 - org.jfree.data.category.DefaultIntervalCategoryDataset_ESTest41 (11ms / 123):
    [junit] MAJOR: 796562 (9 / 123 / 123) -> AVG-RTPM: 195ms
    [junit] MAJOR: Mutants killed / live: 394 (0-2926-1) / 112
    [junit] MAJOR: ------------------------------------------------------------
    [junit] MAJOR: 36/51 - org.jfree.data.category.DefaultIntervalCategoryDataset_ESTest43 (11ms / 89):
    [junit] MAJOR: 813567 (16 / 89 / 89) -> AVG-RTPM: 191ms
    [junit] MAJOR: Mutants killed / live: 410 (0-3015-1) / 96
    [junit] MAJOR: ------------------------------------------------------------
    [junit] MAJOR: 37/51 - org.jfree.data.category.DefaultIntervalCategoryDataset_ESTest50 (11ms / 70):
    [junit] MAJOR: 826836 (1 / 70 / 70) -> AVG-RTPM: 189ms
    [junit] MAJOR: Mutants killed / live: 411 (0-3085-1) / 95
    [junit] MAJOR: ------------------------------------------------------------
    [junit] MAJOR: 38/51 - org.jfree.data.category.DefaultIntervalCategoryDataset_ESTest16 (12ms / 121):
    [junit] MAJOR: 850303 (9 / 121 / 121) -> AVG-RTPM: 193ms
    [junit] MAJOR: Mutants killed / live: 420 (0-3206-1) / 86
    [junit] MAJOR: ------------------------------------------------------------
    [junit] MAJOR: 39/51 - org.jfree.data.category.DefaultIntervalCategoryDataset_ESTest44 (12ms / 123):
    [junit] MAJOR: 874105 (22 / 123 / 123) -> AVG-RTPM: 193ms
    [junit] MAJOR: Mutants killed / live: 442 (0-3329-1) / 64
    [junit] MAJOR: ------------------------------------------------------------
    [junit] MAJOR: 40/51 - org.jfree.data.category.DefaultIntervalCategoryDataset_ESTest23 (13ms / 69):
    [junit] MAJOR: 887246 (0 / 69 / 69) -> AVG-RTPM: 190ms
    [junit] MAJOR: Mutants killed / live: 442 (0-3398-1) / 64
    [junit] MAJOR: ------------------------------------------------------------
    [junit] MAJOR: 41/51 - org.jfree.data.category.DefaultIntervalCategoryDataset_ESTest1 (14ms / 79):
    [junit] MAJOR: 902556 (0 / 79 / 79) -> AVG-RTPM: 193ms
    [junit] MAJOR: Mutants killed / live: 442 (0-3477-1) / 64
    [junit] MAJOR: ------------------------------------------------------------
    [junit] MAJOR: 42/51 - org.jfree.data.category.DefaultIntervalCategoryDataset_ESTest17 (14ms / 86):
    [junit] MAJOR: 919385 (0 / 86 / 86) -> AVG-RTPM: 195ms
    [junit] MAJOR: Mutants killed / live: 442 (0-3563-1) / 64
    [junit] MAJOR: ------------------------------------------------------------
    [junit] MAJOR: 43/51 - org.jfree.data.category.DefaultIntervalCategoryDataset_ESTest19 (14ms / 95):
    [junit] MAJOR: 937497 (0 / 95 / 95) -> AVG-RTPM: 190ms
    [junit] MAJOR: Mutants killed / live: 442 (0-3658-1) / 64
    [junit] MAJOR: ------------------------------------------------------------
    [junit] MAJOR: 44/51 - org.jfree.data.category.DefaultIntervalCategoryDataset_ESTest10 (16ms / 22):
    [junit] MAJOR: 941479 (0 / 22 / 22) -> AVG-RTPM: 181ms
    [junit] MAJOR: Mutants killed / live: 442 (0-3680-1) / 64
    [junit] MAJOR: ------------------------------------------------------------
    [junit] MAJOR: 45/51 - org.jfree.data.category.DefaultIntervalCategoryDataset_ESTest11 (16ms / 41):
    [junit] MAJOR: 948984 (0 / 41 / 41) -> AVG-RTPM: 183ms
    [junit] MAJOR: Mutants killed / live: 442 (0-3721-1) / 64
    [junit] MAJOR: ------------------------------------------------------------
    [junit] MAJOR: 46/51 - org.jfree.data.category.DefaultIntervalCategoryDataset_ESTest14 (16ms / 63):
    [junit] MAJOR: 960388 (7 / 63 / 63) -> AVG-RTPM: 181ms
    [junit] MAJOR: Mutants killed / live: 449 (0-3784-1) / 57
    [junit] MAJOR: ------------------------------------------------------------
    [junit] MAJOR: 47/51 - org.jfree.data.category.DefaultIntervalCategoryDataset_ESTest13 (17ms / 64):
    [junit] MAJOR: 972131 (1 / 64 / 64) -> AVG-RTPM: 183ms
    [junit] MAJOR: Mutants killed / live: 450 (0-3848-1) / 56
    [junit] MAJOR: ------------------------------------------------------------
    [junit] MAJOR: 48/51 - org.jfree.data.category.DefaultIntervalCategoryDataset_ESTest30 (17ms / 111):
    [junit] MAJOR: 992646 (0 / 111 / 111) -> AVG-RTPM: 184ms
    [junit] MAJOR: Mutants killed / live: 450 (0-3959-1) / 56
    [junit] MAJOR: ------------------------------------------------------------
    [junit] MAJOR: 49/51 - org.jfree.data.category.DefaultIntervalCategoryDataset_ESTest12 (19ms / 62):
    [junit] MAJOR: 1004141 (0 / 62 / 62) -> AVG-RTPM: 185ms
    [junit] MAJOR: Mutants killed / live: 450 (0-4021-1) / 56
    [junit] MAJOR: ------------------------------------------------------------
    [junit] MAJOR: 50/51 - org.jfree.data.category.DefaultIntervalCategoryDataset_ESTest15 (20ms / 46):
    [junit] MAJOR: 1012681 (0 / 46 / 46) -> AVG-RTPM: 185ms
    [junit] MAJOR: Mutants killed / live: 450 (0-4067-1) / 56
    [junit] MAJOR: ------------------------------------------------------------
    [junit] MAJOR: 51/51 - org.jfree.data.category.DefaultIntervalCategoryDataset_ESTest0 (22ms / 125):
    [junit] MAJOR: 1036230 (56 / 125 / 125) -> AVG-RTPM: 188ms
    [junit] MAJOR: Mutants killed / live: 506 (0-4192-1) / 0
    [junit] MAJOR: ------------------------------------------------------------
    [junit] MAJOR: Summary:
    [junit] MAJOR: 
    [junit] MAJOR: Analysis time:  1036.2 seconds
    [junit] MAJOR: Mutation score: 96.02% (100.00%)
    [junit] MAJOR: Mutants killed / live: 506 (0-4192-1) / 0
    [junit] MAJOR: Mutant executions: 4345
    [junit] MAJOR: ------------------------------------------------------------
    [junit] MAJOR: Export summary of results (to summary.csv)
    [junit] MAJOR: Export mutant kill details (to /tmp/run_mutation.pl_64289_1500883037/16f/kill.csv)
    [junit] MAJOR: Export kill map (to killMap.csv)!

BUILD SUCCESSFUL
Total time: 17 minutes 39 seconds
