
initialise:

compile:
    [javac] /home/donghwan/defects4j/framework/projects/Chart/Chart.build.xml:56: warning: 'includeantruntime' was not set, defaulting to build.sysclasspath=last; set to false for repeatable builds

compile-experimental:
    [javac] /home/donghwan/defects4j/framework/projects/Chart/Chart.build.xml:105: warning: 'includeantruntime' was not set, defaulting to build.sysclasspath=last; set to false for repeatable builds
    [javac] Compiling 4 source files to /tmp/run_mutation.pl_70351_1500884148/17f/build
    [javac] warning: [options] bootstrap class path not set in conjunction with -source 1.4
    [javac] 1 warning

compile.tests:
    [mkdir] Created dir: /tmp/run_mutation.pl_70351_1500884148/17f/build-tests
    [javac] /home/donghwan/defects4j/framework/projects/Chart/Chart.build.xml:122: warning: 'includeantruntime' was not set, defaulting to build.sysclasspath=last; set to false for repeatable builds
    [javac] Compiling 350 source files to /tmp/run_mutation.pl_70351_1500884148/17f/build-tests
    [javac] warning: [options] bootstrap class path not set in conjunction with -source 1.4
    [javac] Note: /tmp/run_mutation.pl_70351_1500884148/17f/tests/org/jfree/chart/axis/junit/SegmentedTimelineTests.java uses or overrides a deprecated API.
    [javac] Note: Recompile with -Xlint:deprecation for details.
    [javac] 1 warning

update.all.tests:

mutation.test:
     [echo] Running mutation analysis ...
    [junit] MAJOR: Mutation analysis enabled
SLF4J: Failed to load class "org.slf4j.impl.StaticLoggerBinder".
SLF4J: Defaulting to no-operation (NOP) logger implementation
SLF4J: See http://www.slf4j.org/codes.html#StaticLoggerBinder for further details.
    [junit] MAJOR: org.jfree.data.time.TimeSeries_ESTest1[test01] failed!
    [junit] MAJOR:  -> java.lang.ClassCastException
    [junit] MAJOR:  -> "java.util.Date cannot be cast to org.evosuite.runtime.mock.java.util.MockDate"
    [junit] MAJOR: org.jfree.data.time.TimeSeries_ESTest15[test15] failed!
    [junit] MAJOR:  -> java.lang.ClassCastException
    [junit] MAJOR:  -> "java.util.Date cannot be cast to org.evosuite.runtime.mock.java.util.MockDate"
    [junit] MAJOR: org.jfree.data.time.TimeSeries_ESTest16[test16] failed!
    [junit] MAJOR:  -> java.lang.ClassCastException
    [junit] MAJOR:  -> "java.util.Date cannot be cast to org.evosuite.runtime.mock.java.util.MockDate"
    [junit] MAJOR: org.jfree.data.time.TimeSeries_ESTest34[test34] failed!
    [junit] MAJOR:  -> java.lang.ClassCastException
    [junit] MAJOR:  -> "java.util.Date cannot be cast to org.evosuite.runtime.mock.java.util.MockDate"
    [junit] MAJOR: org.jfree.data.time.TimeSeries_ESTest4[test04] failed!
    [junit] MAJOR:  -> java.lang.ClassCastException
    [junit] MAJOR:  -> "java.util.Date cannot be cast to org.evosuite.runtime.mock.java.util.MockDate"
    [junit] MAJOR: org.jfree.data.time.TimeSeries_ESTest51[test51] failed!
    [junit] MAJOR:  -> java.lang.ClassCastException
    [junit] MAJOR:  -> "java.util.Date cannot be cast to org.evosuite.runtime.mock.java.util.MockDate"
    [junit] MAJOR: Exclude 6 failing test classes:
    [junit] MAJOR:  - org.jfree.data.time.TimeSeries_ESTest1
    [junit] MAJOR:  - org.jfree.data.time.TimeSeries_ESTest15
    [junit] MAJOR:  - org.jfree.data.time.TimeSeries_ESTest16
    [junit] MAJOR:  - org.jfree.data.time.TimeSeries_ESTest34
    [junit] MAJOR:  - org.jfree.data.time.TimeSeries_ESTest4
    [junit] MAJOR:  - org.jfree.data.time.TimeSeries_ESTest51
    [junit] MAJOR: ------------------------------------------------------------
    [junit] MAJOR: Run 44 ordered tests to verify independence
    [junit] MAJOR: ------------------------------------------------------------
    [junit] MAJOR: Preprocessing time: 17.60 seconds
    [junit] MAJOR: ------------------------------------------------------------
    [junit] MAJOR: Mutants generated: 719
    [junit] MAJOR: Mutants covered:   599 (83.31%)
    [junit] MAJOR: ------------------------------------------------------------
    [junit] MAJOR: Export test map to (testMap.csv)
    [junit] MAJOR: Export coverage map to (covMap.csv)
    [junit] MAJOR: Exclude 0 mutants
    [junit] MAJOR: ------------------------------------------------------------
    [junit] MAJOR: Run mutation analysis with 44 individual tests
    [junit] MAJOR: ------------------------------------------------------------
    [junit] MAJOR: 1/44 - org.jfree.data.time.TimeSeries_ESTest27 (9ms / 80):
    [junit] MAJOR: 45495 (41 / 80 / 80) -> AVG-RTPM: 568ms
    [junit] MAJOR: Mutants killed / live: 41 (20-21-0) / 558
    [junit] MAJOR: ------------------------------------------------------------
    [junit] MAJOR: 2/44 - org.jfree.data.time.TimeSeries_ESTest3 (9ms / 8):
    [junit] MAJOR: 52756 (0 / 8 / 8) -> AVG-RTPM: 907ms
    [junit] MAJOR: Mutants killed / live: 41 (24-21-0) / 558
    [junit] MAJOR: ------------------------------------------------------------
    [junit] MAJOR: 3/44 - org.jfree.data.time.TimeSeries_ESTest31 (9ms / 97):
    [junit] MAJOR: 198261 (10 / 97 / 97) -> AVG-RTPM: 1500ms
    [junit] MAJOR: Mutants killed / live: 51 (25-41-0) / 548
    [junit] MAJOR: ------------------------------------------------------------
    [junit] MAJOR: 4/44 - org.jfree.data.time.TimeSeries_ESTest33 (9ms / 15):
    [junit] MAJOR: 232829 (0 / 15 / 15) -> AVG-RTPM: 2304ms
    [junit] MAJOR: Mutants killed / live: 51 (29-42-0) / 548
    [junit] MAJOR: ------------------------------------------------------------
    [junit] MAJOR: 5/44 - org.jfree.data.time.TimeSeries_ESTest35 (9ms / 18):
    [junit] MAJOR: 279296 (7 / 18 / 18) -> AVG-RTPM: 2581ms
    [junit] MAJOR: Mutants killed / live: 58 (33-50-0) / 541
    [junit] MAJOR: ------------------------------------------------------------
    [junit] MAJOR: 6/44 - org.jfree.data.time.TimeSeries_ESTest43 (9ms / 91):
    [junit] MAJOR: 340140 (81 / 91 / 91) -> AVG-RTPM: 668ms
    [junit] MAJOR: Mutants killed / live: 139 (37-134-0) / 460
    [junit] MAJOR: ------------------------------------------------------------
    [junit] MAJOR: 7/44 - org.jfree.data.time.TimeSeries_ESTest49 (9ms / 97):
    [junit] MAJOR: 360152 (91 / 97 / 97) -> AVG-RTPM: 206ms
    [junit] MAJOR: Mutants killed / live: 230 (37-231-0) / 369
    [junit] MAJOR: ------------------------------------------------------------
    [junit] MAJOR: 8/44 - org.jfree.data.time.TimeSeries_ESTest50 (9ms / 103):
    [junit] MAJOR: 381036 (6 / 103 / 103) -> AVG-RTPM: 202ms
    [junit] MAJOR: Mutants killed / live: 236 (37-334-0) / 363
    [junit] MAJOR: ------------------------------------------------------------
    [junit] MAJOR: 9/44 - org.jfree.data.time.TimeSeries_ESTest6 (9ms / 6):
    [junit] MAJOR: 382254 (0 / 6 / 6) -> AVG-RTPM: 202ms
    [junit] MAJOR: Mutants killed / live: 236 (37-340-0) / 363
    [junit] MAJOR: ------------------------------------------------------------
    [junit] MAJOR: 10/44 - org.jfree.data.time.TimeSeries_ESTest26 (10ms / 59):
    [junit] MAJOR: 398010 (38 / 59 / 59) -> AVG-RTPM: 267ms
    [junit] MAJOR: Mutants killed / live: 274 (37-399-0) / 325
    [junit] MAJOR: ------------------------------------------------------------
    [junit] MAJOR: 11/44 - org.jfree.data.time.TimeSeries_ESTest28 (10ms / 91):
    [junit] MAJOR: 423337 (26 / 91 / 91) -> AVG-RTPM: 278ms
    [junit] MAJOR: Mutants killed / live: 300 (37-490-0) / 299
    [junit] MAJOR: ------------------------------------------------------------
    [junit] MAJOR: 12/44 - org.jfree.data.time.TimeSeries_ESTest29 (10ms / 9):
    [junit] MAJOR: 425096 (0 / 9 / 9) -> AVG-RTPM: 195ms
    [junit] MAJOR: Mutants killed / live: 300 (37-499-0) / 299
    [junit] MAJOR: ------------------------------------------------------------
    [junit] MAJOR: 13/44 - org.jfree.data.time.TimeSeries_ESTest30 (10ms / 21):
    [junit] MAJOR: 429571 (6 / 21 / 21) -> AVG-RTPM: 213ms
    [junit] MAJOR: Mutants killed / live: 306 (37-520-0) / 293
    [junit] MAJOR: ------------------------------------------------------------
    [junit] MAJOR: 14/44 - org.jfree.data.time.TimeSeries_ESTest39 (10ms / 22):
    [junit] MAJOR: 434240 (16 / 22 / 22) -> AVG-RTPM: 212ms
    [junit] MAJOR: Mutants killed / live: 322 (37-542-0) / 277
    [junit] MAJOR: ------------------------------------------------------------
    [junit] MAJOR: 15/44 - org.jfree.data.time.TimeSeries_ESTest44 (10ms / 17):
    [junit] MAJOR: 437631 (11 / 17 / 17) -> AVG-RTPM: 199ms
    [junit] MAJOR: Mutants killed / live: 333 (37-559-0) / 266
    [junit] MAJOR: ------------------------------------------------------------
    [junit] MAJOR: 16/44 - org.jfree.data.time.TimeSeries_ESTest7 (10ms / 7):
    [junit] MAJOR: 439060 (1 / 7 / 7) -> AVG-RTPM: 204ms
    [junit] MAJOR: Mutants killed / live: 334 (37-566-0) / 265
    [junit] MAJOR: ------------------------------------------------------------
    [junit] MAJOR: 17/44 - org.jfree.data.time.TimeSeries_ESTest8 (10ms / 12):
    [junit] MAJOR: 441523 (6 / 12 / 12) -> AVG-RTPM: 205ms
    [junit] MAJOR: Mutants killed / live: 340 (37-578-0) / 259
    [junit] MAJOR: ------------------------------------------------------------
    [junit] MAJOR: 18/44 - org.jfree.data.time.TimeSeries_ESTest13 (11ms / 15):
    [junit] MAJOR: 444466 (5 / 15 / 15) -> AVG-RTPM: 196ms
    [junit] MAJOR: Mutants killed / live: 345 (37-593-0) / 254
    [junit] MAJOR: ------------------------------------------------------------
    [junit] MAJOR: 19/44 - org.jfree.data.time.TimeSeries_ESTest22 (11ms / 11):
    [junit] MAJOR: 446776 (1 / 11 / 11) -> AVG-RTPM: 210ms
    [junit] MAJOR: Mutants killed / live: 346 (37-604-0) / 253
    [junit] MAJOR: ------------------------------------------------------------
    [junit] MAJOR: 20/44 - org.jfree.data.time.TimeSeries_ESTest23 (11ms / 78):
    [junit] MAJOR: 467994 (30 / 78 / 78) -> AVG-RTPM: 272ms
    [junit] MAJOR: Mutants killed / live: 376 (37-682-0) / 223
    [junit] MAJOR: ------------------------------------------------------------
    [junit] MAJOR: 21/44 - org.jfree.data.time.TimeSeries_ESTest24 (11ms / 68):
    [junit] MAJOR: 486045 (21 / 68 / 68) -> AVG-RTPM: 265ms
    [junit] MAJOR: Mutants killed / live: 397 (37-750-0) / 202
    [junit] MAJOR: ------------------------------------------------------------
    [junit] MAJOR: 22/44 - org.jfree.data.time.TimeSeries_ESTest25 (11ms / 15):
    [junit] MAJOR: 490022 (0 / 15 / 15) -> AVG-RTPM: 265ms
    [junit] MAJOR: Mutants killed / live: 397 (37-765-0) / 202
    [junit] MAJOR: ------------------------------------------------------------
    [junit] MAJOR: 23/44 - org.jfree.data.time.TimeSeries_ESTest36 (11ms / 62):
    [junit] MAJOR: 506632 (7 / 62 / 62) -> AVG-RTPM: 267ms
    [junit] MAJOR: Mutants killed / live: 404 (37-827-0) / 195
    [junit] MAJOR: ------------------------------------------------------------
    [junit] MAJOR: 24/44 - org.jfree.data.time.TimeSeries_ESTest42 (11ms / 21):
    [junit] MAJOR: 512174 (1 / 21 / 21) -> AVG-RTPM: 263ms
    [junit] MAJOR: Mutants killed / live: 405 (37-848-0) / 194
    [junit] MAJOR: ------------------------------------------------------------
    [junit] MAJOR: 25/44 - org.jfree.data.time.TimeSeries_ESTest45 (11ms / 80):
    [junit] MAJOR: 528732 (47 / 80 / 80) -> AVG-RTPM: 206ms
    [junit] MAJOR: Mutants killed / live: 452 (37-928-0) / 147
    [junit] MAJOR: ------------------------------------------------------------
    [junit] MAJOR: 26/44 - org.jfree.data.time.TimeSeries_ESTest47 (11ms / 23):
    [junit] MAJOR: 533386 (3 / 23 / 23) -> AVG-RTPM: 202ms
    [junit] MAJOR: Mutants killed / live: 455 (37-951-0) / 144
    [junit] MAJOR: ------------------------------------------------------------
    [junit] MAJOR: 27/44 - org.jfree.data.time.TimeSeries_ESTest9 (11ms / 50):
    [junit] MAJOR: 546730 (2 / 50 / 50) -> AVG-RTPM: 266ms
    [junit] MAJOR: Mutants killed / live: 457 (37-1001-0) / 142
    [junit] MAJOR: ------------------------------------------------------------
    [junit] MAJOR: 28/44 - org.jfree.data.time.TimeSeries_ESTest12 (12ms / 98):
    [junit] MAJOR: 577514 (35 / 98 / 98) -> AVG-RTPM: 314ms
    [junit] MAJOR: Mutants killed / live: 492 (37-1099-0) / 107
    [junit] MAJOR: ------------------------------------------------------------
    [junit] MAJOR: 29/44 - org.jfree.data.time.TimeSeries_ESTest14 (12ms / 18):
    [junit] MAJOR: 582509 (9 / 18 / 18) -> AVG-RTPM: 277ms
    [junit] MAJOR: Mutants killed / live: 501 (37-1117-0) / 98
    [junit] MAJOR: ------------------------------------------------------------
    [junit] MAJOR: 30/44 - org.jfree.data.time.TimeSeries_ESTest2 (12ms / 6):
    [junit] MAJOR: 583818 (0 / 6 / 6) -> AVG-RTPM: 218ms
    [junit] MAJOR: Mutants killed / live: 501 (37-1123-0) / 98
    [junit] MAJOR: ------------------------------------------------------------
    [junit] MAJOR: 31/44 - org.jfree.data.time.TimeSeries_ESTest20 (12ms / 18):
    [junit] MAJOR: 588634 (9 / 18 / 18) -> AVG-RTPM: 267ms
    [junit] MAJOR: Mutants killed / live: 510 (37-1141-0) / 89
    [junit] MAJOR: ------------------------------------------------------------
    [junit] MAJOR: 32/44 - org.jfree.data.time.TimeSeries_ESTest21 (12ms / 58):
    [junit] MAJOR: 607025 (0 / 58 / 58) -> AVG-RTPM: 317ms
    [junit] MAJOR: Mutants killed / live: 510 (37-1199-0) / 89
    [junit] MAJOR: ------------------------------------------------------------
    [junit] MAJOR: 33/44 - org.jfree.data.time.TimeSeries_ESTest37 (12ms / 13):
    [junit] MAJOR: 609647 (0 / 13 / 13) -> AVG-RTPM: 201ms
    [junit] MAJOR: Mutants killed / live: 510 (37-1212-0) / 89
    [junit] MAJOR: ------------------------------------------------------------
    [junit] MAJOR: 34/44 - org.jfree.data.time.TimeSeries_ESTest38 (12ms / 15):
    [junit] MAJOR: 612786 (0 / 15 / 15) -> AVG-RTPM: 209ms
    [junit] MAJOR: Mutants killed / live: 510 (37-1227-0) / 89
    [junit] MAJOR: ------------------------------------------------------------
    [junit] MAJOR: 35/44 - org.jfree.data.time.TimeSeries_ESTest40 (12ms / 9):
    [junit] MAJOR: 614571 (0 / 9 / 9) -> AVG-RTPM: 198ms
    [junit] MAJOR: Mutants killed / live: 510 (37-1236-0) / 89
    [junit] MAJOR: ------------------------------------------------------------
    [junit] MAJOR: 36/44 - org.jfree.data.time.TimeSeries_ESTest17 (13ms / 69):
    [junit] MAJOR: 633268 (18 / 69 / 69) -> AVG-RTPM: 270ms
    [junit] MAJOR: Mutants killed / live: 528 (37-1305-0) / 71
    [junit] MAJOR: ------------------------------------------------------------
    [junit] MAJOR: 37/44 - org.jfree.data.time.TimeSeries_ESTest41 (13ms / 12):
    [junit] MAJOR: 637184 (0 / 12 / 12) -> AVG-RTPM: 326ms
    [junit] MAJOR: Mutants killed / live: 528 (37-1317-0) / 71
    [junit] MAJOR: ------------------------------------------------------------
    [junit] MAJOR: 38/44 - org.jfree.data.time.TimeSeries_ESTest48 (13ms / 132):
    [junit] MAJOR: 679611 (16 / 132 / 132) -> AVG-RTPM: 321ms
    [junit] MAJOR: Mutants killed / live: 544 (37-1449-0) / 55
    [junit] MAJOR: ------------------------------------------------------------
    [junit] MAJOR: 39/44 - org.jfree.data.time.TimeSeries_ESTest19 (14ms / 9):
    [junit] MAJOR: 681469 (0 / 9 / 9) -> AVG-RTPM: 206ms
    [junit] MAJOR: Mutants killed / live: 544 (37-1458-0) / 55
    [junit] MAJOR: ------------------------------------------------------------
    [junit] MAJOR: 40/44 - org.jfree.data.time.TimeSeries_ESTest10 (16ms / 66):
    [junit] MAJOR: 699494 (3 / 66 / 66) -> AVG-RTPM: 272ms
    [junit] MAJOR: Mutants killed / live: 547 (37-1524-0) / 52
    [junit] MAJOR: ------------------------------------------------------------
    [junit] MAJOR: 41/44 - org.jfree.data.time.TimeSeries_ESTest11 (17ms / 15):
    [junit] MAJOR: 702661 (0 / 15 / 15) -> AVG-RTPM: 211ms
    [junit] MAJOR: Mutants killed / live: 547 (37-1539-0) / 52
    [junit] MAJOR: ------------------------------------------------------------
    [junit] MAJOR: 42/44 - org.jfree.data.time.TimeSeries_ESTest0 (27ms / 79):
    [junit] MAJOR: 719108 (0 / 79 / 79) -> AVG-RTPM: 208ms
    [junit] MAJOR: Mutants killed / live: 547 (37-1618-0) / 52
    [junit] MAJOR: ------------------------------------------------------------
    [junit] MAJOR: 43/44 - org.jfree.data.time.TimeSeries_ESTest46 (34ms / 19):
    [junit] MAJOR: 723040 (1 / 19 / 19) -> AVG-RTPM: 206ms
    [junit] MAJOR: Mutants killed / live: 548 (37-1637-0) / 51
    [junit] MAJOR: ------------------------------------------------------------
    [junit] MAJOR: 44/44 - org.jfree.data.time.TimeSeries_ESTest18 (64ms / 70):
    [junit] MAJOR: 741869 (1 / 70 / 70) -> AVG-RTPM: 268ms
    [junit] MAJOR: Mutants killed / live: 549 (37-1707-0) / 50
    [junit] MAJOR: ------------------------------------------------------------
    [junit] MAJOR: Summary:
    [junit] MAJOR: 
    [junit] MAJOR: Analysis time:  741.9 seconds
    [junit] MAJOR: Mutation score: 76.36% (91.65%)
    [junit] MAJOR: Mutants killed / live: 549 (37-1707-0) / 50
    [junit] MAJOR: Mutant executions: 1882
    [junit] MAJOR: ------------------------------------------------------------
    [junit] MAJOR: Export summary of results (to summary.csv)
    [junit] MAJOR: Export mutant kill details (to /tmp/run_mutation.pl_70351_1500884148/17f/kill.csv)
    [junit] MAJOR: Export kill map (to killMap.csv)!

BUILD SUCCESSFUL
Total time: 12 minutes 44 seconds
