
initialise:

compile:
    [javac] /home/to_donghwan/defects4j/framework/projects/Chart/Chart.build.xml:56: warning: 'includeantruntime' was not set, defaulting to build.sysclasspath=last; set to false for repeatable builds

compile-experimental:
    [javac] /home/to_donghwan/defects4j/framework/projects/Chart/Chart.build.xml:105: warning: 'includeantruntime' was not set, defaulting to build.sysclasspath=last; set to false for repeatable builds
    [javac] Compiling 4 source files to /tmp/run_mutation.pl_91970_1501522987/18f/build
    [javac] warning: [options] bootstrap class path not set in conjunction with -source 1.4
    [javac] 1 warning

compile.tests:
    [mkdir] Created dir: /tmp/run_mutation.pl_91970_1501522987/18f/build-tests
    [javac] /home/to_donghwan/defects4j/framework/projects/Chart/Chart.build.xml:122: warning: 'includeantruntime' was not set, defaulting to build.sysclasspath=last; set to false for repeatable builds
    [javac] Compiling 350 source files to /tmp/run_mutation.pl_91970_1501522987/18f/build-tests
    [javac] warning: [options] bootstrap class path not set in conjunction with -source 1.4
    [javac] Note: /tmp/run_mutation.pl_91970_1501522987/18f/tests/org/jfree/chart/axis/junit/SegmentedTimelineTests.java uses or overrides a deprecated API.
    [javac] Note: Recompile with -Xlint:deprecation for details.
    [javac] 1 warning

update.all.tests:

mutation.test:
     [echo] Running mutation analysis ...
    [junit] MAJOR: Mutation analysis enabled
SLF4J: Failed to load class "org.slf4j.impl.StaticLoggerBinder".
SLF4J: Defaulting to no-operation (NOP) logger implementation
SLF4J: See http://www.slf4j.org/codes.html#StaticLoggerBinder for further details.
    [junit] MAJOR: ------------------------------------------------------------
    [junit] MAJOR: Run 46 ordered tests to verify independence
    [junit] MAJOR: ------------------------------------------------------------
    [junit] MAJOR: Preprocessing time: 9.76 seconds
    [junit] MAJOR: ------------------------------------------------------------
    [junit] MAJOR: Mutants generated: 483
    [junit] MAJOR: Mutants covered:   471 (97.52%)
    [junit] MAJOR: ------------------------------------------------------------
    [junit] MAJOR: Export test map to (testMap.csv)
    [junit] MAJOR: Export coverage map to (covMap.csv)
    [junit] MAJOR: Exclude 0 mutants
    [junit] MAJOR: ------------------------------------------------------------
    [junit] MAJOR: Run mutation analysis with 46 individual tests
    [junit] MAJOR: ------------------------------------------------------------
    [junit] MAJOR: 1/46 - org.jfree.data.DefaultKeyedValues2D_ESTest24 (7ms / 80):
    [junit] MAJOR: 22468 (37 / 80 / 80) -> AVG-RTPM: 280ms
    [junit] MAJOR: Mutants killed / live: 37 (9-28-0) / 434
    [junit] MAJOR: ------------------------------------------------------------
    [junit] MAJOR: 2/46 - org.jfree.data.DefaultKeyedValues2D_ESTest5 (7ms / 8):
    [junit] MAJOR: 25943 (0 / 8 / 8) -> AVG-RTPM: 434ms
    [junit] MAJOR: Mutants killed / live: 37 (9-28-0) / 434
    [junit] MAJOR: ------------------------------------------------------------
    [junit] MAJOR: 3/46 - org.jfree.data.DefaultKeyedValues2D_ESTest6 (7ms / 8):
    [junit] MAJOR: 29677 (2 / 8 / 8) -> AVG-RTPM: 466ms
    [junit] MAJOR: Mutants killed / live: 39 (9-31-0) / 432
    [junit] MAJOR: ------------------------------------------------------------
    [junit] MAJOR: 4/46 - org.jfree.data.DefaultKeyedValues2D_ESTest7 (7ms / 8):
    [junit] MAJOR: 33796 (1 / 8 / 8) -> AVG-RTPM: 514ms
    [junit] MAJOR: Mutants killed / live: 40 (11-31-0) / 431
    [junit] MAJOR: ------------------------------------------------------------
    [junit] MAJOR: 5/46 - org.jfree.data.DefaultKeyedValues2D_ESTest8 (7ms / 13):
    [junit] MAJOR: 41180 (0 / 13 / 13) -> AVG-RTPM: 567ms
    [junit] MAJOR: Mutants killed / live: 40 (11-32-0) / 431
    [junit] MAJOR: ------------------------------------------------------------
    [junit] MAJOR: 6/46 - org.jfree.data.DefaultKeyedValues_ESTest0 (7ms / 120):
    [junit] MAJOR: 157346 (44 / 120 / 120) -> AVG-RTPM: 968ms
    [junit] MAJOR: Mutants killed / live: 84 (27-76-0) / 387
    [junit] MAJOR: ------------------------------------------------------------
    [junit] MAJOR: 7/46 - org.jfree.data.DefaultKeyedValues_ESTest1 (7ms / 3):
    [junit] MAJOR: 161352 (0 / 3 / 3) -> AVG-RTPM: 1335ms
    [junit] MAJOR: Mutants killed / live: 84 (27-78-0) / 387
    [junit] MAJOR: ------------------------------------------------------------
    [junit] MAJOR: 8/46 - org.jfree.data.DefaultKeyedValues_ESTest10 (7ms / 68):
    [junit] MAJOR: 176088 (34 / 68 / 68) -> AVG-RTPM: 216ms
    [junit] MAJOR: Mutants killed / live: 118 (27-147-0) / 353
    [junit] MAJOR: ------------------------------------------------------------
    [junit] MAJOR: 9/46 - org.jfree.data.DefaultKeyedValues_ESTest11 (7ms / 91):
    [junit] MAJOR: 194864 (9 / 91 / 91) -> AVG-RTPM: 206ms
    [junit] MAJOR: Mutants killed / live: 127 (27-238-0) / 344
    [junit] MAJOR: ------------------------------------------------------------
    [junit] MAJOR: 10/46 - org.jfree.data.DefaultKeyedValues_ESTest13 (7ms / 76):
    [junit] MAJOR: 210442 (9 / 76 / 76) -> AVG-RTPM: 204ms
    [junit] MAJOR: Mutants killed / live: 136 (27-314-0) / 335
    [junit] MAJOR: ------------------------------------------------------------
    [junit] MAJOR: 11/46 - org.jfree.data.DefaultKeyedValues_ESTest14 (7ms / 58):
    [junit] MAJOR: 222470 (25 / 58 / 58) -> AVG-RTPM: 207ms
    [junit] MAJOR: Mutants killed / live: 161 (27-372-0) / 310
    [junit] MAJOR: ------------------------------------------------------------
    [junit] MAJOR: 12/46 - org.jfree.data.DefaultKeyedValues_ESTest15 (7ms / 58):
    [junit] MAJOR: 234295 (22 / 58 / 58) -> AVG-RTPM: 203ms
    [junit] MAJOR: Mutants killed / live: 183 (27-430-0) / 288
    [junit] MAJOR: ------------------------------------------------------------
    [junit] MAJOR: 13/46 - org.jfree.data.DefaultKeyedValues_ESTest16 (7ms / 7):
    [junit] MAJOR: 235736 (2 / 7 / 7) -> AVG-RTPM: 205ms
    [junit] MAJOR: Mutants killed / live: 185 (27-437-0) / 286
    [junit] MAJOR: ------------------------------------------------------------
    [junit] MAJOR: 14/46 - org.jfree.data.DefaultKeyedValues_ESTest17 (7ms / 44):
    [junit] MAJOR: 244734 (9 / 44 / 44) -> AVG-RTPM: 204ms
    [junit] MAJOR: Mutants killed / live: 194 (27-481-0) / 277
    [junit] MAJOR: ------------------------------------------------------------
    [junit] MAJOR: 15/46 - org.jfree.data.DefaultKeyedValues_ESTest4 (7ms / 20):
    [junit] MAJOR: 248901 (9 / 20 / 20) -> AVG-RTPM: 208ms
    [junit] MAJOR: Mutants killed / live: 203 (27-501-0) / 268
    [junit] MAJOR: ------------------------------------------------------------
    [junit] MAJOR: 16/46 - org.jfree.data.DefaultKeyedValues_ESTest5 (7ms / 8):
    [junit] MAJOR: 250548 (1 / 8 / 8) -> AVG-RTPM: 205ms
    [junit] MAJOR: Mutants killed / live: 204 (27-509-0) / 267
    [junit] MAJOR: ------------------------------------------------------------
    [junit] MAJOR: 17/46 - org.jfree.data.DefaultKeyedValues_ESTest8 (7ms / 26):
    [junit] MAJOR: 255986 (0 / 26 / 26) -> AVG-RTPM: 209ms
    [junit] MAJOR: Mutants killed / live: 204 (27-535-0) / 267
    [junit] MAJOR: ------------------------------------------------------------
    [junit] MAJOR: 18/46 - org.jfree.data.DefaultKeyedValues2D_ESTest2 (8ms / 27):
    [junit] MAJOR: 261529 (24 / 27 / 27) -> AVG-RTPM: 205ms
    [junit] MAJOR: Mutants killed / live: 228 (27-562-0) / 243
    [junit] MAJOR: ------------------------------------------------------------
    [junit] MAJOR: 19/46 - org.jfree.data.DefaultKeyedValues2D_ESTest21 (8ms / 8):
    [junit] MAJOR: 263216 (4 / 8 / 8) -> AVG-RTPM: 210ms
    [junit] MAJOR: Mutants killed / live: 232 (27-570-0) / 239
    [junit] MAJOR: ------------------------------------------------------------
    [junit] MAJOR: 20/46 - org.jfree.data.DefaultKeyedValues2D_ESTest23 (8ms / 101):
    [junit] MAJOR: 284240 (44 / 101 / 101) -> AVG-RTPM: 208ms
    [junit] MAJOR: Mutants killed / live: 276 (27-671-0) / 195
    [junit] MAJOR: ------------------------------------------------------------
    [junit] MAJOR: 21/46 - org.jfree.data.DefaultKeyedValues_ESTest18 (8ms / 115):
    [junit] MAJOR: 308238 (10 / 115 / 115) -> AVG-RTPM: 208ms
    [junit] MAJOR: Mutants killed / live: 286 (27-786-0) / 185
    [junit] MAJOR: ------------------------------------------------------------
    [junit] MAJOR: 22/46 - org.jfree.data.DefaultKeyedValues_ESTest2 (8ms / 6):
    [junit] MAJOR: 309498 (0 / 6 / 6) -> AVG-RTPM: 210ms
    [junit] MAJOR: Mutants killed / live: 286 (27-792-0) / 185
    [junit] MAJOR: ------------------------------------------------------------
    [junit] MAJOR: 23/46 - org.jfree.data.DefaultKeyedValues_ESTest3 (8ms / 76):
    [junit] MAJOR: 325029 (0 / 76 / 76) -> AVG-RTPM: 204ms
    [junit] MAJOR: Mutants killed / live: 286 (27-868-0) / 185
    [junit] MAJOR: ------------------------------------------------------------
    [junit] MAJOR: 24/46 - org.jfree.data.DefaultKeyedValues_ESTest7 (8ms / 19):
    [junit] MAJOR: 328863 (0 / 19 / 19) -> AVG-RTPM: 201ms
    [junit] MAJOR: Mutants killed / live: 286 (27-887-0) / 185
    [junit] MAJOR: ------------------------------------------------------------
    [junit] MAJOR: 25/46 - org.jfree.data.DefaultKeyedValues2D_ESTest1 (9ms / 8):
    [junit] MAJOR: 330490 (3 / 8 / 8) -> AVG-RTPM: 203ms
    [junit] MAJOR: Mutants killed / live: 289 (27-895-0) / 182
    [junit] MAJOR: ------------------------------------------------------------
    [junit] MAJOR: 26/46 - org.jfree.data.DefaultKeyedValues2D_ESTest13 (9ms / 92):
    [junit] MAJOR: 349331 (26 / 92 / 92) -> AVG-RTPM: 204ms
    [junit] MAJOR: Mutants killed / live: 315 (27-987-0) / 156
    [junit] MAJOR: ------------------------------------------------------------
    [junit] MAJOR: 27/46 - org.jfree.data.DefaultKeyedValues2D_ESTest15 (9ms / 68):
    [junit] MAJOR: 363342 (2 / 68 / 68) -> AVG-RTPM: 206ms
    [junit] MAJOR: Mutants killed / live: 317 (27-1055-0) / 154
    [junit] MAJOR: ------------------------------------------------------------
    [junit] MAJOR: 28/46 - org.jfree.data.DefaultKeyedValues2D_ESTest19 (9ms / 107):
    [junit] MAJOR: 385550 (19 / 107 / 107) -> AVG-RTPM: 207ms
    [junit] MAJOR: Mutants killed / live: 336 (27-1162-0) / 135
    [junit] MAJOR: ------------------------------------------------------------
    [junit] MAJOR: 29/46 - org.jfree.data.DefaultKeyedValues2D_ESTest22 (9ms / 12):
    [junit] MAJOR: 388017 (1 / 12 / 12) -> AVG-RTPM: 205ms
    [junit] MAJOR: Mutants killed / live: 337 (27-1174-0) / 134
    [junit] MAJOR: ------------------------------------------------------------
    [junit] MAJOR: 30/46 - org.jfree.data.DefaultKeyedValues2D_ESTest9 (9ms / 7):
    [junit] MAJOR: 389438 (0 / 7 / 7) -> AVG-RTPM: 203ms
    [junit] MAJOR: Mutants killed / live: 337 (27-1181-0) / 134
    [junit] MAJOR: ------------------------------------------------------------
    [junit] MAJOR: 31/46 - org.jfree.data.DefaultKeyedValues_ESTest12 (9ms / 55):
    [junit] MAJOR: 400916 (0 / 55 / 55) -> AVG-RTPM: 208ms
    [junit] MAJOR: Mutants killed / live: 337 (27-1236-0) / 134
    [junit] MAJOR: ------------------------------------------------------------
    [junit] MAJOR: 32/46 - org.jfree.data.DefaultKeyedValues2D_ESTest11 (10ms / 93):
    [junit] MAJOR: 420012 (0 / 93 / 93) -> AVG-RTPM: 205ms
    [junit] MAJOR: Mutants killed / live: 337 (27-1329-0) / 134
    [junit] MAJOR: ------------------------------------------------------------
    [junit] MAJOR: 33/46 - org.jfree.data.DefaultKeyedValues2D_ESTest12 (10ms / 84):
    [junit] MAJOR: 437505 (0 / 84 / 84) -> AVG-RTPM: 208ms
    [junit] MAJOR: Mutants killed / live: 337 (27-1413-0) / 134
    [junit] MAJOR: ------------------------------------------------------------
    [junit] MAJOR: 34/46 - org.jfree.data.DefaultKeyedValues2D_ESTest16 (10ms / 175):
    [junit] MAJOR: 474116 (68 / 175 / 175) -> AVG-RTPM: 209ms
    [junit] MAJOR: Mutants killed / live: 405 (27-1588-0) / 66
    [junit] MAJOR: ------------------------------------------------------------
    [junit] MAJOR: 35/46 - org.jfree.data.DefaultKeyedValues2D_ESTest20 (10ms / 107):
    [junit] MAJOR: 496423 (0 / 107 / 107) -> AVG-RTPM: 208ms
    [junit] MAJOR: Mutants killed / live: 405 (27-1695-0) / 66
    [junit] MAJOR: ------------------------------------------------------------
    [junit] MAJOR: 36/46 - org.jfree.data.DefaultKeyedValues_ESTest19 (10ms / 97):
    [junit] MAJOR: 516590 (8 / 97 / 97) -> AVG-RTPM: 207ms
    [junit] MAJOR: Mutants killed / live: 413 (27-1792-0) / 58
    [junit] MAJOR: ------------------------------------------------------------
    [junit] MAJOR: 37/46 - org.jfree.data.DefaultKeyedValues_ESTest6 (11ms / 82):
    [junit] MAJOR: 533673 (0 / 82 / 82) -> AVG-RTPM: 208ms
    [junit] MAJOR: Mutants killed / live: 413 (27-1874-0) / 58
    [junit] MAJOR: ------------------------------------------------------------
    [junit] MAJOR: 38/46 - org.jfree.data.DefaultKeyedValues2D_ESTest14 (12ms / 153):
    [junit] MAJOR: 565694 (6 / 153 / 153) -> AVG-RTPM: 209ms
    [junit] MAJOR: Mutants killed / live: 419 (27-2027-0) / 52
    [junit] MAJOR: ------------------------------------------------------------
    [junit] MAJOR: 39/46 - org.jfree.data.DefaultKeyedValues2D_ESTest17 (13ms / 120):
    [junit] MAJOR: 590635 (2 / 120 / 120) -> AVG-RTPM: 207ms
    [junit] MAJOR: Mutants killed / live: 421 (27-2147-0) / 50
    [junit] MAJOR: ------------------------------------------------------------
    [junit] MAJOR: 40/46 - org.jfree.data.DefaultKeyedValues_ESTest9 (13ms / 30):
    [junit] MAJOR: 596858 (0 / 30 / 30) -> AVG-RTPM: 207ms
    [junit] MAJOR: Mutants killed / live: 421 (27-2177-0) / 50
    [junit] MAJOR: ------------------------------------------------------------
    [junit] MAJOR: 41/46 - org.jfree.data.DefaultKeyedValues2D_ESTest10 (15ms / 10):
    [junit] MAJOR: 598863 (0 / 10 / 10) -> AVG-RTPM: 200ms
    [junit] MAJOR: Mutants killed / live: 421 (27-2187-0) / 50
    [junit] MAJOR: ------------------------------------------------------------
    [junit] MAJOR: 42/46 - org.jfree.data.DefaultKeyedValues2D_ESTest3 (15ms / 142):
    [junit] MAJOR: 628368 (41 / 142 / 142) -> AVG-RTPM: 207ms
    [junit] MAJOR: Mutants killed / live: 462 (27-2329-0) / 9
    [junit] MAJOR: ------------------------------------------------------------
    [junit] MAJOR: 43/46 - org.jfree.data.DefaultKeyedValues2D_ESTest18 (17ms / 8):
    [junit] MAJOR: 630013 (0 / 8 / 8) -> AVG-RTPM: 205ms
    [junit] MAJOR: Mutants killed / live: 462 (27-2337-0) / 9
    [junit] MAJOR: ------------------------------------------------------------
    [junit] MAJOR: 44/46 - org.jfree.data.DefaultKeyedValues_ESTest20 (17ms / 6):
    [junit] MAJOR: 631219 (3 / 6 / 6) -> AVG-RTPM: 201ms
    [junit] MAJOR: Mutants killed / live: 465 (27-2343-0) / 6
    [junit] MAJOR: ------------------------------------------------------------
    [junit] MAJOR: 45/46 - org.jfree.data.DefaultKeyedValues2D_ESTest4 (19ms / 136):
    [junit] MAJOR: 660038 (3 / 136 / 136) -> AVG-RTPM: 211ms
    [junit] MAJOR: Mutants killed / live: 468 (27-2479-0) / 3
    [junit] MAJOR: ------------------------------------------------------------
    [junit] MAJOR: 46/46 - org.jfree.data.DefaultKeyedValues2D_ESTest0 (26ms / 5):
    [junit] MAJOR: 661048 (0 / 5 / 5) -> AVG-RTPM: 202ms
    [junit] MAJOR: Mutants killed / live: 468 (27-2484-0) / 3
    [junit] MAJOR: ------------------------------------------------------------
    [junit] MAJOR: Summary:
    [junit] MAJOR: 
    [junit] MAJOR: Analysis time:  661.0 seconds
    [junit] MAJOR: Mutation score: 96.89% (99.36%)
    [junit] MAJOR: Mutants killed / live: 468 (27-2484-0) / 3
    [junit] MAJOR: Mutant executions: 2645
    [junit] MAJOR: ------------------------------------------------------------
    [junit] MAJOR: Export summary of results (to summary.csv)
    [junit] MAJOR: Export mutant kill details (to /tmp/run_mutation.pl_91970_1501522987/18f/kill.csv)
    [junit] MAJOR: Export kill map (to killMap.csv)!

BUILD SUCCESSFUL
Total time: 11 minutes 17 seconds
