
initialise:

compile:
    [javac] /home/to_donghwan/defects4j/framework/projects/Chart/Chart.build.xml:56: warning: 'includeantruntime' was not set, defaulting to build.sysclasspath=last; set to false for repeatable builds

compile-experimental:
    [javac] /home/to_donghwan/defects4j/framework/projects/Chart/Chart.build.xml:105: warning: 'includeantruntime' was not set, defaulting to build.sysclasspath=last; set to false for repeatable builds
    [javac] Compiling 1 source file to /tmp/run_mutation.pl_102996_1501404932/1f/build
    [javac] warning: [options] bootstrap class path not set in conjunction with -source 1.4
    [javac] 1 warning

compile.tests:
    [mkdir] Created dir: /tmp/run_mutation.pl_102996_1501404932/1f/build-tests
    [javac] /home/to_donghwan/defects4j/framework/projects/Chart/Chart.build.xml:122: warning: 'includeantruntime' was not set, defaulting to build.sysclasspath=last; set to false for repeatable builds
    [javac] Compiling 389 source files to /tmp/run_mutation.pl_102996_1501404932/1f/build-tests
    [javac] warning: [options] bootstrap class path not set in conjunction with -source 1.4
    [javac] Note: Some input files use or override a deprecated API.
    [javac] Note: Recompile with -Xlint:deprecation for details.
    [javac] 1 warning

update.all.tests:

mutation.test:
     [echo] Running mutation analysis ...
    [junit] MAJOR: Mutation analysis enabled
SLF4J: Failed to load class "org.slf4j.impl.StaticLoggerBinder".
SLF4J: Defaulting to no-operation (NOP) logger implementation
SLF4J: See http://www.slf4j.org/codes.html#StaticLoggerBinder for further details.
    [junit] MAJOR: ------------------------------------------------------------
    [junit] MAJOR: Run 83 ordered tests to verify independence
    [junit] MAJOR: ------------------------------------------------------------
    [junit] MAJOR: Preprocessing time: 167.31 seconds
    [junit] MAJOR: ------------------------------------------------------------
    [junit] MAJOR: Mutants generated: 601
    [junit] MAJOR: Mutants covered:   299 (49.75%)
    [junit] MAJOR: ------------------------------------------------------------
    [junit] MAJOR: Export test map to (testMap.csv)
    [junit] MAJOR: Export coverage map to (covMap.csv)
    [junit] MAJOR: Exclude 0 mutants
    [junit] MAJOR: ------------------------------------------------------------
    [junit] MAJOR: Run mutation analysis with 83 individual tests
    [junit] MAJOR: ------------------------------------------------------------
    [junit] MAJOR: 1/83 - org.jfree.chart.renderer.category.AbstractCategoryItemRenderer_ESTest17 (25ms / 9):
    [junit] MAJOR: 18414 (2 / 9 / 9) -> AVG-RTPM: 2046ms
    [junit] MAJOR: Mutants killed / live: 2 (0-2-0) / 297
    [junit] MAJOR: ------------------------------------------------------------
    [junit] MAJOR: 2/83 - org.jfree.chart.renderer.category.AbstractCategoryItemRenderer_ESTest47 (25ms / 6):
    [junit] MAJOR: 34478 (1 / 6 / 6) -> AVG-RTPM: 2677ms
    [junit] MAJOR: Mutants killed / live: 3 (0-3-0) / 296
    [junit] MAJOR: ------------------------------------------------------------
    [junit] MAJOR: 3/83 - org.jfree.chart.renderer.category.AbstractCategoryItemRenderer_ESTest21 (26ms / 34):
    [junit] MAJOR: 78462 (25 / 34 / 34) -> AVG-RTPM: 1293ms
    [junit] MAJOR: Mutants killed / live: 28 (0-28-0) / 271
    [junit] MAJOR: ------------------------------------------------------------
    [junit] MAJOR: 4/83 - org.jfree.chart.renderer.category.AbstractCategoryItemRenderer_ESTest34 (26ms / 10):
    [junit] MAJOR: 79156 (7 / 10 / 10) -> AVG-RTPM: 69ms
    [junit] MAJOR: Mutants killed / live: 35 (0-38-0) / 264
    [junit] MAJOR: ------------------------------------------------------------
    [junit] MAJOR: 5/83 - org.jfree.chart.renderer.category.AbstractCategoryItemRenderer_ESTest36 (26ms / 14):
    [junit] MAJOR: 80257 (4 / 14 / 14) -> AVG-RTPM: 78ms
    [junit] MAJOR: Mutants killed / live: 39 (0-52-0) / 260
    [junit] MAJOR: ------------------------------------------------------------
    [junit] MAJOR: 6/83 - org.jfree.chart.renderer.category.AbstractCategoryItemRenderer_ESTest37 (26ms / 15):
    [junit] MAJOR: 81510 (4 / 15 / 15) -> AVG-RTPM: 83ms
    [junit] MAJOR: Mutants killed / live: 43 (0-67-0) / 256
    [junit] MAJOR: ------------------------------------------------------------
    [junit] MAJOR: 7/83 - org.jfree.chart.renderer.category.AbstractCategoryItemRenderer_ESTest39 (26ms / 9):
    [junit] MAJOR: 82144 (3 / 9 / 9) -> AVG-RTPM: 70ms
    [junit] MAJOR: Mutants killed / live: 46 (0-76-0) / 253
    [junit] MAJOR: ------------------------------------------------------------
    [junit] MAJOR: 8/83 - org.jfree.chart.renderer.category.AbstractCategoryItemRenderer_ESTest45 (26ms / 6):
    [junit] MAJOR: 82609 (0 / 6 / 6) -> AVG-RTPM: 77ms
    [junit] MAJOR: Mutants killed / live: 46 (0-82-0) / 253
    [junit] MAJOR: ------------------------------------------------------------
    [junit] MAJOR: 9/83 - org.jfree.chart.renderer.category.AbstractCategoryItemRenderer_ESTest50 (26ms / 20):
    [junit] MAJOR: 84635 (9 / 20 / 20) -> AVG-RTPM: 101ms
    [junit] MAJOR: Mutants killed / live: 55 (0-102-0) / 244
    [junit] MAJOR: ------------------------------------------------------------
    [junit] MAJOR: 10/83 - org.jfree.chart.renderer.category.AbstractCategoryItemRenderer_ESTest68 (26ms / 32):
    [junit] MAJOR: 87306 (26 / 32 / 32) -> AVG-RTPM: 83ms
    [junit] MAJOR: Mutants killed / live: 81 (0-134-0) / 218
    [junit] MAJOR: ------------------------------------------------------------
    [junit] MAJOR: 11/83 - org.jfree.chart.renderer.category.AbstractCategoryItemRenderer_ESTest19 (27ms / 13):
    [junit] MAJOR: 88306 (4 / 13 / 13) -> AVG-RTPM: 76ms
    [junit] MAJOR: Mutants killed / live: 85 (0-147-0) / 214
    [junit] MAJOR: ------------------------------------------------------------
    [junit] MAJOR: 12/83 - org.jfree.chart.renderer.category.AbstractCategoryItemRenderer_ESTest27 (27ms / 9):
    [junit] MAJOR: 89055 (3 / 9 / 9) -> AVG-RTPM: 83ms
    [junit] MAJOR: Mutants killed / live: 88 (0-156-0) / 211
    [junit] MAJOR: ------------------------------------------------------------
    [junit] MAJOR: 13/83 - org.jfree.chart.renderer.category.AbstractCategoryItemRenderer_ESTest44 (27ms / 6):
    [junit] MAJOR: 89685 (0 / 6 / 6) -> AVG-RTPM: 105ms
    [junit] MAJOR: Mutants killed / live: 88 (0-162-0) / 211
    [junit] MAJOR: ------------------------------------------------------------
    [junit] MAJOR: 14/83 - org.jfree.chart.renderer.category.AbstractCategoryItemRenderer_ESTest46 (27ms / 34):
    [junit] MAJOR: 94400 (25 / 34 / 34) -> AVG-RTPM: 138ms
    [junit] MAJOR: Mutants killed / live: 113 (0-196-0) / 186
    [junit] MAJOR: ------------------------------------------------------------
    [junit] MAJOR: 15/83 - org.jfree.chart.renderer.category.AbstractCategoryItemRenderer_ESTest48 (27ms / 15):
    [junit] MAJOR: 95868 (2 / 15 / 15) -> AVG-RTPM: 97ms
    [junit] MAJOR: Mutants killed / live: 115 (0-211-0) / 184
    [junit] MAJOR: ------------------------------------------------------------
    [junit] MAJOR: 16/83 - org.jfree.chart.renderer.category.AbstractCategoryItemRenderer_ESTest5 (27ms / 56):
    [junit] MAJOR: 101782 (10 / 56 / 56) -> AVG-RTPM: 105ms
    [junit] MAJOR: Mutants killed / live: 125 (0-267-0) / 174
    [junit] MAJOR: ------------------------------------------------------------
    [junit] MAJOR: 17/83 - org.jfree.chart.renderer.category.AbstractCategoryItemRenderer_ESTest56 (27ms / 46):
    [junit] MAJOR: 109311 (13 / 46 / 46) -> AVG-RTPM: 163ms
    [junit] MAJOR: Mutants killed / live: 138 (0-313-0) / 161
    [junit] MAJOR: ------------------------------------------------------------
    [junit] MAJOR: 18/83 - org.jfree.chart.renderer.category.AbstractCategoryItemRenderer_ESTest63 (27ms / 9):
    [junit] MAJOR: 110059 (3 / 9 / 9) -> AVG-RTPM: 83ms
    [junit] MAJOR: Mutants killed / live: 141 (0-322-0) / 158
    [junit] MAJOR: ------------------------------------------------------------
    [junit] MAJOR: 19/83 - org.jfree.chart.renderer.category.AbstractCategoryItemRenderer_ESTest66 (27ms / 9):
    [junit] MAJOR: 110770 (0 / 9 / 9) -> AVG-RTPM: 79ms
    [junit] MAJOR: Mutants killed / live: 141 (0-331-0) / 158
    [junit] MAJOR: ------------------------------------------------------------
    [junit] MAJOR: 20/83 - org.jfree.chart.renderer.category.AbstractCategoryItemRenderer_ESTest72 (27ms / 12):
    [junit] MAJOR: 111682 (6 / 12 / 12) -> AVG-RTPM: 76ms
    [junit] MAJOR: Mutants killed / live: 147 (0-343-0) / 152
    [junit] MAJOR: ------------------------------------------------------------
    [junit] MAJOR: 21/83 - org.jfree.chart.renderer.category.AbstractCategoryItemRenderer_ESTest20 (28ms / 8):
    [junit] MAJOR: 112347 (2 / 8 / 8) -> AVG-RTPM: 83ms
    [junit] MAJOR: Mutants killed / live: 149 (0-351-0) / 150
    [junit] MAJOR: ------------------------------------------------------------
    [junit] MAJOR: 22/83 - org.jfree.chart.renderer.category.AbstractCategoryItemRenderer_ESTest22 (28ms / 55):
    [junit] MAJOR: 116752 (25 / 55 / 55) -> AVG-RTPM: 80ms
    [junit] MAJOR: Mutants killed / live: 174 (0-406-0) / 125
    [junit] MAJOR: ------------------------------------------------------------
    [junit] MAJOR: 23/83 - org.jfree.chart.renderer.category.AbstractCategoryItemRenderer_ESTest3 (28ms / 10):
    [junit] MAJOR: 117527 (4 / 10 / 10) -> AVG-RTPM: 77ms
    [junit] MAJOR: Mutants killed / live: 178 (0-416-0) / 121
    [junit] MAJOR: ------------------------------------------------------------
    [junit] MAJOR: 24/83 - org.jfree.chart.renderer.category.AbstractCategoryItemRenderer_ESTest35 (28ms / 35):
    [junit] MAJOR: 120648 (1 / 35 / 35) -> AVG-RTPM: 89ms
    [junit] MAJOR: Mutants killed / live: 179 (0-451-0) / 120
    [junit] MAJOR: ------------------------------------------------------------
    [junit] MAJOR: 25/83 - org.jfree.chart.renderer.category.AbstractCategoryItemRenderer_ESTest38 (28ms / 50):
    [junit] MAJOR: 126183 (4 / 50 / 50) -> AVG-RTPM: 110ms
    [junit] MAJOR: Mutants killed / live: 183 (0-501-0) / 116
    [junit] MAJOR: ------------------------------------------------------------
    [junit] MAJOR: 26/83 - org.jfree.chart.renderer.category.AbstractCategoryItemRenderer_ESTest4 (28ms / 9):
    [junit] MAJOR: 126892 (0 / 9 / 9) -> AVG-RTPM: 78ms
    [junit] MAJOR: Mutants killed / live: 183 (0-510-0) / 116
    [junit] MAJOR: ------------------------------------------------------------
    [junit] MAJOR: 27/83 - org.jfree.chart.renderer.category.AbstractCategoryItemRenderer_ESTest52 (28ms / 9):
    [junit] MAJOR: 127595 (0 / 9 / 9) -> AVG-RTPM: 78ms
    [junit] MAJOR: Mutants killed / live: 183 (0-519-0) / 116
    [junit] MAJOR: ------------------------------------------------------------
    [junit] MAJOR: 28/83 - org.jfree.chart.renderer.category.AbstractCategoryItemRenderer_ESTest57 (28ms / 14):
    [junit] MAJOR: 128791 (1 / 14 / 14) -> AVG-RTPM: 85ms
    [junit] MAJOR: Mutants killed / live: 184 (0-533-0) / 115
    [junit] MAJOR: ------------------------------------------------------------
    [junit] MAJOR: 29/83 - org.jfree.chart.renderer.category.AbstractCategoryItemRenderer_ESTest60 (28ms / 15):
    [junit] MAJOR: 130916 (4 / 15 / 15) -> AVG-RTPM: 141ms
    [junit] MAJOR: Mutants killed / live: 188 (0-548-0) / 111
    [junit] MAJOR: ------------------------------------------------------------
    [junit] MAJOR: 30/83 - org.jfree.chart.renderer.category.AbstractCategoryItemRenderer_ESTest69 (28ms / 6):
    [junit] MAJOR: 131362 (0 / 6 / 6) -> AVG-RTPM: 74ms
    [junit] MAJOR: Mutants killed / live: 188 (0-554-0) / 111
    [junit] MAJOR: ------------------------------------------------------------
    [junit] MAJOR: 31/83 - org.jfree.chart.renderer.category.AbstractCategoryItemRenderer_ESTest71 (28ms / 9):
    [junit] MAJOR: 132069 (2 / 9 / 9) -> AVG-RTPM: 78ms
    [junit] MAJOR: Mutants killed / live: 190 (0-563-0) / 109
    [junit] MAJOR: ------------------------------------------------------------
    [junit] MAJOR: 32/83 - org.jfree.chart.renderer.category.AbstractCategoryItemRenderer_ESTest74 (28ms / 9):
    [junit] MAJOR: 132788 (0 / 9 / 9) -> AVG-RTPM: 79ms
    [junit] MAJOR: Mutants killed / live: 190 (0-572-0) / 109
    [junit] MAJOR: ------------------------------------------------------------
    [junit] MAJOR: 33/83 - org.jfree.chart.renderer.category.AbstractCategoryItemRenderer_ESTest76 (28ms / 8):
    [junit] MAJOR: 133404 (0 / 8 / 8) -> AVG-RTPM: 76ms
    [junit] MAJOR: Mutants killed / live: 190 (0-580-0) / 109
    [junit] MAJOR: ------------------------------------------------------------
    [junit] MAJOR: 34/83 - org.jfree.chart.renderer.category.AbstractCategoryItemRenderer_ESTest80 (28ms / 10):
    [junit] MAJOR: 135382 (4 / 10 / 10) -> AVG-RTPM: 197ms
    [junit] MAJOR: Mutants killed / live: 194 (0-590-0) / 105
    [junit] MAJOR: ------------------------------------------------------------
    [junit] MAJOR: 35/83 - org.jfree.chart.renderer.category.AbstractCategoryItemRenderer_ESTest11 (29ms / 35):
    [junit] MAJOR: 138067 (0 / 35 / 35) -> AVG-RTPM: 76ms
    [junit] MAJOR: Mutants killed / live: 194 (0-625-0) / 105
    [junit] MAJOR: ------------------------------------------------------------
    [junit] MAJOR: 36/83 - org.jfree.chart.renderer.category.AbstractCategoryItemRenderer_ESTest23 (29ms / 14):
    [junit] MAJOR: 139130 (0 / 14 / 14) -> AVG-RTPM: 75ms
    [junit] MAJOR: Mutants killed / live: 194 (0-639-0) / 105
    [junit] MAJOR: ------------------------------------------------------------
    [junit] MAJOR: 37/83 - org.jfree.chart.renderer.category.AbstractCategoryItemRenderer_ESTest41 (29ms / 16):
    [junit] MAJOR: 140236 (2 / 16 / 16) -> AVG-RTPM: 69ms
    [junit] MAJOR: Mutants killed / live: 196 (0-655-0) / 103
    [junit] MAJOR: ------------------------------------------------------------
    [junit] MAJOR: 38/83 - org.jfree.chart.renderer.category.AbstractCategoryItemRenderer_ESTest73 (29ms / 7):
    [junit] MAJOR: 140731 (1 / 7 / 7) -> AVG-RTPM: 70ms
    [junit] MAJOR: Mutants killed / live: 197 (0-662-0) / 102
    [junit] MAJOR: ------------------------------------------------------------
    [junit] MAJOR: 39/83 - org.jfree.chart.renderer.category.AbstractCategoryItemRenderer_ESTest78 (29ms / 6):
    [junit] MAJOR: 141155 (0 / 6 / 6) -> AVG-RTPM: 70ms
    [junit] MAJOR: Mutants killed / live: 197 (0-668-0) / 102
    [junit] MAJOR: ------------------------------------------------------------
    [junit] MAJOR: 40/83 - org.jfree.chart.renderer.category.AbstractCategoryItemRenderer_ESTest84 (29ms / 6):
    [junit] MAJOR: 141749 (0 / 6 / 6) -> AVG-RTPM: 99ms
    [junit] MAJOR: Mutants killed / live: 197 (0-674-0) / 102
    [junit] MAJOR: ------------------------------------------------------------
    [junit] MAJOR: 41/83 - org.jfree.chart.renderer.category.AbstractCategoryItemRenderer_ESTest2 (30ms / 14):
    [junit] MAJOR: 142816 (0 / 14 / 14) -> AVG-RTPM: 76ms
    [junit] MAJOR: Mutants killed / live: 197 (0-688-0) / 102
    [junit] MAJOR: ------------------------------------------------------------
    [junit] MAJOR: 42/83 - org.jfree.chart.renderer.category.AbstractCategoryItemRenderer_ESTest58 (30ms / 12):
    [junit] MAJOR: 143804 (3 / 12 / 12) -> AVG-RTPM: 82ms
    [junit] MAJOR: Mutants killed / live: 200 (0-700-0) / 99
    [junit] MAJOR: ------------------------------------------------------------
    [junit] MAJOR: 43/83 - org.jfree.chart.renderer.category.AbstractCategoryItemRenderer_ESTest6 (30ms / 45):
    [junit] MAJOR: 155594 (0 / 45 / 45) -> AVG-RTPM: 262ms
    [junit] MAJOR: Mutants killed / live: 200 (0-745-0) / 99
    [junit] MAJOR: ------------------------------------------------------------
    [junit] MAJOR: 44/83 - org.jfree.chart.renderer.category.AbstractCategoryItemRenderer_ESTest75 (30ms / 17):
    [junit] MAJOR: 157276 (8 / 17 / 17) -> AVG-RTPM: 98ms
    [junit] MAJOR: Mutants killed / live: 208 (0-762-0) / 91
    [junit] MAJOR: ------------------------------------------------------------
    [junit] MAJOR: 45/83 - org.jfree.chart.renderer.category.AbstractCategoryItemRenderer_ESTest82 (30ms / 11):
    [junit] MAJOR: 159169 (0 / 11 / 11) -> AVG-RTPM: 172ms
    [junit] MAJOR: Mutants killed / live: 208 (0-773-0) / 91
    [junit] MAJOR: ------------------------------------------------------------
    [junit] MAJOR: 46/83 - org.jfree.chart.renderer.category.AbstractCategoryItemRenderer_ESTest1 (31ms / 9):
    [junit] MAJOR: 159854 (0 / 9 / 9) -> AVG-RTPM: 76ms
    [junit] MAJOR: Mutants killed / live: 208 (0-782-0) / 91
    [junit] MAJOR: ------------------------------------------------------------
    [junit] MAJOR: 47/83 - org.jfree.chart.renderer.category.AbstractCategoryItemRenderer_ESTest24 (31ms / 35):
    [junit] MAJOR: 162841 (0 / 35 / 35) -> AVG-RTPM: 85ms
    [junit] MAJOR: Mutants killed / live: 208 (0-817-0) / 91
    [junit] MAJOR: ------------------------------------------------------------
    [junit] MAJOR: 48/83 - org.jfree.chart.renderer.category.AbstractCategoryItemRenderer_ESTest83 (31ms / 12):
    [junit] MAJOR: 164294 (2 / 12 / 12) -> AVG-RTPM: 121ms
    [junit] MAJOR: Mutants killed / live: 210 (0-829-0) / 89
    [junit] MAJOR: ------------------------------------------------------------
    [junit] MAJOR: 49/83 - org.jfree.chart.renderer.category.AbstractCategoryItemRenderer_ESTest40 (32ms / 12):
    [junit] MAJOR: 165310 (0 / 12 / 12) -> AVG-RTPM: 84ms
    [junit] MAJOR: Mutants killed / live: 210 (0-841-0) / 89
    [junit] MAJOR: ------------------------------------------------------------
    [junit] MAJOR: 50/83 - org.jfree.chart.renderer.category.AbstractCategoryItemRenderer_ESTest51 (32ms / 11):
    [junit] MAJOR: 166197 (3 / 11 / 11) -> AVG-RTPM: 80ms
    [junit] MAJOR: Mutants killed / live: 213 (0-852-0) / 86
    [junit] MAJOR: ------------------------------------------------------------
    [junit] MAJOR: 51/83 - org.jfree.chart.renderer.category.AbstractCategoryItemRenderer_ESTest79 (32ms / 14):
    [junit] MAJOR: 167620 (0 / 14 / 14) -> AVG-RTPM: 101ms
    [junit] MAJOR: Mutants killed / live: 213 (0-866-0) / 86
    [junit] MAJOR: ------------------------------------------------------------
    [junit] MAJOR: 52/83 - org.jfree.chart.renderer.category.AbstractCategoryItemRenderer_ESTest28 (33ms / 10):
    [junit] MAJOR: 169082 (2 / 10 / 10) -> AVG-RTPM: 146ms
    [junit] MAJOR: Mutants killed / live: 215 (0-876-0) / 84
    [junit] MAJOR: ------------------------------------------------------------
    [junit] MAJOR: 53/83 - org.jfree.chart.renderer.category.AbstractCategoryItemRenderer_ESTest32 (33ms / 39):
    [junit] MAJOR: 175044 (0 / 39 / 39) -> AVG-RTPM: 152ms
    [junit] MAJOR: Mutants killed / live: 215 (0-915-0) / 84
    [junit] MAJOR: ------------------------------------------------------------
    [junit] MAJOR: 54/83 - org.jfree.chart.renderer.category.AbstractCategoryItemRenderer_ESTest42 (33ms / 11):
    [junit] MAJOR: 175962 (0 / 11 / 11) -> AVG-RTPM: 83ms
    [junit] MAJOR: Mutants killed / live: 215 (0-926-0) / 84
    [junit] MAJOR: ------------------------------------------------------------
    [junit] MAJOR: 55/83 - org.jfree.chart.renderer.category.AbstractCategoryItemRenderer_ESTest62 (33ms / 20):
    [junit] MAJOR: 177952 (0 / 20 / 20) -> AVG-RTPM: 99ms
    [junit] MAJOR: Mutants killed / live: 215 (0-946-0) / 84
    [junit] MAJOR: ------------------------------------------------------------
    [junit] MAJOR: 56/83 - org.jfree.chart.renderer.category.AbstractCategoryItemRenderer_ESTest77 (33ms / 15):
    [junit] MAJOR: 179340 (0 / 15 / 15) -> AVG-RTPM: 92ms
    [junit] MAJOR: Mutants killed / live: 215 (0-961-0) / 84
    [junit] MAJOR: ------------------------------------------------------------
    [junit] MAJOR: 57/83 - org.jfree.chart.renderer.category.AbstractCategoryItemRenderer_ESTest15 (34ms / 41):
    [junit] MAJOR: 183152 (6 / 41 / 41) -> AVG-RTPM: 92ms
    [junit] MAJOR: Mutants killed / live: 221 (0-1002-0) / 78
    [junit] MAJOR: ------------------------------------------------------------
    [junit] MAJOR: 58/83 - org.jfree.chart.renderer.category.AbstractCategoryItemRenderer_ESTest25 (34ms / 39):
    [junit] MAJOR: 189264 (1 / 39 / 39) -> AVG-RTPM: 156ms
    [junit] MAJOR: Mutants killed / live: 222 (0-1041-0) / 77
    [junit] MAJOR: ------------------------------------------------------------
    [junit] MAJOR: 59/83 - org.jfree.chart.renderer.category.AbstractCategoryItemRenderer_ESTest49 (34ms / 6):
    [junit] MAJOR: 190038 (0 / 6 / 6) -> AVG-RTPM: 129ms
    [junit] MAJOR: Mutants killed / live: 222 (0-1047-0) / 77
    [junit] MAJOR: ------------------------------------------------------------
    [junit] MAJOR: 60/83 - org.jfree.chart.renderer.category.AbstractCategoryItemRenderer_ESTest67 (34ms / 18):
    [junit] MAJOR: 191587 (0 / 18 / 18) -> AVG-RTPM: 86ms
    [junit] MAJOR: Mutants killed / live: 222 (0-1065-0) / 77
    [junit] MAJOR: ------------------------------------------------------------
    [junit] MAJOR: 61/83 - org.jfree.chart.renderer.category.AbstractCategoryItemRenderer_ESTest29 (35ms / 10):
    [junit] MAJOR: 192404 (0 / 10 / 10) -> AVG-RTPM: 81ms
    [junit] MAJOR: Mutants killed / live: 222 (0-1075-0) / 77
    [junit] MAJOR: ------------------------------------------------------------
    [junit] MAJOR: 62/83 - org.jfree.chart.renderer.category.AbstractCategoryItemRenderer_ESTest31 (35ms / 31):
    [junit] MAJOR: 197976 (3 / 31 / 31) -> AVG-RTPM: 179ms
    [junit] MAJOR: Mutants killed / live: 225 (0-1106-0) / 74
    [junit] MAJOR: ------------------------------------------------------------
    [junit] MAJOR: 63/83 - org.jfree.chart.renderer.category.AbstractCategoryItemRenderer_ESTest13 (37ms / 24):
    [junit] MAJOR: 202951 (11 / 24 / 24) -> AVG-RTPM: 207ms
    [junit] MAJOR: Mutants killed / live: 236 (0-1130-0) / 63
    [junit] MAJOR: ------------------------------------------------------------
    [junit] MAJOR: 64/83 - org.jfree.chart.renderer.category.AbstractCategoryItemRenderer_ESTest55 (37ms / 10):
    [junit] MAJOR: 203731 (0 / 10 / 10) -> AVG-RTPM: 78ms
    [junit] MAJOR: Mutants killed / live: 236 (0-1140-0) / 63
    [junit] MAJOR: ------------------------------------------------------------
    [junit] MAJOR: 65/83 - org.jfree.chart.renderer.category.AbstractCategoryItemRenderer_ESTest70 (37ms / 23):
    [junit] MAJOR: 206208 (0 / 23 / 23) -> AVG-RTPM: 107ms
    [junit] MAJOR: Mutants killed / live: 236 (0-1163-0) / 63
    [junit] MAJOR: ------------------------------------------------------------
    [junit] MAJOR: 66/83 - org.jfree.chart.renderer.category.AbstractCategoryItemRenderer_ESTest65 (38ms / 17):
    [junit] MAJOR: 210081 (0 / 17 / 17) -> AVG-RTPM: 227ms
    [junit] MAJOR: Mutants killed / live: 236 (0-1180-0) / 63
    [junit] MAJOR: ------------------------------------------------------------
    [junit] MAJOR: 67/83 - org.jfree.chart.renderer.category.AbstractCategoryItemRenderer_ESTest9 (38ms / 10):
    [junit] MAJOR: 210858 (0 / 10 / 10) -> AVG-RTPM: 77ms
    [junit] MAJOR: Mutants killed / live: 236 (0-1190-0) / 63
    [junit] MAJOR: ------------------------------------------------------------
    [junit] MAJOR: 68/83 - org.jfree.chart.renderer.category.AbstractCategoryItemRenderer_ESTest12 (40ms / 17):
    [junit] MAJOR: 213151 (0 / 17 / 17) -> AVG-RTPM: 134ms
    [junit] MAJOR: Mutants killed / live: 236 (0-1207-0) / 63
    [junit] MAJOR: ------------------------------------------------------------
    [junit] MAJOR: 69/83 - org.jfree.chart.renderer.category.AbstractCategoryItemRenderer_ESTest61 (40ms / 6):
    [junit] MAJOR: 213620 (0 / 6 / 6) -> AVG-RTPM: 78ms
    [junit] MAJOR: Mutants killed / live: 236 (0-1213-0) / 63
    [junit] MAJOR: ------------------------------------------------------------
    [junit] MAJOR: 70/83 - org.jfree.chart.renderer.category.AbstractCategoryItemRenderer_ESTest8 (40ms / 15):
    [junit] MAJOR: 214985 (0 / 15 / 15) -> AVG-RTPM: 91ms
    [junit] MAJOR: Mutants killed / live: 236 (0-1228-0) / 63
    [junit] MAJOR: ------------------------------------------------------------
    [junit] MAJOR: 71/83 - org.jfree.chart.renderer.category.AbstractCategoryItemRenderer_ESTest16 (42ms / 24):
    [junit] MAJOR: 219993 (0 / 24 / 24) -> AVG-RTPM: 208ms
    [junit] MAJOR: Mutants killed / live: 236 (0-1252-0) / 63
    [junit] MAJOR: ------------------------------------------------------------
    [junit] MAJOR: 72/83 - org.jfree.chart.renderer.category.AbstractCategoryItemRenderer_ESTest33 (43ms / 9):
    [junit] MAJOR: 220739 (0 / 9 / 9) -> AVG-RTPM: 82ms
    [junit] MAJOR: Mutants killed / live: 236 (0-1261-0) / 63
    [junit] MAJOR: ------------------------------------------------------------
    [junit] MAJOR: 73/83 - org.jfree.chart.renderer.category.AbstractCategoryItemRenderer_ESTest0 (44ms / 10):
    [junit] MAJOR: 221739 (0 / 10 / 10) -> AVG-RTPM: 100ms
    [junit] MAJOR: Mutants killed / live: 236 (0-1271-0) / 63
    [junit] MAJOR: ------------------------------------------------------------
    [junit] MAJOR: 74/83 - org.jfree.chart.renderer.category.AbstractCategoryItemRenderer_ESTest26 (44ms / 45):
    [junit] MAJOR: 230706 (34 / 45 / 45) -> AVG-RTPM: 199ms
    [junit] MAJOR: Mutants killed / live: 270 (0-1316-0) / 29
    [junit] MAJOR: ------------------------------------------------------------
    [junit] MAJOR: 75/83 - org.jfree.chart.renderer.category.AbstractCategoryItemRenderer_ESTest59 (44ms / 15):
    [junit] MAJOR: 232761 (1 / 15 / 15) -> AVG-RTPM: 137ms
    [junit] MAJOR: Mutants killed / live: 271 (0-1331-0) / 28
    [junit] MAJOR: ------------------------------------------------------------
    [junit] MAJOR: 76/83 - org.jfree.chart.renderer.category.AbstractCategoryItemRenderer_ESTest10 (47ms / 8):
    [junit] MAJOR: 233867 (0 / 8 / 8) -> AVG-RTPM: 138ms
    [junit] MAJOR: Mutants killed / live: 271 (0-1339-0) / 28
    [junit] MAJOR: ------------------------------------------------------------
    [junit] MAJOR: 77/83 - org.jfree.chart.renderer.category.AbstractCategoryItemRenderer_ESTest43 (50ms / 26):
    [junit] MAJOR: 239908 (0 / 26 / 26) -> AVG-RTPM: 232ms
    [junit] MAJOR: Mutants killed / live: 271 (0-1365-0) / 28
    [junit] MAJOR: ------------------------------------------------------------
    [junit] MAJOR: 78/83 - org.jfree.chart.renderer.category.AbstractCategoryItemRenderer_ESTest64 (53ms / 12):
    [junit] MAJOR: 240903 (0 / 12 / 12) -> AVG-RTPM: 82ms
    [junit] MAJOR: Mutants killed / live: 271 (0-1377-0) / 28
    [junit] MAJOR: ------------------------------------------------------------
    [junit] MAJOR: 79/83 - org.jfree.chart.renderer.category.AbstractCategoryItemRenderer_ESTest18 (81ms / 8):
    [junit] MAJOR: 241826 (0 / 8 / 8) -> AVG-RTPM: 115ms
    [junit] MAJOR: Mutants killed / live: 271 (0-1385-0) / 28
    [junit] MAJOR: ------------------------------------------------------------
    [junit] MAJOR: 80/83 - org.jfree.chart.renderer.category.AbstractCategoryItemRenderer_ESTest54 (81ms / 11):
    [junit] MAJOR: 242670 (0 / 11 / 11) -> AVG-RTPM: 76ms
    [junit] MAJOR: Mutants killed / live: 271 (0-1396-0) / 28
    [junit] MAJOR: ------------------------------------------------------------
    [junit] MAJOR: 81/83 - org.jfree.chart.renderer.category.AbstractCategoryItemRenderer_ESTest14 (96ms / 50):
    [junit] MAJOR: 247822 (7 / 50 / 50) -> AVG-RTPM: 103ms
    [junit] MAJOR: Mutants killed / live: 278 (0-1446-0) / 21
    [junit] MAJOR: ------------------------------------------------------------
    [junit] MAJOR: 82/83 - org.jfree.chart.renderer.category.AbstractCategoryItemRenderer_ESTest81 (150ms / 23):
    [junit] MAJOR: 249936 (0 / 23 / 23) -> AVG-RTPM: 91ms
    [junit] MAJOR: Mutants killed / live: 278 (0-1469-0) / 21
    [junit] MAJOR: ------------------------------------------------------------
    [junit] MAJOR: 83/83 - org.jfree.chart.renderer.category.AbstractCategoryItemRenderer_ESTest7 (211ms / 64):
    [junit] MAJOR: 263964 (21 / 64 / 64) -> AVG-RTPM: 219ms
    [junit] MAJOR: Mutants killed / live: 299 (0-1533-0) / 0
    [junit] MAJOR: ------------------------------------------------------------
    [junit] MAJOR: Summary:
    [junit] MAJOR: 
    [junit] MAJOR: Analysis time:  264.0 seconds
    [junit] MAJOR: Mutation score: 49.75% (100.00%)
    [junit] MAJOR: Mutants killed / live: 299 (0-1533-0) / 0
    [junit] MAJOR: Mutant executions: 1554
    [junit] MAJOR: ------------------------------------------------------------
    [junit] MAJOR: Export summary of results (to summary.csv)
    [junit] MAJOR: Export mutant kill details (to /tmp/run_mutation.pl_102996_1501404932/1f/kill.csv)
    [junit] MAJOR: Export kill map (to killMap.csv)!

BUILD SUCCESSFUL
Total time: 7 minutes 19 seconds
