
initialise:

compile:
    [javac] /home/to_donghwan/defects4j/framework/projects/Chart/Chart.build.xml:56: warning: 'includeantruntime' was not set, defaulting to build.sysclasspath=last; set to false for repeatable builds

compile-experimental:
    [javac] /home/to_donghwan/defects4j/framework/projects/Chart/Chart.build.xml:105: warning: 'includeantruntime' was not set, defaulting to build.sysclasspath=last; set to false for repeatable builds
    [javac] Compiling 26 source files to /tmp/run_mutation.pl_121573_1501527395/20f/build
    [javac] warning: [options] bootstrap class path not set in conjunction with -source 1.4
    [javac] 1 warning

compile.tests:
    [mkdir] Created dir: /tmp/run_mutation.pl_121573_1501527395/20f/build-tests
    [javac] /home/to_donghwan/defects4j/framework/projects/Chart/Chart.build.xml:122: warning: 'includeantruntime' was not set, defaulting to build.sysclasspath=last; set to false for repeatable builds
    [javac] Compiling 332 source files to /tmp/run_mutation.pl_121573_1501527395/20f/build-tests
    [javac] warning: [options] bootstrap class path not set in conjunction with -source 1.4
    [javac] Note: /tmp/run_mutation.pl_121573_1501527395/20f/tests/org/jfree/chart/axis/junit/SegmentedTimelineTests.java uses or overrides a deprecated API.
    [javac] Note: Recompile with -Xlint:deprecation for details.
    [javac] 1 warning

update.all.tests:

mutation.test:
     [echo] Running mutation analysis ...
    [junit] MAJOR: Mutation analysis enabled
SLF4J: Failed to load class "org.slf4j.impl.StaticLoggerBinder".
SLF4J: Defaulting to no-operation (NOP) logger implementation
SLF4J: See http://www.slf4j.org/codes.html#StaticLoggerBinder for further details.
    [junit] MAJOR: ------------------------------------------------------------
    [junit] MAJOR: Run 5 ordered tests to verify independence
    [junit] MAJOR: ------------------------------------------------------------
    [junit] MAJOR: Preprocessing time: 5.55 seconds
    [junit] MAJOR: ------------------------------------------------------------
    [junit] MAJOR: Mutants generated: 23
    [junit] MAJOR: Mutants covered:   21 (91.30%)
    [junit] MAJOR: ------------------------------------------------------------
    [junit] MAJOR: Export test map to (testMap.csv)
    [junit] MAJOR: Export coverage map to (covMap.csv)
    [junit] MAJOR: Exclude 0 mutants
    [junit] MAJOR: ------------------------------------------------------------
    [junit] MAJOR: Run mutation analysis with 5 individual tests
    [junit] MAJOR: ------------------------------------------------------------
    [junit] MAJOR: 1/5 - org.jfree.chart.plot.ValueMarker_ESTest3 (26ms / 14):
    [junit] MAJOR: 6283 (7 / 14 / 14) -> AVG-RTPM: 448ms
    [junit] MAJOR: Mutants killed / live: 7 (7-0-0) / 14
    [junit] MAJOR: ------------------------------------------------------------
    [junit] MAJOR: 2/5 - org.jfree.chart.plot.ValueMarker_ESTest4 (28ms / 16):
    [junit] MAJOR: 14418 (8 / 16 / 16) -> AVG-RTPM: 508ms
    [junit] MAJOR: Mutants killed / live: 15 (17-1-0) / 6
    [junit] MAJOR: ------------------------------------------------------------
    [junit] MAJOR: 3/5 - org.jfree.chart.plot.ValueMarker_ESTest2 (29ms / 7):
    [junit] MAJOR: 18452 (1 / 7 / 7) -> AVG-RTPM: 576ms
    [junit] MAJOR: Mutants killed / live: 16 (21-1-0) / 5
    [junit] MAJOR: ------------------------------------------------------------
    [junit] MAJOR: 4/5 - org.jfree.chart.plot.ValueMarker_ESTest0 (41ms / 3):
    [junit] MAJOR: 20180 (1 / 3 / 3) -> AVG-RTPM: 576ms
    [junit] MAJOR: Mutants killed / live: 17 (22-1-0) / 4
    [junit] MAJOR: ------------------------------------------------------------
    [junit] MAJOR: 5/5 - org.jfree.chart.plot.ValueMarker_ESTest1 (41ms / 1):
    [junit] MAJOR: 20831 (0 / 1 / 1) -> AVG-RTPM: 651ms
    [junit] MAJOR: Mutants killed / live: 17 (23-1-0) / 4
    [junit] MAJOR: ------------------------------------------------------------
    [junit] MAJOR: Summary:
    [junit] MAJOR: 
    [junit] MAJOR: Analysis time:  20.8 seconds
    [junit] MAJOR: Mutation score: 73.91% (80.95%)
    [junit] MAJOR: Mutants killed / live: 17 (23-1-0) / 4
    [junit] MAJOR: Mutant executions: 41
    [junit] MAJOR: ------------------------------------------------------------
    [junit] MAJOR: Export summary of results (to summary.csv)
    [junit] MAJOR: Export mutant kill details (to /tmp/run_mutation.pl_121573_1501527395/20f/kill.csv)
    [junit] MAJOR: Export kill map (to killMap.csv)!

BUILD SUCCESSFUL
Total time: 33 seconds
