
initialise:

compile:
    [javac] /home/to_donghwan/defects4j/framework/projects/Chart/Chart.build.xml:56: warning: 'includeantruntime' was not set, defaulting to build.sysclasspath=last; set to false for repeatable builds

compile-experimental:
    [javac] /home/to_donghwan/defects4j/framework/projects/Chart/Chart.build.xml:105: warning: 'includeantruntime' was not set, defaulting to build.sysclasspath=last; set to false for repeatable builds
    [javac] Compiling 26 source files to /tmp/run_mutation.pl_47943_1483604858/21f/build
    [javac] warning: [options] bootstrap class path not set in conjunction with -source 1.4
    [javac] 1 warning

compile.tests:
    [mkdir] Created dir: /tmp/run_mutation.pl_47943_1483604858/21f/build-tests
    [javac] /home/to_donghwan/defects4j/framework/projects/Chart/Chart.build.xml:122: warning: 'includeantruntime' was not set, defaulting to build.sysclasspath=last; set to false for repeatable builds
    [javac] Compiling 332 source files to /tmp/run_mutation.pl_47943_1483604858/21f/build-tests
    [javac] warning: [options] bootstrap class path not set in conjunction with -source 1.4
    [javac] Note: /tmp/run_mutation.pl_47943_1483604858/21f/tests/org/jfree/chart/axis/junit/SegmentedTimelineTests.java uses or overrides a deprecated API.
    [javac] Note: Recompile with -Xlint:deprecation for details.
    [javac] 1 warning

update.all.tests:

mutation.test:
     [echo] Running mutation analysis ...
    [junit] MAJOR: Mutation analysis enabled
SLF4J: Failed to load class "org.slf4j.impl.StaticLoggerBinder".
SLF4J: Defaulting to no-operation (NOP) logger implementation
SLF4J: See http://www.slf4j.org/codes.html#StaticLoggerBinder for further details.
    [junit] MAJOR: ------------------------------------------------------------
    [junit] MAJOR: Run 43 ordered tests to verify independence
    [junit] MAJOR: ------------------------------------------------------------
    [junit] MAJOR: Preprocessing time: 16.43 seconds
    [junit] MAJOR: ------------------------------------------------------------
    [junit] MAJOR: Mutants generated: 269
    [junit] MAJOR: Mutants covered:   268 (99.63%)
    [junit] MAJOR: ------------------------------------------------------------
    [junit] MAJOR: Export test map to (testMap.csv)
    [junit] MAJOR: Export coverage map to (covMap.csv)
    [junit] MAJOR: Exclude 0 mutants
    [junit] MAJOR: ------------------------------------------------------------
    [junit] MAJOR: Run mutation analysis with 43 individual tests
    [junit] MAJOR: ------------------------------------------------------------
    [junit] MAJOR: 1/43 - org.jfree.data.statistics.DefaultBoxAndWhiskerCategoryDataset_ESTest26 (9ms / 80):
    [junit] MAJOR: 42939 (7 / 80 / 80) -> AVG-RTPM: 536ms
    [junit] MAJOR: Mutants killed / live: 7 (0-7-0) / 261
    [junit] MAJOR: ------------------------------------------------------------
    [junit] MAJOR: 2/43 - org.jfree.data.statistics.DefaultBoxAndWhiskerCategoryDataset_ESTest27 (9ms / 107):
    [junit] MAJOR: 190680 (2 / 107 / 107) -> AVG-RTPM: 1380ms
    [junit] MAJOR: Mutants killed / live: 9 (0-13-0) / 259
    [junit] MAJOR: ------------------------------------------------------------
    [junit] MAJOR: 3/43 - org.jfree.data.statistics.DefaultBoxAndWhiskerCategoryDataset_ESTest29 (9ms / 80):
    [junit] MAJOR: 241736 (61 / 80 / 80) -> AVG-RTPM: 638ms
    [junit] MAJOR: Mutants killed / live: 70 (0-78-0) / 198
    [junit] MAJOR: ------------------------------------------------------------
    [junit] MAJOR: 4/43 - org.jfree.data.statistics.DefaultBoxAndWhiskerCategoryDataset_ESTest3 (9ms / 20):
    [junit] MAJOR: 245207 (15 / 20 / 20) -> AVG-RTPM: 173ms
    [junit] MAJOR: Mutants killed / live: 85 (0-98-0) / 183
    [junit] MAJOR: ------------------------------------------------------------
    [junit] MAJOR: 5/43 - org.jfree.data.statistics.DefaultBoxAndWhiskerCategoryDataset_ESTest30 (9ms / 80):
    [junit] MAJOR: 258242 (4 / 80 / 80) -> AVG-RTPM: 162ms
    [junit] MAJOR: Mutants killed / live: 89 (0-178-0) / 179
    [junit] MAJOR: ------------------------------------------------------------
    [junit] MAJOR: 6/43 - org.jfree.data.statistics.DefaultBoxAndWhiskerCategoryDataset_ESTest34 (9ms / 80):
    [junit] MAJOR: 270784 (4 / 80 / 80) -> AVG-RTPM: 156ms
    [junit] MAJOR: Mutants killed / live: 93 (0-258-0) / 175
    [junit] MAJOR: ------------------------------------------------------------
    [junit] MAJOR: 7/43 - org.jfree.data.statistics.DefaultBoxAndWhiskerCategoryDataset_ESTest35 (9ms / 80):
    [junit] MAJOR: 283666 (4 / 80 / 80) -> AVG-RTPM: 161ms
    [junit] MAJOR: Mutants killed / live: 97 (0-338-0) / 171
    [junit] MAJOR: ------------------------------------------------------------
    [junit] MAJOR: 8/43 - org.jfree.data.statistics.DefaultBoxAndWhiskerCategoryDataset_ESTest36 (9ms / 80):
    [junit] MAJOR: 296027 (4 / 80 / 80) -> AVG-RTPM: 154ms
    [junit] MAJOR: Mutants killed / live: 101 (0-418-0) / 167
    [junit] MAJOR: ------------------------------------------------------------
    [junit] MAJOR: 9/43 - org.jfree.data.statistics.DefaultBoxAndWhiskerCategoryDataset_ESTest37 (9ms / 80):
    [junit] MAJOR: 309669 (4 / 80 / 80) -> AVG-RTPM: 170ms
    [junit] MAJOR: Mutants killed / live: 105 (0-498-0) / 163
    [junit] MAJOR: ------------------------------------------------------------
    [junit] MAJOR: 10/43 - org.jfree.data.statistics.DefaultBoxAndWhiskerCategoryDataset_ESTest39 (9ms / 143):
    [junit] MAJOR: 332863 (68 / 143 / 143) -> AVG-RTPM: 162ms
    [junit] MAJOR: Mutants killed / live: 173 (0-641-0) / 95
    [junit] MAJOR: ------------------------------------------------------------
    [junit] MAJOR: 11/43 - org.jfree.data.statistics.DefaultBoxAndWhiskerCategoryDataset_ESTest4 (9ms / 20):
    [junit] MAJOR: 335965 (0 / 20 / 20) -> AVG-RTPM: 155ms
    [junit] MAJOR: Mutants killed / live: 173 (0-661-0) / 95
    [junit] MAJOR: ------------------------------------------------------------
    [junit] MAJOR: 12/43 - org.jfree.data.statistics.DefaultBoxAndWhiskerCategoryDataset_ESTest40 (9ms / 150):
    [junit] MAJOR: 361630 (33 / 150 / 150) -> AVG-RTPM: 171ms
    [junit] MAJOR: Mutants killed / live: 206 (0-811-0) / 62
    [junit] MAJOR: ------------------------------------------------------------
    [junit] MAJOR: 13/43 - org.jfree.data.statistics.DefaultBoxAndWhiskerCategoryDataset_ESTest41 (9ms / 24):
    [junit] MAJOR: 365446 (4 / 24 / 24) -> AVG-RTPM: 159ms
    [junit] MAJOR: Mutants killed / live: 210 (0-835-0) / 58
    [junit] MAJOR: ------------------------------------------------------------
    [junit] MAJOR: 14/43 - org.jfree.data.statistics.DefaultBoxAndWhiskerCategoryDataset_ESTest7 (9ms / 20):
    [junit] MAJOR: 368594 (0 / 20 / 20) -> AVG-RTPM: 157ms
    [junit] MAJOR: Mutants killed / live: 210 (0-855-0) / 58
    [junit] MAJOR: ------------------------------------------------------------
    [junit] MAJOR: 15/43 - org.jfree.data.statistics.DefaultBoxAndWhiskerCategoryDataset_ESTest9 (9ms / 20):
    [junit] MAJOR: 371850 (0 / 20 / 20) -> AVG-RTPM: 162ms
    [junit] MAJOR: Mutants killed / live: 210 (0-875-0) / 58
    [junit] MAJOR: ------------------------------------------------------------
    [junit] MAJOR: 16/43 - org.jfree.data.statistics.DefaultBoxAndWhiskerCategoryDataset_ESTest15 (10ms / 80):
    [junit] MAJOR: 385158 (4 / 80 / 80) -> AVG-RTPM: 166ms
    [junit] MAJOR: Mutants killed / live: 214 (0-955-0) / 54
    [junit] MAJOR: ------------------------------------------------------------
    [junit] MAJOR: 17/43 - org.jfree.data.statistics.DefaultBoxAndWhiskerCategoryDataset_ESTest16 (10ms / 93):
    [junit] MAJOR: 400991 (10 / 93 / 93) -> AVG-RTPM: 170ms
    [junit] MAJOR: Mutants killed / live: 224 (0-1048-0) / 44
    [junit] MAJOR: ------------------------------------------------------------
    [junit] MAJOR: 18/43 - org.jfree.data.statistics.DefaultBoxAndWhiskerCategoryDataset_ESTest19 (10ms / 93):
    [junit] MAJOR: 416512 (3 / 93 / 93) -> AVG-RTPM: 166ms
    [junit] MAJOR: Mutants killed / live: 227 (0-1141-0) / 41
    [junit] MAJOR: ------------------------------------------------------------
    [junit] MAJOR: 19/43 - org.jfree.data.statistics.DefaultBoxAndWhiskerCategoryDataset_ESTest20 (10ms / 80):
    [junit] MAJOR: 429966 (1 / 80 / 80) -> AVG-RTPM: 168ms
    [junit] MAJOR: Mutants killed / live: 228 (0-1221-0) / 40
    [junit] MAJOR: ------------------------------------------------------------
    [junit] MAJOR: 20/43 - org.jfree.data.statistics.DefaultBoxAndWhiskerCategoryDataset_ESTest21 (10ms / 80):
    [junit] MAJOR: 443324 (4 / 80 / 80) -> AVG-RTPM: 166ms
    [junit] MAJOR: Mutants killed / live: 232 (0-1301-0) / 36
    [junit] MAJOR: ------------------------------------------------------------
    [junit] MAJOR: 21/43 - org.jfree.data.statistics.DefaultBoxAndWhiskerCategoryDataset_ESTest23 (10ms / 80):
    [junit] MAJOR: 456929 (4 / 80 / 80) -> AVG-RTPM: 170ms
    [junit] MAJOR: Mutants killed / live: 236 (0-1381-0) / 32
    [junit] MAJOR: ------------------------------------------------------------
    [junit] MAJOR: 22/43 - org.jfree.data.statistics.DefaultBoxAndWhiskerCategoryDataset_ESTest31 (10ms / 80):
    [junit] MAJOR: 470320 (4 / 80 / 80) -> AVG-RTPM: 167ms
    [junit] MAJOR: Mutants killed / live: 240 (0-1461-0) / 28
    [junit] MAJOR: ------------------------------------------------------------
    [junit] MAJOR: 23/43 - org.jfree.data.statistics.DefaultBoxAndWhiskerCategoryDataset_ESTest38 (10ms / 80):
    [junit] MAJOR: 483806 (4 / 80 / 80) -> AVG-RTPM: 168ms
    [junit] MAJOR: Mutants killed / live: 244 (0-1541-0) / 24
    [junit] MAJOR: ------------------------------------------------------------
    [junit] MAJOR: 24/43 - org.jfree.data.statistics.DefaultBoxAndWhiskerCategoryDataset_ESTest42 (10ms / 23):
    [junit] MAJOR: 487476 (0 / 23 / 23) -> AVG-RTPM: 159ms
    [junit] MAJOR: Mutants killed / live: 244 (0-1564-0) / 24
    [junit] MAJOR: ------------------------------------------------------------
    [junit] MAJOR: 25/43 - org.jfree.data.statistics.DefaultBoxAndWhiskerCategoryDataset_ESTest14 (11ms / 173):
    [junit] MAJOR: 516923 (3 / 173 / 173) -> AVG-RTPM: 170ms
    [junit] MAJOR: Mutants killed / live: 247 (0-1737-0) / 21
    [junit] MAJOR: ------------------------------------------------------------
    [junit] MAJOR: 26/43 - org.jfree.data.statistics.DefaultBoxAndWhiskerCategoryDataset_ESTest18 (11ms / 80):
    [junit] MAJOR: 530316 (4 / 80 / 80) -> AVG-RTPM: 167ms
    [junit] MAJOR: Mutants killed / live: 251 (0-1817-0) / 17
    [junit] MAJOR: ------------------------------------------------------------
    [junit] MAJOR: 27/43 - org.jfree.data.statistics.DefaultBoxAndWhiskerCategoryDataset_ESTest24 (11ms / 80):
    [junit] MAJOR: 543634 (4 / 80 / 80) -> AVG-RTPM: 166ms
    [junit] MAJOR: Mutants killed / live: 255 (0-1897-0) / 13
    [junit] MAJOR: ------------------------------------------------------------
    [junit] MAJOR: 28/43 - org.jfree.data.statistics.DefaultBoxAndWhiskerCategoryDataset_ESTest25 (11ms / 93):
    [junit] MAJOR: 559114 (1 / 93 / 93) -> AVG-RTPM: 166ms
    [junit] MAJOR: Mutants killed / live: 256 (0-1990-0) / 12
    [junit] MAJOR: ------------------------------------------------------------
    [junit] MAJOR: 29/43 - org.jfree.data.statistics.DefaultBoxAndWhiskerCategoryDataset_ESTest5 (11ms / 20):
    [junit] MAJOR: 562350 (0 / 20 / 20) -> AVG-RTPM: 161ms
    [junit] MAJOR: Mutants killed / live: 256 (0-2010-0) / 12
    [junit] MAJOR: ------------------------------------------------------------
    [junit] MAJOR: 30/43 - org.jfree.data.statistics.DefaultBoxAndWhiskerCategoryDataset_ESTest8 (11ms / 20):
    [junit] MAJOR: 565718 (0 / 20 / 20) -> AVG-RTPM: 168ms
    [junit] MAJOR: Mutants killed / live: 256 (0-2030-0) / 12
    [junit] MAJOR: ------------------------------------------------------------
    [junit] MAJOR: 31/43 - org.jfree.data.statistics.DefaultBoxAndWhiskerCategoryDataset_ESTest1 (12ms / 20):
    [junit] MAJOR: 569335 (0 / 20 / 20) -> AVG-RTPM: 180ms
    [junit] MAJOR: Mutants killed / live: 256 (0-2050-0) / 12
    [junit] MAJOR: ------------------------------------------------------------
    [junit] MAJOR: 32/43 - org.jfree.data.statistics.DefaultBoxAndWhiskerCategoryDataset_ESTest10 (12ms / 20):
    [junit] MAJOR: 572529 (0 / 20 / 20) -> AVG-RTPM: 159ms
    [junit] MAJOR: Mutants killed / live: 256 (0-2070-0) / 12
    [junit] MAJOR: ------------------------------------------------------------
    [junit] MAJOR: 33/43 - org.jfree.data.statistics.DefaultBoxAndWhiskerCategoryDataset_ESTest13 (12ms / 180):
    [junit] MAJOR: 603041 (3 / 180 / 180) -> AVG-RTPM: 169ms
    [junit] MAJOR: Mutants killed / live: 259 (0-2250-0) / 9
    [junit] MAJOR: ------------------------------------------------------------
    [junit] MAJOR: 34/43 - org.jfree.data.statistics.DefaultBoxAndWhiskerCategoryDataset_ESTest22 (12ms / 93):
    [junit] MAJOR: 618945 (0 / 93 / 93) -> AVG-RTPM: 171ms
    [junit] MAJOR: Mutants killed / live: 259 (0-2343-0) / 9
    [junit] MAJOR: ------------------------------------------------------------
    [junit] MAJOR: 35/43 - org.jfree.data.statistics.DefaultBoxAndWhiskerCategoryDataset_ESTest2 (13ms / 76):
    [junit] MAJOR: 631669 (1 / 76 / 76) -> AVG-RTPM: 167ms
    [junit] MAJOR: Mutants killed / live: 260 (0-2419-0) / 8
    [junit] MAJOR: ------------------------------------------------------------
    [junit] MAJOR: 36/43 - org.jfree.data.statistics.DefaultBoxAndWhiskerCategoryDataset_ESTest11 (15ms / 21):
    [junit] MAJOR: 635234 (1 / 21 / 21) -> AVG-RTPM: 169ms
    [junit] MAJOR: Mutants killed / live: 261 (0-2440-0) / 7
    [junit] MAJOR: ------------------------------------------------------------
    [junit] MAJOR: 37/43 - org.jfree.data.statistics.DefaultBoxAndWhiskerCategoryDataset_ESTest6 (15ms / 20):
    [junit] MAJOR: 638596 (0 / 20 / 20) -> AVG-RTPM: 168ms
    [junit] MAJOR: Mutants killed / live: 261 (0-2460-0) / 7
    [junit] MAJOR: ------------------------------------------------------------
    [junit] MAJOR: 38/43 - org.jfree.data.statistics.DefaultBoxAndWhiskerCategoryDataset_ESTest12 (16ms / 20):
    [junit] MAJOR: 641818 (0 / 20 / 20) -> AVG-RTPM: 161ms
    [junit] MAJOR: Mutants killed / live: 261 (0-2480-0) / 7
    [junit] MAJOR: ------------------------------------------------------------
    [junit] MAJOR: 39/43 - org.jfree.data.statistics.DefaultBoxAndWhiskerCategoryDataset_ESTest17 (18ms / 79):
    [junit] MAJOR: 655434 (1 / 79 / 79) -> AVG-RTPM: 172ms
    [junit] MAJOR: Mutants killed / live: 262 (0-2559-0) / 6
    [junit] MAJOR: ------------------------------------------------------------
    [junit] MAJOR: 40/43 - org.jfree.data.statistics.DefaultBoxAndWhiskerCategoryDataset_ESTest0 (21ms / 20):
    [junit] MAJOR: 658650 (0 / 20 / 20) -> AVG-RTPM: 160ms
    [junit] MAJOR: Mutants killed / live: 262 (0-2579-0) / 6
    [junit] MAJOR: ------------------------------------------------------------
    [junit] MAJOR: 41/43 - org.jfree.data.statistics.DefaultBoxAndWhiskerCategoryDataset_ESTest32 (25ms / 80):
    [junit] MAJOR: 672445 (4 / 80 / 80) -> AVG-RTPM: 172ms
    [junit] MAJOR: Mutants killed / live: 266 (0-2659-0) / 2
    [junit] MAJOR: ------------------------------------------------------------
    [junit] MAJOR: 42/43 - org.jfree.data.statistics.DefaultBoxAndWhiskerCategoryDataset_ESTest28 (28ms / 94):
    [junit] MAJOR: 688439 (2 / 94 / 94) -> AVG-RTPM: 170ms
    [junit] MAJOR: Mutants killed / live: 268 (0-2753-0) / 0
    [junit] MAJOR: ------------------------------------------------------------
    [junit] MAJOR: 43/43 - org.jfree.data.statistics.DefaultBoxAndWhiskerCategoryDataset_ESTest33 (30ms / 93):
    [junit] MAJOR: 704565 (0 / 93 / 93) -> AVG-RTPM: 173ms
    [junit] MAJOR: Mutants killed / live: 268 (0-2846-0) / 0
    [junit] MAJOR: ------------------------------------------------------------
    [junit] MAJOR: Summary:
    [junit] MAJOR: 
    [junit] MAJOR: Analysis time:  704.6 seconds
    [junit] MAJOR: Mutation score: 99.63% (100.00%)
    [junit] MAJOR: Mutants killed / live: 268 (0-2846-0) / 0
    [junit] MAJOR: Mutant executions: 3035
    [junit] MAJOR: ------------------------------------------------------------
    [junit] MAJOR: Export summary of results (to summary.csv)
    [junit] MAJOR: Export mutant kill details (to /tmp/run_mutation.pl_47943_1483604858/21f/kill.csv)
    [junit] MAJOR: Export kill map (to killMap.csv)!

BUILD SUCCESSFUL
Total time: 12 minutes 5 seconds
