
initialise:

compile:
    [javac] /home/to_donghwan/defects4j/framework/projects/Chart/Chart.build.xml:56: warning: 'includeantruntime' was not set, defaulting to build.sysclasspath=last; set to false for repeatable builds

compile-experimental:
    [javac] /home/to_donghwan/defects4j/framework/projects/Chart/Chart.build.xml:105: warning: 'includeantruntime' was not set, defaulting to build.sysclasspath=last; set to false for repeatable builds
    [javac] Compiling 26 source files to /tmp/run_mutation.pl_30992_1501357110/22f/build
    [javac] warning: [options] bootstrap class path not set in conjunction with -source 1.4
    [javac] 1 warning

compile.tests:
    [mkdir] Created dir: /tmp/run_mutation.pl_30992_1501357110/22f/build-tests
    [javac] /home/to_donghwan/defects4j/framework/projects/Chart/Chart.build.xml:122: warning: 'includeantruntime' was not set, defaulting to build.sysclasspath=last; set to false for repeatable builds
    [javac] Compiling 332 source files to /tmp/run_mutation.pl_30992_1501357110/22f/build-tests
    [javac] warning: [options] bootstrap class path not set in conjunction with -source 1.4
    [javac] Note: /tmp/run_mutation.pl_30992_1501357110/22f/tests/org/jfree/chart/axis/junit/SegmentedTimelineTests.java uses or overrides a deprecated API.
    [javac] Note: Recompile with -Xlint:deprecation for details.
    [javac] 1 warning

update.all.tests:

mutation.test:
     [echo] Running mutation analysis ...
    [junit] MAJOR: Mutation analysis enabled
SLF4J: Failed to load class "org.slf4j.impl.StaticLoggerBinder".
SLF4J: Defaulting to no-operation (NOP) logger implementation
SLF4J: See http://www.slf4j.org/codes.html#StaticLoggerBinder for further details.
    [junit] MAJOR: ------------------------------------------------------------
    [junit] MAJOR: Run 23 ordered tests to verify independence
    [junit] MAJOR: ------------------------------------------------------------
    [junit] MAJOR: Preprocessing time: 3.75 seconds
    [junit] MAJOR: ------------------------------------------------------------
    [junit] MAJOR: Mutants generated: 272
    [junit] MAJOR: Mutants covered:   249 (91.54%)
    [junit] MAJOR: ------------------------------------------------------------
    [junit] MAJOR: Export test map to (testMap.csv)
    [junit] MAJOR: Export coverage map to (covMap.csv)
    [junit] MAJOR: Exclude 0 mutants
    [junit] MAJOR: ------------------------------------------------------------
    [junit] MAJOR: Run mutation analysis with 23 individual tests
    [junit] MAJOR: ------------------------------------------------------------
    [junit] MAJOR: 1/23 - org.jfree.data.KeyedObjects2D_ESTest3 (8ms / 3):
    [junit] MAJOR: 225 (1 / 3 / 3) -> AVG-RTPM: 75ms
    [junit] MAJOR: Mutants killed / live: 1 (0-1-0) / 248
    [junit] MAJOR: ------------------------------------------------------------
    [junit] MAJOR: 2/23 - org.jfree.data.KeyedObjects2D_ESTest4 (8ms / 47):
    [junit] MAJOR: 5586 (29 / 47 / 47) -> AVG-RTPM: 114ms
    [junit] MAJOR: Mutants killed / live: 30 (11-20-0) / 219
    [junit] MAJOR: ------------------------------------------------------------
    [junit] MAJOR: 3/23 - org.jfree.data.KeyedObjects2D_ESTest7 (8ms / 9):
    [junit] MAJOR: 7172 (0 / 9 / 9) -> AVG-RTPM: 176ms
    [junit] MAJOR: Mutants killed / live: 30 (11-20-0) / 219
    [junit] MAJOR: ------------------------------------------------------------
    [junit] MAJOR: 4/23 - org.jfree.data.KeyedObjects2D_ESTest8 (8ms / 65):
    [junit] MAJOR: 25050 (21 / 65 / 65) -> AVG-RTPM: 275ms
    [junit] MAJOR: Mutants killed / live: 51 (17-55-0) / 198
    [junit] MAJOR: ------------------------------------------------------------
    [junit] MAJOR: 5/23 - org.jfree.data.KeyedObjects2D_ESTest9 (8ms / 55):
    [junit] MAJOR: 52545 (3 / 55 / 55) -> AVG-RTPM: 499ms
    [junit] MAJOR: Mutants killed / live: 54 (22-67-0) / 195
    [junit] MAJOR: ------------------------------------------------------------
    [junit] MAJOR: 6/23 - org.jfree.data.KeyedObjects2D_ESTest14 (9ms / 100):
    [junit] MAJOR: 90562 (64 / 100 / 100) -> AVG-RTPM: 380ms
    [junit] MAJOR: Mutants killed / live: 118 (24-144-0) / 131
    [junit] MAJOR: ------------------------------------------------------------
    [junit] MAJOR: 7/23 - org.jfree.data.KeyedObjects2D_ESTest15 (9ms / 85):
    [junit] MAJOR: 101153 (19 / 85 / 85) -> AVG-RTPM: 124ms
    [junit] MAJOR: Mutants killed / live: 137 (24-229-0) / 112
    [junit] MAJOR: ------------------------------------------------------------
    [junit] MAJOR: 8/23 - org.jfree.data.KeyedObjects2D_ESTest2 (9ms / 12):
    [junit] MAJOR: 102583 (9 / 12 / 12) -> AVG-RTPM: 119ms
    [junit] MAJOR: Mutants killed / live: 146 (24-241-0) / 103
    [junit] MAJOR: ------------------------------------------------------------
    [junit] MAJOR: 9/23 - org.jfree.data.KeyedObjects2D_ESTest22 (9ms / 36):
    [junit] MAJOR: 106804 (4 / 36 / 36) -> AVG-RTPM: 117ms
    [junit] MAJOR: Mutants killed / live: 150 (24-277-0) / 99
    [junit] MAJOR: ------------------------------------------------------------
    [junit] MAJOR: 10/23 - org.jfree.data.KeyedObjects2D_ESTest11 (10ms / 10):
    [junit] MAJOR: 108012 (0 / 10 / 10) -> AVG-RTPM: 120ms
    [junit] MAJOR: Mutants killed / live: 150 (24-287-0) / 99
    [junit] MAJOR: ------------------------------------------------------------
    [junit] MAJOR: 11/23 - org.jfree.data.KeyedObjects2D_ESTest13 (10ms / 32):
    [junit] MAJOR: 112221 (0 / 32 / 32) -> AVG-RTPM: 131ms
    [junit] MAJOR: Mutants killed / live: 150 (24-319-0) / 99
    [junit] MAJOR: ------------------------------------------------------------
    [junit] MAJOR: 12/23 - org.jfree.data.KeyedObjects2D_ESTest19 (10ms / 34):
    [junit] MAJOR: 116827 (31 / 34 / 34) -> AVG-RTPM: 135ms
    [junit] MAJOR: Mutants killed / live: 181 (24-353-0) / 68
    [junit] MAJOR: ------------------------------------------------------------
    [junit] MAJOR: 13/23 - org.jfree.data.KeyedObjects2D_ESTest21 (10ms / 76):
    [junit] MAJOR: 125481 (13 / 76 / 76) -> AVG-RTPM: 113ms
    [junit] MAJOR: Mutants killed / live: 194 (24-429-0) / 55
    [junit] MAJOR: ------------------------------------------------------------
    [junit] MAJOR: 14/23 - org.jfree.data.KeyedObjects2D_ESTest6 (10ms / 6):
    [junit] MAJOR: 126239 (1 / 6 / 6) -> AVG-RTPM: 126ms
    [junit] MAJOR: Mutants killed / live: 195 (24-435-0) / 54
    [junit] MAJOR: ------------------------------------------------------------
    [junit] MAJOR: 15/23 - org.jfree.data.KeyedObjects2D_ESTest1 (11ms / 25):
    [junit] MAJOR: 128953 (22 / 25 / 25) -> AVG-RTPM: 108ms
    [junit] MAJOR: Mutants killed / live: 217 (24-460-0) / 32
    [junit] MAJOR: ------------------------------------------------------------
    [junit] MAJOR: 16/23 - org.jfree.data.KeyedObjects2D_ESTest12 (11ms / 104):
    [junit] MAJOR: 142109 (3 / 104 / 104) -> AVG-RTPM: 126ms
    [junit] MAJOR: Mutants killed / live: 220 (24-564-0) / 29
    [junit] MAJOR: ------------------------------------------------------------
    [junit] MAJOR: 17/23 - org.jfree.data.KeyedObjects2D_ESTest18 (11ms / 7):
    [junit] MAJOR: 143308 (1 / 7 / 7) -> AVG-RTPM: 171ms
    [junit] MAJOR: Mutants killed / live: 221 (24-571-0) / 28
    [junit] MAJOR: ------------------------------------------------------------
    [junit] MAJOR: 18/23 - org.jfree.data.KeyedObjects2D_ESTest16 (12ms / 12):
    [junit] MAJOR: 144762 (0 / 12 / 12) -> AVG-RTPM: 121ms
    [junit] MAJOR: Mutants killed / live: 221 (24-583-0) / 28
    [junit] MAJOR: ------------------------------------------------------------
    [junit] MAJOR: 19/23 - org.jfree.data.KeyedObjects2D_ESTest17 (12ms / 52):
    [junit] MAJOR: 151478 (11 / 52 / 52) -> AVG-RTPM: 129ms
    [junit] MAJOR: Mutants killed / live: 232 (24-635-0) / 17
    [junit] MAJOR: ------------------------------------------------------------
    [junit] MAJOR: 20/23 - org.jfree.data.KeyedObjects2D_ESTest20 (12ms / 37):
    [junit] MAJOR: 156332 (1 / 37 / 37) -> AVG-RTPM: 131ms
    [junit] MAJOR: Mutants killed / live: 233 (24-672-0) / 16
    [junit] MAJOR: ------------------------------------------------------------
    [junit] MAJOR: 21/23 - org.jfree.data.KeyedObjects2D_ESTest5 (17ms / 18):
    [junit] MAJOR: 158684 (5 / 18 / 18) -> AVG-RTPM: 130ms
    [junit] MAJOR: Mutants killed / live: 238 (24-690-0) / 11
    [junit] MAJOR: ------------------------------------------------------------
    [junit] MAJOR: 22/23 - org.jfree.data.KeyedObjects2D_ESTest10 (18ms / 7):
    [junit] MAJOR: 159487 (0 / 7 / 7) -> AVG-RTPM: 114ms
    [junit] MAJOR: Mutants killed / live: 238 (24-697-0) / 11
    [junit] MAJOR: ------------------------------------------------------------
    [junit] MAJOR: 23/23 - org.jfree.data.KeyedObjects2D_ESTest0 (26ms / 3):
    [junit] MAJOR: 159876 (0 / 3 / 3) -> AVG-RTPM: 129ms
    [junit] MAJOR: Mutants killed / live: 238 (24-700-0) / 11
    [junit] MAJOR: ------------------------------------------------------------
    [junit] MAJOR: Summary:
    [junit] MAJOR: 
    [junit] MAJOR: Analysis time:  159.9 seconds
    [junit] MAJOR: Mutation score: 87.50% (95.58%)
    [junit] MAJOR: Mutants killed / live: 238 (24-700-0) / 11
    [junit] MAJOR: Mutant executions: 835
    [junit] MAJOR: ------------------------------------------------------------
    [junit] MAJOR: Export summary of results (to summary.csv)
    [junit] MAJOR: Export mutant kill details (to /tmp/run_mutation.pl_30992_1501357110/22f/kill.csv)
    [junit] MAJOR: Export kill map (to killMap.csv)!

BUILD SUCCESSFUL
Total time: 2 minutes 49 seconds
