
initialise:

compile:
    [javac] /home/to_donghwan/defects4j/framework/projects/Chart/Chart.build.xml:56: warning: 'includeantruntime' was not set, defaulting to build.sysclasspath=last; set to false for repeatable builds

compile-experimental:
    [javac] /home/to_donghwan/defects4j/framework/projects/Chart/Chart.build.xml:105: warning: 'includeantruntime' was not set, defaulting to build.sysclasspath=last; set to false for repeatable builds
    [javac] Compiling 26 source files to /tmp/run_mutation.pl_61209_1483605635/24f/build
    [javac] warning: [options] bootstrap class path not set in conjunction with -source 1.4
    [javac] 1 warning

compile.tests:
    [mkdir] Created dir: /tmp/run_mutation.pl_61209_1483605635/24f/build-tests
    [javac] /home/to_donghwan/defects4j/framework/projects/Chart/Chart.build.xml:122: warning: 'includeantruntime' was not set, defaulting to build.sysclasspath=last; set to false for repeatable builds
    [javac] Compiling 332 source files to /tmp/run_mutation.pl_61209_1483605635/24f/build-tests
    [javac] warning: [options] bootstrap class path not set in conjunction with -source 1.4
    [javac] Note: /tmp/run_mutation.pl_61209_1483605635/24f/tests/org/jfree/chart/axis/junit/SegmentedTimelineTests.java uses or overrides a deprecated API.
    [javac] Note: Recompile with -Xlint:deprecation for details.
    [javac] 1 warning

update.all.tests:

mutation.test:
     [echo] Running mutation analysis ...
    [junit] MAJOR: Mutation analysis enabled
SLF4J: Failed to load class "org.slf4j.impl.StaticLoggerBinder".
SLF4J: Defaulting to no-operation (NOP) logger implementation
SLF4J: See http://www.slf4j.org/codes.html#StaticLoggerBinder for further details.
    [junit] MAJOR: ------------------------------------------------------------
    [junit] MAJOR: Run 8 ordered tests to verify independence
    [junit] MAJOR: ------------------------------------------------------------
    [junit] MAJOR: Preprocessing time: 1.71 seconds
    [junit] MAJOR: ------------------------------------------------------------
    [junit] MAJOR: Mutants generated: 54
    [junit] MAJOR: Mutants covered:   53 (98.15%)
    [junit] MAJOR: ------------------------------------------------------------
    [junit] MAJOR: Export test map to (testMap.csv)
    [junit] MAJOR: Export coverage map to (covMap.csv)
    [junit] MAJOR: Exclude 0 mutants
    [junit] MAJOR: ------------------------------------------------------------
    [junit] MAJOR: Run mutation analysis with 8 individual tests
    [junit] MAJOR: ------------------------------------------------------------
    [junit] MAJOR: 1/8 - org.jfree.chart.renderer.GrayPaintScale_ESTest5 (6ms / 31):
    [junit] MAJOR: 2465 (17 / 31 / 31) -> AVG-RTPM: 79ms
    [junit] MAJOR: Mutants killed / live: 17 (10-7-0) / 36
    [junit] MAJOR: ------------------------------------------------------------
    [junit] MAJOR: 2/8 - org.jfree.chart.renderer.GrayPaintScale_ESTest6 (6ms / 32):
    [junit] MAJOR: 5552 (8 / 32 / 32) -> AVG-RTPM: 96ms
    [junit] MAJOR: Mutants killed / live: 25 (24-14-0) / 28
    [junit] MAJOR: ------------------------------------------------------------
    [junit] MAJOR: 3/8 - org.jfree.chart.renderer.GrayPaintScale_ESTest3 (7ms / 7):
    [junit] MAJOR: 6453 (2 / 7 / 7) -> AVG-RTPM: 128ms
    [junit] MAJOR: Mutants killed / live: 27 (28-14-0) / 26
    [junit] MAJOR: ------------------------------------------------------------
    [junit] MAJOR: 4/8 - org.jfree.chart.renderer.GrayPaintScale_ESTest4 (7ms / 17):
    [junit] MAJOR: 9017 (1 / 17 / 17) -> AVG-RTPM: 150ms
    [junit] MAJOR: Mutants killed / live: 28 (33-21-0) / 25
    [junit] MAJOR: ------------------------------------------------------------
    [junit] MAJOR: 5/8 - org.jfree.chart.renderer.GrayPaintScale_ESTest7 (7ms / 31):
    [junit] MAJOR: 15407 (0 / 31 / 31) -> AVG-RTPM: 206ms
    [junit] MAJOR: Mutants killed / live: 28 (44-28-0) / 25
    [junit] MAJOR: ------------------------------------------------------------
    [junit] MAJOR: 6/8 - org.jfree.chart.renderer.GrayPaintScale_ESTest2 (10ms / 32):
    [junit] MAJOR: 24998 (15 / 32 / 32) -> AVG-RTPM: 299ms
    [junit] MAJOR: Mutants killed / live: 43 (55-41-0) / 10
    [junit] MAJOR: ------------------------------------------------------------
    [junit] MAJOR: 7/8 - org.jfree.chart.renderer.GrayPaintScale_ESTest0 (13ms / 13):
    [junit] MAJOR: 29657 (0 / 13 / 13) -> AVG-RTPM: 358ms
    [junit] MAJOR: Mutants killed / live: 43 (57-48-0) / 10
    [junit] MAJOR: ------------------------------------------------------------
    [junit] MAJOR: 8/8 - org.jfree.chart.renderer.GrayPaintScale_ESTest1 (14ms / 13):
    [junit] MAJOR: 35174 (0 / 13 / 13) -> AVG-RTPM: 424ms
    [junit] MAJOR: Mutants killed / live: 43 (59-55-0) / 10
    [junit] MAJOR: ------------------------------------------------------------
    [junit] MAJOR: Summary:
    [junit] MAJOR: 
    [junit] MAJOR: Analysis time:  35.2 seconds
    [junit] MAJOR: Mutation score: 79.63% (81.13%)
    [junit] MAJOR: Mutants killed / live: 43 (59-55-0) / 10
    [junit] MAJOR: Mutant executions: 176
    [junit] MAJOR: ------------------------------------------------------------
    [junit] MAJOR: Export summary of results (to summary.csv)
    [junit] MAJOR: Export mutant kill details (to /tmp/run_mutation.pl_61209_1483605635/24f/kill.csv)
    [junit] MAJOR: Export kill map (to killMap.csv)!

BUILD SUCCESSFUL
Total time: 41 seconds
