
initialise:

compile:
    [javac] /home/donghwan/defects4j/framework/projects/Chart/Chart.build.xml:56: warning: 'includeantruntime' was not set, defaulting to build.sysclasspath=last; set to false for repeatable builds

compile-experimental:
    [javac] /home/donghwan/defects4j/framework/projects/Chart/Chart.build.xml:105: warning: 'includeantruntime' was not set, defaulting to build.sysclasspath=last; set to false for repeatable builds
    [javac] Compiling 27 source files to /tmp/run_mutation.pl_99813_1500891358/26f/build
    [javac] warning: [options] bootstrap class path not set in conjunction with -source 1.4
    [javac] 1 warning

compile.tests:
    [mkdir] Created dir: /tmp/run_mutation.pl_99813_1500891358/26f/build-tests
    [javac] /home/donghwan/defects4j/framework/projects/Chart/Chart.build.xml:122: warning: 'includeantruntime' was not set, defaulting to build.sysclasspath=last; set to false for repeatable builds
    [javac] Compiling 329 source files to /tmp/run_mutation.pl_99813_1500891358/26f/build-tests
    [javac] warning: [options] bootstrap class path not set in conjunction with -source 1.4
    [javac] 1 warning

update.all.tests:

mutation.test:
     [echo] Running mutation analysis ...
    [junit] MAJOR: Mutation analysis enabled
SLF4J: Failed to load class "org.slf4j.impl.StaticLoggerBinder".
SLF4J: Defaulting to no-operation (NOP) logger implementation
SLF4J: See http://www.slf4j.org/codes.html#StaticLoggerBinder for further details.
    [junit] MAJOR: ------------------------------------------------------------
    [junit] MAJOR: Run 49 ordered tests to verify independence
    [junit] MAJOR: ------------------------------------------------------------
    [junit] MAJOR: Preprocessing time: 53.88 seconds
    [junit] MAJOR: ------------------------------------------------------------
    [junit] MAJOR: Mutants generated: 640
    [junit] MAJOR: Mutants covered:   334 (52.19%)
    [junit] MAJOR: ------------------------------------------------------------
    [junit] MAJOR: Export test map to (testMap.csv)
    [junit] MAJOR: Export coverage map to (covMap.csv)
    [junit] MAJOR: Exclude 0 mutants
    [junit] MAJOR: ------------------------------------------------------------
    [junit] MAJOR: Run mutation analysis with 49 individual tests
    [junit] MAJOR: ------------------------------------------------------------
    [junit] MAJOR: 1/49 - org.jfree.chart.axis.Axis_ESTest24 (20ms / 74):
    [junit] MAJOR: 121108 (15 / 74 / 74) -> AVG-RTPM: 1636ms
    [junit] MAJOR: Mutants killed / live: 15 (2-13-0) / 319
    [junit] MAJOR: ------------------------------------------------------------
    [junit] MAJOR: 2/49 - org.jfree.chart.axis.Axis_ESTest34 (21ms / 54):
    [junit] MAJOR: 290488 (11 / 54 / 54) -> AVG-RTPM: 3136ms
    [junit] MAJOR: Mutants killed / live: 26 (10-18-0) / 308
    [junit] MAJOR: ------------------------------------------------------------
    [junit] MAJOR: 3/49 - org.jfree.chart.axis.Axis_ESTest35 (21ms / 69):
    [junit] MAJOR: 311788 (44 / 69 / 69) -> AVG-RTPM: 308ms
    [junit] MAJOR: Mutants killed / live: 70 (10-84-0) / 264
    [junit] MAJOR: ------------------------------------------------------------
    [junit] MAJOR: 4/49 - org.jfree.chart.axis.Axis_ESTest25 (22ms / 76):
    [junit] MAJOR: 319505 (10 / 76 / 76) -> AVG-RTPM: 101ms
    [junit] MAJOR: Mutants killed / live: 80 (10-160-0) / 254
    [junit] MAJOR: ------------------------------------------------------------
    [junit] MAJOR: 5/49 - org.jfree.chart.axis.Axis_ESTest28 (22ms / 76):
    [junit] MAJOR: 327590 (5 / 76 / 76) -> AVG-RTPM: 106ms
    [junit] MAJOR: Mutants killed / live: 85 (10-236-0) / 249
    [junit] MAJOR: ------------------------------------------------------------
    [junit] MAJOR: 6/49 - org.jfree.chart.axis.Axis_ESTest36 (22ms / 69):
    [junit] MAJOR: 334682 (5 / 69 / 69) -> AVG-RTPM: 102ms
    [junit] MAJOR: Mutants killed / live: 90 (10-305-0) / 244
    [junit] MAJOR: ------------------------------------------------------------
    [junit] MAJOR: 7/49 - org.jfree.chart.axis.Axis_ESTest7 (22ms / 73):
    [junit] MAJOR: 342363 (2 / 73 / 73) -> AVG-RTPM: 105ms
    [junit] MAJOR: Mutants killed / live: 92 (10-378-0) / 242
    [junit] MAJOR: ------------------------------------------------------------
    [junit] MAJOR: 8/49 - org.jfree.chart.axis.Axis_ESTest11 (23ms / 71):
    [junit] MAJOR: 349603 (7 / 71 / 71) -> AVG-RTPM: 101ms
    [junit] MAJOR: Mutants killed / live: 99 (10-449-0) / 235
    [junit] MAJOR: ------------------------------------------------------------
    [junit] MAJOR: 9/49 - org.jfree.chart.axis.Axis_ESTest19 (23ms / 52):
    [junit] MAJOR: 355185 (3 / 52 / 52) -> AVG-RTPM: 107ms
    [junit] MAJOR: Mutants killed / live: 102 (10-501-0) / 232
    [junit] MAJOR: ------------------------------------------------------------
    [junit] MAJOR: 10/49 - org.jfree.chart.axis.Axis_ESTest20 (23ms / 86):
    [junit] MAJOR: 377186 (22 / 86 / 86) -> AVG-RTPM: 255ms
    [junit] MAJOR: Mutants killed / live: 124 (10-587-0) / 210
    [junit] MAJOR: ------------------------------------------------------------
    [junit] MAJOR: 11/49 - org.jfree.chart.axis.Axis_ESTest22 (23ms / 69):
    [junit] MAJOR: 384264 (0 / 69 / 69) -> AVG-RTPM: 102ms
    [junit] MAJOR: Mutants killed / live: 124 (10-656-0) / 210
    [junit] MAJOR: ------------------------------------------------------------
    [junit] MAJOR: 12/49 - org.jfree.chart.axis.Axis_ESTest23 (23ms / 93):
    [junit] MAJOR: 394216 (5 / 93 / 93) -> AVG-RTPM: 107ms
    [junit] MAJOR: Mutants killed / live: 129 (10-749-0) / 205
    [junit] MAJOR: ------------------------------------------------------------
    [junit] MAJOR: 13/49 - org.jfree.chart.axis.Axis_ESTest29 (23ms / 67):
    [junit] MAJOR: 401300 (0 / 67 / 67) -> AVG-RTPM: 105ms
    [junit] MAJOR: Mutants killed / live: 129 (10-816-0) / 205
    [junit] MAJOR: ------------------------------------------------------------
    [junit] MAJOR: 14/49 - org.jfree.chart.axis.Axis_ESTest37 (23ms / 52):
    [junit] MAJOR: 406788 (0 / 52 / 52) -> AVG-RTPM: 105ms
    [junit] MAJOR: Mutants killed / live: 129 (10-868-0) / 205
    [junit] MAJOR: ------------------------------------------------------------
    [junit] MAJOR: 15/49 - org.jfree.chart.axis.Axis_ESTest40 (23ms / 74):
    [junit] MAJOR: 414470 (3 / 74 / 74) -> AVG-RTPM: 103ms
    [junit] MAJOR: Mutants killed / live: 132 (10-942-0) / 202
    [junit] MAJOR: ------------------------------------------------------------
    [junit] MAJOR: 16/49 - org.jfree.chart.axis.Axis_ESTest5 (23ms / 50):
    [junit] MAJOR: 419806 (1 / 50 / 50) -> AVG-RTPM: 106ms
    [junit] MAJOR: Mutants killed / live: 133 (10-992-0) / 201
    [junit] MAJOR: ------------------------------------------------------------
    [junit] MAJOR: 17/49 - org.jfree.chart.axis.Axis_ESTest6 (23ms / 68):
    [junit] MAJOR: 427280 (2 / 68 / 68) -> AVG-RTPM: 109ms
    [junit] MAJOR: Mutants killed / live: 135 (10-1060-0) / 199
    [junit] MAJOR: ------------------------------------------------------------
    [junit] MAJOR: 18/49 - org.jfree.chart.axis.Axis_ESTest8 (23ms / 49):
    [junit] MAJOR: 432423 (0 / 49 / 49) -> AVG-RTPM: 104ms
    [junit] MAJOR: Mutants killed / live: 135 (10-1109-0) / 199
    [junit] MAJOR: ------------------------------------------------------------
    [junit] MAJOR: 19/49 - org.jfree.chart.axis.Axis_ESTest10 (24ms / 69):
    [junit] MAJOR: 439554 (0 / 69 / 69) -> AVG-RTPM: 103ms
    [junit] MAJOR: Mutants killed / live: 135 (10-1178-0) / 199
    [junit] MAJOR: ------------------------------------------------------------
    [junit] MAJOR: 20/49 - org.jfree.chart.axis.Axis_ESTest2 (24ms / 66):
    [junit] MAJOR: 446545 (2 / 66 / 66) -> AVG-RTPM: 105ms
    [junit] MAJOR: Mutants killed / live: 137 (10-1244-0) / 197
    [junit] MAJOR: ------------------------------------------------------------
    [junit] MAJOR: 21/49 - org.jfree.chart.axis.Axis_ESTest21 (24ms / 67):
    [junit] MAJOR: 453466 (0 / 67 / 67) -> AVG-RTPM: 103ms
    [junit] MAJOR: Mutants killed / live: 137 (10-1311-0) / 197
    [junit] MAJOR: ------------------------------------------------------------
    [junit] MAJOR: 22/49 - org.jfree.chart.axis.Axis_ESTest3 (24ms / 64):
    [junit] MAJOR: 462567 (0 / 64 / 64) -> AVG-RTPM: 142ms
    [junit] MAJOR: Mutants killed / live: 137 (10-1375-0) / 197
    [junit] MAJOR: ------------------------------------------------------------
    [junit] MAJOR: 23/49 - org.jfree.chart.axis.Axis_ESTest32 (24ms / 52):
    [junit] MAJOR: 468008 (3 / 52 / 52) -> AVG-RTPM: 104ms
    [junit] MAJOR: Mutants killed / live: 140 (10-1427-0) / 194
    [junit] MAJOR: ------------------------------------------------------------
    [junit] MAJOR: 24/49 - org.jfree.chart.axis.Axis_ESTest4 (24ms / 66):
    [junit] MAJOR: 474581 (2 / 66 / 66) -> AVG-RTPM: 99ms
    [junit] MAJOR: Mutants killed / live: 142 (10-1493-0) / 192
    [junit] MAJOR: ------------------------------------------------------------
    [junit] MAJOR: 25/49 - org.jfree.chart.axis.Axis_ESTest43 (24ms / 52):
    [junit] MAJOR: 483224 (0 / 52 / 52) -> AVG-RTPM: 166ms
    [junit] MAJOR: Mutants killed / live: 142 (10-1545-0) / 192
    [junit] MAJOR: ------------------------------------------------------------
    [junit] MAJOR: 26/49 - org.jfree.chart.axis.Axis_ESTest47 (24ms / 99):
    [junit] MAJOR: 495058 (33 / 99 / 99) -> AVG-RTPM: 119ms
    [junit] MAJOR: Mutants killed / live: 175 (10-1644-0) / 159
    [junit] MAJOR: ------------------------------------------------------------
    [junit] MAJOR: 27/49 - org.jfree.chart.axis.Axis_ESTest14 (25ms / 78):
    [junit] MAJOR: 503175 (7 / 78 / 78) -> AVG-RTPM: 104ms
    [junit] MAJOR: Mutants killed / live: 182 (10-1722-0) / 152
    [junit] MAJOR: ------------------------------------------------------------
    [junit] MAJOR: 28/49 - org.jfree.chart.axis.Axis_ESTest27 (25ms / 71):
    [junit] MAJOR: 510726 (7 / 71 / 71) -> AVG-RTPM: 106ms
    [junit] MAJOR: Mutants killed / live: 189 (10-1793-0) / 145
    [junit] MAJOR: ------------------------------------------------------------
    [junit] MAJOR: 29/49 - org.jfree.chart.axis.Axis_ESTest30 (25ms / 71):
    [junit] MAJOR: 518159 (2 / 71 / 71) -> AVG-RTPM: 104ms
    [junit] MAJOR: Mutants killed / live: 191 (10-1864-0) / 143
    [junit] MAJOR: ------------------------------------------------------------
    [junit] MAJOR: 30/49 - org.jfree.chart.axis.Axis_ESTest38 (25ms / 71):
    [junit] MAJOR: 525774 (2 / 71 / 71) -> AVG-RTPM: 107ms
    [junit] MAJOR: Mutants killed / live: 193 (10-1935-0) / 141
    [junit] MAJOR: ------------------------------------------------------------
    [junit] MAJOR: 31/49 - org.jfree.chart.axis.Axis_ESTest41 (25ms / 50):
    [junit] MAJOR: 531505 (1 / 50 / 50) -> AVG-RTPM: 114ms
    [junit] MAJOR: Mutants killed / live: 194 (10-1985-0) / 140
    [junit] MAJOR: ------------------------------------------------------------
    [junit] MAJOR: 32/49 - org.jfree.chart.axis.Axis_ESTest46 (25ms / 176):
    [junit] MAJOR: 574897 (102 / 176 / 176) -> AVG-RTPM: 246ms
    [junit] MAJOR: Mutants killed / live: 296 (10-2161-0) / 38
    [junit] MAJOR: ------------------------------------------------------------
    [junit] MAJOR: 33/49 - org.jfree.chart.axis.Axis_ESTest48 (25ms / 77):
    [junit] MAJOR: 584387 (1 / 77 / 77) -> AVG-RTPM: 123ms
    [junit] MAJOR: Mutants killed / live: 297 (10-2238-0) / 37
    [junit] MAJOR: ------------------------------------------------------------
    [junit] MAJOR: 34/49 - org.jfree.chart.axis.Axis_ESTest26 (26ms / 69):
    [junit] MAJOR: 592004 (0 / 69 / 69) -> AVG-RTPM: 110ms
    [junit] MAJOR: Mutants killed / live: 297 (10-2307-0) / 37
    [junit] MAJOR: ------------------------------------------------------------
    [junit] MAJOR: 35/49 - org.jfree.chart.axis.Axis_ESTest44 (26ms / 97):
    [junit] MAJOR: 618388 (0 / 97 / 97) -> AVG-RTPM: 271ms
    [junit] MAJOR: Mutants killed / live: 297 (10-2404-0) / 37
    [junit] MAJOR: ------------------------------------------------------------
    [junit] MAJOR: 36/49 - org.jfree.chart.axis.Axis_ESTest45 (26ms / 97):
    [junit] MAJOR: 642140 (0 / 97 / 97) -> AVG-RTPM: 244ms
    [junit] MAJOR: Mutants killed / live: 297 (10-2501-0) / 37
    [junit] MAJOR: ------------------------------------------------------------
    [junit] MAJOR: 37/49 - org.jfree.chart.axis.Axis_ESTest12 (27ms / 94):
    [junit] MAJOR: 652339 (5 / 94 / 94) -> AVG-RTPM: 108ms
    [junit] MAJOR: Mutants killed / live: 302 (10-2595-0) / 32
    [junit] MAJOR: ------------------------------------------------------------
    [junit] MAJOR: 38/49 - org.jfree.chart.axis.Axis_ESTest13 (27ms / 69):
    [junit] MAJOR: 659931 (0 / 69 / 69) -> AVG-RTPM: 110ms
    [junit] MAJOR: Mutants killed / live: 302 (10-2664-0) / 32
    [junit] MAJOR: ------------------------------------------------------------
    [junit] MAJOR: 39/49 - org.jfree.chart.axis.Axis_ESTest15 (27ms / 55):
    [junit] MAJOR: 666145 (0 / 55 / 55) -> AVG-RTPM: 112ms
    [junit] MAJOR: Mutants killed / live: 302 (10-2719-0) / 32
    [junit] MAJOR: ------------------------------------------------------------
    [junit] MAJOR: 40/49 - org.jfree.chart.axis.Axis_ESTest17 (28ms / 78):
    [junit] MAJOR: 674472 (7 / 78 / 78) -> AVG-RTPM: 106ms
    [junit] MAJOR: Mutants killed / live: 309 (10-2797-0) / 25
    [junit] MAJOR: ------------------------------------------------------------
    [junit] MAJOR: 41/49 - org.jfree.chart.axis.Axis_ESTest33 (28ms / 88):
    [junit] MAJOR: 684141 (5 / 88 / 88) -> AVG-RTPM: 109ms
    [junit] MAJOR: Mutants killed / live: 314 (10-2885-0) / 20
    [junit] MAJOR: ------------------------------------------------------------
    [junit] MAJOR: 42/49 - org.jfree.chart.axis.Axis_ESTest16 (29ms / 67):
    [junit] MAJOR: 691488 (0 / 67 / 67) -> AVG-RTPM: 109ms
    [junit] MAJOR: Mutants killed / live: 314 (10-2952-0) / 20
    [junit] MAJOR: ------------------------------------------------------------
    [junit] MAJOR: 43/49 - org.jfree.chart.axis.Axis_ESTest31 (29ms / 76):
    [junit] MAJOR: 699700 (2 / 76 / 76) -> AVG-RTPM: 108ms
    [junit] MAJOR: Mutants killed / live: 316 (10-3028-0) / 18
    [junit] MAJOR: ------------------------------------------------------------
    [junit] MAJOR: 44/49 - org.jfree.chart.axis.Axis_ESTest9 (29ms / 73):
    [junit] MAJOR: 707761 (2 / 73 / 73) -> AVG-RTPM: 110ms
    [junit] MAJOR: Mutants killed / live: 318 (10-3101-0) / 16
    [junit] MAJOR: ------------------------------------------------------------
    [junit] MAJOR: 45/49 - org.jfree.chart.axis.Axis_ESTest18 (33ms / 69):
    [junit] MAJOR: 715400 (2 / 69 / 69) -> AVG-RTPM: 110ms
    [junit] MAJOR: Mutants killed / live: 320 (10-3170-0) / 14
    [junit] MAJOR: ------------------------------------------------------------
    [junit] MAJOR: 46/49 - org.jfree.chart.axis.Axis_ESTest1 (38ms / 68):
    [junit] MAJOR: 723161 (2 / 68 / 68) -> AVG-RTPM: 114ms
    [junit] MAJOR: Mutants killed / live: 322 (10-3238-0) / 12
    [junit] MAJOR: ------------------------------------------------------------
    [junit] MAJOR: 47/49 - org.jfree.chart.axis.Axis_ESTest39 (42ms / 76):
    [junit] MAJOR: 731577 (2 / 76 / 76) -> AVG-RTPM: 110ms
    [junit] MAJOR: Mutants killed / live: 324 (10-3314-0) / 10
    [junit] MAJOR: ------------------------------------------------------------
    [junit] MAJOR: 48/49 - org.jfree.chart.axis.Axis_ESTest0 (111ms / 164):
    [junit] MAJOR: 775180 (10 / 164 / 164) -> AVG-RTPM: 265ms
    [junit] MAJOR: Mutants killed / live: 334 (10-3478-0) / 0
    [junit] MAJOR: ------------------------------------------------------------
    [junit] MAJOR: 49/49 - org.jfree.chart.axis.Axis_ESTest42 (128ms / 64):
    [junit] MAJOR: 782671 (0 / 64 / 64) -> AVG-RTPM: 117ms
    [junit] MAJOR: Mutants killed / live: 334 (10-3542-0) / 0
    [junit] MAJOR: ------------------------------------------------------------
    [junit] MAJOR: Summary:
    [junit] MAJOR: 
    [junit] MAJOR: Analysis time:  782.7 seconds
    [junit] MAJOR: Mutation score: 52.19% (100.00%)
    [junit] MAJOR: Mutants killed / live: 334 (10-3542-0) / 0
    [junit] MAJOR: Mutant executions: 3655
    [junit] MAJOR: ------------------------------------------------------------
    [junit] MAJOR: Export summary of results (to summary.csv)
    [junit] MAJOR: Export mutant kill details (to /tmp/run_mutation.pl_99813_1500891358/26f/kill.csv)
    [junit] MAJOR: Export kill map (to killMap.csv)!

BUILD SUCCESSFUL
Total time: 14 minutes 2 seconds
