
initialise:

compile:
    [javac] /home/to_donghwan/defects4j/framework/projects/Chart/Chart.build.xml:56: warning: 'includeantruntime' was not set, defaulting to build.sysclasspath=last; set to false for repeatable builds

compile-experimental:
    [javac] /home/to_donghwan/defects4j/framework/projects/Chart/Chart.build.xml:105: warning: 'includeantruntime' was not set, defaulting to build.sysclasspath=last; set to false for repeatable builds
    [javac] Compiling 27 source files to /tmp/run_mutation.pl_8297_1501529495/26f/build
    [javac] warning: [options] bootstrap class path not set in conjunction with -source 1.4
    [javac] 1 warning

compile.tests:
    [mkdir] Created dir: /tmp/run_mutation.pl_8297_1501529495/26f/build-tests
    [javac] /home/to_donghwan/defects4j/framework/projects/Chart/Chart.build.xml:122: warning: 'includeantruntime' was not set, defaulting to build.sysclasspath=last; set to false for repeatable builds
    [javac] Compiling 329 source files to /tmp/run_mutation.pl_8297_1501529495/26f/build-tests
    [javac] warning: [options] bootstrap class path not set in conjunction with -source 1.4
    [javac] 1 warning

update.all.tests:

mutation.test:
     [echo] Running mutation analysis ...
    [junit] MAJOR: Mutation analysis enabled
SLF4J: Failed to load class "org.slf4j.impl.StaticLoggerBinder".
SLF4J: Defaulting to no-operation (NOP) logger implementation
SLF4J: See http://www.slf4j.org/codes.html#StaticLoggerBinder for further details.
    [junit] MAJOR: ------------------------------------------------------------
    [junit] MAJOR: Run 58 ordered tests to verify independence
    [junit] MAJOR: ------------------------------------------------------------
    [junit] MAJOR: Preprocessing time: 71.62 seconds
    [junit] MAJOR: ------------------------------------------------------------
    [junit] MAJOR: Mutants generated: 640
    [junit] MAJOR: Mutants covered:   473 (73.91%)
    [junit] MAJOR: ------------------------------------------------------------
    [junit] MAJOR: Export test map to (testMap.csv)
    [junit] MAJOR: Export coverage map to (covMap.csv)
    [junit] MAJOR: Exclude 0 mutants
    [junit] MAJOR: ------------------------------------------------------------
    [junit] MAJOR: Run mutation analysis with 58 individual tests
    [junit] MAJOR: ------------------------------------------------------------
    [junit] MAJOR: 1/58 - org.jfree.chart.axis.Axis_ESTest20 (22ms / 74):
    [junit] MAJOR: 150785 (15 / 74 / 74) -> AVG-RTPM: 2037ms
    [junit] MAJOR: Mutants killed / live: 15 (2-13-0) / 458
    [junit] MAJOR: ------------------------------------------------------------
    [junit] MAJOR: 2/58 - org.jfree.chart.axis.Axis_ESTest23 (22ms / 76):
    [junit] MAJOR: 228377 (43 / 76 / 76) -> AVG-RTPM: 1020ms
    [junit] MAJOR: Mutants killed / live: 58 (2-69-0) / 415
    [junit] MAJOR: ------------------------------------------------------------
    [junit] MAJOR: 3/58 - org.jfree.chart.axis.Axis_ESTest24 (22ms / 54):
    [junit] MAJOR: 232794 (20 / 54 / 54) -> AVG-RTPM: 81ms
    [junit] MAJOR: Mutants killed / live: 78 (2-123-0) / 395
    [junit] MAJOR: ------------------------------------------------------------
    [junit] MAJOR: 4/58 - org.jfree.chart.axis.Axis_ESTest26 (22ms / 74):
    [junit] MAJOR: 239374 (3 / 74 / 74) -> AVG-RTPM: 88ms
    [junit] MAJOR: Mutants killed / live: 81 (2-197-0) / 392
    [junit] MAJOR: ------------------------------------------------------------
    [junit] MAJOR: 5/58 - org.jfree.chart.axis.Axis_ESTest32 (22ms / 52):
    [junit] MAJOR: 244054 (3 / 52 / 52) -> AVG-RTPM: 90ms
    [junit] MAJOR: Mutants killed / live: 84 (2-249-0) / 389
    [junit] MAJOR: ------------------------------------------------------------
    [junit] MAJOR: 6/58 - org.jfree.chart.axis.Axis_ESTest53 (22ms / 122):
    [junit] MAJOR: 255002 (51 / 122 / 122) -> AVG-RTPM: 89ms
    [junit] MAJOR: Mutants killed / live: 135 (2-371-0) / 338
    [junit] MAJOR: ------------------------------------------------------------
    [junit] MAJOR: 7/58 - org.jfree.chart.axis.Axis_ESTest2 (23ms / 71):
    [junit] MAJOR: 261511 (0 / 71 / 71) -> AVG-RTPM: 91ms
    [junit] MAJOR: Mutants killed / live: 135 (2-442-0) / 338
    [junit] MAJOR: ------------------------------------------------------------
    [junit] MAJOR: 8/58 - org.jfree.chart.axis.Axis_ESTest27 (23ms / 71):
    [junit] MAJOR: 268312 (4 / 71 / 71) -> AVG-RTPM: 95ms
    [junit] MAJOR: Mutants killed / live: 139 (2-513-0) / 334
    [junit] MAJOR: ------------------------------------------------------------
    [junit] MAJOR: 9/58 - org.jfree.chart.axis.Axis_ESTest3 (23ms / 76):
    [junit] MAJOR: 275552 (5 / 76 / 76) -> AVG-RTPM: 95ms
    [junit] MAJOR: Mutants killed / live: 144 (2-589-0) / 329
    [junit] MAJOR: ------------------------------------------------------------
    [junit] MAJOR: 10/58 - org.jfree.chart.axis.Axis_ESTest33 (23ms / 74):
    [junit] MAJOR: 282651 (10 / 74 / 74) -> AVG-RTPM: 95ms
    [junit] MAJOR: Mutants killed / live: 154 (2-663-0) / 319
    [junit] MAJOR: ------------------------------------------------------------
    [junit] MAJOR: 11/58 - org.jfree.chart.axis.Axis_ESTest48 (23ms / 95):
    [junit] MAJOR: 291682 (8 / 95 / 95) -> AVG-RTPM: 95ms
    [junit] MAJOR: Mutants killed / live: 162 (2-758-0) / 311
    [junit] MAJOR: ------------------------------------------------------------
    [junit] MAJOR: 12/58 - org.jfree.chart.axis.Axis_ESTest19 (24ms / 76):
    [junit] MAJOR: 298965 (0 / 76 / 76) -> AVG-RTPM: 95ms
    [junit] MAJOR: Mutants killed / live: 162 (2-834-0) / 311
    [junit] MAJOR: ------------------------------------------------------------
    [junit] MAJOR: 13/58 - org.jfree.chart.axis.Axis_ESTest22 (24ms / 67):
    [junit] MAJOR: 305173 (0 / 67 / 67) -> AVG-RTPM: 92ms
    [junit] MAJOR: Mutants killed / live: 162 (2-901-0) / 311
    [junit] MAJOR: ------------------------------------------------------------
    [junit] MAJOR: 14/58 - org.jfree.chart.axis.Axis_ESTest31 (24ms / 64):
    [junit] MAJOR: 312797 (0 / 64 / 64) -> AVG-RTPM: 119ms
    [junit] MAJOR: Mutants killed / live: 162 (2-965-0) / 311
    [junit] MAJOR: ------------------------------------------------------------
    [junit] MAJOR: 15/58 - org.jfree.chart.axis.Axis_ESTest45 (24ms / 82):
    [junit] MAJOR: 320458 (1 / 82 / 82) -> AVG-RTPM: 93ms
    [junit] MAJOR: Mutants killed / live: 163 (2-1047-0) / 310
    [junit] MAJOR: ------------------------------------------------------------
    [junit] MAJOR: 16/58 - org.jfree.chart.axis.Axis_ESTest47 (24ms / 91):
    [junit] MAJOR: 329293 (6 / 91 / 91) -> AVG-RTPM: 97ms
    [junit] MAJOR: Mutants killed / live: 169 (2-1138-0) / 304
    [junit] MAJOR: ------------------------------------------------------------
    [junit] MAJOR: 17/58 - org.jfree.chart.axis.Axis_ESTest51 (24ms / 101):
    [junit] MAJOR: 339902 (3 / 101 / 101) -> AVG-RTPM: 105ms
    [junit] MAJOR: Mutants killed / live: 172 (2-1239-0) / 301
    [junit] MAJOR: ------------------------------------------------------------
    [junit] MAJOR: 18/58 - org.jfree.chart.axis.Axis_ESTest56 (24ms / 140):
    [junit] MAJOR: 353651 (26 / 140 / 140) -> AVG-RTPM: 98ms
    [junit] MAJOR: Mutants killed / live: 198 (2-1379-0) / 275
    [junit] MAJOR: ------------------------------------------------------------
    [junit] MAJOR: 19/58 - org.jfree.chart.axis.Axis_ESTest6 (24ms / 76):
    [junit] MAJOR: 361032 (5 / 76 / 76) -> AVG-RTPM: 97ms
    [junit] MAJOR: Mutants killed / live: 203 (2-1455-0) / 270
    [junit] MAJOR: ------------------------------------------------------------
    [junit] MAJOR: 20/58 - org.jfree.chart.axis.Axis_ESTest9 (24ms / 69):
    [junit] MAJOR: 368385 (5 / 69 / 69) -> AVG-RTPM: 106ms
    [junit] MAJOR: Mutants killed / live: 208 (2-1524-0) / 265
    [junit] MAJOR: ------------------------------------------------------------
    [junit] MAJOR: 21/58 - org.jfree.chart.axis.Axis_ESTest16 (25ms / 74):
    [junit] MAJOR: 376669 (3 / 74 / 74) -> AVG-RTPM: 111ms
    [junit] MAJOR: Mutants killed / live: 211 (2-1598-0) / 262
    [junit] MAJOR: ------------------------------------------------------------
    [junit] MAJOR: 22/58 - org.jfree.chart.axis.Axis_ESTest29 (25ms / 67):
    [junit] MAJOR: 386605 (3 / 67 / 67) -> AVG-RTPM: 148ms
    [junit] MAJOR: Mutants killed / live: 214 (2-1665-0) / 259
    [junit] MAJOR: ------------------------------------------------------------
    [junit] MAJOR: 23/58 - org.jfree.chart.axis.Axis_ESTest30 (25ms / 65):
    [junit] MAJOR: 393219 (1 / 65 / 65) -> AVG-RTPM: 101ms
    [junit] MAJOR: Mutants killed / live: 215 (2-1730-0) / 258
    [junit] MAJOR: ------------------------------------------------------------
    [junit] MAJOR: 24/58 - org.jfree.chart.axis.Axis_ESTest49 (25ms / 97):
    [junit] MAJOR: 402550 (3 / 97 / 97) -> AVG-RTPM: 96ms
    [junit] MAJOR: Mutants killed / live: 218 (2-1827-0) / 255
    [junit] MAJOR: ------------------------------------------------------------
    [junit] MAJOR: 25/58 - org.jfree.chart.axis.Axis_ESTest50 (25ms / 99):
    [junit] MAJOR: 413093 (3 / 99 / 99) -> AVG-RTPM: 106ms
    [junit] MAJOR: Mutants killed / live: 221 (2-1926-0) / 252
    [junit] MAJOR: ------------------------------------------------------------
    [junit] MAJOR: 26/58 - org.jfree.chart.axis.Axis_ESTest52 (25ms / 120):
    [junit] MAJOR: 427039 (8 / 120 / 120) -> AVG-RTPM: 116ms
    [junit] MAJOR: Mutants killed / live: 229 (2-2046-0) / 244
    [junit] MAJOR: ------------------------------------------------------------
    [junit] MAJOR: 27/58 - org.jfree.chart.axis.Axis_ESTest55 (25ms / 133):
    [junit] MAJOR: 440749 (3 / 133 / 133) -> AVG-RTPM: 103ms
    [junit] MAJOR: Mutants killed / live: 232 (2-2179-0) / 241
    [junit] MAJOR: ------------------------------------------------------------
    [junit] MAJOR: 28/58 - org.jfree.chart.axis.Axis_ESTest7 (25ms / 72):
    [junit] MAJOR: 447839 (5 / 72 / 72) -> AVG-RTPM: 98ms
    [junit] MAJOR: Mutants killed / live: 237 (2-2251-0) / 236
    [junit] MAJOR: ------------------------------------------------------------
    [junit] MAJOR: 29/58 - org.jfree.chart.axis.Axis_ESTest17 (26ms / 76):
    [junit] MAJOR: 455147 (0 / 76 / 76) -> AVG-RTPM: 96ms
    [junit] MAJOR: Mutants killed / live: 237 (2-2327-0) / 236
    [junit] MAJOR: ------------------------------------------------------------
    [junit] MAJOR: 30/58 - org.jfree.chart.axis.Axis_ESTest18 (26ms / 52):
    [junit] MAJOR: 460154 (0 / 52 / 52) -> AVG-RTPM: 96ms
    [junit] MAJOR: Mutants killed / live: 237 (2-2379-0) / 236
    [junit] MAJOR: ------------------------------------------------------------
    [junit] MAJOR: 31/58 - org.jfree.chart.axis.Axis_ESTest42 (26ms / 75):
    [junit] MAJOR: 467174 (4 / 75 / 75) -> AVG-RTPM: 93ms
    [junit] MAJOR: Mutants killed / live: 241 (2-2454-0) / 232
    [junit] MAJOR: ------------------------------------------------------------
    [junit] MAJOR: 32/58 - org.jfree.chart.axis.Axis_ESTest5 (26ms / 78):
    [junit] MAJOR: 474819 (2 / 78 / 78) -> AVG-RTPM: 98ms
    [junit] MAJOR: Mutants killed / live: 243 (2-2532-0) / 230
    [junit] MAJOR: ------------------------------------------------------------
    [junit] MAJOR: 33/58 - org.jfree.chart.axis.Axis_ESTest57 (26ms / 150):
    [junit] MAJOR: 489371 (13 / 150 / 150) -> AVG-RTPM: 97ms
    [junit] MAJOR: Mutants killed / live: 256 (2-2682-0) / 217
    [junit] MAJOR: ------------------------------------------------------------
    [junit] MAJOR: 34/58 - org.jfree.chart.axis.Axis_ESTest8 (26ms / 67):
    [junit] MAJOR: 495750 (0 / 67 / 67) -> AVG-RTPM: 95ms
    [junit] MAJOR: Mutants killed / live: 256 (2-2749-0) / 217
    [junit] MAJOR: ------------------------------------------------------------
    [junit] MAJOR: 35/58 - org.jfree.chart.axis.Axis_ESTest21 (27ms / 71):
    [junit] MAJOR: 502702 (2 / 71 / 71) -> AVG-RTPM: 97ms
    [junit] MAJOR: Mutants killed / live: 258 (2-2820-0) / 215
    [junit] MAJOR: ------------------------------------------------------------
    [junit] MAJOR: 36/58 - org.jfree.chart.axis.Axis_ESTest41 (27ms / 81):
    [junit] MAJOR: 514387 (4 / 81 / 81) -> AVG-RTPM: 144ms
    [junit] MAJOR: Mutants killed / live: 262 (2-2901-0) / 211
    [junit] MAJOR: ------------------------------------------------------------
    [junit] MAJOR: 37/58 - org.jfree.chart.axis.Axis_ESTest43 (27ms / 149):
    [junit] MAJOR: 528571 (1 / 149 / 149) -> AVG-RTPM: 95ms
    [junit] MAJOR: Mutants killed / live: 263 (2-3050-0) / 210
    [junit] MAJOR: ------------------------------------------------------------
    [junit] MAJOR: 38/58 - org.jfree.chart.axis.Axis_ESTest25 (28ms / 69):
    [junit] MAJOR: 535268 (0 / 69 / 69) -> AVG-RTPM: 97ms
    [junit] MAJOR: Mutants killed / live: 263 (2-3119-0) / 210
    [junit] MAJOR: ------------------------------------------------------------
    [junit] MAJOR: 39/58 - org.jfree.chart.axis.Axis_ESTest4 (28ms / 70):
    [junit] MAJOR: 542120 (0 / 70 / 70) -> AVG-RTPM: 97ms
    [junit] MAJOR: Mutants killed / live: 263 (2-3189-0) / 210
    [junit] MAJOR: ------------------------------------------------------------
    [junit] MAJOR: 40/58 - org.jfree.chart.axis.Axis_ESTest12 (29ms / 76):
    [junit] MAJOR: 549271 (0 / 76 / 76) -> AVG-RTPM: 94ms
    [junit] MAJOR: Mutants killed / live: 263 (2-3265-0) / 210
    [junit] MAJOR: ------------------------------------------------------------
    [junit] MAJOR: 41/58 - org.jfree.chart.axis.Axis_ESTest15 (29ms / 86):
    [junit] MAJOR: 557567 (16 / 86 / 86) -> AVG-RTPM: 96ms
    [junit] MAJOR: Mutants killed / live: 279 (2-3351-0) / 194
    [junit] MAJOR: ------------------------------------------------------------
    [junit] MAJOR: 42/58 - org.jfree.chart.axis.Axis_ESTest36 (29ms / 84):
    [junit] MAJOR: 565971 (13 / 84 / 84) -> AVG-RTPM: 100ms
    [junit] MAJOR: Mutants killed / live: 292 (2-3435-0) / 181
    [junit] MAJOR: ------------------------------------------------------------
    [junit] MAJOR: 43/58 - org.jfree.chart.axis.Axis_ESTest28 (31ms / 69):
    [junit] MAJOR: 572619 (2 / 69 / 69) -> AVG-RTPM: 96ms
    [junit] MAJOR: Mutants killed / live: 294 (2-3504-0) / 179
    [junit] MAJOR: ------------------------------------------------------------
    [junit] MAJOR: 44/58 - org.jfree.chart.axis.Axis_ESTest37 (32ms / 111):
    [junit] MAJOR: 583653 (27 / 111 / 111) -> AVG-RTPM: 99ms
    [junit] MAJOR: Mutants killed / live: 321 (2-3615-0) / 152
    [junit] MAJOR: ------------------------------------------------------------
    [junit] MAJOR: 45/58 - org.jfree.chart.axis.Axis_ESTest46 (33ms / 91):
    [junit] MAJOR: 592656 (3 / 91 / 91) -> AVG-RTPM: 98ms
    [junit] MAJOR: Mutants killed / live: 324 (2-3706-0) / 149
    [junit] MAJOR: ------------------------------------------------------------
    [junit] MAJOR: 46/58 - org.jfree.chart.axis.Axis_ESTest11 (34ms / 67):
    [junit] MAJOR: 599028 (0 / 67 / 67) -> AVG-RTPM: 95ms
    [junit] MAJOR: Mutants killed / live: 324 (2-3773-0) / 149
    [junit] MAJOR: ------------------------------------------------------------
    [junit] MAJOR: 47/58 - org.jfree.chart.axis.Axis_ESTest1 (36ms / 66):
    [junit] MAJOR: 605468 (2 / 66 / 66) -> AVG-RTPM: 97ms
    [junit] MAJOR: Mutants killed / live: 326 (2-3839-0) / 147
    [junit] MAJOR: ------------------------------------------------------------
    [junit] MAJOR: 48/58 - org.jfree.chart.axis.Axis_ESTest39 (36ms / 174):
    [junit] MAJOR: 624360 (66 / 174 / 174) -> AVG-RTPM: 108ms
    [junit] MAJOR: Mutants killed / live: 392 (2-4013-0) / 81
    [junit] MAJOR: ------------------------------------------------------------
    [junit] MAJOR: 49/58 - org.jfree.chart.axis.Axis_ESTest44 (36ms / 87):
    [junit] MAJOR: 633066 (3 / 87 / 87) -> AVG-RTPM: 100ms
    [junit] MAJOR: Mutants killed / live: 395 (2-4100-0) / 78
    [junit] MAJOR: ------------------------------------------------------------
    [junit] MAJOR: 50/58 - org.jfree.chart.axis.Axis_ESTest38 (37ms / 184):
    [junit] MAJOR: 654201 (7 / 184 / 184) -> AVG-RTPM: 114ms
    [junit] MAJOR: Mutants killed / live: 402 (2-4284-0) / 71
    [junit] MAJOR: ------------------------------------------------------------
    [junit] MAJOR: 51/58 - org.jfree.chart.axis.Axis_ESTest13 (38ms / 113):
    [junit] MAJOR: 666719 (6 / 113 / 113) -> AVG-RTPM: 110ms
    [junit] MAJOR: Mutants killed / live: 408 (2-4397-0) / 65
    [junit] MAJOR: ------------------------------------------------------------
    [junit] MAJOR: 52/58 - org.jfree.chart.axis.Axis_ESTest14 (40ms / 52):
    [junit] MAJOR: 671991 (0 / 52 / 52) -> AVG-RTPM: 101ms
    [junit] MAJOR: Mutants killed / live: 408 (2-4449-0) / 65
    [junit] MAJOR: ------------------------------------------------------------
    [junit] MAJOR: 53/58 - org.jfree.chart.axis.Axis_ESTest40 (41ms / 178):
    [junit] MAJOR: 713237 (61 / 178 / 178) -> AVG-RTPM: 231ms
    [junit] MAJOR: Mutants killed / live: 469 (2-4627-0) / 4
    [junit] MAJOR: ------------------------------------------------------------
    [junit] MAJOR: 54/58 - org.jfree.chart.axis.Axis_ESTest0 (44ms / 64):
    [junit] MAJOR: 719414 (0 / 64 / 64) -> AVG-RTPM: 96ms
    [junit] MAJOR: Mutants killed / live: 469 (2-4691-0) / 4
    [junit] MAJOR: ------------------------------------------------------------
    [junit] MAJOR: 55/58 - org.jfree.chart.axis.Axis_ESTest10 (45ms / 67):
    [junit] MAJOR: 726015 (0 / 67 / 67) -> AVG-RTPM: 98ms
    [junit] MAJOR: Mutants killed / live: 469 (2-4758-0) / 4
    [junit] MAJOR: ------------------------------------------------------------
    [junit] MAJOR: 56/58 - org.jfree.chart.axis.Axis_ESTest34 (55ms / 55):
    [junit] MAJOR: 731439 (0 / 55 / 55) -> AVG-RTPM: 98ms
    [junit] MAJOR: Mutants killed / live: 469 (2-4813-0) / 4
    [junit] MAJOR: ------------------------------------------------------------
    [junit] MAJOR: 57/58 - org.jfree.chart.axis.Axis_ESTest54 (59ms / 122):
    [junit] MAJOR: 743433 (4 / 122 / 122) -> AVG-RTPM: 98ms
    [junit] MAJOR: Mutants killed / live: 473 (2-4935-0) / 0
    [junit] MAJOR: ------------------------------------------------------------
    [junit] MAJOR: 58/58 - org.jfree.chart.axis.Axis_ESTest35 (90ms / 87):
    [junit] MAJOR: 752148 (0 / 87 / 87) -> AVG-RTPM: 100ms
    [junit] MAJOR: Mutants killed / live: 473 (2-5022-0) / 0
    [junit] MAJOR: ------------------------------------------------------------
    [junit] MAJOR: Summary:
    [junit] MAJOR: 
    [junit] MAJOR: Analysis time:  752.1 seconds
    [junit] MAJOR: Mutation score: 73.91% (100.00%)
    [junit] MAJOR: Mutants killed / live: 473 (2-5022-0) / 0
    [junit] MAJOR: Mutant executions: 5103
    [junit] MAJOR: ------------------------------------------------------------
    [junit] MAJOR: Export summary of results (to summary.csv)
    [junit] MAJOR: Export mutant kill details (to /tmp/run_mutation.pl_8297_1501529495/26f/kill.csv)
    [junit] MAJOR: Export kill map (to killMap.csv)!

BUILD SUCCESSFUL
Total time: 13 minutes 50 seconds
