
initialise:

compile:
    [javac] /home/to_donghwan/defects4j/framework/projects/Chart/Chart.build.xml:56: warning: 'includeantruntime' was not set, defaulting to build.sysclasspath=last; set to false for repeatable builds

compile-experimental:
    [javac] /home/to_donghwan/defects4j/framework/projects/Chart/Chart.build.xml:105: warning: 'includeantruntime' was not set, defaulting to build.sysclasspath=last; set to false for repeatable builds
    [javac] Compiling 1 source file to /tmp/run_mutation.pl_117982_1501406986/3f/build
    [javac] warning: [options] bootstrap class path not set in conjunction with -source 1.4
    [javac] 1 warning

compile.tests:
    [mkdir] Created dir: /tmp/run_mutation.pl_117982_1501406986/3f/build-tests
    [javac] /home/to_donghwan/defects4j/framework/projects/Chart/Chart.build.xml:122: warning: 'includeantruntime' was not set, defaulting to build.sysclasspath=last; set to false for repeatable builds
    [javac] Compiling 387 source files to /tmp/run_mutation.pl_117982_1501406986/3f/build-tests
    [javac] warning: [options] bootstrap class path not set in conjunction with -source 1.4
    [javac] Note: Some input files use or override a deprecated API.
    [javac] Note: Recompile with -Xlint:deprecation for details.
    [javac] 1 warning

update.all.tests:

mutation.test:
     [echo] Running mutation analysis ...
    [junit] MAJOR: Mutation analysis enabled
SLF4J: Failed to load class "org.slf4j.impl.StaticLoggerBinder".
SLF4J: Defaulting to no-operation (NOP) logger implementation
SLF4J: See http://www.slf4j.org/codes.html#StaticLoggerBinder for further details.
    [junit] MAJOR: org.jfree.data.time.TimeSeries_ESTest28[test28] failed!
    [junit] MAJOR:  -> java.lang.ClassCastException
    [junit] MAJOR:  -> "java.util.Date cannot be cast to org.evosuite.runtime.mock.java.util.MockDate"
    [junit] MAJOR: org.jfree.data.time.TimeSeries_ESTest6[test06] failed!
    [junit] MAJOR:  -> java.lang.ClassCastException
    [junit] MAJOR:  -> "java.util.Date cannot be cast to org.evosuite.runtime.mock.java.util.MockDate"
    [junit] MAJOR: Exclude 2 failing test classes:
    [junit] MAJOR:  - org.jfree.data.time.TimeSeries_ESTest28
    [junit] MAJOR:  - org.jfree.data.time.TimeSeries_ESTest6
    [junit] MAJOR: ------------------------------------------------------------
    [junit] MAJOR: Run 61 ordered tests to verify independence
    [junit] MAJOR: ------------------------------------------------------------
    [junit] MAJOR: Preprocessing time: 31.06 seconds
    [junit] MAJOR: ------------------------------------------------------------
    [junit] MAJOR: Mutants generated: 866
    [junit] MAJOR: Mutants covered:   803 (92.73%)
    [junit] MAJOR: ------------------------------------------------------------
    [junit] MAJOR: Export test map to (testMap.csv)
    [junit] MAJOR: Export coverage map to (covMap.csv)
    [junit] MAJOR: Exclude 0 mutants
    [junit] MAJOR: ------------------------------------------------------------
    [junit] MAJOR: Run mutation analysis with 61 individual tests
    [junit] MAJOR: ------------------------------------------------------------
    [junit] MAJOR: 1/61 - org.jfree.data.time.TimeSeries_ESTest24 (10ms / 11):
    [junit] MAJOR: 5735 (2 / 11 / 11) -> AVG-RTPM: 521ms
    [junit] MAJOR: Mutants killed / live: 2 (0-2-0) / 801
    [junit] MAJOR: ------------------------------------------------------------
    [junit] MAJOR: 2/61 - org.jfree.data.time.TimeSeries_ESTest29 (10ms / 88):
    [junit] MAJOR: 94253 (28 / 88 / 88) -> AVG-RTPM: 1005ms
    [junit] MAJOR: Mutants killed / live: 30 (6-25-0) / 773
    [junit] MAJOR: ------------------------------------------------------------
    [junit] MAJOR: 3/61 - org.jfree.data.time.TimeSeries_ESTest30 (10ms / 17):
    [junit] MAJOR: 121699 (0 / 17 / 17) -> AVG-RTPM: 1614ms
    [junit] MAJOR: Mutants killed / live: 30 (6-25-0) / 773
    [junit] MAJOR: ------------------------------------------------------------
    [junit] MAJOR: 4/61 - org.jfree.data.time.TimeSeries_ESTest33 (10ms / 145):
    [junit] MAJOR: 433453 (56 / 145 / 145) -> AVG-RTPM: 2150ms
    [junit] MAJOR: Mutants killed / live: 86 (7-92-1) / 717
    [junit] MAJOR: ------------------------------------------------------------
    [junit] MAJOR: 5/61 - org.jfree.data.time.TimeSeries_ESTest37 (10ms / 98):
    [junit] MAJOR: 463722 (44 / 98 / 98) -> AVG-RTPM: 308ms
    [junit] MAJOR: Mutants killed / live: 130 (7-190-1) / 673
    [junit] MAJOR: ------------------------------------------------------------
    [junit] MAJOR: 6/61 - org.jfree.data.time.TimeSeries_ESTest39 (10ms / 105):
    [junit] MAJOR: 495616 (42 / 105 / 105) -> AVG-RTPM: 303ms
    [junit] MAJOR: Mutants killed / live: 172 (7-295-1) / 631
    [junit] MAJOR: ------------------------------------------------------------
    [junit] MAJOR: 7/61 - org.jfree.data.time.TimeSeries_ESTest42 (10ms / 10):
    [junit] MAJOR: 497732 (2 / 10 / 10) -> AVG-RTPM: 211ms
    [junit] MAJOR: Mutants killed / live: 174 (7-305-1) / 629
    [junit] MAJOR: ------------------------------------------------------------
    [junit] MAJOR: 8/61 - org.jfree.data.time.TimeSeries_ESTest48 (10ms / 101):
    [junit] MAJOR: 533260 (18 / 101 / 101) -> AVG-RTPM: 351ms
    [junit] MAJOR: Mutants killed / live: 192 (7-406-1) / 611
    [junit] MAJOR: ------------------------------------------------------------
    [junit] MAJOR: 9/61 - org.jfree.data.time.TimeSeries_ESTest53 (10ms / 36):
    [junit] MAJOR: 542070 (28 / 36 / 36) -> AVG-RTPM: 244ms
    [junit] MAJOR: Mutants killed / live: 220 (7-442-1) / 583
    [junit] MAJOR: ------------------------------------------------------------
    [junit] MAJOR: 10/61 - org.jfree.data.time.TimeSeries_ESTest54 (10ms / 11):
    [junit] MAJOR: 544635 (3 / 11 / 11) -> AVG-RTPM: 233ms
    [junit] MAJOR: Mutants killed / live: 223 (7-453-1) / 580
    [junit] MAJOR: ------------------------------------------------------------
    [junit] MAJOR: 11/61 - org.jfree.data.time.TimeSeries_ESTest58 (10ms / 189):
    [junit] MAJOR: 613284 (92 / 189 / 189) -> AVG-RTPM: 363ms
    [junit] MAJOR: Mutants killed / live: 315 (7-642-1) / 488
    [junit] MAJOR: ------------------------------------------------------------
    [junit] MAJOR: 12/61 - org.jfree.data.time.TimeSeries_ESTest61 (10ms / 101):
    [junit] MAJOR: 636982 (93 / 101 / 101) -> AVG-RTPM: 234ms
    [junit] MAJOR: Mutants killed / live: 408 (7-743-1) / 395
    [junit] MAJOR: ------------------------------------------------------------
    [junit] MAJOR: 13/61 - org.jfree.data.time.TimeSeries_ESTest62 (10ms / 166):
    [junit] MAJOR: 696428 (13 / 166 / 166) -> AVG-RTPM: 358ms
    [junit] MAJOR: Mutants killed / live: 421 (7-909-1) / 382
    [junit] MAJOR: ------------------------------------------------------------
    [junit] MAJOR: 14/61 - org.jfree.data.time.TimeSeries_ESTest63 (10ms / 57):
    [junit] MAJOR: 713266 (0 / 57 / 57) -> AVG-RTPM: 295ms
    [junit] MAJOR: Mutants killed / live: 421 (7-966-1) / 382
    [junit] MAJOR: ------------------------------------------------------------
    [junit] MAJOR: 15/61 - org.jfree.data.time.TimeSeries_ESTest2 (11ms / 10):
    [junit] MAJOR: 715552 (2 / 10 / 10) -> AVG-RTPM: 228ms
    [junit] MAJOR: Mutants killed / live: 423 (7-976-1) / 380
    [junit] MAJOR: ------------------------------------------------------------
    [junit] MAJOR: 16/61 - org.jfree.data.time.TimeSeries_ESTest22 (11ms / 20):
    [junit] MAJOR: 721619 (9 / 20 / 20) -> AVG-RTPM: 303ms
    [junit] MAJOR: Mutants killed / live: 432 (7-996-1) / 371
    [junit] MAJOR: ------------------------------------------------------------
    [junit] MAJOR: 17/61 - org.jfree.data.time.TimeSeries_ESTest23 (11ms / 74):
    [junit] MAJOR: 745182 (0 / 74 / 74) -> AVG-RTPM: 318ms
    [junit] MAJOR: Mutants killed / live: 432 (7-1070-1) / 371
    [junit] MAJOR: ------------------------------------------------------------
    [junit] MAJOR: 18/61 - org.jfree.data.time.TimeSeries_ESTest27 (11ms / 279):
    [junit] MAJOR: 845220 (78 / 279 / 279) -> AVG-RTPM: 358ms
    [junit] MAJOR: Mutants killed / live: 510 (7-1349-1) / 293
    [junit] MAJOR: ------------------------------------------------------------
    [junit] MAJOR: 19/61 - org.jfree.data.time.TimeSeries_ESTest32 (11ms / 23):
    [junit] MAJOR: 850611 (7 / 23 / 23) -> AVG-RTPM: 234ms
    [junit] MAJOR: Mutants killed / live: 517 (7-1372-1) / 286
    [junit] MAJOR: ------------------------------------------------------------
    [junit] MAJOR: 20/61 - org.jfree.data.time.TimeSeries_ESTest34 (11ms / 171):
    [junit] MAJOR: 912731 (38 / 171 / 171) -> AVG-RTPM: 363ms
    [junit] MAJOR: Mutants killed / live: 555 (7-1543-1) / 248
    [junit] MAJOR: ------------------------------------------------------------
    [junit] MAJOR: 21/61 - org.jfree.data.time.TimeSeries_ESTest35 (11ms / 11):
    [junit] MAJOR: 915314 (0 / 11 / 11) -> AVG-RTPM: 234ms
    [junit] MAJOR: Mutants killed / live: 555 (7-1554-1) / 248
    [junit] MAJOR: ------------------------------------------------------------
    [junit] MAJOR: 22/61 - org.jfree.data.time.TimeSeries_ESTest36 (11ms / 16):
    [junit] MAJOR: 921146 (0 / 16 / 16) -> AVG-RTPM: 364ms
    [junit] MAJOR: Mutants killed / live: 555 (7-1570-1) / 248
    [junit] MAJOR: ------------------------------------------------------------
    [junit] MAJOR: 23/61 - org.jfree.data.time.TimeSeries_ESTest41 (11ms / 185):
    [junit] MAJOR: 979590 (23 / 185 / 185) -> AVG-RTPM: 315ms
    [junit] MAJOR: Mutants killed / live: 578 (7-1755-1) / 225
    [junit] MAJOR: ------------------------------------------------------------
    [junit] MAJOR: 24/61 - org.jfree.data.time.TimeSeries_ESTest44 (11ms / 97):
    [junit] MAJOR: 1014962 (33 / 97 / 97) -> AVG-RTPM: 364ms
    [junit] MAJOR: Mutants killed / live: 611 (7-1852-1) / 192
    [junit] MAJOR: ------------------------------------------------------------
    [junit] MAJOR: 25/61 - org.jfree.data.time.TimeSeries_ESTest46 (11ms / 17):
    [junit] MAJOR: 1019296 (0 / 17 / 17) -> AVG-RTPM: 254ms
    [junit] MAJOR: Mutants killed / live: 611 (7-1869-1) / 192
    [junit] MAJOR: ------------------------------------------------------------
    [junit] MAJOR: 26/61 - org.jfree.data.time.TimeSeries_ESTest47 (11ms / 20):
    [junit] MAJOR: 1026510 (0 / 20 / 20) -> AVG-RTPM: 360ms
    [junit] MAJOR: Mutants killed / live: 611 (7-1889-1) / 192
    [junit] MAJOR: ------------------------------------------------------------
    [junit] MAJOR: 27/61 - org.jfree.data.time.TimeSeries_ESTest49 (11ms / 15):
    [junit] MAJOR: 1030106 (7 / 15 / 15) -> AVG-RTPM: 239ms
    [junit] MAJOR: Mutants killed / live: 618 (7-1904-1) / 185
    [junit] MAJOR: ------------------------------------------------------------
    [junit] MAJOR: 28/61 - org.jfree.data.time.TimeSeries_ESTest50 (11ms / 36):
    [junit] MAJOR: 1038648 (19 / 36 / 36) -> AVG-RTPM: 237ms
    [junit] MAJOR: Mutants killed / live: 637 (7-1940-1) / 166
    [junit] MAJOR: ------------------------------------------------------------
    [junit] MAJOR: 29/61 - org.jfree.data.time.TimeSeries_ESTest52 (11ms / 24):
    [junit] MAJOR: 1044592 (0 / 24 / 24) -> AVG-RTPM: 247ms
    [junit] MAJOR: Mutants killed / live: 637 (7-1964-1) / 166
    [junit] MAJOR: ------------------------------------------------------------
    [junit] MAJOR: 30/61 - org.jfree.data.time.TimeSeries_ESTest55 (11ms / 14):
    [junit] MAJOR: 1049081 (0 / 14 / 14) -> AVG-RTPM: 320ms
    [junit] MAJOR: Mutants killed / live: 637 (7-1978-1) / 166
    [junit] MAJOR: ------------------------------------------------------------
    [junit] MAJOR: 31/61 - org.jfree.data.time.TimeSeries_ESTest59 (11ms / 184):
    [junit] MAJOR: 1115015 (22 / 184 / 184) -> AVG-RTPM: 358ms
    [junit] MAJOR: Mutants killed / live: 659 (7-2162-1) / 144
    [junit] MAJOR: ------------------------------------------------------------
    [junit] MAJOR: 32/61 - org.jfree.data.time.TimeSeries_ESTest7 (11ms / 8):
    [junit] MAJOR: 1116974 (0 / 8 / 8) -> AVG-RTPM: 244ms
    [junit] MAJOR: Mutants killed / live: 659 (7-2170-1) / 144
    [junit] MAJOR: ------------------------------------------------------------
    [junit] MAJOR: 33/61 - org.jfree.data.time.TimeSeries_ESTest9 (11ms / 8):
    [junit] MAJOR: 1118982 (0 / 8 / 8) -> AVG-RTPM: 251ms
    [junit] MAJOR: Mutants killed / live: 659 (7-2178-1) / 144
    [junit] MAJOR: ------------------------------------------------------------
    [junit] MAJOR: 34/61 - org.jfree.data.time.TimeSeries_ESTest14 (12ms / 17):
    [junit] MAJOR: 1123034 (0 / 17 / 17) -> AVG-RTPM: 238ms
    [junit] MAJOR: Mutants killed / live: 659 (7-2195-1) / 144
    [junit] MAJOR: ------------------------------------------------------------
    [junit] MAJOR: 35/61 - org.jfree.data.time.TimeSeries_ESTest19 (12ms / 84):
    [junit] MAJOR: 1150214 (18 / 84 / 84) -> AVG-RTPM: 323ms
    [junit] MAJOR: Mutants killed / live: 677 (7-2279-1) / 126
    [junit] MAJOR: ------------------------------------------------------------
    [junit] MAJOR: 36/61 - org.jfree.data.time.TimeSeries_ESTest25 (12ms / 79):
    [junit] MAJOR: 1181289 (6 / 79 / 79) -> AVG-RTPM: 393ms
    [junit] MAJOR: Mutants killed / live: 683 (7-2358-1) / 120
    [junit] MAJOR: ------------------------------------------------------------
    [junit] MAJOR: 37/61 - org.jfree.data.time.TimeSeries_ESTest26 (12ms / 155):
    [junit] MAJOR: 1239848 (10 / 155 / 155) -> AVG-RTPM: 377ms
    [junit] MAJOR: Mutants killed / live: 693 (7-2513-1) / 110
    [junit] MAJOR: ------------------------------------------------------------
    [junit] MAJOR: 38/61 - org.jfree.data.time.TimeSeries_ESTest40 (12ms / 152):
    [junit] MAJOR: 1288628 (0 / 152 / 152) -> AVG-RTPM: 320ms
    [junit] MAJOR: Mutants killed / live: 693 (7-2665-1) / 110
    [junit] MAJOR: ------------------------------------------------------------
    [junit] MAJOR: 39/61 - org.jfree.data.time.TimeSeries_ESTest5 (12ms / 9):
    [junit] MAJOR: 1290766 (1 / 9 / 9) -> AVG-RTPM: 237ms
    [junit] MAJOR: Mutants killed / live: 694 (7-2674-1) / 109
    [junit] MAJOR: ------------------------------------------------------------
    [junit] MAJOR: 40/61 - org.jfree.data.time.TimeSeries_ESTest8 (12ms / 8):
    [junit] MAJOR: 1292626 (0 / 8 / 8) -> AVG-RTPM: 232ms
    [junit] MAJOR: Mutants killed / live: 694 (7-2682-1) / 109
    [junit] MAJOR: ------------------------------------------------------------
    [junit] MAJOR: 41/61 - org.jfree.data.time.TimeSeries_ESTest11 (14ms / 8):
    [junit] MAJOR: 1294550 (0 / 8 / 8) -> AVG-RTPM: 240ms
    [junit] MAJOR: Mutants killed / live: 694 (7-2690-1) / 109
    [junit] MAJOR: ------------------------------------------------------------
    [junit] MAJOR: 42/61 - org.jfree.data.time.TimeSeries_ESTest15 (14ms / 20):
    [junit] MAJOR: 1301220 (9 / 20 / 20) -> AVG-RTPM: 333ms
    [junit] MAJOR: Mutants killed / live: 703 (7-2710-1) / 100
    [junit] MAJOR: ------------------------------------------------------------
    [junit] MAJOR: 43/61 - org.jfree.data.time.TimeSeries_ESTest16 (14ms / 20):
    [junit] MAJOR: 1307391 (9 / 20 / 20) -> AVG-RTPM: 308ms
    [junit] MAJOR: Mutants killed / live: 712 (7-2730-1) / 91
    [junit] MAJOR: ------------------------------------------------------------
    [junit] MAJOR: 44/61 - org.jfree.data.time.TimeSeries_ESTest3 (14ms / 65):
    [junit] MAJOR: 1328382 (2 / 65 / 65) -> AVG-RTPM: 322ms
    [junit] MAJOR: Mutants killed / live: 714 (7-2795-1) / 89
    [junit] MAJOR: ------------------------------------------------------------
    [junit] MAJOR: 45/61 - org.jfree.data.time.TimeSeries_ESTest12 (15ms / 14):
    [junit] MAJOR: 1331848 (6 / 14 / 14) -> AVG-RTPM: 247ms
    [junit] MAJOR: Mutants killed / live: 720 (7-2809-1) / 83
    [junit] MAJOR: ------------------------------------------------------------
    [junit] MAJOR: 46/61 - org.jfree.data.time.TimeSeries_ESTest31 (15ms / 101):
    [junit] MAJOR: 1369646 (30 / 101 / 101) -> AVG-RTPM: 374ms
    [junit] MAJOR: Mutants killed / live: 750 (7-2910-1) / 53
    [junit] MAJOR: ------------------------------------------------------------
    [junit] MAJOR: 47/61 - org.jfree.data.time.TimeSeries_ESTest57 (15ms / 12):
    [junit] MAJOR: 1372645 (1 / 12 / 12) -> AVG-RTPM: 249ms
    [junit] MAJOR: Mutants killed / live: 751 (7-2922-1) / 52
    [junit] MAJOR: ------------------------------------------------------------
    [junit] MAJOR: 48/61 - org.jfree.data.time.TimeSeries_ESTest10 (16ms / 74):
    [junit] MAJOR: 1400332 (0 / 74 / 74) -> AVG-RTPM: 374ms
    [junit] MAJOR: Mutants killed / live: 751 (7-2996-1) / 52
    [junit] MAJOR: ------------------------------------------------------------
    [junit] MAJOR: 49/61 - org.jfree.data.time.TimeSeries_ESTest17 (16ms / 74):
    [junit] MAJOR: 1429515 (0 / 74 / 74) -> AVG-RTPM: 394ms
    [junit] MAJOR: Mutants killed / live: 751 (7-3070-1) / 52
    [junit] MAJOR: ------------------------------------------------------------
    [junit] MAJOR: 50/61 - org.jfree.data.time.TimeSeries_ESTest38 (16ms / 249):
    [junit] MAJOR: 1522536 (24 / 249 / 249) -> AVG-RTPM: 373ms
    [junit] MAJOR: Mutants killed / live: 775 (7-3319-1) / 28
    [junit] MAJOR: ------------------------------------------------------------
    [junit] MAJOR: 51/61 - org.jfree.data.time.TimeSeries_ESTest65 (16ms / 126):
    [junit] MAJOR: 1569280 (0 / 126 / 126) -> AVG-RTPM: 370ms
    [junit] MAJOR: Mutants killed / live: 775 (7-3445-1) / 28
    [junit] MAJOR: ------------------------------------------------------------
    [junit] MAJOR: 52/61 - org.jfree.data.time.TimeSeries_ESTest18 (17ms / 73):
    [junit] MAJOR: 1592343 (10 / 73 / 73) -> AVG-RTPM: 315ms
    [junit] MAJOR: Mutants killed / live: 785 (7-3518-1) / 18
    [junit] MAJOR: ------------------------------------------------------------
    [junit] MAJOR: 53/61 - org.jfree.data.time.TimeSeries_ESTest21 (17ms / 11):
    [junit] MAJOR: 1594963 (0 / 11 / 11) -> AVG-RTPM: 238ms
    [junit] MAJOR: Mutants killed / live: 785 (7-3529-1) / 18
    [junit] MAJOR: ------------------------------------------------------------
    [junit] MAJOR: 54/61 - org.jfree.data.time.TimeSeries_ESTest51 (17ms / 17):
    [junit] MAJOR: 1599059 (0 / 17 / 17) -> AVG-RTPM: 240ms
    [junit] MAJOR: Mutants killed / live: 785 (7-3546-1) / 18
    [junit] MAJOR: ------------------------------------------------------------
    [junit] MAJOR: 55/61 - org.jfree.data.time.TimeSeries_ESTest56 (17ms / 23):
    [junit] MAJOR: 1606244 (0 / 23 / 23) -> AVG-RTPM: 312ms
    [junit] MAJOR: Mutants killed / live: 785 (7-3569-1) / 18
    [junit] MAJOR: ------------------------------------------------------------
    [junit] MAJOR: 56/61 - org.jfree.data.time.TimeSeries_ESTest64 (18ms / 85):
    [junit] MAJOR: 1633652 (0 / 85 / 85) -> AVG-RTPM: 322ms
    [junit] MAJOR: Mutants killed / live: 785 (7-3654-1) / 18
    [junit] MAJOR: ------------------------------------------------------------
    [junit] MAJOR: 57/61 - org.jfree.data.time.TimeSeries_ESTest1 (19ms / 132):
    [junit] MAJOR: 1678819 (4 / 132 / 132) -> AVG-RTPM: 342ms
    [junit] MAJOR: Mutants killed / live: 789 (7-3786-1) / 14
    [junit] MAJOR: ------------------------------------------------------------
    [junit] MAJOR: 58/61 - org.jfree.data.time.TimeSeries_ESTest13 (21ms / 17):
    [junit] MAJOR: 1682922 (0 / 17 / 17) -> AVG-RTPM: 241ms
    [junit] MAJOR: Mutants killed / live: 789 (7-3803-1) / 14
    [junit] MAJOR: ------------------------------------------------------------
    [junit] MAJOR: 59/61 - org.jfree.data.time.TimeSeries_ESTest4 (21ms / 143):
    [junit] MAJOR: 1736426 (6 / 143 / 143) -> AVG-RTPM: 374ms
    [junit] MAJOR: Mutants killed / live: 795 (7-3946-1) / 8
    [junit] MAJOR: ------------------------------------------------------------
    [junit] MAJOR: 60/61 - org.jfree.data.time.TimeSeries_ESTest0 (23ms / 10):
    [junit] MAJOR: 1739172 (2 / 10 / 10) -> AVG-RTPM: 274ms
    [junit] MAJOR: Mutants killed / live: 797 (7-3956-1) / 6
    [junit] MAJOR: ------------------------------------------------------------
    [junit] MAJOR: 61/61 - org.jfree.data.time.TimeSeries_ESTest60 (64ms / 105):
    [junit] MAJOR: 1764735 (4 / 105 / 105) -> AVG-RTPM: 243ms
    [junit] MAJOR: Mutants killed / live: 801 (7-4061-1) / 2
    [junit] MAJOR: ------------------------------------------------------------
    [junit] MAJOR: Summary:
    [junit] MAJOR: 
    [junit] MAJOR: Analysis time:  1764.7 seconds
    [junit] MAJOR: Mutation score: 92.49% (99.75%)
    [junit] MAJOR: Mutants killed / live: 801 (7-4061-1) / 2
    [junit] MAJOR: Mutant executions: 4230
    [junit] MAJOR: ------------------------------------------------------------
    [junit] MAJOR: Export summary of results (to summary.csv)
    [junit] MAJOR: Export mutant kill details (to /tmp/run_mutation.pl_117982_1501406986/3f/kill.csv)
    [junit] MAJOR: Export kill map (to killMap.csv)!

BUILD SUCCESSFUL
Total time: 30 minutes 2 seconds
