
initialise:

compile:
    [javac] /home/to_donghwan/defects4j/framework/projects/Chart/Chart.build.xml:56: warning: 'includeantruntime' was not set, defaulting to build.sysclasspath=last; set to false for repeatable builds

compile-experimental:
    [javac] /home/to_donghwan/defects4j/framework/projects/Chart/Chart.build.xml:105: warning: 'includeantruntime' was not set, defaulting to build.sysclasspath=last; set to false for repeatable builds
    [javac] Compiling 4 source files to /tmp/run_mutation.pl_2459_1483601889/6f/build
    [javac] warning: [options] bootstrap class path not set in conjunction with -source 1.4
    [javac] 1 warning

compile.tests:
    [mkdir] Created dir: /tmp/run_mutation.pl_2459_1483601889/6f/build-tests
    [javac] /home/to_donghwan/defects4j/framework/projects/Chart/Chart.build.xml:122: warning: 'includeantruntime' was not set, defaulting to build.sysclasspath=last; set to false for repeatable builds
    [javac] Compiling 362 source files to /tmp/run_mutation.pl_2459_1483601889/6f/build-tests
    [javac] warning: [options] bootstrap class path not set in conjunction with -source 1.4
    [javac] Note: Some input files use or override a deprecated API.
    [javac] Note: Recompile with -Xlint:deprecation for details.
    [javac] 1 warning

update.all.tests:

mutation.test:
     [echo] Running mutation analysis ...
    [junit] MAJOR: Mutation analysis enabled
SLF4J: Failed to load class "org.slf4j.impl.StaticLoggerBinder".
SLF4J: Defaulting to no-operation (NOP) logger implementation
SLF4J: See http://www.slf4j.org/codes.html#StaticLoggerBinder for further details.
    [junit] MAJOR: ------------------------------------------------------------
    [junit] MAJOR: Run 6 ordered tests to verify independence
    [junit] MAJOR: ------------------------------------------------------------
    [junit] MAJOR: Preprocessing time: 1.59 seconds
    [junit] MAJOR: ------------------------------------------------------------
    [junit] MAJOR: Mutants generated: 58
    [junit] MAJOR: Mutants covered:   18 (31.03%)
    [junit] MAJOR: ------------------------------------------------------------
    [junit] MAJOR: Export test map to (testMap.csv)
    [junit] MAJOR: Export coverage map to (covMap.csv)
    [junit] MAJOR: Exclude 0 mutants
    [junit] MAJOR: ------------------------------------------------------------
    [junit] MAJOR: Run mutation analysis with 6 individual tests
    [junit] MAJOR: ------------------------------------------------------------
    [junit] MAJOR: 1/6 - org.jfree.chart.util.ShapeList_ESTest1 (9ms / 0):
    [junit] MAJOR: 0 (0 / 0 / 0) -> AVG-RTPM: 0ms
    [junit] MAJOR: Mutants killed / live: 0 (0-0-0) / 18
    [junit] MAJOR: ------------------------------------------------------------
    [junit] MAJOR: 2/6 - org.jfree.chart.util.ShapeList_ESTest3 (9ms / 0):
    [junit] MAJOR: 1 (0 / 0 / 0) -> AVG-RTPM: 0ms
    [junit] MAJOR: Mutants killed / live: 0 (0-0-0) / 18
    [junit] MAJOR: ------------------------------------------------------------
    [junit] MAJOR: 3/6 - org.jfree.chart.util.ShapeList_ESTest5 (9ms / 13):
    [junit] MAJOR: 2670 (3 / 13 / 13) -> AVG-RTPM: 205ms
    [junit] MAJOR: Mutants killed / live: 3 (1-1-1) / 15
    [junit] MAJOR: ------------------------------------------------------------
    [junit] MAJOR: 4/6 - org.jfree.chart.util.ShapeList_ESTest4 (11ms / 4):
    [junit] MAJOR: 3324 (3 / 4 / 4) -> AVG-RTPM: 163ms
    [junit] MAJOR: Mutants killed / live: 6 (4-1-1) / 12
    [junit] MAJOR: ------------------------------------------------------------
    [junit] MAJOR: 5/6 - org.jfree.chart.util.ShapeList_ESTest2 (30ms / 0):
    [junit] MAJOR: 3324 (0 / 0 / 0) -> AVG-RTPM: 0ms
    [junit] MAJOR: Mutants killed / live: 6 (4-1-1) / 12
    [junit] MAJOR: ------------------------------------------------------------
    [junit] MAJOR: 6/6 - org.jfree.chart.util.ShapeList_ESTest0 (42ms / 16):
    [junit] MAJOR: 8951 (8 / 16 / 16) -> AVG-RTPM: 351ms
    [junit] MAJOR: Mutants killed / live: 14 (7-9-2) / 4
    [junit] MAJOR: ------------------------------------------------------------
    [junit] MAJOR: Summary:
    [junit] MAJOR: 
    [junit] MAJOR: Analysis time:  9.0 seconds
    [junit] MAJOR: Mutation score: 24.14% (77.78%)
    [junit] MAJOR: Mutants killed / live: 14 (7-9-2) / 4
    [junit] MAJOR: Mutant executions: 33
    [junit] MAJOR: ------------------------------------------------------------
    [junit] MAJOR: Export summary of results (to summary.csv)
    [junit] MAJOR: Export mutant kill details (to /tmp/run_mutation.pl_2459_1483601889/6f/kill.csv)
    [junit] MAJOR: Export kill map (to killMap.csv)!

BUILD SUCCESSFUL
Total time: 15 seconds
