
initialise:

compile:
    [javac] /home/to_donghwan/defects4j/framework/projects/Chart/Chart.build.xml:56: warning: 'includeantruntime' was not set, defaulting to build.sysclasspath=last; set to false for repeatable builds

compile-experimental:
    [javac] /home/to_donghwan/defects4j/framework/projects/Chart/Chart.build.xml:105: warning: 'includeantruntime' was not set, defaulting to build.sysclasspath=last; set to false for repeatable builds
    [javac] Compiling 4 source files to /tmp/run_mutation.pl_3590_1483601976/7f/build
    [javac] warning: [options] bootstrap class path not set in conjunction with -source 1.4
    [javac] 1 warning

compile.tests:
    [mkdir] Created dir: /tmp/run_mutation.pl_3590_1483601976/7f/build-tests
    [javac] /home/to_donghwan/defects4j/framework/projects/Chart/Chart.build.xml:122: warning: 'includeantruntime' was not set, defaulting to build.sysclasspath=last; set to false for repeatable builds
    [javac] Compiling 359 source files to /tmp/run_mutation.pl_3590_1483601976/7f/build-tests
    [javac] warning: [options] bootstrap class path not set in conjunction with -source 1.4
    [javac] Note: Some input files use or override a deprecated API.
    [javac] Note: Recompile with -Xlint:deprecation for details.
    [javac] 1 warning

update.all.tests:

mutation.test:
     [echo] Running mutation analysis ...
    [junit] MAJOR: Mutation analysis enabled
SLF4J: Failed to load class "org.slf4j.impl.StaticLoggerBinder".
SLF4J: Defaulting to no-operation (NOP) logger implementation
SLF4J: See http://www.slf4j.org/codes.html#StaticLoggerBinder for further details.
    [junit] MAJOR: ------------------------------------------------------------
    [junit] MAJOR: Run 25 ordered tests to verify independence
    [junit] MAJOR: ------------------------------------------------------------
    [junit] MAJOR: Preprocessing time: 8.59 seconds
    [junit] MAJOR: ------------------------------------------------------------
    [junit] MAJOR: Mutants generated: 389
    [junit] MAJOR: Mutants covered:   384 (98.71%)
    [junit] MAJOR: ------------------------------------------------------------
    [junit] MAJOR: Export test map to (testMap.csv)
    [junit] MAJOR: Export coverage map to (covMap.csv)
    [junit] MAJOR: Exclude 0 mutants
    [junit] MAJOR: ------------------------------------------------------------
    [junit] MAJOR: Run mutation analysis with 25 individual tests
    [junit] MAJOR: ------------------------------------------------------------
    [junit] MAJOR: 1/25 - org.jfree.data.time.TimePeriodValues_ESTest6 (9ms / 17):
    [junit] MAJOR: 3562 (1 / 17 / 17) -> AVG-RTPM: 209ms
    [junit] MAJOR: Mutants killed / live: 1 (1-0-0) / 383
    [junit] MAJOR: ------------------------------------------------------------
    [junit] MAJOR: 2/25 - org.jfree.data.time.TimePeriodValues_ESTest7 (9ms / 15):
    [junit] MAJOR: 7613 (1 / 15 / 15) -> AVG-RTPM: 270ms
    [junit] MAJOR: Mutants killed / live: 2 (1-1-0) / 382
    [junit] MAJOR: ------------------------------------------------------------
    [junit] MAJOR: 3/25 - org.jfree.data.time.TimePeriodValues_ESTest8 (9ms / 15):
    [junit] MAJOR: 12589 (14 / 15 / 15) -> AVG-RTPM: 331ms
    [junit] MAJOR: Mutants killed / live: 16 (15-1-0) / 368
    [junit] MAJOR: ------------------------------------------------------------
    [junit] MAJOR: 4/25 - org.jfree.data.time.TimePeriodValues_ESTest9 (9ms / 15):
    [junit] MAJOR: 18524 (0 / 15 / 15) -> AVG-RTPM: 395ms
    [junit] MAJOR: Mutants killed / live: 16 (29-1-0) / 368
    [junit] MAJOR: ------------------------------------------------------------
    [junit] MAJOR: 5/25 - org.jfree.data.time.TimePeriodValues_ESTest19 (10ms / 52):
    [junit] MAJOR: 49840 (22 / 52 / 52) -> AVG-RTPM: 602ms
    [junit] MAJOR: Mutants killed / live: 38 (41-12-0) / 346
    [junit] MAJOR: ------------------------------------------------------------
    [junit] MAJOR: 6/25 - org.jfree.data.time.TimePeriodValues_ESTest2 (10ms / 113):
    [junit] MAJOR: 204732 (4 / 113 / 113) -> AVG-RTPM: 1370ms
    [junit] MAJOR: Mutants killed / live: 42 (55-17-0) / 342
    [junit] MAJOR: ------------------------------------------------------------
    [junit] MAJOR: 7/25 - org.jfree.data.time.TimePeriodValues_ESTest21 (10ms / 25):
    [junit] MAJOR: 224681 (4 / 25 / 25) -> AVG-RTPM: 797ms
    [junit] MAJOR: Mutants killed / live: 46 (60-36-1) / 338
    [junit] MAJOR: ------------------------------------------------------------
    [junit] MAJOR: 8/25 - org.jfree.data.time.TimePeriodValues_ESTest22 (10ms / 218):
    [junit] MAJOR: 259282 (179 / 218 / 218) -> AVG-RTPM: 158ms
    [junit] MAJOR: Mutants killed / live: 225 (60-254-1) / 159
    [junit] MAJOR: ------------------------------------------------------------
    [junit] MAJOR: 9/25 - org.jfree.data.time.TimePeriodValues_ESTest3 (10ms / 208):
    [junit] MAJOR: 293917 (2 / 208 / 208) -> AVG-RTPM: 166ms
    [junit] MAJOR: Mutants killed / live: 227 (60-462-1) / 157
    [junit] MAJOR: ------------------------------------------------------------
    [junit] MAJOR: 10/25 - org.jfree.data.time.TimePeriodValues_ESTest4 (10ms / 15):
    [junit] MAJOR: 296340 (0 / 15 / 15) -> AVG-RTPM: 161ms
    [junit] MAJOR: Mutants killed / live: 227 (60-477-1) / 157
    [junit] MAJOR: ------------------------------------------------------------
    [junit] MAJOR: 11/25 - org.jfree.data.time.TimePeriodValues_ESTest13 (11ms / 18):
    [junit] MAJOR: 299066 (0 / 18 / 18) -> AVG-RTPM: 151ms
    [junit] MAJOR: Mutants killed / live: 227 (60-495-1) / 157
    [junit] MAJOR: ------------------------------------------------------------
    [junit] MAJOR: 12/25 - org.jfree.data.time.TimePeriodValues_ESTest15 (11ms / 175):
    [junit] MAJOR: 334036 (3 / 175 / 175) -> AVG-RTPM: 199ms
    [junit] MAJOR: Mutants killed / live: 230 (60-670-1) / 154
    [junit] MAJOR: ------------------------------------------------------------
    [junit] MAJOR: 13/25 - org.jfree.data.time.TimePeriodValues_ESTest17 (11ms / 29):
    [junit] MAJOR: 338558 (14 / 29 / 29) -> AVG-RTPM: 155ms
    [junit] MAJOR: Mutants killed / live: 244 (60-699-1) / 140
    [junit] MAJOR: ------------------------------------------------------------
    [junit] MAJOR: 14/25 - org.jfree.data.time.TimePeriodValues_ESTest24 (11ms / 109):
    [junit] MAJOR: 355176 (90 / 109 / 109) -> AVG-RTPM: 152ms
    [junit] MAJOR: Mutants killed / live: 334 (60-808-1) / 50
    [junit] MAJOR: ------------------------------------------------------------
    [junit] MAJOR: 15/25 - org.jfree.data.time.TimePeriodValues_ESTest11 (12ms / 15):
    [junit] MAJOR: 357405 (0 / 15 / 15) -> AVG-RTPM: 148ms
    [junit] MAJOR: Mutants killed / live: 334 (60-823-1) / 50
    [junit] MAJOR: ------------------------------------------------------------
    [junit] MAJOR: 16/25 - org.jfree.data.time.TimePeriodValues_ESTest12 (12ms / 15):
    [junit] MAJOR: 359638 (0 / 15 / 15) -> AVG-RTPM: 148ms
    [junit] MAJOR: Mutants killed / live: 334 (60-838-1) / 50
    [junit] MAJOR: ------------------------------------------------------------
    [junit] MAJOR: 17/25 - org.jfree.data.time.TimePeriodValues_ESTest1 (13ms / 15):
    [junit] MAJOR: 361844 (0 / 15 / 15) -> AVG-RTPM: 147ms
    [junit] MAJOR: Mutants killed / live: 334 (60-853-1) / 50
    [junit] MAJOR: ------------------------------------------------------------
    [junit] MAJOR: 18/25 - org.jfree.data.time.TimePeriodValues_ESTest20 (13ms / 23):
    [junit] MAJOR: 365311 (1 / 23 / 23) -> AVG-RTPM: 150ms
    [junit] MAJOR: Mutants killed / live: 335 (60-876-1) / 49
    [junit] MAJOR: ------------------------------------------------------------
    [junit] MAJOR: 19/25 - org.jfree.data.time.TimePeriodValues_ESTest23 (13ms / 111):
    [junit] MAJOR: 383077 (2 / 111 / 111) -> AVG-RTPM: 160ms
    [junit] MAJOR: Mutants killed / live: 337 (60-987-1) / 47
    [junit] MAJOR: ------------------------------------------------------------
    [junit] MAJOR: 20/25 - org.jfree.data.time.TimePeriodValues_ESTest10 (15ms / 15):
    [junit] MAJOR: 385340 (0 / 15 / 15) -> AVG-RTPM: 150ms
    [junit] MAJOR: Mutants killed / live: 337 (60-1002-1) / 47
    [junit] MAJOR: ------------------------------------------------------------
    [junit] MAJOR: 21/25 - org.jfree.data.time.TimePeriodValues_ESTest18 (15ms / 19):
    [junit] MAJOR: 389044 (1 / 19 / 19) -> AVG-RTPM: 194ms
    [junit] MAJOR: Mutants killed / live: 338 (60-1021-1) / 46
    [junit] MAJOR: ------------------------------------------------------------
    [junit] MAJOR: 22/25 - org.jfree.data.time.TimePeriodValues_ESTest0 (18ms / 15):
    [junit] MAJOR: 391290 (0 / 15 / 15) -> AVG-RTPM: 149ms
    [junit] MAJOR: Mutants killed / live: 338 (60-1036-1) / 46
    [junit] MAJOR: ------------------------------------------------------------
    [junit] MAJOR: 23/25 - org.jfree.data.time.TimePeriodValues_ESTest14 (24ms / 176):
    [junit] MAJOR: 420462 (3 / 176 / 176) -> AVG-RTPM: 165ms
    [junit] MAJOR: Mutants killed / live: 341 (60-1212-1) / 43
    [junit] MAJOR: ------------------------------------------------------------
    [junit] MAJOR: 24/25 - org.jfree.data.time.TimePeriodValues_ESTest16 (38ms / 145):
    [junit] MAJOR: 445218 (30 / 145 / 145) -> AVG-RTPM: 170ms
    [junit] MAJOR: Mutants killed / live: 371 (60-1357-1) / 13
    [junit] MAJOR: ------------------------------------------------------------
    [junit] MAJOR: 25/25 - org.jfree.data.time.TimePeriodValues_ESTest5 (62ms / 33):
    [junit] MAJOR: 450470 (8 / 33 / 33) -> AVG-RTPM: 159ms
    [junit] MAJOR: Mutants killed / live: 379 (60-1390-1) / 5
    [junit] MAJOR: ------------------------------------------------------------
    [junit] MAJOR: Summary:
    [junit] MAJOR: 
    [junit] MAJOR: Analysis time:  450.5 seconds
    [junit] MAJOR: Mutation score: 97.43% (98.70%)
    [junit] MAJOR: Mutants killed / live: 379 (60-1390-1) / 5
    [junit] MAJOR: Mutant executions: 1606
    [junit] MAJOR: ------------------------------------------------------------
    [junit] MAJOR: Export summary of results (to summary.csv)
    [junit] MAJOR: Export mutant kill details (to /tmp/run_mutation.pl_3590_1483601976/7f/kill.csv)
    [junit] MAJOR: Export kill map (to killMap.csv)!

BUILD SUCCESSFUL
Total time: 7 minutes 43 seconds
