
initialise:

compile:
    [javac] /home/to_donghwan/defects4j/framework/projects/Chart/Chart.build.xml:56: warning: 'includeantruntime' was not set, defaulting to build.sysclasspath=last; set to false for repeatable builds

compile-experimental:
    [javac] /home/to_donghwan/defects4j/framework/projects/Chart/Chart.build.xml:105: warning: 'includeantruntime' was not set, defaulting to build.sysclasspath=last; set to false for repeatable builds
    [javac] Compiling 4 source files to /tmp/run_mutation.pl_26518_1501509436/8f/build
    [javac] warning: [options] bootstrap class path not set in conjunction with -source 1.4
    [javac] 1 warning

compile.tests:
    [mkdir] Created dir: /tmp/run_mutation.pl_26518_1501509436/8f/build-tests
    [javac] /home/to_donghwan/defects4j/framework/projects/Chart/Chart.build.xml:122: warning: 'includeantruntime' was not set, defaulting to build.sysclasspath=last; set to false for repeatable builds
    [javac] Compiling 359 source files to /tmp/run_mutation.pl_26518_1501509436/8f/build-tests
    [javac] warning: [options] bootstrap class path not set in conjunction with -source 1.4
    [javac] Note: Some input files use or override a deprecated API.
    [javac] Note: Recompile with -Xlint:deprecation for details.
    [javac] 1 warning

update.all.tests:

mutation.test:
     [echo] Running mutation analysis ...
    [junit] MAJOR: Mutation analysis enabled
SLF4J: Failed to load class "org.slf4j.impl.StaticLoggerBinder".
SLF4J: Defaulting to no-operation (NOP) logger implementation
SLF4J: See http://www.slf4j.org/codes.html#StaticLoggerBinder for further details.
    [junit] MAJOR: org.jfree.data.time.Week_ESTest1[test01] failed!
    [junit] MAJOR:  -> AssertionFailedError
    [junit] MAJOR:  -> "expected:<1392508799999> but was:<1501977599999>"
    [junit] MAJOR: org.jfree.data.time.Week_ESTest12[test12] failed!
    [junit] MAJOR:  -> java.lang.ClassCastException
    [junit] MAJOR:  -> "java.util.Date cannot be cast to org.evosuite.runtime.mock.java.util.MockDate"
    [junit] MAJOR: org.jfree.data.time.Week_ESTest14[test14] failed!
    [junit] MAJOR:  -> AssertionFailedError
    [junit] MAJOR:  -> "expected:<1391299200000> but was:<1500768000000>"
    [junit] MAJOR: org.jfree.data.time.Week_ESTest20[test20] failed!
    [junit] MAJOR:  -> java.lang.ClassCastException
    [junit] MAJOR:  -> "java.util.Date cannot be cast to org.evosuite.runtime.mock.java.util.MockDate"
    [junit] MAJOR: org.jfree.data.time.Week_ESTest22[test22] failed!
    [junit] MAJOR:  -> AssertionFailedError
    [junit] MAJOR:  -> "expected:<1392508799999> but was:<1501977599999>"
    [junit] MAJOR: org.jfree.data.time.Week_ESTest24[test24] failed!
    [junit] MAJOR:  -> AssertionFailedError
    [junit] MAJOR:  -> "expected:<1391904000000> but was:<1501372800000>"
    [junit] MAJOR: org.jfree.data.time.Week_ESTest25[test25] failed!
    [junit] MAJOR:  -> AssertionFailedError
    [junit] MAJOR:  -> "expected:<1391904000000> but was:<1501372800000>"
    [junit] MAJOR: org.jfree.data.time.Week_ESTest26[test26] failed!
    [junit] MAJOR:  -> AssertionFailedError
    [junit] MAJOR:  -> "expected:<1391904000000> but was:<1501372800000>"
    [junit] MAJOR: org.jfree.data.time.Week_ESTest3[test03] failed!
    [junit] MAJOR:  -> AssertionFailedError
    [junit] MAJOR:  -> "expected:<1392508799999> but was:<1501977599999>"
    [junit] MAJOR: org.jfree.data.time.Week_ESTest4[test04] failed!
    [junit] MAJOR:  -> AssertionFailedError
    [junit] MAJOR:  -> "expected:<1392508799999> but was:<1501977599999>"
    [junit] MAJOR: org.jfree.data.time.Week_ESTest6[test06] failed!
    [junit] MAJOR:  -> AssertionFailedError
    [junit] MAJOR:  -> "expected:<1396742400000> but was:<1491696000000>"
    [junit] MAJOR: org.jfree.data.time.Week_ESTest7[test07] failed!
    [junit] MAJOR:  -> AssertionFailedError
    [junit] MAJOR:  -> "expected:<1394323199999> but was:<1489276799999>"
    [junit] MAJOR: Exclude 12 failing test classes:
    [junit] MAJOR:  - org.jfree.data.time.Week_ESTest1
    [junit] MAJOR:  - org.jfree.data.time.Week_ESTest12
    [junit] MAJOR:  - org.jfree.data.time.Week_ESTest14
    [junit] MAJOR:  - org.jfree.data.time.Week_ESTest20
    [junit] MAJOR:  - org.jfree.data.time.Week_ESTest22
    [junit] MAJOR:  - org.jfree.data.time.Week_ESTest24
    [junit] MAJOR:  - org.jfree.data.time.Week_ESTest25
    [junit] MAJOR:  - org.jfree.data.time.Week_ESTest26
    [junit] MAJOR:  - org.jfree.data.time.Week_ESTest3
    [junit] MAJOR:  - org.jfree.data.time.Week_ESTest4
    [junit] MAJOR:  - org.jfree.data.time.Week_ESTest6
    [junit] MAJOR:  - org.jfree.data.time.Week_ESTest7
    [junit] MAJOR: ------------------------------------------------------------
    [junit] MAJOR: Run 18 ordered tests to verify independence
    [junit] MAJOR: ------------------------------------------------------------
    [junit] MAJOR: Preprocessing time: 4.84 seconds
    [junit] MAJOR: ------------------------------------------------------------
    [junit] MAJOR: Mutants generated: 429
    [junit] MAJOR: Mutants covered:   302 (70.40%)
    [junit] MAJOR: ------------------------------------------------------------
    [junit] MAJOR: Export test map to (testMap.csv)
    [junit] MAJOR: Export coverage map to (covMap.csv)
    [junit] MAJOR: Exclude 0 mutants
    [junit] MAJOR: ------------------------------------------------------------
    [junit] MAJOR: Run mutation analysis with 18 individual tests
    [junit] MAJOR: ------------------------------------------------------------
    [junit] MAJOR: 1/18 - org.jfree.data.time.Week_ESTest28 (7ms / 43):
    [junit] MAJOR: 5742 (8 / 43 / 43) -> AVG-RTPM: 133ms
    [junit] MAJOR: Mutants killed / live: 8 (2-6-0) / 294
    [junit] MAJOR: ------------------------------------------------------------
    [junit] MAJOR: 2/18 - org.jfree.data.time.Week_ESTest29 (7ms / 72):
    [junit] MAJOR: 25590 (9 / 72 / 72) -> AVG-RTPM: 275ms
    [junit] MAJOR: Mutants killed / live: 17 (12-7-0) / 285
    [junit] MAJOR: ------------------------------------------------------------
    [junit] MAJOR: 3/18 - org.jfree.data.time.Week_ESTest9 (7ms / 6):
    [junit] MAJOR: 28252 (2 / 6 / 6) -> AVG-RTPM: 443ms
    [junit] MAJOR: Mutants killed / live: 19 (12-9-0) / 283
    [junit] MAJOR: ------------------------------------------------------------
    [junit] MAJOR: 4/18 - org.jfree.data.time.Week_ESTest23 (8ms / 72):
    [junit] MAJOR: 71578 (48 / 72 / 72) -> AVG-RTPM: 601ms
    [junit] MAJOR: Mutants killed / live: 67 (52-17-0) / 235
    [junit] MAJOR: ------------------------------------------------------------
    [junit] MAJOR: 5/18 - org.jfree.data.time.Week_ESTest27 (8ms / 3):
    [junit] MAJOR: 73958 (1 / 3 / 3) -> AVG-RTPM: 793ms
    [junit] MAJOR: Mutants killed / live: 68 (52-19-0) / 234
    [junit] MAJOR: ------------------------------------------------------------
    [junit] MAJOR: 6/18 - org.jfree.data.time.Week_ESTest5 (8ms / 56):
    [junit] MAJOR: 127706 (2 / 56 / 56) -> AVG-RTPM: 959ms
    [junit] MAJOR: Mutants killed / live: 70 (54-20-2) / 232
    [junit] MAJOR: ------------------------------------------------------------
    [junit] MAJOR: 7/18 - org.jfree.data.time.Week_ESTest16 (9ms / 97):
    [junit] MAJOR: 167785 (51 / 97 / 97) -> AVG-RTPM: 413ms
    [junit] MAJOR: Mutants killed / live: 121 (57-108-3) / 181
    [junit] MAJOR: ------------------------------------------------------------
    [junit] MAJOR: 8/18 - org.jfree.data.time.Week_ESTest21 (9ms / 81):
    [junit] MAJOR: 182795 (18 / 81 / 81) -> AVG-RTPM: 185ms
    [junit] MAJOR: Mutants killed / live: 139 (57-189-3) / 163
    [junit] MAJOR: ------------------------------------------------------------
    [junit] MAJOR: 9/18 - org.jfree.data.time.Week_ESTest11 (10ms / 105):
    [junit] MAJOR: 207140 (57 / 105 / 105) -> AVG-RTPM: 231ms
    [junit] MAJOR: Mutants killed / live: 196 (57-294-3) / 106
    [junit] MAJOR: ------------------------------------------------------------
    [junit] MAJOR: 10/18 - org.jfree.data.time.Week_ESTest13 (10ms / 99):
    [junit] MAJOR: 229937 (1 / 99 / 99) -> AVG-RTPM: 230ms
    [junit] MAJOR: Mutants killed / live: 197 (57-393-3) / 105
    [junit] MAJOR: ------------------------------------------------------------
    [junit] MAJOR: 11/18 - org.jfree.data.time.Week_ESTest15 (10ms / 79):
    [junit] MAJOR: 244607 (16 / 79 / 79) -> AVG-RTPM: 185ms
    [junit] MAJOR: Mutants killed / live: 213 (57-472-3) / 89
    [junit] MAJOR: ------------------------------------------------------------
    [junit] MAJOR: 12/18 - org.jfree.data.time.Week_ESTest18 (10ms / 95):
    [junit] MAJOR: 262828 (6 / 95 / 95) -> AVG-RTPM: 191ms
    [junit] MAJOR: Mutants killed / live: 219 (57-567-3) / 83
    [junit] MAJOR: ------------------------------------------------------------
    [junit] MAJOR: 13/18 - org.jfree.data.time.Week_ESTest19 (10ms / 91):
    [junit] MAJOR: 279983 (0 / 91 / 91) -> AVG-RTPM: 188ms
    [junit] MAJOR: Mutants killed / live: 219 (57-658-3) / 83
    [junit] MAJOR: ------------------------------------------------------------
    [junit] MAJOR: 14/18 - org.jfree.data.time.Week_ESTest10 (11ms / 9):
    [junit] MAJOR: 282059 (0 / 9 / 9) -> AVG-RTPM: 230ms
    [junit] MAJOR: Mutants killed / live: 219 (57-667-3) / 83
    [junit] MAJOR: ------------------------------------------------------------
    [junit] MAJOR: 15/18 - org.jfree.data.time.Week_ESTest17 (11ms / 121):
    [junit] MAJOR: 311091 (6 / 121 / 121) -> AVG-RTPM: 239ms
    [junit] MAJOR: Mutants killed / live: 225 (57-788-3) / 77
    [junit] MAJOR: ------------------------------------------------------------
    [junit] MAJOR: 16/18 - org.jfree.data.time.Week_ESTest2 (13ms / 89):
    [junit] MAJOR: 332411 (0 / 89 / 89) -> AVG-RTPM: 239ms
    [junit] MAJOR: Mutants killed / live: 225 (57-877-3) / 77
    [junit] MAJOR: ------------------------------------------------------------
    [junit] MAJOR: 17/18 - org.jfree.data.time.Week_ESTest8 (14ms / 3):
    [junit] MAJOR: 333031 (0 / 3 / 3) -> AVG-RTPM: 206ms
    [junit] MAJOR: Mutants killed / live: 225 (57-880-3) / 77
    [junit] MAJOR: ------------------------------------------------------------
    [junit] MAJOR: 18/18 - org.jfree.data.time.Week_ESTest0 (25ms / 113):
    [junit] MAJOR: 360052 (24 / 113 / 113) -> AVG-RTPM: 239ms
    [junit] MAJOR: Mutants killed / live: 249 (57-993-3) / 53
    [junit] MAJOR: ------------------------------------------------------------
    [junit] MAJOR: Summary:
    [junit] MAJOR: 
    [junit] MAJOR: Analysis time:  360.1 seconds
    [junit] MAJOR: Mutation score: 58.04% (82.45%)
    [junit] MAJOR: Mutants killed / live: 249 (57-993-3) / 53
    [junit] MAJOR: Mutant executions: 1234
    [junit] MAJOR: ------------------------------------------------------------
    [junit] MAJOR: Export summary of results (to summary.csv)
    [junit] MAJOR: Export mutant kill details (to /tmp/run_mutation.pl_26518_1501509436/8f/kill.csv)
    [junit] MAJOR: Export kill map (to killMap.csv)!

BUILD SUCCESSFUL
Total time: 6 minutes 11 seconds
