
initialise:

compile:
    [javac] /home/to_donghwan/defects4j/framework/projects/Chart/Chart.build.xml:56: warning: 'includeantruntime' was not set, defaulting to build.sysclasspath=last; set to false for repeatable builds

compile-experimental:
    [javac] /home/to_donghwan/defects4j/framework/projects/Chart/Chart.build.xml:105: warning: 'includeantruntime' was not set, defaulting to build.sysclasspath=last; set to false for repeatable builds
    [javac] Compiling 4 source files to /tmp/run_mutation.pl_70781_1501338810/9f/build
    [javac] warning: [options] bootstrap class path not set in conjunction with -source 1.4
    [javac] 1 warning

compile.tests:
    [mkdir] Created dir: /tmp/run_mutation.pl_70781_1501338810/9f/build-tests
    [javac] /home/to_donghwan/defects4j/framework/projects/Chart/Chart.build.xml:122: warning: 'includeantruntime' was not set, defaulting to build.sysclasspath=last; set to false for repeatable builds
    [javac] Compiling 359 source files to /tmp/run_mutation.pl_70781_1501338810/9f/build-tests
    [javac] warning: [options] bootstrap class path not set in conjunction with -source 1.4
    [javac] Note: Some input files use or override a deprecated API.
    [javac] Note: Recompile with -Xlint:deprecation for details.
    [javac] 1 warning

update.all.tests:

mutation.test:
     [echo] Running mutation analysis ...
    [junit] MAJOR: Mutation analysis enabled
SLF4J: Failed to load class "org.slf4j.impl.StaticLoggerBinder".
SLF4J: Defaulting to no-operation (NOP) logger implementation
SLF4J: See http://www.slf4j.org/codes.html#StaticLoggerBinder for further details.
    [junit] MAJOR: org.jfree.data.time.TimeSeries_ESTest23[test23] failed!
    [junit] MAJOR:  -> java.lang.ClassCastException
    [junit] MAJOR:  -> "java.util.Date cannot be cast to org.evosuite.runtime.mock.java.util.MockDate"
    [junit] MAJOR: Exclude 1 failing test class:
    [junit] MAJOR:  - org.jfree.data.time.TimeSeries_ESTest23
    [junit] MAJOR: ------------------------------------------------------------
    [junit] MAJOR: Run 50 ordered tests to verify independence
    [junit] MAJOR: ------------------------------------------------------------
    [junit] MAJOR: Preprocessing time: 32.26 seconds
    [junit] MAJOR: ------------------------------------------------------------
    [junit] MAJOR: Mutants generated: 733
    [junit] MAJOR: Mutants covered:   686 (93.59%)
    [junit] MAJOR: ------------------------------------------------------------
    [junit] MAJOR: Export test map to (testMap.csv)
    [junit] MAJOR: Export coverage map to (covMap.csv)
    [junit] MAJOR: Exclude 0 mutants
    [junit] MAJOR: ------------------------------------------------------------
    [junit] MAJOR: Run mutation analysis with 50 individual tests
    [junit] MAJOR: ------------------------------------------------------------
    [junit] MAJOR: 1/50 - org.jfree.data.time.TimeSeries_ESTest32 (9ms / 18):
    [junit] MAJOR: 8237 (12 / 18 / 18) -> AVG-RTPM: 457ms
    [junit] MAJOR: Mutants killed / live: 12 (4-8-0) / 674
    [junit] MAJOR: ------------------------------------------------------------
    [junit] MAJOR: 2/50 - org.jfree.data.time.TimeSeries_ESTest27 (10ms / 66):
    [junit] MAJOR: 69392 (31 / 66 / 66) -> AVG-RTPM: 926ms
    [junit] MAJOR: Mutants killed / live: 43 (5-39-0) / 643
    [junit] MAJOR: ------------------------------------------------------------
    [junit] MAJOR: 3/50 - org.jfree.data.time.TimeSeries_ESTest28 (10ms / 84):
    [junit] MAJOR: 78631 (59 / 84 / 84) -> AVG-RTPM: 109ms
    [junit] MAJOR: Mutants killed / live: 102 (5-89-33) / 584
    [junit] MAJOR: ------------------------------------------------------------
    [junit] MAJOR: 4/50 - org.jfree.data.time.TimeSeries_ESTest26 (11ms / 9):
    [junit] MAJOR: 80060 (1 / 9 / 9) -> AVG-RTPM: 158ms
    [junit] MAJOR: Mutants killed / live: 103 (5-98-34) / 583
    [junit] MAJOR: ------------------------------------------------------------
    [junit] MAJOR: 5/50 - org.jfree.data.time.TimeSeries_ESTest3 (11ms / 85):
    [junit] MAJOR: 93996 (32 / 85 / 85) -> AVG-RTPM: 163ms
    [junit] MAJOR: Mutants killed / live: 135 (5-183-34) / 551
    [junit] MAJOR: ------------------------------------------------------------
    [junit] MAJOR: 6/50 - org.jfree.data.time.TimeSeries_ESTest18 (12ms / 11):
    [junit] MAJOR: 95060 (2 / 11 / 11) -> AVG-RTPM: 96ms
    [junit] MAJOR: Mutants killed / live: 137 (5-194-34) / 549
    [junit] MAJOR: ------------------------------------------------------------
    [junit] MAJOR: 7/50 - org.jfree.data.time.TimeSeries_ESTest20 (12ms / 241):
    [junit] MAJOR: 130747 (166 / 241 / 241) -> AVG-RTPM: 148ms
    [junit] MAJOR: Mutants killed / live: 303 (5-435-34) / 383
    [junit] MAJOR: ------------------------------------------------------------
    [junit] MAJOR: 8/50 - org.jfree.data.time.TimeSeries_ESTest25 (13ms / 58):
    [junit] MAJOR: 139391 (12 / 58 / 58) -> AVG-RTPM: 149ms
    [junit] MAJOR: Mutants killed / live: 315 (5-493-34) / 371
    [junit] MAJOR: ------------------------------------------------------------
    [junit] MAJOR: 9/50 - org.jfree.data.time.TimeSeries_ESTest13 (14ms / 56):
    [junit] MAJOR: 147034 (10 / 56 / 56) -> AVG-RTPM: 136ms
    [junit] MAJOR: Mutants killed / live: 325 (5-549-34) / 361
    [junit] MAJOR: ------------------------------------------------------------
    [junit] MAJOR: 10/50 - org.jfree.data.time.TimeSeries_ESTest19 (14ms / 91):
    [junit] MAJOR: 163242 (15 / 91 / 91) -> AVG-RTPM: 178ms
    [junit] MAJOR: Mutants killed / live: 340 (5-640-34) / 346
    [junit] MAJOR: ------------------------------------------------------------
    [junit] MAJOR: 11/50 - org.jfree.data.time.TimeSeries_ESTest24 (14ms / 77):
    [junit] MAJOR: 172027 (12 / 77 / 77) -> AVG-RTPM: 114ms
    [junit] MAJOR: Mutants killed / live: 352 (5-717-34) / 334
    [junit] MAJOR: ------------------------------------------------------------
    [junit] MAJOR: 12/50 - org.jfree.data.time.TimeSeries_ESTest35 (14ms / 15):
    [junit] MAJOR: 173212 (9 / 15 / 15) -> AVG-RTPM: 79ms
    [junit] MAJOR: Mutants killed / live: 361 (5-732-34) / 325
    [junit] MAJOR: ------------------------------------------------------------
    [junit] MAJOR: 13/50 - org.jfree.data.time.TimeSeries_ESTest37 (14ms / 9):
    [junit] MAJOR: 173869 (3 / 9 / 9) -> AVG-RTPM: 72ms
    [junit] MAJOR: Mutants killed / live: 364 (5-741-34) / 322
    [junit] MAJOR: ------------------------------------------------------------
    [junit] MAJOR: 14/50 - org.jfree.data.time.TimeSeries_ESTest9 (14ms / 15):
    [junit] MAJOR: 175158 (4 / 15 / 15) -> AVG-RTPM: 85ms
    [junit] MAJOR: Mutants killed / live: 368 (5-756-34) / 318
    [junit] MAJOR: ------------------------------------------------------------
    [junit] MAJOR: 15/50 - org.jfree.data.time.TimeSeries_ESTest12 (15ms / 58):
    [junit] MAJOR: 185738 (10 / 58 / 58) -> AVG-RTPM: 182ms
    [junit] MAJOR: Mutants killed / live: 378 (5-814-34) / 308
    [junit] MAJOR: ------------------------------------------------------------
    [junit] MAJOR: 16/50 - org.jfree.data.time.TimeSeries_ESTest2 (15ms / 20):
    [junit] MAJOR: 188347 (3 / 20 / 20) -> AVG-RTPM: 130ms
    [junit] MAJOR: Mutants killed / live: 381 (5-834-34) / 305
    [junit] MAJOR: ------------------------------------------------------------
    [junit] MAJOR: 17/50 - org.jfree.data.time.TimeSeries_ESTest22 (15ms / 46):
    [junit] MAJOR: 194923 (0 / 46 / 46) -> AVG-RTPM: 142ms
    [junit] MAJOR: Mutants killed / live: 381 (5-880-34) / 305
    [junit] MAJOR: ------------------------------------------------------------
    [junit] MAJOR: 18/50 - org.jfree.data.time.TimeSeries_ESTest30 (15ms / 15):
    [junit] MAJOR: 196284 (9 / 15 / 15) -> AVG-RTPM: 90ms
    [junit] MAJOR: Mutants killed / live: 390 (5-895-34) / 296
    [junit] MAJOR: ------------------------------------------------------------
    [junit] MAJOR: 19/50 - org.jfree.data.time.TimeSeries_ESTest46 (15ms / 80):
    [junit] MAJOR: 204678 (51 / 80 / 80) -> AVG-RTPM: 104ms
    [junit] MAJOR: Mutants killed / live: 441 (5-975-34) / 245
    [junit] MAJOR: ------------------------------------------------------------
    [junit] MAJOR: 20/50 - org.jfree.data.time.TimeSeries_ESTest48 (15ms / 236):
    [junit] MAJOR: 232355 (93 / 236 / 236) -> AVG-RTPM: 117ms
    [junit] MAJOR: Mutants killed / live: 534 (5-1105-139) / 152
    [junit] MAJOR: ------------------------------------------------------------
    [junit] MAJOR: 21/50 - org.jfree.data.time.TimeSeries_ESTest11 (16ms / 18):
    [junit] MAJOR: 234835 (1 / 18 / 18) -> AVG-RTPM: 137ms
    [junit] MAJOR: Mutants killed / live: 535 (5-1123-140) / 151
    [junit] MAJOR: ------------------------------------------------------------
    [junit] MAJOR: 22/50 - org.jfree.data.time.TimeSeries_ESTest21 (16ms / 120):
    [junit] MAJOR: 253864 (38 / 120 / 120) -> AVG-RTPM: 158ms
    [junit] MAJOR: Mutants killed / live: 573 (5-1243-140) / 113
    [junit] MAJOR: ------------------------------------------------------------
    [junit] MAJOR: 23/50 - org.jfree.data.time.TimeSeries_ESTest31 (16ms / 57):
    [junit] MAJOR: 261943 (2 / 57 / 57) -> AVG-RTPM: 141ms
    [junit] MAJOR: Mutants killed / live: 575 (5-1300-140) / 111
    [junit] MAJOR: ------------------------------------------------------------
    [junit] MAJOR: 24/50 - org.jfree.data.time.TimeSeries_ESTest36 (16ms / 22):
    [junit] MAJOR: 264492 (0 / 22 / 22) -> AVG-RTPM: 115ms
    [junit] MAJOR: Mutants killed / live: 575 (5-1322-140) / 111
    [junit] MAJOR: ------------------------------------------------------------
    [junit] MAJOR: 25/50 - org.jfree.data.time.TimeSeries_ESTest38 (16ms / 12):
    [junit] MAJOR: 266112 (0 / 12 / 12) -> AVG-RTPM: 135ms
    [junit] MAJOR: Mutants killed / live: 575 (5-1334-140) / 111
    [junit] MAJOR: ------------------------------------------------------------
    [junit] MAJOR: 26/50 - org.jfree.data.time.TimeSeries_ESTest39 (16ms / 21):
    [junit] MAJOR: 269369 (0 / 21 / 21) -> AVG-RTPM: 155ms
    [junit] MAJOR: Mutants killed / live: 575 (5-1355-140) / 111
    [junit] MAJOR: ------------------------------------------------------------
    [junit] MAJOR: 27/50 - org.jfree.data.time.TimeSeries_ESTest4 (16ms / 6):
    [junit] MAJOR: 269975 (0 / 6 / 6) -> AVG-RTPM: 101ms
    [junit] MAJOR: Mutants killed / live: 575 (5-1361-140) / 111
    [junit] MAJOR: ------------------------------------------------------------
    [junit] MAJOR: 28/50 - org.jfree.data.time.TimeSeries_ESTest49 (16ms / 101):
    [junit] MAJOR: 280911 (4 / 101 / 101) -> AVG-RTPM: 108ms
    [junit] MAJOR: Mutants killed / live: 579 (5-1462-140) / 107
    [junit] MAJOR: ------------------------------------------------------------
    [junit] MAJOR: 29/50 - org.jfree.data.time.TimeSeries_ESTest42 (17ms / 17):
    [junit] MAJOR: 283344 (1 / 17 / 17) -> AVG-RTPM: 143ms
    [junit] MAJOR: Mutants killed / live: 580 (5-1479-140) / 106
    [junit] MAJOR: ------------------------------------------------------------
    [junit] MAJOR: 30/50 - org.jfree.data.time.TimeSeries_ESTest43 (17ms / 47):
    [junit] MAJOR: 288332 (3 / 47 / 47) -> AVG-RTPM: 106ms
    [junit] MAJOR: Mutants killed / live: 583 (5-1526-140) / 103
    [junit] MAJOR: ------------------------------------------------------------
    [junit] MAJOR: 31/50 - org.jfree.data.time.TimeSeries_ESTest44 (17ms / 49):
    [junit] MAJOR: 293566 (3 / 49 / 49) -> AVG-RTPM: 106ms
    [junit] MAJOR: Mutants killed / live: 586 (5-1575-140) / 100
    [junit] MAJOR: ------------------------------------------------------------
    [junit] MAJOR: 32/50 - org.jfree.data.time.TimeSeries_ESTest33 (18ms / 60):
    [junit] MAJOR: 302462 (6 / 60 / 60) -> AVG-RTPM: 148ms
    [junit] MAJOR: Mutants killed / live: 592 (5-1635-140) / 94
    [junit] MAJOR: ------------------------------------------------------------
    [junit] MAJOR: 33/50 - org.jfree.data.time.TimeSeries_ESTest40 (18ms / 98):
    [junit] MAJOR: 315746 (37 / 98 / 98) -> AVG-RTPM: 135ms
    [junit] MAJOR: Mutants killed / live: 629 (5-1733-140) / 57
    [junit] MAJOR: ------------------------------------------------------------
    [junit] MAJOR: 34/50 - org.jfree.data.time.TimeSeries_ESTest47 (18ms / 194):
    [junit] MAJOR: 348609 (2 / 194 / 194) -> AVG-RTPM: 169ms
    [junit] MAJOR: Mutants killed / live: 631 (5-1927-140) / 55
    [junit] MAJOR: ------------------------------------------------------------
    [junit] MAJOR: 35/50 - org.jfree.data.time.TimeSeries_ESTest50 (18ms / 99):
    [junit] MAJOR: 359112 (2 / 99 / 99) -> AVG-RTPM: 106ms
    [junit] MAJOR: Mutants killed / live: 633 (5-2026-140) / 53
    [junit] MAJOR: ------------------------------------------------------------
    [junit] MAJOR: 36/50 - org.jfree.data.time.TimeSeries_ESTest10 (19ms / 15):
    [junit] MAJOR: 361424 (9 / 15 / 15) -> AVG-RTPM: 154ms
    [junit] MAJOR: Mutants killed / live: 642 (5-2041-140) / 44
    [junit] MAJOR: ------------------------------------------------------------
    [junit] MAJOR: 37/50 - org.jfree.data.time.TimeSeries_ESTest15 (19ms / 68):
    [junit] MAJOR: 371987 (19 / 68 / 68) -> AVG-RTPM: 155ms
    [junit] MAJOR: Mutants killed / live: 661 (5-2109-140) / 25
    [junit] MAJOR: ------------------------------------------------------------
    [junit] MAJOR: 38/50 - org.jfree.data.time.TimeSeries_ESTest16 (19ms / 9):
    [junit] MAJOR: 372959 (0 / 9 / 9) -> AVG-RTPM: 108ms
    [junit] MAJOR: Mutants killed / live: 661 (5-2118-140) / 25
    [junit] MAJOR: ------------------------------------------------------------
    [junit] MAJOR: 39/50 - org.jfree.data.time.TimeSeries_ESTest45 (20ms / 77):
    [junit] MAJOR: 381281 (4 / 77 / 77) -> AVG-RTPM: 108ms
    [junit] MAJOR: Mutants killed / live: 665 (5-2195-140) / 21
    [junit] MAJOR: ------------------------------------------------------------
    [junit] MAJOR: 40/50 - org.jfree.data.time.TimeSeries_ESTest51 (20ms / 150):
    [junit] MAJOR: 406992 (0 / 150 / 150) -> AVG-RTPM: 171ms
    [junit] MAJOR: Mutants killed / live: 665 (5-2345-140) / 21
    [junit] MAJOR: ------------------------------------------------------------
    [junit] MAJOR: 41/50 - org.jfree.data.time.TimeSeries_ESTest7 (20ms / 20):
    [junit] MAJOR: 409549 (3 / 20 / 20) -> AVG-RTPM: 127ms
    [junit] MAJOR: Mutants killed / live: 668 (5-2365-140) / 18
    [junit] MAJOR: ------------------------------------------------------------
    [junit] MAJOR: 42/50 - org.jfree.data.time.TimeSeries_ESTest6 (21ms / 12):
    [junit] MAJOR: 410717 (6 / 12 / 12) -> AVG-RTPM: 97ms
    [junit] MAJOR: Mutants killed / live: 674 (5-2377-140) / 12
    [junit] MAJOR: ------------------------------------------------------------
    [junit] MAJOR: 43/50 - org.jfree.data.time.TimeSeries_ESTest1 (24ms / 6):
    [junit] MAJOR: 411274 (0 / 6 / 6) -> AVG-RTPM: 92ms
    [junit] MAJOR: Mutants killed / live: 674 (5-2383-140) / 12
    [junit] MAJOR: ------------------------------------------------------------
    [junit] MAJOR: 44/50 - org.jfree.data.time.TimeSeries_ESTest17 (24ms / 18):
    [junit] MAJOR: 413493 (9 / 18 / 18) -> AVG-RTPM: 123ms
    [junit] MAJOR: Mutants killed / live: 683 (5-2401-140) / 3
    [junit] MAJOR: ------------------------------------------------------------
    [junit] MAJOR: 45/50 - org.jfree.data.time.TimeSeries_ESTest34 (27ms / 13):
    [junit] MAJOR: 414753 (0 / 13 / 13) -> AVG-RTPM: 96ms
    [junit] MAJOR: Mutants killed / live: 683 (5-2414-140) / 3
    [junit] MAJOR: ------------------------------------------------------------
    [junit] MAJOR: 46/50 - org.jfree.data.time.TimeSeries_ESTest5 (29ms / 7):
    [junit] MAJOR: 416099 (1 / 7 / 7) -> AVG-RTPM: 192ms
    [junit] MAJOR: Mutants killed / live: 684 (5-2421-140) / 2
    [junit] MAJOR: ------------------------------------------------------------
    [junit] MAJOR: 47/50 - org.jfree.data.time.TimeSeries_ESTest0 (38ms / 225):
    [junit] MAJOR: 453469 (1 / 225 / 225) -> AVG-RTPM: 166ms
    [junit] MAJOR: Mutants killed / live: 685 (5-2646-140) / 1
    [junit] MAJOR: ------------------------------------------------------------
    [junit] MAJOR: 48/50 - org.jfree.data.time.TimeSeries_ESTest14 (49ms / 67):
    [junit] MAJOR: 465183 (0 / 67 / 67) -> AVG-RTPM: 174ms
    [junit] MAJOR: Mutants killed / live: 685 (5-2713-140) / 1
    [junit] MAJOR: ------------------------------------------------------------
    [junit] MAJOR: 49/50 - org.jfree.data.time.TimeSeries_ESTest8 (135ms / 58):
    [junit] MAJOR: 473239 (0 / 58 / 58) -> AVG-RTPM: 138ms
    [junit] MAJOR: Mutants killed / live: 685 (5-2771-140) / 1
    [junit] MAJOR: ------------------------------------------------------------
    [junit] MAJOR: 50/50 - org.jfree.data.time.TimeSeries_ESTest41 (162ms / 26):
    [junit] MAJOR: 476684 (0 / 26 / 26) -> AVG-RTPM: 132ms
    [junit] MAJOR: Mutants killed / live: 685 (5-2797-140) / 1
    [junit] MAJOR: ------------------------------------------------------------
    [junit] MAJOR: Summary:
    [junit] MAJOR: 
    [junit] MAJOR: Analysis time:  476.7 seconds
    [junit] MAJOR: Mutation score: 93.45% (99.85%)
    [junit] MAJOR: Mutants killed / live: 685 (5-2797-140) / 1
    [junit] MAJOR: Mutant executions: 2982
    [junit] MAJOR: ------------------------------------------------------------
    [junit] MAJOR: Export summary of results (to summary.csv)
    [junit] MAJOR: Export mutant kill details (to /tmp/run_mutation.pl_70781_1501338810/9f/kill.csv)
    [junit] MAJOR: Export kill map (to killMap.csv)!

BUILD SUCCESSFUL
Total time: 8 minutes 38 seconds
