
initialise:

compile:
    [javac] /home/donghwan/defects4j/framework/projects/Chart/Chart.build.xml:56: warning: 'includeantruntime' was not set, defaulting to build.sysclasspath=last; set to false for repeatable builds

compile-experimental:
    [javac] /home/donghwan/defects4j/framework/projects/Chart/Chart.build.xml:105: warning: 'includeantruntime' was not set, defaulting to build.sysclasspath=last; set to false for repeatable builds
    [javac] Compiling 4 source files to /tmp/run_mutation.pl_109760_1501131287/9f/build
    [javac] warning: [options] bootstrap class path not set in conjunction with -source 1.4
    [javac] 1 warning

compile.tests:
    [mkdir] Created dir: /tmp/run_mutation.pl_109760_1501131287/9f/build-tests
    [javac] /home/donghwan/defects4j/framework/projects/Chart/Chart.build.xml:122: warning: 'includeantruntime' was not set, defaulting to build.sysclasspath=last; set to false for repeatable builds
    [javac] Compiling 359 source files to /tmp/run_mutation.pl_109760_1501131287/9f/build-tests
    [javac] warning: [options] bootstrap class path not set in conjunction with -source 1.4
    [javac] Note: Some input files use or override a deprecated API.
    [javac] Note: Recompile with -Xlint:deprecation for details.
    [javac] 1 warning

update.all.tests:

mutation.test:
     [echo] Running mutation analysis ...
    [junit] MAJOR: Mutation analysis enabled
SLF4J: Failed to load class "org.slf4j.impl.StaticLoggerBinder".
SLF4J: Defaulting to no-operation (NOP) logger implementation
SLF4J: See http://www.slf4j.org/codes.html#StaticLoggerBinder for further details.
    [junit] MAJOR: org.jfree.data.time.TimeSeries_ESTest48[test48] failed!
    [junit] MAJOR:  -> java.lang.ClassCastException
    [junit] MAJOR:  -> "java.util.Date cannot be cast to org.evosuite.runtime.mock.java.util.MockDate"
    [junit] MAJOR: Exclude 1 failing test class:
    [junit] MAJOR:  - org.jfree.data.time.TimeSeries_ESTest48
    [junit] MAJOR: ------------------------------------------------------------
    [junit] MAJOR: Run 55 ordered tests to verify independence
    [junit] MAJOR: ------------------------------------------------------------
    [junit] MAJOR: Preprocessing time: 25.52 seconds
    [junit] MAJOR: ------------------------------------------------------------
    [junit] MAJOR: Mutants generated: 733
    [junit] MAJOR: Mutants covered:   685 (93.45%)
    [junit] MAJOR: ------------------------------------------------------------
    [junit] MAJOR: Export test map to (testMap.csv)
    [junit] MAJOR: Export coverage map to (covMap.csv)
    [junit] MAJOR: Exclude 0 mutants
    [junit] MAJOR: ------------------------------------------------------------
    [junit] MAJOR: Run mutation analysis with 55 individual tests
    [junit] MAJOR: ------------------------------------------------------------
    [junit] MAJOR: 1/55 - org.jfree.data.time.TimeSeries_ESTest28 (9ms / 58):
    [junit] MAJOR: 36054 (31 / 58 / 58) -> AVG-RTPM: 621ms
    [junit] MAJOR: Mutants killed / live: 31 (11-20-0) / 654
    [junit] MAJOR: ------------------------------------------------------------
    [junit] MAJOR: 2/55 - org.jfree.data.time.TimeSeries_ESTest8 (9ms / 7):
    [junit] MAJOR: 42139 (3 / 7 / 7) -> AVG-RTPM: 869ms
    [junit] MAJOR: Mutants killed / live: 34 (15-21-0) / 651
    [junit] MAJOR: ------------------------------------------------------------
    [junit] MAJOR: 3/55 - org.jfree.data.time.TimeSeries_ESTest23 (10ms / 70):
    [junit] MAJOR: 131851 (27 / 70 / 70) -> AVG-RTPM: 1281ms
    [junit] MAJOR: Mutants killed / live: 61 (17-48-0) / 624
    [junit] MAJOR: ------------------------------------------------------------
    [junit] MAJOR: 4/55 - org.jfree.data.time.TimeSeries_ESTest24 (10ms / 47):
    [junit] MAJOR: 234322 (6 / 47 / 47) -> AVG-RTPM: 2180ms
    [junit] MAJOR: Mutants killed / live: 67 (24-59-0) / 618
    [junit] MAJOR: ------------------------------------------------------------
    [junit] MAJOR: 5/55 - org.jfree.data.time.TimeSeries_ESTest27 (10ms / 109):
    [junit] MAJOR: 277873 (54 / 109 / 109) -> AVG-RTPM: 399ms
    [junit] MAJOR: Mutants killed / live: 121 (27-164-0) / 564
    [junit] MAJOR: ------------------------------------------------------------
    [junit] MAJOR: 6/55 - org.jfree.data.time.TimeSeries_ESTest30 (10ms / 66):
    [junit] MAJOR: 293219 (10 / 66 / 66) -> AVG-RTPM: 232ms
    [junit] MAJOR: Mutants killed / live: 131 (27-230-0) / 554
    [junit] MAJOR: ------------------------------------------------------------
    [junit] MAJOR: 7/55 - org.jfree.data.time.TimeSeries_ESTest32 (10ms / 90):
    [junit] MAJOR: 313780 (44 / 90 / 90) -> AVG-RTPM: 228ms
    [junit] MAJOR: Mutants killed / live: 175 (27-320-0) / 510
    [junit] MAJOR: ------------------------------------------------------------
    [junit] MAJOR: 8/55 - org.jfree.data.time.TimeSeries_ESTest40 (10ms / 27):
    [junit] MAJOR: 318188 (21 / 27 / 27) -> AVG-RTPM: 163ms
    [junit] MAJOR: Mutants killed / live: 196 (27-347-0) / 489
    [junit] MAJOR: ------------------------------------------------------------
    [junit] MAJOR: 9/55 - org.jfree.data.time.TimeSeries_ESTest47 (10ms / 98):
    [junit] MAJOR: 342329 (92 / 98 / 98) -> AVG-RTPM: 246ms
    [junit] MAJOR: Mutants killed / live: 288 (27-445-0) / 397
    [junit] MAJOR: ------------------------------------------------------------
    [junit] MAJOR: 10/55 - org.jfree.data.time.TimeSeries_ESTest49 (10ms / 17):
    [junit] MAJOR: 345255 (0 / 17 / 17) -> AVG-RTPM: 172ms
    [junit] MAJOR: Mutants killed / live: 288 (27-462-0) / 397
    [junit] MAJOR: ------------------------------------------------------------
    [junit] MAJOR: 11/55 - org.jfree.data.time.TimeSeries_ESTest50 (10ms / 17):
    [junit] MAJOR: 347904 (0 / 17 / 17) -> AVG-RTPM: 155ms
    [junit] MAJOR: Mutants killed / live: 288 (27-479-0) / 397
    [junit] MAJOR: ------------------------------------------------------------
    [junit] MAJOR: 12/55 - org.jfree.data.time.TimeSeries_ESTest57 (10ms / 154):
    [junit] MAJOR: 383094 (106 / 154 / 154) -> AVG-RTPM: 228ms
    [junit] MAJOR: Mutants killed / live: 394 (27-633-0) / 291
    [junit] MAJOR: ------------------------------------------------------------
    [junit] MAJOR: 13/55 - org.jfree.data.time.TimeSeries_ESTest7 (10ms / 6):
    [junit] MAJOR: 385015 (0 / 6 / 6) -> AVG-RTPM: 320ms
    [junit] MAJOR: Mutants killed / live: 394 (27-639-0) / 291
    [junit] MAJOR: ------------------------------------------------------------
    [junit] MAJOR: 14/55 - org.jfree.data.time.TimeSeries_ESTest17 (11ms / 67):
    [junit] MAJOR: 401635 (18 / 67 / 67) -> AVG-RTPM: 248ms
    [junit] MAJOR: Mutants killed / live: 412 (27-706-0) / 273
    [junit] MAJOR: ------------------------------------------------------------
    [junit] MAJOR: 15/55 - org.jfree.data.time.TimeSeries_ESTest20 (11ms / 18):
    [junit] MAJOR: 405642 (9 / 18 / 18) -> AVG-RTPM: 222ms
    [junit] MAJOR: Mutants killed / live: 421 (27-724-0) / 264
    [junit] MAJOR: ------------------------------------------------------------
    [junit] MAJOR: 16/55 - org.jfree.data.time.TimeSeries_ESTest25 (11ms / 15):
    [junit] MAJOR: 408859 (9 / 15 / 15) -> AVG-RTPM: 214ms
    [junit] MAJOR: Mutants killed / live: 430 (27-739-0) / 255
    [junit] MAJOR: ------------------------------------------------------------
    [junit] MAJOR: 17/55 - org.jfree.data.time.TimeSeries_ESTest31 (11ms / 194):
    [junit] MAJOR: 456057 (17 / 194 / 194) -> AVG-RTPM: 243ms
    [junit] MAJOR: Mutants killed / live: 447 (27-933-0) / 238
    [junit] MAJOR: ------------------------------------------------------------
    [junit] MAJOR: 18/55 - org.jfree.data.time.TimeSeries_ESTest33 (11ms / 84):
    [junit] MAJOR: 476398 (38 / 84 / 84) -> AVG-RTPM: 242ms
    [junit] MAJOR: Mutants killed / live: 485 (27-1017-0) / 200
    [junit] MAJOR: ------------------------------------------------------------
    [junit] MAJOR: 19/55 - org.jfree.data.time.TimeSeries_ESTest35 (11ms / 15):
    [junit] MAJOR: 479133 (9 / 15 / 15) -> AVG-RTPM: 182ms
    [junit] MAJOR: Mutants killed / live: 494 (27-1032-0) / 191
    [junit] MAJOR: ------------------------------------------------------------
    [junit] MAJOR: 20/55 - org.jfree.data.time.TimeSeries_ESTest42 (11ms / 22):
    [junit] MAJOR: 482666 (16 / 22 / 22) -> AVG-RTPM: 160ms
    [junit] MAJOR: Mutants killed / live: 510 (27-1054-0) / 175
    [junit] MAJOR: ------------------------------------------------------------
    [junit] MAJOR: 21/55 - org.jfree.data.time.TimeSeries_ESTest43 (11ms / 32):
    [junit] MAJOR: 489217 (10 / 32 / 32) -> AVG-RTPM: 204ms
    [junit] MAJOR: Mutants killed / live: 520 (27-1086-0) / 165
    [junit] MAJOR: ------------------------------------------------------------
    [junit] MAJOR: 22/55 - org.jfree.data.time.TimeSeries_ESTest44 (11ms / 9):
    [junit] MAJOR: 490793 (0 / 9 / 9) -> AVG-RTPM: 175ms
    [junit] MAJOR: Mutants killed / live: 520 (27-1095-0) / 165
    [junit] MAJOR: ------------------------------------------------------------
    [junit] MAJOR: 23/55 - org.jfree.data.time.TimeSeries_ESTest45 (11ms / 12):
    [junit] MAJOR: 493475 (0 / 12 / 12) -> AVG-RTPM: 223ms
    [junit] MAJOR: Mutants killed / live: 520 (27-1107-0) / 165
    [junit] MAJOR: ------------------------------------------------------------
    [junit] MAJOR: 24/55 - org.jfree.data.time.TimeSeries_ESTest53 (11ms / 54):
    [junit] MAJOR: 504033 (21 / 54 / 54) -> AVG-RTPM: 195ms
    [junit] MAJOR: Mutants killed / live: 541 (27-1161-0) / 144
    [junit] MAJOR: ------------------------------------------------------------
    [junit] MAJOR: 25/55 - org.jfree.data.time.TimeSeries_ESTest55 (11ms / 99):
    [junit] MAJOR: 522864 (2 / 99 / 99) -> AVG-RTPM: 190ms
    [junit] MAJOR: Mutants killed / live: 543 (27-1260-0) / 142
    [junit] MAJOR: ------------------------------------------------------------
    [junit] MAJOR: 26/55 - org.jfree.data.time.TimeSeries_ESTest12 (12ms / 57):
    [junit] MAJOR: 532608 (14 / 57 / 57) -> AVG-RTPM: 170ms
    [junit] MAJOR: Mutants killed / live: 557 (27-1317-0) / 128
    [junit] MAJOR: ------------------------------------------------------------
    [junit] MAJOR: 27/55 - org.jfree.data.time.TimeSeries_ESTest29 (12ms / 9):
    [junit] MAJOR: 534301 (0 / 9 / 9) -> AVG-RTPM: 188ms
    [junit] MAJOR: Mutants killed / live: 557 (27-1326-0) / 128
    [junit] MAJOR: ------------------------------------------------------------
    [junit] MAJOR: 28/55 - org.jfree.data.time.TimeSeries_ESTest54 (12ms / 99):
    [junit] MAJOR: 551971 (2 / 99 / 99) -> AVG-RTPM: 178ms
    [junit] MAJOR: Mutants killed / live: 559 (27-1425-0) / 126
    [junit] MAJOR: ------------------------------------------------------------
    [junit] MAJOR: 29/55 - org.jfree.data.time.TimeSeries_ESTest16 (13ms / 56):
    [junit] MAJOR: 565833 (10 / 56 / 56) -> AVG-RTPM: 247ms
    [junit] MAJOR: Mutants killed / live: 569 (27-1481-0) / 116
    [junit] MAJOR: ------------------------------------------------------------
    [junit] MAJOR: 30/55 - org.jfree.data.time.TimeSeries_ESTest18 (13ms / 68):
    [junit] MAJOR: 582999 (1 / 68 / 68) -> AVG-RTPM: 252ms
    [junit] MAJOR: Mutants killed / live: 570 (27-1549-0) / 115
    [junit] MAJOR: ------------------------------------------------------------
    [junit] MAJOR: 31/55 - org.jfree.data.time.TimeSeries_ESTest36 (13ms / 57):
    [junit] MAJOR: 595953 (2 / 57 / 57) -> AVG-RTPM: 227ms
    [junit] MAJOR: Mutants killed / live: 572 (27-1606-0) / 113
    [junit] MAJOR: ------------------------------------------------------------
    [junit] MAJOR: 32/55 - org.jfree.data.time.TimeSeries_ESTest4 (13ms / 8):
    [junit] MAJOR: 597273 (2 / 8 / 8) -> AVG-RTPM: 165ms
    [junit] MAJOR: Mutants killed / live: 574 (27-1614-0) / 111
    [junit] MAJOR: ------------------------------------------------------------
    [junit] MAJOR: 33/55 - org.jfree.data.time.TimeSeries_ESTest46 (13ms / 21):
    [junit] MAJOR: 602118 (0 / 21 / 21) -> AVG-RTPM: 230ms
    [junit] MAJOR: Mutants killed / live: 574 (27-1635-0) / 111
    [junit] MAJOR: ------------------------------------------------------------
    [junit] MAJOR: 34/55 - org.jfree.data.time.TimeSeries_ESTest52 (13ms / 51):
    [junit] MAJOR: 611771 (1 / 51 / 51) -> AVG-RTPM: 189ms
    [junit] MAJOR: Mutants killed / live: 575 (27-1686-0) / 110
    [junit] MAJOR: ------------------------------------------------------------
    [junit] MAJOR: 35/55 - org.jfree.data.time.TimeSeries_ESTest22 (14ms / 97):
    [junit] MAJOR: 635885 (30 / 97 / 97) -> AVG-RTPM: 248ms
    [junit] MAJOR: Mutants killed / live: 605 (27-1783-0) / 80
    [junit] MAJOR: ------------------------------------------------------------
    [junit] MAJOR: 36/55 - org.jfree.data.time.TimeSeries_ESTest39 (14ms / 13):
    [junit] MAJOR: 638027 (0 / 13 / 13) -> AVG-RTPM: 164ms
    [junit] MAJOR: Mutants killed / live: 605 (27-1796-0) / 80
    [junit] MAJOR: ------------------------------------------------------------
    [junit] MAJOR: 37/55 - org.jfree.data.time.TimeSeries_ESTest9 (15ms / 12):
    [junit] MAJOR: 640173 (6 / 12 / 12) -> AVG-RTPM: 178ms
    [junit] MAJOR: Mutants killed / live: 611 (27-1808-0) / 74
    [junit] MAJOR: ------------------------------------------------------------
    [junit] MAJOR: 38/55 - org.jfree.data.time.TimeSeries_ESTest10 (16ms / 58):
    [junit] MAJOR: 654891 (0 / 58 / 58) -> AVG-RTPM: 253ms
    [junit] MAJOR: Mutants killed / live: 611 (27-1866-0) / 74
    [junit] MAJOR: ------------------------------------------------------------
    [junit] MAJOR: 39/55 - org.jfree.data.time.TimeSeries_ESTest13 (16ms / 15):
    [junit] MAJOR: 657226 (0 / 15 / 15) -> AVG-RTPM: 155ms
    [junit] MAJOR: Mutants killed / live: 611 (27-1881-0) / 74
    [junit] MAJOR: ------------------------------------------------------------
    [junit] MAJOR: 40/55 - org.jfree.data.time.TimeSeries_ESTest41 (16ms / 15):
    [junit] MAJOR: 659890 (0 / 15 / 15) -> AVG-RTPM: 177ms
    [junit] MAJOR: Mutants killed / live: 611 (27-1896-0) / 74
    [junit] MAJOR: ------------------------------------------------------------
    [junit] MAJOR: 41/55 - org.jfree.data.time.TimeSeries_ESTest5 (16ms / 20):
    [junit] MAJOR: 664179 (9 / 20 / 20) -> AVG-RTPM: 214ms
    [junit] MAJOR: Mutants killed / live: 620 (27-1916-0) / 65
    [junit] MAJOR: ------------------------------------------------------------
    [junit] MAJOR: 42/55 - org.jfree.data.time.TimeSeries_ESTest56 (16ms / 99):
    [junit] MAJOR: 682494 (2 / 99 / 99) -> AVG-RTPM: 184ms
    [junit] MAJOR: Mutants killed / live: 622 (27-2015-0) / 63
    [junit] MAJOR: ------------------------------------------------------------
    [junit] MAJOR: 43/55 - org.jfree.data.time.TimeSeries_ESTest1 (17ms / 53):
    [junit] MAJOR: 693352 (17 / 53 / 53) -> AVG-RTPM: 204ms
    [junit] MAJOR: Mutants killed / live: 639 (27-2068-0) / 46
    [junit] MAJOR: ------------------------------------------------------------
    [junit] MAJOR: 44/55 - org.jfree.data.time.TimeSeries_ESTest15 (17ms / 58):
    [junit] MAJOR: 707594 (9 / 58 / 58) -> AVG-RTPM: 245ms
    [junit] MAJOR: Mutants killed / live: 648 (27-2126-0) / 37
    [junit] MAJOR: ------------------------------------------------------------
    [junit] MAJOR: 45/55 - org.jfree.data.time.TimeSeries_ESTest19 (17ms / 9):
    [junit] MAJOR: 709224 (0 / 9 / 9) -> AVG-RTPM: 181ms
    [junit] MAJOR: Mutants killed / live: 648 (27-2135-0) / 37
    [junit] MAJOR: ------------------------------------------------------------
    [junit] MAJOR: 46/55 - org.jfree.data.time.TimeSeries_ESTest38 (17ms / 60):
    [junit] MAJOR: 722428 (11 / 60 / 60) -> AVG-RTPM: 220ms
    [junit] MAJOR: Mutants killed / live: 659 (27-2195-0) / 26
    [junit] MAJOR: ------------------------------------------------------------
    [junit] MAJOR: 47/55 - org.jfree.data.time.TimeSeries_ESTest51 (17ms / 19):
    [junit] MAJOR: 725739 (1 / 19 / 19) -> AVG-RTPM: 174ms
    [junit] MAJOR: Mutants killed / live: 660 (27-2214-0) / 25
    [junit] MAJOR: ------------------------------------------------------------
    [junit] MAJOR: 48/55 - org.jfree.data.time.TimeSeries_ESTest14 (18ms / 18):
    [junit] MAJOR: 730839 (0 / 18 / 18) -> AVG-RTPM: 283ms
    [junit] MAJOR: Mutants killed / live: 660 (27-2232-0) / 25
    [junit] MAJOR: ------------------------------------------------------------
    [junit] MAJOR: 49/55 - org.jfree.data.time.TimeSeries_ESTest3 (18ms / 6):
    [junit] MAJOR: 731800 (0 / 6 / 6) -> AVG-RTPM: 160ms
    [junit] MAJOR: Mutants killed / live: 660 (27-2238-0) / 25
    [junit] MAJOR: ------------------------------------------------------------
    [junit] MAJOR: 50/55 - org.jfree.data.time.TimeSeries_ESTest2 (19ms / 194):
    [junit] MAJOR: 779005 (18 / 194 / 194) -> AVG-RTPM: 243ms
    [junit] MAJOR: Mutants killed / live: 678 (27-2432-0) / 7
    [junit] MAJOR: ------------------------------------------------------------
    [junit] MAJOR: 51/55 - org.jfree.data.time.TimeSeries_ESTest11 (21ms / 15):
    [junit] MAJOR: 781461 (0 / 15 / 15) -> AVG-RTPM: 163ms
    [junit] MAJOR: Mutants killed / live: 678 (27-2447-0) / 7
    [junit] MAJOR: ------------------------------------------------------------
    [junit] MAJOR: 52/55 - org.jfree.data.time.TimeSeries_ESTest0 (25ms / 23):
    [junit] MAJOR: 785486 (3 / 23 / 23) -> AVG-RTPM: 175ms
    [junit] MAJOR: Mutants killed / live: 681 (27-2470-0) / 4
    [junit] MAJOR: ------------------------------------------------------------
    [junit] MAJOR: 53/55 - org.jfree.data.time.TimeSeries_ESTest26 (27ms / 57):
    [junit] MAJOR: 799514 (2 / 57 / 57) -> AVG-RTPM: 246ms
    [junit] MAJOR: Mutants killed / live: 683 (27-2527-0) / 2
    [junit] MAJOR: ------------------------------------------------------------
    [junit] MAJOR: 54/55 - org.jfree.data.time.TimeSeries_ESTest37 (61ms / 18):
    [junit] MAJOR: 804014 (0 / 18 / 18) -> AVG-RTPM: 250ms
    [junit] MAJOR: Mutants killed / live: 683 (27-2545-0) / 2
    [junit] MAJOR: ------------------------------------------------------------
    [junit] MAJOR: 55/55 - org.jfree.data.time.TimeSeries_ESTest21 (66ms / 11):
    [junit] MAJOR: 806540 (0 / 11 / 11) -> AVG-RTPM: 229ms
    [junit] MAJOR: Mutants killed / live: 683 (27-2556-0) / 2
    [junit] MAJOR: ------------------------------------------------------------
    [junit] MAJOR: Summary:
    [junit] MAJOR: 
    [junit] MAJOR: Analysis time:  806.5 seconds
    [junit] MAJOR: Mutation score: 93.18% (99.71%)
    [junit] MAJOR: Mutants killed / live: 683 (27-2556-0) / 2
    [junit] MAJOR: Mutant executions: 2683
    [junit] MAJOR: ------------------------------------------------------------
    [junit] MAJOR: Export summary of results (to summary.csv)
    [junit] MAJOR: Export mutant kill details (to /tmp/run_mutation.pl_109760_1501131287/9f/kill.csv)
    [junit] MAJOR: Export kill map (to killMap.csv)!

BUILD SUCCESSFUL
Total time: 13 minutes 59 seconds
