
init:

junit-present:

get-deps:

compile:
    [javac] /tmp/run_mutation.pl_40461_1501737521/94f/build.xml:46: warning: 'includeantruntime' was not set, defaulting to build.sysclasspath=last; set to false for repeatable builds

compile-tests:
    [mkdir] Created dir: /tmp/run_mutation.pl_40461_1501737521/94f/target/test-classes
    [javac] /tmp/run_mutation.pl_40461_1501737521/94f/build.xml:123: warning: 'includeantruntime' was not set, defaulting to build.sysclasspath=last; set to false for repeatable builds
    [javac] Compiling 196 source files to /tmp/run_mutation.pl_40461_1501737521/94f/target/test-classes
    [javac] /tmp/run_mutation.pl_40461_1501737521/94f/src/test/org/apache/commons/math/TestUtils.java:26: warning: [deprecation] Assert in junit.framework has been deprecated
    [javac] import junit.framework.Assert;
    [javac]                       ^
    [javac] /tmp/run_mutation.pl_40461_1501737521/94f/src/test/org/apache/commons/math/TestUtils.java:58: warning: [deprecation] Assert in junit.framework has been deprecated
    [javac]             Assert.assertTrue("" + actual + " is not NaN.",
    [javac]             ^
    [javac] /tmp/run_mutation.pl_40461_1501737521/94f/src/test/org/apache/commons/math/TestUtils.java:61: warning: [deprecation] Assert in junit.framework has been deprecated
    [javac]             Assert.assertEquals(msg, expected, actual, delta);
    [javac]             ^
    [javac] /tmp/run_mutation.pl_40461_1501737521/94f/src/test/org/apache/commons/math/TestUtils.java:95: warning: [deprecation] Assert in junit.framework has been deprecated
    [javac]         Assert.assertEquals(a.length, b.length);
    [javac]         ^
    [javac] /tmp/run_mutation.pl_40461_1501737521/94f/src/test/org/apache/commons/math/TestUtils.java:97: warning: [deprecation] Assert in junit.framework has been deprecated
    [javac]             Assert.assertEquals(a[i], b[i], tolerance);
    [javac]             ^
    [javac] /tmp/run_mutation.pl_40461_1501737521/94f/src/test/org/apache/commons/math/TestUtils.java:134: warning: [deprecation] Assert in junit.framework has been deprecated
    [javac]         Assert.assertEquals("Equals check", object, object2);
    [javac]         ^
    [javac] /tmp/run_mutation.pl_40461_1501737521/94f/src/test/org/apache/commons/math/TestUtils.java:135: warning: [deprecation] Assert in junit.framework has been deprecated
    [javac]         Assert.assertEquals("HashCode check", object.hashCode(), object2.hashCode());
    [javac]         ^
    [javac] /tmp/run_mutation.pl_40461_1501737521/94f/src/test/org/apache/commons/math/TestUtils.java:165: warning: [deprecation] Assert in junit.framework has been deprecated
    [javac]             Assert.assertTrue(msg, Double.isNaN(actual));
    [javac]             ^
    [javac] /tmp/run_mutation.pl_40461_1501737521/94f/src/test/org/apache/commons/math/TestUtils.java:167: warning: [deprecation] Assert in junit.framework has been deprecated
    [javac]             Assert.assertTrue(msg, Double.isNaN(expected));
    [javac]             ^
    [javac] /tmp/run_mutation.pl_40461_1501737521/94f/src/test/org/apache/commons/math/TestUtils.java:169: warning: [deprecation] Assert in junit.framework has been deprecated
    [javac]             Assert.assertEquals(expected, actual, relativeError);
    [javac]             ^
    [javac] /tmp/run_mutation.pl_40461_1501737521/94f/src/test/org/apache/commons/math/TestUtils.java:171: warning: [deprecation] Assert in junit.framework has been deprecated
    [javac]             Assert.assertEquals(msg, actual, expected, relativeError);
    [javac]             ^
    [javac] /tmp/run_mutation.pl_40461_1501737521/94f/src/test/org/apache/commons/math/TestUtils.java:174: warning: [deprecation] Assert in junit.framework has been deprecated
    [javac]             Assert.assertEquals(msg, 0.0, x, relativeError);
    [javac]             ^
    [javac] /tmp/run_mutation.pl_40461_1501737521/94f/src/test/org/apache/commons/math/TestUtils.java:200: warning: [deprecation] Assert in junit.framework has been deprecated
    [javac]             Assert.fail(msg + 
    [javac]             ^
    [javac] /tmp/run_mutation.pl_40461_1501737521/94f/src/test/org/apache/commons/math/TestUtils.java:239: warning: [deprecation] Assert in junit.framework has been deprecated
    [javac]             Assert.fail(msg + " Unable to find" + x);
    [javac]             ^
    [javac] 14 warnings
     [copy] Copying 12 files to /tmp/run_mutation.pl_40461_1501737521/94f/target/test-classes

compile.tests:

update.all.tests:

mutation.test:
     [echo] Running mutation analysis ...
    [junit] MAJOR: Mutation analysis enabled
    [junit] MAJOR: ------------------------------------------------------------
    [junit] MAJOR: Run 358 ordered tests to verify independence
    [junit] MAJOR: ------------------------------------------------------------
    [junit] MAJOR: Preprocessing time: 563.17 seconds
    [junit] MAJOR: ------------------------------------------------------------
    [junit] MAJOR: Mutants generated: 1267
    [junit] MAJOR: Mutants covered:   1121 (88.48%)
    [junit] MAJOR: ------------------------------------------------------------
    [junit] MAJOR: Export test map to (testMap.csv)
    [junit] MAJOR: Export coverage map to (covMap.csv)
    [junit] MAJOR: Exclude 0 mutants
    [junit] MAJOR: ------------------------------------------------------------
    [junit] MAJOR: Run mutation analysis with 358 individual tests
    [junit] MAJOR: ------------------------------------------------------------
    [junit] MAJOR: 1/358 - RegressionTest125 (1ms / 0):
    [junit] MAJOR: 0 (0 / 0 / 0) -> AVG-RTPM: 0ms
    [junit] MAJOR: Mutants killed / live: 0 (0-0-0) / 1121
    [junit] MAJOR: ------------------------------------------------------------
    [junit] MAJOR: 2/358 - RegressionTest96 (1ms / 0):
    [junit] MAJOR: 0 (0 / 0 / 0) -> AVG-RTPM: 0ms
    [junit] MAJOR: Mutants killed / live: 0 (0-0-0) / 1121
    [junit] MAJOR: ------------------------------------------------------------
    [junit] MAJOR: 3/358 - RegressionTest101 (3ms / 0):
    [junit] MAJOR: 0 (0 / 0 / 0) -> AVG-RTPM: 0ms
    [junit] MAJOR: Mutants killed / live: 0 (0-0-0) / 1121
    [junit] MAJOR: ------------------------------------------------------------
    [junit] MAJOR: 4/358 - RegressionTest108 (3ms / 0):
    [junit] MAJOR: 0 (0 / 0 / 0) -> AVG-RTPM: 0ms
    [junit] MAJOR: Mutants killed / live: 0 (0-0-0) / 1121
    [junit] MAJOR: ------------------------------------------------------------
    [junit] MAJOR: 5/358 - RegressionTest11 (3ms / 0):
    [junit] MAJOR: 0 (0 / 0 / 0) -> AVG-RTPM: 0ms
    [junit] MAJOR: Mutants killed / live: 0 (0-0-0) / 1121
    [junit] MAJOR: ------------------------------------------------------------
    [junit] MAJOR: 6/358 - RegressionTest137 (3ms / 0):
    [junit] MAJOR: 1 (0 / 0 / 0) -> AVG-RTPM: 0ms
    [junit] MAJOR: Mutants killed / live: 0 (0-0-0) / 1121
    [junit] MAJOR: ------------------------------------------------------------
    [junit] MAJOR: 7/358 - RegressionTest165 (3ms / 0):
    [junit] MAJOR: 1 (0 / 0 / 0) -> AVG-RTPM: 0ms
    [junit] MAJOR: Mutants killed / live: 0 (0-0-0) / 1121
    [junit] MAJOR: ------------------------------------------------------------
    [junit] MAJOR: 8/358 - RegressionTest203 (3ms / 0):
    [junit] MAJOR: 1 (0 / 0 / 0) -> AVG-RTPM: 0ms
    [junit] MAJOR: Mutants killed / live: 0 (0-0-0) / 1121
    [junit] MAJOR: ------------------------------------------------------------
    [junit] MAJOR: 9/358 - RegressionTest207 (3ms / 0):
    [junit] MAJOR: 1 (0 / 0 / 0) -> AVG-RTPM: 0ms
    [junit] MAJOR: Mutants killed / live: 0 (0-0-0) / 1121
    [junit] MAJOR: ------------------------------------------------------------
    [junit] MAJOR: 10/358 - RegressionTest217 (3ms / 0):
    [junit] MAJOR: 1 (0 / 0 / 0) -> AVG-RTPM: 0ms
    [junit] MAJOR: Mutants killed / live: 0 (0-0-0) / 1121
    [junit] MAJOR: ------------------------------------------------------------
    [junit] MAJOR: 11/358 - RegressionTest230 (3ms / 0):
    [junit] MAJOR: 1 (0 / 0 / 0) -> AVG-RTPM: 0ms
    [junit] MAJOR: Mutants killed / live: 0 (0-0-0) / 1121
    [junit] MAJOR: ------------------------------------------------------------
    [junit] MAJOR: 12/358 - RegressionTest232 (3ms / 0):
    [junit] MAJOR: 1 (0 / 0 / 0) -> AVG-RTPM: 0ms
    [junit] MAJOR: Mutants killed / live: 0 (0-0-0) / 1121
    [junit] MAJOR: ------------------------------------------------------------
    [junit] MAJOR: 13/358 - RegressionTest256 (3ms / 0):
    [junit] MAJOR: 1 (0 / 0 / 0) -> AVG-RTPM: 0ms
    [junit] MAJOR: Mutants killed / live: 0 (0-0-0) / 1121
    [junit] MAJOR: ------------------------------------------------------------
    [junit] MAJOR: 14/358 - RegressionTest257 (3ms / 0):
    [junit] MAJOR: 1 (0 / 0 / 0) -> AVG-RTPM: 0ms
    [junit] MAJOR: Mutants killed / live: 0 (0-0-0) / 1121
    [junit] MAJOR: ------------------------------------------------------------
    [junit] MAJOR: 15/358 - RegressionTest265 (3ms / 0):
    [junit] MAJOR: 2 (0 / 0 / 0) -> AVG-RTPM: 0ms
    [junit] MAJOR: Mutants killed / live: 0 (0-0-0) / 1121
    [junit] MAJOR: ------------------------------------------------------------
    [junit] MAJOR: 16/358 - RegressionTest269 (3ms / 0):
    [junit] MAJOR: 2 (0 / 0 / 0) -> AVG-RTPM: 0ms
    [junit] MAJOR: Mutants killed / live: 0 (0-0-0) / 1121
    [junit] MAJOR: ------------------------------------------------------------
    [junit] MAJOR: 17/358 - RegressionTest274 (3ms / 0):
    [junit] MAJOR: 2 (0 / 0 / 0) -> AVG-RTPM: 0ms
    [junit] MAJOR: Mutants killed / live: 0 (0-0-0) / 1121
    [junit] MAJOR: ------------------------------------------------------------
    [junit] MAJOR: 18/358 - RegressionTest277 (3ms / 0):
    [junit] MAJOR: 2 (0 / 0 / 0) -> AVG-RTPM: 0ms
    [junit] MAJOR: Mutants killed / live: 0 (0-0-0) / 1121
    [junit] MAJOR: ------------------------------------------------------------
    [junit] MAJOR: 19/358 - RegressionTest304 (3ms / 0):
    [junit] MAJOR: 2 (0 / 0 / 0) -> AVG-RTPM: 0ms
    [junit] MAJOR: Mutants killed / live: 0 (0-0-0) / 1121
    [junit] MAJOR: ------------------------------------------------------------
    [junit] MAJOR: 20/358 - RegressionTest306 (3ms / 0):
    [junit] MAJOR: 2 (0 / 0 / 0) -> AVG-RTPM: 0ms
    [junit] MAJOR: Mutants killed / live: 0 (0-0-0) / 1121
    [junit] MAJOR: ------------------------------------------------------------
    [junit] MAJOR: 21/358 - RegressionTest323 (3ms / 0):
    [junit] MAJOR: 2 (0 / 0 / 0) -> AVG-RTPM: 0ms
    [junit] MAJOR: Mutants killed / live: 0 (0-0-0) / 1121
    [junit] MAJOR: ------------------------------------------------------------
    [junit] MAJOR: 22/358 - RegressionTest337 (3ms / 0):
    [junit] MAJOR: 2 (0 / 0 / 0) -> AVG-RTPM: 0ms
    [junit] MAJOR: Mutants killed / live: 0 (0-0-0) / 1121
    [junit] MAJOR: ------------------------------------------------------------
    [junit] MAJOR: 23/358 - RegressionTest36 (3ms / 0):
    [junit] MAJOR: 2 (0 / 0 / 0) -> AVG-RTPM: 0ms
    [junit] MAJOR: Mutants killed / live: 0 (0-0-0) / 1121
    [junit] MAJOR: ------------------------------------------------------------
    [junit] MAJOR: 24/358 - RegressionTest4 (3ms / 0):
    [junit] MAJOR: 3 (0 / 0 / 0) -> AVG-RTPM: 0ms
    [junit] MAJOR: Mutants killed / live: 0 (0-0-0) / 1121
    [junit] MAJOR: ------------------------------------------------------------
    [junit] MAJOR: 25/358 - RegressionTest47 (3ms / 0):
    [junit] MAJOR: 3 (0 / 0 / 0) -> AVG-RTPM: 0ms
    [junit] MAJOR: Mutants killed / live: 0 (0-0-0) / 1121
    [junit] MAJOR: ------------------------------------------------------------
    [junit] MAJOR: 26/358 - RegressionTest56 (3ms / 0):
    [junit] MAJOR: 3 (0 / 0 / 0) -> AVG-RTPM: 0ms
    [junit] MAJOR: Mutants killed / live: 0 (0-0-0) / 1121
    [junit] MAJOR: ------------------------------------------------------------
    [junit] MAJOR: 27/358 - RegressionTest84 (3ms / 0):
    [junit] MAJOR: 3 (0 / 0 / 0) -> AVG-RTPM: 0ms
    [junit] MAJOR: Mutants killed / live: 0 (0-0-0) / 1121
    [junit] MAJOR: ------------------------------------------------------------
    [junit] MAJOR: 28/358 - RegressionTest93 (3ms / 0):
    [junit] MAJOR: 3 (0 / 0 / 0) -> AVG-RTPM: 0ms
    [junit] MAJOR: Mutants killed / live: 0 (0-0-0) / 1121
    [junit] MAJOR: ------------------------------------------------------------
    [junit] MAJOR: 29/358 - RegressionTest0 (4ms / 0):
    [junit] MAJOR: 3 (0 / 0 / 0) -> AVG-RTPM: 0ms
    [junit] MAJOR: Mutants killed / live: 0 (0-0-0) / 1121
    [junit] MAJOR: ------------------------------------------------------------
    [junit] MAJOR: 30/358 - RegressionTest1 (4ms / 11):
    [junit] MAJOR: 0 (10 / 11 / 11) -> AVG-RTPM: 0ms
    [junit] MAJOR: Mutants killed / live: 10 (10-0-0) / 1111
    [junit] MAJOR: ------------------------------------------------------------
    [junit] MAJOR: 31/358 - RegressionTest10 (4ms / 29):
    [junit] MAJOR: 1127 (13 / 29 / 29) -> AVG-RTPM: 38ms
    [junit] MAJOR: Mutants killed / live: 23 (11-2-10) / 1098
    [junit] MAJOR: ------------------------------------------------------------
    [junit] MAJOR: 32/358 - RegressionTest103 (4ms / 14):
    [junit] MAJOR: 1197 (8 / 14 / 14) -> AVG-RTPM: 5ms
    [junit] MAJOR: Mutants killed / live: 31 (19-2-10) / 1090
    [junit] MAJOR: ------------------------------------------------------------
    [junit] MAJOR: 33/358 - RegressionTest106 (4ms / 64):
    [junit] MAJOR: 1532 (34 / 64 / 64) -> AVG-RTPM: 5ms
    [junit] MAJOR: Mutants killed / live: 65 (53-2-10) / 1056
    [junit] MAJOR: ------------------------------------------------------------
    [junit] MAJOR: 34/358 - RegressionTest111 (4ms / 41):
    [junit] MAJOR: 1758 (25 / 41 / 41) -> AVG-RTPM: 5ms
    [junit] MAJOR: Mutants killed / live: 90 (78-2-10) / 1031
    [junit] MAJOR: ------------------------------------------------------------
    [junit] MAJOR: 35/358 - RegressionTest112 (4ms / 31):
    [junit] MAJOR: 1936 (13 / 31 / 31) -> AVG-RTPM: 5ms
    [junit] MAJOR: Mutants killed / live: 103 (82-11-10) / 1018
    [junit] MAJOR: ------------------------------------------------------------
    [junit] MAJOR: 36/358 - RegressionTest113 (4ms / 14):
    [junit] MAJOR: 2007 (8 / 14 / 14) -> AVG-RTPM: 5ms
    [junit] MAJOR: Mutants killed / live: 111 (90-11-10) / 1010
    [junit] MAJOR: ------------------------------------------------------------
    [junit] MAJOR: 37/358 - RegressionTest114 (4ms / 20):
    [junit] MAJOR: 2103 (17 / 20 / 20) -> AVG-RTPM: 4ms
    [junit] MAJOR: Mutants killed / live: 128 (107-11-10) / 993
    [junit] MAJOR: ------------------------------------------------------------
    [junit] MAJOR: 38/358 - RegressionTest115 (4ms / 104):
    [junit] MAJOR: 3081 (61 / 104 / 104) -> AVG-RTPM: 9ms
    [junit] MAJOR: Mutants killed / live: 189 (158-19-12) / 932
    [junit] MAJOR: ------------------------------------------------------------
    [junit] MAJOR: 39/358 - RegressionTest117 (4ms / 7):
    [junit] MAJOR: 3115 (0 / 7 / 7) -> AVG-RTPM: 4ms
    [junit] MAJOR: Mutants killed / live: 189 (158-19-12) / 932
    [junit] MAJOR: ------------------------------------------------------------
    [junit] MAJOR: 40/358 - RegressionTest119 (4ms / 23):
    [junit] MAJOR: 3241 (12 / 23 / 23) -> AVG-RTPM: 5ms
    [junit] MAJOR: Mutants killed / live: 201 (170-19-12) / 920
    [junit] MAJOR: ------------------------------------------------------------
    [junit] MAJOR: 41/358 - RegressionTest123 (4ms / 25):
    [junit] MAJOR: 3376 (14 / 25 / 25) -> AVG-RTPM: 5ms
    [junit] MAJOR: Mutants killed / live: 215 (174-29-12) / 906
    [junit] MAJOR: ------------------------------------------------------------
    [junit] MAJOR: 42/358 - RegressionTest126 (4ms / 23):
    [junit] MAJOR: 3490 (3 / 23 / 23) -> AVG-RTPM: 4ms
    [junit] MAJOR: Mutants killed / live: 218 (178-29-12) / 903
    [junit] MAJOR: ------------------------------------------------------------
    [junit] MAJOR: 43/358 - RegressionTest128 (4ms / 7):
    [junit] MAJOR: 3525 (4 / 7 / 7) -> AVG-RTPM: 5ms
    [junit] MAJOR: Mutants killed / live: 222 (182-29-12) / 899
    [junit] MAJOR: ------------------------------------------------------------
    [junit] MAJOR: 44/358 - RegressionTest130 (4ms / 7):
    [junit] MAJOR: 3559 (4 / 7 / 7) -> AVG-RTPM: 4ms
    [junit] MAJOR: Mutants killed / live: 226 (186-29-12) / 895
    [junit] MAJOR: ------------------------------------------------------------
    [junit] MAJOR: 45/358 - RegressionTest131 (4ms / 11):
    [junit] MAJOR: 3613 (7 / 11 / 11) -> AVG-RTPM: 4ms
    [junit] MAJOR: Mutants killed / live: 233 (193-29-12) / 888
    [junit] MAJOR: ------------------------------------------------------------
    [junit] MAJOR: 46/358 - RegressionTest132 (4ms / 49):
    [junit] MAJOR: 4822 (21 / 49 / 49) -> AVG-RTPM: 24ms
    [junit] MAJOR: Mutants killed / live: 254 (197-42-22) / 867
    [junit] MAJOR: ------------------------------------------------------------
    [junit] MAJOR: 47/358 - RegressionTest136 (4ms / 18):
    [junit] MAJOR: 4914 (7 / 18 / 18) -> AVG-RTPM: 5ms
    [junit] MAJOR: Mutants killed / live: 261 (209-42-22) / 860
    [junit] MAJOR: ------------------------------------------------------------
    [junit] MAJOR: 48/358 - RegressionTest138 (4ms / 23):
    [junit] MAJOR: 4954 (8 / 23 / 23) -> AVG-RTPM: 1ms
    [junit] MAJOR: Mutants killed / live: 269 (223-42-22) / 852
    [junit] MAJOR: ------------------------------------------------------------
    [junit] MAJOR: 49/358 - RegressionTest139 (4ms / 11):
    [junit] MAJOR: 5018 (2 / 11 / 11) -> AVG-RTPM: 5ms
    [junit] MAJOR: Mutants killed / live: 271 (227-42-22) / 850
    [junit] MAJOR: ------------------------------------------------------------
    [junit] MAJOR: 50/358 - RegressionTest144 (4ms / 13):
    [junit] MAJOR: 5086 (7 / 13 / 13) -> AVG-RTPM: 5ms
    [junit] MAJOR: Mutants killed / live: 278 (234-42-22) / 843
    [junit] MAJOR: ------------------------------------------------------------
    [junit] MAJOR: 51/358 - RegressionTest145 (4ms / 31):
    [junit] MAJOR: 5252 (0 / 31 / 31) -> AVG-RTPM: 5ms
    [junit] MAJOR: Mutants killed / live: 278 (238-51-22) / 843
    [junit] MAJOR: ------------------------------------------------------------
    [junit] MAJOR: 52/358 - RegressionTest146 (4ms / 29):
    [junit] MAJOR: 6385 (0 / 29 / 29) -> AVG-RTPM: 39ms
    [junit] MAJOR: Mutants killed / live: 278 (239-53-32) / 843
    [junit] MAJOR: ------------------------------------------------------------
    [junit] MAJOR: 53/358 - RegressionTest147 (4ms / 67):
    [junit] MAJOR: 6726 (15 / 67 / 67) -> AVG-RTPM: 5ms
    [junit] MAJOR: Mutants killed / live: 293 (254-53-32) / 828
    [junit] MAJOR: ------------------------------------------------------------
    [junit] MAJOR: 54/358 - RegressionTest149 (4ms / 38):
    [junit] MAJOR: 6915 (18 / 38 / 38) -> AVG-RTPM: 4ms
    [junit] MAJOR: Mutants killed / live: 311 (260-67-32) / 810
    [junit] MAJOR: ------------------------------------------------------------
    [junit] MAJOR: 55/358 - RegressionTest15 (4ms / 0):
    [junit] MAJOR: 6915 (0 / 0 / 0) -> AVG-RTPM: 0ms
    [junit] MAJOR: Mutants killed / live: 311 (260-67-32) / 810
    [junit] MAJOR: ------------------------------------------------------------
    [junit] MAJOR: 56/358 - RegressionTest152 (4ms / 25):
    [junit] MAJOR: 7054 (14 / 25 / 25) -> AVG-RTPM: 5ms
    [junit] MAJOR: Mutants killed / live: 325 (264-77-32) / 796
    [junit] MAJOR: ------------------------------------------------------------
    [junit] MAJOR: 57/358 - RegressionTest153 (4ms / 40):
    [junit] MAJOR: 7266 (17 / 40 / 40) -> AVG-RTPM: 5ms
    [junit] MAJOR: Mutants killed / live: 342 (273-85-32) / 779
    [junit] MAJOR: ------------------------------------------------------------
    [junit] MAJOR: 58/358 - RegressionTest154 (4ms / 13):
    [junit] MAJOR: 7329 (3 / 13 / 13) -> AVG-RTPM: 4ms
    [junit] MAJOR: Mutants killed / live: 345 (281-85-32) / 776
    [junit] MAJOR: ------------------------------------------------------------
    [junit] MAJOR: 59/358 - RegressionTest156 (4ms / 7):
    [junit] MAJOR: 7366 (2 / 7 / 7) -> AVG-RTPM: 5ms
    [junit] MAJOR: Mutants killed / live: 347 (285-85-32) / 774
    [junit] MAJOR: ------------------------------------------------------------
    [junit] MAJOR: 60/358 - RegressionTest158 (4ms / 31):
    [junit] MAJOR: 7537 (0 / 31 / 31) -> AVG-RTPM: 5ms
    [junit] MAJOR: Mutants killed / live: 347 (289-93-32) / 774
    [junit] MAJOR: ------------------------------------------------------------
    [junit] MAJOR: 61/358 - RegressionTest16 (4ms / 49):
    [junit] MAJOR: 7791 (25 / 49 / 49) -> AVG-RTPM: 5ms
    [junit] MAJOR: Mutants killed / live: 372 (301-108-32) / 749
    [junit] MAJOR: ------------------------------------------------------------
    [junit] MAJOR: 62/358 - RegressionTest161 (4ms / 36):
    [junit] MAJOR: 8065 (25 / 36 / 36) -> AVG-RTPM: 7ms
    [junit] MAJOR: Mutants killed / live: 397 (317-116-33) / 724
    [junit] MAJOR: ------------------------------------------------------------
    [junit] MAJOR: 63/358 - RegressionTest163 (4ms / 9):
    [junit] MAJOR: 8107 (0 / 9 / 9) -> AVG-RTPM: 4ms
    [junit] MAJOR: Mutants killed / live: 397 (317-116-33) / 724
    [junit] MAJOR: ------------------------------------------------------------
    [junit] MAJOR: 64/358 - RegressionTest164 (4ms / 7):
    [junit] MAJOR: 8141 (0 / 7 / 7) -> AVG-RTPM: 4ms
    [junit] MAJOR: Mutants killed / live: 397 (321-116-33) / 724
    [junit] MAJOR: ------------------------------------------------------------
    [junit] MAJOR: 65/358 - RegressionTest166 (4ms / 21):
    [junit] MAJOR: 8257 (8 / 21 / 21) -> AVG-RTPM: 5ms
    [junit] MAJOR: Mutants killed / live: 405 (329-116-33) / 716
    [junit] MAJOR: ------------------------------------------------------------
    [junit] MAJOR: 66/358 - RegressionTest167 (4ms / 20):
    [junit] MAJOR: 8360 (0 / 20 / 20) -> AVG-RTPM: 5ms
    [junit] MAJOR: Mutants killed / live: 405 (329-116-33) / 716
    [junit] MAJOR: ------------------------------------------------------------
    [junit] MAJOR: 67/358 - RegressionTest168 (4ms / 64):
    [junit] MAJOR: 8688 (5 / 64 / 64) -> AVG-RTPM: 5ms
    [junit] MAJOR: Mutants killed / live: 410 (368-116-33) / 711
    [junit] MAJOR: ------------------------------------------------------------
    [junit] MAJOR: 68/358 - RegressionTest169 (4ms / 27):
    [junit] MAJOR: 8837 (4 / 27 / 27) -> AVG-RTPM: 5ms
    [junit] MAJOR: Mutants killed / live: 414 (370-122-33) / 707
    [junit] MAJOR: ------------------------------------------------------------
    [junit] MAJOR: 69/358 - RegressionTest170 (4ms / 13):
    [junit] MAJOR: 8900 (0 / 13 / 13) -> AVG-RTPM: 4ms
    [junit] MAJOR: Mutants killed / live: 414 (377-122-33) / 707
    [junit] MAJOR: ------------------------------------------------------------
    [junit] MAJOR: 70/358 - RegressionTest171 (4ms / 31):
    [junit] MAJOR: 9064 (0 / 31 / 31) -> AVG-RTPM: 5ms
    [junit] MAJOR: Mutants killed / live: 414 (381-129-33) / 707
    [junit] MAJOR: ------------------------------------------------------------
    [junit] MAJOR: 71/358 - RegressionTest172 (4ms / 13):
    [junit] MAJOR: 9131 (8 / 13 / 13) -> AVG-RTPM: 5ms
    [junit] MAJOR: Mutants killed / live: 422 (389-129-33) / 699
    [junit] MAJOR: ------------------------------------------------------------
    [junit] MAJOR: 72/358 - RegressionTest173 (4ms / 31):
    [junit] MAJOR: 9290 (0 / 31 / 31) -> AVG-RTPM: 5ms
    [junit] MAJOR: Mutants killed / live: 422 (393-137-33) / 699
    [junit] MAJOR: ------------------------------------------------------------
    [junit] MAJOR: 73/358 - RegressionTest175 (4ms / 25):
    [junit] MAJOR: 9413 (0 / 25 / 25) -> AVG-RTPM: 4ms
    [junit] MAJOR: Mutants killed / live: 422 (397-147-33) / 699
    [junit] MAJOR: ------------------------------------------------------------
    [junit] MAJOR: 74/358 - RegressionTest177 (4ms / 22):
    [junit] MAJOR: 9516 (11 / 22 / 22) -> AVG-RTPM: 4ms
    [junit] MAJOR: Mutants killed / live: 433 (408-147-33) / 688
    [junit] MAJOR: ------------------------------------------------------------
    [junit] MAJOR: 75/358 - RegressionTest178 (4ms / 4):
    [junit] MAJOR: 9538 (4 / 4 / 4) -> AVG-RTPM: 5ms
    [junit] MAJOR: Mutants killed / live: 437 (412-147-33) / 684
    [junit] MAJOR: ------------------------------------------------------------
    [junit] MAJOR: 76/358 - RegressionTest179 (4ms / 11):
    [junit] MAJOR: 9594 (11 / 11 / 11) -> AVG-RTPM: 5ms
    [junit] MAJOR: Mutants killed / live: 448 (423-147-33) / 673
    [junit] MAJOR: ------------------------------------------------------------
    [junit] MAJOR: 77/358 - RegressionTest183 (4ms / 11):
    [junit] MAJOR: 9646 (0 / 11 / 11) -> AVG-RTPM: 4ms
    [junit] MAJOR: Mutants killed / live: 448 (427-147-33) / 673
    [junit] MAJOR: ------------------------------------------------------------
    [junit] MAJOR: 78/358 - RegressionTest184 (4ms / 25):
    [junit] MAJOR: 9767 (0 / 25 / 25) -> AVG-RTPM: 4ms
    [junit] MAJOR: Mutants killed / live: 448 (431-157-33) / 673
    [junit] MAJOR: ------------------------------------------------------------
    [junit] MAJOR: 79/358 - RegressionTest187 (4ms / 49):
    [junit] MAJOR: 10005 (1 / 49 / 49) -> AVG-RTPM: 4ms
    [junit] MAJOR: Mutants killed / live: 449 (443-171-33) / 672
    [junit] MAJOR: ------------------------------------------------------------
    [junit] MAJOR: 80/358 - RegressionTest190 (4ms / 25):
    [junit] MAJOR: 10051 (6 / 25 / 25) -> AVG-RTPM: 1ms
    [junit] MAJOR: Mutants killed / live: 455 (453-171-33) / 666
    [junit] MAJOR: ------------------------------------------------------------
    [junit] MAJOR: 81/358 - RegressionTest192 (4ms / 11):
    [junit] MAJOR: 10103 (0 / 11 / 11) -> AVG-RTPM: 4ms
    [junit] MAJOR: Mutants killed / live: 455 (457-171-33) / 666
    [junit] MAJOR: ------------------------------------------------------------
    [junit] MAJOR: 82/358 - RegressionTest194 (4ms / 18):
    [junit] MAJOR: 10192 (0 / 18 / 18) -> AVG-RTPM: 4ms
    [junit] MAJOR: Mutants killed / live: 455 (469-171-33) / 666
    [junit] MAJOR: ------------------------------------------------------------
    [junit] MAJOR: 83/358 - RegressionTest196 (4ms / 104):
    [junit] MAJOR: 10899 (3 / 104 / 104) -> AVG-RTPM: 6ms
    [junit] MAJOR: Mutants killed / live: 458 (523-179-35) / 663
    [junit] MAJOR: ------------------------------------------------------------
    [junit] MAJOR: 84/358 - RegressionTest197 (4ms / 7):
    [junit] MAJOR: 10932 (2 / 7 / 7) -> AVG-RTPM: 4ms
    [junit] MAJOR: Mutants killed / live: 460 (527-179-35) / 661
    [junit] MAJOR: ------------------------------------------------------------
    [junit] MAJOR: 85/358 - RegressionTest2 (4ms / 41):
    [junit] MAJOR: 11128 (0 / 41 / 41) -> AVG-RTPM: 4ms
    [junit] MAJOR: Mutants killed / live: 460 (552-179-35) / 661
    [junit] MAJOR: ------------------------------------------------------------
    [junit] MAJOR: 86/358 - RegressionTest200 (4ms / 49):
    [junit] MAJOR: 12344 (0 / 49 / 49) -> AVG-RTPM: 24ms
    [junit] MAJOR: Mutants killed / live: 460 (556-192-45) / 661
    [junit] MAJOR: ------------------------------------------------------------
    [junit] MAJOR: 87/358 - RegressionTest202 (4ms / 49):
    [junit] MAJOR: 12609 (1 / 49 / 49) -> AVG-RTPM: 5ms
    [junit] MAJOR: Mutants killed / live: 461 (560-192-45) / 660
    [junit] MAJOR: ------------------------------------------------------------
    [junit] MAJOR: 88/358 - RegressionTest204 (4ms / 23):
    [junit] MAJOR: 12719 (1 / 23 / 23) -> AVG-RTPM: 4ms
    [junit] MAJOR: Mutants killed / live: 462 (573-192-45) / 659
    [junit] MAJOR: ------------------------------------------------------------
    [junit] MAJOR: 89/358 - RegressionTest205 (4ms / 11):
    [junit] MAJOR: 12772 (1 / 11 / 11) -> AVG-RTPM: 4ms
    [junit] MAJOR: Mutants killed / live: 463 (580-192-45) / 658
    [junit] MAJOR: ------------------------------------------------------------
    [junit] MAJOR: 90/358 - RegressionTest206 (4ms / 4):
    [junit] MAJOR: 12794 (0 / 4 / 4) -> AVG-RTPM: 5ms
    [junit] MAJOR: Mutants killed / live: 463 (582-192-45) / 658
    [junit] MAJOR: ------------------------------------------------------------
    [junit] MAJOR: 91/358 - RegressionTest208 (4ms / 4):
    [junit] MAJOR: 12814 (0 / 4 / 4) -> AVG-RTPM: 5ms
    [junit] MAJOR: Mutants killed / live: 463 (586-192-45) / 658
    [junit] MAJOR: ------------------------------------------------------------
    [junit] MAJOR: 92/358 - RegressionTest209 (4ms / 11):
    [junit] MAJOR: 12873 (6 / 11 / 11) -> AVG-RTPM: 5ms
    [junit] MAJOR: Mutants killed / live: 469 (592-192-45) / 652
    [junit] MAJOR: ------------------------------------------------------------
    [junit] MAJOR: 93/358 - RegressionTest21 (4ms / 11):
    [junit] MAJOR: 12925 (0 / 11 / 11) -> AVG-RTPM: 4ms
    [junit] MAJOR: Mutants killed / live: 469 (599-192-45) / 652
    [junit] MAJOR: ------------------------------------------------------------
    [junit] MAJOR: 94/358 - RegressionTest210 (4ms / 25):
    [junit] MAJOR: 13068 (0 / 25 / 25) -> AVG-RTPM: 5ms
    [junit] MAJOR: Mutants killed / live: 469 (603-202-45) / 652
    [junit] MAJOR: ------------------------------------------------------------
    [junit] MAJOR: 95/358 - RegressionTest211 (4ms / 209):
    [junit] MAJOR: 17727 (54 / 209 / 209) -> AVG-RTPM: 22ms
    [junit] MAJOR: Mutants killed / live: 523 (634-202-82) / 598
    [junit] MAJOR: ------------------------------------------------------------
    [junit] MAJOR: 96/358 - RegressionTest212 (4ms / 25):
    [junit] MAJOR: 17842 (0 / 25 / 25) -> AVG-RTPM: 4ms
    [junit] MAJOR: Mutants killed / live: 523 (637-213-82) / 598
    [junit] MAJOR: ------------------------------------------------------------
    [junit] MAJOR: 97/358 - RegressionTest214 (4ms / 190):
    [junit] MAJOR: 22596 (77 / 190 / 190) -> AVG-RTPM: 25ms
    [junit] MAJOR: Mutants killed / live: 600 (707-224-121) / 521
    [junit] MAJOR: ------------------------------------------------------------
    [junit] MAJOR: 98/358 - RegressionTest215 (4ms / 25):
    [junit] MAJOR: 22715 (0 / 25 / 25) -> AVG-RTPM: 4ms
    [junit] MAJOR: Mutants killed / live: 600 (711-234-121) / 521
    [junit] MAJOR: ------------------------------------------------------------
    [junit] MAJOR: 99/358 - RegressionTest218 (4ms / 11):
    [junit] MAJOR: 22772 (0 / 11 / 11) -> AVG-RTPM: 5ms
    [junit] MAJOR: Mutants killed / live: 600 (716-234-121) / 521
    [junit] MAJOR: ------------------------------------------------------------
    [junit] MAJOR: 100/358 - RegressionTest219 (4ms / 40):
    [junit] MAJOR: 22971 (0 / 40 / 40) -> AVG-RTPM: 4ms
    [junit] MAJOR: Mutants killed / live: 600 (722-246-121) / 521
    [junit] MAJOR: ------------------------------------------------------------
    [junit] MAJOR: 101/358 - RegressionTest22 (4ms / 11):
    [junit] MAJOR: 23036 (3 / 11 / 11) -> AVG-RTPM: 5ms
    [junit] MAJOR: Mutants killed / live: 603 (729-246-121) / 518
    [junit] MAJOR: ------------------------------------------------------------
    [junit] MAJOR: 102/358 - RegressionTest220 (4ms / 14):
    [junit] MAJOR: 23101 (0 / 14 / 14) -> AVG-RTPM: 4ms
    [junit] MAJOR: Mutants killed / live: 603 (737-246-121) / 518
    [junit] MAJOR: ------------------------------------------------------------
    [junit] MAJOR: 103/358 - RegressionTest221 (4ms / 0):
    [junit] MAJOR: 23101 (0 / 0 / 0) -> AVG-RTPM: 0ms
    [junit] MAJOR: Mutants killed / live: 603 (737-246-121) / 518
    [junit] MAJOR: ------------------------------------------------------------
    [junit] MAJOR: 104/358 - RegressionTest222 (4ms / 68):
    [junit] MAJOR: 23454 (0 / 68 / 68) -> AVG-RTPM: 5ms
    [junit] MAJOR: Mutants killed / live: 603 (752-246-121) / 518
    [junit] MAJOR: ------------------------------------------------------------
    [junit] MAJOR: 105/358 - RegressionTest223 (4ms / 177):
    [junit] MAJOR: 28383 (5 / 177 / 177) -> AVG-RTPM: 27ms
    [junit] MAJOR: Mutants killed / live: 608 (792-256-162) / 513
    [junit] MAJOR: ------------------------------------------------------------
    [junit] MAJOR: 106/358 - RegressionTest224 (4ms / 11):
    [junit] MAJOR: 28440 (0 / 11 / 11) -> AVG-RTPM: 5ms
    [junit] MAJOR: Mutants killed / live: 608 (803-256-162) / 513
    [junit] MAJOR: ------------------------------------------------------------
    [junit] MAJOR: 107/358 - RegressionTest225 (4ms / 25):
    [junit] MAJOR: 28560 (0 / 25 / 25) -> AVG-RTPM: 4ms
    [junit] MAJOR: Mutants killed / live: 608 (807-266-162) / 513
    [junit] MAJOR: ------------------------------------------------------------
    [junit] MAJOR: 108/358 - RegressionTest227 (4ms / 25):
    [junit] MAJOR: 28697 (0 / 25 / 25) -> AVG-RTPM: 5ms
    [junit] MAJOR: Mutants killed / live: 608 (808-278-162) / 513
    [junit] MAJOR: ------------------------------------------------------------
    [junit] MAJOR: 109/358 - RegressionTest228 (4ms / 41):
    [junit] MAJOR: 28894 (0 / 41 / 41) -> AVG-RTPM: 4ms
    [junit] MAJOR: Mutants killed / live: 608 (833-278-162) / 513
    [junit] MAJOR: ------------------------------------------------------------
    [junit] MAJOR: 110/358 - RegressionTest229 (4ms / 40):
    [junit] MAJOR: 29110 (1 / 40 / 40) -> AVG-RTPM: 5ms
    [junit] MAJOR: Mutants killed / live: 609 (841-287-162) / 512
    [junit] MAJOR: ------------------------------------------------------------
    [junit] MAJOR: 111/358 - RegressionTest23 (4ms / 31):
    [junit] MAJOR: 29256 (0 / 31 / 31) -> AVG-RTPM: 4ms
    [junit] MAJOR: Mutants killed / live: 609 (845-296-162) / 512
    [junit] MAJOR: ------------------------------------------------------------
    [junit] MAJOR: 112/358 - RegressionTest233 (4ms / 185):
    [junit] MAJOR: 34888 (17 / 185 / 185) -> AVG-RTPM: 30ms
    [junit] MAJOR: Mutants killed / live: 626 (899-307-211) / 495
    [junit] MAJOR: ------------------------------------------------------------
    [junit] MAJOR: 113/358 - RegressionTest234 (4ms / 176):
    [junit] MAJOR: 39718 (0 / 176 / 176) -> AVG-RTPM: 27ms
    [junit] MAJOR: Mutants killed / live: 626 (938-318-252) / 495
    [junit] MAJOR: ------------------------------------------------------------
    [junit] MAJOR: 114/358 - RegressionTest235 (4ms / 40):
    [junit] MAJOR: 39909 (0 / 40 / 40) -> AVG-RTPM: 4ms
    [junit] MAJOR: Mutants killed / live: 626 (947-326-252) / 495
    [junit] MAJOR: ------------------------------------------------------------
    [junit] MAJOR: 115/358 - RegressionTest236 (4ms / 41):
    [junit] MAJOR: 40037 (1 / 41 / 41) -> AVG-RTPM: 3ms
    [junit] MAJOR: Mutants killed / live: 627 (972-326-252) / 494
    [junit] MAJOR: ------------------------------------------------------------
    [junit] MAJOR: 116/358 - RegressionTest238 (4ms / 11):
    [junit] MAJOR: 40087 (2 / 11 / 11) -> AVG-RTPM: 4ms
    [junit] MAJOR: Mutants killed / live: 629 (978-326-252) / 492
    [junit] MAJOR: ------------------------------------------------------------
    [junit] MAJOR: 117/358 - RegressionTest239 (4ms / 49):
    [junit] MAJOR: 41289 (0 / 49 / 49) -> AVG-RTPM: 24ms
    [junit] MAJOR: Mutants killed / live: 629 (982-339-262) / 492
    [junit] MAJOR: ------------------------------------------------------------
    [junit] MAJOR: 118/358 - RegressionTest24 (4ms / 32):
    [junit] MAJOR: 41441 (3 / 32 / 32) -> AVG-RTPM: 4ms
    [junit] MAJOR: Mutants killed / live: 632 (984-347-262) / 489
    [junit] MAJOR: ------------------------------------------------------------
    [junit] MAJOR: 119/358 - RegressionTest240 (4ms / 20):
    [junit] MAJOR: 41535 (3 / 20 / 20) -> AVG-RTPM: 4ms
    [junit] MAJOR: Mutants killed / live: 635 (1003-347-262) / 486
    [junit] MAJOR: ------------------------------------------------------------
    [junit] MAJOR: 120/358 - RegressionTest241 (4ms / 4):
    [junit] MAJOR: 41558 (0 / 4 / 4) -> AVG-RTPM: 5ms
    [junit] MAJOR: Mutants killed / live: 635 (1003-347-262) / 486
    [junit] MAJOR: ------------------------------------------------------------
    [junit] MAJOR: 121/358 - RegressionTest244 (4ms / 42):
    [junit] MAJOR: 216388 (10 / 42 / 42) -> AVG-RTPM: 4162ms
    [junit] MAJOR: Mutants killed / live: 645 (1012-361-265) / 476
    [junit] MAJOR: ------------------------------------------------------------
    [junit] MAJOR: 122/358 - RegressionTest246 (4ms / 13):
    [junit] MAJOR: 216454 (0 / 13 / 13) -> AVG-RTPM: 5ms
    [junit] MAJOR: Mutants killed / live: 645 (1019-361-266) / 476
    [junit] MAJOR: ------------------------------------------------------------
    [junit] MAJOR: 123/358 - RegressionTest247 (4ms / 11):
    [junit] MAJOR: 216516 (0 / 11 / 11) -> AVG-RTPM: 5ms
    [junit] MAJOR: Mutants killed / live: 645 (1025-361-266) / 476
    [junit] MAJOR: ------------------------------------------------------------
    [junit] MAJOR: 124/358 - RegressionTest249 (4ms / 22):
    [junit] MAJOR: 216618 (0 / 22 / 22) -> AVG-RTPM: 4ms
    [junit] MAJOR: Mutants killed / live: 645 (1036-361-266) / 476
    [junit] MAJOR: ------------------------------------------------------------
    [junit] MAJOR: 125/358 - RegressionTest25 (4ms / 40):
    [junit] MAJOR: 216812 (0 / 40 / 40) -> AVG-RTPM: 4ms
    [junit] MAJOR: Mutants killed / live: 645 (1044-370-266) / 476
    [junit] MAJOR: ------------------------------------------------------------
    [junit] MAJOR: 126/358 - RegressionTest250 (4ms / 29):
    [junit] MAJOR: 216955 (20 / 29 / 29) -> AVG-RTPM: 4ms
    [junit] MAJOR: Mutants killed / live: 665 (1058-376-266) / 456
    [junit] MAJOR: ------------------------------------------------------------
    [junit] MAJOR: 127/358 - RegressionTest251 (4ms / 14):
    [junit] MAJOR: 217023 (4 / 14 / 14) -> AVG-RTPM: 4ms
    [junit] MAJOR: Mutants killed / live: 669 (1066-376-266) / 452
    [junit] MAJOR: ------------------------------------------------------------
    [junit] MAJOR: 128/358 - RegressionTest254 (4ms / 7):
    [junit] MAJOR: 217058 (0 / 7 / 7) -> AVG-RTPM: 5ms
    [junit] MAJOR: Mutants killed / live: 669 (1066-376-266) / 452
    [junit] MAJOR: ------------------------------------------------------------
    [junit] MAJOR: 129/358 - RegressionTest255 (4ms / 11):
    [junit] MAJOR: 217109 (0 / 11 / 11) -> AVG-RTPM: 4ms
    [junit] MAJOR: Mutants killed / live: 669 (1073-376-266) / 452
    [junit] MAJOR: ------------------------------------------------------------
    [junit] MAJOR: 130/358 - RegressionTest26 (4ms / 40):
    [junit] MAJOR: 217309 (1 / 40 / 40) -> AVG-RTPM: 5ms
    [junit] MAJOR: Mutants killed / live: 670 (1081-387-266) / 451
    [junit] MAJOR: ------------------------------------------------------------
    [junit] MAJOR: 131/358 - RegressionTest260 (4ms / 20):
    [junit] MAJOR: 217404 (10 / 20 / 20) -> AVG-RTPM: 4ms
    [junit] MAJOR: Mutants killed / live: 680 (1091-387-266) / 441
    [junit] MAJOR: ------------------------------------------------------------
    [junit] MAJOR: 132/358 - RegressionTest261 (4ms / 4):
    [junit] MAJOR: 217425 (0 / 4 / 4) -> AVG-RTPM: 5ms
    [junit] MAJOR: Mutants killed / live: 680 (1091-387-266) / 441
    [junit] MAJOR: ------------------------------------------------------------
    [junit] MAJOR: 133/358 - RegressionTest262 (4ms / 38):
    [junit] MAJOR: 217621 (0 / 38 / 38) -> AVG-RTPM: 5ms
    [junit] MAJOR: Mutants killed / live: 680 (1094-399-266) / 441
    [junit] MAJOR: ------------------------------------------------------------
    [junit] MAJOR: 134/358 - RegressionTest263 (4ms / 20):
    [junit] MAJOR: 217722 (10 / 20 / 20) -> AVG-RTPM: 5ms
    [junit] MAJOR: Mutants killed / live: 690 (1104-399-266) / 431
    [junit] MAJOR: ------------------------------------------------------------
    [junit] MAJOR: 135/358 - RegressionTest268 (4ms / 43):
    [junit] MAJOR: 218126 (0 / 43 / 43) -> AVG-RTPM: 9ms
    [junit] MAJOR: Mutants killed / live: 690 (1118-411-268) / 431
    [junit] MAJOR: ------------------------------------------------------------
    [junit] MAJOR: 136/358 - RegressionTest27 (4ms / 11):
    [junit] MAJOR: 218185 (0 / 11 / 11) -> AVG-RTPM: 5ms
    [junit] MAJOR: Mutants killed / live: 690 (1128-411-268) / 431
    [junit] MAJOR: ------------------------------------------------------------
    [junit] MAJOR: 137/358 - RegressionTest270 (4ms / 40):
    [junit] MAJOR: 218399 (16 / 40 / 40) -> AVG-RTPM: 5ms
    [junit] MAJOR: Mutants killed / live: 706 (1132-425-268) / 415
    [junit] MAJOR: ------------------------------------------------------------
    [junit] MAJOR: 138/358 - RegressionTest272 (4ms / 35):
    [junit] MAJOR: 218560 (1 / 35 / 35) -> AVG-RTPM: 4ms
    [junit] MAJOR: Mutants killed / live: 707 (1137-425-268) / 414
    [junit] MAJOR: ------------------------------------------------------------
    [junit] MAJOR: 139/358 - RegressionTest273 (4ms / 21):
    [junit] MAJOR: 218763 (0 / 21 / 21) -> AVG-RTPM: 9ms
    [junit] MAJOR: Mutants killed / live: 707 (1148-429-269) / 414
    [junit] MAJOR: ------------------------------------------------------------
    [junit] MAJOR: 140/358 - RegressionTest275 (4ms / 7):
    [junit] MAJOR: 218796 (1 / 7 / 7) -> AVG-RTPM: 4ms
    [junit] MAJOR: Mutants killed / live: 708 (1152-429-269) / 413
    [junit] MAJOR: ------------------------------------------------------------
    [junit] MAJOR: 141/358 - RegressionTest276 (4ms / 0):
    [junit] MAJOR: 218796 (0 / 0 / 0) -> AVG-RTPM: 0ms
    [junit] MAJOR: Mutants killed / live: 708 (1152-429-269) / 413
    [junit] MAJOR: ------------------------------------------------------------
    [junit] MAJOR: 142/358 - RegressionTest278 (4ms / 13):
    [junit] MAJOR: 218859 (6 / 13 / 13) -> AVG-RTPM: 4ms
    [junit] MAJOR: Mutants killed / live: 714 (1161-429-269) / 407
    [junit] MAJOR: ------------------------------------------------------------
    [junit] MAJOR: 143/358 - RegressionTest279 (4ms / 29):
    [junit] MAJOR: 219003 (0 / 29 / 29) -> AVG-RTPM: 4ms
    [junit] MAJOR: Mutants killed / live: 714 (1162-435-269) / 407
    [junit] MAJOR: ------------------------------------------------------------
    [junit] MAJOR: 144/358 - RegressionTest28 (4ms / 20):
    [junit] MAJOR: 219121 (0 / 20 / 20) -> AVG-RTPM: 5ms
    [junit] MAJOR: Mutants killed / live: 714 (1181-435-269) / 407
    [junit] MAJOR: ------------------------------------------------------------
    [junit] MAJOR: 145/358 - RegressionTest281 (4ms / 18):
    [junit] MAJOR: 219221 (5 / 18 / 18) -> AVG-RTPM: 5ms
    [junit] MAJOR: Mutants killed / live: 719 (1192-435-269) / 402
    [junit] MAJOR: ------------------------------------------------------------
    [junit] MAJOR: 146/358 - RegressionTest284 (4ms / 21):
    [junit] MAJOR: 219326 (0 / 21 / 21) -> AVG-RTPM: 5ms
    [junit] MAJOR: Mutants killed / live: 719 (1200-435-269) / 402
    [junit] MAJOR: ------------------------------------------------------------
    [junit] MAJOR: 147/358 - RegressionTest285 (4ms / 11):
    [junit] MAJOR: 219385 (0 / 11 / 11) -> AVG-RTPM: 5ms
    [junit] MAJOR: Mutants killed / live: 719 (1204-435-269) / 402
    [junit] MAJOR: ------------------------------------------------------------
    [junit] MAJOR: 148/358 - RegressionTest286 (4ms / 25):
    [junit] MAJOR: 219517 (0 / 25 / 25) -> AVG-RTPM: 5ms
    [junit] MAJOR: Mutants killed / live: 719 (1208-445-269) / 402
    [junit] MAJOR: ------------------------------------------------------------
    [junit] MAJOR: 149/358 - RegressionTest29 (4ms / 25):
    [junit] MAJOR: 219631 (0 / 25 / 25) -> AVG-RTPM: 4ms
    [junit] MAJOR: Mutants killed / live: 719 (1210-455-269) / 402
    [junit] MAJOR: ------------------------------------------------------------
    [junit] MAJOR: 150/358 - RegressionTest296 (4ms / 106):
    [junit] MAJOR: 220060 (11 / 106 / 106) -> AVG-RTPM: 4ms
    [junit] MAJOR: Mutants killed / live: 730 (1250-455-269) / 391
    [junit] MAJOR: ------------------------------------------------------------
    [junit] MAJOR: 151/358 - RegressionTest300 (4ms / 64):
    [junit] MAJOR: 220362 (2 / 64 / 64) -> AVG-RTPM: 4ms
    [junit] MAJOR: Mutants killed / live: 732 (1285-455-269) / 389
    [junit] MAJOR: ------------------------------------------------------------
    [junit] MAJOR: 152/358 - RegressionTest301 (4ms / 22):
    [junit] MAJOR: 220468 (6 / 22 / 22) -> AVG-RTPM: 4ms
    [junit] MAJOR: Mutants killed / live: 738 (1296-455-269) / 383
    [junit] MAJOR: ------------------------------------------------------------
    [junit] MAJOR: 153/358 - RegressionTest303 (4ms / 4):
    [junit] MAJOR: 220489 (0 / 4 / 4) -> AVG-RTPM: 5ms
    [junit] MAJOR: Mutants killed / live: 738 (1300-455-269) / 383
    [junit] MAJOR: ------------------------------------------------------------
    [junit] MAJOR: 154/358 - RegressionTest305 (4ms / 14):
    [junit] MAJOR: 220553 (0 / 14 / 14) -> AVG-RTPM: 4ms
    [junit] MAJOR: Mutants killed / live: 738 (1308-455-269) / 383
    [junit] MAJOR: ------------------------------------------------------------
    [junit] MAJOR: 155/358 - RegressionTest307 (4ms / 36):
    [junit] MAJOR: 220827 (0 / 36 / 36) -> AVG-RTPM: 7ms
    [junit] MAJOR: Mutants killed / live: 738 (1322-463-270) / 383
    [junit] MAJOR: ------------------------------------------------------------
    [junit] MAJOR: 156/358 - RegressionTest308 (4ms / 25):
    [junit] MAJOR: 220946 (5 / 25 / 25) -> AVG-RTPM: 4ms
    [junit] MAJOR: Mutants killed / live: 743 (1333-463-270) / 378
    [junit] MAJOR: ------------------------------------------------------------
    [junit] MAJOR: 157/358 - RegressionTest309 (4ms / 49):
    [junit] MAJOR: 221182 (0 / 49 / 49) -> AVG-RTPM: 4ms
    [junit] MAJOR: Mutants killed / live: 743 (1337-463-270) / 378
    [junit] MAJOR: ------------------------------------------------------------
    [junit] MAJOR: 158/358 - RegressionTest31 (4ms / 13):
    [junit] MAJOR: 221258 (4 / 13 / 13) -> AVG-RTPM: 5ms
    [junit] MAJOR: Mutants killed / live: 747 (1346-463-270) / 374
    [junit] MAJOR: ------------------------------------------------------------
    [junit] MAJOR: 159/358 - RegressionTest310 (4ms / 11):
    [junit] MAJOR: 221311 (0 / 11 / 11) -> AVG-RTPM: 4ms
    [junit] MAJOR: Mutants killed / live: 747 (1350-463-270) / 374
    [junit] MAJOR: ------------------------------------------------------------
    [junit] MAJOR: 160/358 - RegressionTest311 (4ms / 106):
    [junit] MAJOR: 221829 (0 / 106 / 106) -> AVG-RTPM: 4ms
    [junit] MAJOR: Mutants killed / live: 747 (1383-463-270) / 374
    [junit] MAJOR: ------------------------------------------------------------
    [junit] MAJOR: 161/358 - RegressionTest312 (4ms / 23):
    [junit] MAJOR: 221938 (0 / 23 / 23) -> AVG-RTPM: 4ms
    [junit] MAJOR: Mutants killed / live: 747 (1397-463-270) / 374
    [junit] MAJOR: ------------------------------------------------------------
    [junit] MAJOR: 162/358 - RegressionTest313 (4ms / 13):
    [junit] MAJOR: 222005 (0 / 13 / 13) -> AVG-RTPM: 5ms
    [junit] MAJOR: Mutants killed / live: 747 (1405-463-270) / 374
    [junit] MAJOR: ------------------------------------------------------------
    [junit] MAJOR: 163/358 - RegressionTest32 (4ms / 25):
    [junit] MAJOR: 222134 (2 / 25 / 25) -> AVG-RTPM: 5ms
    [junit] MAJOR: Mutants killed / live: 749 (1411-463-270) / 372
    [junit] MAJOR: ------------------------------------------------------------
    [junit] MAJOR: 164/358 - RegressionTest320 (4ms / 41):
    [junit] MAJOR: 222337 (0 / 41 / 41) -> AVG-RTPM: 4ms
    [junit] MAJOR: Mutants killed / live: 749 (1436-463-270) / 372
    [junit] MAJOR: ------------------------------------------------------------
    [junit] MAJOR: 165/358 - RegressionTest321 (4ms / 20):
    [junit] MAJOR: 222433 (0 / 20 / 20) -> AVG-RTPM: 4ms
    [junit] MAJOR: Mutants killed / live: 749 (1456-463-270) / 372
    [junit] MAJOR: ------------------------------------------------------------
    [junit] MAJOR: 166/358 - RegressionTest322 (4ms / 7):
    [junit] MAJOR: 222473 (2 / 7 / 7) -> AVG-RTPM: 5ms
    [junit] MAJOR: Mutants killed / live: 751 (1460-463-270) / 370
    [junit] MAJOR: ------------------------------------------------------------
    [junit] MAJOR: 167/358 - RegressionTest324 (4ms / 20):
    [junit] MAJOR: 222573 (6 / 20 / 20) -> AVG-RTPM: 5ms
    [junit] MAJOR: Mutants killed / live: 757 (1470-463-270) / 364
    [junit] MAJOR: ------------------------------------------------------------
    [junit] MAJOR: 168/358 - RegressionTest325 (4ms / 29):
    [junit] MAJOR: 222726 (0 / 29 / 29) -> AVG-RTPM: 5ms
    [junit] MAJOR: Mutants killed / live: 757 (1471-471-270) / 364
    [junit] MAJOR: ------------------------------------------------------------
    [junit] MAJOR: 169/358 - RegressionTest326 (4ms / 7):
    [junit] MAJOR: 222759 (0 / 7 / 7) -> AVG-RTPM: 4ms
    [junit] MAJOR: Mutants killed / live: 757 (1475-471-270) / 364
    [junit] MAJOR: ------------------------------------------------------------
    [junit] MAJOR: 170/358 - RegressionTest327 (4ms / 36):
    [junit] MAJOR: 222939 (8 / 36 / 36) -> AVG-RTPM: 5ms
    [junit] MAJOR: Mutants killed / live: 765 (1477-483-270) / 356
    [junit] MAJOR: ------------------------------------------------------------
    [junit] MAJOR: 171/358 - RegressionTest328 (4ms / 38):
    [junit] MAJOR: 223142 (0 / 38 / 38) -> AVG-RTPM: 5ms
    [junit] MAJOR: Mutants killed / live: 765 (1483-497-270) / 356
    [junit] MAJOR: ------------------------------------------------------------
    [junit] MAJOR: 172/358 - RegressionTest33 (4ms / 7):
    [junit] MAJOR: 223175 (0 / 7 / 7) -> AVG-RTPM: 4ms
    [junit] MAJOR: Mutants killed / live: 765 (1487-497-270) / 356
    [junit] MAJOR: ------------------------------------------------------------
    [junit] MAJOR: 173/358 - RegressionTest330 (4ms / 25):
    [junit] MAJOR: 223304 (0 / 25 / 25) -> AVG-RTPM: 5ms
    [junit] MAJOR: Mutants killed / live: 765 (1489-509-270) / 356
    [junit] MAJOR: ------------------------------------------------------------
    [junit] MAJOR: 174/358 - RegressionTest332 (4ms / 38):
    [junit] MAJOR: 223513 (0 / 38 / 38) -> AVG-RTPM: 5ms
    [junit] MAJOR: Mutants killed / live: 765 (1491-515-270) / 356
    [junit] MAJOR: ------------------------------------------------------------
    [junit] MAJOR: 175/358 - RegressionTest333 (4ms / 4):
    [junit] MAJOR: 223531 (0 / 4 / 4) -> AVG-RTPM: 4ms
    [junit] MAJOR: Mutants killed / live: 765 (1491-515-270) / 356
    [junit] MAJOR: ------------------------------------------------------------
    [junit] MAJOR: 176/358 - RegressionTest334 (4ms / 25):
    [junit] MAJOR: 223650 (0 / 25 / 25) -> AVG-RTPM: 4ms
    [junit] MAJOR: Mutants killed / live: 765 (1495-525-270) / 356
    [junit] MAJOR: ------------------------------------------------------------
    [junit] MAJOR: 177/358 - RegressionTest335 (4ms / 21):
    [junit] MAJOR: 223761 (0 / 21 / 21) -> AVG-RTPM: 5ms
    [junit] MAJOR: Mutants killed / live: 765 (1502-525-270) / 356
    [junit] MAJOR: ------------------------------------------------------------
    [junit] MAJOR: 178/358 - RegressionTest336 (4ms / 47):
    [junit] MAJOR: 223997 (0 / 47 / 47) -> AVG-RTPM: 5ms
    [junit] MAJOR: Mutants killed / live: 765 (1509-533-270) / 356
    [junit] MAJOR: ------------------------------------------------------------
    [junit] MAJOR: 179/358 - RegressionTest338 (4ms / 54):
    [junit] MAJOR: 224282 (12 / 54 / 54) -> AVG-RTPM: 5ms
    [junit] MAJOR: Mutants killed / live: 777 (1530-536-270) / 344
    [junit] MAJOR: ------------------------------------------------------------
    [junit] MAJOR: 180/358 - RegressionTest339 (4ms / 29):
    [junit] MAJOR: 224421 (0 / 29 / 29) -> AVG-RTPM: 4ms
    [junit] MAJOR: Mutants killed / live: 777 (1534-546-270) / 344
    [junit] MAJOR: ------------------------------------------------------------
    [junit] MAJOR: 181/358 - RegressionTest340 (4ms / 0):
    [junit] MAJOR: 224421 (0 / 0 / 0) -> AVG-RTPM: 0ms
    [junit] MAJOR: Mutants killed / live: 777 (1534-546-270) / 344
    [junit] MAJOR: ------------------------------------------------------------
    [junit] MAJOR: 182/358 - RegressionTest341 (4ms / 11):
    [junit] MAJOR: 224471 (3 / 11 / 11) -> AVG-RTPM: 4ms
    [junit] MAJOR: Mutants killed / live: 780 (1540-546-270) / 341
    [junit] MAJOR: ------------------------------------------------------------
    [junit] MAJOR: 183/358 - RegressionTest342 (4ms / 7):
    [junit] MAJOR: 224511 (0 / 7 / 7) -> AVG-RTPM: 5ms
    [junit] MAJOR: Mutants killed / live: 780 (1540-546-270) / 341
    [junit] MAJOR: ------------------------------------------------------------
    [junit] MAJOR: 184/358 - RegressionTest345 (4ms / 54):
    [junit] MAJOR: 224775 (0 / 54 / 54) -> AVG-RTPM: 4ms
    [junit] MAJOR: Mutants killed / live: 780 (1561-549-270) / 341
    [junit] MAJOR: ------------------------------------------------------------
    [junit] MAJOR: 185/358 - RegressionTest346 (4ms / 38):
    [junit] MAJOR: 224954 (0 / 38 / 38) -> AVG-RTPM: 4ms
    [junit] MAJOR: Mutants killed / live: 780 (1567-563-270) / 341
    [junit] MAJOR: ------------------------------------------------------------
    [junit] MAJOR: 186/358 - RegressionTest35 (4ms / 67):
    [junit] MAJOR: 225215 (0 / 67 / 67) -> AVG-RTPM: 3ms
    [junit] MAJOR: Mutants killed / live: 780 (1585-563-270) / 341
    [junit] MAJOR: ------------------------------------------------------------
    [junit] MAJOR: 187/358 - RegressionTest350 (4ms / 20):
    [junit] MAJOR: 225308 (0 / 20 / 20) -> AVG-RTPM: 4ms
    [junit] MAJOR: Mutants killed / live: 780 (1605-563-270) / 341
    [junit] MAJOR: ------------------------------------------------------------
    [junit] MAJOR: 188/358 - RegressionTest351 (4ms / 40):
    [junit] MAJOR: 225514 (0 / 40 / 40) -> AVG-RTPM: 5ms
    [junit] MAJOR: Mutants killed / live: 780 (1610-574-270) / 341
    [junit] MAJOR: ------------------------------------------------------------
    [junit] MAJOR: 189/358 - RegressionTest354 (4ms / 0):
    [junit] MAJOR: 225514 (0 / 0 / 0) -> AVG-RTPM: 0ms
    [junit] MAJOR: Mutants killed / live: 780 (1610-574-270) / 341
    [junit] MAJOR: ------------------------------------------------------------
    [junit] MAJOR: 190/358 - RegressionTest355 (4ms / 38):
    [junit] MAJOR: 225702 (0 / 38 / 38) -> AVG-RTPM: 4ms
    [junit] MAJOR: Mutants killed / live: 780 (1616-588-270) / 341
    [junit] MAJOR: ------------------------------------------------------------
    [junit] MAJOR: 191/358 - RegressionTest356 (4ms / 9):
    [junit] MAJOR: 225745 (1 / 9 / 9) -> AVG-RTPM: 4ms
    [junit] MAJOR: Mutants killed / live: 781 (1620-588-270) / 340
    [junit] MAJOR: ------------------------------------------------------------
    [junit] MAJOR: 192/358 - RegressionTest38 (4ms / 27):
    [junit] MAJOR: 225874 (0 / 27 / 27) -> AVG-RTPM: 4ms
    [junit] MAJOR: Mutants killed / live: 781 (1620-588-270) / 340
    [junit] MAJOR: ------------------------------------------------------------
    [junit] MAJOR: 193/358 - RegressionTest39 (4ms / 22):
    [junit] MAJOR: 225991 (0 / 22 / 22) -> AVG-RTPM: 5ms
    [junit] MAJOR: Mutants killed / live: 781 (1631-588-270) / 340
    [junit] MAJOR: ------------------------------------------------------------
    [junit] MAJOR: 194/358 - RegressionTest41 (4ms / 11):
    [junit] MAJOR: 226044 (0 / 11 / 11) -> AVG-RTPM: 4ms
    [junit] MAJOR: Mutants killed / live: 781 (1635-588-270) / 340
    [junit] MAJOR: ------------------------------------------------------------
    [junit] MAJOR: 195/358 - RegressionTest43 (4ms / 22):
    [junit] MAJOR: 226159 (0 / 22 / 22) -> AVG-RTPM: 5ms
    [junit] MAJOR: Mutants killed / live: 781 (1646-588-270) / 340
    [junit] MAJOR: ------------------------------------------------------------
    [junit] MAJOR: 196/358 - RegressionTest44 (4ms / 11):
    [junit] MAJOR: 226213 (6 / 11 / 11) -> AVG-RTPM: 4ms
    [junit] MAJOR: Mutants killed / live: 787 (1654-588-270) / 334
    [junit] MAJOR: ------------------------------------------------------------
    [junit] MAJOR: 197/358 - RegressionTest45 (4ms / 20):
    [junit] MAJOR: 226309 (0 / 20 / 20) -> AVG-RTPM: 4ms
    [junit] MAJOR: Mutants killed / live: 787 (1664-588-270) / 334
    [junit] MAJOR: ------------------------------------------------------------
    [junit] MAJOR: 198/358 - RegressionTest48 (4ms / 11):
    [junit] MAJOR: 226363 (0 / 11 / 11) -> AVG-RTPM: 4ms
    [junit] MAJOR: Mutants killed / live: 787 (1664-588-270) / 334
    [junit] MAJOR: ------------------------------------------------------------
    [junit] MAJOR: 199/358 - RegressionTest5 (4ms / 55):
    [junit] MAJOR: 226634 (8 / 55 / 55) -> AVG-RTPM: 4ms
    [junit] MAJOR: Mutants killed / live: 795 (1685-596-270) / 326
    [junit] MAJOR: ------------------------------------------------------------
    [junit] MAJOR: 200/358 - RegressionTest50 (4ms / 25):
    [junit] MAJOR: 226758 (0 / 25 / 25) -> AVG-RTPM: 4ms
    [junit] MAJOR: Mutants killed / live: 795 (1687-606-270) / 326
    [junit] MAJOR: ------------------------------------------------------------
    [junit] MAJOR: 201/358 - RegressionTest52 (4ms / 35):
    [junit] MAJOR: 401805 (0 / 35 / 35) -> AVG-RTPM: 5001ms
    [junit] MAJOR: Mutants killed / live: 795 (1696-616-273) / 326
    [junit] MAJOR: ------------------------------------------------------------
    [junit] MAJOR: 202/358 - RegressionTest53 (4ms / 11):
    [junit] MAJOR: 401857 (0 / 11 / 11) -> AVG-RTPM: 4ms
    [junit] MAJOR: Mutants killed / live: 795 (1702-616-274) / 326
    [junit] MAJOR: ------------------------------------------------------------
    [junit] MAJOR: 203/358 - RegressionTest55 (4ms / 31):
    [junit] MAJOR: 402014 (0 / 31 / 31) -> AVG-RTPM: 5ms
    [junit] MAJOR: Mutants killed / live: 795 (1706-624-274) / 326
    [junit] MAJOR: ------------------------------------------------------------
    [junit] MAJOR: 204/358 - RegressionTest57 (4ms / 25):
    [junit] MAJOR: 402141 (0 / 25 / 25) -> AVG-RTPM: 5ms
    [junit] MAJOR: Mutants killed / live: 795 (1710-634-274) / 326
    [junit] MAJOR: ------------------------------------------------------------
    [junit] MAJOR: 205/358 - RegressionTest58 (4ms / 20):
    [junit] MAJOR: 402235 (0 / 20 / 20) -> AVG-RTPM: 4ms
    [junit] MAJOR: Mutants killed / live: 795 (1729-634-274) / 326
    [junit] MAJOR: ------------------------------------------------------------
    [junit] MAJOR: 206/358 - RegressionTest59 (4ms / 153):
    [junit] MAJOR: 407895 (0 / 153 / 153) -> AVG-RTPM: 36ms
    [junit] MAJOR: Mutants killed / live: 795 (1749-644-324) / 326
    [junit] MAJOR: ------------------------------------------------------------
    [junit] MAJOR: 207/358 - RegressionTest62 (4ms / 27):
    [junit] MAJOR: 408037 (0 / 27 / 27) -> AVG-RTPM: 5ms
    [junit] MAJOR: Mutants killed / live: 795 (1751-648-324) / 326
    [junit] MAJOR: ------------------------------------------------------------
    [junit] MAJOR: 208/358 - RegressionTest63 (4ms / 104):
    [junit] MAJOR: 408781 (3 / 104 / 104) -> AVG-RTPM: 7ms
    [junit] MAJOR: Mutants killed / live: 798 (1777-656-326) / 323
    [junit] MAJOR: ------------------------------------------------------------
    [junit] MAJOR: 209/358 - RegressionTest64 (4ms / 25):
    [junit] MAJOR: 408930 (0 / 25 / 25) -> AVG-RTPM: 5ms
    [junit] MAJOR: Mutants killed / live: 798 (1780-667-326) / 323
    [junit] MAJOR: ------------------------------------------------------------
    [junit] MAJOR: 210/358 - RegressionTest68 (4ms / 67):
    [junit] MAJOR: 409262 (0 / 67 / 67) -> AVG-RTPM: 4ms
    [junit] MAJOR: Mutants killed / live: 798 (1801-667-326) / 323
    [junit] MAJOR: ------------------------------------------------------------
    [junit] MAJOR: 211/358 - RegressionTest7 (4ms / 47):
    [junit] MAJOR: 409493 (0 / 47 / 47) -> AVG-RTPM: 4ms
    [junit] MAJOR: Mutants killed / live: 798 (1808-675-326) / 323
    [junit] MAJOR: ------------------------------------------------------------
    [junit] MAJOR: 212/358 - RegressionTest74 (4ms / 25):
    [junit] MAJOR: 409612 (0 / 25 / 25) -> AVG-RTPM: 4ms
    [junit] MAJOR: Mutants killed / live: 798 (1812-685-326) / 323
    [junit] MAJOR: ------------------------------------------------------------
    [junit] MAJOR: 213/358 - RegressionTest75 (4ms / 27):
    [junit] MAJOR: 409752 (0 / 27 / 27) -> AVG-RTPM: 5ms
    [junit] MAJOR: Mutants killed / live: 798 (1812-685-326) / 323
    [junit] MAJOR: ------------------------------------------------------------
    [junit] MAJOR: 214/358 - RegressionTest77 (4ms / 13):
    [junit] MAJOR: 409812 (0 / 13 / 13) -> AVG-RTPM: 4ms
    [junit] MAJOR: Mutants killed / live: 798 (1819-685-326) / 323
    [junit] MAJOR: ------------------------------------------------------------
    [junit] MAJOR: 215/358 - RegressionTest80 (4ms / 31):
    [junit] MAJOR: 409975 (0 / 31 / 31) -> AVG-RTPM: 5ms
    [junit] MAJOR: Mutants killed / live: 798 (1823-693-326) / 323
    [junit] MAJOR: ------------------------------------------------------------
    [junit] MAJOR: 216/358 - RegressionTest81 (4ms / 21):
    [junit] MAJOR: 409997 (1 / 21 / 21) -> AVG-RTPM: 1ms
    [junit] MAJOR: Mutants killed / live: 799 (1831-693-326) / 322
    [junit] MAJOR: ------------------------------------------------------------
    [junit] MAJOR: 217/358 - RegressionTest85 (4ms / 13):
    [junit] MAJOR: 410058 (0 / 13 / 13) -> AVG-RTPM: 4ms
    [junit] MAJOR: Mutants killed / live: 799 (1840-693-326) / 322
    [junit] MAJOR: ------------------------------------------------------------
    [junit] MAJOR: 218/358 - RegressionTest86 (4ms / 11):
    [junit] MAJOR: 410131 (0 / 11 / 11) -> AVG-RTPM: 6ms
    [junit] MAJOR: Mutants killed / live: 799 (1844-693-326) / 322
    [junit] MAJOR: ------------------------------------------------------------
    [junit] MAJOR: 219/358 - RegressionTest87 (4ms / 7):
    [junit] MAJOR: 410164 (1 / 7 / 7) -> AVG-RTPM: 4ms
    [junit] MAJOR: Mutants killed / live: 800 (1848-693-326) / 321
    [junit] MAJOR: ------------------------------------------------------------
    [junit] MAJOR: 220/358 - RegressionTest9 (4ms / 7):
    [junit] MAJOR: 410197 (0 / 7 / 7) -> AVG-RTPM: 4ms
    [junit] MAJOR: Mutants killed / live: 800 (1852-693-326) / 321
    [junit] MAJOR: ------------------------------------------------------------
    [junit] MAJOR: 221/358 - RegressionTest90 (4ms / 23):
    [junit] MAJOR: 410305 (0 / 23 / 23) -> AVG-RTPM: 4ms
    [junit] MAJOR: Mutants killed / live: 800 (1864-693-326) / 321
    [junit] MAJOR: ------------------------------------------------------------
    [junit] MAJOR: 222/358 - RegressionTest91 (4ms / 20):
    [junit] MAJOR: 410419 (0 / 20 / 20) -> AVG-RTPM: 5ms
    [junit] MAJOR: Mutants killed / live: 800 (1881-693-326) / 321
    [junit] MAJOR: ------------------------------------------------------------
    [junit] MAJOR: 223/358 - RegressionTest92 (4ms / 49):
    [junit] MAJOR: 410695 (0 / 49 / 49) -> AVG-RTPM: 5ms
    [junit] MAJOR: Mutants killed / live: 800 (1893-708-326) / 321
    [junit] MAJOR: ------------------------------------------------------------
    [junit] MAJOR: 224/358 - RegressionTest94 (4ms / 29):
    [junit] MAJOR: 410867 (0 / 29 / 29) -> AVG-RTPM: 5ms
    [junit] MAJOR: Mutants killed / live: 800 (1894-716-326) / 321
    [junit] MAJOR: ------------------------------------------------------------
    [junit] MAJOR: 225/358 - RegressionTest99 (4ms / 11):
    [junit] MAJOR: 410941 (0 / 11 / 11) -> AVG-RTPM: 6ms
    [junit] MAJOR: Mutants killed / live: 800 (1898-716-326) / 321
    [junit] MAJOR: ------------------------------------------------------------
    [junit] MAJOR: 226/358 - RegressionTest100 (5ms / 107):
    [junit] MAJOR: 411526 (1 / 107 / 107) -> AVG-RTPM: 5ms
    [junit] MAJOR: Mutants killed / live: 801 (1930-716-326) / 320
    [junit] MAJOR: ------------------------------------------------------------
    [junit] MAJOR: 227/358 - RegressionTest102 (5ms / 21):
    [junit] MAJOR: 411647 (0 / 21 / 21) -> AVG-RTPM: 5ms
    [junit] MAJOR: Mutants killed / live: 801 (1938-716-326) / 320
    [junit] MAJOR: ------------------------------------------------------------
    [junit] MAJOR: 228/358 - RegressionTest104 (5ms / 20):
    [junit] MAJOR: 411765 (1 / 20 / 20) -> AVG-RTPM: 5ms
    [junit] MAJOR: Mutants killed / live: 802 (1950-716-326) / 319
    [junit] MAJOR: ------------------------------------------------------------
    [junit] MAJOR: 229/358 - RegressionTest105 (5ms / 11):
    [junit] MAJOR: 411819 (0 / 11 / 11) -> AVG-RTPM: 4ms
    [junit] MAJOR: Mutants killed / live: 802 (1956-716-326) / 319
    [junit] MAJOR: ------------------------------------------------------------
    [junit] MAJOR: 230/358 - RegressionTest107 (5ms / 11):
    [junit] MAJOR: 411871 (0 / 11 / 11) -> AVG-RTPM: 4ms
    [junit] MAJOR: Mutants killed / live: 802 (1967-716-326) / 319
    [junit] MAJOR: ------------------------------------------------------------
    [junit] MAJOR: 231/358 - RegressionTest109 (5ms / 13):
    [junit] MAJOR: 411933 (0 / 13 / 13) -> AVG-RTPM: 4ms
    [junit] MAJOR: Mutants killed / live: 802 (1974-716-326) / 319
    [junit] MAJOR: ------------------------------------------------------------
    [junit] MAJOR: 232/358 - RegressionTest110 (5ms / 36):
    [junit] MAJOR: 412220 (0 / 36 / 36) -> AVG-RTPM: 7ms
    [junit] MAJOR: Mutants killed / live: 802 (1988-724-327) / 319
    [junit] MAJOR: ------------------------------------------------------------
    [junit] MAJOR: 233/358 - RegressionTest116 (5ms / 14):
    [junit] MAJOR: 412285 (0 / 14 / 14) -> AVG-RTPM: 4ms
    [junit] MAJOR: Mutants killed / live: 802 (1996-724-327) / 319
    [junit] MAJOR: ------------------------------------------------------------
    [junit] MAJOR: 234/358 - RegressionTest12 (5ms / 25):
    [junit] MAJOR: 412427 (0 / 25 / 25) -> AVG-RTPM: 5ms
    [junit] MAJOR: Mutants killed / live: 802 (2002-724-327) / 319
    [junit] MAJOR: ------------------------------------------------------------
    [junit] MAJOR: 235/358 - RegressionTest120 (5ms / 27):
    [junit] MAJOR: 412577 (0 / 27 / 27) -> AVG-RTPM: 5ms
    [junit] MAJOR: Mutants killed / live: 802 (2002-724-327) / 319
    [junit] MAJOR: ------------------------------------------------------------
    [junit] MAJOR: 236/358 - RegressionTest121 (5ms / 22):
    [junit] MAJOR: 412705 (0 / 22 / 22) -> AVG-RTPM: 5ms
    [junit] MAJOR: Mutants killed / live: 802 (2013-724-327) / 319
    [junit] MAJOR: ------------------------------------------------------------
    [junit] MAJOR: 237/358 - RegressionTest122 (5ms / 41):
    [junit] MAJOR: 412915 (0 / 41 / 41) -> AVG-RTPM: 5ms
    [junit] MAJOR: Mutants killed / live: 802 (2027-726-327) / 319
    [junit] MAJOR: ------------------------------------------------------------
    [junit] MAJOR: 238/358 - RegressionTest124 (5ms / 22):
    [junit] MAJOR: 413015 (0 / 22 / 22) -> AVG-RTPM: 4ms
    [junit] MAJOR: Mutants killed / live: 802 (2038-726-327) / 319
    [junit] MAJOR: ------------------------------------------------------------
    [junit] MAJOR: 239/358 - RegressionTest127 (5ms / 14):
    [junit] MAJOR: 413081 (0 / 14 / 14) -> AVG-RTPM: 4ms
    [junit] MAJOR: Mutants killed / live: 802 (2046-726-327) / 319
    [junit] MAJOR: ------------------------------------------------------------
    [junit] MAJOR: 240/358 - RegressionTest129 (5ms / 7):
    [junit] MAJOR: 413115 (0 / 7 / 7) -> AVG-RTPM: 4ms
    [junit] MAJOR: Mutants killed / live: 802 (2046-726-327) / 319
    [junit] MAJOR: ------------------------------------------------------------
    [junit] MAJOR: 241/358 - RegressionTest13 (5ms / 25):
    [junit] MAJOR: 413260 (0 / 25 / 25) -> AVG-RTPM: 5ms
    [junit] MAJOR: Mutants killed / live: 802 (2049-736-327) / 319
    [junit] MAJOR: ------------------------------------------------------------
    [junit] MAJOR: 242/358 - RegressionTest133 (5ms / 20):
    [junit] MAJOR: 413357 (0 / 20 / 20) -> AVG-RTPM: 4ms
    [junit] MAJOR: Mutants killed / live: 802 (2059-736-327) / 319
    [junit] MAJOR: ------------------------------------------------------------
    [junit] MAJOR: 243/358 - RegressionTest134 (5ms / 23):
    [junit] MAJOR: 413508 (6 / 23 / 23) -> AVG-RTPM: 6ms
    [junit] MAJOR: Mutants killed / live: 808 (2071-736-327) / 313
    [junit] MAJOR: ------------------------------------------------------------
    [junit] MAJOR: 244/358 - RegressionTest135 (5ms / 11):
    [junit] MAJOR: 413561 (0 / 11 / 11) -> AVG-RTPM: 4ms
    [junit] MAJOR: Mutants killed / live: 808 (2082-736-327) / 313
    [junit] MAJOR: ------------------------------------------------------------
    [junit] MAJOR: 245/358 - RegressionTest14 (5ms / 31):
    [junit] MAJOR: 413740 (0 / 31 / 31) -> AVG-RTPM: 5ms
    [junit] MAJOR: Mutants killed / live: 808 (2086-744-327) / 313
    [junit] MAJOR: ------------------------------------------------------------
    [junit] MAJOR: 246/358 - RegressionTest140 (5ms / 49):
    [junit] MAJOR: 413993 (0 / 49 / 49) -> AVG-RTPM: 5ms
    [junit] MAJOR: Mutants killed / live: 808 (2090-744-327) / 313
    [junit] MAJOR: ------------------------------------------------------------
    [junit] MAJOR: 247/358 - RegressionTest141 (5ms / 11):
    [junit] MAJOR: 414048 (0 / 11 / 11) -> AVG-RTPM: 4ms
    [junit] MAJOR: Mutants killed / live: 808 (2100-744-327) / 313
    [junit] MAJOR: ------------------------------------------------------------
    [junit] MAJOR: 248/358 - RegressionTest142 (5ms / 64):
    [junit] MAJOR: 414391 (7 / 64 / 64) -> AVG-RTPM: 5ms
    [junit] MAJOR: Mutants killed / live: 815 (2133-744-327) / 306
    [junit] MAJOR: ------------------------------------------------------------
    [junit] MAJOR: 249/358 - RegressionTest143 (5ms / 11):
    [junit] MAJOR: 414442 (0 / 11 / 11) -> AVG-RTPM: 4ms
    [junit] MAJOR: Mutants killed / live: 815 (2139-744-327) / 306
    [junit] MAJOR: ------------------------------------------------------------
    [junit] MAJOR: 250/358 - RegressionTest148 (5ms / 22):
    [junit] MAJOR: 414564 (0 / 22 / 22) -> AVG-RTPM: 5ms
    [junit] MAJOR: Mutants killed / live: 815 (2150-744-327) / 306
    [junit] MAJOR: ------------------------------------------------------------
    [junit] MAJOR: 251/358 - RegressionTest150 (5ms / 20):
    [junit] MAJOR: 414657 (0 / 20 / 20) -> AVG-RTPM: 4ms
    [junit] MAJOR: Mutants killed / live: 815 (2167-744-327) / 306
    [junit] MAJOR: ------------------------------------------------------------
    [junit] MAJOR: 252/358 - RegressionTest151 (5ms / 7):
    [junit] MAJOR: 414690 (0 / 7 / 7) -> AVG-RTPM: 4ms
    [junit] MAJOR: Mutants killed / live: 815 (2167-744-327) / 306
    [junit] MAJOR: ------------------------------------------------------------
    [junit] MAJOR: 253/358 - RegressionTest155 (5ms / 31):
    [junit] MAJOR: 414856 (0 / 31 / 31) -> AVG-RTPM: 5ms
    [junit] MAJOR: Mutants killed / live: 815 (2171-752-327) / 306
    [junit] MAJOR: ------------------------------------------------------------
    [junit] MAJOR: 254/358 - RegressionTest157 (5ms / 13):
    [junit] MAJOR: 414917 (0 / 13 / 13) -> AVG-RTPM: 4ms
    [junit] MAJOR: Mutants killed / live: 815 (2178-752-327) / 306
    [junit] MAJOR: ------------------------------------------------------------
    [junit] MAJOR: 255/358 - RegressionTest159 (5ms / 21):
    [junit] MAJOR: 415046 (0 / 21 / 21) -> AVG-RTPM: 6ms
    [junit] MAJOR: Mutants killed / live: 815 (2186-752-327) / 306
    [junit] MAJOR: ------------------------------------------------------------
    [junit] MAJOR: 256/358 - RegressionTest160 (5ms / 32):
    [junit] MAJOR: 415123 (3 / 32 / 32) -> AVG-RTPM: 2ms
    [junit] MAJOR: Mutants killed / live: 818 (2188-761-327) / 303
    [junit] MAJOR: ------------------------------------------------------------
    [junit] MAJOR: 257/358 - RegressionTest162 (5ms / 11):
    [junit] MAJOR: 415173 (0 / 11 / 11) -> AVG-RTPM: 4ms
    [junit] MAJOR: Mutants killed / live: 818 (2194-761-327) / 303
    [junit] MAJOR: ------------------------------------------------------------
    [junit] MAJOR: 258/358 - RegressionTest17 (5ms / 11):
    [junit] MAJOR: 415252 (0 / 11 / 11) -> AVG-RTPM: 7ms
    [junit] MAJOR: Mutants killed / live: 818 (2201-761-327) / 303
    [junit] MAJOR: ------------------------------------------------------------
    [junit] MAJOR: 259/358 - RegressionTest174 (5ms / 11):
    [junit] MAJOR: 415301 (1 / 11 / 11) -> AVG-RTPM: 4ms
    [junit] MAJOR: Mutants killed / live: 819 (2208-761-327) / 302
    [junit] MAJOR: ------------------------------------------------------------
    [junit] MAJOR: 260/358 - RegressionTest176 (5ms / 11):
    [junit] MAJOR: 415353 (0 / 11 / 11) -> AVG-RTPM: 4ms
    [junit] MAJOR: Mutants killed / live: 819 (2213-761-327) / 302
    [junit] MAJOR: ------------------------------------------------------------
    [junit] MAJOR: 261/358 - RegressionTest18 (5ms / 27):
    [junit] MAJOR: 415505 (0 / 27 / 27) -> AVG-RTPM: 5ms
    [junit] MAJOR: Mutants killed / live: 819 (2213-761-327) / 302
    [junit] MAJOR: ------------------------------------------------------------
    [junit] MAJOR: 262/358 - RegressionTest180 (5ms / 2):
    [junit] MAJOR: 415515 (0 / 2 / 2) -> AVG-RTPM: 5ms
    [junit] MAJOR: Mutants killed / live: 819 (2213-761-327) / 302
    [junit] MAJOR: ------------------------------------------------------------
    [junit] MAJOR: 263/358 - RegressionTest181 (5ms / 25):
    [junit] MAJOR: 415640 (0 / 25 / 25) -> AVG-RTPM: 5ms
    [junit] MAJOR: Mutants killed / live: 819 (2215-773-327) / 302
    [junit] MAJOR: ------------------------------------------------------------
    [junit] MAJOR: 264/358 - RegressionTest182 (5ms / 20):
    [junit] MAJOR: 415758 (0 / 20 / 20) -> AVG-RTPM: 5ms
    [junit] MAJOR: Mutants killed / live: 819 (2234-773-327) / 302
    [junit] MAJOR: ------------------------------------------------------------
    [junit] MAJOR: 265/358 - RegressionTest186 (5ms / 43):
    [junit] MAJOR: 416059 (2 / 43 / 43) -> AVG-RTPM: 6ms
    [junit] MAJOR: Mutants killed / live: 821 (2246-781-328) / 300
    [junit] MAJOR: ------------------------------------------------------------
    [junit] MAJOR: 266/358 - RegressionTest188 (5ms / 25):
    [junit] MAJOR: 416199 (0 / 25 / 25) -> AVG-RTPM: 5ms
    [junit] MAJOR: Mutants killed / live: 821 (2258-781-328) / 300
    [junit] MAJOR: ------------------------------------------------------------
    [junit] MAJOR: 267/358 - RegressionTest189 (5ms / 25):
    [junit] MAJOR: 416317 (0 / 25 / 25) -> AVG-RTPM: 4ms
    [junit] MAJOR: Mutants killed / live: 821 (2262-791-328) / 300
    [junit] MAJOR: ------------------------------------------------------------
    [junit] MAJOR: 268/358 - RegressionTest19 (5ms / 14):
    [junit] MAJOR: 416408 (0 / 14 / 14) -> AVG-RTPM: 6ms
    [junit] MAJOR: Mutants killed / live: 821 (2270-791-328) / 300
    [junit] MAJOR: ------------------------------------------------------------
    [junit] MAJOR: 269/358 - RegressionTest191 (5ms / 31):
    [junit] MAJOR: 416558 (1 / 31 / 31) -> AVG-RTPM: 4ms
    [junit] MAJOR: Mutants killed / live: 822 (2274-802-328) / 299
    [junit] MAJOR: ------------------------------------------------------------
    [junit] MAJOR: 270/358 - RegressionTest193 (5ms / 31):
    [junit] MAJOR: 416722 (0 / 31 / 31) -> AVG-RTPM: 5ms
    [junit] MAJOR: Mutants killed / live: 822 (2278-810-328) / 299
    [junit] MAJOR: ------------------------------------------------------------
    [junit] MAJOR: 271/358 - RegressionTest195 (5ms / 67):
    [junit] MAJOR: 417074 (0 / 67 / 67) -> AVG-RTPM: 5ms
    [junit] MAJOR: Mutants killed / live: 822 (2299-810-328) / 299
    [junit] MAJOR: ------------------------------------------------------------
    [junit] MAJOR: 272/358 - RegressionTest198 (5ms / 41):
    [junit] MAJOR: 417298 (0 / 41 / 41) -> AVG-RTPM: 5ms
    [junit] MAJOR: Mutants killed / live: 822 (2324-810-328) / 299
    [junit] MAJOR: ------------------------------------------------------------
    [junit] MAJOR: 273/358 - RegressionTest199 (5ms / 21):
    [junit] MAJOR: 417616 (0 / 21 / 21) -> AVG-RTPM: 15ms
    [junit] MAJOR: Mutants killed / live: 822 (2333-814-330) / 299
    [junit] MAJOR: ------------------------------------------------------------
    [junit] MAJOR: 274/358 - RegressionTest20 (5ms / 13):
    [junit] MAJOR: 417682 (0 / 13 / 13) -> AVG-RTPM: 5ms
    [junit] MAJOR: Mutants killed / live: 822 (2340-814-330) / 299
    [junit] MAJOR: ------------------------------------------------------------
    [junit] MAJOR: 275/358 - RegressionTest201 (5ms / 20):
    [junit] MAJOR: 417778 (0 / 20 / 20) -> AVG-RTPM: 4ms
    [junit] MAJOR: Mutants killed / live: 822 (2357-814-330) / 299
    [junit] MAJOR: ------------------------------------------------------------
    [junit] MAJOR: 276/358 - RegressionTest213 (5ms / 64):
    [junit] MAJOR: 418117 (0 / 64 / 64) -> AVG-RTPM: 5ms
    [junit] MAJOR: Mutants killed / live: 822 (2390-814-330) / 299
    [junit] MAJOR: ------------------------------------------------------------
    [junit] MAJOR: 277/358 - RegressionTest216 (5ms / 106):
    [junit] MAJOR: 418725 (0 / 106 / 106) -> AVG-RTPM: 5ms
    [junit] MAJOR: Mutants killed / live: 822 (2429-814-330) / 299
    [junit] MAJOR: ------------------------------------------------------------
    [junit] MAJOR: 278/358 - RegressionTest226 (5ms / 64):
    [junit] MAJOR: 419077 (1 / 64 / 64) -> AVG-RTPM: 5ms
    [junit] MAJOR: Mutants killed / live: 823 (2465-814-330) / 298
    [junit] MAJOR: ------------------------------------------------------------
    [junit] MAJOR: 279/358 - RegressionTest231 (5ms / 11):
    [junit] MAJOR: 419130 (0 / 11 / 11) -> AVG-RTPM: 4ms
    [junit] MAJOR: Mutants killed / live: 823 (2469-814-330) / 298
    [junit] MAJOR: ------------------------------------------------------------
    [junit] MAJOR: 280/358 - RegressionTest237 (5ms / 20):
    [junit] MAJOR: 419258 (0 / 20 / 20) -> AVG-RTPM: 6ms
    [junit] MAJOR: Mutants killed / live: 823 (2479-814-330) / 298
    [junit] MAJOR: ------------------------------------------------------------
    [junit] MAJOR: 281/358 - RegressionTest242 (5ms / 4):
    [junit] MAJOR: 419276 (0 / 4 / 4) -> AVG-RTPM: 4ms
    [junit] MAJOR: Mutants killed / live: 823 (2479-814-330) / 298
    [junit] MAJOR: ------------------------------------------------------------
    [junit] MAJOR: 282/358 - RegressionTest243 (5ms / 7):
    [junit] MAJOR: 419309 (0 / 7 / 7) -> AVG-RTPM: 4ms
    [junit] MAJOR: Mutants killed / live: 823 (2483-814-330) / 298
    [junit] MAJOR: ------------------------------------------------------------
    [junit] MAJOR: 283/358 - RegressionTest245 (5ms / 38):
    [junit] MAJOR: 419489 (0 / 38 / 38) -> AVG-RTPM: 4ms
    [junit] MAJOR: Mutants killed / live: 823 (2486-826-330) / 298
    [junit] MAJOR: ------------------------------------------------------------
    [junit] MAJOR: 284/358 - RegressionTest248 (5ms / 31):
    [junit] MAJOR: 419666 (0 / 31 / 31) -> AVG-RTPM: 5ms
    [junit] MAJOR: Mutants killed / live: 823 (2490-833-330) / 298
    [junit] MAJOR: ------------------------------------------------------------
    [junit] MAJOR: 285/358 - RegressionTest252 (5ms / 25):
    [junit] MAJOR: 419815 (0 / 25 / 25) -> AVG-RTPM: 5ms
    [junit] MAJOR: Mutants killed / live: 823 (2494-843-330) / 298
    [junit] MAJOR: ------------------------------------------------------------
    [junit] MAJOR: 286/358 - RegressionTest253 (5ms / 43):
    [junit] MAJOR: 420114 (0 / 43 / 43) -> AVG-RTPM: 6ms
    [junit] MAJOR: Mutants killed / live: 823 (2510-855-331) / 298
    [junit] MAJOR: ------------------------------------------------------------
    [junit] MAJOR: 287/358 - RegressionTest258 (5ms / 7):
    [junit] MAJOR: 420177 (0 / 7 / 7) -> AVG-RTPM: 9ms
    [junit] MAJOR: Mutants killed / live: 823 (2510-855-331) / 298
    [junit] MAJOR: ------------------------------------------------------------
    [junit] MAJOR: 288/358 - RegressionTest259 (5ms / 13):
    [junit] MAJOR: 420239 (2 / 13 / 13) -> AVG-RTPM: 4ms
    [junit] MAJOR: Mutants killed / live: 825 (2517-855-331) / 296
    [junit] MAJOR: ------------------------------------------------------------
    [junit] MAJOR: 289/358 - RegressionTest264 (5ms / 23):
    [junit] MAJOR: 420345 (0 / 23 / 23) -> AVG-RTPM: 4ms
    [junit] MAJOR: Mutants killed / live: 825 (2529-855-331) / 296
    [junit] MAJOR: ------------------------------------------------------------
    [junit] MAJOR: 290/358 - RegressionTest267 (5ms / 14):
    [junit] MAJOR: 420437 (3 / 14 / 14) -> AVG-RTPM: 6ms
    [junit] MAJOR: Mutants killed / live: 828 (2537-855-331) / 293
    [junit] MAJOR: ------------------------------------------------------------
    [junit] MAJOR: 291/358 - RegressionTest271 (5ms / 41):
    [junit] MAJOR: 420625 (0 / 41 / 41) -> AVG-RTPM: 4ms
    [junit] MAJOR: Mutants killed / live: 828 (2562-855-331) / 293
    [junit] MAJOR: ------------------------------------------------------------
    [junit] MAJOR: 292/358 - RegressionTest280 (5ms / 21):
    [junit] MAJOR: 420756 (0 / 21 / 21) -> AVG-RTPM: 6ms
    [junit] MAJOR: Mutants killed / live: 828 (2570-855-331) / 293
    [junit] MAJOR: ------------------------------------------------------------
    [junit] MAJOR: 293/358 - RegressionTest282 (5ms / 58):
    [junit] MAJOR: 422066 (0 / 58 / 58) -> AVG-RTPM: 22ms
    [junit] MAJOR: Mutants killed / live: 828 (2572-870-341) / 293
    [junit] MAJOR: ------------------------------------------------------------
    [junit] MAJOR: 294/358 - RegressionTest283 (5ms / 9):
    [junit] MAJOR: 422108 (0 / 9 / 9) -> AVG-RTPM: 4ms
    [junit] MAJOR: Mutants killed / live: 828 (2576-870-341) / 293
    [junit] MAJOR: ------------------------------------------------------------
    [junit] MAJOR: 295/358 - RegressionTest287 (5ms / 20):
    [junit] MAJOR: 422232 (0 / 20 / 20) -> AVG-RTPM: 6ms
    [junit] MAJOR: Mutants killed / live: 828 (2587-870-341) / 293
    [junit] MAJOR: ------------------------------------------------------------
    [junit] MAJOR: 296/358 - RegressionTest289 (5ms / 22):
    [junit] MAJOR: 422335 (1 / 22 / 22) -> AVG-RTPM: 4ms
    [junit] MAJOR: Mutants killed / live: 829 (2600-870-341) / 292
    [junit] MAJOR: ------------------------------------------------------------
    [junit] MAJOR: 297/358 - RegressionTest290 (5ms / 182):
    [junit] MAJOR: 426987 (1 / 182 / 182) -> AVG-RTPM: 25ms
    [junit] MAJOR: Mutants killed / live: 830 (2629-893-378) / 291
    [junit] MAJOR: ------------------------------------------------------------
    [junit] MAJOR: 298/358 - RegressionTest291 (5ms / 67):
    [junit] MAJOR: 427341 (0 / 67 / 67) -> AVG-RTPM: 5ms
    [junit] MAJOR: Mutants killed / live: 830 (2644-893-378) / 291
    [junit] MAJOR: ------------------------------------------------------------
    [junit] MAJOR: 299/358 - RegressionTest292 (5ms / 11):
    [junit] MAJOR: 427396 (3 / 11 / 11) -> AVG-RTPM: 5ms
    [junit] MAJOR: Mutants killed / live: 833 (2650-893-378) / 288
    [junit] MAJOR: ------------------------------------------------------------
    [junit] MAJOR: 300/358 - RegressionTest293 (5ms / 20):
    [junit] MAJOR: 427530 (0 / 20 / 20) -> AVG-RTPM: 6ms
    [junit] MAJOR: Mutants killed / live: 833 (2660-893-378) / 288
    [junit] MAJOR: ------------------------------------------------------------
    [junit] MAJOR: 301/358 - RegressionTest295 (5ms / 64):
    [junit] MAJOR: 427866 (0 / 64 / 64) -> AVG-RTPM: 5ms
    [junit] MAJOR: Mutants killed / live: 833 (2698-893-378) / 288
    [junit] MAJOR: ------------------------------------------------------------
    [junit] MAJOR: 302/358 - RegressionTest297 (5ms / 29):
    [junit] MAJOR: 428993 (0 / 29 / 29) -> AVG-RTPM: 38ms
    [junit] MAJOR: Mutants killed / live: 833 (2699-895-388) / 288
    [junit] MAJOR: ------------------------------------------------------------
    [junit] MAJOR: 303/358 - RegressionTest298 (5ms / 27):
    [junit] MAJOR: 429177 (0 / 27 / 27) -> AVG-RTPM: 6ms
    [junit] MAJOR: Mutants killed / live: 833 (2699-895-388) / 288
    [junit] MAJOR: ------------------------------------------------------------
    [junit] MAJOR: 304/358 - RegressionTest299 (5ms / 38):
    [junit] MAJOR: 429408 (0 / 38 / 38) -> AVG-RTPM: 6ms
    [junit] MAJOR: Mutants killed / live: 833 (2705-903-388) / 288
    [junit] MAJOR: ------------------------------------------------------------
    [junit] MAJOR: 305/358 - RegressionTest3 (5ms / 4):
    [junit] MAJOR: 429427 (0 / 4 / 4) -> AVG-RTPM: 4ms
    [junit] MAJOR: Mutants killed / live: 833 (2709-903-388) / 288
    [junit] MAJOR: ------------------------------------------------------------
    [junit] MAJOR: 306/358 - RegressionTest30 (5ms / 21):
    [junit] MAJOR: 429526 (0 / 21 / 21) -> AVG-RTPM: 4ms
    [junit] MAJOR: Mutants killed / live: 833 (2717-903-388) / 288
    [junit] MAJOR: ------------------------------------------------------------
    [junit] MAJOR: 307/358 - RegressionTest302 (5ms / 9):
    [junit] MAJOR: 429568 (0 / 9 / 9) -> AVG-RTPM: 4ms
    [junit] MAJOR: Mutants killed / live: 833 (2717-903-388) / 288
    [junit] MAJOR: ------------------------------------------------------------
    [junit] MAJOR: 308/358 - RegressionTest314 (5ms / 25):
    [junit] MAJOR: 429718 (0 / 25 / 25) -> AVG-RTPM: 6ms
    [junit] MAJOR: Mutants killed / live: 833 (2721-913-388) / 288
    [junit] MAJOR: ------------------------------------------------------------
    [junit] MAJOR: 309/358 - RegressionTest315 (5ms / 13):
    [junit] MAJOR: 429780 (0 / 13 / 13) -> AVG-RTPM: 4ms
    [junit] MAJOR: Mutants killed / live: 833 (2728-913-388) / 288
    [junit] MAJOR: ------------------------------------------------------------
    [junit] MAJOR: 310/358 - RegressionTest316 (5ms / 31):
    [junit] MAJOR: 429979 (0 / 31 / 31) -> AVG-RTPM: 6ms
    [junit] MAJOR: Mutants killed / live: 833 (2732-923-388) / 288
    [junit] MAJOR: ------------------------------------------------------------
    [junit] MAJOR: 311/358 - RegressionTest317 (5ms / 64):
    [junit] MAJOR: 430241 (0 / 64 / 64) -> AVG-RTPM: 4ms
    [junit] MAJOR: Mutants killed / live: 833 (2771-923-388) / 288
    [junit] MAJOR: ------------------------------------------------------------
    [junit] MAJOR: 312/358 - RegressionTest318 (5ms / 21):
    [junit] MAJOR: 430377 (0 / 21 / 21) -> AVG-RTPM: 6ms
    [junit] MAJOR: Mutants killed / live: 833 (2778-923-388) / 288
    [junit] MAJOR: ------------------------------------------------------------
    [junit] MAJOR: 313/358 - RegressionTest319 (5ms / 7):
    [junit] MAJOR: 430410 (0 / 7 / 7) -> AVG-RTPM: 4ms
    [junit] MAJOR: Mutants killed / live: 833 (2778-923-388) / 288
    [junit] MAJOR: ------------------------------------------------------------
    [junit] MAJOR: 314/358 - RegressionTest331 (5ms / 205):
    [junit] MAJOR: 434860 (0 / 205 / 205) -> AVG-RTPM: 21ms
    [junit] MAJOR: Mutants killed / live: 833 (2811-948-422) / 288
    [junit] MAJOR: ------------------------------------------------------------
    [junit] MAJOR: 315/358 - RegressionTest34 (5ms / 25):
    [junit] MAJOR: 434976 (0 / 25 / 25) -> AVG-RTPM: 4ms
    [junit] MAJOR: Mutants killed / live: 833 (2815-958-422) / 288
    [junit] MAJOR: ------------------------------------------------------------
    [junit] MAJOR: 316/358 - RegressionTest343 (5ms / 25):
    [junit] MAJOR: 435059 (0 / 25 / 25) -> AVG-RTPM: 3ms
    [junit] MAJOR: Mutants killed / live: 833 (2819-968-422) / 288
    [junit] MAJOR: ------------------------------------------------------------
    [junit] MAJOR: 317/358 - RegressionTest344 (5ms / 20):
    [junit] MAJOR: 435152 (0 / 20 / 20) -> AVG-RTPM: 4ms
    [junit] MAJOR: Mutants killed / live: 833 (2837-968-422) / 288
    [junit] MAJOR: ------------------------------------------------------------
    [junit] MAJOR: 318/358 - RegressionTest347 (5ms / 21):
    [junit] MAJOR: 435283 (3 / 21 / 21) -> AVG-RTPM: 6ms
    [junit] MAJOR: Mutants killed / live: 836 (2845-968-422) / 285
    [junit] MAJOR: ------------------------------------------------------------
    [junit] MAJOR: 319/358 - RegressionTest348 (5ms / 21):
    [junit] MAJOR: 435381 (0 / 21 / 21) -> AVG-RTPM: 4ms
    [junit] MAJOR: Mutants killed / live: 836 (2852-968-422) / 285
    [junit] MAJOR: ------------------------------------------------------------
    [junit] MAJOR: 320/358 - RegressionTest349 (5ms / 25):
    [junit] MAJOR: 435529 (0 / 25 / 25) -> AVG-RTPM: 5ms
    [junit] MAJOR: Mutants killed / live: 836 (2855-979-422) / 285
    [junit] MAJOR: ------------------------------------------------------------
    [junit] MAJOR: 321/358 - RegressionTest352 (5ms / 203):
    [junit] MAJOR: 440021 (2 / 203 / 203) -> AVG-RTPM: 22ms
    [junit] MAJOR: Mutants killed / live: 838 (2888-979-457) / 283
    [junit] MAJOR: ------------------------------------------------------------
    [junit] MAJOR: 322/358 - RegressionTest353 (5ms / 13):
    [junit] MAJOR: 440084 (0 / 13 / 13) -> AVG-RTPM: 4ms
    [junit] MAJOR: Mutants killed / live: 838 (2895-979-457) / 283
    [junit] MAJOR: ------------------------------------------------------------
    [junit] MAJOR: 323/358 - RegressionTest37 (5ms / 11):
    [junit] MAJOR: 440134 (0 / 11 / 11) -> AVG-RTPM: 4ms
    [junit] MAJOR: Mutants killed / live: 838 (2899-979-457) / 283
    [junit] MAJOR: ------------------------------------------------------------
    [junit] MAJOR: 324/358 - RegressionTest42 (5ms / 13):
    [junit] MAJOR: 440194 (0 / 13 / 13) -> AVG-RTPM: 4ms
    [junit] MAJOR: Mutants killed / live: 838 (2906-979-457) / 283
    [junit] MAJOR: ------------------------------------------------------------
    [junit] MAJOR: 325/358 - RegressionTest46 (5ms / 7):
    [junit] MAJOR: 440226 (0 / 7 / 7) -> AVG-RTPM: 4ms
    [junit] MAJOR: Mutants killed / live: 838 (2910-979-457) / 283
    [junit] MAJOR: ------------------------------------------------------------
    [junit] MAJOR: 326/358 - RegressionTest49 (5ms / 41):
    [junit] MAJOR: 440458 (0 / 41 / 41) -> AVG-RTPM: 5ms
    [junit] MAJOR: Mutants killed / live: 838 (2920-981-457) / 283
    [junit] MAJOR: ------------------------------------------------------------
    [junit] MAJOR: 327/358 - RegressionTest51 (5ms / 13):
    [junit] MAJOR: 440556 (0 / 13 / 13) -> AVG-RTPM: 7ms
    [junit] MAJOR: Mutants killed / live: 838 (2927-981-457) / 283
    [junit] MAJOR: ------------------------------------------------------------
    [junit] MAJOR: 328/358 - RegressionTest54 (5ms / 29):
    [junit] MAJOR: 440700 (0 / 29 / 29) -> AVG-RTPM: 4ms
    [junit] MAJOR: Mutants killed / live: 838 (2930-989-457) / 283
    [junit] MAJOR: ------------------------------------------------------------
    [junit] MAJOR: 329/358 - RegressionTest6 (5ms / 11):
    [junit] MAJOR: 440752 (5 / 11 / 11) -> AVG-RTPM: 4ms
    [junit] MAJOR: Mutants killed / live: 843 (2938-989-457) / 278
    [junit] MAJOR: ------------------------------------------------------------
    [junit] MAJOR: 330/358 - RegressionTest60 (5ms / 32):
    [junit] MAJOR: 440933 (0 / 32 / 32) -> AVG-RTPM: 5ms
    [junit] MAJOR: Mutants killed / live: 843 (2940-998-457) / 278
    [junit] MAJOR: ------------------------------------------------------------
    [junit] MAJOR: 331/358 - RegressionTest61 (5ms / 4):
    [junit] MAJOR: 440952 (0 / 4 / 4) -> AVG-RTPM: 4ms
    [junit] MAJOR: Mutants killed / live: 843 (2944-998-457) / 278
    [junit] MAJOR: ------------------------------------------------------------
    [junit] MAJOR: 332/358 - RegressionTest65 (5ms / 9):
    [junit] MAJOR: 440995 (0 / 9 / 9) -> AVG-RTPM: 4ms
    [junit] MAJOR: Mutants killed / live: 843 (2944-998-457) / 278
    [junit] MAJOR: ------------------------------------------------------------
    [junit] MAJOR: 333/358 - RegressionTest66 (5ms / 4):
    [junit] MAJOR: 441014 (0 / 4 / 4) -> AVG-RTPM: 4ms
    [junit] MAJOR: Mutants killed / live: 843 (2945-998-457) / 278
    [junit] MAJOR: ------------------------------------------------------------
    [junit] MAJOR: 334/358 - RegressionTest69 (5ms / 25):
    [junit] MAJOR: 441167 (0 / 25 / 25) -> AVG-RTPM: 6ms
    [junit] MAJOR: Mutants killed / live: 843 (2948-1009-457) / 278
    [junit] MAJOR: ------------------------------------------------------------
    [junit] MAJOR: 335/358 - RegressionTest70 (5ms / 7):
    [junit] MAJOR: 441202 (0 / 7 / 7) -> AVG-RTPM: 4ms
    [junit] MAJOR: Mutants killed / live: 843 (2948-1009-457) / 278
    [junit] MAJOR: ------------------------------------------------------------
    [junit] MAJOR: 336/358 - RegressionTest71 (5ms / 22):
    [junit] MAJOR: 441307 (0 / 22 / 22) -> AVG-RTPM: 4ms
    [junit] MAJOR: Mutants killed / live: 843 (2959-1009-457) / 278
    [junit] MAJOR: ------------------------------------------------------------
    [junit] MAJOR: 337/358 - RegressionTest72 (5ms / 25):
    [junit] MAJOR: 441471 (0 / 25 / 25) -> AVG-RTPM: 6ms
    [junit] MAJOR: Mutants killed / live: 843 (2963-1019-457) / 278
    [junit] MAJOR: ------------------------------------------------------------
    [junit] MAJOR: 338/358 - RegressionTest73 (5ms / 9):
    [junit] MAJOR: 441514 (0 / 9 / 9) -> AVG-RTPM: 4ms
    [junit] MAJOR: Mutants killed / live: 843 (2963-1019-457) / 278
    [junit] MAJOR: ------------------------------------------------------------
    [junit] MAJOR: 339/358 - RegressionTest76 (5ms / 7):
    [junit] MAJOR: 441548 (0 / 7 / 7) -> AVG-RTPM: 4ms
    [junit] MAJOR: Mutants killed / live: 843 (2963-1019-457) / 278
    [junit] MAJOR: ------------------------------------------------------------
    [junit] MAJOR: 340/358 - RegressionTest78 (5ms / 22):
    [junit] MAJOR: 441686 (0 / 22 / 22) -> AVG-RTPM: 6ms
    [junit] MAJOR: Mutants killed / live: 843 (2974-1019-457) / 278
    [junit] MAJOR: ------------------------------------------------------------
    [junit] MAJOR: 341/358 - RegressionTest79 (5ms / 25):
    [junit] MAJOR: 441801 (0 / 25 / 25) -> AVG-RTPM: 4ms
    [junit] MAJOR: Mutants killed / live: 843 (2975-1031-457) / 278
    [junit] MAJOR: ------------------------------------------------------------
    [junit] MAJOR: 342/358 - RegressionTest8 (5ms / 14):
    [junit] MAJOR: 441867 (5 / 14 / 14) -> AVG-RTPM: 4ms
    [junit] MAJOR: Mutants killed / live: 848 (2984-1031-457) / 273
    [junit] MAJOR: ------------------------------------------------------------
    [junit] MAJOR: 343/358 - RegressionTest82 (5ms / 11):
    [junit] MAJOR: 441960 (0 / 11 / 11) -> AVG-RTPM: 8ms
    [junit] MAJOR: Mutants killed / live: 848 (2994-1031-457) / 273
    [junit] MAJOR: ------------------------------------------------------------
    [junit] MAJOR: 344/358 - RegressionTest83 (5ms / 150):
    [junit] MAJOR: 447044 (0 / 150 / 150) -> AVG-RTPM: 33ms
    [junit] MAJOR: Mutants killed / live: 848 (3020-1041-501) / 273
    [junit] MAJOR: ------------------------------------------------------------
    [junit] MAJOR: 345/358 - RegressionTest88 (5ms / 61):
    [junit] MAJOR: 447344 (0 / 61 / 61) -> AVG-RTPM: 4ms
    [junit] MAJOR: Mutants killed / live: 848 (3037-1049-501) / 273
    [junit] MAJOR: ------------------------------------------------------------
    [junit] MAJOR: 346/358 - RegressionTest89 (5ms / 25):
    [junit] MAJOR: 447469 (0 / 25 / 25) -> AVG-RTPM: 4ms
    [junit] MAJOR: Mutants killed / live: 848 (3041-1059-501) / 273
    [junit] MAJOR: ------------------------------------------------------------
    [junit] MAJOR: 347/358 - RegressionTest95 (5ms / 11):
    [junit] MAJOR: 447555 (0 / 11 / 11) -> AVG-RTPM: 7ms
    [junit] MAJOR: Mutants killed / live: 848 (3052-1059-501) / 273
    [junit] MAJOR: ------------------------------------------------------------
    [junit] MAJOR: 348/358 - RegressionTest97 (5ms / 196):
    [junit] MAJOR: 453109 (0 / 196 / 196) -> AVG-RTPM: 28ms
    [junit] MAJOR: Mutants killed / live: 848 (3118-1071-548) / 273
    [junit] MAJOR: ------------------------------------------------------------
    [junit] MAJOR: 349/358 - RegressionTest98 (5ms / 11):
    [junit] MAJOR: 453161 (0 / 11 / 11) -> AVG-RTPM: 4ms
    [junit] MAJOR: Mutants killed / live: 848 (3125-1071-548) / 273
    [junit] MAJOR: ------------------------------------------------------------
    [junit] MAJOR: 350/358 - RegressionTest185 (6ms / 7):
    [junit] MAJOR: 453194 (0 / 7 / 7) -> AVG-RTPM: 4ms
    [junit] MAJOR: Mutants killed / live: 848 (3129-1071-548) / 273
    [junit] MAJOR: ------------------------------------------------------------
    [junit] MAJOR: 351/358 - RegressionTest266 (6ms / 54):
    [junit] MAJOR: 453493 (0 / 54 / 54) -> AVG-RTPM: 5ms
    [junit] MAJOR: Mutants killed / live: 848 (3150-1074-548) / 273
    [junit] MAJOR: ------------------------------------------------------------
    [junit] MAJOR: 352/358 - RegressionTest288 (6ms / 64):
    [junit] MAJOR: 453806 (0 / 64 / 64) -> AVG-RTPM: 4ms
    [junit] MAJOR: Mutants killed / live: 848 (3185-1074-548) / 273
    [junit] MAJOR: ------------------------------------------------------------
    [junit] MAJOR: 353/358 - RegressionTest67 (6ms / 11):
    [junit] MAJOR: 453862 (0 / 11 / 11) -> AVG-RTPM: 5ms
    [junit] MAJOR: Mutants killed / live: 848 (3189-1074-548) / 273
    [junit] MAJOR: ------------------------------------------------------------
    [junit] MAJOR: 354/358 - RegressionTest118 (7ms / 21):
    [junit] MAJOR: 453998 (0 / 21 / 21) -> AVG-RTPM: 6ms
    [junit] MAJOR: Mutants killed / live: 848 (3197-1074-548) / 273
    [junit] MAJOR: ------------------------------------------------------------
    [junit] MAJOR: 355/358 - RegressionTest40 (7ms / 179):
    [junit] MAJOR: 455113 (32 / 179 / 179) -> AVG-RTPM: 6ms
    [junit] MAJOR: Mutants killed / live: 880 (3269-1095-550) / 241
    [junit] MAJOR: ------------------------------------------------------------
    [junit] MAJOR: 356/358 - RegressionTest294 (9ms / 27):
    [junit] MAJOR: 455276 (0 / 27 / 27) -> AVG-RTPM: 6ms
    [junit] MAJOR: Mutants killed / live: 880 (3271-1099-550) / 241
    [junit] MAJOR: ------------------------------------------------------------
    [junit] MAJOR: 357/358 - RegressionTest357 (30557ms / 21):
    [junit] MAJOR: 1156448 (0 / 21 / 21) -> AVG-RTPM: 33389ms
    [junit] MAJOR: Mutants killed / live: 880 (3282-1103-551) / 241
    [junit] MAJOR: ------------------------------------------------------------
    [junit] MAJOR: 358/358 - RegressionTest329 (48052ms / 21):
    [junit] MAJOR: 2280161 (0 / 21 / 21) -> AVG-RTPM: 53510ms
    [junit] MAJOR: Mutants killed / live: 880 (3293-1107-552) / 241
    [junit] MAJOR: ------------------------------------------------------------
    [junit] MAJOR: Summary:
    [junit] MAJOR: 
    [junit] MAJOR: Analysis time:  2280.2 seconds
    [junit] MAJOR: Mutation score: 69.46% (78.50%)
    [junit] MAJOR: Mutants killed / live: 880 (3293-1107-552) / 241
    [junit] MAJOR: Mutant executions: 10360
    [junit] MAJOR: ------------------------------------------------------------
    [junit] MAJOR: Export summary of results (to summary.csv)
    [junit] MAJOR: Export mutant kill details (to /tmp/run_mutation.pl_40461_1501737521/94f/kill.csv)
    [junit] MAJOR: Export kill map (to killMap.csv)!

BUILD SUCCESSFUL
Total time: 47 minutes 27 seconds
