
init:
     [echo] -------- commons-lang3 3.2-SNAPSHOT --------

compile:

compile.tests:
    [mkdir] Created dir: /tmp/run_mutation.pl_41386_1501506659/2f/target/tests
    [javac] Compiling 128 source files to /tmp/run_mutation.pl_41386_1501506659/2f/target/tests
    [javac] warning: [options] bootstrap class path not set in conjunction with -source 1.5
    [javac] 1 warning
     [copy] Copying 4 files to /tmp/run_mutation.pl_41386_1501506659/2f/target/tests

update.all.tests:

mutation.test:
     [echo] Running mutation analysis ...
    [junit] MAJOR: Mutation analysis enabled
    [junit] MAJOR: ------------------------------------------------------------
    [junit] MAJOR: Run 12 ordered tests to verify independence
    [junit] MAJOR: ------------------------------------------------------------
    [junit] MAJOR: Preprocessing time: 0.34 seconds
    [junit] MAJOR: ------------------------------------------------------------
    [junit] MAJOR: Mutants generated: 288
    [junit] MAJOR: Mutants covered:   115 (39.93%)
    [junit] MAJOR: ------------------------------------------------------------
    [junit] MAJOR: Export test map to (testMap.csv)
    [junit] MAJOR: Export coverage map to (covMap.csv)
    [junit] MAJOR: Exclude 0 mutants
    [junit] MAJOR: ------------------------------------------------------------
    [junit] MAJOR: Run mutation analysis with 12 individual tests
    [junit] MAJOR: ------------------------------------------------------------
    [junit] MAJOR: 1/12 - RegressionTest5 (2ms / 0):
    [junit] MAJOR: 1 (0 / 0 / 0) -> AVG-RTPM: 0ms
    [junit] MAJOR: Mutants killed / live: 0 (0-0-0) / 115
    [junit] MAJOR: ------------------------------------------------------------
    [junit] MAJOR: 2/12 - RegressionTest1 (3ms / 0):
    [junit] MAJOR: 1 (0 / 0 / 0) -> AVG-RTPM: 0ms
    [junit] MAJOR: Mutants killed / live: 0 (0-0-0) / 115
    [junit] MAJOR: ------------------------------------------------------------
    [junit] MAJOR: 3/12 - RegressionTest3 (4ms / 5):
    [junit] MAJOR: 51 (3 / 5 / 5) -> AVG-RTPM: 10ms
    [junit] MAJOR: Mutants killed / live: 3 (0-3-0) / 112
    [junit] MAJOR: ------------------------------------------------------------
    [junit] MAJOR: 4/12 - RegressionTest8 (4ms / 5):
    [junit] MAJOR: 99 (0 / 5 / 5) -> AVG-RTPM: 9ms
    [junit] MAJOR: Mutants killed / live: 3 (0-6-0) / 112
    [junit] MAJOR: ------------------------------------------------------------
    [junit] MAJOR: 5/12 - RegressionTest11 (5ms / 27):
    [junit] MAJOR: 386 (7 / 27 / 27) -> AVG-RTPM: 10ms
    [junit] MAJOR: Mutants killed / live: 10 (3-10-0) / 105
    [junit] MAJOR: ------------------------------------------------------------
    [junit] MAJOR: 6/12 - RegressionTest2 (5ms / 33):
    [junit] MAJOR: 672 (7 / 33 / 33) -> AVG-RTPM: 8ms
    [junit] MAJOR: Mutants killed / live: 17 (6-14-0) / 98
    [junit] MAJOR: ------------------------------------------------------------
    [junit] MAJOR: 7/12 - RegressionTest6 (5ms / 33):
    [junit] MAJOR: 915 (0 / 33 / 33) -> AVG-RTPM: 7ms
    [junit] MAJOR: Mutants killed / live: 17 (9-18-0) / 98
    [junit] MAJOR: ------------------------------------------------------------
    [junit] MAJOR: 8/12 - RegressionTest7 (6ms / 14):
    [junit] MAJOR: 989 (8 / 14 / 14) -> AVG-RTPM: 5ms
    [junit] MAJOR: Mutants killed / live: 25 (11-24-0) / 90
    [junit] MAJOR: ------------------------------------------------------------
    [junit] MAJOR: 9/12 - RegressionTest4 (7ms / 0):
    [junit] MAJOR: 989 (0 / 0 / 0) -> AVG-RTPM: 0ms
    [junit] MAJOR: Mutants killed / live: 25 (11-24-0) / 90
    [junit] MAJOR: ------------------------------------------------------------
    [junit] MAJOR: 10/12 - RegressionTest0 (14ms / 0):
    [junit] MAJOR: 990 (0 / 0 / 0) -> AVG-RTPM: 0ms
    [junit] MAJOR: Mutants killed / live: 25 (11-24-0) / 90
    [junit] MAJOR: ------------------------------------------------------------
    [junit] MAJOR: 11/12 - RegressionTest9 (14ms / 26):
    [junit] MAJOR: 1191 (0 / 26 / 26) -> AVG-RTPM: 7ms
    [junit] MAJOR: Mutants killed / live: 25 (14-28-0) / 90
    [junit] MAJOR: ------------------------------------------------------------
    [junit] MAJOR: 12/12 - RegressionTest10 (20ms / 50):
    [junit] MAJOR: 1560 (6 / 50 / 50) -> AVG-RTPM: 7ms
    [junit] MAJOR: Mutants killed / live: 31 (20-30-0) / 84
    [junit] MAJOR: ------------------------------------------------------------
    [junit] MAJOR: Summary:
    [junit] MAJOR: 
    [junit] MAJOR: Analysis time:  1.6 seconds
    [junit] MAJOR: Mutation score: 10.76% (26.96%)
    [junit] MAJOR: Mutants killed / live: 31 (20-30-0) / 84
    [junit] MAJOR: Mutant executions: 193
    [junit] MAJOR: ------------------------------------------------------------
    [junit] MAJOR: Export summary of results (to summary.csv)
    [junit] MAJOR: Export mutant kill details (to /tmp/run_mutation.pl_41386_1501506659/2f/kill.csv)
    [junit] MAJOR: Export kill map (to killMap.csv)!

BUILD SUCCESSFUL
Total time: 8 seconds
