
compile:
    [javac] /tmp/run_mutation.pl_53529_1483717050/100f/build.xml:51: warning: 'includeantruntime' was not set, defaulting to build.sysclasspath=last; set to false for repeatable builds
    [javac] /tmp/run_mutation.pl_53529_1483717050/100f/build.xml:56: warning: 'includeantruntime' was not set, defaulting to build.sysclasspath=last; set to false for repeatable builds

compile-tests:
    [mkdir] Created dir: /tmp/run_mutation.pl_53529_1483717050/100f/build/test
    [javac] /tmp/run_mutation.pl_53529_1483717050/100f/build.xml:99: warning: 'includeantruntime' was not set, defaulting to build.sysclasspath=last; set to false for repeatable builds
    [javac] Compiling 174 source files to /tmp/run_mutation.pl_53529_1483717050/100f/build/test

compile.tests:

update.all.tests:

mutation.test:
     [echo] Running mutation analysis ...
    [junit] MAJOR: Mutation analysis enabled
SLF4J: Failed to load class "org.slf4j.impl.StaticLoggerBinder".
SLF4J: Defaulting to no-operation (NOP) logger implementation
SLF4J: See http://www.slf4j.org/codes.html#StaticLoggerBinder for further details.
    [junit] MAJOR: ------------------------------------------------------------
    [junit] MAJOR: Run 12 ordered tests to verify independence
    [junit] MAJOR: ------------------------------------------------------------
    [junit] MAJOR: Preprocessing time: 20.96 seconds
    [junit] MAJOR: ------------------------------------------------------------
    [junit] MAJOR: Mutants generated: 204
    [junit] MAJOR: Mutants covered:   186 (91.18%)
    [junit] MAJOR: ------------------------------------------------------------
    [junit] MAJOR: Export test map to (testMap.csv)
    [junit] MAJOR: Export coverage map to (covMap.csv)
    [junit] MAJOR: Exclude 0 mutants
    [junit] MAJOR: ------------------------------------------------------------
    [junit] MAJOR: Run mutation analysis with 12 individual tests
    [junit] MAJOR: ------------------------------------------------------------
    [junit] MAJOR: 1/12 - com.google.javascript.jscomp.CheckGlobalThis_ESTest5 (25ms / 35):
    [junit] MAJOR: 39760 (9 / 35 / 35) -> AVG-RTPM: 1136ms
    [junit] MAJOR: Mutants killed / live: 9 (1-8-0) / 177
    [junit] MAJOR: ------------------------------------------------------------
    [junit] MAJOR: 2/12 - com.google.javascript.jscomp.CheckGlobalThis_ESTest7 (25ms / 17):
    [junit] MAJOR: 66817 (2 / 17 / 17) -> AVG-RTPM: 1591ms
    [junit] MAJOR: Mutants killed / live: 11 (1-10-0) / 175
    [junit] MAJOR: ------------------------------------------------------------
    [junit] MAJOR: 3/12 - com.google.javascript.jscomp.CheckGlobalThis_ESTest8 (25ms / 30):
    [junit] MAJOR: 134708 (9 / 30 / 30) -> AVG-RTPM: 2263ms
    [junit] MAJOR: Mutants killed / live: 20 (1-20-0) / 166
    [junit] MAJOR: ------------------------------------------------------------
    [junit] MAJOR: 4/12 - com.google.javascript.jscomp.CheckGlobalThis_ESTest4 (26ms / 18):
    [junit] MAJOR: 189069 (7 / 18 / 18) -> AVG-RTPM: 3020ms
    [junit] MAJOR: Mutants killed / live: 27 (2-31-0) / 159
    [junit] MAJOR: ------------------------------------------------------------
    [junit] MAJOR: 5/12 - com.google.javascript.jscomp.CheckGlobalThis_ESTest9 (26ms / 28):
    [junit] MAJOR: 296615 (9 / 28 / 28) -> AVG-RTPM: 3840ms
    [junit] MAJOR: Mutants killed / live: 36 (13-31-0) / 150
    [junit] MAJOR: ------------------------------------------------------------
    [junit] MAJOR: 6/12 - com.google.javascript.jscomp.CheckGlobalThis_ESTest10 (28ms / 30):
    [junit] MAJOR: 451527 (3 / 30 / 30) -> AVG-RTPM: 5163ms
    [junit] MAJOR: Mutants killed / live: 39 (13-44-0) / 147
    [junit] MAJOR: ------------------------------------------------------------
    [junit] MAJOR: 7/12 - com.google.javascript.jscomp.CheckGlobalThis_ESTest2 (32ms / 87):
    [junit] MAJOR: 497995 (73 / 87 / 87) -> AVG-RTPM: 534ms
    [junit] MAJOR: Mutants killed / live: 112 (13-126-1) / 74
    [junit] MAJOR: ------------------------------------------------------------
    [junit] MAJOR: 8/12 - com.google.javascript.jscomp.CheckGlobalThis_ESTest11 (35ms / 49):
    [junit] MAJOR: 502805 (27 / 49 / 49) -> AVG-RTPM: 98ms
    [junit] MAJOR: Mutants killed / live: 139 (13-175-1) / 47
    [junit] MAJOR: ------------------------------------------------------------
    [junit] MAJOR: 9/12 - com.google.javascript.jscomp.CheckGlobalThis_ESTest3 (42ms / 94):
    [junit] MAJOR: 513071 (7 / 94 / 94) -> AVG-RTPM: 109ms
    [junit] MAJOR: Mutants killed / live: 146 (13-269-1) / 40
    [junit] MAJOR: ------------------------------------------------------------
    [junit] MAJOR: 10/12 - com.google.javascript.jscomp.CheckGlobalThis_ESTest6 (52ms / 32):
    [junit] MAJOR: 517494 (7 / 32 / 32) -> AVG-RTPM: 138ms
    [junit] MAJOR: Mutants killed / live: 153 (13-301-1) / 33
    [junit] MAJOR: ------------------------------------------------------------
    [junit] MAJOR: 11/12 - com.google.javascript.jscomp.CheckGlobalThis_ESTest1 (68ms / 77):
    [junit] MAJOR: 525639 (22 / 77 / 77) -> AVG-RTPM: 105ms
    [junit] MAJOR: Mutants killed / live: 175 (13-378-1) / 11
    [junit] MAJOR: ------------------------------------------------------------
    [junit] MAJOR: 12/12 - com.google.javascript.jscomp.CheckGlobalThis_ESTest0 (91ms / 133):
    [junit] MAJOR: 545322 (0 / 133 / 133) -> AVG-RTPM: 147ms
    [junit] MAJOR: Mutants killed / live: 175 (13-511-1) / 11
    [junit] MAJOR: ------------------------------------------------------------
    [junit] MAJOR: Summary:
    [junit] MAJOR: 
    [junit] MAJOR: Analysis time:  545.3 seconds
    [junit] MAJOR: Mutation score: 85.78% (94.09%)
    [junit] MAJOR: Mutants killed / live: 175 (13-511-1) / 11
    [junit] MAJOR: Mutant executions: 630
    [junit] MAJOR: ------------------------------------------------------------
    [junit] MAJOR: Export summary of results (to summary.csv)
    [junit] MAJOR: Export mutant kill details (to /tmp/run_mutation.pl_53529_1483717050/100f/kill.csv)
    [junit] MAJOR: Export kill map (to killMap.csv)!

BUILD SUCCESSFUL
Total time: 9 minutes 33 seconds
