
compile:
    [javac] /tmp/run_mutation.pl_66288_1501774717/100f/build.xml:51: warning: 'includeantruntime' was not set, defaulting to build.sysclasspath=last; set to false for repeatable builds
    [javac] /tmp/run_mutation.pl_66288_1501774717/100f/build.xml:56: warning: 'includeantruntime' was not set, defaulting to build.sysclasspath=last; set to false for repeatable builds

compile-tests:
    [mkdir] Created dir: /tmp/run_mutation.pl_66288_1501774717/100f/build/test
    [javac] /tmp/run_mutation.pl_66288_1501774717/100f/build.xml:99: warning: 'includeantruntime' was not set, defaulting to build.sysclasspath=last; set to false for repeatable builds
    [javac] Compiling 174 source files to /tmp/run_mutation.pl_66288_1501774717/100f/build/test

compile.tests:

update.all.tests:

mutation.test:
     [echo] Running mutation analysis ...
    [junit] MAJOR: Mutation analysis enabled
SLF4J: Failed to load class "org.slf4j.impl.StaticLoggerBinder".
SLF4J: Defaulting to no-operation (NOP) logger implementation
SLF4J: See http://www.slf4j.org/codes.html#StaticLoggerBinder for further details.
    [junit] MAJOR: ------------------------------------------------------------
    [junit] MAJOR: Run 9 ordered tests to verify independence
    [junit] MAJOR: ------------------------------------------------------------
    [junit] MAJOR: Preprocessing time: 22.91 seconds
    [junit] MAJOR: ------------------------------------------------------------
    [junit] MAJOR: Mutants generated: 204
    [junit] MAJOR: Mutants covered:   173 (84.80%)
    [junit] MAJOR: ------------------------------------------------------------
    [junit] MAJOR: Export test map to (testMap.csv)
    [junit] MAJOR: Export coverage map to (covMap.csv)
    [junit] MAJOR: Exclude 0 mutants
    [junit] MAJOR: ------------------------------------------------------------
    [junit] MAJOR: Run mutation analysis with 9 individual tests
    [junit] MAJOR: ------------------------------------------------------------
    [junit] MAJOR: 1/9 - com.google.javascript.jscomp.CheckGlobalThis_ESTest2 (34ms / 133):
    [junit] MAJOR: 378300 (24 / 133 / 133) -> AVG-RTPM: 2844ms
    [junit] MAJOR: Mutants killed / live: 24 (10-14-0) / 149
    [junit] MAJOR: ------------------------------------------------------------
    [junit] MAJOR: 2/9 - com.google.javascript.jscomp.CheckGlobalThis_ESTest1 (42ms / 87):
    [junit] MAJOR: 668922 (55 / 87 / 87) -> AVG-RTPM: 3340ms
    [junit] MAJOR: Mutants killed / live: 79 (26-65-0) / 94
    [junit] MAJOR: ------------------------------------------------------------
    [junit] MAJOR: 3/9 - com.google.javascript.jscomp.CheckGlobalThis_ESTest6 (51ms / 17):
    [junit] MAJOR: 671031 (17 / 17 / 17) -> AVG-RTPM: 124ms
    [junit] MAJOR: Mutants killed / live: 96 (26-82-0) / 77
    [junit] MAJOR: ------------------------------------------------------------
    [junit] MAJOR: 4/9 - com.google.javascript.jscomp.CheckGlobalThis_ESTest7 (55ms / 30):
    [junit] MAJOR: 674892 (13 / 30 / 30) -> AVG-RTPM: 128ms
    [junit] MAJOR: Mutants killed / live: 109 (26-112-0) / 64
    [junit] MAJOR: ------------------------------------------------------------
    [junit] MAJOR: 5/9 - com.google.javascript.jscomp.CheckGlobalThis_ESTest0 (60ms / 91):
    [junit] MAJOR: 686820 (38 / 91 / 91) -> AVG-RTPM: 131ms
    [junit] MAJOR: Mutants killed / live: 147 (26-203-0) / 26
    [junit] MAJOR: ------------------------------------------------------------
    [junit] MAJOR: 6/9 - com.google.javascript.jscomp.CheckGlobalThis_ESTest8 (61ms / 30):
    [junit] MAJOR: 690420 (0 / 30 / 30) -> AVG-RTPM: 120ms
    [junit] MAJOR: Mutants killed / live: 147 (26-233-0) / 26
    [junit] MAJOR: ------------------------------------------------------------
    [junit] MAJOR: 7/9 - com.google.javascript.jscomp.CheckGlobalThis_ESTest4 (70ms / 35):
    [junit] MAJOR: 694884 (10 / 35 / 35) -> AVG-RTPM: 127ms
    [junit] MAJOR: Mutants killed / live: 157 (26-268-0) / 16
    [junit] MAJOR: ------------------------------------------------------------
    [junit] MAJOR: 8/9 - com.google.javascript.jscomp.CheckGlobalThis_ESTest3 (72ms / 18):
    [junit] MAJOR: 697080 (0 / 18 / 18) -> AVG-RTPM: 122ms
    [junit] MAJOR: Mutants killed / live: 157 (26-286-0) / 16
    [junit] MAJOR: ------------------------------------------------------------
    [junit] MAJOR: 9/9 - com.google.javascript.jscomp.CheckGlobalThis_ESTest5 (80ms / 36):
    [junit] MAJOR: 701723 (2 / 36 / 36) -> AVG-RTPM: 128ms
    [junit] MAJOR: Mutants killed / live: 159 (26-322-0) / 14
    [junit] MAJOR: ------------------------------------------------------------
    [junit] MAJOR: Summary:
    [junit] MAJOR: 
    [junit] MAJOR: Analysis time:  701.7 seconds
    [junit] MAJOR: Mutation score: 77.94% (91.91%)
    [junit] MAJOR: Mutants killed / live: 159 (26-322-0) / 14
    [junit] MAJOR: Mutant executions: 477
    [junit] MAJOR: ------------------------------------------------------------
    [junit] MAJOR: Export summary of results (to summary.csv)
    [junit] MAJOR: Export mutant kill details (to /tmp/run_mutation.pl_66288_1501774717/100f/kill.csv)
    [junit] MAJOR: Export kill map (to killMap.csv)!

BUILD SUCCESSFUL
Total time: 12 minutes 14 seconds
