
compile:
    [javac] /tmp/run_mutation.pl_61073_1483717625/103f/build.xml:52: warning: 'includeantruntime' was not set, defaulting to build.sysclasspath=last; set to false for repeatable builds
    [javac] /tmp/run_mutation.pl_61073_1483717625/103f/build.xml:57: warning: 'includeantruntime' was not set, defaulting to build.sysclasspath=last; set to false for repeatable builds

compile-tests:
    [mkdir] Created dir: /tmp/run_mutation.pl_61073_1483717625/103f/build/test
    [javac] /tmp/run_mutation.pl_61073_1483717625/103f/build.xml:116: warning: 'includeantruntime' was not set, defaulting to build.sysclasspath=last; set to false for repeatable builds
    [javac] Compiling 162 source files to /tmp/run_mutation.pl_61073_1483717625/103f/build/test

compile.tests:

update.all.tests:

mutation.test:
     [echo] Running mutation analysis ...
    [junit] MAJOR: Mutation analysis enabled
SLF4J: Failed to load class "org.slf4j.impl.StaticLoggerBinder".
SLF4J: Defaulting to no-operation (NOP) logger implementation
SLF4J: See http://www.slf4j.org/codes.html#StaticLoggerBinder for further details.
    [junit] MAJOR: ------------------------------------------------------------
    [junit] MAJOR: Run 42 ordered tests to verify independence
    [junit] MAJOR: ------------------------------------------------------------
    [junit] MAJOR: Preprocessing time: 92.04 seconds
    [junit] MAJOR: ------------------------------------------------------------
    [junit] MAJOR: Mutants generated: 1104
    [junit] MAJOR: Mutants covered:   468 (42.39%)
    [junit] MAJOR: ------------------------------------------------------------
    [junit] MAJOR: Export test map to (testMap.csv)
    [junit] MAJOR: Export coverage map to (covMap.csv)
    [junit] MAJOR: Exclude 0 mutants
    [junit] MAJOR: ------------------------------------------------------------
    [junit] MAJOR: Run mutation analysis with 42 individual tests
    [junit] MAJOR: ------------------------------------------------------------
    [junit] MAJOR: 1/42 - com.google.javascript.jscomp.ControlFlowAnalysis_ESTest5 (28ms / 3):
    [junit] MAJOR: 4896 (2 / 3 / 3) -> AVG-RTPM: 1632ms
    [junit] MAJOR: Mutants killed / live: 2 (2-0-0) / 466
    [junit] MAJOR: ------------------------------------------------------------
    [junit] MAJOR: 2/42 - com.google.javascript.jscomp.ControlFlowAnalysis_ESTest13 (29ms / 44):
    [junit] MAJOR: 120812 (4 / 44 / 44) -> AVG-RTPM: 2634ms
    [junit] MAJOR: Mutants killed / live: 6 (6-0-0) / 462
    [junit] MAJOR: ------------------------------------------------------------
    [junit] MAJOR: 3/42 - com.google.javascript.jscomp.ControlFlowAnalysis_ESTest25 (29ms / 61):
    [junit] MAJOR: 414811 (15 / 61 / 61) -> AVG-RTPM: 4819ms
    [junit] MAJOR: Mutants killed / live: 21 (6-15-0) / 447
    [junit] MAJOR: ------------------------------------------------------------
    [junit] MAJOR: 4/42 - com.google.javascript.jscomp.ControlFlowAnalysis_ESTest29 (29ms / 0):
    [junit] MAJOR: 414812 (0 / 0 / 0) -> AVG-RTPM: 0ms
    [junit] MAJOR: Mutants killed / live: 21 (6-15-0) / 447
    [junit] MAJOR: ------------------------------------------------------------
    [junit] MAJOR: 5/42 - com.google.javascript.jscomp.ControlFlowAnalysis_ESTest15 (30ms / 33):
    [junit] MAJOR: 459286 (20 / 33 / 33) -> AVG-RTPM: 1347ms
    [junit] MAJOR: Mutants killed / live: 41 (6-43-0) / 427
    [junit] MAJOR: ------------------------------------------------------------
    [junit] MAJOR: 6/42 - com.google.javascript.jscomp.ControlFlowAnalysis_ESTest4 (30ms / 103):
    [junit] MAJOR: 480526 (70 / 103 / 103) -> AVG-RTPM: 206ms
    [junit] MAJOR: Mutants killed / live: 111 (6-146-0) / 357
    [junit] MAJOR: ------------------------------------------------------------
    [junit] MAJOR: 7/42 - com.google.javascript.jscomp.ControlFlowAnalysis_ESTest8 (30ms / 18):
    [junit] MAJOR: 483224 (9 / 18 / 18) -> AVG-RTPM: 149ms
    [junit] MAJOR: Mutants killed / live: 120 (6-164-0) / 348
    [junit] MAJOR: ------------------------------------------------------------
    [junit] MAJOR: 8/42 - com.google.javascript.jscomp.ControlFlowAnalysis_ESTest16 (31ms / 40):
    [junit] MAJOR: 489250 (7 / 40 / 40) -> AVG-RTPM: 150ms
    [junit] MAJOR: Mutants killed / live: 127 (6-204-0) / 341
    [junit] MAJOR: ------------------------------------------------------------
    [junit] MAJOR: 9/42 - com.google.javascript.jscomp.ControlFlowAnalysis_ESTest21 (31ms / 29):
    [junit] MAJOR: 493071 (27 / 29 / 29) -> AVG-RTPM: 131ms
    [junit] MAJOR: Mutants killed / live: 154 (6-233-0) / 314
    [junit] MAJOR: ------------------------------------------------------------
    [junit] MAJOR: 10/42 - com.google.javascript.jscomp.ControlFlowAnalysis_ESTest23 (31ms / 113):
    [junit] MAJOR: 509099 (21 / 113 / 113) -> AVG-RTPM: 141ms
    [junit] MAJOR: Mutants killed / live: 175 (6-346-0) / 293
    [junit] MAJOR: ------------------------------------------------------------
    [junit] MAJOR: 11/42 - com.google.javascript.jscomp.ControlFlowAnalysis_ESTest7 (31ms / 21):
    [junit] MAJOR: 511681 (3 / 21 / 21) -> AVG-RTPM: 122ms
    [junit] MAJOR: Mutants killed / live: 178 (6-367-0) / 290
    [junit] MAJOR: ------------------------------------------------------------
    [junit] MAJOR: 12/42 - com.google.javascript.jscomp.DisambiguateProperties_ESTest0 (31ms / 2):
    [junit] MAJOR: 511902 (2 / 2 / 2) -> AVG-RTPM: 110ms
    [junit] MAJOR: Mutants killed / live: 180 (6-369-0) / 288
    [junit] MAJOR: ------------------------------------------------------------
    [junit] MAJOR: 13/42 - com.google.javascript.jscomp.DisambiguateProperties_ESTest6 (31ms / 4):
    [junit] MAJOR: 512476 (4 / 4 / 4) -> AVG-RTPM: 143ms
    [junit] MAJOR: Mutants killed / live: 184 (6-373-0) / 284
    [junit] MAJOR: ------------------------------------------------------------
    [junit] MAJOR: 14/42 - com.google.javascript.jscomp.ControlFlowAnalysis_ESTest10 (32ms / 27):
    [junit] MAJOR: 516213 (8 / 27 / 27) -> AVG-RTPM: 138ms
    [junit] MAJOR: Mutants killed / live: 192 (6-400-0) / 276
    [junit] MAJOR: ------------------------------------------------------------
    [junit] MAJOR: 15/42 - com.google.javascript.jscomp.DisambiguateProperties_ESTest3 (32ms / 10):
    [junit] MAJOR: 517424 (9 / 10 / 10) -> AVG-RTPM: 121ms
    [junit] MAJOR: Mutants killed / live: 201 (6-410-0) / 267
    [junit] MAJOR: ------------------------------------------------------------
    [junit] MAJOR: 16/42 - com.google.javascript.jscomp.ControlFlowAnalysis_ESTest12 (33ms / 47):
    [junit] MAJOR: 524311 (34 / 47 / 47) -> AVG-RTPM: 146ms
    [junit] MAJOR: Mutants killed / live: 235 (6-457-0) / 233
    [junit] MAJOR: ------------------------------------------------------------
    [junit] MAJOR: 17/42 - com.google.javascript.jscomp.ControlFlowAnalysis_ESTest19 (33ms / 152):
    [junit] MAJOR: 545272 (67 / 152 / 152) -> AVG-RTPM: 137ms
    [junit] MAJOR: Mutants killed / live: 302 (6-609-0) / 166
    [junit] MAJOR: ------------------------------------------------------------
    [junit] MAJOR: 18/42 - com.google.javascript.jscomp.ControlFlowAnalysis_ESTest2 (33ms / 58):
    [junit] MAJOR: 553385 (2 / 58 / 58) -> AVG-RTPM: 139ms
    [junit] MAJOR: Mutants killed / live: 304 (6-667-0) / 164
    [junit] MAJOR: ------------------------------------------------------------
    [junit] MAJOR: 19/42 - com.google.javascript.jscomp.ControlFlowAnalysis_ESTest26 (33ms / 106):
    [junit] MAJOR: 568446 (0 / 106 / 106) -> AVG-RTPM: 142ms
    [junit] MAJOR: Mutants killed / live: 304 (6-773-0) / 164
    [junit] MAJOR: ------------------------------------------------------------
    [junit] MAJOR: 20/42 - com.google.javascript.jscomp.ControlFlowAnalysis_ESTest27 (33ms / 106):
    [junit] MAJOR: 582639 (0 / 106 / 106) -> AVG-RTPM: 133ms
    [junit] MAJOR: Mutants killed / live: 304 (6-879-0) / 164
    [junit] MAJOR: ------------------------------------------------------------
    [junit] MAJOR: 21/42 - com.google.javascript.jscomp.DisambiguateProperties_ESTest2 (35ms / 32):
    [junit] MAJOR: 587553 (31 / 32 / 32) -> AVG-RTPM: 153ms
    [junit] MAJOR: Mutants killed / live: 335 (6-911-0) / 133
    [junit] MAJOR: ------------------------------------------------------------
    [junit] MAJOR: 22/42 - com.google.javascript.jscomp.ControlFlowAnalysis_ESTest30 (36ms / 1):
    [junit] MAJOR: 587640 (1 / 1 / 1) -> AVG-RTPM: 87ms
    [junit] MAJOR: Mutants killed / live: 336 (6-912-0) / 132
    [junit] MAJOR: ------------------------------------------------------------
    [junit] MAJOR: 23/42 - com.google.javascript.jscomp.DisambiguateProperties_ESTest1 (39ms / 42):
    [junit] MAJOR: 593331 (40 / 42 / 42) -> AVG-RTPM: 135ms
    [junit] MAJOR: Mutants killed / live: 376 (6-954-0) / 92
    [junit] MAJOR: ------------------------------------------------------------
    [junit] MAJOR: 24/42 - com.google.javascript.jscomp.DisambiguateProperties_ESTest9 (42ms / 7):
    [junit] MAJOR: 594523 (6 / 7 / 7) -> AVG-RTPM: 170ms
    [junit] MAJOR: Mutants killed / live: 382 (6-961-0) / 86
    [junit] MAJOR: ------------------------------------------------------------
    [junit] MAJOR: 25/42 - com.google.javascript.jscomp.ControlFlowAnalysis_ESTest28 (45ms / 173):
    [junit] MAJOR: 625104 (19 / 173 / 173) -> AVG-RTPM: 176ms
    [junit] MAJOR: Mutants killed / live: 401 (6-1134-0) / 67
    [junit] MAJOR: ------------------------------------------------------------
    [junit] MAJOR: 26/42 - com.google.javascript.jscomp.ControlFlowAnalysis_ESTest31 (46ms / 1):
    [junit] MAJOR: 625214 (0 / 1 / 1) -> AVG-RTPM: 110ms
    [junit] MAJOR: Mutants killed / live: 401 (6-1135-0) / 67
    [junit] MAJOR: ------------------------------------------------------------
    [junit] MAJOR: 27/42 - com.google.javascript.jscomp.ControlFlowAnalysis_ESTest6 (55ms / 18):
    [junit] MAJOR: 627790 (5 / 18 / 18) -> AVG-RTPM: 143ms
    [junit] MAJOR: Mutants killed / live: 406 (6-1153-0) / 62
    [junit] MAJOR: ------------------------------------------------------------
    [junit] MAJOR: 28/42 - com.google.javascript.jscomp.DisambiguateProperties_ESTest5 (57ms / 4):
    [junit] MAJOR: 628380 (0 / 4 / 4) -> AVG-RTPM: 147ms
    [junit] MAJOR: Mutants killed / live: 406 (6-1157-0) / 62
    [junit] MAJOR: ------------------------------------------------------------
    [junit] MAJOR: 29/42 - com.google.javascript.jscomp.DisambiguateProperties_ESTest8 (59ms / 23):
    [junit] MAJOR: 631899 (1 / 23 / 23) -> AVG-RTPM: 153ms
    [junit] MAJOR: Mutants killed / live: 407 (6-1180-0) / 61
    [junit] MAJOR: ------------------------------------------------------------
    [junit] MAJOR: 30/42 - com.google.javascript.jscomp.ControlFlowAnalysis_ESTest24 (60ms / 89):
    [junit] MAJOR: 644919 (0 / 89 / 89) -> AVG-RTPM: 146ms
    [junit] MAJOR: Mutants killed / live: 407 (6-1269-0) / 61
    [junit] MAJOR: ------------------------------------------------------------
    [junit] MAJOR: 31/42 - com.google.javascript.jscomp.ControlFlowAnalysis_ESTest3 (67ms / 85):
    [junit] MAJOR: 656502 (11 / 85 / 85) -> AVG-RTPM: 136ms
    [junit] MAJOR: Mutants killed / live: 418 (6-1354-0) / 50
    [junit] MAJOR: ------------------------------------------------------------
    [junit] MAJOR: 32/42 - com.google.javascript.jscomp.ControlFlowAnalysis_ESTest14 (69ms / 89):
    [junit] MAJOR: 668951 (0 / 89 / 89) -> AVG-RTPM: 139ms
    [junit] MAJOR: Mutants killed / live: 418 (6-1443-0) / 50
    [junit] MAJOR: ------------------------------------------------------------
    [junit] MAJOR: 33/42 - com.google.javascript.jscomp.ControlFlowAnalysis_ESTest20 (71ms / 45):
    [junit] MAJOR: 675362 (0 / 45 / 45) -> AVG-RTPM: 142ms
    [junit] MAJOR: Mutants killed / live: 418 (6-1488-0) / 50
    [junit] MAJOR: ------------------------------------------------------------
    [junit] MAJOR: 34/42 - com.google.javascript.jscomp.ControlFlowAnalysis_ESTest32 (77ms / 0):
    [junit] MAJOR: 675362 (0 / 0 / 0) -> AVG-RTPM: 0ms
    [junit] MAJOR: Mutants killed / live: 418 (6-1488-0) / 50
    [junit] MAJOR: ------------------------------------------------------------
    [junit] MAJOR: 35/42 - com.google.javascript.jscomp.DisambiguateProperties_ESTest4 (79ms / 38):
    [junit] MAJOR: 680710 (22 / 38 / 38) -> AVG-RTPM: 140ms
    [junit] MAJOR: Mutants killed / live: 440 (6-1526-0) / 28
    [junit] MAJOR: ------------------------------------------------------------
    [junit] MAJOR: 36/42 - com.google.javascript.jscomp.ControlFlowAnalysis_ESTest1 (82ms / 118):
    [junit] MAJOR: 698247 (5 / 118 / 118) -> AVG-RTPM: 148ms
    [junit] MAJOR: Mutants killed / live: 445 (6-1644-0) / 23
    [junit] MAJOR: ------------------------------------------------------------
    [junit] MAJOR: 37/42 - com.google.javascript.jscomp.ControlFlowAnalysis_ESTest17 (85ms / 106):
    [junit] MAJOR: 714906 (3 / 106 / 106) -> AVG-RTPM: 157ms
    [junit] MAJOR: Mutants killed / live: 448 (6-1750-0) / 20
    [junit] MAJOR: ------------------------------------------------------------
    [junit] MAJOR: 38/42 - com.google.javascript.jscomp.ControlFlowAnalysis_ESTest9 (87ms / 76):
    [junit] MAJOR: 725450 (9 / 76 / 76) -> AVG-RTPM: 138ms
    [junit] MAJOR: Mutants killed / live: 457 (6-1826-0) / 11
    [junit] MAJOR: ------------------------------------------------------------
    [junit] MAJOR: 39/42 - com.google.javascript.jscomp.ControlFlowAnalysis_ESTest18 (106ms / 113):
    [junit] MAJOR: 742005 (0 / 113 / 113) -> AVG-RTPM: 146ms
    [junit] MAJOR: Mutants killed / live: 457 (6-1939-0) / 11
    [junit] MAJOR: ------------------------------------------------------------
    [junit] MAJOR: 40/42 - com.google.javascript.jscomp.ControlFlowAnalysis_ESTest11 (108ms / 97):
    [junit] MAJOR: 756330 (7 / 97 / 97) -> AVG-RTPM: 147ms
    [junit] MAJOR: Mutants killed / live: 464 (6-2036-0) / 4
    [junit] MAJOR: ------------------------------------------------------------
    [junit] MAJOR: 41/42 - com.google.javascript.jscomp.ControlFlowAnalysis_ESTest0 (110ms / 68):
    [junit] MAJOR: 766012 (3 / 68 / 68) -> AVG-RTPM: 142ms
    [junit] MAJOR: Mutants killed / live: 467 (6-2104-0) / 1
    [junit] MAJOR: ------------------------------------------------------------
    [junit] MAJOR: 42/42 - com.google.javascript.jscomp.DisambiguateProperties_ESTest7 (113ms / 3):
    [junit] MAJOR: 766336 (0 / 3 / 3) -> AVG-RTPM: 108ms
    [junit] MAJOR: Mutants killed / live: 467 (6-2107-0) / 1
    [junit] MAJOR: ------------------------------------------------------------
    [junit] MAJOR: Summary:
    [junit] MAJOR: 
    [junit] MAJOR: Analysis time:  766.3 seconds
    [junit] MAJOR: Mutation score: 42.30% (99.79%)
    [junit] MAJOR: Mutants killed / live: 467 (6-2107-0) / 1
    [junit] MAJOR: Mutant executions: 2205
    [junit] MAJOR: ------------------------------------------------------------
    [junit] MAJOR: Export summary of results (to summary.csv)
    [junit] MAJOR: Export mutant kill details (to /tmp/run_mutation.pl_61073_1483717625/103f/kill.csv)
    [junit] MAJOR: Export kill map (to killMap.csv)!

BUILD SUCCESSFUL
Total time: 14 minutes 23 seconds
