
compile:
    [javac] /tmp/run_mutation.pl_73186_1501824503/104f/build.xml:52: warning: 'includeantruntime' was not set, defaulting to build.sysclasspath=last; set to false for repeatable builds
    [javac] /tmp/run_mutation.pl_73186_1501824503/104f/build.xml:57: warning: 'includeantruntime' was not set, defaulting to build.sysclasspath=last; set to false for repeatable builds

compile-tests:
    [mkdir] Created dir: /tmp/run_mutation.pl_73186_1501824503/104f/build/test
    [javac] /tmp/run_mutation.pl_73186_1501824503/104f/build.xml:116: warning: 'includeantruntime' was not set, defaulting to build.sysclasspath=last; set to false for repeatable builds
    [javac] Compiling 162 source files to /tmp/run_mutation.pl_73186_1501824503/104f/build/test

compile.tests:

update.all.tests:

mutation.test:
     [echo] Running mutation analysis ...
    [junit] MAJOR: Mutation analysis enabled
SLF4J: Failed to load class "org.slf4j.impl.StaticLoggerBinder".
SLF4J: Defaulting to no-operation (NOP) logger implementation
SLF4J: See http://www.slf4j.org/codes.html#StaticLoggerBinder for further details.
    [junit] MAJOR: ------------------------------------------------------------
    [junit] MAJOR: Run 46 ordered tests to verify independence
    [junit] MAJOR: ------------------------------------------------------------
    [junit] MAJOR: Preprocessing time: 48.60 seconds
    [junit] MAJOR: ------------------------------------------------------------
    [junit] MAJOR: Mutants generated: 147
    [junit] MAJOR: Mutants covered:   146 (99.32%)
    [junit] MAJOR: ------------------------------------------------------------
    [junit] MAJOR: Export test map to (testMap.csv)
    [junit] MAJOR: Export coverage map to (covMap.csv)
    [junit] MAJOR: Exclude 0 mutants
    [junit] MAJOR: ------------------------------------------------------------
    [junit] MAJOR: Run mutation analysis with 46 individual tests
    [junit] MAJOR: ------------------------------------------------------------
    [junit] MAJOR: 1/46 - com.google.javascript.rhino.jstype.UnionType_ESTest21 (12ms / 11):
    [junit] MAJOR: 8400 (1 / 11 / 11) -> AVG-RTPM: 763ms
    [junit] MAJOR: Mutants killed / live: 1 (0-1-0) / 145
    [junit] MAJOR: ------------------------------------------------------------
    [junit] MAJOR: 2/46 - com.google.javascript.rhino.jstype.UnionType_ESTest3 (12ms / 4):
    [junit] MAJOR: 12118 (2 / 4 / 4) -> AVG-RTPM: 929ms
    [junit] MAJOR: Mutants killed / live: 3 (2-2-0) / 143
    [junit] MAJOR: ------------------------------------------------------------
    [junit] MAJOR: 3/46 - com.google.javascript.rhino.jstype.UnionType_ESTest31 (12ms / 8):
    [junit] MAJOR: 19608 (2 / 8 / 8) -> AVG-RTPM: 936ms
    [junit] MAJOR: Mutants killed / live: 5 (2-5-0) / 141
    [junit] MAJOR: ------------------------------------------------------------
    [junit] MAJOR: 4/46 - com.google.javascript.rhino.jstype.UnionType_ESTest33 (12ms / 9):
    [junit] MAJOR: 30042 (0 / 9 / 9) -> AVG-RTPM: 1159ms
    [junit] MAJOR: Mutants killed / live: 5 (2-6-0) / 141
    [junit] MAJOR: ------------------------------------------------------------
    [junit] MAJOR: 5/46 - com.google.javascript.rhino.jstype.UnionType_ESTest18 (16ms / 9):
    [junit] MAJOR: 41035 (1 / 9 / 9) -> AVG-RTPM: 1221ms
    [junit] MAJOR: Mutants killed / live: 6 (3-7-0) / 140
    [junit] MAJOR: ------------------------------------------------------------
    [junit] MAJOR: 6/46 - com.google.javascript.rhino.jstype.UnionType_ESTest19 (16ms / 4):
    [junit] MAJOR: 47112 (0 / 4 / 4) -> AVG-RTPM: 1519ms
    [junit] MAJOR: Mutants killed / live: 6 (3-8-0) / 140
    [junit] MAJOR: ------------------------------------------------------------
    [junit] MAJOR: 7/46 - com.google.javascript.rhino.jstype.UnionType_ESTest28 (16ms / 3):
    [junit] MAJOR: 51269 (1 / 3 / 3) -> AVG-RTPM: 1385ms
    [junit] MAJOR: Mutants killed / live: 7 (4-9-0) / 139
    [junit] MAJOR: ------------------------------------------------------------
    [junit] MAJOR: 8/46 - com.google.javascript.rhino.jstype.UnionType_ESTest7 (16ms / 4):
    [junit] MAJOR: 57713 (2 / 4 / 4) -> AVG-RTPM: 1611ms
    [junit] MAJOR: Mutants killed / live: 9 (6-10-0) / 137
    [junit] MAJOR: ------------------------------------------------------------
    [junit] MAJOR: 9/46 - com.google.javascript.rhino.jstype.UnionType_ESTest2 (17ms / 4):
    [junit] MAJOR: 63492 (2 / 4 / 4) -> AVG-RTPM: 1444ms
    [junit] MAJOR: Mutants killed / live: 11 (8-11-0) / 135
    [junit] MAJOR: ------------------------------------------------------------
    [junit] MAJOR: 10/46 - com.google.javascript.rhino.jstype.UnionType_ESTest29 (17ms / 1):
    [junit] MAJOR: 65380 (0 / 1 / 1) -> AVG-RTPM: 1888ms
    [junit] MAJOR: Mutants killed / live: 11 (8-12-0) / 135
    [junit] MAJOR: ------------------------------------------------------------
    [junit] MAJOR: 11/46 - com.google.javascript.rhino.jstype.UnionType_ESTest4 (17ms / 4):
    [junit] MAJOR: 72229 (2 / 4 / 4) -> AVG-RTPM: 1712ms
    [junit] MAJOR: Mutants killed / live: 13 (10-13-0) / 133
    [junit] MAJOR: ------------------------------------------------------------
    [junit] MAJOR: 12/46 - com.google.javascript.rhino.jstype.UnionType_ESTest20 (18ms / 11):
    [junit] MAJOR: 91616 (0 / 11 / 11) -> AVG-RTPM: 1762ms
    [junit] MAJOR: Mutants killed / live: 13 (10-14-0) / 133
    [junit] MAJOR: ------------------------------------------------------------
    [junit] MAJOR: 13/46 - com.google.javascript.rhino.jstype.UnionType_ESTest32 (18ms / 9):
    [junit] MAJOR: 109472 (0 / 9 / 9) -> AVG-RTPM: 1984ms
    [junit] MAJOR: Mutants killed / live: 13 (10-15-0) / 133
    [junit] MAJOR: ------------------------------------------------------------
    [junit] MAJOR: 14/46 - com.google.javascript.rhino.jstype.UnionType_ESTest34 (18ms / 11):
    [junit] MAJOR: 133608 (10 / 11 / 11) -> AVG-RTPM: 2194ms
    [junit] MAJOR: Mutants killed / live: 23 (20-16-0) / 123
    [junit] MAJOR: ------------------------------------------------------------
    [junit] MAJOR: 15/46 - com.google.javascript.rhino.jstype.UnionType_ESTest41 (18ms / 7):
    [junit] MAJOR: 150519 (4 / 7 / 7) -> AVG-RTPM: 2415ms
    [junit] MAJOR: Mutants killed / live: 27 (20-21-0) / 119
    [junit] MAJOR: ------------------------------------------------------------
    [junit] MAJOR: 16/46 - com.google.javascript.rhino.jstype.UnionType_ESTest9 (18ms / 11):
    [junit] MAJOR: 178250 (0 / 11 / 11) -> AVG-RTPM: 2521ms
    [junit] MAJOR: Mutants killed / live: 27 (20-22-0) / 119
    [junit] MAJOR: ------------------------------------------------------------
    [junit] MAJOR: 17/46 - com.google.javascript.rhino.jstype.UnionType_ESTest40 (19ms / 12):
    [junit] MAJOR: 211601 (0 / 12 / 12) -> AVG-RTPM: 2779ms
    [junit] MAJOR: Mutants killed / live: 27 (20-23-0) / 119
    [junit] MAJOR: ------------------------------------------------------------
    [junit] MAJOR: 18/46 - com.google.javascript.rhino.jstype.UnionType_ESTest44 (19ms / 9):
    [junit] MAJOR: 239347 (0 / 9 / 9) -> AVG-RTPM: 3082ms
    [junit] MAJOR: Mutants killed / live: 27 (20-24-0) / 119
    [junit] MAJOR: ------------------------------------------------------------
    [junit] MAJOR: 19/46 - com.google.javascript.rhino.jstype.UnionType_ESTest11 (20ms / 4):
    [junit] MAJOR: 251328 (2 / 4 / 4) -> AVG-RTPM: 2995ms
    [junit] MAJOR: Mutants killed / live: 29 (22-25-0) / 117
    [junit] MAJOR: ------------------------------------------------------------
    [junit] MAJOR: 20/46 - com.google.javascript.rhino.jstype.UnionType_ESTest42 (21ms / 12):
    [junit] MAJOR: 292174 (0 / 12 / 12) -> AVG-RTPM: 3403ms
    [junit] MAJOR: Mutants killed / live: 29 (22-26-0) / 117
    [junit] MAJOR: ------------------------------------------------------------
    [junit] MAJOR: 21/46 - com.google.javascript.rhino.jstype.UnionType_ESTest8 (22ms / 15):
    [junit] MAJOR: 348145 (7 / 15 / 15) -> AVG-RTPM: 3731ms
    [junit] MAJOR: Mutants killed / live: 36 (22-34-0) / 110
    [junit] MAJOR: ------------------------------------------------------------
    [junit] MAJOR: 22/46 - com.google.javascript.rhino.jstype.UnionType_ESTest1 (24ms / 2):
    [junit] MAJOR: 356292 (0 / 2 / 2) -> AVG-RTPM: 4073ms
    [junit] MAJOR: Mutants killed / live: 36 (22-35-0) / 110
    [junit] MAJOR: ------------------------------------------------------------
    [junit] MAJOR: 23/46 - com.google.javascript.rhino.jstype.UnionType_ESTest10 (26ms / 8):
    [junit] MAJOR: 388377 (1 / 8 / 8) -> AVG-RTPM: 4010ms
    [junit] MAJOR: Mutants killed / live: 37 (23-36-0) / 109
    [junit] MAJOR: ------------------------------------------------------------
    [junit] MAJOR: 24/46 - com.google.javascript.rhino.jstype.UnionType_ESTest43 (27ms / 9):
    [junit] MAJOR: 419278 (7 / 9 / 9) -> AVG-RTPM: 3433ms
    [junit] MAJOR: Mutants killed / live: 44 (23-43-1) / 102
    [junit] MAJOR: ------------------------------------------------------------
    [junit] MAJOR: 25/46 - com.google.javascript.rhino.jstype.UnionType_ESTest39 (29ms / 5):
    [junit] MAJOR: 420203 (4 / 5 / 5) -> AVG-RTPM: 185ms
    [junit] MAJOR: Mutants killed / live: 48 (23-48-1) / 98
    [junit] MAJOR: ------------------------------------------------------------
    [junit] MAJOR: 26/46 - com.google.javascript.rhino.jstype.UnionType_ESTest17 (31ms / 4):
    [junit] MAJOR: 421370 (3 / 4 / 4) -> AVG-RTPM: 291ms
    [junit] MAJOR: Mutants killed / live: 51 (23-52-1) / 95
    [junit] MAJOR: ------------------------------------------------------------
    [junit] MAJOR: 27/46 - com.google.javascript.rhino.jstype.UnionType_ESTest16 (35ms / 4):
    [junit] MAJOR: 422520 (1 / 4 / 4) -> AVG-RTPM: 287ms
    [junit] MAJOR: Mutants killed / live: 52 (23-56-1) / 94
    [junit] MAJOR: ------------------------------------------------------------
    [junit] MAJOR: 28/46 - com.google.javascript.rhino.jstype.UnionType_ESTest23 (36ms / 8):
    [junit] MAJOR: 424121 (7 / 8 / 8) -> AVG-RTPM: 200ms
    [junit] MAJOR: Mutants killed / live: 59 (23-64-1) / 87
    [junit] MAJOR: ------------------------------------------------------------
    [junit] MAJOR: 29/46 - com.google.javascript.rhino.jstype.UnionType_ESTest38 (36ms / 5):
    [junit] MAJOR: 425445 (0 / 5 / 5) -> AVG-RTPM: 264ms
    [junit] MAJOR: Mutants killed / live: 59 (23-69-1) / 87
    [junit] MAJOR: ------------------------------------------------------------
    [junit] MAJOR: 30/46 - com.google.javascript.rhino.jstype.UnionType_ESTest22 (38ms / 14):
    [junit] MAJOR: 429745 (9 / 14 / 14) -> AVG-RTPM: 307ms
    [junit] MAJOR: Mutants killed / live: 68 (23-83-1) / 78
    [junit] MAJOR: ------------------------------------------------------------
    [junit] MAJOR: 31/46 - com.google.javascript.rhino.jstype.UnionType_ESTest45 (39ms / 8):
    [junit] MAJOR: 432651 (7 / 8 / 8) -> AVG-RTPM: 363ms
    [junit] MAJOR: Mutants killed / live: 75 (23-91-1) / 71
    [junit] MAJOR: ------------------------------------------------------------
    [junit] MAJOR: 32/46 - com.google.javascript.rhino.jstype.UnionType_ESTest5 (42ms / 4):
    [junit] MAJOR: 433509 (2 / 4 / 4) -> AVG-RTPM: 214ms
    [junit] MAJOR: Mutants killed / live: 77 (23-95-1) / 69
    [junit] MAJOR: ------------------------------------------------------------
    [junit] MAJOR: 33/46 - com.google.javascript.rhino.jstype.UnionType_ESTest36 (44ms / 2):
    [junit] MAJOR: 433992 (1 / 2 / 2) -> AVG-RTPM: 242ms
    [junit] MAJOR: Mutants killed / live: 78 (23-97-1) / 68
    [junit] MAJOR: ------------------------------------------------------------
    [junit] MAJOR: 34/46 - com.google.javascript.rhino.jstype.UnionType_ESTest0 (45ms / 1):
    [junit] MAJOR: 434292 (0 / 1 / 1) -> AVG-RTPM: 299ms
    [junit] MAJOR: Mutants killed / live: 78 (23-98-1) / 68
    [junit] MAJOR: ------------------------------------------------------------
    [junit] MAJOR: 35/46 - com.google.javascript.rhino.jstype.UnionType_ESTest15 (45ms / 10):
    [junit] MAJOR: 437285 (8 / 10 / 10) -> AVG-RTPM: 299ms
    [junit] MAJOR: Mutants killed / live: 86 (23-108-1) / 60
    [junit] MAJOR: ------------------------------------------------------------
    [junit] MAJOR: 36/46 - com.google.javascript.rhino.jstype.UnionType_ESTest13 (47ms / 2):
    [junit] MAJOR: 437642 (1 / 2 / 2) -> AVG-RTPM: 179ms
    [junit] MAJOR: Mutants killed / live: 87 (23-110-1) / 59
    [junit] MAJOR: ------------------------------------------------------------
    [junit] MAJOR: 37/46 - com.google.javascript.rhino.jstype.UnionType_ESTest6 (47ms / 4):
    [junit] MAJOR: 438380 (2 / 4 / 4) -> AVG-RTPM: 184ms
    [junit] MAJOR: Mutants killed / live: 89 (23-114-1) / 57
    [junit] MAJOR: ------------------------------------------------------------
    [junit] MAJOR: 38/46 - com.google.javascript.rhino.jstype.UnionType_ESTest12 (48ms / 4):
    [junit] MAJOR: 439717 (2 / 4 / 4) -> AVG-RTPM: 334ms
    [junit] MAJOR: Mutants killed / live: 91 (23-118-1) / 55
    [junit] MAJOR: ------------------------------------------------------------
    [junit] MAJOR: 39/46 - com.google.javascript.rhino.jstype.UnionType_ESTest46 (50ms / 11):
    [junit] MAJOR: 442496 (10 / 11 / 11) -> AVG-RTPM: 252ms
    [junit] MAJOR: Mutants killed / live: 101 (23-129-1) / 45
    [junit] MAJOR: ------------------------------------------------------------
    [junit] MAJOR: 40/46 - com.google.javascript.rhino.jstype.UnionType_ESTest27 (52ms / 17):
    [junit] MAJOR: 448225 (5 / 17 / 17) -> AVG-RTPM: 337ms
    [junit] MAJOR: Mutants killed / live: 106 (23-146-1) / 40
    [junit] MAJOR: ------------------------------------------------------------
    [junit] MAJOR: 41/46 - com.google.javascript.rhino.jstype.UnionType_ESTest35 (54ms / 4):
    [junit] MAJOR: 449123 (3 / 4 / 4) -> AVG-RTPM: 224ms
    [junit] MAJOR: Mutants killed / live: 109 (23-150-1) / 37
    [junit] MAJOR: ------------------------------------------------------------
    [junit] MAJOR: 42/46 - com.google.javascript.rhino.jstype.UnionType_ESTest14 (55ms / 13):
    [junit] MAJOR: 452806 (1 / 13 / 13) -> AVG-RTPM: 283ms
    [junit] MAJOR: Mutants killed / live: 110 (23-163-1) / 36
    [junit] MAJOR: ------------------------------------------------------------
    [junit] MAJOR: 43/46 - com.google.javascript.rhino.jstype.UnionType_ESTest25 (56ms / 20):
    [junit] MAJOR: 458240 (0 / 20 / 20) -> AVG-RTPM: 271ms
    [junit] MAJOR: Mutants killed / live: 110 (23-183-1) / 36
    [junit] MAJOR: ------------------------------------------------------------
    [junit] MAJOR: 44/46 - com.google.javascript.rhino.jstype.UnionType_ESTest26 (62ms / 21):
    [junit] MAJOR: 465124 (2 / 21 / 21) -> AVG-RTPM: 327ms
    [junit] MAJOR: Mutants killed / live: 112 (23-204-1) / 34
    [junit] MAJOR: ------------------------------------------------------------
    [junit] MAJOR: 45/46 - com.google.javascript.rhino.jstype.UnionType_ESTest24 (71ms / 11):
    [junit] MAJOR: 467932 (0 / 11 / 11) -> AVG-RTPM: 255ms
    [junit] MAJOR: Mutants killed / live: 112 (23-215-1) / 34
    [junit] MAJOR: ------------------------------------------------------------
    [junit] MAJOR: 46/46 - com.google.javascript.rhino.jstype.UnionType_ESTest37 (72ms / 2):
    [junit] MAJOR: 468371 (0 / 2 / 2) -> AVG-RTPM: 219ms
    [junit] MAJOR: Mutants killed / live: 112 (23-217-1) / 34
    [junit] MAJOR: ------------------------------------------------------------
    [junit] MAJOR: Summary:
    [junit] MAJOR: 
    [junit] MAJOR: Analysis time:  468.4 seconds
    [junit] MAJOR: Mutation score: 76.19% (76.71%)
    [junit] MAJOR: Mutants killed / live: 112 (23-217-1) / 34
    [junit] MAJOR: Mutant executions: 355
    [junit] MAJOR: ------------------------------------------------------------
    [junit] MAJOR: Export summary of results (to summary.csv)
    [junit] MAJOR: Export mutant kill details (to /tmp/run_mutation.pl_73186_1501824503/104f/kill.csv)
    [junit] MAJOR: Export kill map (to killMap.csv)!

BUILD SUCCESSFUL
Total time: 8 minutes 48 seconds
