
compile:
    [javac] /tmp/run_mutation.pl_99273_1501427493/104f/build.xml:52: warning: 'includeantruntime' was not set, defaulting to build.sysclasspath=last; set to false for repeatable builds
    [javac] /tmp/run_mutation.pl_99273_1501427493/104f/build.xml:57: warning: 'includeantruntime' was not set, defaulting to build.sysclasspath=last; set to false for repeatable builds

compile-tests:
    [mkdir] Created dir: /tmp/run_mutation.pl_99273_1501427493/104f/build/test
    [javac] /tmp/run_mutation.pl_99273_1501427493/104f/build.xml:116: warning: 'includeantruntime' was not set, defaulting to build.sysclasspath=last; set to false for repeatable builds
    [javac] Compiling 162 source files to /tmp/run_mutation.pl_99273_1501427493/104f/build/test

compile.tests:

update.all.tests:

mutation.test:
     [echo] Running mutation analysis ...
    [junit] MAJOR: Mutation analysis enabled
SLF4J: Failed to load class "org.slf4j.impl.StaticLoggerBinder".
SLF4J: Defaulting to no-operation (NOP) logger implementation
SLF4J: See http://www.slf4j.org/codes.html#StaticLoggerBinder for further details.
    [junit] MAJOR: ------------------------------------------------------------
    [junit] MAJOR: Run 41 ordered tests to verify independence
    [junit] MAJOR: ------------------------------------------------------------
    [junit] MAJOR: Preprocessing time: 27.13 seconds
    [junit] MAJOR: ------------------------------------------------------------
    [junit] MAJOR: Mutants generated: 147
    [junit] MAJOR: Mutants covered:   147 (100.00%)
    [junit] MAJOR: ------------------------------------------------------------
    [junit] MAJOR: Export test map to (testMap.csv)
    [junit] MAJOR: Export coverage map to (covMap.csv)
    [junit] MAJOR: Exclude 0 mutants
    [junit] MAJOR: ------------------------------------------------------------
    [junit] MAJOR: Run mutation analysis with 41 individual tests
    [junit] MAJOR: ------------------------------------------------------------
    [junit] MAJOR: 1/41 - com.google.javascript.rhino.jstype.UnionType_ESTest2 (10ms / 2):
    [junit] MAJOR: 1264 (1 / 2 / 2) -> AVG-RTPM: 632ms
    [junit] MAJOR: Mutants killed / live: 1 (1-0-0) / 146
    [junit] MAJOR: ------------------------------------------------------------
    [junit] MAJOR: 2/41 - com.google.javascript.rhino.jstype.UnionType_ESTest38 (11ms / 9):
    [junit] MAJOR: 5371 (1 / 9 / 9) -> AVG-RTPM: 456ms
    [junit] MAJOR: Mutants killed / live: 2 (1-1-0) / 145
    [junit] MAJOR: ------------------------------------------------------------
    [junit] MAJOR: 3/41 - com.google.javascript.rhino.jstype.UnionType_ESTest39 (11ms / 8):
    [junit] MAJOR: 10143 (2 / 8 / 8) -> AVG-RTPM: 596ms
    [junit] MAJOR: Mutants killed / live: 4 (1-4-0) / 143
    [junit] MAJOR: ------------------------------------------------------------
    [junit] MAJOR: 4/41 - com.google.javascript.rhino.jstype.UnionType_ESTest4 (11ms / 4):
    [junit] MAJOR: 12926 (2 / 4 / 4) -> AVG-RTPM: 695ms
    [junit] MAJOR: Mutants killed / live: 6 (3-5-0) / 141
    [junit] MAJOR: ------------------------------------------------------------
    [junit] MAJOR: 5/41 - com.google.javascript.rhino.jstype.UnionType_ESTest20 (12ms / 3):
    [junit] MAJOR: 14617 (0 / 3 / 3) -> AVG-RTPM: 563ms
    [junit] MAJOR: Mutants killed / live: 6 (3-6-0) / 141
    [junit] MAJOR: ------------------------------------------------------------
    [junit] MAJOR: 6/41 - com.google.javascript.rhino.jstype.UnionType_ESTest27 (12ms / 1):
    [junit] MAJOR: 15675 (0 / 1 / 1) -> AVG-RTPM: 1058ms
    [junit] MAJOR: Mutants killed / live: 6 (3-7-0) / 141
    [junit] MAJOR: ------------------------------------------------------------
    [junit] MAJOR: 7/41 - com.google.javascript.rhino.jstype.UnionType_ESTest29 (12ms / 9):
    [junit] MAJOR: 22469 (5 / 9 / 9) -> AVG-RTPM: 754ms
    [junit] MAJOR: Mutants killed / live: 11 (3-13-0) / 136
    [junit] MAJOR: ------------------------------------------------------------
    [junit] MAJOR: 8/41 - com.google.javascript.rhino.jstype.UnionType_ESTest31 (12ms / 9):
    [junit] MAJOR: 29283 (0 / 9 / 9) -> AVG-RTPM: 757ms
    [junit] MAJOR: Mutants killed / live: 11 (3-14-0) / 136
    [junit] MAJOR: ------------------------------------------------------------
    [junit] MAJOR: 9/41 - com.google.javascript.rhino.jstype.UnionType_ESTest40 (12ms / 10):
    [junit] MAJOR: 38676 (0 / 10 / 10) -> AVG-RTPM: 939ms
    [junit] MAJOR: Mutants killed / live: 11 (3-15-0) / 136
    [junit] MAJOR: ------------------------------------------------------------
    [junit] MAJOR: 10/41 - com.google.javascript.rhino.jstype.UnionType_ESTest41 (12ms / 11):
    [junit] MAJOR: 49588 (0 / 11 / 11) -> AVG-RTPM: 992ms
    [junit] MAJOR: Mutants killed / live: 11 (3-16-0) / 136
    [junit] MAJOR: ------------------------------------------------------------
    [junit] MAJOR: 11/41 - com.google.javascript.rhino.jstype.UnionType_ESTest17 (13ms / 4):
    [junit] MAJOR: 52173 (2 / 4 / 4) -> AVG-RTPM: 646ms
    [junit] MAJOR: Mutants killed / live: 13 (5-17-0) / 134
    [junit] MAJOR: ------------------------------------------------------------
    [junit] MAJOR: 12/41 - com.google.javascript.rhino.jstype.UnionType_ESTest18 (13ms / 4):
    [junit] MAJOR: 55763 (2 / 4 / 4) -> AVG-RTPM: 897ms
    [junit] MAJOR: Mutants killed / live: 15 (7-18-0) / 132
    [junit] MAJOR: ------------------------------------------------------------
    [junit] MAJOR: 13/41 - com.google.javascript.rhino.jstype.UnionType_ESTest19 (13ms / 5):
    [junit] MAJOR: 61088 (0 / 5 / 5) -> AVG-RTPM: 1065ms
    [junit] MAJOR: Mutants killed / live: 15 (7-19-0) / 132
    [junit] MAJOR: ------------------------------------------------------------
    [junit] MAJOR: 14/41 - com.google.javascript.rhino.jstype.UnionType_ESTest26 (13ms / 8):
    [junit] MAJOR: 70343 (3 / 8 / 8) -> AVG-RTPM: 1156ms
    [junit] MAJOR: Mutants killed / live: 18 (10-20-0) / 129
    [junit] MAJOR: ------------------------------------------------------------
    [junit] MAJOR: 15/41 - com.google.javascript.rhino.jstype.UnionType_ESTest3 (13ms / 4):
    [junit] MAJOR: 75633 (2 / 4 / 4) -> AVG-RTPM: 1322ms
    [junit] MAJOR: Mutants killed / live: 20 (12-21-0) / 127
    [junit] MAJOR: ------------------------------------------------------------
    [junit] MAJOR: 16/41 - com.google.javascript.rhino.jstype.UnionType_ESTest16 (14ms / 11):
    [junit] MAJOR: 91558 (2 / 11 / 11) -> AVG-RTPM: 1447ms
    [junit] MAJOR: Mutants killed / live: 22 (12-24-0) / 125
    [junit] MAJOR: ------------------------------------------------------------
    [junit] MAJOR: 17/41 - com.google.javascript.rhino.jstype.UnionType_ESTest34 (14ms / 5):
    [junit] MAJOR: 100089 (0 / 5 / 5) -> AVG-RTPM: 1706ms
    [junit] MAJOR: Mutants killed / live: 22 (12-25-0) / 125
    [junit] MAJOR: ------------------------------------------------------------
    [junit] MAJOR: 18/41 - com.google.javascript.rhino.jstype.UnionType_ESTest35 (14ms / 5):
    [junit] MAJOR: 108407 (1 / 5 / 5) -> AVG-RTPM: 1663ms
    [junit] MAJOR: Mutants killed / live: 23 (13-26-0) / 124
    [junit] MAJOR: ------------------------------------------------------------
    [junit] MAJOR: 19/41 - com.google.javascript.rhino.jstype.UnionType_ESTest5 (14ms / 4):
    [junit] MAJOR: 115188 (2 / 4 / 4) -> AVG-RTPM: 1695ms
    [junit] MAJOR: Mutants killed / live: 25 (15-27-0) / 122
    [junit] MAJOR: ------------------------------------------------------------
    [junit] MAJOR: 20/41 - com.google.javascript.rhino.jstype.UnionType_ESTest10 (15ms / 16):
    [junit] MAJOR: 145524 (7 / 16 / 16) -> AVG-RTPM: 1896ms
    [junit] MAJOR: Mutants killed / live: 32 (15-35-0) / 115
    [junit] MAJOR: ------------------------------------------------------------
    [junit] MAJOR: 21/41 - com.google.javascript.rhino.jstype.UnionType_ESTest23 (15ms / 25):
    [junit] MAJOR: 202945 (0 / 25 / 25) -> AVG-RTPM: 2296ms
    [junit] MAJOR: Mutants killed / live: 32 (15-36-0) / 115
    [junit] MAJOR: ------------------------------------------------------------
    [junit] MAJOR: 22/41 - com.google.javascript.rhino.jstype.UnionType_ESTest30 (15ms / 11):
    [junit] MAJOR: 232859 (1 / 11 / 11) -> AVG-RTPM: 2719ms
    [junit] MAJOR: Mutants killed / live: 33 (17-36-0) / 114
    [junit] MAJOR: ------------------------------------------------------------
    [junit] MAJOR: 23/41 - com.google.javascript.rhino.jstype.UnionType_ESTest33 (15ms / 2):
    [junit] MAJOR: 238634 (1 / 2 / 2) -> AVG-RTPM: 2887ms
    [junit] MAJOR: Mutants killed / live: 34 (17-38-0) / 113
    [junit] MAJOR: ------------------------------------------------------------
    [junit] MAJOR: 24/41 - com.google.javascript.rhino.jstype.UnionType_ESTest7 (15ms / 4):
    [junit] MAJOR: 249935 (2 / 4 / 4) -> AVG-RTPM: 2825ms
    [junit] MAJOR: Mutants killed / live: 36 (19-39-0) / 111
    [junit] MAJOR: ------------------------------------------------------------
    [junit] MAJOR: 25/41 - com.google.javascript.rhino.jstype.UnionType_ESTest1 (16ms / 1):
    [junit] MAJOR: 252925 (0 / 1 / 1) -> AVG-RTPM: 2989ms
    [junit] MAJOR: Mutants killed / live: 36 (19-40-0) / 111
    [junit] MAJOR: ------------------------------------------------------------
    [junit] MAJOR: 26/41 - com.google.javascript.rhino.jstype.UnionType_ESTest21 (16ms / 14):
    [junit] MAJOR: 282343 (5 / 14 / 14) -> AVG-RTPM: 2101ms
    [junit] MAJOR: Mutants killed / live: 41 (19-47-0) / 106
    [junit] MAJOR: ------------------------------------------------------------
    [junit] MAJOR: 27/41 - com.google.javascript.rhino.jstype.UnionType_ESTest25 (16ms / 16):
    [junit] MAJOR: 284056 (15 / 16 / 16) -> AVG-RTPM: 107ms
    [junit] MAJOR: Mutants killed / live: 56 (19-63-0) / 91
    [junit] MAJOR: ------------------------------------------------------------
    [junit] MAJOR: 28/41 - com.google.javascript.rhino.jstype.UnionType_ESTest32 (17ms / 11):
    [junit] MAJOR: 286005 (10 / 11 / 11) -> AVG-RTPM: 177ms
    [junit] MAJOR: Mutants killed / live: 66 (19-74-0) / 81
    [junit] MAJOR: ------------------------------------------------------------
    [junit] MAJOR: 29/41 - com.google.javascript.rhino.jstype.UnionType_ESTest22 (27ms / 13):
    [junit] MAJOR: 287916 (8 / 13 / 13) -> AVG-RTPM: 146ms
    [junit] MAJOR: Mutants killed / live: 74 (19-87-0) / 73
    [junit] MAJOR: ------------------------------------------------------------
    [junit] MAJOR: 30/41 - com.google.javascript.rhino.jstype.UnionType_ESTest0 (29ms / 3):
    [junit] MAJOR: 288756 (0 / 3 / 3) -> AVG-RTPM: 280ms
    [junit] MAJOR: Mutants killed / live: 74 (19-90-0) / 73
    [junit] MAJOR: ------------------------------------------------------------
    [junit] MAJOR: 31/41 - com.google.javascript.rhino.jstype.UnionType_ESTest6 (30ms / 4):
    [junit] MAJOR: 289188 (2 / 4 / 4) -> AVG-RTPM: 107ms
    [junit] MAJOR: Mutants killed / live: 76 (19-94-0) / 71
    [junit] MAJOR: ------------------------------------------------------------
    [junit] MAJOR: 32/41 - com.google.javascript.rhino.jstype.UnionType_ESTest8 (32ms / 4):
    [junit] MAJOR: 289747 (2 / 4 / 4) -> AVG-RTPM: 139ms
    [junit] MAJOR: Mutants killed / live: 78 (19-98-0) / 69
    [junit] MAJOR: ------------------------------------------------------------
    [junit] MAJOR: 33/41 - com.google.javascript.rhino.jstype.UnionType_ESTest11 (34ms / 8):
    [junit] MAJOR: 291350 (4 / 8 / 8) -> AVG-RTPM: 200ms
    [junit] MAJOR: Mutants killed / live: 82 (19-106-0) / 65
    [junit] MAJOR: ------------------------------------------------------------
    [junit] MAJOR: 34/41 - com.google.javascript.rhino.jstype.UnionType_ESTest9 (34ms / 11):
    [junit] MAJOR: 292856 (6 / 11 / 11) -> AVG-RTPM: 136ms
    [junit] MAJOR: Mutants killed / live: 88 (19-117-0) / 59
    [junit] MAJOR: ------------------------------------------------------------
    [junit] MAJOR: 35/41 - com.google.javascript.rhino.jstype.UnionType_ESTest36 (36ms / 12):
    [junit] MAJOR: 295114 (8 / 12 / 12) -> AVG-RTPM: 188ms
    [junit] MAJOR: Mutants killed / live: 96 (19-129-0) / 51
    [junit] MAJOR: ------------------------------------------------------------
    [junit] MAJOR: 36/41 - com.google.javascript.rhino.jstype.UnionType_ESTest37 (37ms / 12):
    [junit] MAJOR: 297368 (8 / 12 / 12) -> AVG-RTPM: 187ms
    [junit] MAJOR: Mutants killed / live: 104 (19-141-0) / 43
    [junit] MAJOR: ------------------------------------------------------------
    [junit] MAJOR: 37/41 - com.google.javascript.rhino.jstype.UnionType_ESTest13 (38ms / 4):
    [junit] MAJOR: 298188 (3 / 4 / 4) -> AVG-RTPM: 205ms
    [junit] MAJOR: Mutants killed / live: 107 (19-145-0) / 40
    [junit] MAJOR: ------------------------------------------------------------
    [junit] MAJOR: 38/41 - com.google.javascript.rhino.jstype.UnionType_ESTest24 (39ms / 9):
    [junit] MAJOR: 299680 (4 / 9 / 9) -> AVG-RTPM: 165ms
    [junit] MAJOR: Mutants killed / live: 111 (19-154-0) / 36
    [junit] MAJOR: ------------------------------------------------------------
    [junit] MAJOR: 39/41 - com.google.javascript.rhino.jstype.UnionType_ESTest15 (49ms / 25):
    [junit] MAJOR: 305591 (5 / 25 / 25) -> AVG-RTPM: 236ms
    [junit] MAJOR: Mutants killed / live: 116 (19-179-0) / 31
    [junit] MAJOR: ------------------------------------------------------------
    [junit] MAJOR: 40/41 - com.google.javascript.rhino.jstype.UnionType_ESTest12 (51ms / 5):
    [junit] MAJOR: 307004 (1 / 5 / 5) -> AVG-RTPM: 282ms
    [junit] MAJOR: Mutants killed / live: 117 (19-184-0) / 30
    [junit] MAJOR: ------------------------------------------------------------
    [junit] MAJOR: 41/41 - com.google.javascript.rhino.jstype.UnionType_ESTest14 (101ms / 4):
    [junit] MAJOR: 307478 (1 / 4 / 4) -> AVG-RTPM: 118ms
    [junit] MAJOR: Mutants killed / live: 118 (19-188-0) / 29
    [junit] MAJOR: ------------------------------------------------------------
    [junit] MAJOR: Summary:
    [junit] MAJOR: 
    [junit] MAJOR: Analysis time:  307.5 seconds
    [junit] MAJOR: Mutation score: 80.27% (80.27%)
    [junit] MAJOR: Mutants killed / live: 118 (19-188-0) / 29
    [junit] MAJOR: Mutant executions: 330
    [junit] MAJOR: ------------------------------------------------------------
    [junit] MAJOR: Export summary of results (to summary.csv)
    [junit] MAJOR: Export mutant kill details (to /tmp/run_mutation.pl_99273_1501427493/104f/kill.csv)
    [junit] MAJOR: Export kill map (to killMap.csv)!

BUILD SUCCESSFUL
Total time: 5 minutes 42 seconds
