
compile:
    [javac] /tmp/run_mutation.pl_62061_1483717688/104f/build.xml:52: warning: 'includeantruntime' was not set, defaulting to build.sysclasspath=last; set to false for repeatable builds
    [javac] /tmp/run_mutation.pl_62061_1483717688/104f/build.xml:57: warning: 'includeantruntime' was not set, defaulting to build.sysclasspath=last; set to false for repeatable builds

compile-tests:
    [mkdir] Created dir: /tmp/run_mutation.pl_62061_1483717688/104f/build/test
    [javac] /tmp/run_mutation.pl_62061_1483717688/104f/build.xml:116: warning: 'includeantruntime' was not set, defaulting to build.sysclasspath=last; set to false for repeatable builds
    [javac] Compiling 162 source files to /tmp/run_mutation.pl_62061_1483717688/104f/build/test

compile.tests:

update.all.tests:

mutation.test:
     [echo] Running mutation analysis ...
    [junit] MAJOR: Mutation analysis enabled
SLF4J: Failed to load class "org.slf4j.impl.StaticLoggerBinder".
SLF4J: Defaulting to no-operation (NOP) logger implementation
SLF4J: See http://www.slf4j.org/codes.html#StaticLoggerBinder for further details.
    [junit] MAJOR: ------------------------------------------------------------
    [junit] MAJOR: Run 47 ordered tests to verify independence
    [junit] MAJOR: ------------------------------------------------------------
    [junit] MAJOR: Preprocessing time: 26.97 seconds
    [junit] MAJOR: ------------------------------------------------------------
    [junit] MAJOR: Mutants generated: 147
    [junit] MAJOR: Mutants covered:   147 (100.00%)
    [junit] MAJOR: ------------------------------------------------------------
    [junit] MAJOR: Export test map to (testMap.csv)
    [junit] MAJOR: Export coverage map to (covMap.csv)
    [junit] MAJOR: Exclude 0 mutants
    [junit] MAJOR: ------------------------------------------------------------
    [junit] MAJOR: Run mutation analysis with 47 individual tests
    [junit] MAJOR: ------------------------------------------------------------
    [junit] MAJOR: 1/47 - com.google.javascript.rhino.jstype.UnionType_ESTest3 (10ms / 2):
    [junit] MAJOR: 844 (1 / 2 / 2) -> AVG-RTPM: 422ms
    [junit] MAJOR: Mutants killed / live: 1 (1-0-0) / 146
    [junit] MAJOR: ------------------------------------------------------------
    [junit] MAJOR: 2/47 - com.google.javascript.rhino.jstype.UnionType_ESTest16 (11ms / 4):
    [junit] MAJOR: 2519 (3 / 4 / 4) -> AVG-RTPM: 418ms
    [junit] MAJOR: Mutants killed / live: 4 (3-1-0) / 143
    [junit] MAJOR: ------------------------------------------------------------
    [junit] MAJOR: 3/47 - com.google.javascript.rhino.jstype.UnionType_ESTest2 (11ms / 1):
    [junit] MAJOR: 2866 (0 / 1 / 1) -> AVG-RTPM: 347ms
    [junit] MAJOR: Mutants killed / live: 4 (3-2-0) / 143
    [junit] MAJOR: ------------------------------------------------------------
    [junit] MAJOR: 4/47 - com.google.javascript.rhino.jstype.UnionType_ESTest21 (11ms / 16):
    [junit] MAJOR: 11884 (7 / 16 / 16) -> AVG-RTPM: 563ms
    [junit] MAJOR: Mutants killed / live: 11 (3-10-0) / 136
    [junit] MAJOR: ------------------------------------------------------------
    [junit] MAJOR: 5/47 - com.google.javascript.rhino.jstype.UnionType_ESTest22 (11ms / 10):
    [junit] MAJOR: 18097 (0 / 10 / 10) -> AVG-RTPM: 621ms
    [junit] MAJOR: Mutants killed / live: 11 (3-11-0) / 136
    [junit] MAJOR: ------------------------------------------------------------
    [junit] MAJOR: 6/47 - com.google.javascript.rhino.jstype.UnionType_ESTest23 (11ms / 12):
    [junit] MAJOR: 27092 (1 / 12 / 12) -> AVG-RTPM: 749ms
    [junit] MAJOR: Mutants killed / live: 12 (3-13-0) / 135
    [junit] MAJOR: ------------------------------------------------------------
    [junit] MAJOR: 7/47 - com.google.javascript.rhino.jstype.UnionType_ESTest30 (11ms / 1):
    [junit] MAJOR: 27881 (0 / 1 / 1) -> AVG-RTPM: 789ms
    [junit] MAJOR: Mutants killed / live: 12 (3-14-0) / 135
    [junit] MAJOR: ------------------------------------------------------------
    [junit] MAJOR: 8/47 - com.google.javascript.rhino.jstype.UnionType_ESTest31 (11ms / 8):
    [junit] MAJOR: 34738 (2 / 8 / 8) -> AVG-RTPM: 857ms
    [junit] MAJOR: Mutants killed / live: 14 (3-17-0) / 133
    [junit] MAJOR: ------------------------------------------------------------
    [junit] MAJOR: 9/47 - com.google.javascript.rhino.jstype.UnionType_ESTest33 (11ms / 9):
    [junit] MAJOR: 42987 (3 / 9 / 9) -> AVG-RTPM: 916ms
    [junit] MAJOR: Mutants killed / live: 17 (7-18-0) / 130
    [junit] MAJOR: ------------------------------------------------------------
    [junit] MAJOR: 10/47 - com.google.javascript.rhino.jstype.UnionType_ESTest39 (11ms / 9):
    [junit] MAJOR: 52267 (0 / 9 / 9) -> AVG-RTPM: 1031ms
    [junit] MAJOR: Mutants killed / live: 17 (7-19-0) / 130
    [junit] MAJOR: ------------------------------------------------------------
    [junit] MAJOR: 11/47 - com.google.javascript.rhino.jstype.UnionType_ESTest43 (11ms / 9):
    [junit] MAJOR: 61706 (0 / 9 / 9) -> AVG-RTPM: 1048ms
    [junit] MAJOR: Mutants killed / live: 17 (7-20-0) / 130
    [junit] MAJOR: ------------------------------------------------------------
    [junit] MAJOR: 12/47 - com.google.javascript.rhino.jstype.UnionType_ESTest44 (11ms / 8):
    [junit] MAJOR: 71840 (2 / 8 / 8) -> AVG-RTPM: 1266ms
    [junit] MAJOR: Mutants killed / live: 19 (7-23-0) / 128
    [junit] MAJOR: ------------------------------------------------------------
    [junit] MAJOR: 13/47 - com.google.javascript.rhino.jstype.UnionType_ESTest45 (11ms / 11):
    [junit] MAJOR: 87987 (0 / 11 / 11) -> AVG-RTPM: 1467ms
    [junit] MAJOR: Mutants killed / live: 19 (7-24-0) / 128
    [junit] MAJOR: ------------------------------------------------------------
    [junit] MAJOR: 14/47 - com.google.javascript.rhino.jstype.UnionType_ESTest5 (11ms / 4):
    [junit] MAJOR: 94611 (2 / 4 / 4) -> AVG-RTPM: 1655ms
    [junit] MAJOR: Mutants killed / live: 21 (9-25-0) / 126
    [junit] MAJOR: ------------------------------------------------------------
    [junit] MAJOR: 15/47 - com.google.javascript.rhino.jstype.UnionType_ESTest6 (11ms / 4):
    [junit] MAJOR: 100716 (2 / 4 / 4) -> AVG-RTPM: 1526ms
    [junit] MAJOR: Mutants killed / live: 23 (11-26-0) / 124
    [junit] MAJOR: ------------------------------------------------------------
    [junit] MAJOR: 16/47 - com.google.javascript.rhino.jstype.UnionType_ESTest7 (11ms / 4):
    [junit] MAJOR: 107962 (2 / 4 / 4) -> AVG-RTPM: 1811ms
    [junit] MAJOR: Mutants killed / live: 25 (13-27-0) / 122
    [junit] MAJOR: ------------------------------------------------------------
    [junit] MAJOR: 17/47 - com.google.javascript.rhino.jstype.UnionType_ESTest8 (11ms / 4):
    [junit] MAJOR: 115028 (2 / 4 / 4) -> AVG-RTPM: 1766ms
    [junit] MAJOR: Mutants killed / live: 27 (15-28-0) / 120
    [junit] MAJOR: ------------------------------------------------------------
    [junit] MAJOR: 18/47 - com.google.javascript.rhino.jstype.UnionType_ESTest17 (12ms / 10):
    [junit] MAJOR: 133805 (2 / 10 / 10) -> AVG-RTPM: 1877ms
    [junit] MAJOR: Mutants killed / live: 29 (15-31-0) / 118
    [junit] MAJOR: ------------------------------------------------------------
    [junit] MAJOR: 19/47 - com.google.javascript.rhino.jstype.UnionType_ESTest18 (12ms / 4):
    [junit] MAJOR: 141828 (2 / 4 / 4) -> AVG-RTPM: 2005ms
    [junit] MAJOR: Mutants killed / live: 31 (17-32-0) / 116
    [junit] MAJOR: ------------------------------------------------------------
    [junit] MAJOR: 20/47 - com.google.javascript.rhino.jstype.UnionType_ESTest20 (12ms / 6):
    [junit] MAJOR: 154519 (0 / 6 / 6) -> AVG-RTPM: 2115ms
    [junit] MAJOR: Mutants killed / live: 31 (17-33-0) / 116
    [junit] MAJOR: ------------------------------------------------------------
    [junit] MAJOR: 21/47 - com.google.javascript.rhino.jstype.UnionType_ESTest28 (12ms / 2):
    [junit] MAJOR: 159181 (0 / 2 / 2) -> AVG-RTPM: 2331ms
    [junit] MAJOR: Mutants killed / live: 31 (17-34-0) / 116
    [junit] MAJOR: ------------------------------------------------------------
    [junit] MAJOR: 22/47 - com.google.javascript.rhino.jstype.UnionType_ESTest29 (12ms / 1):
    [junit] MAJOR: 161311 (0 / 1 / 1) -> AVG-RTPM: 2130ms
    [junit] MAJOR: Mutants killed / live: 31 (17-35-0) / 116
    [junit] MAJOR: ------------------------------------------------------------
    [junit] MAJOR: 23/47 - com.google.javascript.rhino.jstype.UnionType_ESTest32 (12ms / 9):
    [junit] MAJOR: 182819 (2 / 9 / 9) -> AVG-RTPM: 2389ms
    [junit] MAJOR: Mutants killed / live: 33 (17-41-0) / 114
    [junit] MAJOR: ------------------------------------------------------------
    [junit] MAJOR: 24/47 - com.google.javascript.rhino.jstype.UnionType_ESTest34 (12ms / 11):
    [junit] MAJOR: 210101 (10 / 11 / 11) -> AVG-RTPM: 2480ms
    [junit] MAJOR: Mutants killed / live: 43 (27-42-0) / 104
    [junit] MAJOR: ------------------------------------------------------------
    [junit] MAJOR: 25/47 - com.google.javascript.rhino.jstype.UnionType_ESTest37 (12ms / 5):
    [junit] MAJOR: 223681 (1 / 5 / 5) -> AVG-RTPM: 2716ms
    [junit] MAJOR: Mutants killed / live: 44 (28-43-0) / 103
    [junit] MAJOR: ------------------------------------------------------------
    [junit] MAJOR: 26/47 - com.google.javascript.rhino.jstype.UnionType_ESTest38 (12ms / 5):
    [junit] MAJOR: 237432 (0 / 5 / 5) -> AVG-RTPM: 2750ms
    [junit] MAJOR: Mutants killed / live: 44 (29-44-0) / 103
    [junit] MAJOR: ------------------------------------------------------------
    [junit] MAJOR: 27/47 - com.google.javascript.rhino.jstype.UnionType_ESTest4 (13ms / 4):
    [junit] MAJOR: 248789 (2 / 4 / 4) -> AVG-RTPM: 2839ms
    [junit] MAJOR: Mutants killed / live: 46 (31-45-0) / 101
    [junit] MAJOR: ------------------------------------------------------------
    [junit] MAJOR: 28/47 - com.google.javascript.rhino.jstype.UnionType_ESTest41 (13ms / 12):
    [junit] MAJOR: 284248 (0 / 12 / 12) -> AVG-RTPM: 2954ms
    [junit] MAJOR: Mutants killed / live: 46 (31-46-0) / 101
    [junit] MAJOR: ------------------------------------------------------------
    [junit] MAJOR: 29/47 - com.google.javascript.rhino.jstype.UnionType_ESTest42 (13ms / 9):
    [junit] MAJOR: 313629 (4 / 9 / 9) -> AVG-RTPM: 3264ms
    [junit] MAJOR: Mutants killed / live: 50 (31-51-0) / 97
    [junit] MAJOR: ------------------------------------------------------------
    [junit] MAJOR: 30/47 - com.google.javascript.rhino.jstype.UnionType_ESTest1 (14ms / 12):
    [junit] MAJOR: 356457 (5 / 12 / 12) -> AVG-RTPM: 3569ms
    [junit] MAJOR: Mutants killed / live: 55 (35-52-1) / 92
    [junit] MAJOR: ------------------------------------------------------------
    [junit] MAJOR: 31/47 - com.google.javascript.rhino.jstype.UnionType_ESTest11 (14ms / 8):
    [junit] MAJOR: 386222 (0 / 8 / 8) -> AVG-RTPM: 3720ms
    [junit] MAJOR: Mutants killed / live: 55 (35-53-1) / 92
    [junit] MAJOR: ------------------------------------------------------------
    [junit] MAJOR: 32/47 - com.google.javascript.rhino.jstype.UnionType_ESTest19 (14ms / 4):
    [junit] MAJOR: 394820 (1 / 4 / 4) -> AVG-RTPM: 2149ms
    [junit] MAJOR: Mutants killed / live: 56 (35-56-1) / 91
    [junit] MAJOR: ------------------------------------------------------------
    [junit] MAJOR: 33/47 - com.google.javascript.rhino.jstype.UnionType_ESTest10 (15ms / 11):
    [junit] MAJOR: 400156 (11 / 11 / 11) -> AVG-RTPM: 485ms
    [junit] MAJOR: Mutants killed / live: 67 (35-67-2) / 80
    [junit] MAJOR: ------------------------------------------------------------
    [junit] MAJOR: 34/47 - com.google.javascript.rhino.jstype.UnionType_ESTest0 (21ms / 24):
    [junit] MAJOR: 407858 (14 / 24 / 24) -> AVG-RTPM: 320ms
    [junit] MAJOR: Mutants killed / live: 81 (35-91-2) / 66
    [junit] MAJOR: ------------------------------------------------------------
    [junit] MAJOR: 35/47 - com.google.javascript.rhino.jstype.UnionType_ESTest25 (22ms / 14):
    [junit] MAJOR: 411863 (1 / 14 / 14) -> AVG-RTPM: 286ms
    [junit] MAJOR: Mutants killed / live: 82 (35-105-2) / 65
    [junit] MAJOR: ------------------------------------------------------------
    [junit] MAJOR: 36/47 - com.google.javascript.rhino.jstype.UnionType_ESTest26 (24ms / 14):
    [junit] MAJOR: 416122 (0 / 14 / 14) -> AVG-RTPM: 304ms
    [junit] MAJOR: Mutants killed / live: 82 (35-119-2) / 65
    [junit] MAJOR: ------------------------------------------------------------
    [junit] MAJOR: 37/47 - com.google.javascript.rhino.jstype.UnionType_ESTest40 (26ms / 10):
    [junit] MAJOR: 418739 (6 / 10 / 10) -> AVG-RTPM: 261ms
    [junit] MAJOR: Mutants killed / live: 88 (35-129-2) / 59
    [junit] MAJOR: ------------------------------------------------------------
    [junit] MAJOR: 38/47 - com.google.javascript.rhino.jstype.UnionType_ESTest46 (28ms / 10):
    [junit] MAJOR: 421442 (9 / 10 / 10) -> AVG-RTPM: 270ms
    [junit] MAJOR: Mutants killed / live: 97 (35-139-2) / 50
    [junit] MAJOR: ------------------------------------------------------------
    [junit] MAJOR: 39/47 - com.google.javascript.rhino.jstype.UnionType_ESTest9 (29ms / 4):
    [junit] MAJOR: 422208 (2 / 4 / 4) -> AVG-RTPM: 191ms
    [junit] MAJOR: Mutants killed / live: 99 (35-143-2) / 48
    [junit] MAJOR: ------------------------------------------------------------
    [junit] MAJOR: 40/47 - com.google.javascript.rhino.jstype.UnionType_ESTest24 (30ms / 24):
    [junit] MAJOR: 428665 (3 / 24 / 24) -> AVG-RTPM: 269ms
    [junit] MAJOR: Mutants killed / live: 102 (35-167-2) / 45
    [junit] MAJOR: ------------------------------------------------------------
    [junit] MAJOR: 41/47 - com.google.javascript.rhino.jstype.UnionType_ESTest15 (34ms / 4):
    [junit] MAJOR: 429547 (2 / 4 / 4) -> AVG-RTPM: 220ms
    [junit] MAJOR: Mutants killed / live: 104 (35-171-2) / 43
    [junit] MAJOR: ------------------------------------------------------------
    [junit] MAJOR: 42/47 - com.google.javascript.rhino.jstype.UnionType_ESTest27 (34ms / 3):
    [junit] MAJOR: 430324 (1 / 3 / 3) -> AVG-RTPM: 259ms
    [junit] MAJOR: Mutants killed / live: 105 (35-174-2) / 42
    [junit] MAJOR: ------------------------------------------------------------
    [junit] MAJOR: 43/47 - com.google.javascript.rhino.jstype.UnionType_ESTest13 (37ms / 8):
    [junit] MAJOR: 432508 (4 / 8 / 8) -> AVG-RTPM: 273ms
    [junit] MAJOR: Mutants killed / live: 109 (35-182-2) / 38
    [junit] MAJOR: ------------------------------------------------------------
    [junit] MAJOR: 44/47 - com.google.javascript.rhino.jstype.UnionType_ESTest35 (37ms / 1):
    [junit] MAJOR: 432726 (0 / 1 / 1) -> AVG-RTPM: 218ms
    [junit] MAJOR: Mutants killed / live: 109 (35-183-2) / 38
    [junit] MAJOR: ------------------------------------------------------------
    [junit] MAJOR: 45/47 - com.google.javascript.rhino.jstype.UnionType_ESTest12 (39ms / 17):
    [junit] MAJOR: 436399 (6 / 17 / 17) -> AVG-RTPM: 216ms
    [junit] MAJOR: Mutants killed / live: 115 (35-200-2) / 32
    [junit] MAJOR: ------------------------------------------------------------
    [junit] MAJOR: 46/47 - com.google.javascript.rhino.jstype.UnionType_ESTest14 (52ms / 5):
    [junit] MAJOR: 437653 (1 / 5 / 5) -> AVG-RTPM: 250ms
    [junit] MAJOR: Mutants killed / live: 116 (35-205-2) / 31
    [junit] MAJOR: ------------------------------------------------------------
    [junit] MAJOR: 47/47 - com.google.javascript.rhino.jstype.UnionType_ESTest36 (63ms / 2):
    [junit] MAJOR: 438065 (1 / 2 / 2) -> AVG-RTPM: 206ms
    [junit] MAJOR: Mutants killed / live: 117 (35-207-2) / 30
    [junit] MAJOR: ------------------------------------------------------------
    [junit] MAJOR: Summary:
    [junit] MAJOR: 
    [junit] MAJOR: Analysis time:  438.1 seconds
    [junit] MAJOR: Mutation score: 79.59% (79.59%)
    [junit] MAJOR: Mutants killed / live: 117 (35-207-2) / 30
    [junit] MAJOR: Mutant executions: 369
    [junit] MAJOR: ------------------------------------------------------------
    [junit] MAJOR: Export summary of results (to summary.csv)
    [junit] MAJOR: Export mutant kill details (to /tmp/run_mutation.pl_62061_1483717688/104f/kill.csv)
    [junit] MAJOR: Export kill map (to killMap.csv)!

BUILD SUCCESSFUL
Total time: 7 minutes 50 seconds
