
compile:
    [javac] /tmp/run_mutation.pl_76177_1501037880/105f/build.xml:52: warning: 'includeantruntime' was not set, defaulting to build.sysclasspath=last; set to false for repeatable builds
    [javac] /tmp/run_mutation.pl_76177_1501037880/105f/build.xml:57: warning: 'includeantruntime' was not set, defaulting to build.sysclasspath=last; set to false for repeatable builds

compile-tests:
    [mkdir] Created dir: /tmp/run_mutation.pl_76177_1501037880/105f/build/test
    [javac] /tmp/run_mutation.pl_76177_1501037880/105f/build.xml:111: warning: 'includeantruntime' was not set, defaulting to build.sysclasspath=last; set to false for repeatable builds
    [javac] Compiling 159 source files to /tmp/run_mutation.pl_76177_1501037880/105f/build/test

compile.tests:

update.all.tests:

mutation.test:
     [echo] Running mutation analysis ...
    [junit] MAJOR: Mutation analysis enabled
SLF4J: Failed to load class "org.slf4j.impl.StaticLoggerBinder".
SLF4J: Defaulting to no-operation (NOP) logger implementation
SLF4J: See http://www.slf4j.org/codes.html#StaticLoggerBinder for further details.
    [junit] MAJOR: ------------------------------------------------------------
    [junit] MAJOR: Run 53 ordered tests to verify independence
    [junit] MAJOR: ------------------------------------------------------------
    [junit] MAJOR: Preprocessing time: 125.86 seconds
    [junit] MAJOR: ------------------------------------------------------------
    [junit] MAJOR: Mutants generated: 2479
    [junit] MAJOR: Mutants covered:   967 (39.01%)
    [junit] MAJOR: ------------------------------------------------------------
    [junit] MAJOR: Export test map to (testMap.csv)
    [junit] MAJOR: Export coverage map to (covMap.csv)
    [junit] MAJOR: Exclude 0 mutants
    [junit] MAJOR: ------------------------------------------------------------
    [junit] MAJOR: Run mutation analysis with 53 individual tests
    [junit] MAJOR: ------------------------------------------------------------
    [junit] MAJOR: 1/53 - com.google.javascript.jscomp.FoldConstants_ESTest31 (23ms / 44):
    [junit] MAJOR: 139013 (21 / 44 / 44) -> AVG-RTPM: 3159ms
    [junit] MAJOR: Mutants killed / live: 21 (0-21-0) / 946
    [junit] MAJOR: ------------------------------------------------------------
    [junit] MAJOR: 2/53 - com.google.javascript.jscomp.FoldConstants_ESTest44 (24ms / 18):
    [junit] MAJOR: 219414 (6 / 18 / 18) -> AVG-RTPM: 4466ms
    [junit] MAJOR: Mutants killed / live: 27 (6-21-0) / 940
    [junit] MAJOR: ------------------------------------------------------------
    [junit] MAJOR: 3/53 - com.google.javascript.jscomp.FoldConstants_ESTest9 (24ms / 13):
    [junit] MAJOR: 290242 (4 / 13 / 13) -> AVG-RTPM: 5448ms
    [junit] MAJOR: Mutants killed / live: 31 (6-25-0) / 936
    [junit] MAJOR: ------------------------------------------------------------
    [junit] MAJOR: 4/53 - com.google.javascript.jscomp.FoldConstants_ESTest30 (25ms / 81):
    [junit] MAJOR: 544966 (53 / 81 / 81) -> AVG-RTPM: 3144ms
    [junit] MAJOR: Mutants killed / live: 84 (6-78-0) / 883
    [junit] MAJOR: ------------------------------------------------------------
    [junit] MAJOR: 5/53 - com.google.javascript.jscomp.FoldConstants_ESTest19 (26ms / 43):
    [junit] MAJOR: 550426 (43 / 43 / 43) -> AVG-RTPM: 126ms
    [junit] MAJOR: Mutants killed / live: 127 (6-121-0) / 840
    [junit] MAJOR: ------------------------------------------------------------
    [junit] MAJOR: 6/53 - com.google.javascript.jscomp.FoldConstants_ESTest12 (28ms / 35):
    [junit] MAJOR: 554596 (35 / 35 / 35) -> AVG-RTPM: 119ms
    [junit] MAJOR: Mutants killed / live: 162 (6-156-0) / 805
    [junit] MAJOR: ------------------------------------------------------------
    [junit] MAJOR: 7/53 - com.google.javascript.jscomp.FoldConstants_ESTest6 (28ms / 16):
    [junit] MAJOR: 556557 (16 / 16 / 16) -> AVG-RTPM: 122ms
    [junit] MAJOR: Mutants killed / live: 178 (6-172-0) / 789
    [junit] MAJOR: ------------------------------------------------------------
    [junit] MAJOR: 8/53 - com.google.javascript.jscomp.FoldConstants_ESTest8 (28ms / 16):
    [junit] MAJOR: 558470 (16 / 16 / 16) -> AVG-RTPM: 119ms
    [junit] MAJOR: Mutants killed / live: 194 (6-188-0) / 773
    [junit] MAJOR: ------------------------------------------------------------
    [junit] MAJOR: 9/53 - com.google.javascript.jscomp.FoldConstants_ESTest39 (29ms / 7):
    [junit] MAJOR: 559390 (7 / 7 / 7) -> AVG-RTPM: 131ms
    [junit] MAJOR: Mutants killed / live: 201 (6-195-0) / 766
    [junit] MAJOR: ------------------------------------------------------------
    [junit] MAJOR: 10/53 - com.google.javascript.jscomp.FoldConstants_ESTest43 (29ms / 58):
    [junit] MAJOR: 566181 (58 / 58 / 58) -> AVG-RTPM: 117ms
    [junit] MAJOR: Mutants killed / live: 259 (6-253-0) / 708
    [junit] MAJOR: ------------------------------------------------------------
    [junit] MAJOR: 11/53 - com.google.javascript.jscomp.FoldConstants_ESTest45 (29ms / 70):
    [junit] MAJOR: 574610 (65 / 70 / 70) -> AVG-RTPM: 120ms
    [junit] MAJOR: Mutants killed / live: 324 (6-323-0) / 643
    [junit] MAJOR: ------------------------------------------------------------
    [junit] MAJOR: 12/53 - com.google.javascript.jscomp.FoldConstants_ESTest5 (29ms / 294):
    [junit] MAJOR: 612133 (294 / 294 / 294) -> AVG-RTPM: 127ms
    [junit] MAJOR: Mutants killed / live: 618 (6-617-0) / 349
    [junit] MAJOR: ------------------------------------------------------------
    [junit] MAJOR: 13/53 - com.google.javascript.jscomp.FoldConstants_ESTest14 (31ms / 14):
    [junit] MAJOR: 614272 (14 / 14 / 14) -> AVG-RTPM: 152ms
    [junit] MAJOR: Mutants killed / live: 632 (6-631-0) / 335
    [junit] MAJOR: ------------------------------------------------------------
    [junit] MAJOR: 14/53 - com.google.javascript.jscomp.FoldConstants_ESTest18 (31ms / 31):
    [junit] MAJOR: 617999 (10 / 31 / 31) -> AVG-RTPM: 120ms
    [junit] MAJOR: Mutants killed / live: 642 (6-662-0) / 325
    [junit] MAJOR: ------------------------------------------------------------
    [junit] MAJOR: 15/53 - com.google.javascript.jscomp.FoldConstants_ESTest51 (31ms / 10):
    [junit] MAJOR: 619352 (10 / 10 / 10) -> AVG-RTPM: 135ms
    [junit] MAJOR: Mutants killed / live: 652 (6-672-0) / 315
    [junit] MAJOR: ------------------------------------------------------------
    [junit] MAJOR: 16/53 - com.google.javascript.jscomp.FoldConstants_ESTest22 (32ms / 84):
    [junit] MAJOR: 631921 (84 / 84 / 84) -> AVG-RTPM: 149ms
    [junit] MAJOR: Mutants killed / live: 736 (6-756-0) / 231
    [junit] MAJOR: ------------------------------------------------------------
    [junit] MAJOR: 17/53 - com.google.javascript.jscomp.FoldConstants_ESTest27 (32ms / 21):
    [junit] MAJOR: 635999 (21 / 21 / 21) -> AVG-RTPM: 194ms
    [junit] MAJOR: Mutants killed / live: 757 (6-777-0) / 210
    [junit] MAJOR: ------------------------------------------------------------
    [junit] MAJOR: 18/53 - com.google.javascript.jscomp.FoldConstants_ESTest32 (32ms / 35):
    [junit] MAJOR: 639899 (15 / 35 / 35) -> AVG-RTPM: 111ms
    [junit] MAJOR: Mutants killed / live: 772 (6-812-0) / 195
    [junit] MAJOR: ------------------------------------------------------------
    [junit] MAJOR: 19/53 - com.google.javascript.jscomp.FoldConstants_ESTest17 (33ms / 36):
    [junit] MAJOR: 644245 (0 / 36 / 36) -> AVG-RTPM: 120ms
    [junit] MAJOR: Mutants killed / live: 772 (6-848-0) / 195
    [junit] MAJOR: ------------------------------------------------------------
    [junit] MAJOR: 20/53 - com.google.javascript.jscomp.FoldConstants_ESTest20 (33ms / 43):
    [junit] MAJOR: 649409 (0 / 43 / 43) -> AVG-RTPM: 120ms
    [junit] MAJOR: Mutants killed / live: 772 (6-891-0) / 195
    [junit] MAJOR: ------------------------------------------------------------
    [junit] MAJOR: 21/53 - com.google.javascript.jscomp.FoldConstants_ESTest23 (33ms / 21):
    [junit] MAJOR: 652457 (0 / 21 / 21) -> AVG-RTPM: 145ms
    [junit] MAJOR: Mutants killed / live: 772 (6-912-0) / 195
    [junit] MAJOR: ------------------------------------------------------------
    [junit] MAJOR: 22/53 - com.google.javascript.jscomp.FoldConstants_ESTest33 (33ms / 44):
    [junit] MAJOR: 659970 (9 / 44 / 44) -> AVG-RTPM: 170ms
    [junit] MAJOR: Mutants killed / live: 781 (6-956-0) / 186
    [junit] MAJOR: ------------------------------------------------------------
    [junit] MAJOR: 23/53 - com.google.javascript.jscomp.FoldConstants_ESTest7 (33ms / 15):
    [junit] MAJOR: 662920 (2 / 15 / 15) -> AVG-RTPM: 196ms
    [junit] MAJOR: Mutants killed / live: 783 (6-971-0) / 184
    [junit] MAJOR: ------------------------------------------------------------
    [junit] MAJOR: 24/53 - com.google.javascript.jscomp.FoldConstants_ESTest28 (34ms / 44):
    [junit] MAJOR: 669071 (9 / 44 / 44) -> AVG-RTPM: 139ms
    [junit] MAJOR: Mutants killed / live: 792 (6-1015-0) / 175
    [junit] MAJOR: ------------------------------------------------------------
    [junit] MAJOR: 25/53 - com.google.javascript.jscomp.FoldConstants_ESTest34 (34ms / 44):
    [junit] MAJOR: 674572 (0 / 44 / 44) -> AVG-RTPM: 125ms
    [junit] MAJOR: Mutants killed / live: 792 (6-1059-0) / 175
    [junit] MAJOR: ------------------------------------------------------------
    [junit] MAJOR: 26/53 - com.google.javascript.jscomp.FoldConstants_ESTest38 (34ms / 7):
    [junit] MAJOR: 675524 (0 / 7 / 7) -> AVG-RTPM: 136ms
    [junit] MAJOR: Mutants killed / live: 792 (6-1066-0) / 175
    [junit] MAJOR: ------------------------------------------------------------
    [junit] MAJOR: 27/53 - com.google.javascript.jscomp.FoldConstants_ESTest4 (36ms / 90):
    [junit] MAJOR: 685437 (7 / 90 / 90) -> AVG-RTPM: 110ms
    [junit] MAJOR: Mutants killed / live: 799 (6-1156-0) / 168
    [junit] MAJOR: ------------------------------------------------------------
    [junit] MAJOR: 28/53 - com.google.javascript.jscomp.FoldConstants_ESTest42 (37ms / 13):
    [junit] MAJOR: 687341 (0 / 13 / 13) -> AVG-RTPM: 146ms
    [junit] MAJOR: Mutants killed / live: 799 (6-1169-0) / 168
    [junit] MAJOR: ------------------------------------------------------------
    [junit] MAJOR: 29/53 - com.google.javascript.jscomp.FoldConstants_ESTest47 (37ms / 8):
    [junit] MAJOR: 688521 (8 / 8 / 8) -> AVG-RTPM: 147ms
    [junit] MAJOR: Mutants killed / live: 807 (6-1177-0) / 160
    [junit] MAJOR: ------------------------------------------------------------
    [junit] MAJOR: 30/53 - com.google.javascript.jscomp.FoldConstants_ESTest13 (38ms / 84):
    [junit] MAJOR: 701665 (79 / 84 / 84) -> AVG-RTPM: 156ms
    [junit] MAJOR: Mutants killed / live: 886 (6-1261-0) / 81
    [junit] MAJOR: ------------------------------------------------------------
    [junit] MAJOR: 31/53 - com.google.javascript.jscomp.FoldConstants_ESTest16 (38ms / 28):
    [junit] MAJOR: 705900 (4 / 28 / 28) -> AVG-RTPM: 151ms
    [junit] MAJOR: Mutants killed / live: 890 (6-1289-0) / 77
    [junit] MAJOR: ------------------------------------------------------------
    [junit] MAJOR: 32/53 - com.google.javascript.jscomp.FoldConstants_ESTest26 (38ms / 14):
    [junit] MAJOR: 707944 (0 / 14 / 14) -> AVG-RTPM: 146ms
    [junit] MAJOR: Mutants killed / live: 890 (6-1303-0) / 77
    [junit] MAJOR: ------------------------------------------------------------
    [junit] MAJOR: 33/53 - com.google.javascript.jscomp.FoldConstants_ESTest29 (38ms / 60):
    [junit] MAJOR: 717471 (1 / 60 / 60) -> AVG-RTPM: 158ms
    [junit] MAJOR: Mutants killed / live: 891 (6-1363-0) / 76
    [junit] MAJOR: ------------------------------------------------------------
    [junit] MAJOR: 34/53 - com.google.javascript.jscomp.FoldConstants_ESTest48 (38ms / 17):
    [junit] MAJOR: 720774 (9 / 17 / 17) -> AVG-RTPM: 194ms
    [junit] MAJOR: Mutants killed / live: 900 (6-1380-0) / 67
    [junit] MAJOR: ------------------------------------------------------------
    [junit] MAJOR: 35/53 - com.google.javascript.jscomp.FoldConstants_ESTest24 (39ms / 56):
    [junit] MAJOR: 728825 (0 / 56 / 56) -> AVG-RTPM: 143ms
    [junit] MAJOR: Mutants killed / live: 900 (6-1436-0) / 67
    [junit] MAJOR: ------------------------------------------------------------
    [junit] MAJOR: 36/53 - com.google.javascript.jscomp.FoldConstants_ESTest25 (39ms / 77):
    [junit] MAJOR: 739215 (0 / 77 / 77) -> AVG-RTPM: 134ms
    [junit] MAJOR: Mutants killed / live: 900 (6-1513-0) / 67
    [junit] MAJOR: ------------------------------------------------------------
    [junit] MAJOR: 37/53 - com.google.javascript.jscomp.FoldConstants_ESTest41 (39ms / 14):
    [junit] MAJOR: 741262 (0 / 14 / 14) -> AVG-RTPM: 146ms
    [junit] MAJOR: Mutants killed / live: 900 (6-1527-0) / 67
    [junit] MAJOR: ------------------------------------------------------------
    [junit] MAJOR: 38/53 - com.google.javascript.jscomp.FoldConstants_ESTest49 (39ms / 8):
    [junit] MAJOR: 742091 (8 / 8 / 8) -> AVG-RTPM: 103ms
    [junit] MAJOR: Mutants killed / live: 908 (6-1535-0) / 59
    [junit] MAJOR: ------------------------------------------------------------
    [junit] MAJOR: 39/53 - com.google.javascript.jscomp.FoldConstants_ESTest50 (39ms / 2):
    [junit] MAJOR: 742329 (0 / 2 / 2) -> AVG-RTPM: 119ms
    [junit] MAJOR: Mutants killed / live: 908 (6-1537-0) / 59
    [junit] MAJOR: ------------------------------------------------------------
    [junit] MAJOR: 40/53 - com.google.javascript.jscomp.FoldConstants_ESTest35 (40ms / 44):
    [junit] MAJOR: 747256 (8 / 44 / 44) -> AVG-RTPM: 111ms
    [junit] MAJOR: Mutants killed / live: 916 (6-1581-0) / 51
    [junit] MAJOR: ------------------------------------------------------------
    [junit] MAJOR: 41/53 - com.google.javascript.jscomp.FoldConstants_ESTest21 (41ms / 14):
    [junit] MAJOR: 749275 (0 / 14 / 14) -> AVG-RTPM: 144ms
    [junit] MAJOR: Mutants killed / live: 916 (6-1595-0) / 51
    [junit] MAJOR: ------------------------------------------------------------
    [junit] MAJOR: 42/53 - com.google.javascript.jscomp.FoldConstants_ESTest11 (42ms / 35):
    [junit] MAJOR: 753160 (7 / 35 / 35) -> AVG-RTPM: 111ms
    [junit] MAJOR: Mutants killed / live: 923 (6-1630-0) / 44
    [junit] MAJOR: ------------------------------------------------------------
    [junit] MAJOR: 43/53 - com.google.javascript.jscomp.FoldConstants_ESTest52 (43ms / 10):
    [junit] MAJOR: 755614 (2 / 10 / 10) -> AVG-RTPM: 245ms
    [junit] MAJOR: Mutants killed / live: 925 (6-1640-0) / 42
    [junit] MAJOR: ------------------------------------------------------------
    [junit] MAJOR: 44/53 - com.google.javascript.jscomp.FoldConstants_ESTest10 (44ms / 7):
    [junit] MAJOR: 756543 (0 / 7 / 7) -> AVG-RTPM: 132ms
    [junit] MAJOR: Mutants killed / live: 925 (6-1647-0) / 42
    [junit] MAJOR: ------------------------------------------------------------
    [junit] MAJOR: 45/53 - com.google.javascript.jscomp.FoldConstants_ESTest46 (44ms / 8):
    [junit] MAJOR: 757832 (8 / 8 / 8) -> AVG-RTPM: 161ms
    [junit] MAJOR: Mutants killed / live: 933 (6-1655-0) / 34
    [junit] MAJOR: ------------------------------------------------------------
    [junit] MAJOR: 46/53 - com.google.javascript.jscomp.FoldConstants_ESTest37 (46ms / 7):
    [junit] MAJOR: 758696 (7 / 7 / 7) -> AVG-RTPM: 123ms
    [junit] MAJOR: Mutants killed / live: 940 (6-1662-0) / 27
    [junit] MAJOR: ------------------------------------------------------------
    [junit] MAJOR: 47/53 - com.google.javascript.jscomp.FoldConstants_ESTest36 (48ms / 7):
    [junit] MAJOR: 759634 (0 / 7 / 7) -> AVG-RTPM: 134ms
    [junit] MAJOR: Mutants killed / live: 940 (6-1669-0) / 27
    [junit] MAJOR: ------------------------------------------------------------
    [junit] MAJOR: 48/53 - com.google.javascript.jscomp.FoldConstants_ESTest15 (50ms / 21):
    [junit] MAJOR: 761950 (7 / 21 / 21) -> AVG-RTPM: 110ms
    [junit] MAJOR: Mutants killed / live: 947 (6-1690-0) / 20
    [junit] MAJOR: ------------------------------------------------------------
    [junit] MAJOR: 49/53 - com.google.javascript.jscomp.FoldConstants_ESTest40 (50ms / 7):
    [junit] MAJOR: 763048 (7 / 7 / 7) -> AVG-RTPM: 156ms
    [junit] MAJOR: Mutants killed / live: 954 (6-1697-0) / 13
    [junit] MAJOR: ------------------------------------------------------------
    [junit] MAJOR: 50/53 - com.google.javascript.jscomp.FoldConstants_ESTest2 (51ms / 1):
    [junit] MAJOR: 763167 (1 / 1 / 1) -> AVG-RTPM: 119ms
    [junit] MAJOR: Mutants killed / live: 955 (6-1698-0) / 12
    [junit] MAJOR: ------------------------------------------------------------
    [junit] MAJOR: 51/53 - com.google.javascript.jscomp.FoldConstants_ESTest1 (52ms / 0):
    [junit] MAJOR: 763168 (0 / 0 / 0) -> AVG-RTPM: 0ms
    [junit] MAJOR: Mutants killed / live: 955 (6-1698-0) / 12
    [junit] MAJOR: ------------------------------------------------------------
    [junit] MAJOR: 52/53 - com.google.javascript.jscomp.FoldConstants_ESTest3 (54ms / 23):
    [junit] MAJOR: 766931 (3 / 23 / 23) -> AVG-RTPM: 163ms
    [junit] MAJOR: Mutants killed / live: 958 (6-1721-0) / 9
    [junit] MAJOR: ------------------------------------------------------------
    [junit] MAJOR: 53/53 - com.google.javascript.jscomp.FoldConstants_ESTest0 (66ms / 69):
    [junit] MAJOR: 775705 (0 / 69 / 69) -> AVG-RTPM: 127ms
    [junit] MAJOR: Mutants killed / live: 958 (6-1790-0) / 9
    [junit] MAJOR: ------------------------------------------------------------
    [junit] MAJOR: Summary:
    [junit] MAJOR: 
    [junit] MAJOR: Analysis time:  775.7 seconds
    [junit] MAJOR: Mutation score: 38.64% (99.07%)
    [junit] MAJOR: Mutants killed / live: 958 (6-1790-0) / 9
    [junit] MAJOR: Mutant executions: 1868
    [junit] MAJOR: ------------------------------------------------------------
    [junit] MAJOR: Export summary of results (to summary.csv)
    [junit] MAJOR: Export mutant kill details (to /tmp/run_mutation.pl_76177_1501037880/105f/kill.csv)
    [junit] MAJOR: Export kill map (to killMap.csv)!

BUILD SUCCESSFUL
Total time: 15 minutes 7 seconds
