
rhino:

properties:

init:

compile:

compile-most:

compile-jdk15:

compile:

properties:

compile:

xmlimplsrc-compile:
     [echo] Calling /tmp/run_mutation.pl_84638_1501039796/107f/lib/rhino/xmlimplsrc/build.xml

compile:

compile-all:

compile:

jar:

rhino-jarjar:
   [jarjar] Updating jar: /tmp/run_mutation.pl_84638_1501039796/107f/build/lib/rhino.jar

relversion:

compile:
    [javac] /tmp/run_mutation.pl_84638_1501039796/107f/build.xml:262: warning: 'includeantruntime' was not set, defaulting to build.sysclasspath=last; set to false for repeatable builds
    [javac] /tmp/run_mutation.pl_84638_1501039796/107f/build.xml:268: warning: 'includeantruntime' was not set, defaulting to build.sysclasspath=last; set to false for repeatable builds
[propertyfile] Updating property file: /tmp/run_mutation.pl_84638_1501039796/107f/build/classes/com/google/javascript/jscomp/parsing/ParserConfig.properties

compile-tests:
    [mkdir] Created dir: /tmp/run_mutation.pl_84638_1501039796/107f/build/test
    [javac] /tmp/run_mutation.pl_84638_1501039796/107f/build.xml:336: warning: 'includeantruntime' was not set, defaulting to build.sysclasspath=last; set to false for repeatable builds
    [javac] Compiling 543 source files to /tmp/run_mutation.pl_84638_1501039796/107f/build/test
    [javac] Note: /tmp/run_mutation.pl_84638_1501039796/107f/src/com/google/debugging/sourcemap/SourceMapConsumerV3.java uses unchecked or unsafe operations.
    [javac] Note: Recompile with -Xlint:unchecked for details.
    [javac] /tmp/run_mutation.pl_84638_1501039796/107f/build.xml:342: warning: 'includeantruntime' was not set, defaulting to build.sysclasspath=last; set to false for repeatable builds
    [javac] Compiling 241 source files to /tmp/run_mutation.pl_84638_1501039796/107f/build/test

compile.tests:

update.all.tests:

mutation.test:
     [echo] Running mutation analysis ...
    [junit] MAJOR: Mutation analysis enabled
SLF4J: Failed to load class "org.slf4j.impl.StaticLoggerBinder".
SLF4J: Defaulting to no-operation (NOP) logger implementation
SLF4J: See http://www.slf4j.org/codes.html#StaticLoggerBinder for further details.
    [junit] MAJOR: com.google.javascript.jscomp.CommandLineRunner_ESTest2[test2] failed!
    [junit] MAJOR:  -> java.lang.SecurityException
    [junit] MAJOR:  -> "Security manager blocks ("java.lang.RuntimePermission" "exitVM.-1")
    [junit] java.lang.Thread.getStackTrace(Thread.java:1589)
    [junit] org.evosuite.runtime.sandbox.MSecurityManager.checkPermission(MSecurityManager.java:440)
    [junit] java.lang.SecurityManager.checkExit(SecurityManager.java:761)
    [junit] java.lang.Runtime.exit(Runtime.java:107)
    [junit] java.lang.System.exit(System.java:962)
    [junit] com.google.javascript.jscomp.CommandLineRunner.main(CommandLineRunner.java:997)
    [junit] com.google.javascript.jscomp.CommandLineRunner_ESTest2.test2(CommandLineRunner_ESTest2.java:40)
    [junit] sun.reflect.NativeMethodAccessorImpl.invoke0(Native Method)
    [junit] sun.reflect.NativeMethodAccessorImpl.invoke(NativeMethodAccessorImpl.java:57)
    [junit] sun.reflect.DelegatingMethodAccessorImpl.invoke(DelegatingMethodAccessorImpl.java:43)
    [junit] java.lang.reflect.Method.invoke(Method.java:606)
    [junit] org.junit.runners.model.FrameworkMethod$1.runReflectiveCall(FrameworkMethod.java:47)
    [junit] org.junit.internal.runners.model.ReflectiveCallable.run(ReflectiveCallable.java:12)
    [junit] org.junit.runners.model.FrameworkMethod.invokeExplosively(FrameworkMethod.java:44)
    [junit] org.junit.internal.runners.statements.InvokeMethod.evaluate(InvokeMethod.java:17)
    [junit] org.junit.internal.runners.statements.RunBefores.evaluate(RunBefores.java:26)
    [junit] org.junit.internal.runners.statements.RunAfters.evaluate(RunAfters.java:27)
    [junit] org.junit.internal.runners.statements.FailOnTimeout$StatementThread.run(FailOnTimeout.java:74)
    [junit] "
    [junit] MAJOR: com.google.javascript.jscomp.CommandLineRunner_ESTest5[test5] failed!
    [junit] MAJOR:  -> java.lang.SecurityException
    [junit] MAJOR:  -> "Security manager blocks ("java.lang.RuntimePermission" "exitVM.-2")
    [junit] java.lang.Thread.getStackTrace(Thread.java:1589)
    [junit] org.evosuite.runtime.sandbox.MSecurityManager.checkPermission(MSecurityManager.java:440)
    [junit] java.lang.SecurityManager.checkExit(SecurityManager.java:761)
    [junit] java.lang.Runtime.exit(Runtime.java:107)
    [junit] java.lang.System.exit(System.java:962)
    [junit] com.google.javascript.jscomp.AbstractCommandLineRunner.run(AbstractCommandLineRunner.java:385)
    [junit] com.google.javascript.jscomp.CommandLineRunner.main(CommandLineRunner.java:995)
    [junit] com.google.javascript.jscomp.CommandLineRunner_ESTest5.test5(CommandLineRunner_ESTest5.java:40)
    [junit] sun.reflect.NativeMethodAccessorImpl.invoke0(Native Method)
    [junit] sun.reflect.NativeMethodAccessorImpl.invoke(NativeMethodAccessorImpl.java:57)
    [junit] sun.reflect.DelegatingMethodAccessorImpl.invoke(DelegatingMethodAccessorImpl.java:43)
    [junit] java.lang.reflect.Method.invoke(Method.java:606)
    [junit] org.junit.runners.model.FrameworkMethod$1.runReflectiveCall(FrameworkMethod.java:47)
    [junit] org.junit.internal.runners.model.ReflectiveCallable.run(ReflectiveCallable.java:12)
    [junit] org.junit.runners.model.FrameworkMethod.invokeExplosively(FrameworkMethod.java:44)
    [junit] org.junit.internal.runners.statements.InvokeMethod.evaluate(InvokeMethod.java:17)
    [junit] org.junit.internal.runners.statements.RunBefores.evaluate(RunBefores.java:26)
    [junit] org.junit.internal.runners.statements.RunAfters.evaluate(RunAfters.java:27)
    [junit] org.junit.internal.runners.statements.FailOnTimeout$StatementThread.run(FailOnTimeout.java:74)
    [junit] "
    [junit] MAJOR: Exclude 2 failing test classes:
    [junit] MAJOR:  - com.google.javascript.jscomp.CommandLineRunner_ESTest2
    [junit] MAJOR:  - com.google.javascript.jscomp.CommandLineRunner_ESTest5
    [junit] MAJOR: ------------------------------------------------------------
    [junit] MAJOR: Run 3 ordered tests to verify independence
    [junit] MAJOR: ------------------------------------------------------------
    [junit] MAJOR: Preprocessing time: 8.25 seconds
    [junit] MAJOR: ------------------------------------------------------------
    [junit] MAJOR: Mutants generated: 197
    [junit] MAJOR: Mutants covered:   85 (43.15%)
    [junit] MAJOR: ------------------------------------------------------------
    [junit] MAJOR: Export test map to (testMap.csv)
    [junit] MAJOR: Export coverage map to (covMap.csv)
    [junit] MAJOR: Exclude 0 mutants
    [junit] MAJOR: ------------------------------------------------------------
    [junit] MAJOR: Run mutation analysis with 3 individual tests
    [junit] MAJOR: ------------------------------------------------------------
    [junit] MAJOR: 1/3 - com.google.javascript.jscomp.CommandLineRunner_ESTest1 (37ms / 23):
    [junit] MAJOR: 23445 (1 / 23 / 23) -> AVG-RTPM: 1019ms
    [junit] MAJOR: Mutants killed / live: 1 (1-0-0) / 84
    [junit] MAJOR: ------------------------------------------------------------
    [junit] MAJOR: 2/3 - com.google.javascript.jscomp.CommandLineRunner_ESTest4 (51ms / 84):
    [junit] MAJOR: 219684 (5 / 84 / 84) -> AVG-RTPM: 2336ms
    [junit] MAJOR: Mutants killed / live: 6 (1-5-0) / 79
    [junit] MAJOR: ------------------------------------------------------------
    [junit] MAJOR: 3/3 - com.google.javascript.jscomp.CommandLineRunner_ESTest0 (74ms / 54):
    [junit] MAJOR: 508854 (7 / 54 / 54) -> AVG-RTPM: 5355ms
    [junit] MAJOR: Mutants killed / live: 13 (8-9-0) / 72
    [junit] MAJOR: ------------------------------------------------------------
    [junit] MAJOR: Summary:
    [junit] MAJOR: 
    [junit] MAJOR: Analysis time:  508.9 seconds
    [junit] MAJOR: Mutation score: 6.60% (15.29%)
    [junit] MAJOR: Mutants killed / live: 13 (8-9-0) / 72
    [junit] MAJOR: Mutant executions: 161
    [junit] MAJOR: ------------------------------------------------------------
    [junit] MAJOR: Export summary of results (to summary.csv)
    [junit] MAJOR: Export mutant kill details (to /tmp/run_mutation.pl_84638_1501039796/107f/kill.csv)
    [junit] MAJOR: Export kill map (to killMap.csv)!

BUILD SUCCESSFUL
Total time: 8 minutes 49 seconds
