
rhino:

properties:

init:

compile:

compile-most:

compile-jdk15:

compile:

properties:

compile:

xmlimplsrc-compile:
     [echo] Calling /tmp/run_mutation.pl_106937_1501782936/108f/lib/rhino/xmlimplsrc/build.xml

compile:

compile-all:

compile:

jar:

rhino-jarjar:
   [jarjar] Updating jar: /tmp/run_mutation.pl_106937_1501782936/108f/build/lib/rhino.jar

relversion:

compile:
    [javac] /tmp/run_mutation.pl_106937_1501782936/108f/build.xml:262: warning: 'includeantruntime' was not set, defaulting to build.sysclasspath=last; set to false for repeatable builds
    [javac] /tmp/run_mutation.pl_106937_1501782936/108f/build.xml:268: warning: 'includeantruntime' was not set, defaulting to build.sysclasspath=last; set to false for repeatable builds
[propertyfile] Updating property file: /tmp/run_mutation.pl_106937_1501782936/108f/build/classes/com/google/javascript/jscomp/parsing/ParserConfig.properties

compile-tests:
    [mkdir] Created dir: /tmp/run_mutation.pl_106937_1501782936/108f/build/test
    [javac] /tmp/run_mutation.pl_106937_1501782936/108f/build.xml:336: warning: 'includeantruntime' was not set, defaulting to build.sysclasspath=last; set to false for repeatable builds
    [javac] Compiling 543 source files to /tmp/run_mutation.pl_106937_1501782936/108f/build/test
    [javac] Note: /tmp/run_mutation.pl_106937_1501782936/108f/src/com/google/debugging/sourcemap/SourceMapConsumerV3.java uses unchecked or unsafe operations.
    [javac] Note: Recompile with -Xlint:unchecked for details.
    [javac] /tmp/run_mutation.pl_106937_1501782936/108f/build.xml:342: warning: 'includeantruntime' was not set, defaulting to build.sysclasspath=last; set to false for repeatable builds
    [javac] Compiling 241 source files to /tmp/run_mutation.pl_106937_1501782936/108f/build/test

compile.tests:

update.all.tests:

mutation.test:
     [echo] Running mutation analysis ...
    [junit] MAJOR: Mutation analysis enabled
SLF4J: Failed to load class "org.slf4j.impl.StaticLoggerBinder".
SLF4J: Defaulting to no-operation (NOP) logger implementation
SLF4J: See http://www.slf4j.org/codes.html#StaticLoggerBinder for further details.
    [junit] MAJOR: ------------------------------------------------------------
    [junit] MAJOR: Run 2 ordered tests to verify independence
    [junit] MAJOR: ------------------------------------------------------------
    [junit] MAJOR: Preprocessing time: 8.93 seconds
    [junit] MAJOR: ------------------------------------------------------------
    [junit] MAJOR: Mutants generated: 438
    [junit] MAJOR: Mutants covered:   101 (23.06%)
    [junit] MAJOR: ------------------------------------------------------------
    [junit] MAJOR: Export test map to (testMap.csv)
    [junit] MAJOR: Export coverage map to (covMap.csv)
    [junit] MAJOR: Exclude 0 mutants
    [junit] MAJOR: ------------------------------------------------------------
    [junit] MAJOR: Run mutation analysis with 2 individual tests
    [junit] MAJOR: ------------------------------------------------------------
    [junit] MAJOR: 1/2 - com.google.javascript.jscomp.ScopedAliases_ESTest1 (60ms / 100):
    [junit] MAJOR: 162010 (47 / 100 / 100) -> AVG-RTPM: 1620ms
    [junit] MAJOR: Mutants killed / live: 47 (0-47-0) / 54
    [junit] MAJOR: ------------------------------------------------------------
    [junit] MAJOR: 2/2 - com.google.javascript.jscomp.ScopedAliases_ESTest0 (171ms / 4):
    [junit] MAJOR: 162364 (4 / 4 / 4) -> AVG-RTPM: 88ms
    [junit] MAJOR: Mutants killed / live: 51 (0-51-0) / 50
    [junit] MAJOR: ------------------------------------------------------------
    [junit] MAJOR: Summary:
    [junit] MAJOR: 
    [junit] MAJOR: Analysis time:  162.4 seconds
    [junit] MAJOR: Mutation score: 11.64% (50.50%)
    [junit] MAJOR: Mutants killed / live: 51 (0-51-0) / 50
    [junit] MAJOR: Mutant executions: 104
    [junit] MAJOR: ------------------------------------------------------------
    [junit] MAJOR: Export summary of results (to summary.csv)
    [junit] MAJOR: Export mutant kill details (to /tmp/run_mutation.pl_106937_1501782936/108f/kill.csv)
    [junit] MAJOR: Export kill map (to killMap.csv)!

BUILD SUCCESSFUL
Total time: 3 minutes 21 seconds
