
rhino:

properties:

init:

compile:

compile-most:

compile-jdk15:

compile:

properties:

compile:

xmlimplsrc-compile:
     [echo] Calling /tmp/run_mutation.pl_125784_1501788560/119f/lib/rhino/xmlimplsrc/build.xml

compile:

compile-all:

compile:

jar:

rhino-jarjar:
   [jarjar] Updating jar: /tmp/run_mutation.pl_125784_1501788560/119f/build/lib/rhino.jar

relversion:

compile:
    [javac] /tmp/run_mutation.pl_125784_1501788560/119f/build.xml:259: warning: 'includeantruntime' was not set, defaulting to build.sysclasspath=last; set to false for repeatable builds
    [javac] /tmp/run_mutation.pl_125784_1501788560/119f/build.xml:265: warning: 'includeantruntime' was not set, defaulting to build.sysclasspath=last; set to false for repeatable builds
[propertyfile] Updating property file: /tmp/run_mutation.pl_125784_1501788560/119f/build/classes/com/google/javascript/jscomp/parsing/ParserConfig.properties

compile-tests:
    [mkdir] Created dir: /tmp/run_mutation.pl_125784_1501788560/119f/build/test
    [javac] /tmp/run_mutation.pl_125784_1501788560/119f/build.xml:333: warning: 'includeantruntime' was not set, defaulting to build.sysclasspath=last; set to false for repeatable builds
    [javac] Compiling 428 source files to /tmp/run_mutation.pl_125784_1501788560/119f/build/test
    [javac] warning: [options] bootstrap class path not set in conjunction with -source 1.6
    [javac] 1 warning
    [javac] /tmp/run_mutation.pl_125784_1501788560/119f/build.xml:339: warning: 'includeantruntime' was not set, defaulting to build.sysclasspath=last; set to false for repeatable builds
    [javac] Compiling 237 source files to /tmp/run_mutation.pl_125784_1501788560/119f/build/test
    [javac] warning: [options] bootstrap class path not set in conjunction with -source 1.6
    [javac] 1 warning

compile.tests:

update.all.tests:

mutation.test:
     [echo] Running mutation analysis ...
    [junit] MAJOR: Mutation analysis enabled
SLF4J: Failed to load class "org.slf4j.impl.StaticLoggerBinder".
SLF4J: Defaulting to no-operation (NOP) logger implementation
SLF4J: See http://www.slf4j.org/codes.html#StaticLoggerBinder for further details.
    [junit] MAJOR: com.google.javascript.jscomp.GlobalNamespace_ESTest26[test26] failed!
    [junit] MAJOR:  -> AssertionFailedError
    [junit] MAJOR:  -> "Expecting exception: IllegalArgumentException"
    [junit] MAJOR: Exclude 1 failing test class:
    [junit] MAJOR:  - com.google.javascript.jscomp.GlobalNamespace_ESTest26
    [junit] MAJOR: ------------------------------------------------------------
    [junit] MAJOR: Run 64 ordered tests to verify independence
    [junit] MAJOR: ------------------------------------------------------------
    [junit] MAJOR: Preprocessing time: 358.15 seconds
    [junit] MAJOR: ------------------------------------------------------------
    [junit] MAJOR: Mutants generated: 923
    [junit] MAJOR: Mutants covered:   415 (44.96%)
    [junit] MAJOR: ------------------------------------------------------------
    [junit] MAJOR: Export test map to (testMap.csv)
    [junit] MAJOR: Export coverage map to (covMap.csv)
    [junit] MAJOR: Exclude 0 mutants
    [junit] MAJOR: ------------------------------------------------------------
    [junit] MAJOR: Run mutation analysis with 64 individual tests
    [junit] MAJOR: ------------------------------------------------------------
    [junit] MAJOR: 1/64 - com.google.javascript.jscomp.GlobalNamespace_ESTest25 (30ms / 7):
    [junit] MAJOR: 18500 (4 / 7 / 7) -> AVG-RTPM: 2642ms
    [junit] MAJOR: Mutants killed / live: 4 (0-4-0) / 411
    [junit] MAJOR: ------------------------------------------------------------
    [junit] MAJOR: 2/64 - com.google.javascript.jscomp.GlobalNamespace_ESTest31 (30ms / 54):
    [junit] MAJOR: 28352 (55 / 54 / 54) -> AVG-RTPM: 182ms
    [junit] MAJOR: Mutants killed / live: 59 (0-59-0) / 356
    [junit] MAJOR: ------------------------------------------------------------
    [junit] MAJOR: 3/64 - com.google.javascript.jscomp.GlobalNamespace_ESTest41 (30ms / 44):
    [junit] MAJOR: 32199 (24 / 44 / 44) -> AVG-RTPM: 87ms
    [junit] MAJOR: Mutants killed / live: 83 (0-103-0) / 332
    [junit] MAJOR: ------------------------------------------------------------
    [junit] MAJOR: 4/64 - com.google.javascript.jscomp.GlobalNamespace_ESTest55 (34ms / 40):
    [junit] MAJOR: 36039 (25 / 40 / 40) -> AVG-RTPM: 96ms
    [junit] MAJOR: Mutants killed / live: 108 (0-143-0) / 307
    [junit] MAJOR: ------------------------------------------------------------
    [junit] MAJOR: 5/64 - com.google.javascript.jscomp.GlobalNamespace_ESTest11 (38ms / 2):
    [junit] MAJOR: 36414 (0 / 2 / 2) -> AVG-RTPM: 187ms
    [junit] MAJOR: Mutants killed / live: 108 (0-145-0) / 307
    [junit] MAJOR: ------------------------------------------------------------
    [junit] MAJOR: 6/64 - com.google.javascript.jscomp.GlobalNamespace_ESTest19 (38ms / 15):
    [junit] MAJOR: 37688 (0 / 15 / 15) -> AVG-RTPM: 84ms
    [junit] MAJOR: Mutants killed / live: 108 (0-160-0) / 307
    [junit] MAJOR: ------------------------------------------------------------
    [junit] MAJOR: 7/64 - com.google.javascript.jscomp.GlobalNamespace_ESTest22 (39ms / 16):
    [junit] MAJOR: 39155 (1 / 16 / 16) -> AVG-RTPM: 91ms
    [junit] MAJOR: Mutants killed / live: 109 (0-176-0) / 306
    [junit] MAJOR: ------------------------------------------------------------
    [junit] MAJOR: 8/64 - com.google.javascript.jscomp.GlobalNamespace_ESTest36 (39ms / 38):
    [junit] MAJOR: 42819 (2 / 38 / 38) -> AVG-RTPM: 96ms
    [junit] MAJOR: Mutants killed / live: 111 (0-214-0) / 304
    [junit] MAJOR: ------------------------------------------------------------
    [junit] MAJOR: 9/64 - com.google.javascript.jscomp.GlobalNamespace_ESTest48 (39ms / 107):
    [junit] MAJOR: 52233 (92 / 107 / 107) -> AVG-RTPM: 87ms
    [junit] MAJOR: Mutants killed / live: 203 (0-321-0) / 212
    [junit] MAJOR: ------------------------------------------------------------
    [junit] MAJOR: 10/64 - com.google.javascript.jscomp.GlobalNamespace_ESTest17 (40ms / 18):
    [junit] MAJOR: 53577 (3 / 18 / 18) -> AVG-RTPM: 74ms
    [junit] MAJOR: Mutants killed / live: 206 (0-339-0) / 209
    [junit] MAJOR: ------------------------------------------------------------
    [junit] MAJOR: 11/64 - com.google.javascript.jscomp.GlobalNamespace_ESTest44 (41ms / 29):
    [junit] MAJOR: 55843 (0 / 29 / 29) -> AVG-RTPM: 78ms
    [junit] MAJOR: Mutants killed / live: 206 (0-368-0) / 209
    [junit] MAJOR: ------------------------------------------------------------
    [junit] MAJOR: 12/64 - com.google.javascript.jscomp.GlobalNamespace_ESTest9 (41ms / 0):
    [junit] MAJOR: 55844 (0 / 0 / 0) -> AVG-RTPM: 0ms
    [junit] MAJOR: Mutants killed / live: 206 (0-368-0) / 209
    [junit] MAJOR: ------------------------------------------------------------
    [junit] MAJOR: 13/64 - com.google.javascript.jscomp.GlobalNamespace_ESTest37 (42ms / 27):
    [junit] MAJOR: 57799 (0 / 27 / 27) -> AVG-RTPM: 72ms
    [junit] MAJOR: Mutants killed / live: 206 (0-395-0) / 209
    [junit] MAJOR: ------------------------------------------------------------
    [junit] MAJOR: 14/64 - com.google.javascript.jscomp.GlobalNamespace_ESTest52 (42ms / 25):
    [junit] MAJOR: 60443 (10 / 25 / 25) -> AVG-RTPM: 105ms
    [junit] MAJOR: Mutants killed / live: 216 (0-420-0) / 199
    [junit] MAJOR: ------------------------------------------------------------
    [junit] MAJOR: 15/64 - com.google.javascript.jscomp.GlobalNamespace_ESTest57 (42ms / 27):
    [junit] MAJOR: 62551 (12 / 27 / 27) -> AVG-RTPM: 78ms
    [junit] MAJOR: Mutants killed / live: 228 (0-447-0) / 187
    [junit] MAJOR: ------------------------------------------------------------
    [junit] MAJOR: 16/64 - com.google.javascript.jscomp.GlobalNamespace_ESTest66 (44ms / 23):
    [junit] MAJOR: 64400 (21 / 23 / 23) -> AVG-RTPM: 80ms
    [junit] MAJOR: Mutants killed / live: 249 (0-470-0) / 166
    [junit] MAJOR: ------------------------------------------------------------
    [junit] MAJOR: 17/64 - com.google.javascript.jscomp.GlobalNamespace_ESTest16 (45ms / 2):
    [junit] MAJOR: 64504 (0 / 2 / 2) -> AVG-RTPM: 52ms
    [junit] MAJOR: Mutants killed / live: 249 (0-472-0) / 166
    [junit] MAJOR: ------------------------------------------------------------
    [junit] MAJOR: 18/64 - com.google.javascript.jscomp.GlobalNamespace_ESTest43 (45ms / 55):
    [junit] MAJOR: 69374 (40 / 55 / 55) -> AVG-RTPM: 88ms
    [junit] MAJOR: Mutants killed / live: 289 (0-527-0) / 126
    [junit] MAJOR: ------------------------------------------------------------
    [junit] MAJOR: 19/64 - com.google.javascript.jscomp.GlobalNamespace_ESTest45 (45ms / 110):
    [junit] MAJOR: 79826 (0 / 110 / 110) -> AVG-RTPM: 95ms
    [junit] MAJOR: Mutants killed / live: 289 (0-637-0) / 126
    [junit] MAJOR: ------------------------------------------------------------
    [junit] MAJOR: 20/64 - com.google.javascript.jscomp.GlobalNamespace_ESTest20 (46ms / 15):
    [junit] MAJOR: 81141 (0 / 15 / 15) -> AVG-RTPM: 87ms
    [junit] MAJOR: Mutants killed / live: 289 (0-652-0) / 126
    [junit] MAJOR: ------------------------------------------------------------
    [junit] MAJOR: 21/64 - com.google.javascript.jscomp.GlobalNamespace_ESTest23 (46ms / 15):
    [junit] MAJOR: 82249 (0 / 15 / 15) -> AVG-RTPM: 73ms
    [junit] MAJOR: Mutants killed / live: 289 (0-667-0) / 126
    [junit] MAJOR: ------------------------------------------------------------
    [junit] MAJOR: 22/64 - com.google.javascript.jscomp.GlobalNamespace_ESTest3 (47ms / 14):
    [junit] MAJOR: 84198 (12 / 14 / 14) -> AVG-RTPM: 139ms
    [junit] MAJOR: Mutants killed / live: 301 (0-681-0) / 114
    [junit] MAJOR: ------------------------------------------------------------
    [junit] MAJOR: 23/64 - com.google.javascript.jscomp.GlobalNamespace_ESTest34 (47ms / 38):
    [junit] MAJOR: 87612 (2 / 38 / 38) -> AVG-RTPM: 89ms
    [junit] MAJOR: Mutants killed / live: 303 (0-719-0) / 112
    [junit] MAJOR: ------------------------------------------------------------
    [junit] MAJOR: 24/64 - com.google.javascript.jscomp.GlobalNamespace_ESTest38 (47ms / 50):
    [junit] MAJOR: 91603 (0 / 50 / 50) -> AVG-RTPM: 79ms
    [junit] MAJOR: Mutants killed / live: 303 (0-769-0) / 112
    [junit] MAJOR: ------------------------------------------------------------
    [junit] MAJOR: 25/64 - com.google.javascript.jscomp.GlobalNamespace_ESTest32 (48ms / 40):
    [junit] MAJOR: 95053 (4 / 40 / 40) -> AVG-RTPM: 86ms
    [junit] MAJOR: Mutants killed / live: 307 (0-809-0) / 108
    [junit] MAJOR: ------------------------------------------------------------
    [junit] MAJOR: 26/64 - com.google.javascript.jscomp.GlobalNamespace_ESTest47 (48ms / 98):
    [junit] MAJOR: 104705 (0 / 98 / 98) -> AVG-RTPM: 98ms
    [junit] MAJOR: Mutants killed / live: 307 (0-907-0) / 108
    [junit] MAJOR: ------------------------------------------------------------
    [junit] MAJOR: 27/64 - com.google.javascript.jscomp.GlobalNamespace_ESTest50 (48ms / 57):
    [junit] MAJOR: 109869 (0 / 57 / 57) -> AVG-RTPM: 90ms
    [junit] MAJOR: Mutants killed / live: 307 (0-964-0) / 108
    [junit] MAJOR: ------------------------------------------------------------
    [junit] MAJOR: 28/64 - com.google.javascript.jscomp.GlobalNamespace_ESTest12 (49ms / 2):
    [junit] MAJOR: 110180 (0 / 2 / 2) -> AVG-RTPM: 155ms
    [junit] MAJOR: Mutants killed / live: 307 (0-966-0) / 108
    [junit] MAJOR: ------------------------------------------------------------
    [junit] MAJOR: 29/64 - com.google.javascript.jscomp.GlobalNamespace_ESTest13 (49ms / 1):
    [junit] MAJOR: 110304 (1 / 1 / 1) -> AVG-RTPM: 124ms
    [junit] MAJOR: Mutants killed / live: 308 (0-967-0) / 107
    [junit] MAJOR: ------------------------------------------------------------
    [junit] MAJOR: 30/64 - com.google.javascript.jscomp.GlobalNamespace_ESTest42 (49ms / 28):
    [junit] MAJOR: 112373 (1 / 28 / 28) -> AVG-RTPM: 73ms
    [junit] MAJOR: Mutants killed / live: 309 (0-995-0) / 106
    [junit] MAJOR: ------------------------------------------------------------
    [junit] MAJOR: 31/64 - com.google.javascript.jscomp.GlobalNamespace_ESTest61 (50ms / 5):
    [junit] MAJOR: 112776 (3 / 5 / 5) -> AVG-RTPM: 80ms
    [junit] MAJOR: Mutants killed / live: 312 (0-1000-0) / 103
    [junit] MAJOR: ------------------------------------------------------------
    [junit] MAJOR: 32/64 - com.google.javascript.jscomp.GlobalNamespace_ESTest14 (51ms / 3):
    [junit] MAJOR: 113027 (1 / 3 / 3) -> AVG-RTPM: 83ms
    [junit] MAJOR: Mutants killed / live: 313 (0-1003-0) / 102
    [junit] MAJOR: ------------------------------------------------------------
    [junit] MAJOR: 33/64 - com.google.javascript.jscomp.GlobalNamespace_ESTest56 (52ms / 40):
    [junit] MAJOR: 116399 (0 / 40 / 40) -> AVG-RTPM: 84ms
    [junit] MAJOR: Mutants killed / live: 313 (0-1043-0) / 102
    [junit] MAJOR: ------------------------------------------------------------
    [junit] MAJOR: 34/64 - com.google.javascript.jscomp.GlobalNamespace_ESTest28 (53ms / 25):
    [junit] MAJOR: 119122 (12 / 25 / 25) -> AVG-RTPM: 108ms
    [junit] MAJOR: Mutants killed / live: 325 (0-1068-0) / 90
    [junit] MAJOR: ------------------------------------------------------------
    [junit] MAJOR: 35/64 - com.google.javascript.jscomp.GlobalNamespace_ESTest4 (53ms / 14):
    [junit] MAJOR: 120977 (0 / 14 / 14) -> AVG-RTPM: 132ms
    [junit] MAJOR: Mutants killed / live: 325 (0-1082-0) / 90
    [junit] MAJOR: ------------------------------------------------------------
    [junit] MAJOR: 36/64 - com.google.javascript.jscomp.GlobalNamespace_ESTest21 (54ms / 15):
    [junit] MAJOR: 122617 (0 / 15 / 15) -> AVG-RTPM: 109ms
    [junit] MAJOR: Mutants killed / live: 325 (0-1097-0) / 90
    [junit] MAJOR: ------------------------------------------------------------
    [junit] MAJOR: 37/64 - com.google.javascript.jscomp.GlobalNamespace_ESTest30 (56ms / 23):
    [junit] MAJOR: 124043 (0 / 23 / 23) -> AVG-RTPM: 62ms
    [junit] MAJOR: Mutants killed / live: 325 (0-1120-0) / 90
    [junit] MAJOR: ------------------------------------------------------------
    [junit] MAJOR: 38/64 - com.google.javascript.jscomp.GlobalNamespace_ESTest6 (56ms / 14):
    [junit] MAJOR: 125538 (1 / 14 / 14) -> AVG-RTPM: 106ms
    [junit] MAJOR: Mutants killed / live: 326 (0-1134-0) / 89
    [junit] MAJOR: ------------------------------------------------------------
    [junit] MAJOR: 39/64 - com.google.javascript.jscomp.GlobalNamespace_ESTest46 (57ms / 98):
    [junit] MAJOR: 134771 (0 / 98 / 98) -> AVG-RTPM: 94ms
    [junit] MAJOR: Mutants killed / live: 326 (0-1232-0) / 89
    [junit] MAJOR: ------------------------------------------------------------
    [junit] MAJOR: 40/64 - com.google.javascript.jscomp.GlobalNamespace_ESTest54 (62ms / 31):
    [junit] MAJOR: 137367 (0 / 31 / 31) -> AVG-RTPM: 83ms
    [junit] MAJOR: Mutants killed / live: 326 (0-1263-0) / 89
    [junit] MAJOR: ------------------------------------------------------------
    [junit] MAJOR: 41/64 - com.google.javascript.jscomp.GlobalNamespace_ESTest33 (64ms / 38):
    [junit] MAJOR: 141069 (2 / 38 / 38) -> AVG-RTPM: 97ms
    [junit] MAJOR: Mutants killed / live: 328 (0-1301-0) / 87
    [junit] MAJOR: ------------------------------------------------------------
    [junit] MAJOR: 42/64 - com.google.javascript.jscomp.GlobalNamespace_ESTest40 (65ms / 38):
    [junit] MAJOR: 144731 (0 / 38 / 38) -> AVG-RTPM: 96ms
    [junit] MAJOR: Mutants killed / live: 328 (0-1339-0) / 87
    [junit] MAJOR: ------------------------------------------------------------
    [junit] MAJOR: 43/64 - com.google.javascript.jscomp.GlobalNamespace_ESTest10 (78ms / 2):
    [junit] MAJOR: 144912 (0 / 2 / 2) -> AVG-RTPM: 90ms
    [junit] MAJOR: Mutants killed / live: 328 (0-1341-0) / 87
    [junit] MAJOR: ------------------------------------------------------------
    [junit] MAJOR: 44/64 - com.google.javascript.jscomp.GlobalNamespace_ESTest49 (82ms / 107):
    [junit] MAJOR: 153565 (0 / 107 / 107) -> AVG-RTPM: 80ms
    [junit] MAJOR: Mutants killed / live: 328 (0-1448-0) / 87
    [junit] MAJOR: ------------------------------------------------------------
    [junit] MAJOR: 45/64 - com.google.javascript.jscomp.GlobalNamespace_ESTest60 (85ms / 18):
    [junit] MAJOR: 155099 (3 / 18 / 18) -> AVG-RTPM: 85ms
    [junit] MAJOR: Mutants killed / live: 331 (0-1466-0) / 84
    [junit] MAJOR: ------------------------------------------------------------
    [junit] MAJOR: 46/64 - com.google.javascript.jscomp.GlobalNamespace_ESTest58 (89ms / 22):
    [junit] MAJOR: 157855 (7 / 22 / 22) -> AVG-RTPM: 125ms
    [junit] MAJOR: Mutants killed / live: 338 (0-1488-0) / 77
    [junit] MAJOR: ------------------------------------------------------------
    [junit] MAJOR: 47/64 - com.google.javascript.jscomp.GlobalNamespace_ESTest35 (90ms / 40):
    [junit] MAJOR: 161448 (4 / 40 / 40) -> AVG-RTPM: 89ms
    [junit] MAJOR: Mutants killed / live: 342 (0-1528-0) / 73
    [junit] MAJOR: ------------------------------------------------------------
    [junit] MAJOR: 48/64 - com.google.javascript.jscomp.GlobalNamespace_ESTest39 (91ms / 54):
    [junit] MAJOR: 166215 (0 / 54 / 54) -> AVG-RTPM: 88ms
    [junit] MAJOR: Mutants killed / live: 342 (0-1582-0) / 73
    [junit] MAJOR: ------------------------------------------------------------
    [junit] MAJOR: 49/64 - com.google.javascript.jscomp.GlobalNamespace_ESTest51 (91ms / 119):
    [junit] MAJOR: 176402 (9 / 119 / 119) -> AVG-RTPM: 85ms
    [junit] MAJOR: Mutants killed / live: 351 (0-1701-0) / 64
    [junit] MAJOR: ------------------------------------------------------------
    [junit] MAJOR: 50/64 - com.google.javascript.jscomp.GlobalNamespace_ESTest18 (96ms / 15):
    [junit] MAJOR: 178124 (0 / 15 / 15) -> AVG-RTPM: 114ms
    [junit] MAJOR: Mutants killed / live: 351 (0-1716-0) / 64
    [junit] MAJOR: ------------------------------------------------------------
    [junit] MAJOR: 51/64 - com.google.javascript.jscomp.GlobalNamespace_ESTest63 (96ms / 15):
    [junit] MAJOR: 179780 (13 / 15 / 15) -> AVG-RTPM: 110ms
    [junit] MAJOR: Mutants killed / live: 364 (0-1731-0) / 51
    [junit] MAJOR: ------------------------------------------------------------
    [junit] MAJOR: 52/64 - com.google.javascript.jscomp.GlobalNamespace_ESTest8 (98ms / 4):
    [junit] MAJOR: 180240 (0 / 4 / 4) -> AVG-RTPM: 114ms
    [junit] MAJOR: Mutants killed / live: 364 (0-1735-0) / 51
    [junit] MAJOR: ------------------------------------------------------------
    [junit] MAJOR: 53/64 - com.google.javascript.jscomp.GlobalNamespace_ESTest53 (99ms / 39):
    [junit] MAJOR: 183230 (9 / 39 / 39) -> AVG-RTPM: 76ms
    [junit] MAJOR: Mutants killed / live: 373 (0-1774-0) / 42
    [junit] MAJOR: ------------------------------------------------------------
    [junit] MAJOR: 54/64 - com.google.javascript.jscomp.GlobalNamespace_ESTest15 (100ms / 2):
    [junit] MAJOR: 183355 (0 / 2 / 2) -> AVG-RTPM: 62ms
    [junit] MAJOR: Mutants killed / live: 373 (0-1776-0) / 42
    [junit] MAJOR: ------------------------------------------------------------
    [junit] MAJOR: 55/64 - com.google.javascript.jscomp.GlobalNamespace_ESTest29 (100ms / 20):
    [junit] MAJOR: 185189 (0 / 20 / 20) -> AVG-RTPM: 91ms
    [junit] MAJOR: Mutants killed / live: 373 (0-1796-0) / 42
    [junit] MAJOR: ------------------------------------------------------------
    [junit] MAJOR: 56/64 - com.google.javascript.jscomp.GlobalNamespace_ESTest59 (101ms / 23):
    [junit] MAJOR: 187017 (0 / 23 / 23) -> AVG-RTPM: 79ms
    [junit] MAJOR: Mutants killed / live: 373 (0-1819-0) / 42
    [junit] MAJOR: ------------------------------------------------------------
    [junit] MAJOR: 57/64 - com.google.javascript.jscomp.GlobalNamespace_ESTest24 (103ms / 18):
    [junit] MAJOR: 188440 (0 / 18 / 18) -> AVG-RTPM: 79ms
    [junit] MAJOR: Mutants killed / live: 373 (0-1837-0) / 42
    [junit] MAJOR: ------------------------------------------------------------
    [junit] MAJOR: 58/64 - com.google.javascript.jscomp.GlobalNamespace_ESTest27 (104ms / 4):
    [junit] MAJOR: 189162 (0 / 4 / 4) -> AVG-RTPM: 180ms
    [junit] MAJOR: Mutants killed / live: 373 (0-1841-0) / 42
    [junit] MAJOR: ------------------------------------------------------------
    [junit] MAJOR: 59/64 - com.google.javascript.jscomp.GlobalNamespace_ESTest1 (113ms / 19):
    [junit] MAJOR: 191600 (0 / 19 / 19) -> AVG-RTPM: 128ms
    [junit] MAJOR: Mutants killed / live: 373 (0-1860-0) / 42
    [junit] MAJOR: ------------------------------------------------------------
    [junit] MAJOR: 60/64 - com.google.javascript.jscomp.GlobalNamespace_ESTest7 (113ms / 4):
    [junit] MAJOR: 191836 (0 / 4 / 4) -> AVG-RTPM: 58ms
    [junit] MAJOR: Mutants killed / live: 373 (0-1864-0) / 42
    [junit] MAJOR: ------------------------------------------------------------
    [junit] MAJOR: 61/64 - com.google.javascript.jscomp.GlobalNamespace_ESTest2 (149ms / 29):
    [junit] MAJOR: 195702 (8 / 29 / 29) -> AVG-RTPM: 133ms
    [junit] MAJOR: Mutants killed / live: 381 (0-1893-0) / 34
    [junit] MAJOR: ------------------------------------------------------------
    [junit] MAJOR: 62/64 - com.google.javascript.jscomp.GlobalNamespace_ESTest5 (152ms / 4):
    [junit] MAJOR: 196108 (0 / 4 / 4) -> AVG-RTPM: 101ms
    [junit] MAJOR: Mutants killed / live: 381 (0-1897-0) / 34
    [junit] MAJOR: ------------------------------------------------------------
    [junit] MAJOR: 63/64 - com.google.javascript.jscomp.GlobalNamespace_ESTest65 (153ms / 53):
    [junit] MAJOR: 201359 (33 / 53 / 53) -> AVG-RTPM: 99ms
    [junit] MAJOR: Mutants killed / live: 414 (0-1950-0) / 1
    [junit] MAJOR: ------------------------------------------------------------
    [junit] MAJOR: 64/64 - com.google.javascript.jscomp.GlobalNamespace_ESTest0 (167ms / 29):
    [junit] MAJOR: 205532 (1 / 29 / 29) -> AVG-RTPM: 143ms
    [junit] MAJOR: Mutants killed / live: 415 (0-1979-0) / 0
    [junit] MAJOR: ------------------------------------------------------------
    [junit] MAJOR: Summary:
    [junit] MAJOR: 
    [junit] MAJOR: Analysis time:  205.5 seconds
    [junit] MAJOR: Mutation score: 44.96% (100.00%)
    [junit] MAJOR: Mutants killed / live: 415 (0-1979-0) / 0
    [junit] MAJOR: Mutant executions: 1981
    [junit] MAJOR: ------------------------------------------------------------
    [junit] MAJOR: Export summary of results (to summary.csv)
    [junit] MAJOR: Export mutant kill details (to /tmp/run_mutation.pl_125784_1501788560/119f/kill.csv)
    [junit] MAJOR: Export kill map (to killMap.csv)!

BUILD SUCCESSFUL
Total time: 9 minutes 50 seconds
