
rhino:

properties:

init:

compile:

compile-most:

compile-jdk15:

compile:

properties:

compile:

xmlimplsrc-compile:
     [echo] Calling /tmp/run_mutation.pl_122310_1501438318/119f/lib/rhino/xmlimplsrc/build.xml

compile:

compile-all:

compile:

jar:

rhino-jarjar:
   [jarjar] Updating jar: /tmp/run_mutation.pl_122310_1501438318/119f/build/lib/rhino.jar

relversion:

compile:
    [javac] /tmp/run_mutation.pl_122310_1501438318/119f/build.xml:259: warning: 'includeantruntime' was not set, defaulting to build.sysclasspath=last; set to false for repeatable builds
    [javac] /tmp/run_mutation.pl_122310_1501438318/119f/build.xml:265: warning: 'includeantruntime' was not set, defaulting to build.sysclasspath=last; set to false for repeatable builds
[propertyfile] Updating property file: /tmp/run_mutation.pl_122310_1501438318/119f/build/classes/com/google/javascript/jscomp/parsing/ParserConfig.properties

compile-tests:
    [mkdir] Created dir: /tmp/run_mutation.pl_122310_1501438318/119f/build/test
    [javac] /tmp/run_mutation.pl_122310_1501438318/119f/build.xml:333: warning: 'includeantruntime' was not set, defaulting to build.sysclasspath=last; set to false for repeatable builds
    [javac] Compiling 428 source files to /tmp/run_mutation.pl_122310_1501438318/119f/build/test
    [javac] warning: [options] bootstrap class path not set in conjunction with -source 1.6
    [javac] 1 warning
    [javac] /tmp/run_mutation.pl_122310_1501438318/119f/build.xml:339: warning: 'includeantruntime' was not set, defaulting to build.sysclasspath=last; set to false for repeatable builds
    [javac] Compiling 237 source files to /tmp/run_mutation.pl_122310_1501438318/119f/build/test
    [javac] warning: [options] bootstrap class path not set in conjunction with -source 1.6
    [javac] 1 warning

compile.tests:

update.all.tests:

mutation.test:
     [echo] Running mutation analysis ...
    [junit] MAJOR: Mutation analysis enabled
SLF4J: Failed to load class "org.slf4j.impl.StaticLoggerBinder".
SLF4J: Defaulting to no-operation (NOP) logger implementation
SLF4J: See http://www.slf4j.org/codes.html#StaticLoggerBinder for further details.
    [junit] MAJOR: ------------------------------------------------------------
    [junit] MAJOR: Run 78 ordered tests to verify independence
    [junit] MAJOR: ------------------------------------------------------------
    [junit] MAJOR: Preprocessing time: 381.99 seconds
    [junit] MAJOR: ------------------------------------------------------------
    [junit] MAJOR: Mutants generated: 923
    [junit] MAJOR: Mutants covered:   544 (58.94%)
    [junit] MAJOR: ------------------------------------------------------------
    [junit] MAJOR: Export test map to (testMap.csv)
    [junit] MAJOR: Export coverage map to (covMap.csv)
    [junit] MAJOR: Exclude 0 mutants
    [junit] MAJOR: ------------------------------------------------------------
    [junit] MAJOR: Run mutation analysis with 78 individual tests
    [junit] MAJOR: ------------------------------------------------------------
    [junit] MAJOR: 1/78 - com.google.javascript.jscomp.GlobalNamespace_ESTest6 (-471ms / 4):
    [junit] MAJOR: 17810 (0 / 4 / 4) -> AVG-RTPM: 4452ms
    [junit] MAJOR: Mutants killed / live: 0 (0-0-0) / 544
    [junit] MAJOR: ------------------------------------------------------------
    [junit] MAJOR: 2/78 - com.google.javascript.jscomp.GlobalNamespace_ESTest11 (29ms / 1):
    [junit] MAJOR: 22760 (0 / 1 / 1) -> AVG-RTPM: 4950ms
    [junit] MAJOR: Mutants killed / live: 0 (0-0-0) / 544
    [junit] MAJOR: ------------------------------------------------------------
    [junit] MAJOR: 3/78 - com.google.javascript.jscomp.GlobalNamespace_ESTest15 (29ms / 18):
    [junit] MAJOR: 34046 (18 / 18 / 18) -> AVG-RTPM: 627ms
    [junit] MAJOR: Mutants killed / live: 18 (0-17-1) / 526
    [junit] MAJOR: ------------------------------------------------------------
    [junit] MAJOR: 4/78 - com.google.javascript.jscomp.GlobalNamespace_ESTest18 (29ms / 15):
    [junit] MAJOR: 35513 (1 / 15 / 15) -> AVG-RTPM: 97ms
    [junit] MAJOR: Mutants killed / live: 19 (0-33-1) / 525
    [junit] MAJOR: ------------------------------------------------------------
    [junit] MAJOR: 5/78 - com.google.javascript.jscomp.GlobalNamespace_ESTest3 (29ms / 4):
    [junit] MAJOR: 35992 (4 / 4 / 4) -> AVG-RTPM: 119ms
    [junit] MAJOR: Mutants killed / live: 23 (0-37-1) / 521
    [junit] MAJOR: ------------------------------------------------------------
    [junit] MAJOR: 6/78 - com.google.javascript.jscomp.GlobalNamespace_ESTest31 (29ms / 23):
    [junit] MAJOR: 37727 (5 / 23 / 23) -> AVG-RTPM: 75ms
    [junit] MAJOR: Mutants killed / live: 28 (0-60-1) / 516
    [junit] MAJOR: ------------------------------------------------------------
    [junit] MAJOR: 7/78 - com.google.javascript.jscomp.GlobalNamespace_ESTest33 (30ms / 24):
    [junit] MAJOR: 39831 (9 / 24 / 24) -> AVG-RTPM: 87ms
    [junit] MAJOR: Mutants killed / live: 37 (0-84-1) / 507
    [junit] MAJOR: ------------------------------------------------------------
    [junit] MAJOR: 8/78 - com.google.javascript.jscomp.GlobalNamespace_ESTest35 (30ms / 25):
    [junit] MAJOR: 42363 (2 / 25 / 25) -> AVG-RTPM: 101ms
    [junit] MAJOR: Mutants killed / live: 39 (0-109-1) / 505
    [junit] MAJOR: ------------------------------------------------------------
    [junit] MAJOR: 9/78 - com.google.javascript.jscomp.GlobalNamespace_ESTest43 (30ms / 36):
    [junit] MAJOR: 45556 (14 / 36 / 36) -> AVG-RTPM: 88ms
    [junit] MAJOR: Mutants killed / live: 53 (0-145-1) / 491
    [junit] MAJOR: ------------------------------------------------------------
    [junit] MAJOR: 10/78 - com.google.javascript.jscomp.GlobalNamespace_ESTest47 (30ms / 56):
    [junit] MAJOR: 50611 (33 / 56 / 56) -> AVG-RTPM: 90ms
    [junit] MAJOR: Mutants killed / live: 86 (0-201-1) / 458
    [junit] MAJOR: ------------------------------------------------------------
    [junit] MAJOR: 11/78 - com.google.javascript.jscomp.GlobalNamespace_ESTest50 (30ms / 155):
    [junit] MAJOR: 65126 (123 / 155 / 155) -> AVG-RTPM: 93ms
    [junit] MAJOR: Mutants killed / live: 209 (0-356-1) / 335
    [junit] MAJOR: ------------------------------------------------------------
    [junit] MAJOR: 12/78 - com.google.javascript.jscomp.GlobalNamespace_ESTest45 (31ms / 37):
    [junit] MAJOR: 68206 (2 / 37 / 37) -> AVG-RTPM: 83ms
    [junit] MAJOR: Mutants killed / live: 211 (0-393-1) / 333
    [junit] MAJOR: ------------------------------------------------------------
    [junit] MAJOR: 13/78 - com.google.javascript.jscomp.GlobalNamespace_ESTest49 (31ms / 55):
    [junit] MAJOR: 73506 (1 / 55 / 55) -> AVG-RTPM: 96ms
    [junit] MAJOR: Mutants killed / live: 212 (0-448-1) / 332
    [junit] MAJOR: ------------------------------------------------------------
    [junit] MAJOR: 14/78 - com.google.javascript.jscomp.GlobalNamespace_ESTest59 (31ms / 57):
    [junit] MAJOR: 78826 (0 / 57 / 57) -> AVG-RTPM: 93ms
    [junit] MAJOR: Mutants killed / live: 212 (0-505-1) / 332
    [junit] MAJOR: ------------------------------------------------------------
    [junit] MAJOR: 15/78 - com.google.javascript.jscomp.GlobalNamespace_ESTest74 (31ms / 18):
    [junit] MAJOR: 80191 (3 / 18 / 18) -> AVG-RTPM: 75ms
    [junit] MAJOR: Mutants killed / live: 215 (0-523-1) / 329
    [junit] MAJOR: ------------------------------------------------------------
    [junit] MAJOR: 16/78 - com.google.javascript.jscomp.GlobalNamespace_ESTest12 (32ms / 3):
    [junit] MAJOR: 80511 (1 / 3 / 3) -> AVG-RTPM: 106ms
    [junit] MAJOR: Mutants killed / live: 216 (0-526-1) / 328
    [junit] MAJOR: ------------------------------------------------------------
    [junit] MAJOR: 17/78 - com.google.javascript.jscomp.GlobalNamespace_ESTest21 (32ms / 37):
    [junit] MAJOR: 85213 (4 / 37 / 37) -> AVG-RTPM: 127ms
    [junit] MAJOR: Mutants killed / live: 220 (0-563-1) / 324
    [junit] MAJOR: ------------------------------------------------------------
    [junit] MAJOR: 18/78 - com.google.javascript.jscomp.GlobalNamespace_ESTest22 (32ms / 18):
    [junit] MAJOR: 86897 (0 / 18 / 18) -> AVG-RTPM: 93ms
    [junit] MAJOR: Mutants killed / live: 220 (0-581-1) / 324
    [junit] MAJOR: ------------------------------------------------------------
    [junit] MAJOR: 19/78 - com.google.javascript.jscomp.GlobalNamespace_ESTest24 (32ms / 7):
    [junit] MAJOR: 87483 (3 / 7 / 7) -> AVG-RTPM: 83ms
    [junit] MAJOR: Mutants killed / live: 223 (0-588-1) / 321
    [junit] MAJOR: ------------------------------------------------------------
    [junit] MAJOR: 20/78 - com.google.javascript.jscomp.GlobalNamespace_ESTest36 (32ms / 24):
    [junit] MAJOR: 89921 (1 / 24 / 24) -> AVG-RTPM: 101ms
    [junit] MAJOR: Mutants killed / live: 224 (0-612-1) / 320
    [junit] MAJOR: ------------------------------------------------------------
    [junit] MAJOR: 21/78 - com.google.javascript.jscomp.GlobalNamespace_ESTest52 (32ms / 235):
    [junit] MAJOR: 111303 (76 / 235 / 235) -> AVG-RTPM: 90ms
    [junit] MAJOR: Mutants killed / live: 300 (0-847-1) / 244
    [junit] MAJOR: ------------------------------------------------------------
    [junit] MAJOR: 22/78 - com.google.javascript.jscomp.GlobalNamespace_ESTest54 (32ms / 42):
    [junit] MAJOR: 115146 (0 / 42 / 42) -> AVG-RTPM: 91ms
    [junit] MAJOR: Mutants killed / live: 300 (0-889-1) / 244
    [junit] MAJOR: ------------------------------------------------------------
    [junit] MAJOR: 23/78 - com.google.javascript.jscomp.GlobalNamespace_ESTest55 (32ms / 54):
    [junit] MAJOR: 120448 (5 / 54 / 54) -> AVG-RTPM: 98ms
    [junit] MAJOR: Mutants killed / live: 305 (0-943-1) / 239
    [junit] MAJOR: ------------------------------------------------------------
    [junit] MAJOR: 24/78 - com.google.javascript.jscomp.GlobalNamespace_ESTest56 (32ms / 98):
    [junit] MAJOR: 129520 (0 / 98 / 98) -> AVG-RTPM: 92ms
    [junit] MAJOR: Mutants killed / live: 305 (0-1041-1) / 239
    [junit] MAJOR: ------------------------------------------------------------
    [junit] MAJOR: 25/78 - com.google.javascript.jscomp.GlobalNamespace_ESTest57 (32ms / 116):
    [junit] MAJOR: 139870 (10 / 116 / 116) -> AVG-RTPM: 89ms
    [junit] MAJOR: Mutants killed / live: 315 (0-1157-1) / 229
    [junit] MAJOR: ------------------------------------------------------------
    [junit] MAJOR: 26/78 - com.google.javascript.jscomp.GlobalNamespace_ESTest68 (32ms / 31):
    [junit] MAJOR: 142705 (16 / 31 / 31) -> AVG-RTPM: 91ms
    [junit] MAJOR: Mutants killed / live: 331 (0-1188-1) / 213
    [junit] MAJOR: ------------------------------------------------------------
    [junit] MAJOR: 27/78 - com.google.javascript.jscomp.GlobalNamespace_ESTest38 (33ms / 32):
    [junit] MAJOR: 146628 (0 / 32 / 32) -> AVG-RTPM: 122ms
    [junit] MAJOR: Mutants killed / live: 331 (0-1220-1) / 213
    [junit] MAJOR: ------------------------------------------------------------
    [junit] MAJOR: 28/78 - com.google.javascript.jscomp.GlobalNamespace_ESTest62 (33ms / 104):
    [junit] MAJOR: 156326 (0 / 104 / 104) -> AVG-RTPM: 93ms
    [junit] MAJOR: Mutants killed / live: 331 (0-1324-1) / 213
    [junit] MAJOR: ------------------------------------------------------------
    [junit] MAJOR: 29/78 - com.google.javascript.jscomp.GlobalNamespace_ESTest63 (33ms / 115):
    [junit] MAJOR: 166900 (1 / 115 / 115) -> AVG-RTPM: 91ms
    [junit] MAJOR: Mutants killed / live: 332 (0-1439-1) / 212
    [junit] MAJOR: ------------------------------------------------------------
    [junit] MAJOR: 30/78 - com.google.javascript.jscomp.GlobalNamespace_ESTest69 (33ms / 40):
    [junit] MAJOR: 170456 (9 / 40 / 40) -> AVG-RTPM: 88ms
    [junit] MAJOR: Mutants killed / live: 341 (0-1479-1) / 203
    [junit] MAJOR: ------------------------------------------------------------
    [junit] MAJOR: 31/78 - com.google.javascript.jscomp.GlobalNamespace_ESTest8 (33ms / 2):
    [junit] MAJOR: 170622 (0 / 2 / 2) -> AVG-RTPM: 83ms
    [junit] MAJOR: Mutants killed / live: 341 (0-1481-1) / 203
    [junit] MAJOR: ------------------------------------------------------------
    [junit] MAJOR: 32/78 - com.google.javascript.jscomp.GlobalNamespace_ESTest9 (33ms / 158):
    [junit] MAJOR: 188113 (1 / 158 / 158) -> AVG-RTPM: 110ms
    [junit] MAJOR: Mutants killed / live: 342 (0-1639-1) / 202
    [junit] MAJOR: ------------------------------------------------------------
    [junit] MAJOR: 33/78 - com.google.javascript.jscomp.GlobalNamespace_ESTest65 (34ms / 25):
    [junit] MAJOR: 190735 (10 / 25 / 25) -> AVG-RTPM: 104ms
    [junit] MAJOR: Mutants killed / live: 352 (0-1664-1) / 192
    [junit] MAJOR: ------------------------------------------------------------
    [junit] MAJOR: 34/78 - com.google.javascript.jscomp.GlobalNamespace_ESTest73 (34ms / 18):
    [junit] MAJOR: 191932 (0 / 18 / 18) -> AVG-RTPM: 66ms
    [junit] MAJOR: Mutants killed / live: 352 (0-1682-1) / 192
    [junit] MAJOR: ------------------------------------------------------------
    [junit] MAJOR: 35/78 - com.google.javascript.jscomp.GlobalNamespace_ESTest77 (34ms / 15):
    [junit] MAJOR: 193991 (13 / 15 / 15) -> AVG-RTPM: 137ms
    [junit] MAJOR: Mutants killed / live: 365 (0-1697-1) / 179
    [junit] MAJOR: ------------------------------------------------------------
    [junit] MAJOR: 36/78 - com.google.javascript.jscomp.GlobalNamespace_ESTest81 (34ms / 53):
    [junit] MAJOR: 198672 (51 / 53 / 53) -> AVG-RTPM: 88ms
    [junit] MAJOR: Mutants killed / live: 416 (0-1750-1) / 128
    [junit] MAJOR: ------------------------------------------------------------
    [junit] MAJOR: 37/78 - com.google.javascript.jscomp.GlobalNamespace_ESTest70 (35ms / 40):
    [junit] MAJOR: 202768 (0 / 40 / 40) -> AVG-RTPM: 102ms
    [junit] MAJOR: Mutants killed / live: 416 (0-1790-1) / 128
    [junit] MAJOR: ------------------------------------------------------------
    [junit] MAJOR: 38/78 - com.google.javascript.jscomp.GlobalNamespace_ESTest14 (36ms / 2):
    [junit] MAJOR: 203101 (0 / 2 / 2) -> AVG-RTPM: 166ms
    [junit] MAJOR: Mutants killed / live: 416 (0-1792-1) / 128
    [junit] MAJOR: ------------------------------------------------------------
    [junit] MAJOR: 39/78 - com.google.javascript.jscomp.GlobalNamespace_ESTest41 (36ms / 42):
    [junit] MAJOR: 207826 (3 / 42 / 42) -> AVG-RTPM: 112ms
    [junit] MAJOR: Mutants killed / live: 419 (0-1834-1) / 125
    [junit] MAJOR: ------------------------------------------------------------
    [junit] MAJOR: 40/78 - com.google.javascript.jscomp.GlobalNamespace_ESTest71 (36ms / 27):
    [junit] MAJOR: 210454 (2 / 27 / 27) -> AVG-RTPM: 97ms
    [junit] MAJOR: Mutants killed / live: 421 (0-1861-1) / 123
    [junit] MAJOR: ------------------------------------------------------------
    [junit] MAJOR: 41/78 - com.google.javascript.jscomp.GlobalNamespace_ESTest46 (37ms / 36):
    [junit] MAJOR: 213712 (1 / 36 / 36) -> AVG-RTPM: 90ms
    [junit] MAJOR: Mutants killed / live: 422 (0-1897-1) / 122
    [junit] MAJOR: ------------------------------------------------------------
    [junit] MAJOR: 42/78 - com.google.javascript.jscomp.GlobalNamespace_ESTest19 (38ms / 15):
    [junit] MAJOR: 214815 (0 / 15 / 15) -> AVG-RTPM: 73ms
    [junit] MAJOR: Mutants killed / live: 422 (0-1912-1) / 122
    [junit] MAJOR: ------------------------------------------------------------
    [junit] MAJOR: 43/78 - com.google.javascript.jscomp.GlobalNamespace_ESTest2 (38ms / 4):
    [junit] MAJOR: 215229 (0 / 4 / 4) -> AVG-RTPM: 103ms
    [junit] MAJOR: Mutants killed / live: 422 (0-1916-1) / 122
    [junit] MAJOR: ------------------------------------------------------------
    [junit] MAJOR: 44/78 - com.google.javascript.jscomp.GlobalNamespace_ESTest29 (38ms / 19):
    [junit] MAJOR: 217250 (0 / 19 / 19) -> AVG-RTPM: 106ms
    [junit] MAJOR: Mutants killed / live: 422 (0-1935-1) / 122
    [junit] MAJOR: ------------------------------------------------------------
    [junit] MAJOR: 45/78 - com.google.javascript.jscomp.GlobalNamespace_ESTest13 (39ms / 2):
    [junit] MAJOR: 217381 (0 / 2 / 2) -> AVG-RTPM: 65ms
    [junit] MAJOR: Mutants killed / live: 422 (0-1937-1) / 122
    [junit] MAJOR: ------------------------------------------------------------
    [junit] MAJOR: 46/78 - com.google.javascript.jscomp.GlobalNamespace_ESTest17 (40ms / 15):
    [junit] MAJOR: 219041 (0 / 15 / 15) -> AVG-RTPM: 110ms
    [junit] MAJOR: Mutants killed / live: 422 (0-1952-1) / 122
    [junit] MAJOR: ------------------------------------------------------------
    [junit] MAJOR: 47/78 - com.google.javascript.jscomp.GlobalNamespace_ESTest20 (40ms / 16):
    [junit] MAJOR: 220403 (1 / 16 / 16) -> AVG-RTPM: 85ms
    [junit] MAJOR: Mutants killed / live: 423 (0-1968-1) / 121
    [junit] MAJOR: ------------------------------------------------------------
    [junit] MAJOR: 48/78 - com.google.javascript.jscomp.GlobalNamespace_ESTest27 (40ms / 25):
    [junit] MAJOR: 223728 (21 / 25 / 25) -> AVG-RTPM: 133ms
    [junit] MAJOR: Mutants killed / live: 444 (0-1993-1) / 100
    [junit] MAJOR: ------------------------------------------------------------
    [junit] MAJOR: 49/78 - com.google.javascript.jscomp.GlobalNamespace_ESTest39 (40ms / 36):
    [junit] MAJOR: 227127 (1 / 36 / 36) -> AVG-RTPM: 94ms
    [junit] MAJOR: Mutants killed / live: 445 (0-2029-1) / 99
    [junit] MAJOR: ------------------------------------------------------------
    [junit] MAJOR: 50/78 - com.google.javascript.jscomp.GlobalNamespace_ESTest40 (41ms / 43):
    [junit] MAJOR: 231900 (1 / 43 / 43) -> AVG-RTPM: 111ms
    [junit] MAJOR: Mutants killed / live: 446 (0-2072-1) / 98
    [junit] MAJOR: ------------------------------------------------------------
    [junit] MAJOR: 51/78 - com.google.javascript.jscomp.GlobalNamespace_ESTest34 (42ms / 25):
    [junit] MAJOR: 233833 (2 / 25 / 25) -> AVG-RTPM: 77ms
    [junit] MAJOR: Mutants killed / live: 448 (0-2097-1) / 96
    [junit] MAJOR: ------------------------------------------------------------
    [junit] MAJOR: 52/78 - com.google.javascript.jscomp.GlobalNamespace_ESTest44 (43ms / 36):
    [junit] MAJOR: 237623 (1 / 36 / 36) -> AVG-RTPM: 105ms
    [junit] MAJOR: Mutants killed / live: 449 (0-2133-1) / 95
    [junit] MAJOR: ------------------------------------------------------------
    [junit] MAJOR: 53/78 - com.google.javascript.jscomp.GlobalNamespace_ESTest64 (43ms / 129):
    [junit] MAJOR: 249914 (1 / 129 / 129) -> AVG-RTPM: 95ms
    [junit] MAJOR: Mutants killed / live: 450 (0-2262-1) / 94
    [junit] MAJOR: ------------------------------------------------------------
    [junit] MAJOR: 54/78 - com.google.javascript.jscomp.GlobalNamespace_ESTest66 (43ms / 34):
    [junit] MAJOR: 253614 (9 / 34 / 34) -> AVG-RTPM: 108ms
    [junit] MAJOR: Mutants killed / live: 459 (0-2296-1) / 85
    [junit] MAJOR: ------------------------------------------------------------
    [junit] MAJOR: 55/78 - com.google.javascript.jscomp.GlobalNamespace_ESTest4 (44ms / 29):
    [junit] MAJOR: 257261 (8 / 29 / 29) -> AVG-RTPM: 125ms
    [junit] MAJOR: Mutants killed / live: 467 (0-2325-1) / 77
    [junit] MAJOR: ------------------------------------------------------------
    [junit] MAJOR: 56/78 - com.google.javascript.jscomp.GlobalNamespace_ESTest75 (44ms / 5):
    [junit] MAJOR: 257604 (3 / 5 / 5) -> AVG-RTPM: 68ms
    [junit] MAJOR: Mutants killed / live: 470 (0-2330-1) / 74
    [junit] MAJOR: ------------------------------------------------------------
    [junit] MAJOR: 57/78 - com.google.javascript.jscomp.GlobalNamespace_ESTest16 (45ms / 15):
    [junit] MAJOR: 259597 (0 / 15 / 15) -> AVG-RTPM: 132ms
    [junit] MAJOR: Mutants killed / live: 470 (0-2345-1) / 74
    [junit] MAJOR: ------------------------------------------------------------
    [junit] MAJOR: 58/78 - com.google.javascript.jscomp.GlobalNamespace_ESTest60 (45ms / 69):
    [junit] MAJOR: 267118 (0 / 69 / 69) -> AVG-RTPM: 109ms
    [junit] MAJOR: Mutants killed / live: 470 (0-2414-1) / 74
    [junit] MAJOR: ------------------------------------------------------------
    [junit] MAJOR: 59/78 - com.google.javascript.jscomp.GlobalNamespace_ESTest25 (49ms / 38):
    [junit] MAJOR: 271644 (7 / 38 / 38) -> AVG-RTPM: 119ms
    [junit] MAJOR: Mutants killed / live: 477 (0-2452-1) / 67
    [junit] MAJOR: ------------------------------------------------------------
    [junit] MAJOR: 60/78 - com.google.javascript.jscomp.GlobalNamespace_ESTest53 (49ms / 29):
    [junit] MAJOR: 274271 (0 / 29 / 29) -> AVG-RTPM: 90ms
    [junit] MAJOR: Mutants killed / live: 477 (0-2481-1) / 67
    [junit] MAJOR: ------------------------------------------------------------
    [junit] MAJOR: 61/78 - com.google.javascript.jscomp.GlobalNamespace_ESTest51 (50ms / 158):
    [junit] MAJOR: 289491 (0 / 158 / 158) -> AVG-RTPM: 96ms
    [junit] MAJOR: Mutants killed / live: 477 (0-2639-1) / 67
    [junit] MAJOR: ------------------------------------------------------------
    [junit] MAJOR: 62/78 - com.google.javascript.jscomp.GlobalNamespace_ESTest10 (53ms / 2):
    [junit] MAJOR: 290515 (0 / 2 / 2) -> AVG-RTPM: 512ms
    [junit] MAJOR: Mutants killed / live: 477 (0-2641-1) / 67
    [junit] MAJOR: ------------------------------------------------------------
    [junit] MAJOR: 63/78 - com.google.javascript.jscomp.GlobalNamespace_ESTest58 (57ms / 115):
    [junit] MAJOR: 301572 (0 / 115 / 115) -> AVG-RTPM: 96ms
    [junit] MAJOR: Mutants killed / live: 477 (0-2756-1) / 67
    [junit] MAJOR: ------------------------------------------------------------
    [junit] MAJOR: 64/78 - com.google.javascript.jscomp.GlobalNamespace_ESTest1 (62ms / 90):
    [junit] MAJOR: 313223 (53 / 90 / 90) -> AVG-RTPM: 129ms
    [junit] MAJOR: Mutants killed / live: 530 (0-2846-1) / 14
    [junit] MAJOR: ------------------------------------------------------------
    [junit] MAJOR: 65/78 - com.google.javascript.jscomp.GlobalNamespace_ESTest28 (63ms / 34):
    [junit] MAJOR: 317537 (0 / 34 / 34) -> AVG-RTPM: 126ms
    [junit] MAJOR: Mutants killed / live: 530 (0-2880-1) / 14
    [junit] MAJOR: ------------------------------------------------------------
    [junit] MAJOR: 66/78 - com.google.javascript.jscomp.GlobalNamespace_ESTest42 (66ms / 37):
    [junit] MAJOR: 321185 (2 / 37 / 37) -> AVG-RTPM: 98ms
    [junit] MAJOR: Mutants killed / live: 532 (0-2917-1) / 12
    [junit] MAJOR: ------------------------------------------------------------
    [junit] MAJOR: 67/78 - com.google.javascript.jscomp.GlobalNamespace_ESTest48 (69ms / 28):
    [junit] MAJOR: 324179 (1 / 28 / 28) -> AVG-RTPM: 106ms
    [junit] MAJOR: Mutants killed / live: 533 (0-2945-1) / 11
    [junit] MAJOR: ------------------------------------------------------------
    [junit] MAJOR: 68/78 - com.google.javascript.jscomp.GlobalNamespace_ESTest72 (75ms / 22):
    [junit] MAJOR: 327009 (7 / 22 / 22) -> AVG-RTPM: 128ms
    [junit] MAJOR: Mutants killed / live: 540 (0-2967-1) / 4
    [junit] MAJOR: ------------------------------------------------------------
    [junit] MAJOR: 69/78 - com.google.javascript.jscomp.GlobalNamespace_ESTest37 (79ms / 25):
    [junit] MAJOR: 329542 (0 / 25 / 25) -> AVG-RTPM: 101ms
    [junit] MAJOR: Mutants killed / live: 540 (0-2992-1) / 4
    [junit] MAJOR: ------------------------------------------------------------
    [junit] MAJOR: 70/78 - com.google.javascript.jscomp.GlobalNamespace_ESTest30 (87ms / 110):
    [junit] MAJOR: 339582 (0 / 110 / 110) -> AVG-RTPM: 91ms
    [junit] MAJOR: Mutants killed / live: 540 (0-3102-1) / 4
    [junit] MAJOR: ------------------------------------------------------------
    [junit] MAJOR: 71/78 - com.google.javascript.jscomp.GlobalNamespace_ESTest7 (87ms / 0):
    [junit] MAJOR: 339582 (0 / 0 / 0) -> AVG-RTPM: 0ms
    [junit] MAJOR: Mutants killed / live: 540 (0-3102-1) / 4
    [junit] MAJOR: ------------------------------------------------------------
    [junit] MAJOR: 72/78 - com.google.javascript.jscomp.GlobalNamespace_ESTest26 (95ms / 4):
    [junit] MAJOR: 340033 (0 / 4 / 4) -> AVG-RTPM: 112ms
    [junit] MAJOR: Mutants killed / live: 540 (0-3106-1) / 4
    [junit] MAJOR: ------------------------------------------------------------
    [junit] MAJOR: 73/78 - com.google.javascript.jscomp.GlobalNamespace_ESTest32 (95ms / 24):
    [junit] MAJOR: 342416 (0 / 24 / 24) -> AVG-RTPM: 99ms
    [junit] MAJOR: Mutants killed / live: 540 (0-3130-1) / 4
    [junit] MAJOR: ------------------------------------------------------------
    [junit] MAJOR: 74/78 - com.google.javascript.jscomp.GlobalNamespace_ESTest80 (98ms / 23):
    [junit] MAJOR: 344790 (3 / 23 / 23) -> AVG-RTPM: 103ms
    [junit] MAJOR: Mutants killed / live: 543 (0-3153-1) / 1
    [junit] MAJOR: ------------------------------------------------------------
    [junit] MAJOR: 75/78 - com.google.javascript.jscomp.GlobalNamespace_ESTest5 (99ms / 4):
    [junit] MAJOR: 344486 (0 / 4 / 4) -> AVG-RTPM: -76ms
    [junit] MAJOR: Mutants killed / live: 543 (0-3157-1) / 1
    [junit] MAJOR: ------------------------------------------------------------
    [junit] MAJOR: 76/78 - com.google.javascript.jscomp.GlobalNamespace_ESTest61 (99ms / 95):
    [junit] MAJOR: 354417 (0 / 95 / 95) -> AVG-RTPM: 104ms
    [junit] MAJOR: Mutants killed / live: 543 (0-3252-1) / 1
    [junit] MAJOR: ------------------------------------------------------------
    [junit] MAJOR: 77/78 - com.google.javascript.jscomp.GlobalNamespace_ESTest23 (100ms / 7):
    [junit] MAJOR: 354461 (0 / 7 / 7) -> AVG-RTPM: 6ms
    [junit] MAJOR: Mutants killed / live: 543 (0-3259-1) / 1
    [junit] MAJOR: ------------------------------------------------------------
    [junit] MAJOR: 78/78 - com.google.javascript.jscomp.GlobalNamespace_ESTest0 (105ms / 14):
    [junit] MAJOR: 357147 (1 / 14 / 14) -> AVG-RTPM: 191ms
    [junit] MAJOR: Mutants killed / live: 544 (0-3273-1) / 0
    [junit] MAJOR: ------------------------------------------------------------
    [junit] MAJOR: Summary:
    [junit] MAJOR: 
    [junit] MAJOR: Analysis time:  357.1 seconds
    [junit] MAJOR: Mutation score: 58.94% (100.00%)
    [junit] MAJOR: Mutants killed / live: 544 (0-3273-1) / 0
    [junit] MAJOR: Mutant executions: 3278
    [junit] MAJOR: ------------------------------------------------------------
    [junit] MAJOR: Export summary of results (to summary.csv)
    [junit] MAJOR: Export mutant kill details (to /tmp/run_mutation.pl_122310_1501438318/119f/kill.csv)
    [junit] MAJOR: Export kill map (to killMap.csv)!

BUILD SUCCESSFUL
Total time: 12 minutes 39 seconds
