
rhino:

properties:

init:

compile:

compile-most:

compile-jdk15:

compile:

properties:

compile:

xmlimplsrc-compile:
     [echo] Calling /tmp/run_mutation.pl_129836_1501789281/120f/lib/rhino/xmlimplsrc/build.xml

compile:

compile-all:

compile:

jar:

rhino-jarjar:
   [jarjar] Updating jar: /tmp/run_mutation.pl_129836_1501789281/120f/build/lib/rhino.jar

relversion:

compile:
    [javac] /tmp/run_mutation.pl_129836_1501789281/120f/build.xml:259: warning: 'includeantruntime' was not set, defaulting to build.sysclasspath=last; set to false for repeatable builds
    [javac] /tmp/run_mutation.pl_129836_1501789281/120f/build.xml:265: warning: 'includeantruntime' was not set, defaulting to build.sysclasspath=last; set to false for repeatable builds
[propertyfile] Updating property file: /tmp/run_mutation.pl_129836_1501789281/120f/build/classes/com/google/javascript/jscomp/parsing/ParserConfig.properties

compile-tests:
    [mkdir] Created dir: /tmp/run_mutation.pl_129836_1501789281/120f/build/test
    [javac] /tmp/run_mutation.pl_129836_1501789281/120f/build.xml:333: warning: 'includeantruntime' was not set, defaulting to build.sysclasspath=last; set to false for repeatable builds
    [javac] Compiling 428 source files to /tmp/run_mutation.pl_129836_1501789281/120f/build/test
    [javac] warning: [options] bootstrap class path not set in conjunction with -source 1.6
    [javac] 1 warning
    [javac] /tmp/run_mutation.pl_129836_1501789281/120f/build.xml:339: warning: 'includeantruntime' was not set, defaulting to build.sysclasspath=last; set to false for repeatable builds
    [javac] Compiling 237 source files to /tmp/run_mutation.pl_129836_1501789281/120f/build/test
    [javac] warning: [options] bootstrap class path not set in conjunction with -source 1.6
    [javac] 1 warning

compile.tests:

update.all.tests:

mutation.test:
     [echo] Running mutation analysis ...
    [junit] MAJOR: Mutation analysis enabled
SLF4J: Failed to load class "org.slf4j.impl.StaticLoggerBinder".
SLF4J: Defaulting to no-operation (NOP) logger implementation
SLF4J: See http://www.slf4j.org/codes.html#StaticLoggerBinder for further details.
    [junit] MAJOR: ------------------------------------------------------------
    [junit] MAJOR: Run 43 ordered tests to verify independence
    [junit] MAJOR: ------------------------------------------------------------
    [junit] MAJOR: Preprocessing time: 199.68 seconds
    [junit] MAJOR: ------------------------------------------------------------
    [junit] MAJOR: Mutants generated: 425
    [junit] MAJOR: Mutants covered:   188 (44.24%)
    [junit] MAJOR: ------------------------------------------------------------
    [junit] MAJOR: Export test map to (testMap.csv)
    [junit] MAJOR: Export coverage map to (covMap.csv)
    [junit] MAJOR: Exclude 0 mutants
    [junit] MAJOR: ------------------------------------------------------------
    [junit] MAJOR: Run mutation analysis with 43 individual tests
    [junit] MAJOR: ------------------------------------------------------------
    [junit] MAJOR: 1/43 - com.google.javascript.jscomp.ReferenceCollectingCallback_ESTest3 (32ms / 0):
    [junit] MAJOR: 0 (0 / 0 / 0) -> AVG-RTPM: 0ms
    [junit] MAJOR: Mutants killed / live: 0 (0-0-0) / 188
    [junit] MAJOR: ------------------------------------------------------------
    [junit] MAJOR: 2/43 - com.google.javascript.jscomp.ReferenceCollectingCallback_ESTest32 (34ms / 13):
    [junit] MAJOR: 49681 (8 / 13 / 13) -> AVG-RTPM: 3821ms
    [junit] MAJOR: Mutants killed / live: 8 (1-7-0) / 180
    [junit] MAJOR: ------------------------------------------------------------
    [junit] MAJOR: 3/43 - com.google.javascript.jscomp.ReferenceCollectingCallback_ESTest33 (34ms / 17):
    [junit] MAJOR: 60365 (12 / 17 / 17) -> AVG-RTPM: 628ms
    [junit] MAJOR: Mutants killed / live: 20 (2-23-0) / 168
    [junit] MAJOR: ------------------------------------------------------------
    [junit] MAJOR: 4/43 - com.google.javascript.jscomp.ReferenceCollectingCallback_ESTest40 (38ms / 39):
    [junit] MAJOR: 63388 (39 / 39 / 39) -> AVG-RTPM: 77ms
    [junit] MAJOR: Mutants killed / live: 59 (2-62-0) / 129
    [junit] MAJOR: ------------------------------------------------------------
    [junit] MAJOR: 5/43 - com.google.javascript.jscomp.ReferenceCollectingCallback_ESTest38 (40ms / 3):
    [junit] MAJOR: 63623 (3 / 3 / 3) -> AVG-RTPM: 78ms
    [junit] MAJOR: Mutants killed / live: 62 (2-65-0) / 126
    [junit] MAJOR: ------------------------------------------------------------
    [junit] MAJOR: 6/43 - com.google.javascript.jscomp.ReferenceCollectingCallback_ESTest37 (43ms / 19):
    [junit] MAJOR: 64614 (18 / 19 / 19) -> AVG-RTPM: 52ms
    [junit] MAJOR: Mutants killed / live: 80 (2-84-0) / 108
    [junit] MAJOR: ------------------------------------------------------------
    [junit] MAJOR: 7/43 - com.google.javascript.jscomp.ReferenceCollectingCallback_ESTest36 (44ms / 17):
    [junit] MAJOR: 65436 (1 / 17 / 17) -> AVG-RTPM: 48ms
    [junit] MAJOR: Mutants killed / live: 81 (2-101-0) / 107
    [junit] MAJOR: ------------------------------------------------------------
    [junit] MAJOR: 8/43 - com.google.javascript.jscomp.ReferenceCollectingCallback_ESTest24 (45ms / 12):
    [junit] MAJOR: 66408 (1 / 12 / 12) -> AVG-RTPM: 81ms
    [junit] MAJOR: Mutants killed / live: 82 (2-113-0) / 106
    [junit] MAJOR: ------------------------------------------------------------
    [junit] MAJOR: 9/43 - com.google.javascript.jscomp.ReferenceCollectingCallback_ESTest29 (45ms / 5):
    [junit] MAJOR: 66624 (4 / 5 / 5) -> AVG-RTPM: 43ms
    [junit] MAJOR: Mutants killed / live: 86 (2-118-0) / 102
    [junit] MAJOR: ------------------------------------------------------------
    [junit] MAJOR: 10/43 - com.google.javascript.jscomp.ReferenceCollectingCallback_ESTest42 (45ms / 21):
    [junit] MAJOR: 68111 (17 / 21 / 21) -> AVG-RTPM: 70ms
    [junit] MAJOR: Mutants killed / live: 103 (2-139-0) / 85
    [junit] MAJOR: ------------------------------------------------------------
    [junit] MAJOR: 11/43 - com.google.javascript.jscomp.ReferenceCollectingCallback_ESTest10 (46ms / 0):
    [junit] MAJOR: 68112 (0 / 0 / 0) -> AVG-RTPM: 0ms
    [junit] MAJOR: Mutants killed / live: 103 (2-139-0) / 85
    [junit] MAJOR: ------------------------------------------------------------
    [junit] MAJOR: 12/43 - com.google.javascript.jscomp.ReferenceCollectingCallback_ESTest18 (46ms / 16):
    [junit] MAJOR: 68899 (15 / 16 / 16) -> AVG-RTPM: 49ms
    [junit] MAJOR: Mutants killed / live: 118 (2-155-0) / 70
    [junit] MAJOR: ------------------------------------------------------------
    [junit] MAJOR: 13/43 - com.google.javascript.jscomp.ReferenceCollectingCallback_ESTest35 (46ms / 17):
    [junit] MAJOR: 69718 (16 / 17 / 17) -> AVG-RTPM: 48ms
    [junit] MAJOR: Mutants killed / live: 134 (2-172-0) / 54
    [junit] MAJOR: ------------------------------------------------------------
    [junit] MAJOR: 14/43 - com.google.javascript.jscomp.ReferenceCollectingCallback_ESTest39 (46ms / 38):
    [junit] MAJOR: 73242 (7 / 38 / 38) -> AVG-RTPM: 92ms
    [junit] MAJOR: Mutants killed / live: 141 (2-210-0) / 47
    [junit] MAJOR: ------------------------------------------------------------
    [junit] MAJOR: 15/43 - com.google.javascript.jscomp.ReferenceCollectingCallback_ESTest2 (48ms / 0):
    [junit] MAJOR: 73243 (0 / 0 / 0) -> AVG-RTPM: 0ms
    [junit] MAJOR: Mutants killed / live: 141 (2-210-0) / 47
    [junit] MAJOR: ------------------------------------------------------------
    [junit] MAJOR: 16/43 - com.google.javascript.jscomp.ReferenceCollectingCallback_ESTest34 (49ms / 10):
    [junit] MAJOR: 73757 (1 / 10 / 10) -> AVG-RTPM: 51ms
    [junit] MAJOR: Mutants killed / live: 142 (2-220-0) / 46
    [junit] MAJOR: ------------------------------------------------------------
    [junit] MAJOR: 17/43 - com.google.javascript.jscomp.ReferenceCollectingCallback_ESTest7 (49ms / 0):
    [junit] MAJOR: 73758 (0 / 0 / 0) -> AVG-RTPM: 0ms
    [junit] MAJOR: Mutants killed / live: 142 (2-220-0) / 46
    [junit] MAJOR: ------------------------------------------------------------
    [junit] MAJOR: 18/43 - com.google.javascript.jscomp.ReferenceCollectingCallback_ESTest11 (50ms / 0):
    [junit] MAJOR: 73758 (0 / 0 / 0) -> AVG-RTPM: 0ms
    [junit] MAJOR: Mutants killed / live: 142 (2-220-0) / 46
    [junit] MAJOR: ------------------------------------------------------------
    [junit] MAJOR: 19/43 - com.google.javascript.jscomp.ReferenceCollectingCallback_ESTest15 (50ms / 0):
    [junit] MAJOR: 73758 (0 / 0 / 0) -> AVG-RTPM: 0ms
    [junit] MAJOR: Mutants killed / live: 142 (2-220-0) / 46
    [junit] MAJOR: ------------------------------------------------------------
    [junit] MAJOR: 20/43 - com.google.javascript.jscomp.ReferenceCollectingCallback_ESTest30 (50ms / 9):
    [junit] MAJOR: 74151 (9 / 9 / 9) -> AVG-RTPM: 43ms
    [junit] MAJOR: Mutants killed / live: 151 (2-229-0) / 37
    [junit] MAJOR: ------------------------------------------------------------
    [junit] MAJOR: 21/43 - com.google.javascript.jscomp.ReferenceCollectingCallback_ESTest27 (52ms / 10):
    [junit] MAJOR: 74864 (1 / 10 / 10) -> AVG-RTPM: 71ms
    [junit] MAJOR: Mutants killed / live: 152 (2-239-0) / 36
    [junit] MAJOR: ------------------------------------------------------------
    [junit] MAJOR: 22/43 - com.google.javascript.jscomp.ReferenceCollectingCallback_ESTest9 (54ms / 0):
    [junit] MAJOR: 74864 (0 / 0 / 0) -> AVG-RTPM: 0ms
    [junit] MAJOR: Mutants killed / live: 152 (2-239-0) / 36
    [junit] MAJOR: ------------------------------------------------------------
    [junit] MAJOR: 23/43 - com.google.javascript.jscomp.ReferenceCollectingCallback_ESTest22 (55ms / 9):
    [junit] MAJOR: 75807 (3 / 9 / 9) -> AVG-RTPM: 104ms
    [junit] MAJOR: Mutants killed / live: 155 (2-248-0) / 33
    [junit] MAJOR: ------------------------------------------------------------
    [junit] MAJOR: 24/43 - com.google.javascript.jscomp.ReferenceCollectingCallback_ESTest16 (58ms / 0):
    [junit] MAJOR: 75807 (0 / 0 / 0) -> AVG-RTPM: 0ms
    [junit] MAJOR: Mutants killed / live: 155 (2-248-0) / 33
    [junit] MAJOR: ------------------------------------------------------------
    [junit] MAJOR: 25/43 - com.google.javascript.jscomp.ReferenceCollectingCallback_ESTest25 (58ms / 12):
    [junit] MAJOR: 77407 (0 / 12 / 12) -> AVG-RTPM: 133ms
    [junit] MAJOR: Mutants killed / live: 155 (2-260-0) / 33
    [junit] MAJOR: ------------------------------------------------------------
    [junit] MAJOR: 26/43 - com.google.javascript.jscomp.ReferenceCollectingCallback_ESTest12 (60ms / 22):
    [junit] MAJOR: 79252 (12 / 22 / 22) -> AVG-RTPM: 83ms
    [junit] MAJOR: Mutants killed / live: 167 (2-282-0) / 21
    [junit] MAJOR: ------------------------------------------------------------
    [junit] MAJOR: 27/43 - com.google.javascript.jscomp.ReferenceCollectingCallback_ESTest20 (63ms / 26):
    [junit] MAJOR: 81345 (0 / 26 / 26) -> AVG-RTPM: 80ms
    [junit] MAJOR: Mutants killed / live: 167 (2-308-0) / 21
    [junit] MAJOR: ------------------------------------------------------------
    [junit] MAJOR: 28/43 - com.google.javascript.jscomp.ReferenceCollectingCallback_ESTest0 (69ms / 27):
    [junit] MAJOR: 82930 (10 / 27 / 27) -> AVG-RTPM: 58ms
    [junit] MAJOR: Mutants killed / live: 177 (2-335-0) / 11
    [junit] MAJOR: ------------------------------------------------------------
    [junit] MAJOR: 29/43 - com.google.javascript.jscomp.ReferenceCollectingCallback_ESTest5 (71ms / 0):
    [junit] MAJOR: 82930 (0 / 0 / 0) -> AVG-RTPM: 0ms
    [junit] MAJOR: Mutants killed / live: 177 (2-335-0) / 11
    [junit] MAJOR: ------------------------------------------------------------
    [junit] MAJOR: 30/43 - com.google.javascript.jscomp.ReferenceCollectingCallback_ESTest21 (72ms / 14):
    [junit] MAJOR: 83878 (0 / 14 / 14) -> AVG-RTPM: 67ms
    [junit] MAJOR: Mutants killed / live: 177 (2-349-0) / 11
    [junit] MAJOR: ------------------------------------------------------------
    [junit] MAJOR: 31/43 - com.google.javascript.jscomp.ReferenceCollectingCallback_ESTest28 (84ms / 1):
    [junit] MAJOR: 83962 (1 / 1 / 1) -> AVG-RTPM: 83ms
    [junit] MAJOR: Mutants killed / live: 178 (2-350-0) / 10
    [junit] MAJOR: ------------------------------------------------------------
    [junit] MAJOR: 32/43 - com.google.javascript.jscomp.ReferenceCollectingCallback_ESTest31 (85ms / 19):
    [junit] MAJOR: 85236 (7 / 19 / 19) -> AVG-RTPM: 67ms
    [junit] MAJOR: Mutants killed / live: 185 (2-369-0) / 3
    [junit] MAJOR: ------------------------------------------------------------
    [junit] MAJOR: 33/43 - com.google.javascript.jscomp.ReferenceCollectingCallback_ESTest17 (87ms / 0):
    [junit] MAJOR: 85236 (0 / 0 / 0) -> AVG-RTPM: 0ms
    [junit] MAJOR: Mutants killed / live: 185 (2-369-0) / 3
    [junit] MAJOR: ------------------------------------------------------------
    [junit] MAJOR: 34/43 - com.google.javascript.jscomp.ReferenceCollectingCallback_ESTest41 (95ms / 46):
    [junit] MAJOR: 88961 (0 / 46 / 46) -> AVG-RTPM: 80ms
    [junit] MAJOR: Mutants killed / live: 185 (2-415-0) / 3
    [junit] MAJOR: ------------------------------------------------------------
    [junit] MAJOR: 35/43 - com.google.javascript.jscomp.ReferenceCollectingCallback_ESTest19 (99ms / 9):
    [junit] MAJOR: 89473 (1 / 9 / 9) -> AVG-RTPM: 56ms
    [junit] MAJOR: Mutants killed / live: 186 (2-424-0) / 2
    [junit] MAJOR: ------------------------------------------------------------
    [junit] MAJOR: 36/43 - com.google.javascript.jscomp.ReferenceCollectingCallback_ESTest1 (101ms / 0):
    [junit] MAJOR: 89473 (0 / 0 / 0) -> AVG-RTPM: 0ms
    [junit] MAJOR: Mutants killed / live: 186 (2-424-0) / 2
    [junit] MAJOR: ------------------------------------------------------------
    [junit] MAJOR: 37/43 - com.google.javascript.jscomp.ReferenceCollectingCallback_ESTest6 (102ms / 0):
    [junit] MAJOR: 89473 (0 / 0 / 0) -> AVG-RTPM: 0ms
    [junit] MAJOR: Mutants killed / live: 186 (2-424-0) / 2
    [junit] MAJOR: ------------------------------------------------------------
    [junit] MAJOR: 38/43 - com.google.javascript.jscomp.ReferenceCollectingCallback_ESTest4 (106ms / 0):
    [junit] MAJOR: 89474 (0 / 0 / 0) -> AVG-RTPM: 0ms
    [junit] MAJOR: Mutants killed / live: 186 (2-424-0) / 2
    [junit] MAJOR: ------------------------------------------------------------
    [junit] MAJOR: 39/43 - com.google.javascript.jscomp.ReferenceCollectingCallback_ESTest8 (107ms / 0):
    [junit] MAJOR: 89474 (0 / 0 / 0) -> AVG-RTPM: 0ms
    [junit] MAJOR: Mutants killed / live: 186 (2-424-0) / 2
    [junit] MAJOR: ------------------------------------------------------------
    [junit] MAJOR: 40/43 - com.google.javascript.jscomp.ReferenceCollectingCallback_ESTest14 (112ms / 1):
    [junit] MAJOR: 89530 (1 / 1 / 1) -> AVG-RTPM: 56ms
    [junit] MAJOR: Mutants killed / live: 187 (2-425-0) / 1
    [junit] MAJOR: ------------------------------------------------------------
    [junit] MAJOR: 41/43 - com.google.javascript.jscomp.ReferenceCollectingCallback_ESTest26 (115ms / 6):
    [junit] MAJOR: 89878 (0 / 6 / 6) -> AVG-RTPM: 58ms
    [junit] MAJOR: Mutants killed / live: 187 (2-431-0) / 1
    [junit] MAJOR: ------------------------------------------------------------
    [junit] MAJOR: 42/43 - com.google.javascript.jscomp.ReferenceCollectingCallback_ESTest13 (159ms / 0):
    [junit] MAJOR: 89878 (0 / 0 / 0) -> AVG-RTPM: 0ms
    [junit] MAJOR: Mutants killed / live: 187 (2-431-0) / 1
    [junit] MAJOR: ------------------------------------------------------------
    [junit] MAJOR: 43/43 - com.google.javascript.jscomp.ReferenceCollectingCallback_ESTest23 (167ms / 14):
    [junit] MAJOR: 90933 (0 / 14 / 14) -> AVG-RTPM: 75ms
    [junit] MAJOR: Mutants killed / live: 187 (2-445-0) / 1
    [junit] MAJOR: ------------------------------------------------------------
    [junit] MAJOR: Summary:
    [junit] MAJOR: 
    [junit] MAJOR: Analysis time:  90.9 seconds
    [junit] MAJOR: Mutation score: 44.00% (99.47%)
    [junit] MAJOR: Mutants killed / live: 187 (2-445-0) / 1
    [junit] MAJOR: Mutant executions: 452
    [junit] MAJOR: ------------------------------------------------------------
    [junit] MAJOR: Export summary of results (to summary.csv)
    [junit] MAJOR: Export mutant kill details (to /tmp/run_mutation.pl_129836_1501789281/120f/kill.csv)
    [junit] MAJOR: Export kill map (to killMap.csv)!

BUILD SUCCESSFUL
Total time: 5 minutes 16 seconds
