
rhino:

properties:

init:

compile:

compile-most:

compile-jdk15:

compile:

properties:

compile:

xmlimplsrc-compile:
     [echo] Calling /tmp/run_mutation.pl_546_1501441020/124f/lib/rhino/xmlimplsrc/build.xml

compile:

compile-all:

compile:

jar:

rhino-jarjar:
   [jarjar] Updating jar: /tmp/run_mutation.pl_546_1501441020/124f/build/lib/rhino.jar

relversion:

compile:
    [javac] /tmp/run_mutation.pl_546_1501441020/124f/build.xml:259: warning: 'includeantruntime' was not set, defaulting to build.sysclasspath=last; set to false for repeatable builds
    [javac] /tmp/run_mutation.pl_546_1501441020/124f/build.xml:265: warning: 'includeantruntime' was not set, defaulting to build.sysclasspath=last; set to false for repeatable builds
[propertyfile] Updating property file: /tmp/run_mutation.pl_546_1501441020/124f/build/classes/com/google/javascript/jscomp/parsing/ParserConfig.properties

compile-tests:
    [mkdir] Created dir: /tmp/run_mutation.pl_546_1501441020/124f/build/test
    [javac] /tmp/run_mutation.pl_546_1501441020/124f/build.xml:333: warning: 'includeantruntime' was not set, defaulting to build.sysclasspath=last; set to false for repeatable builds
    [javac] Compiling 422 source files to /tmp/run_mutation.pl_546_1501441020/124f/build/test
    [javac] warning: [options] bootstrap class path not set in conjunction with -source 1.6
    [javac] 1 warning
    [javac] /tmp/run_mutation.pl_546_1501441020/124f/build.xml:339: warning: 'includeantruntime' was not set, defaulting to build.sysclasspath=last; set to false for repeatable builds
    [javac] Compiling 235 source files to /tmp/run_mutation.pl_546_1501441020/124f/build/test
    [javac] warning: [options] bootstrap class path not set in conjunction with -source 1.6
    [javac] 1 warning

compile.tests:

update.all.tests:

mutation.test:
     [echo] Running mutation analysis ...
    [junit] MAJOR: Mutation analysis enabled
SLF4J: Failed to load class "org.slf4j.impl.StaticLoggerBinder".
SLF4J: Defaulting to no-operation (NOP) logger implementation
SLF4J: See http://www.slf4j.org/codes.html#StaticLoggerBinder for further details.
    [junit] MAJOR: ------------------------------------------------------------
    [junit] MAJOR: Run 3 ordered tests to verify independence
    [junit] MAJOR: ------------------------------------------------------------
    [junit] MAJOR: Preprocessing time: 8.17 seconds
    [junit] MAJOR: ------------------------------------------------------------
    [junit] MAJOR: Mutants generated: 129
    [junit] MAJOR: Mutants covered:   38 (29.46%)
    [junit] MAJOR: ------------------------------------------------------------
    [junit] MAJOR: Export test map to (testMap.csv)
    [junit] MAJOR: Export coverage map to (covMap.csv)
    [junit] MAJOR: Exclude 0 mutants
    [junit] MAJOR: ------------------------------------------------------------
    [junit] MAJOR: Run mutation analysis with 3 individual tests
    [junit] MAJOR: ------------------------------------------------------------
    [junit] MAJOR: 1/3 - com.google.javascript.jscomp.ExploitAssigns_ESTest2 (39ms / 37):
    [junit] MAJOR: 51957 (12 / 37 / 37) -> AVG-RTPM: 1404ms
    [junit] MAJOR: Mutants killed / live: 12 (0-12-0) / 26
    [junit] MAJOR: ------------------------------------------------------------
    [junit] MAJOR: 2/3 - com.google.javascript.jscomp.ExploitAssigns_ESTest0 (66ms / 31):
    [junit] MAJOR: 73253 (14 / 31 / 31) -> AVG-RTPM: 686ms
    [junit] MAJOR: Mutants killed / live: 26 (0-38-0) / 12
    [junit] MAJOR: ------------------------------------------------------------
    [junit] MAJOR: 3/3 - com.google.javascript.jscomp.ExploitAssigns_ESTest1 (147ms / 6):
    [junit] MAJOR: 73519 (4 / 6 / 6) -> AVG-RTPM: 44ms
    [junit] MAJOR: Mutants killed / live: 30 (0-44-0) / 8
    [junit] MAJOR: ------------------------------------------------------------
    [junit] MAJOR: Summary:
    [junit] MAJOR: 
    [junit] MAJOR: Analysis time:  73.5 seconds
    [junit] MAJOR: Mutation score: 23.26% (78.95%)
    [junit] MAJOR: Mutants killed / live: 30 (0-44-0) / 8
    [junit] MAJOR: Mutant executions: 74
    [junit] MAJOR: ------------------------------------------------------------
    [junit] MAJOR: Export summary of results (to summary.csv)
    [junit] MAJOR: Export mutant kill details (to /tmp/run_mutation.pl_546_1501441020/124f/kill.csv)
    [junit] MAJOR: Export kill map (to killMap.csv)!

BUILD SUCCESSFUL
Total time: 1 minute 41 seconds
