
rhino:

properties:

init:

compile:

compile-most:

compile-jdk15:

compile:

properties:

compile:

xmlimplsrc-compile:
     [echo] Calling /tmp/run_mutation.pl_107737_1501048949/125f/lib/rhino/xmlimplsrc/build.xml

compile:

compile-all:

compile:

jar:

rhino-jarjar:
   [jarjar] Updating jar: /tmp/run_mutation.pl_107737_1501048949/125f/build/lib/rhino.jar

relversion:

compile:
    [javac] /tmp/run_mutation.pl_107737_1501048949/125f/build.xml:259: warning: 'includeantruntime' was not set, defaulting to build.sysclasspath=last; set to false for repeatable builds
    [javac] /tmp/run_mutation.pl_107737_1501048949/125f/build.xml:265: warning: 'includeantruntime' was not set, defaulting to build.sysclasspath=last; set to false for repeatable builds
[propertyfile] Updating property file: /tmp/run_mutation.pl_107737_1501048949/125f/build/classes/com/google/javascript/jscomp/parsing/ParserConfig.properties

compile-tests:
    [mkdir] Created dir: /tmp/run_mutation.pl_107737_1501048949/125f/build/test
    [javac] /tmp/run_mutation.pl_107737_1501048949/125f/build.xml:333: warning: 'includeantruntime' was not set, defaulting to build.sysclasspath=last; set to false for repeatable builds
    [javac] Compiling 421 source files to /tmp/run_mutation.pl_107737_1501048949/125f/build/test
    [javac] warning: [options] bootstrap class path not set in conjunction with -source 1.6
    [javac] 1 warning
    [javac] /tmp/run_mutation.pl_107737_1501048949/125f/build.xml:339: warning: 'includeantruntime' was not set, defaulting to build.sysclasspath=last; set to false for repeatable builds
    [javac] Compiling 234 source files to /tmp/run_mutation.pl_107737_1501048949/125f/build/test
    [javac] warning: [options] bootstrap class path not set in conjunction with -source 1.6
    [javac] 1 warning

compile.tests:

update.all.tests:

mutation.test:
     [echo] Running mutation analysis ...
    [junit] MAJOR: Mutation analysis enabled
SLF4J: Failed to load class "org.slf4j.impl.StaticLoggerBinder".
SLF4J: Defaulting to no-operation (NOP) logger implementation
SLF4J: See http://www.slf4j.org/codes.html#StaticLoggerBinder for further details.
    [junit] MAJOR: com.google.javascript.jscomp.TypeCheck_ESTest1[test01] failed!
    [junit] MAJOR:  -> AssertionFailedError
    [junit] MAJOR:  -> "Expecting exception: IllegalArgumentException"
    [junit] MAJOR: com.google.javascript.jscomp.TypeCheck_ESTest11[test11] failed!
    [junit] MAJOR:  -> AssertionFailedError
    [junit] MAJOR:  -> "Expecting exception: IllegalArgumentException"
    [junit] MAJOR: com.google.javascript.jscomp.TypeCheck_ESTest28[test28] failed!
    [junit] MAJOR:  -> AssertionFailedError
    [junit] MAJOR:  -> "Expecting exception: IllegalArgumentException"
    [junit] MAJOR: com.google.javascript.jscomp.TypeCheck_ESTest4[test04] failed!
    [junit] MAJOR:  -> AssertionFailedError
    [junit] MAJOR:  -> "Expecting exception: IllegalArgumentException"
    [junit] MAJOR: Exclude 4 failing test classes:
    [junit] MAJOR:  - com.google.javascript.jscomp.TypeCheck_ESTest1
    [junit] MAJOR:  - com.google.javascript.jscomp.TypeCheck_ESTest11
    [junit] MAJOR:  - com.google.javascript.jscomp.TypeCheck_ESTest28
    [junit] MAJOR:  - com.google.javascript.jscomp.TypeCheck_ESTest4
    [junit] MAJOR: ------------------------------------------------------------
    [junit] MAJOR: Run 29 ordered tests to verify independence
    [junit] MAJOR: ------------------------------------------------------------
    [junit] MAJOR: Preprocessing time: 67.67 seconds
    [junit] MAJOR: ------------------------------------------------------------
    [junit] MAJOR: Mutants generated: 1466
    [junit] MAJOR: Mutants covered:   171 (11.66%)
    [junit] MAJOR: ------------------------------------------------------------
    [junit] MAJOR: Export test map to (testMap.csv)
    [junit] MAJOR: Export coverage map to (covMap.csv)
    [junit] MAJOR: Exclude 0 mutants
    [junit] MAJOR: ------------------------------------------------------------
    [junit] MAJOR: Run mutation analysis with 29 individual tests
    [junit] MAJOR: ------------------------------------------------------------
    [junit] MAJOR: 1/29 - com.google.javascript.jscomp.TypeCheck_ESTest20 (32ms / 9):
    [junit] MAJOR: 15178 (0 / 9 / 9) -> AVG-RTPM: 1686ms
    [junit] MAJOR: Mutants killed / live: 0 (0-0-0) / 171
    [junit] MAJOR: ------------------------------------------------------------
    [junit] MAJOR: 2/29 - com.google.javascript.jscomp.TypeCheck_ESTest23 (37ms / 9):
    [junit] MAJOR: 33398 (0 / 9 / 9) -> AVG-RTPM: 2024ms
    [junit] MAJOR: Mutants killed / live: 0 (0-0-0) / 171
    [junit] MAJOR: ------------------------------------------------------------
    [junit] MAJOR: 3/29 - com.google.javascript.jscomp.TypeCheck_ESTest21 (38ms / 14):
    [junit] MAJOR: 68853 (0 / 14 / 14) -> AVG-RTPM: 2532ms
    [junit] MAJOR: Mutants killed / live: 0 (0-0-0) / 171
    [junit] MAJOR: ------------------------------------------------------------
    [junit] MAJOR: 4/29 - com.google.javascript.jscomp.TypeCheck_ESTest27 (39ms / 15):
    [junit] MAJOR: 112918 (1 / 15 / 15) -> AVG-RTPM: 2937ms
    [junit] MAJOR: Mutants killed / live: 1 (1-0-0) / 170
    [junit] MAJOR: ------------------------------------------------------------
    [junit] MAJOR: 5/29 - com.google.javascript.jscomp.TypeCheck_ESTest30 (39ms / 45):
    [junit] MAJOR: 308641 (2 / 45 / 45) -> AVG-RTPM: 4349ms
    [junit] MAJOR: Mutants killed / live: 3 (1-2-0) / 168
    [junit] MAJOR: ------------------------------------------------------------
    [junit] MAJOR: 6/29 - com.google.javascript.jscomp.TypeCheck_ESTest9 (39ms / 15):
    [junit] MAJOR: 398586 (1 / 15 / 15) -> AVG-RTPM: 5996ms
    [junit] MAJOR: Mutants killed / live: 4 (2-2-0) / 167
    [junit] MAJOR: ------------------------------------------------------------
    [junit] MAJOR: 7/29 - com.google.javascript.jscomp.TypeCheck_ESTest12 (41ms / 16):
    [junit] MAJOR: 510400 (0 / 16 / 16) -> AVG-RTPM: 6988ms
    [junit] MAJOR: Mutants killed / live: 4 (3-2-0) / 167
    [junit] MAJOR: ------------------------------------------------------------
    [junit] MAJOR: 8/29 - com.google.javascript.jscomp.TypeCheck_ESTest2 (41ms / 15):
    [junit] MAJOR: 550722 (8 / 15 / 15) -> AVG-RTPM: 2688ms
    [junit] MAJOR: Mutants killed / live: 12 (3-13-0) / 159
    [junit] MAJOR: ------------------------------------------------------------
    [junit] MAJOR: 9/29 - com.google.javascript.jscomp.TypeCheck_ESTest26 (41ms / 15):
    [junit] MAJOR: 552813 (4 / 15 / 15) -> AVG-RTPM: 139ms
    [junit] MAJOR: Mutants killed / live: 16 (3-28-0) / 155
    [junit] MAJOR: ------------------------------------------------------------
    [junit] MAJOR: 10/29 - com.google.javascript.jscomp.TypeCheck_ESTest29 (41ms / 16):
    [junit] MAJOR: 555285 (1 / 16 / 16) -> AVG-RTPM: 154ms
    [junit] MAJOR: Mutants killed / live: 17 (3-44-0) / 154
    [junit] MAJOR: ------------------------------------------------------------
    [junit] MAJOR: 11/29 - com.google.javascript.jscomp.TypeCheck_ESTest3 (41ms / 15):
    [junit] MAJOR: 557507 (0 / 15 / 15) -> AVG-RTPM: 148ms
    [junit] MAJOR: Mutants killed / live: 17 (3-59-0) / 154
    [junit] MAJOR: ------------------------------------------------------------
    [junit] MAJOR: 12/29 - com.google.javascript.jscomp.TypeCheck_ESTest31 (41ms / 15):
    [junit] MAJOR: 559882 (0 / 15 / 15) -> AVG-RTPM: 158ms
    [junit] MAJOR: Mutants killed / live: 17 (3-74-0) / 154
    [junit] MAJOR: ------------------------------------------------------------
    [junit] MAJOR: 13/29 - com.google.javascript.jscomp.TypeCheck_ESTest32 (41ms / 32):
    [junit] MAJOR: 565515 (19 / 32 / 32) -> AVG-RTPM: 176ms
    [junit] MAJOR: Mutants killed / live: 36 (3-106-0) / 135
    [junit] MAJOR: ------------------------------------------------------------
    [junit] MAJOR: 14/29 - com.google.javascript.jscomp.TypeCheck_ESTest6 (41ms / 76):
    [junit] MAJOR: 577613 (43 / 76 / 76) -> AVG-RTPM: 159ms
    [junit] MAJOR: Mutants killed / live: 79 (3-182-0) / 92
    [junit] MAJOR: ------------------------------------------------------------
    [junit] MAJOR: 15/29 - com.google.javascript.jscomp.TypeCheck_ESTest17 (42ms / 16):
    [junit] MAJOR: 580137 (2 / 16 / 16) -> AVG-RTPM: 157ms
    [junit] MAJOR: Mutants killed / live: 81 (3-198-0) / 90
    [junit] MAJOR: ------------------------------------------------------------
    [junit] MAJOR: 16/29 - com.google.javascript.jscomp.TypeCheck_ESTest19 (42ms / 15):
    [junit] MAJOR: 582535 (0 / 15 / 15) -> AVG-RTPM: 159ms
    [junit] MAJOR: Mutants killed / live: 81 (3-213-0) / 90
    [junit] MAJOR: ------------------------------------------------------------
    [junit] MAJOR: 17/29 - com.google.javascript.jscomp.TypeCheck_ESTest13 (43ms / 16):
    [junit] MAJOR: 584918 (0 / 16 / 16) -> AVG-RTPM: 148ms
    [junit] MAJOR: Mutants killed / live: 81 (3-229-0) / 90
    [junit] MAJOR: ------------------------------------------------------------
    [junit] MAJOR: 18/29 - com.google.javascript.jscomp.TypeCheck_ESTest18 (43ms / 34):
    [junit] MAJOR: 590379 (0 / 34 / 34) -> AVG-RTPM: 160ms
    [junit] MAJOR: Mutants killed / live: 81 (3-263-0) / 90
    [junit] MAJOR: ------------------------------------------------------------
    [junit] MAJOR: 19/29 - com.google.javascript.jscomp.TypeCheck_ESTest15 (44ms / 15):
    [junit] MAJOR: 592648 (0 / 15 / 15) -> AVG-RTPM: 151ms
    [junit] MAJOR: Mutants killed / live: 81 (3-278-0) / 90
    [junit] MAJOR: ------------------------------------------------------------
    [junit] MAJOR: 20/29 - com.google.javascript.jscomp.TypeCheck_ESTest0 (45ms / 0):
    [junit] MAJOR: 592648 (0 / 0 / 0) -> AVG-RTPM: 0ms
    [junit] MAJOR: Mutants killed / live: 81 (3-278-0) / 90
    [junit] MAJOR: ------------------------------------------------------------
    [junit] MAJOR: 21/29 - com.google.javascript.jscomp.TypeCheck_ESTest5 (45ms / 34):
    [junit] MAJOR: 597809 (1 / 34 / 34) -> AVG-RTPM: 151ms
    [junit] MAJOR: Mutants killed / live: 82 (3-312-0) / 89
    [junit] MAJOR: ------------------------------------------------------------
    [junit] MAJOR: 22/29 - com.google.javascript.jscomp.TypeCheck_ESTest8 (46ms / 52):
    [junit] MAJOR: 605570 (25 / 52 / 52) -> AVG-RTPM: 149ms
    [junit] MAJOR: Mutants killed / live: 107 (3-364-0) / 64
    [junit] MAJOR: ------------------------------------------------------------
    [junit] MAJOR: 23/29 - com.google.javascript.jscomp.TypeCheck_ESTest14 (48ms / 68):
    [junit] MAJOR: 615135 (55 / 68 / 68) -> AVG-RTPM: 140ms
    [junit] MAJOR: Mutants killed / live: 162 (3-432-0) / 9
    [junit] MAJOR: ------------------------------------------------------------
    [junit] MAJOR: 24/29 - com.google.javascript.jscomp.TypeCheck_ESTest16 (48ms / 25):
    [junit] MAJOR: 619204 (0 / 25 / 25) -> AVG-RTPM: 162ms
    [junit] MAJOR: Mutants killed / live: 162 (3-457-0) / 9
    [junit] MAJOR: ------------------------------------------------------------
    [junit] MAJOR: 25/29 - com.google.javascript.jscomp.TypeCheck_ESTest24 (48ms / 15):
    [junit] MAJOR: 621447 (1 / 15 / 15) -> AVG-RTPM: 149ms
    [junit] MAJOR: Mutants killed / live: 163 (3-472-0) / 8
    [junit] MAJOR: ------------------------------------------------------------
    [junit] MAJOR: 26/29 - com.google.javascript.jscomp.TypeCheck_ESTest25 (49ms / 15):
    [junit] MAJOR: 623696 (0 / 15 / 15) -> AVG-RTPM: 149ms
    [junit] MAJOR: Mutants killed / live: 163 (3-487-0) / 8
    [junit] MAJOR: ------------------------------------------------------------
    [junit] MAJOR: 27/29 - com.google.javascript.jscomp.TypeCheck_ESTest22 (50ms / 15):
    [junit] MAJOR: 626079 (0 / 15 / 15) -> AVG-RTPM: 158ms
    [junit] MAJOR: Mutants killed / live: 163 (3-502-0) / 8
    [junit] MAJOR: ------------------------------------------------------------
    [junit] MAJOR: 28/29 - com.google.javascript.jscomp.TypeCheck_ESTest10 (51ms / 25):
    [junit] MAJOR: 630154 (0 / 25 / 25) -> AVG-RTPM: 163ms
    [junit] MAJOR: Mutants killed / live: 163 (3-527-0) / 8
    [junit] MAJOR: ------------------------------------------------------------
    [junit] MAJOR: 29/29 - com.google.javascript.jscomp.TypeCheck_ESTest7 (54ms / 36):
    [junit] MAJOR: 635473 (0 / 36 / 36) -> AVG-RTPM: 147ms
    [junit] MAJOR: Mutants killed / live: 163 (3-563-0) / 8
    [junit] MAJOR: ------------------------------------------------------------
    [junit] MAJOR: Summary:
    [junit] MAJOR: 
    [junit] MAJOR: Analysis time:  635.5 seconds
    [junit] MAJOR: Mutation score: 11.12% (95.32%)
    [junit] MAJOR: Mutants killed / live: 163 (3-563-0) / 8
    [junit] MAJOR: Mutant executions: 688
    [junit] MAJOR: ------------------------------------------------------------
    [junit] MAJOR: Export summary of results (to summary.csv)
    [junit] MAJOR: Export mutant kill details (to /tmp/run_mutation.pl_107737_1501048949/125f/kill.csv)
    [junit] MAJOR: Export kill map (to killMap.csv)!

BUILD SUCCESSFUL
Total time: 11 minutes 56 seconds
