
rhino:

properties:

init:

compile:

compile-most:

compile-jdk15:

compile:

properties:

compile:

xmlimplsrc-compile:
     [echo] Calling /tmp/run_mutation.pl_109473_1501049738/126f/lib/rhino/xmlimplsrc/build.xml

compile:

compile-all:

compile:

jar:

rhino-jarjar:
   [jarjar] Updating jar: /tmp/run_mutation.pl_109473_1501049738/126f/build/lib/rhino.jar

svnversion:

compile:
    [javac] /tmp/run_mutation.pl_109473_1501049738/126f/build.xml:255: warning: 'includeantruntime' was not set, defaulting to build.sysclasspath=last; set to false for repeatable builds
    [javac] /tmp/run_mutation.pl_109473_1501049738/126f/build.xml:261: warning: 'includeantruntime' was not set, defaulting to build.sysclasspath=last; set to false for repeatable builds
[propertyfile] Updating property file: /tmp/run_mutation.pl_109473_1501049738/126f/build/classes/com/google/javascript/jscomp/parsing/ParserConfig.properties

compile-tests:
    [mkdir] Created dir: /tmp/run_mutation.pl_109473_1501049738/126f/build/test
    [javac] /tmp/run_mutation.pl_109473_1501049738/126f/build.xml:329: warning: 'includeantruntime' was not set, defaulting to build.sysclasspath=last; set to false for repeatable builds
    [javac] Compiling 416 source files to /tmp/run_mutation.pl_109473_1501049738/126f/build/test
    [javac] warning: [options] bootstrap class path not set in conjunction with -source 1.6
    [javac] 1 warning
    [javac] /tmp/run_mutation.pl_109473_1501049738/126f/build.xml:335: warning: 'includeantruntime' was not set, defaulting to build.sysclasspath=last; set to false for repeatable builds
    [javac] Compiling 229 source files to /tmp/run_mutation.pl_109473_1501049738/126f/build/test
    [javac] warning: [options] bootstrap class path not set in conjunction with -source 1.6
    [javac] 1 warning

compile.tests:

update.all.tests:

mutation.test:
     [echo] Running mutation analysis ...
    [junit] MAJOR: Mutation analysis enabled
SLF4J: Failed to load class "org.slf4j.impl.StaticLoggerBinder".
SLF4J: Defaulting to no-operation (NOP) logger implementation
SLF4J: See http://www.slf4j.org/codes.html#StaticLoggerBinder for further details.
    [junit] MAJOR: ------------------------------------------------------------
    [junit] MAJOR: Run 14 ordered tests to verify independence
    [junit] MAJOR: ------------------------------------------------------------
    [junit] MAJOR: Preprocessing time: 25.05 seconds
    [junit] MAJOR: ------------------------------------------------------------
    [junit] MAJOR: Mutants generated: 120
    [junit] MAJOR: Mutants covered:   52 (43.33%)
    [junit] MAJOR: ------------------------------------------------------------
    [junit] MAJOR: Export test map to (testMap.csv)
    [junit] MAJOR: Export coverage map to (covMap.csv)
    [junit] MAJOR: Exclude 0 mutants
    [junit] MAJOR: ------------------------------------------------------------
    [junit] MAJOR: Run mutation analysis with 14 individual tests
    [junit] MAJOR: ------------------------------------------------------------
    [junit] MAJOR: 1/14 - com.google.javascript.jscomp.MinimizeExitPoints_ESTest10 (28ms / 21):
    [junit] MAJOR: 25519 (7 / 21 / 21) -> AVG-RTPM: 1215ms
    [junit] MAJOR: Mutants killed / live: 7 (7-0-0) / 45
    [junit] MAJOR: ------------------------------------------------------------
    [junit] MAJOR: 2/14 - com.google.javascript.jscomp.MinimizeExitPoints_ESTest3 (30ms / 11):
    [junit] MAJOR: 42225 (1 / 11 / 11) -> AVG-RTPM: 1518ms
    [junit] MAJOR: Mutants killed / live: 8 (8-0-0) / 44
    [junit] MAJOR: ------------------------------------------------------------
    [junit] MAJOR: 3/14 - com.google.javascript.jscomp.MinimizeExitPoints_ESTest4 (30ms / 2):
    [junit] MAJOR: 45458 (1 / 2 / 2) -> AVG-RTPM: 1616ms
    [junit] MAJOR: Mutants killed / live: 9 (9-0-0) / 43
    [junit] MAJOR: ------------------------------------------------------------
    [junit] MAJOR: 4/14 - com.google.javascript.jscomp.MinimizeExitPoints_ESTest13 (31ms / 28):
    [junit] MAJOR: 106039 (7 / 28 / 28) -> AVG-RTPM: 2163ms
    [junit] MAJOR: Mutants killed / live: 16 (22-0-0) / 36
    [junit] MAJOR: ------------------------------------------------------------
    [junit] MAJOR: 5/14 - com.google.javascript.jscomp.MinimizeExitPoints_ESTest7 (31ms / 18):
    [junit] MAJOR: 157555 (2 / 18 / 18) -> AVG-RTPM: 2862ms
    [junit] MAJOR: Mutants killed / live: 18 (31-0-0) / 34
    [junit] MAJOR: ------------------------------------------------------------
    [junit] MAJOR: 6/14 - com.google.javascript.jscomp.MinimizeExitPoints_ESTest9 (31ms / 30):
    [junit] MAJOR: 272130 (8 / 30 / 30) -> AVG-RTPM: 3819ms
    [junit] MAJOR: Mutants killed / live: 26 (31-12-0) / 26
    [junit] MAJOR: ------------------------------------------------------------
    [junit] MAJOR: 7/14 - com.google.javascript.jscomp.MinimizeExitPoints_ESTest6 (32ms / 29):
    [junit] MAJOR: 287816 (14 / 29 / 29) -> AVG-RTPM: 540ms
    [junit] MAJOR: Mutants killed / live: 40 (31-39-0) / 12
    [junit] MAJOR: ------------------------------------------------------------
    [junit] MAJOR: 8/14 - com.google.javascript.jscomp.MinimizeExitPoints_ESTest8 (32ms / 34):
    [junit] MAJOR: 289661 (8 / 34 / 34) -> AVG-RTPM: 54ms
    [junit] MAJOR: Mutants killed / live: 48 (31-73-0) / 4
    [junit] MAJOR: ------------------------------------------------------------
    [junit] MAJOR: 9/14 - com.google.javascript.jscomp.MinimizeExitPoints_ESTest5 (33ms / 28):
    [junit] MAJOR: 291344 (1 / 28 / 28) -> AVG-RTPM: 60ms
    [junit] MAJOR: Mutants killed / live: 49 (31-101-0) / 3
    [junit] MAJOR: ------------------------------------------------------------
    [junit] MAJOR: 10/14 - com.google.javascript.jscomp.MinimizeExitPoints_ESTest11 (35ms / 33):
    [junit] MAJOR: 293263 (0 / 33 / 33) -> AVG-RTPM: 58ms
    [junit] MAJOR: Mutants killed / live: 49 (31-134-0) / 3
    [junit] MAJOR: ------------------------------------------------------------
    [junit] MAJOR: 11/14 - com.google.javascript.jscomp.MinimizeExitPoints_ESTest2 (42ms / 11):
    [junit] MAJOR: 294161 (0 / 11 / 11) -> AVG-RTPM: 81ms
    [junit] MAJOR: Mutants killed / live: 49 (31-145-0) / 3
    [junit] MAJOR: ------------------------------------------------------------
    [junit] MAJOR: 12/14 - com.google.javascript.jscomp.MinimizeExitPoints_ESTest0 (43ms / 11):
    [junit] MAJOR: 294744 (1 / 11 / 11) -> AVG-RTPM: 53ms
    [junit] MAJOR: Mutants killed / live: 50 (31-156-0) / 2
    [junit] MAJOR: ------------------------------------------------------------
    [junit] MAJOR: 13/14 - com.google.javascript.jscomp.MinimizeExitPoints_ESTest1 (73ms / 2):
    [junit] MAJOR: 294887 (1 / 2 / 2) -> AVG-RTPM: 71ms
    [junit] MAJOR: Mutants killed / live: 51 (31-158-0) / 1
    [junit] MAJOR: ------------------------------------------------------------
    [junit] MAJOR: 14/14 - com.google.javascript.jscomp.MinimizeExitPoints_ESTest12 (127ms / 40):
    [junit] MAJOR: 297099 (0 / 40 / 40) -> AVG-RTPM: 55ms
    [junit] MAJOR: Mutants killed / live: 51 (31-198-0) / 1
    [junit] MAJOR: ------------------------------------------------------------
    [junit] MAJOR: Summary:
    [junit] MAJOR: 
    [junit] MAJOR: Analysis time:  297.1 seconds
    [junit] MAJOR: Mutation score: 42.50% (98.08%)
    [junit] MAJOR: Mutants killed / live: 51 (31-198-0) / 1
    [junit] MAJOR: Mutant executions: 298
    [junit] MAJOR: ------------------------------------------------------------
    [junit] MAJOR: Export summary of results (to summary.csv)
    [junit] MAJOR: Export mutant kill details (to /tmp/run_mutation.pl_109473_1501049738/126f/kill.csv)
    [junit] MAJOR: Export kill map (to killMap.csv)!

BUILD SUCCESSFUL
Total time: 5 minutes 34 seconds
