
rhino:

properties:

init:

compile:

compile-most:

compile-jdk15:

compile:

properties:

compile:

xmlimplsrc-compile:
     [echo] Calling /tmp/run_mutation.pl_103521_1501840016/126f/lib/rhino/xmlimplsrc/build.xml

compile:

compile-all:

compile:

jar:

rhino-jarjar:
   [jarjar] Updating jar: /tmp/run_mutation.pl_103521_1501840016/126f/build/lib/rhino.jar

svnversion:

compile:
    [javac] /tmp/run_mutation.pl_103521_1501840016/126f/build.xml:255: warning: 'includeantruntime' was not set, defaulting to build.sysclasspath=last; set to false for repeatable builds
    [javac] /tmp/run_mutation.pl_103521_1501840016/126f/build.xml:261: warning: 'includeantruntime' was not set, defaulting to build.sysclasspath=last; set to false for repeatable builds
[propertyfile] Updating property file: /tmp/run_mutation.pl_103521_1501840016/126f/build/classes/com/google/javascript/jscomp/parsing/ParserConfig.properties

compile-tests:
    [mkdir] Created dir: /tmp/run_mutation.pl_103521_1501840016/126f/build/test
    [javac] /tmp/run_mutation.pl_103521_1501840016/126f/build.xml:329: warning: 'includeantruntime' was not set, defaulting to build.sysclasspath=last; set to false for repeatable builds
    [javac] Compiling 416 source files to /tmp/run_mutation.pl_103521_1501840016/126f/build/test
    [javac] warning: [options] bootstrap class path not set in conjunction with -source 1.6
    [javac] 1 warning
    [javac] /tmp/run_mutation.pl_103521_1501840016/126f/build.xml:335: warning: 'includeantruntime' was not set, defaulting to build.sysclasspath=last; set to false for repeatable builds
    [javac] Compiling 229 source files to /tmp/run_mutation.pl_103521_1501840016/126f/build/test
    [javac] warning: [options] bootstrap class path not set in conjunction with -source 1.6
    [javac] 1 warning

compile.tests:

update.all.tests:

mutation.test:
     [echo] Running mutation analysis ...
    [junit] MAJOR: Mutation analysis enabled
SLF4J: Failed to load class "org.slf4j.impl.StaticLoggerBinder".
SLF4J: Defaulting to no-operation (NOP) logger implementation
SLF4J: See http://www.slf4j.org/codes.html#StaticLoggerBinder for further details.
    [junit] MAJOR: ------------------------------------------------------------
    [junit] MAJOR: Run 14 ordered tests to verify independence
    [junit] MAJOR: ------------------------------------------------------------
    [junit] MAJOR: Preprocessing time: 57.63 seconds
    [junit] MAJOR: ------------------------------------------------------------
    [junit] MAJOR: Mutants generated: 120
    [junit] MAJOR: Mutants covered:   51 (42.50%)
    [junit] MAJOR: ------------------------------------------------------------
    [junit] MAJOR: Export test map to (testMap.csv)
    [junit] MAJOR: Export coverage map to (covMap.csv)
    [junit] MAJOR: Exclude 0 mutants
    [junit] MAJOR: ------------------------------------------------------------
    [junit] MAJOR: Run mutation analysis with 14 individual tests
    [junit] MAJOR: ------------------------------------------------------------
    [junit] MAJOR: 1/14 - com.google.javascript.jscomp.MinimizeExitPoints_ESTest6 (36ms / 28):
    [junit] MAJOR: 70547 (14 / 28 / 28) -> AVG-RTPM: 2519ms
    [junit] MAJOR: Mutants killed / live: 14 (14-0-0) / 37
    [junit] MAJOR: ------------------------------------------------------------
    [junit] MAJOR: 2/14 - com.google.javascript.jscomp.MinimizeExitPoints_ESTest13 (48ms / 40):
    [junit] MAJOR: 137104 (15 / 40 / 40) -> AVG-RTPM: 1663ms
    [junit] MAJOR: Mutants killed / live: 29 (14-27-0) / 22
    [junit] MAJOR: ------------------------------------------------------------
    [junit] MAJOR: 3/14 - com.google.javascript.jscomp.MinimizeExitPoints_ESTest4 (48ms / 11):
    [junit] MAJOR: 137761 (3 / 11 / 11) -> AVG-RTPM: 59ms
    [junit] MAJOR: Mutants killed / live: 32 (14-38-0) / 19
    [junit] MAJOR: ------------------------------------------------------------
    [junit] MAJOR: 4/14 - com.google.javascript.jscomp.MinimizeExitPoints_ESTest7 (48ms / 19):
    [junit] MAJOR: 139448 (6 / 19 / 19) -> AVG-RTPM: 88ms
    [junit] MAJOR: Mutants killed / live: 38 (14-57-0) / 13
    [junit] MAJOR: ------------------------------------------------------------
    [junit] MAJOR: 5/14 - com.google.javascript.jscomp.MinimizeExitPoints_ESTest3 (50ms / 11):
    [junit] MAJOR: 140337 (0 / 11 / 11) -> AVG-RTPM: 80ms
    [junit] MAJOR: Mutants killed / live: 38 (14-68-0) / 13
    [junit] MAJOR: ------------------------------------------------------------
    [junit] MAJOR: 6/14 - com.google.javascript.jscomp.MinimizeExitPoints_ESTest9 (52ms / 30):
    [junit] MAJOR: 146296 (7 / 30 / 30) -> AVG-RTPM: 198ms
    [junit] MAJOR: Mutants killed / live: 45 (14-98-0) / 6
    [junit] MAJOR: ------------------------------------------------------------
    [junit] MAJOR: 7/14 - com.google.javascript.jscomp.MinimizeExitPoints_ESTest10 (54ms / 21):
    [junit] MAJOR: 147858 (0 / 21 / 21) -> AVG-RTPM: 74ms
    [junit] MAJOR: Mutants killed / live: 45 (14-119-0) / 6
    [junit] MAJOR: ------------------------------------------------------------
    [junit] MAJOR: 8/14 - com.google.javascript.jscomp.MinimizeExitPoints_ESTest0 (73ms / 11):
    [junit] MAJOR: 148892 (1 / 11 / 11) -> AVG-RTPM: 93ms
    [junit] MAJOR: Mutants killed / live: 46 (14-130-0) / 5
    [junit] MAJOR: ------------------------------------------------------------
    [junit] MAJOR: 9/14 - com.google.javascript.jscomp.MinimizeExitPoints_ESTest2 (81ms / 1):
    [junit] MAJOR: 148945 (0 / 1 / 1) -> AVG-RTPM: 52ms
    [junit] MAJOR: Mutants killed / live: 46 (14-131-0) / 5
    [junit] MAJOR: ------------------------------------------------------------
    [junit] MAJOR: 10/14 - com.google.javascript.jscomp.MinimizeExitPoints_ESTest8 (106ms / 18):
    [junit] MAJOR: 150488 (0 / 18 / 18) -> AVG-RTPM: 85ms
    [junit] MAJOR: Mutants killed / live: 46 (14-149-0) / 5
    [junit] MAJOR: ------------------------------------------------------------
    [junit] MAJOR: 11/14 - com.google.javascript.jscomp.MinimizeExitPoints_ESTest11 (144ms / 33):
    [junit] MAJOR: 152455 (0 / 33 / 33) -> AVG-RTPM: 59ms
    [junit] MAJOR: Mutants killed / live: 46 (14-182-0) / 5
    [junit] MAJOR: ------------------------------------------------------------
    [junit] MAJOR: 12/14 - com.google.javascript.jscomp.MinimizeExitPoints_ESTest12 (146ms / 40):
    [junit] MAJOR: 156409 (0 / 40 / 40) -> AVG-RTPM: 98ms
    [junit] MAJOR: Mutants killed / live: 46 (14-222-0) / 5
    [junit] MAJOR: ------------------------------------------------------------
    [junit] MAJOR: 13/14 - com.google.javascript.jscomp.MinimizeExitPoints_ESTest5 (274ms / 28):
    [junit] MAJOR: 157983 (4 / 28 / 28) -> AVG-RTPM: 56ms
    [junit] MAJOR: Mutants killed / live: 50 (14-250-0) / 1
    [junit] MAJOR: ------------------------------------------------------------
    [junit] MAJOR: 14/14 - com.google.javascript.jscomp.MinimizeExitPoints_ESTest1 (533ms / 2):
    [junit] MAJOR: 158131 (1 / 2 / 2) -> AVG-RTPM: 74ms
    [junit] MAJOR: Mutants killed / live: 51 (14-252-0) / 0
    [junit] MAJOR: ------------------------------------------------------------
    [junit] MAJOR: Summary:
    [junit] MAJOR: 
    [junit] MAJOR: Analysis time:  158.1 seconds
    [junit] MAJOR: Mutation score: 42.50% (100.00%)
    [junit] MAJOR: Mutants killed / live: 51 (14-252-0) / 0
    [junit] MAJOR: Mutant executions: 293
    [junit] MAJOR: ------------------------------------------------------------
    [junit] MAJOR: Export summary of results (to summary.csv)
    [junit] MAJOR: Export mutant kill details (to /tmp/run_mutation.pl_103521_1501840016/126f/kill.csv)
    [junit] MAJOR: Export kill map (to killMap.csv)!

BUILD SUCCESSFUL
Total time: 4 minutes 6 seconds
