
rhino:

properties:

init:

compile:

compile-most:

compile-jdk15:

compile:

properties:

compile:

xmlimplsrc-compile:
     [echo] Calling /tmp/run_mutation.pl_12676_1501792390/128f/lib/rhino/xmlimplsrc/build.xml

compile:

compile-all:

compile:

jar:

rhino-jarjar:
   [jarjar] Updating jar: /tmp/run_mutation.pl_12676_1501792390/128f/build/lib/rhino.jar

svnversion:

compile:
    [javac] /tmp/run_mutation.pl_12676_1501792390/128f/build.xml:255: warning: 'includeantruntime' was not set, defaulting to build.sysclasspath=last; set to false for repeatable builds
    [javac] /tmp/run_mutation.pl_12676_1501792390/128f/build.xml:261: warning: 'includeantruntime' was not set, defaulting to build.sysclasspath=last; set to false for repeatable builds
[propertyfile] Updating property file: /tmp/run_mutation.pl_12676_1501792390/128f/build/classes/com/google/javascript/jscomp/parsing/ParserConfig.properties

compile-tests:
    [mkdir] Created dir: /tmp/run_mutation.pl_12676_1501792390/128f/build/test
    [javac] /tmp/run_mutation.pl_12676_1501792390/128f/build.xml:329: warning: 'includeantruntime' was not set, defaulting to build.sysclasspath=last; set to false for repeatable builds
    [javac] Compiling 414 source files to /tmp/run_mutation.pl_12676_1501792390/128f/build/test
    [javac] warning: [options] bootstrap class path not set in conjunction with -source 1.6
    [javac] 1 warning
    [javac] /tmp/run_mutation.pl_12676_1501792390/128f/build.xml:335: warning: 'includeantruntime' was not set, defaulting to build.sysclasspath=last; set to false for repeatable builds
    [javac] Compiling 228 source files to /tmp/run_mutation.pl_12676_1501792390/128f/build/test
    [javac] warning: [options] bootstrap class path not set in conjunction with -source 1.6
    [javac] 1 warning

compile.tests:

update.all.tests:

mutation.test:
     [echo] Running mutation analysis ...
    [junit] MAJOR: Mutation analysis enabled
SLF4J: Failed to load class "org.slf4j.impl.StaticLoggerBinder".
SLF4J: Defaulting to no-operation (NOP) logger implementation
SLF4J: See http://www.slf4j.org/codes.html#StaticLoggerBinder for further details.
    [junit] MAJOR: ------------------------------------------------------------
    [junit] MAJOR: Run 9 ordered tests to verify independence
    [junit] MAJOR: ------------------------------------------------------------
    [junit] MAJOR: Preprocessing time: 5.62 seconds
    [junit] MAJOR: ------------------------------------------------------------
    [junit] MAJOR: Mutants generated: 1661
    [junit] MAJOR: Mutants covered:   145 (8.73%)
    [junit] MAJOR: ------------------------------------------------------------
    [junit] MAJOR: Export test map to (testMap.csv)
    [junit] MAJOR: Export coverage map to (covMap.csv)
    [junit] MAJOR: Exclude 0 mutants
    [junit] MAJOR: ------------------------------------------------------------
    [junit] MAJOR: Run mutation analysis with 9 individual tests
    [junit] MAJOR: ------------------------------------------------------------
    [junit] MAJOR: 1/9 - com.google.javascript.jscomp.CodeGenerator_ESTest1 (11ms / 73):
    [junit] MAJOR: 24759 (31 / 73 / 73) -> AVG-RTPM: 339ms
    [junit] MAJOR: Mutants killed / live: 31 (27-4-0) / 114
    [junit] MAJOR: ------------------------------------------------------------
    [junit] MAJOR: 2/9 - com.google.javascript.jscomp.CodeGenerator_ESTest8 (14ms / 70):
    [junit] MAJOR: 74638 (56 / 70 / 70) -> AVG-RTPM: 712ms
    [junit] MAJOR: Mutants killed / live: 87 (70-17-0) / 58
    [junit] MAJOR: ------------------------------------------------------------
    [junit] MAJOR: 3/9 - com.google.javascript.jscomp.CodeGenerator_ESTest4 (16ms / 40):
    [junit] MAJOR: 122306 (7 / 40 / 40) -> AVG-RTPM: 1191ms
    [junit] MAJOR: Mutants killed / live: 94 (77-18-0) / 51
    [junit] MAJOR: ------------------------------------------------------------
    [junit] MAJOR: 4/9 - com.google.javascript.jscomp.CodeGenerator_ESTest2 (18ms / 10):
    [junit] MAJOR: 136308 (5 / 10 / 10) -> AVG-RTPM: 1400ms
    [junit] MAJOR: Mutants killed / live: 99 (78-24-0) / 46
    [junit] MAJOR: ------------------------------------------------------------
    [junit] MAJOR: 5/9 - com.google.javascript.jscomp.CodeGenerator_ESTest0 (21ms / 69):
    [junit] MAJOR: 278044 (4 / 69 / 69) -> AVG-RTPM: 2054ms
    [junit] MAJOR: Mutants killed / live: 103 (117-37-0) / 42
    [junit] MAJOR: ------------------------------------------------------------
    [junit] MAJOR: 6/9 - com.google.javascript.jscomp.CodeGenerator_ESTest3 (23ms / 42):
    [junit] MAJOR: 380343 (4 / 42 / 42) -> AVG-RTPM: 2435ms
    [junit] MAJOR: Mutants killed / live: 107 (117-48-2) / 38
    [junit] MAJOR: ------------------------------------------------------------
    [junit] MAJOR: 7/9 - com.google.javascript.jscomp.CodeGenerator_ESTest7 (26ms / 2):
    [junit] MAJOR: 381163 (1 / 2 / 2) -> AVG-RTPM: 409ms
    [junit] MAJOR: Mutants killed / live: 108 (117-50-2) / 37
    [junit] MAJOR: ------------------------------------------------------------
    [junit] MAJOR: 8/9 - com.google.javascript.jscomp.CodeGenerator_ESTest6 (27ms / 66):
    [junit] MAJOR: 399008 (25 / 66 / 66) -> AVG-RTPM: 270ms
    [junit] MAJOR: Mutants killed / live: 133 (117-116-2) / 12
    [junit] MAJOR: ------------------------------------------------------------
    [junit] MAJOR: 9/9 - com.google.javascript.jscomp.CodeGenerator_ESTest5 (41ms / 64):
    [junit] MAJOR: 416273 (3 / 64 / 64) -> AVG-RTPM: 269ms
    [junit] MAJOR: Mutants killed / live: 136 (117-180-2) / 9
    [junit] MAJOR: ------------------------------------------------------------
    [junit] MAJOR: Summary:
    [junit] MAJOR: 
    [junit] MAJOR: Analysis time:  416.3 seconds
    [junit] MAJOR: Mutation score: 8.19% (93.79%)
    [junit] MAJOR: Mutants killed / live: 136 (117-180-2) / 9
    [junit] MAJOR: Mutant executions: 436
    [junit] MAJOR: ------------------------------------------------------------
    [junit] MAJOR: Export summary of results (to summary.csv)
    [junit] MAJOR: Export mutant kill details (to /tmp/run_mutation.pl_12676_1501792390/128f/kill.csv)
    [junit] MAJOR: Export kill map (to killMap.csv)!

BUILD SUCCESSFUL
Total time: 7 minutes 27 seconds
