
rhino:

properties:

init:

compile:

compile-most:

compile-jdk15:

compile:

properties:

compile:

xmlimplsrc-compile:
     [echo] Calling /tmp/run_mutation.pl_110737_1501050228/128f/lib/rhino/xmlimplsrc/build.xml

compile:

compile-all:

compile:

jar:

rhino-jarjar:
   [jarjar] Updating jar: /tmp/run_mutation.pl_110737_1501050228/128f/build/lib/rhino.jar

svnversion:

compile:
    [javac] /tmp/run_mutation.pl_110737_1501050228/128f/build.xml:255: warning: 'includeantruntime' was not set, defaulting to build.sysclasspath=last; set to false for repeatable builds
    [javac] /tmp/run_mutation.pl_110737_1501050228/128f/build.xml:261: warning: 'includeantruntime' was not set, defaulting to build.sysclasspath=last; set to false for repeatable builds
[propertyfile] Updating property file: /tmp/run_mutation.pl_110737_1501050228/128f/build/classes/com/google/javascript/jscomp/parsing/ParserConfig.properties

compile-tests:
    [mkdir] Created dir: /tmp/run_mutation.pl_110737_1501050228/128f/build/test
    [javac] /tmp/run_mutation.pl_110737_1501050228/128f/build.xml:329: warning: 'includeantruntime' was not set, defaulting to build.sysclasspath=last; set to false for repeatable builds
    [javac] Compiling 414 source files to /tmp/run_mutation.pl_110737_1501050228/128f/build/test
    [javac] warning: [options] bootstrap class path not set in conjunction with -source 1.6
    [javac] 1 warning
    [javac] /tmp/run_mutation.pl_110737_1501050228/128f/build.xml:335: warning: 'includeantruntime' was not set, defaulting to build.sysclasspath=last; set to false for repeatable builds
    [javac] Compiling 228 source files to /tmp/run_mutation.pl_110737_1501050228/128f/build/test
    [javac] warning: [options] bootstrap class path not set in conjunction with -source 1.6
    [javac] 1 warning

compile.tests:

update.all.tests:

mutation.test:
     [echo] Running mutation analysis ...
    [junit] MAJOR: Mutation analysis enabled
SLF4J: Failed to load class "org.slf4j.impl.StaticLoggerBinder".
SLF4J: Defaulting to no-operation (NOP) logger implementation
SLF4J: See http://www.slf4j.org/codes.html#StaticLoggerBinder for further details.
    [junit] MAJOR: ------------------------------------------------------------
    [junit] MAJOR: Run 8 ordered tests to verify independence
    [junit] MAJOR: ------------------------------------------------------------
    [junit] MAJOR: Preprocessing time: 2.89 seconds
    [junit] MAJOR: ------------------------------------------------------------
    [junit] MAJOR: Mutants generated: 1661
    [junit] MAJOR: Mutants covered:   145 (8.73%)
    [junit] MAJOR: ------------------------------------------------------------
    [junit] MAJOR: Export test map to (testMap.csv)
    [junit] MAJOR: Export coverage map to (covMap.csv)
    [junit] MAJOR: Exclude 0 mutants
    [junit] MAJOR: ------------------------------------------------------------
    [junit] MAJOR: Run mutation analysis with 8 individual tests
    [junit] MAJOR: ------------------------------------------------------------
    [junit] MAJOR: 1/8 - com.google.javascript.jscomp.CodeGenerator_ESTest5 (9ms / 66):
    [junit] MAJOR: 12859 (16 / 66 / 66) -> AVG-RTPM: 194ms
    [junit] MAJOR: Mutants killed / live: 16 (12-4-0) / 129
    [junit] MAJOR: ------------------------------------------------------------
    [junit] MAJOR: 2/8 - com.google.javascript.jscomp.CodeGenerator_ESTest6 (9ms / 2):
    [junit] MAJOR: 13415 (0 / 2 / 2) -> AVG-RTPM: 277ms
    [junit] MAJOR: Mutants killed / live: 16 (12-4-0) / 129
    [junit] MAJOR: ------------------------------------------------------------
    [junit] MAJOR: 3/8 - com.google.javascript.jscomp.CodeGenerator_ESTest7 (9ms / 70):
    [junit] MAJOR: 44575 (61 / 70 / 70) -> AVG-RTPM: 445ms
    [junit] MAJOR: Mutants killed / live: 77 (60-17-0) / 68
    [junit] MAJOR: ------------------------------------------------------------
    [junit] MAJOR: 4/8 - com.google.javascript.jscomp.CodeGenerator_ESTest3 (10ms / 40):
    [junit] MAJOR: 73249 (7 / 40 / 40) -> AVG-RTPM: 716ms
    [junit] MAJOR: Mutants killed / live: 84 (67-18-0) / 61
    [junit] MAJOR: ------------------------------------------------------------
    [junit] MAJOR: 5/8 - com.google.javascript.jscomp.CodeGenerator_ESTest2 (11ms / 64):
    [junit] MAJOR: 150280 (19 / 64 / 64) -> AVG-RTPM: 1203ms
    [junit] MAJOR: Mutants killed / live: 103 (89-22-0) / 42
    [junit] MAJOR: ------------------------------------------------------------
    [junit] MAJOR: 6/8 - com.google.javascript.jscomp.CodeGenerator_ESTest1 (12ms / 10):
    [junit] MAJOR: 166364 (5 / 10 / 10) -> AVG-RTPM: 1608ms
    [junit] MAJOR: Mutants killed / live: 108 (90-28-0) / 37
    [junit] MAJOR: ------------------------------------------------------------
    [junit] MAJOR: 7/8 - com.google.javascript.jscomp.CodeGenerator_ESTest4 (13ms / 64):
    [junit] MAJOR: 219168 (22 / 64 / 64) -> AVG-RTPM: 825ms
    [junit] MAJOR: Mutants killed / live: 130 (97-72-1) / 15
    [junit] MAJOR: ------------------------------------------------------------
    [junit] MAJOR: 8/8 - com.google.javascript.jscomp.CodeGenerator_ESTest0 (17ms / 35):
    [junit] MAJOR: 224446 (5 / 35 / 35) -> AVG-RTPM: 150ms
    [junit] MAJOR: Mutants killed / live: 135 (97-107-1) / 10
    [junit] MAJOR: ------------------------------------------------------------
    [junit] MAJOR: Summary:
    [junit] MAJOR: 
    [junit] MAJOR: Analysis time:  224.4 seconds
    [junit] MAJOR: Mutation score: 8.13% (93.10%)
    [junit] MAJOR: Mutants killed / live: 135 (97-107-1) / 10
    [junit] MAJOR: Mutant executions: 351
    [junit] MAJOR: ------------------------------------------------------------
    [junit] MAJOR: Export summary of results (to summary.csv)
    [junit] MAJOR: Export mutant kill details (to /tmp/run_mutation.pl_110737_1501050228/128f/kill.csv)
    [junit] MAJOR: Export kill map (to killMap.csv)!

BUILD SUCCESSFUL
Total time: 4 minutes 0 seconds
