
rhino:

properties:

init:

compile:

compile-most:

compile-jdk15:

compile:

properties:

compile:

xmlimplsrc-compile:
     [echo] Calling /tmp/run_mutation.pl_36984_1483722091/131f/lib/rhino/xmlimplsrc/build.xml

compile:

compile-all:

compile:

jar:

rhino-jarjar:
   [jarjar] Updating jar: /tmp/run_mutation.pl_36984_1483722091/131f/build/lib/rhino.jar

svnversion:

compile:
    [javac] /tmp/run_mutation.pl_36984_1483722091/131f/build.xml:255: warning: 'includeantruntime' was not set, defaulting to build.sysclasspath=last; set to false for repeatable builds
    [javac] /tmp/run_mutation.pl_36984_1483722091/131f/build.xml:261: warning: 'includeantruntime' was not set, defaulting to build.sysclasspath=last; set to false for repeatable builds
[propertyfile] Updating property file: /tmp/run_mutation.pl_36984_1483722091/131f/build/classes/com/google/javascript/jscomp/parsing/ParserConfig.properties

compile-tests:
    [mkdir] Created dir: /tmp/run_mutation.pl_36984_1483722091/131f/build/test
    [javac] /tmp/run_mutation.pl_36984_1483722091/131f/build.xml:329: warning: 'includeantruntime' was not set, defaulting to build.sysclasspath=last; set to false for repeatable builds
    [javac] Compiling 414 source files to /tmp/run_mutation.pl_36984_1483722091/131f/build/test
    [javac] warning: [options] bootstrap class path not set in conjunction with -source 1.6
    [javac] 1 warning
    [javac] /tmp/run_mutation.pl_36984_1483722091/131f/build.xml:335: warning: 'includeantruntime' was not set, defaulting to build.sysclasspath=last; set to false for repeatable builds
    [javac] Compiling 227 source files to /tmp/run_mutation.pl_36984_1483722091/131f/build/test
    [javac] warning: [options] bootstrap class path not set in conjunction with -source 1.6
    [javac] 1 warning

compile.tests:

update.all.tests:

mutation.test:
     [echo] Running mutation analysis ...
    [junit] MAJOR: Mutation analysis enabled
SLF4J: Failed to load class "org.slf4j.impl.StaticLoggerBinder".
SLF4J: Defaulting to no-operation (NOP) logger implementation
SLF4J: See http://www.slf4j.org/codes.html#StaticLoggerBinder for further details.
    [junit] MAJOR: ------------------------------------------------------------
    [junit] MAJOR: Run 130 ordered tests to verify independence
    [junit] MAJOR: ------------------------------------------------------------
    [junit] MAJOR: Preprocessing time: 69.03 seconds
    [junit] MAJOR: ------------------------------------------------------------
    [junit] MAJOR: Mutants generated: 703
    [junit] MAJOR: Mutants covered:   645 (91.75%)
    [junit] MAJOR: ------------------------------------------------------------
    [junit] MAJOR: Export test map to (testMap.csv)
    [junit] MAJOR: Export coverage map to (covMap.csv)
    [junit] MAJOR: Exclude 0 mutants
    [junit] MAJOR: ------------------------------------------------------------
    [junit] MAJOR: Run mutation analysis with 130 individual tests
    [junit] MAJOR: ------------------------------------------------------------
    [junit] MAJOR: 1/130 - com.google.javascript.rhino.TokenStream_ESTest113 (5ms / 26):
    [junit] MAJOR: 18803 (6 / 26 / 26) -> AVG-RTPM: 723ms
    [junit] MAJOR: Mutants killed / live: 6 (5-1-0) / 639
    [junit] MAJOR: ------------------------------------------------------------
    [junit] MAJOR: 2/130 - com.google.javascript.rhino.TokenStream_ESTest116 (5ms / 26):
    [junit] MAJOR: 46513 (4 / 26 / 26) -> AVG-RTPM: 1065ms
    [junit] MAJOR: Mutants killed / live: 10 (10-2-0) / 635
    [junit] MAJOR: ------------------------------------------------------------
    [junit] MAJOR: 3/130 - com.google.javascript.rhino.TokenStream_ESTest117 (5ms / 26):
    [junit] MAJOR: 75779 (2 / 26 / 26) -> AVG-RTPM: 1125ms
    [junit] MAJOR: Mutants killed / live: 12 (15-3-0) / 633
    [junit] MAJOR: ------------------------------------------------------------
    [junit] MAJOR: 4/130 - com.google.javascript.rhino.TokenStream_ESTest12 (5ms / 25):
    [junit] MAJOR: 110774 (10 / 25 / 25) -> AVG-RTPM: 1399ms
    [junit] MAJOR: Mutants killed / live: 22 (25-3-0) / 623
    [junit] MAJOR: ------------------------------------------------------------
    [junit] MAJOR: 5/130 - com.google.javascript.rhino.TokenStream_ESTest122 (5ms / 34):
    [junit] MAJOR: 168174 (8 / 34 / 34) -> AVG-RTPM: 1688ms
    [junit] MAJOR: Mutants killed / live: 30 (26-14-0) / 615
    [junit] MAJOR: ------------------------------------------------------------
    [junit] MAJOR: 6/130 - com.google.javascript.rhino.TokenStream_ESTest124 (5ms / 24):
    [junit] MAJOR: 216028 (17 / 24 / 24) -> AVG-RTPM: 1993ms
    [junit] MAJOR: Mutants killed / live: 47 (28-29-0) / 598
    [junit] MAJOR: ------------------------------------------------------------
    [junit] MAJOR: 7/130 - com.google.javascript.rhino.TokenStream_ESTest126 (5ms / 26):
    [junit] MAJOR: 274570 (1 / 26 / 26) -> AVG-RTPM: 2251ms
    [junit] MAJOR: Mutants killed / live: 48 (29-30-0) / 597
    [junit] MAJOR: ------------------------------------------------------------
    [junit] MAJOR: 8/130 - com.google.javascript.rhino.TokenStream_ESTest128 (5ms / 44):
    [junit] MAJOR: 363598 (10 / 44 / 44) -> AVG-RTPM: 2023ms
    [junit] MAJOR: Mutants killed / live: 58 (36-34-0) / 587
    [junit] MAJOR: ------------------------------------------------------------
    [junit] MAJOR: 9/130 - com.google.javascript.rhino.TokenStream_ESTest129 (5ms / 44):
    [junit] MAJOR: 468644 (3 / 44 / 44) -> AVG-RTPM: 2387ms
    [junit] MAJOR: Mutants killed / live: 61 (41-43-6) / 584
    [junit] MAJOR: ------------------------------------------------------------
    [junit] MAJOR: 10/130 - com.google.javascript.rhino.TokenStream_ESTest13 (5ms / 36):
    [junit] MAJOR: 562279 (14 / 36 / 36) -> AVG-RTPM: 2600ms
    [junit] MAJOR: Mutants killed / live: 75 (43-62-13) / 570
    [junit] MAJOR: ------------------------------------------------------------
    [junit] MAJOR: 11/130 - com.google.javascript.rhino.TokenStream_ESTest14 (5ms / 21):
    [junit] MAJOR: 623515 (7 / 21 / 21) -> AVG-RTPM: 2916ms
    [junit] MAJOR: Mutants killed / live: 82 (51-68-15) / 563
    [junit] MAJOR: ------------------------------------------------------------
    [junit] MAJOR: 12/130 - com.google.javascript.rhino.TokenStream_ESTest18 (5ms / 45):
    [junit] MAJOR: 782308 (17 / 45 / 45) -> AVG-RTPM: 3528ms
    [junit] MAJOR: Mutants killed / live: 99 (58-77-28) / 546
    [junit] MAJOR: ------------------------------------------------------------
    [junit] MAJOR: 13/130 - com.google.javascript.rhino.TokenStream_ESTest23 (5ms / 36):
    [junit] MAJOR: 915117 (9 / 36 / 36) -> AVG-RTPM: 3689ms
    [junit] MAJOR: Mutants killed / live: 108 (58-99-41) / 537
    [junit] MAJOR: ------------------------------------------------------------
    [junit] MAJOR: 14/130 - com.google.javascript.rhino.TokenStream_ESTest24 (5ms / 45):
    [junit] MAJOR: 1071189 (24 / 45 / 45) -> AVG-RTPM: 3468ms
    [junit] MAJOR: Mutants killed / live: 132 (58-130-54) / 513
    [junit] MAJOR: ------------------------------------------------------------
    [junit] MAJOR: 15/130 - com.google.javascript.rhino.TokenStream_ESTest25 (5ms / 45):
    [junit] MAJOR: 1107438 (25 / 45 / 45) -> AVG-RTPM: 805ms
    [junit] MAJOR: Mutants killed / live: 157 (58-174-56) / 488
    [junit] MAJOR: ------------------------------------------------------------
    [junit] MAJOR: 16/130 - com.google.javascript.rhino.TokenStream_ESTest26 (5ms / 30):
    [junit] MAJOR: 1132904 (2 / 30 / 30) -> AVG-RTPM: 848ms
    [junit] MAJOR: Mutants killed / live: 159 (58-204-56) / 486
    [junit] MAJOR: ------------------------------------------------------------
    [junit] MAJOR: 17/130 - com.google.javascript.rhino.TokenStream_ESTest27 (5ms / 36):
    [junit] MAJOR: 1155696 (16 / 36 / 36) -> AVG-RTPM: 633ms
    [junit] MAJOR: Mutants killed / live: 175 (58-240-56) / 470
    [junit] MAJOR: ------------------------------------------------------------
    [junit] MAJOR: 18/130 - com.google.javascript.rhino.TokenStream_ESTest31 (5ms / 36):
    [junit] MAJOR: 1185163 (18 / 36 / 36) -> AVG-RTPM: 818ms
    [junit] MAJOR: Mutants killed / live: 193 (58-276-56) / 452
    [junit] MAJOR: ------------------------------------------------------------
    [junit] MAJOR: 19/130 - com.google.javascript.rhino.TokenStream_ESTest32 (5ms / 20):
    [junit] MAJOR: 1202752 (0 / 20 / 20) -> AVG-RTPM: 879ms
    [junit] MAJOR: Mutants killed / live: 193 (58-296-56) / 452
    [junit] MAJOR: ------------------------------------------------------------
    [junit] MAJOR: 20/130 - com.google.javascript.rhino.TokenStream_ESTest5 (5ms / 20):
    [junit] MAJOR: 1222750 (2 / 20 / 20) -> AVG-RTPM: 999ms
    [junit] MAJOR: Mutants killed / live: 195 (58-316-56) / 450
    [junit] MAJOR: ------------------------------------------------------------
    [junit] MAJOR: 21/130 - com.google.javascript.rhino.TokenStream_ESTest50 (5ms / 45):
    [junit] MAJOR: 1270556 (25 / 45 / 45) -> AVG-RTPM: 1062ms
    [junit] MAJOR: Mutants killed / live: 220 (58-361-56) / 425
    [junit] MAJOR: ------------------------------------------------------------
    [junit] MAJOR: 22/130 - com.google.javascript.rhino.TokenStream_ESTest101 (6ms / 26):
    [junit] MAJOR: 1295754 (6 / 26 / 26) -> AVG-RTPM: 969ms
    [junit] MAJOR: Mutants killed / live: 226 (58-387-56) / 419
    [junit] MAJOR: ------------------------------------------------------------
    [junit] MAJOR: 23/130 - com.google.javascript.rhino.TokenStream_ESTest102 (6ms / 26):
    [junit] MAJOR: 1317505 (3 / 26 / 26) -> AVG-RTPM: 836ms
    [junit] MAJOR: Mutants killed / live: 229 (58-413-56) / 416
    [junit] MAJOR: ------------------------------------------------------------
    [junit] MAJOR: 24/130 - com.google.javascript.rhino.TokenStream_ESTest108 (6ms / 26):
    [junit] MAJOR: 1339857 (3 / 26 / 26) -> AVG-RTPM: 859ms
    [junit] MAJOR: Mutants killed / live: 232 (58-439-56) / 413
    [junit] MAJOR: ------------------------------------------------------------
    [junit] MAJOR: 25/130 - com.google.javascript.rhino.TokenStream_ESTest112 (6ms / 26):
    [junit] MAJOR: 1358620 (3 / 26 / 26) -> AVG-RTPM: 721ms
    [junit] MAJOR: Mutants killed / live: 235 (58-465-56) / 410
    [junit] MAJOR: ------------------------------------------------------------
    [junit] MAJOR: 26/130 - com.google.javascript.rhino.TokenStream_ESTest114 (6ms / 26):
    [junit] MAJOR: 1380902 (3 / 26 / 26) -> AVG-RTPM: 856ms
    [junit] MAJOR: Mutants killed / live: 238 (58-491-56) / 407
    [junit] MAJOR: ------------------------------------------------------------
    [junit] MAJOR: 27/130 - com.google.javascript.rhino.TokenStream_ESTest115 (6ms / 26):
    [junit] MAJOR: 1404047 (3 / 26 / 26) -> AVG-RTPM: 890ms
    [junit] MAJOR: Mutants killed / live: 241 (58-517-56) / 404
    [junit] MAJOR: ------------------------------------------------------------
    [junit] MAJOR: 28/130 - com.google.javascript.rhino.TokenStream_ESTest118 (6ms / 26):
    [junit] MAJOR: 1430609 (3 / 26 / 26) -> AVG-RTPM: 1021ms
    [junit] MAJOR: Mutants killed / live: 244 (58-543-56) / 401
    [junit] MAJOR: ------------------------------------------------------------
    [junit] MAJOR: 29/130 - com.google.javascript.rhino.TokenStream_ESTest119 (6ms / 33):
    [junit] MAJOR: 1453500 (12 / 33 / 33) -> AVG-RTPM: 693ms
    [junit] MAJOR: Mutants killed / live: 256 (58-576-56) / 389
    [junit] MAJOR: ------------------------------------------------------------
    [junit] MAJOR: 30/130 - com.google.javascript.rhino.TokenStream_ESTest120 (6ms / 40):
    [junit] MAJOR: 1491712 (10 / 40 / 40) -> AVG-RTPM: 955ms
    [junit] MAJOR: Mutants killed / live: 266 (58-616-56) / 379
    [junit] MAJOR: ------------------------------------------------------------
    [junit] MAJOR: 31/130 - com.google.javascript.rhino.TokenStream_ESTest121 (6ms / 47):
    [junit] MAJOR: 1537794 (10 / 47 / 47) -> AVG-RTPM: 980ms
    [junit] MAJOR: Mutants killed / live: 276 (58-663-56) / 369
    [junit] MAJOR: ------------------------------------------------------------
    [junit] MAJOR: 32/130 - com.google.javascript.rhino.TokenStream_ESTest123 (6ms / 40):
    [junit] MAJOR: 1574091 (18 / 40 / 40) -> AVG-RTPM: 907ms
    [junit] MAJOR: Mutants killed / live: 294 (58-703-56) / 351
    [junit] MAJOR: ------------------------------------------------------------
    [junit] MAJOR: 33/130 - com.google.javascript.rhino.TokenStream_ESTest125 (6ms / 44):
    [junit] MAJOR: 1613928 (15 / 44 / 44) -> AVG-RTPM: 905ms
    [junit] MAJOR: Mutants killed / live: 309 (58-747-56) / 336
    [junit] MAJOR: ------------------------------------------------------------
    [junit] MAJOR: 34/130 - com.google.javascript.rhino.TokenStream_ESTest127 (6ms / 28):
    [junit] MAJOR: 1638287 (0 / 28 / 28) -> AVG-RTPM: 869ms
    [junit] MAJOR: Mutants killed / live: 309 (58-775-56) / 336
    [junit] MAJOR: ------------------------------------------------------------
    [junit] MAJOR: 35/130 - com.google.javascript.rhino.TokenStream_ESTest15 (6ms / 43):
    [junit] MAJOR: 1675232 (16 / 43 / 43) -> AVG-RTPM: 859ms
    [junit] MAJOR: Mutants killed / live: 325 (58-818-56) / 320
    [junit] MAJOR: ------------------------------------------------------------
    [junit] MAJOR: 36/130 - com.google.javascript.rhino.TokenStream_ESTest28 (6ms / 27):
    [junit] MAJOR: 1703959 (3 / 27 / 27) -> AVG-RTPM: 1063ms
    [junit] MAJOR: Mutants killed / live: 328 (58-845-56) / 317
    [junit] MAJOR: ------------------------------------------------------------
    [junit] MAJOR: 37/130 - com.google.javascript.rhino.TokenStream_ESTest29 (6ms / 36):
    [junit] MAJOR: 1742683 (7 / 36 / 36) -> AVG-RTPM: 1075ms
    [junit] MAJOR: Mutants killed / live: 335 (58-881-56) / 310
    [junit] MAJOR: ------------------------------------------------------------
    [junit] MAJOR: 38/130 - com.google.javascript.rhino.TokenStream_ESTest3 (6ms / 20):
    [junit] MAJOR: 1765820 (0 / 20 / 20) -> AVG-RTPM: 1156ms
    [junit] MAJOR: Mutants killed / live: 335 (58-901-56) / 310
    [junit] MAJOR: ------------------------------------------------------------
    [junit] MAJOR: 39/130 - com.google.javascript.rhino.TokenStream_ESTest30 (6ms / 20):
    [junit] MAJOR: 1789308 (0 / 20 / 20) -> AVG-RTPM: 1174ms
    [junit] MAJOR: Mutants killed / live: 335 (58-921-56) / 310
    [junit] MAJOR: ------------------------------------------------------------
    [junit] MAJOR: 40/130 - com.google.javascript.rhino.TokenStream_ESTest33 (6ms / 27):
    [junit] MAJOR: 1820985 (3 / 27 / 27) -> AVG-RTPM: 1173ms
    [junit] MAJOR: Mutants killed / live: 338 (58-948-56) / 307
    [junit] MAJOR: ------------------------------------------------------------
    [junit] MAJOR: 41/130 - com.google.javascript.rhino.TokenStream_ESTest34 (6ms / 20):
    [junit] MAJOR: 1844639 (0 / 20 / 20) -> AVG-RTPM: 1182ms
    [junit] MAJOR: Mutants killed / live: 338 (58-968-56) / 307
    [junit] MAJOR: ------------------------------------------------------------
    [junit] MAJOR: 42/130 - com.google.javascript.rhino.TokenStream_ESTest35 (6ms / 20):
    [junit] MAJOR: 1864639 (0 / 20 / 20) -> AVG-RTPM: 1000ms
    [junit] MAJOR: Mutants killed / live: 338 (58-988-56) / 307
    [junit] MAJOR: ------------------------------------------------------------
    [junit] MAJOR: 43/130 - com.google.javascript.rhino.TokenStream_ESTest37 (6ms / 20):
    [junit] MAJOR: 1880782 (0 / 20 / 20) -> AVG-RTPM: 807ms
    [junit] MAJOR: Mutants killed / live: 338 (58-1008-56) / 307
    [junit] MAJOR: ------------------------------------------------------------
    [junit] MAJOR: 44/130 - com.google.javascript.rhino.TokenStream_ESTest38 (6ms / 26):
    [junit] MAJOR: 1910130 (3 / 26 / 26) -> AVG-RTPM: 1128ms
    [junit] MAJOR: Mutants killed / live: 341 (58-1034-56) / 304
    [junit] MAJOR: ------------------------------------------------------------
    [junit] MAJOR: 45/130 - com.google.javascript.rhino.TokenStream_ESTest4 (6ms / 20):
    [junit] MAJOR: 1934689 (0 / 20 / 20) -> AVG-RTPM: 1227ms
    [junit] MAJOR: Mutants killed / live: 341 (58-1054-56) / 304
    [junit] MAJOR: ------------------------------------------------------------
    [junit] MAJOR: 46/130 - com.google.javascript.rhino.TokenStream_ESTest45 (6ms / 20):
    [junit] MAJOR: 1952985 (0 / 20 / 20) -> AVG-RTPM: 914ms
    [junit] MAJOR: Mutants killed / live: 341 (58-1074-56) / 304
    [junit] MAJOR: ------------------------------------------------------------
    [junit] MAJOR: 47/130 - com.google.javascript.rhino.TokenStream_ESTest46 (6ms / 36):
    [junit] MAJOR: 1985391 (16 / 36 / 36) -> AVG-RTPM: 900ms
    [junit] MAJOR: Mutants killed / live: 357 (58-1110-56) / 288
    [junit] MAJOR: ------------------------------------------------------------
    [junit] MAJOR: 48/130 - com.google.javascript.rhino.TokenStream_ESTest47 (6ms / 20):
    [junit] MAJOR: 2003047 (0 / 20 / 20) -> AVG-RTPM: 882ms
    [junit] MAJOR: Mutants killed / live: 357 (58-1130-56) / 288
    [junit] MAJOR: ------------------------------------------------------------
    [junit] MAJOR: 49/130 - com.google.javascript.rhino.TokenStream_ESTest48 (6ms / 26):
    [junit] MAJOR: 2026249 (3 / 26 / 26) -> AVG-RTPM: 892ms
    [junit] MAJOR: Mutants killed / live: 360 (58-1156-56) / 285
    [junit] MAJOR: ------------------------------------------------------------
    [junit] MAJOR: 50/130 - com.google.javascript.rhino.TokenStream_ESTest49 (6ms / 26):
    [junit] MAJOR: 2057816 (3 / 26 / 26) -> AVG-RTPM: 1214ms
    [junit] MAJOR: Mutants killed / live: 363 (58-1182-56) / 282
    [junit] MAJOR: ------------------------------------------------------------
    [junit] MAJOR: 51/130 - com.google.javascript.rhino.TokenStream_ESTest51 (6ms / 54):
    [junit] MAJOR: 2111962 (9 / 54 / 54) -> AVG-RTPM: 1002ms
    [junit] MAJOR: Mutants killed / live: 372 (58-1236-56) / 273
    [junit] MAJOR: ------------------------------------------------------------
    [junit] MAJOR: 52/130 - com.google.javascript.rhino.TokenStream_ESTest52 (6ms / 52):
    [junit] MAJOR: 2161387 (16 / 52 / 52) -> AVG-RTPM: 950ms
    [junit] MAJOR: Mutants killed / live: 388 (58-1288-56) / 257
    [junit] MAJOR: ------------------------------------------------------------
    [junit] MAJOR: 53/130 - com.google.javascript.rhino.TokenStream_ESTest53 (6ms / 45):
    [junit] MAJOR: 2198824 (16 / 45 / 45) -> AVG-RTPM: 831ms
    [junit] MAJOR: Mutants killed / live: 404 (58-1333-56) / 241
    [junit] MAJOR: ------------------------------------------------------------
    [junit] MAJOR: 54/130 - com.google.javascript.rhino.TokenStream_ESTest55 (6ms / 52):
    [junit] MAJOR: 2256315 (16 / 52 / 52) -> AVG-RTPM: 1105ms
    [junit] MAJOR: Mutants killed / live: 420 (58-1385-56) / 225
    [junit] MAJOR: ------------------------------------------------------------
    [junit] MAJOR: 55/130 - com.google.javascript.rhino.TokenStream_ESTest56 (6ms / 45):
    [junit] MAJOR: 2305843 (16 / 45 / 45) -> AVG-RTPM: 1100ms
    [junit] MAJOR: Mutants killed / live: 436 (58-1430-56) / 209
    [junit] MAJOR: ------------------------------------------------------------
    [junit] MAJOR: 56/130 - com.google.javascript.rhino.TokenStream_ESTest57 (6ms / 54):
    [junit] MAJOR: 2356827 (9 / 54 / 54) -> AVG-RTPM: 944ms
    [junit] MAJOR: Mutants killed / live: 445 (58-1484-56) / 200
    [junit] MAJOR: ------------------------------------------------------------
    [junit] MAJOR: 57/130 - com.google.javascript.rhino.TokenStream_ESTest58 (6ms / 52):
    [junit] MAJOR: 2415537 (16 / 52 / 52) -> AVG-RTPM: 1129ms
    [junit] MAJOR: Mutants killed / live: 461 (58-1536-56) / 184
    [junit] MAJOR: ------------------------------------------------------------
    [junit] MAJOR: 58/130 - com.google.javascript.rhino.TokenStream_ESTest59 (6ms / 26):
    [junit] MAJOR: 2444086 (3 / 26 / 26) -> AVG-RTPM: 1098ms
    [junit] MAJOR: Mutants killed / live: 464 (58-1562-56) / 181
    [junit] MAJOR: ------------------------------------------------------------
    [junit] MAJOR: 59/130 - com.google.javascript.rhino.TokenStream_ESTest6 (6ms / 26):
    [junit] MAJOR: 2472864 (3 / 26 / 26) -> AVG-RTPM: 1106ms
    [junit] MAJOR: Mutants killed / live: 467 (58-1588-56) / 178
    [junit] MAJOR: ------------------------------------------------------------
    [junit] MAJOR: 60/130 - com.google.javascript.rhino.TokenStream_ESTest60 (6ms / 20):
    [junit] MAJOR: 2499122 (0 / 20 / 20) -> AVG-RTPM: 1312ms
    [junit] MAJOR: Mutants killed / live: 467 (58-1608-56) / 178
    [junit] MAJOR: ------------------------------------------------------------
    [junit] MAJOR: 61/130 - com.google.javascript.rhino.TokenStream_ESTest61 (6ms / 20):
    [junit] MAJOR: 2520309 (0 / 20 / 20) -> AVG-RTPM: 1059ms
    [junit] MAJOR: Mutants killed / live: 467 (58-1628-56) / 178
    [junit] MAJOR: ------------------------------------------------------------
    [junit] MAJOR: 62/130 - com.google.javascript.rhino.TokenStream_ESTest1 (7ms / 41):
    [junit] MAJOR: 2568572 (7 / 41 / 41) -> AVG-RTPM: 1177ms
    [junit] MAJOR: Mutants killed / live: 474 (58-1669-56) / 171
    [junit] MAJOR: ------------------------------------------------------------
    [junit] MAJOR: 63/130 - com.google.javascript.rhino.TokenStream_ESTest10 (7ms / 33):
    [junit] MAJOR: 2602858 (3 / 33 / 33) -> AVG-RTPM: 1038ms
    [junit] MAJOR: Mutants killed / live: 477 (58-1702-56) / 168
    [junit] MAJOR: ------------------------------------------------------------
    [junit] MAJOR: 64/130 - com.google.javascript.rhino.TokenStream_ESTest100 (7ms / 20):
    [junit] MAJOR: 2619984 (0 / 20 / 20) -> AVG-RTPM: 856ms
    [junit] MAJOR: Mutants killed / live: 477 (58-1722-56) / 168
    [junit] MAJOR: ------------------------------------------------------------
    [junit] MAJOR: 65/130 - com.google.javascript.rhino.TokenStream_ESTest62 (7ms / 20):
    [junit] MAJOR: 2637584 (0 / 20 / 20) -> AVG-RTPM: 880ms
    [junit] MAJOR: Mutants killed / live: 477 (58-1742-56) / 168
    [junit] MAJOR: ------------------------------------------------------------
    [junit] MAJOR: 66/130 - com.google.javascript.rhino.TokenStream_ESTest66 (7ms / 20):
    [junit] MAJOR: 2659235 (0 / 20 / 20) -> AVG-RTPM: 1082ms
    [junit] MAJOR: Mutants killed / live: 477 (58-1762-56) / 168
    [junit] MAJOR: ------------------------------------------------------------
    [junit] MAJOR: 67/130 - com.google.javascript.rhino.TokenStream_ESTest69 (7ms / 20):
    [junit] MAJOR: 2677734 (0 / 20 / 20) -> AVG-RTPM: 924ms
    [junit] MAJOR: Mutants killed / live: 477 (58-1782-56) / 168
    [junit] MAJOR: ------------------------------------------------------------
    [junit] MAJOR: 68/130 - com.google.javascript.rhino.TokenStream_ESTest71 (7ms / 20):
    [junit] MAJOR: 2699135 (0 / 20 / 20) -> AVG-RTPM: 1070ms
    [junit] MAJOR: Mutants killed / live: 477 (58-1802-56) / 168
    [junit] MAJOR: ------------------------------------------------------------
    [junit] MAJOR: 69/130 - com.google.javascript.rhino.TokenStream_ESTest72 (7ms / 42):
    [junit] MAJOR: 2754478 (19 / 42 / 42) -> AVG-RTPM: 1317ms
    [junit] MAJOR: Mutants killed / live: 496 (58-1844-56) / 149
    [junit] MAJOR: ------------------------------------------------------------
    [junit] MAJOR: 70/130 - com.google.javascript.rhino.TokenStream_ESTest73 (7ms / 35):
    [junit] MAJOR: 2787637 (12 / 35 / 35) -> AVG-RTPM: 947ms
    [junit] MAJOR: Mutants killed / live: 508 (58-1879-56) / 137
    [junit] MAJOR: ------------------------------------------------------------
    [junit] MAJOR: 71/130 - com.google.javascript.rhino.TokenStream_ESTest75 (7ms / 20):
    [junit] MAJOR: 2811588 (0 / 20 / 20) -> AVG-RTPM: 1197ms
    [junit] MAJOR: Mutants killed / live: 508 (58-1899-56) / 137
    [junit] MAJOR: ------------------------------------------------------------
    [junit] MAJOR: 72/130 - com.google.javascript.rhino.TokenStream_ESTest76 (7ms / 26):
    [junit] MAJOR: 2834509 (3 / 26 / 26) -> AVG-RTPM: 881ms
    [junit] MAJOR: Mutants killed / live: 511 (58-1925-56) / 134
    [junit] MAJOR: ------------------------------------------------------------
    [junit] MAJOR: 73/130 - com.google.javascript.rhino.TokenStream_ESTest77 (7ms / 20):
    [junit] MAJOR: 2851879 (0 / 20 / 20) -> AVG-RTPM: 868ms
    [junit] MAJOR: Mutants killed / live: 511 (58-1945-56) / 134
    [junit] MAJOR: ------------------------------------------------------------
    [junit] MAJOR: 74/130 - com.google.javascript.rhino.TokenStream_ESTest83 (7ms / 27):
    [junit] MAJOR: 2884666 (3 / 27 / 27) -> AVG-RTPM: 1214ms
    [junit] MAJOR: Mutants killed / live: 514 (58-1972-56) / 131
    [junit] MAJOR: ------------------------------------------------------------
    [junit] MAJOR: 75/130 - com.google.javascript.rhino.TokenStream_ESTest86 (7ms / 20):
    [junit] MAJOR: 2905669 (0 / 20 / 20) -> AVG-RTPM: 1050ms
    [junit] MAJOR: Mutants killed / live: 514 (58-1992-56) / 131
    [junit] MAJOR: ------------------------------------------------------------
    [junit] MAJOR: 76/130 - com.google.javascript.rhino.TokenStream_ESTest9 (7ms / 41):
    [junit] MAJOR: 2943356 (0 / 41 / 41) -> AVG-RTPM: 919ms
    [junit] MAJOR: Mutants killed / live: 514 (58-2033-56) / 131
    [junit] MAJOR: ------------------------------------------------------------
    [junit] MAJOR: 77/130 - com.google.javascript.rhino.TokenStream_ESTest95 (7ms / 26):
    [junit] MAJOR: 2967105 (3 / 26 / 26) -> AVG-RTPM: 913ms
    [junit] MAJOR: Mutants killed / live: 517 (58-2059-56) / 128
    [junit] MAJOR: ------------------------------------------------------------
    [junit] MAJOR: 78/130 - com.google.javascript.rhino.TokenStream_ESTest36 (8ms / 20):
    [junit] MAJOR: 2990912 (0 / 20 / 20) -> AVG-RTPM: 1190ms
    [junit] MAJOR: Mutants killed / live: 517 (58-2079-56) / 128
    [junit] MAJOR: ------------------------------------------------------------
    [junit] MAJOR: 79/130 - com.google.javascript.rhino.TokenStream_ESTest67 (8ms / 26):
    [junit] MAJOR: 3016696 (3 / 26 / 26) -> AVG-RTPM: 991ms
    [junit] MAJOR: Mutants killed / live: 520 (58-2105-56) / 125
    [junit] MAJOR: ------------------------------------------------------------
    [junit] MAJOR: 80/130 - com.google.javascript.rhino.TokenStream_ESTest68 (8ms / 20):
    [junit] MAJOR: 3034959 (0 / 20 / 20) -> AVG-RTPM: 913ms
    [junit] MAJOR: Mutants killed / live: 520 (58-2125-56) / 125
    [junit] MAJOR: ------------------------------------------------------------
    [junit] MAJOR: 81/130 - com.google.javascript.rhino.TokenStream_ESTest7 (8ms / 20):
    [junit] MAJOR: 3054560 (0 / 20 / 20) -> AVG-RTPM: 980ms
    [junit] MAJOR: Mutants killed / live: 520 (58-2145-56) / 125
    [junit] MAJOR: ------------------------------------------------------------
    [junit] MAJOR: 82/130 - com.google.javascript.rhino.TokenStream_ESTest87 (8ms / 43):
    [junit] MAJOR: 3104673 (19 / 43 / 43) -> AVG-RTPM: 1165ms
    [junit] MAJOR: Mutants killed / live: 539 (58-2188-56) / 106
    [junit] MAJOR: ------------------------------------------------------------
    [junit] MAJOR: 83/130 - com.google.javascript.rhino.TokenStream_ESTest88 (8ms / 20):
    [junit] MAJOR: 3125190 (0 / 20 / 20) -> AVG-RTPM: 1025ms
    [junit] MAJOR: Mutants killed / live: 539 (58-2208-56) / 106
    [junit] MAJOR: ------------------------------------------------------------
    [junit] MAJOR: 84/130 - com.google.javascript.rhino.TokenStream_ESTest89 (8ms / 20):
    [junit] MAJOR: 3151128 (0 / 20 / 20) -> AVG-RTPM: 1296ms
    [junit] MAJOR: Mutants killed / live: 539 (58-2228-56) / 106
    [junit] MAJOR: ------------------------------------------------------------
    [junit] MAJOR: 85/130 - com.google.javascript.rhino.TokenStream_ESTest91 (8ms / 20):
    [junit] MAJOR: 3175556 (0 / 20 / 20) -> AVG-RTPM: 1221ms
    [junit] MAJOR: Mutants killed / live: 539 (58-2248-56) / 106
    [junit] MAJOR: ------------------------------------------------------------
    [junit] MAJOR: 86/130 - com.google.javascript.rhino.TokenStream_ESTest39 (9ms / 20):
    [junit] MAJOR: 3194495 (0 / 20 / 20) -> AVG-RTPM: 946ms
    [junit] MAJOR: Mutants killed / live: 539 (58-2268-56) / 106
    [junit] MAJOR: ------------------------------------------------------------
    [junit] MAJOR: 87/130 - com.google.javascript.rhino.TokenStream_ESTest74 (9ms / 26):
    [junit] MAJOR: 3223492 (3 / 26 / 26) -> AVG-RTPM: 1115ms
    [junit] MAJOR: Mutants killed / live: 542 (58-2294-56) / 103
    [junit] MAJOR: ------------------------------------------------------------
    [junit] MAJOR: 88/130 - com.google.javascript.rhino.TokenStream_ESTest85 (9ms / 20):
    [junit] MAJOR: 3249454 (0 / 20 / 20) -> AVG-RTPM: 1298ms
    [junit] MAJOR: Mutants killed / live: 542 (58-2314-56) / 103
    [junit] MAJOR: ------------------------------------------------------------
    [junit] MAJOR: 89/130 - com.google.javascript.rhino.TokenStream_ESTest92 (9ms / 20):
    [junit] MAJOR: 3275577 (0 / 20 / 20) -> AVG-RTPM: 1306ms
    [junit] MAJOR: Mutants killed / live: 542 (58-2334-56) / 103
    [junit] MAJOR: ------------------------------------------------------------
    [junit] MAJOR: 90/130 - com.google.javascript.rhino.TokenStream_ESTest94 (9ms / 20):
    [junit] MAJOR: 3297677 (0 / 20 / 20) -> AVG-RTPM: 1105ms
    [junit] MAJOR: Mutants killed / live: 542 (58-2354-56) / 103
    [junit] MAJOR: ------------------------------------------------------------
    [junit] MAJOR: 91/130 - com.google.javascript.rhino.TokenStream_ESTest111 (10ms / 26):
    [junit] MAJOR: 3327676 (3 / 26 / 26) -> AVG-RTPM: 1153ms
    [junit] MAJOR: Mutants killed / live: 545 (58-2380-56) / 100
    [junit] MAJOR: ------------------------------------------------------------
    [junit] MAJOR: 92/130 - com.google.javascript.rhino.TokenStream_ESTest63 (14ms / 26):
    [junit] MAJOR: 3353560 (3 / 26 / 26) -> AVG-RTPM: 995ms
    [junit] MAJOR: Mutants killed / live: 548 (58-2406-56) / 97
    [junit] MAJOR: ------------------------------------------------------------
    [junit] MAJOR: 93/130 - com.google.javascript.rhino.TokenStream_ESTest8 (15ms / 20):
    [junit] MAJOR: 3382254 (0 / 20 / 20) -> AVG-RTPM: 1434ms
    [junit] MAJOR: Mutants killed / live: 548 (58-2426-56) / 97
    [junit] MAJOR: ------------------------------------------------------------
    [junit] MAJOR: 94/130 - com.google.javascript.rhino.TokenStream_ESTest93 (16ms / 20):
    [junit] MAJOR: 3410057 (0 / 20 / 20) -> AVG-RTPM: 1390ms
    [junit] MAJOR: Mutants killed / live: 548 (58-2446-56) / 97
    [junit] MAJOR: ------------------------------------------------------------
    [junit] MAJOR: 95/130 - com.google.javascript.rhino.TokenStream_ESTest41 (17ms / 20):
    [junit] MAJOR: 3438544 (0 / 20 / 20) -> AVG-RTPM: 1424ms
    [junit] MAJOR: Mutants killed / live: 548 (58-2466-56) / 97
    [junit] MAJOR: ------------------------------------------------------------
    [junit] MAJOR: 96/130 - com.google.javascript.rhino.TokenStream_ESTest0 (18ms / 0):
    [junit] MAJOR: 3438544 (0 / 0 / 0) -> AVG-RTPM: 0ms
    [junit] MAJOR: Mutants killed / live: 548 (58-2466-56) / 97
    [junit] MAJOR: ------------------------------------------------------------
    [junit] MAJOR: 97/130 - com.google.javascript.rhino.TokenStream_ESTest40 (18ms / 26):
    [junit] MAJOR: 3467569 (3 / 26 / 26) -> AVG-RTPM: 1116ms
    [junit] MAJOR: Mutants killed / live: 551 (58-2492-56) / 94
    [junit] MAJOR: ------------------------------------------------------------
    [junit] MAJOR: 98/130 - com.google.javascript.rhino.TokenStream_ESTest109 (19ms / 26):
    [junit] MAJOR: 3493788 (3 / 26 / 26) -> AVG-RTPM: 1008ms
    [junit] MAJOR: Mutants killed / live: 554 (58-2518-56) / 91
    [junit] MAJOR: ------------------------------------------------------------
    [junit] MAJOR: 99/130 - com.google.javascript.rhino.TokenStream_ESTest21 (19ms / 36):
    [junit] MAJOR: 3535771 (0 / 36 / 36) -> AVG-RTPM: 1166ms
    [junit] MAJOR: Mutants killed / live: 554 (58-2554-56) / 91
    [junit] MAJOR: ------------------------------------------------------------
    [junit] MAJOR: 100/130 - com.google.javascript.rhino.TokenStream_ESTest22 (20ms / 45):
    [junit] MAJOR: 3582177 (9 / 45 / 45) -> AVG-RTPM: 1031ms
    [junit] MAJOR: Mutants killed / live: 563 (58-2599-56) / 82
    [junit] MAJOR: ------------------------------------------------------------
    [junit] MAJOR: 101/130 - com.google.javascript.rhino.TokenStream_ESTest11 (21ms / 18):
    [junit] MAJOR: 3601890 (0 / 18 / 18) -> AVG-RTPM: 1095ms
    [junit] MAJOR: Mutants killed / live: 563 (58-2617-56) / 82
    [junit] MAJOR: ------------------------------------------------------------
    [junit] MAJOR: 102/130 - com.google.javascript.rhino.TokenStream_ESTest17 (21ms / 50):
    [junit] MAJOR: 3665444 (9 / 50 / 50) -> AVG-RTPM: 1271ms
    [junit] MAJOR: Mutants killed / live: 572 (58-2667-56) / 73
    [junit] MAJOR: ------------------------------------------------------------
    [junit] MAJOR: 103/130 - com.google.javascript.rhino.TokenStream_ESTest42 (21ms / 20):
    [junit] MAJOR: 3691593 (0 / 20 / 20) -> AVG-RTPM: 1307ms
    [junit] MAJOR: Mutants killed / live: 572 (58-2687-56) / 73
    [junit] MAJOR: ------------------------------------------------------------
    [junit] MAJOR: 104/130 - com.google.javascript.rhino.TokenStream_ESTest64 (21ms / 20):
    [junit] MAJOR: 3718063 (0 / 20 / 20) -> AVG-RTPM: 1323ms
    [junit] MAJOR: Mutants killed / live: 572 (58-2707-56) / 73
    [junit] MAJOR: ------------------------------------------------------------
    [junit] MAJOR: 105/130 - com.google.javascript.rhino.TokenStream_ESTest78 (22ms / 27):
    [junit] MAJOR: 3751316 (3 / 27 / 27) -> AVG-RTPM: 1231ms
    [junit] MAJOR: Mutants killed / live: 575 (58-2734-56) / 70
    [junit] MAJOR: ------------------------------------------------------------
    [junit] MAJOR: 106/130 - com.google.javascript.rhino.TokenStream_ESTest96 (22ms / 20):
    [junit] MAJOR: 3777266 (0 / 20 / 20) -> AVG-RTPM: 1297ms
    [junit] MAJOR: Mutants killed / live: 575 (58-2754-56) / 70
    [junit] MAJOR: ------------------------------------------------------------
    [junit] MAJOR: 107/130 - com.google.javascript.rhino.TokenStream_ESTest19 (23ms / 36):
    [junit] MAJOR: 3818926 (0 / 36 / 36) -> AVG-RTPM: 1157ms
    [junit] MAJOR: Mutants killed / live: 575 (58-2790-56) / 70
    [junit] MAJOR: ------------------------------------------------------------
    [junit] MAJOR: 108/130 - com.google.javascript.rhino.TokenStream_ESTest104 (24ms / 26):
    [junit] MAJOR: 3845942 (3 / 26 / 26) -> AVG-RTPM: 1039ms
    [junit] MAJOR: Mutants killed / live: 578 (58-2816-56) / 67
    [junit] MAJOR: ------------------------------------------------------------
    [junit] MAJOR: 109/130 - com.google.javascript.rhino.TokenStream_ESTest82 (24ms / 36):
    [junit] MAJOR: 3887084 (7 / 36 / 36) -> AVG-RTPM: 1142ms
    [junit] MAJOR: Mutants killed / live: 585 (58-2852-56) / 60
    [junit] MAJOR: ------------------------------------------------------------
    [junit] MAJOR: 110/130 - com.google.javascript.rhino.TokenStream_ESTest97 (25ms / 26):
    [junit] MAJOR: 3924176 (3 / 26 / 26) -> AVG-RTPM: 1426ms
    [junit] MAJOR: Mutants killed / live: 588 (58-2878-56) / 57
    [junit] MAJOR: ------------------------------------------------------------
    [junit] MAJOR: 111/130 - com.google.javascript.rhino.TokenStream_ESTest103 (26ms / 26):
    [junit] MAJOR: 3958762 (3 / 26 / 26) -> AVG-RTPM: 1330ms
    [junit] MAJOR: Mutants killed / live: 591 (58-2904-56) / 54
    [junit] MAJOR: ------------------------------------------------------------
    [junit] MAJOR: 112/130 - com.google.javascript.rhino.TokenStream_ESTest2 (26ms / 18):
    [junit] MAJOR: 3985744 (0 / 18 / 18) -> AVG-RTPM: 1499ms
    [junit] MAJOR: Mutants killed / live: 591 (58-2922-56) / 54
    [junit] MAJOR: ------------------------------------------------------------
    [junit] MAJOR: 113/130 - com.google.javascript.rhino.TokenStream_ESTest81 (26ms / 42):
    [junit] MAJOR: 4038867 (3 / 42 / 42) -> AVG-RTPM: 1264ms
    [junit] MAJOR: Mutants killed / live: 594 (58-2964-56) / 51
    [junit] MAJOR: ------------------------------------------------------------
    [junit] MAJOR: 114/130 - com.google.javascript.rhino.TokenStream_ESTest44 (27ms / 20):
    [junit] MAJOR: 4065105 (0 / 20 / 20) -> AVG-RTPM: 1311ms
    [junit] MAJOR: Mutants killed / live: 594 (58-2984-56) / 51
    [junit] MAJOR: ------------------------------------------------------------
    [junit] MAJOR: 115/130 - com.google.javascript.rhino.TokenStream_ESTest79 (27ms / 35):
    [junit] MAJOR: 4118281 (3 / 35 / 35) -> AVG-RTPM: 1519ms
    [junit] MAJOR: Mutants killed / live: 597 (58-3019-56) / 48
    [junit] MAJOR: ------------------------------------------------------------
    [junit] MAJOR: 116/130 - com.google.javascript.rhino.TokenStream_ESTest110 (28ms / 26):
    [junit] MAJOR: 4149095 (3 / 26 / 26) -> AVG-RTPM: 1185ms
    [junit] MAJOR: Mutants killed / live: 600 (58-3045-56) / 45
    [junit] MAJOR: ------------------------------------------------------------
    [junit] MAJOR: 117/130 - com.google.javascript.rhino.TokenStream_ESTest43 (28ms / 20):
    [junit] MAJOR: 4178241 (0 / 20 / 20) -> AVG-RTPM: 1457ms
    [junit] MAJOR: Mutants killed / live: 600 (58-3065-56) / 45
    [junit] MAJOR: ------------------------------------------------------------
    [junit] MAJOR: 118/130 - com.google.javascript.rhino.TokenStream_ESTest20 (29ms / 36):
    [junit] MAJOR: 4228927 (16 / 36 / 36) -> AVG-RTPM: 1407ms
    [junit] MAJOR: Mutants killed / live: 616 (58-3101-56) / 29
    [junit] MAJOR: ------------------------------------------------------------
    [junit] MAJOR: 119/130 - com.google.javascript.rhino.TokenStream_ESTest105 (30ms / 20):
    [junit] MAJOR: 4261240 (0 / 20 / 20) -> AVG-RTPM: 1615ms
    [junit] MAJOR: Mutants killed / live: 616 (58-3121-56) / 29
    [junit] MAJOR: ------------------------------------------------------------
    [junit] MAJOR: 120/130 - com.google.javascript.rhino.TokenStream_ESTest65 (30ms / 20):
    [junit] MAJOR: 4291487 (0 / 20 / 20) -> AVG-RTPM: 1512ms
    [junit] MAJOR: Mutants killed / live: 616 (58-3141-56) / 29
    [junit] MAJOR: ------------------------------------------------------------
    [junit] MAJOR: 121/130 - com.google.javascript.rhino.TokenStream_ESTest98 (30ms / 20):
    [junit] MAJOR: 4317085 (0 / 20 / 20) -> AVG-RTPM: 1279ms
    [junit] MAJOR: Mutants killed / live: 616 (58-3161-56) / 29
    [junit] MAJOR: ------------------------------------------------------------
    [junit] MAJOR: 122/130 - com.google.javascript.rhino.TokenStream_ESTest106 (32ms / 35):
    [junit] MAJOR: 4371411 (3 / 35 / 35) -> AVG-RTPM: 1552ms
    [junit] MAJOR: Mutants killed / live: 619 (58-3196-56) / 26
    [junit] MAJOR: ------------------------------------------------------------
    [junit] MAJOR: 123/130 - com.google.javascript.rhino.TokenStream_ESTest107 (32ms / 36):
    [junit] MAJOR: 4425203 (0 / 36 / 36) -> AVG-RTPM: 1494ms
    [junit] MAJOR: Mutants killed / live: 619 (58-3232-56) / 26
    [junit] MAJOR: ------------------------------------------------------------
    [junit] MAJOR: 124/130 - com.google.javascript.rhino.TokenStream_ESTest99 (32ms / 20):
    [junit] MAJOR: 4456231 (0 / 20 / 20) -> AVG-RTPM: 1551ms
    [junit] MAJOR: Mutants killed / live: 619 (58-3252-56) / 26
    [junit] MAJOR: ------------------------------------------------------------
    [junit] MAJOR: 125/130 - com.google.javascript.rhino.TokenStream_ESTest54 (33ms / 54):
    [junit] MAJOR: 4534059 (9 / 54 / 54) -> AVG-RTPM: 1441ms
    [junit] MAJOR: Mutants killed / live: 628 (58-3306-56) / 17
    [junit] MAJOR: ------------------------------------------------------------
    [junit] MAJOR: 126/130 - com.google.javascript.rhino.TokenStream_ESTest70 (35ms / 26):
    [junit] MAJOR: 4566256 (3 / 26 / 26) -> AVG-RTPM: 1238ms
    [junit] MAJOR: Mutants killed / live: 631 (58-3332-56) / 14
    [junit] MAJOR: ------------------------------------------------------------
    [junit] MAJOR: 127/130 - com.google.javascript.rhino.TokenStream_ESTest84 (35ms / 20):
    [junit] MAJOR: 4597826 (0 / 20 / 20) -> AVG-RTPM: 1578ms
    [junit] MAJOR: Mutants killed / live: 631 (58-3352-56) / 14
    [junit] MAJOR: ------------------------------------------------------------
    [junit] MAJOR: 128/130 - com.google.javascript.rhino.TokenStream_ESTest80 (36ms / 36):
    [junit] MAJOR: 4647041 (0 / 36 / 36) -> AVG-RTPM: 1367ms
    [junit] MAJOR: Mutants killed / live: 631 (58-3388-56) / 14
    [junit] MAJOR: ------------------------------------------------------------
    [junit] MAJOR: 129/130 - com.google.javascript.rhino.TokenStream_ESTest90 (36ms / 27):
    [junit] MAJOR: 4683994 (3 / 27 / 27) -> AVG-RTPM: 1368ms
    [junit] MAJOR: Mutants killed / live: 634 (58-3415-56) / 11
    [junit] MAJOR: ------------------------------------------------------------
    [junit] MAJOR: 130/130 - com.google.javascript.rhino.TokenStream_ESTest16 (38ms / 28):
    [junit] MAJOR: 4724878 (2 / 28 / 28) -> AVG-RTPM: 1460ms
    [junit] MAJOR: Mutants killed / live: 636 (58-3443-56) / 9
    [junit] MAJOR: ------------------------------------------------------------
    [junit] MAJOR: Summary:
    [junit] MAJOR: 
    [junit] MAJOR: Analysis time:  4724.9 seconds
    [junit] MAJOR: Mutation score: 90.47% (98.60%)
    [junit] MAJOR: Mutants killed / live: 636 (58-3443-56) / 9
    [junit] MAJOR: Mutant executions: 3772
    [junit] MAJOR: ------------------------------------------------------------
    [junit] MAJOR: Export summary of results (to summary.csv)
    [junit] MAJOR: Export mutant kill details (to /tmp/run_mutation.pl_36984_1483722091/131f/kill.csv)
    [junit] MAJOR: Export kill map (to killMap.csv)!

BUILD SUCCESSFUL
Total time: 80 minutes 6 seconds
