
rhino:

properties:

init:

compile:

compile-most:

compile-jdk15:

compile:

properties:

compile:

xmlimplsrc-compile:
     [echo] Calling /tmp/run_mutation.pl_10978_1501446657/132f/lib/rhino/xmlimplsrc/build.xml

compile:

compile-all:

compile:

jar:

rhino-jarjar:
   [jarjar] Updating jar: /tmp/run_mutation.pl_10978_1501446657/132f/build/lib/rhino.jar

svnversion:

compile:
    [javac] /tmp/run_mutation.pl_10978_1501446657/132f/build.xml:255: warning: 'includeantruntime' was not set, defaulting to build.sysclasspath=last; set to false for repeatable builds
    [javac] /tmp/run_mutation.pl_10978_1501446657/132f/build.xml:261: warning: 'includeantruntime' was not set, defaulting to build.sysclasspath=last; set to false for repeatable builds
[propertyfile] Updating property file: /tmp/run_mutation.pl_10978_1501446657/132f/build/classes/com/google/javascript/jscomp/parsing/ParserConfig.properties

compile-tests:
    [mkdir] Created dir: /tmp/run_mutation.pl_10978_1501446657/132f/build/test
    [javac] /tmp/run_mutation.pl_10978_1501446657/132f/build.xml:329: warning: 'includeantruntime' was not set, defaulting to build.sysclasspath=last; set to false for repeatable builds
    [javac] Compiling 414 source files to /tmp/run_mutation.pl_10978_1501446657/132f/build/test
    [javac] warning: [options] bootstrap class path not set in conjunction with -source 1.6
    [javac] 1 warning
    [javac] /tmp/run_mutation.pl_10978_1501446657/132f/build.xml:335: warning: 'includeantruntime' was not set, defaulting to build.sysclasspath=last; set to false for repeatable builds
    [javac] Compiling 227 source files to /tmp/run_mutation.pl_10978_1501446657/132f/build/test
    [javac] warning: [options] bootstrap class path not set in conjunction with -source 1.6
    [javac] 1 warning

compile.tests:

update.all.tests:

mutation.test:
     [echo] Running mutation analysis ...
    [junit] MAJOR: Mutation analysis enabled
SLF4J: Failed to load class "org.slf4j.impl.StaticLoggerBinder".
SLF4J: Defaulting to no-operation (NOP) logger implementation
SLF4J: See http://www.slf4j.org/codes.html#StaticLoggerBinder for further details.
    [junit] MAJOR: ------------------------------------------------------------
    [junit] MAJOR: Run 38 ordered tests to verify independence
    [junit] MAJOR: ------------------------------------------------------------
    [junit] MAJOR: Preprocessing time: 113.11 seconds
    [junit] MAJOR: ------------------------------------------------------------
    [junit] MAJOR: Mutants generated: 1373
    [junit] MAJOR: Mutants covered:   342 (24.91%)
    [junit] MAJOR: ------------------------------------------------------------
    [junit] MAJOR: Export test map to (testMap.csv)
    [junit] MAJOR: Export coverage map to (covMap.csv)
    [junit] MAJOR: Exclude 0 mutants
    [junit] MAJOR: ------------------------------------------------------------
    [junit] MAJOR: Run mutation analysis with 38 individual tests
    [junit] MAJOR: ------------------------------------------------------------
    [junit] MAJOR: 1/38 - com.google.javascript.jscomp.PeepholeSubstituteAlternateSyntax_ESTest21 (25ms / 17):
    [junit] MAJOR: 41124 (9 / 17 / 17) -> AVG-RTPM: 2419ms
    [junit] MAJOR: Mutants killed / live: 9 (5-4-0) / 333
    [junit] MAJOR: ------------------------------------------------------------
    [junit] MAJOR: 2/38 - com.google.javascript.jscomp.PeepholeSubstituteAlternateSyntax_ESTest27 (25ms / 32):
    [junit] MAJOR: 156207 (18 / 32 / 32) -> AVG-RTPM: 3596ms
    [junit] MAJOR: Mutants killed / live: 27 (19-8-0) / 315
    [junit] MAJOR: ------------------------------------------------------------
    [junit] MAJOR: 3/38 - com.google.javascript.jscomp.PeepholeSubstituteAlternateSyntax_ESTest11 (27ms / 5):
    [junit] MAJOR: 177798 (2 / 5 / 5) -> AVG-RTPM: 4318ms
    [junit] MAJOR: Mutants killed / live: 29 (19-10-0) / 313
    [junit] MAJOR: ------------------------------------------------------------
    [junit] MAJOR: 4/38 - com.google.javascript.jscomp.PeepholeSubstituteAlternateSyntax_ESTest29 (27ms / 37):
    [junit] MAJOR: 338825 (11 / 37 / 37) -> AVG-RTPM: 4352ms
    [junit] MAJOR: Mutants killed / live: 40 (22-28-0) / 302
    [junit] MAJOR: ------------------------------------------------------------
    [junit] MAJOR: 5/38 - com.google.javascript.jscomp.PeepholeSubstituteAlternateSyntax_ESTest35 (27ms / 8):
    [junit] MAJOR: 344508 (8 / 8 / 8) -> AVG-RTPM: 710ms
    [junit] MAJOR: Mutants killed / live: 48 (22-36-0) / 294
    [junit] MAJOR: ------------------------------------------------------------
    [junit] MAJOR: 6/38 - com.google.javascript.jscomp.PeepholeSubstituteAlternateSyntax_ESTest4 (27ms / 8):
    [junit] MAJOR: 345002 (8 / 8 / 8) -> AVG-RTPM: 61ms
    [junit] MAJOR: Mutants killed / live: 56 (22-44-0) / 286
    [junit] MAJOR: ------------------------------------------------------------
    [junit] MAJOR: 7/38 - com.google.javascript.jscomp.PeepholeSubstituteAlternateSyntax_ESTest36 (28ms / 18):
    [junit] MAJOR: 346832 (18 / 18 / 18) -> AVG-RTPM: 101ms
    [junit] MAJOR: Mutants killed / live: 74 (22-62-0) / 268
    [junit] MAJOR: ------------------------------------------------------------
    [junit] MAJOR: 8/38 - com.google.javascript.jscomp.PeepholeSubstituteAlternateSyntax_ESTest8 (28ms / 1):
    [junit] MAJOR: 346999 (1 / 1 / 1) -> AVG-RTPM: 167ms
    [junit] MAJOR: Mutants killed / live: 75 (22-63-0) / 267
    [junit] MAJOR: ------------------------------------------------------------
    [junit] MAJOR: 9/38 - com.google.javascript.jscomp.PeepholeSubstituteAlternateSyntax_ESTest14 (29ms / 45):
    [junit] MAJOR: 350592 (45 / 45 / 45) -> AVG-RTPM: 79ms
    [junit] MAJOR: Mutants killed / live: 120 (22-108-0) / 222
    [junit] MAJOR: ------------------------------------------------------------
    [junit] MAJOR: 10/38 - com.google.javascript.jscomp.PeepholeSubstituteAlternateSyntax_ESTest24 (29ms / 10):
    [junit] MAJOR: 351363 (0 / 10 / 10) -> AVG-RTPM: 77ms
    [junit] MAJOR: Mutants killed / live: 120 (22-118-0) / 222
    [junit] MAJOR: ------------------------------------------------------------
    [junit] MAJOR: 11/38 - com.google.javascript.jscomp.PeepholeSubstituteAlternateSyntax_ESTest30 (29ms / 23):
    [junit] MAJOR: 353510 (7 / 23 / 23) -> AVG-RTPM: 93ms
    [junit] MAJOR: Mutants killed / live: 127 (22-141-0) / 215
    [junit] MAJOR: ------------------------------------------------------------
    [junit] MAJOR: 12/38 - com.google.javascript.jscomp.PeepholeSubstituteAlternateSyntax_ESTest12 (30ms / 13):
    [junit] MAJOR: 354455 (13 / 13 / 13) -> AVG-RTPM: 72ms
    [junit] MAJOR: Mutants killed / live: 140 (22-154-0) / 202
    [junit] MAJOR: ------------------------------------------------------------
    [junit] MAJOR: 13/38 - com.google.javascript.jscomp.PeepholeSubstituteAlternateSyntax_ESTest26 (30ms / 36):
    [junit] MAJOR: 357678 (2 / 36 / 36) -> AVG-RTPM: 89ms
    [junit] MAJOR: Mutants killed / live: 142 (22-190-0) / 200
    [junit] MAJOR: ------------------------------------------------------------
    [junit] MAJOR: 14/38 - com.google.javascript.jscomp.PeepholeSubstituteAlternateSyntax_ESTest6 (30ms / 9):
    [junit] MAJOR: 358486 (9 / 9 / 9) -> AVG-RTPM: 89ms
    [junit] MAJOR: Mutants killed / live: 151 (22-199-0) / 191
    [junit] MAJOR: ------------------------------------------------------------
    [junit] MAJOR: 15/38 - com.google.javascript.jscomp.PeepholeSubstituteAlternateSyntax_ESTest31 (31ms / 7):
    [junit] MAJOR: 359122 (4 / 7 / 7) -> AVG-RTPM: 90ms
    [junit] MAJOR: Mutants killed / live: 155 (22-206-0) / 187
    [junit] MAJOR: ------------------------------------------------------------
    [junit] MAJOR: 16/38 - com.google.javascript.jscomp.PeepholeSubstituteAlternateSyntax_ESTest33 (31ms / 8):
    [junit] MAJOR: 360005 (2 / 8 / 8) -> AVG-RTPM: 110ms
    [junit] MAJOR: Mutants killed / live: 157 (22-214-0) / 185
    [junit] MAJOR: ------------------------------------------------------------
    [junit] MAJOR: 17/38 - com.google.javascript.jscomp.PeepholeSubstituteAlternateSyntax_ESTest9 (32ms / 11):
    [junit] MAJOR: 360868 (2 / 11 / 11) -> AVG-RTPM: 78ms
    [junit] MAJOR: Mutants killed / live: 159 (22-225-0) / 183
    [junit] MAJOR: ------------------------------------------------------------
    [junit] MAJOR: 18/38 - com.google.javascript.jscomp.PeepholeSubstituteAlternateSyntax_ESTest1 (33ms / 41):
    [junit] MAJOR: 364424 (3 / 41 / 41) -> AVG-RTPM: 86ms
    [junit] MAJOR: Mutants killed / live: 162 (22-266-0) / 180
    [junit] MAJOR: ------------------------------------------------------------
    [junit] MAJOR: 19/38 - com.google.javascript.jscomp.PeepholeSubstituteAlternateSyntax_ESTest2 (33ms / 1):
    [junit] MAJOR: 364495 (1 / 1 / 1) -> AVG-RTPM: 71ms
    [junit] MAJOR: Mutants killed / live: 163 (22-267-0) / 179
    [junit] MAJOR: ------------------------------------------------------------
    [junit] MAJOR: 20/38 - com.google.javascript.jscomp.PeepholeSubstituteAlternateSyntax_ESTest23 (34ms / 17):
    [junit] MAJOR: 366185 (8 / 17 / 17) -> AVG-RTPM: 99ms
    [junit] MAJOR: Mutants killed / live: 171 (22-284-0) / 171
    [junit] MAJOR: ------------------------------------------------------------
    [junit] MAJOR: 21/38 - com.google.javascript.jscomp.PeepholeSubstituteAlternateSyntax_ESTest15 (39ms / 6):
    [junit] MAJOR: 366668 (6 / 6 / 6) -> AVG-RTPM: 80ms
    [junit] MAJOR: Mutants killed / live: 177 (22-290-0) / 165
    [junit] MAJOR: ------------------------------------------------------------
    [junit] MAJOR: 22/38 - com.google.javascript.jscomp.PeepholeSubstituteAlternateSyntax_ESTest25 (40ms / 7):
    [junit] MAJOR: 367377 (0 / 7 / 7) -> AVG-RTPM: 101ms
    [junit] MAJOR: Mutants killed / live: 177 (22-297-0) / 165
    [junit] MAJOR: ------------------------------------------------------------
    [junit] MAJOR: 23/38 - com.google.javascript.jscomp.PeepholeSubstituteAlternateSyntax_ESTest20 (41ms / 10):
    [junit] MAJOR: 368251 (0 / 10 / 10) -> AVG-RTPM: 87ms
    [junit] MAJOR: Mutants killed / live: 177 (22-307-0) / 165
    [junit] MAJOR: ------------------------------------------------------------
    [junit] MAJOR: 24/38 - com.google.javascript.jscomp.PeepholeSubstituteAlternateSyntax_ESTest17 (42ms / 6):
    [junit] MAJOR: 368856 (6 / 6 / 6) -> AVG-RTPM: 100ms
    [junit] MAJOR: Mutants killed / live: 183 (22-313-0) / 159
    [junit] MAJOR: ------------------------------------------------------------
    [junit] MAJOR: 25/38 - com.google.javascript.jscomp.PeepholeSubstituteAlternateSyntax_ESTest34 (47ms / 27):
    [junit] MAJOR: 371031 (20 / 27 / 27) -> AVG-RTPM: 80ms
    [junit] MAJOR: Mutants killed / live: 203 (22-340-0) / 139
    [junit] MAJOR: ------------------------------------------------------------
    [junit] MAJOR: 26/38 - com.google.javascript.jscomp.PeepholeSubstituteAlternateSyntax_ESTest7 (51ms / 13):
    [junit] MAJOR: 372276 (1 / 13 / 13) -> AVG-RTPM: 95ms
    [junit] MAJOR: Mutants killed / live: 204 (22-353-0) / 138
    [junit] MAJOR: ------------------------------------------------------------
    [junit] MAJOR: 27/38 - com.google.javascript.jscomp.PeepholeSubstituteAlternateSyntax_ESTest10 (52ms / 16):
    [junit] MAJOR: 373636 (10 / 16 / 16) -> AVG-RTPM: 84ms
    [junit] MAJOR: Mutants killed / live: 214 (22-369-0) / 128
    [junit] MAJOR: ------------------------------------------------------------
    [junit] MAJOR: 28/38 - com.google.javascript.jscomp.PeepholeSubstituteAlternateSyntax_ESTest13 (62ms / 0):
    [junit] MAJOR: 373636 (0 / 0 / 0) -> AVG-RTPM: 0ms
    [junit] MAJOR: Mutants killed / live: 214 (22-369-0) / 128
    [junit] MAJOR: ------------------------------------------------------------
    [junit] MAJOR: 29/38 - com.google.javascript.jscomp.PeepholeSubstituteAlternateSyntax_ESTest18 (66ms / 2):
    [junit] MAJOR: 373869 (0 / 2 / 2) -> AVG-RTPM: 116ms
    [junit] MAJOR: Mutants killed / live: 214 (22-371-0) / 128
    [junit] MAJOR: ------------------------------------------------------------
    [junit] MAJOR: 30/38 - com.google.javascript.jscomp.PeepholeSubstituteAlternateSyntax_ESTest28 (68ms / 22):
    [junit] MAJOR: 376028 (0 / 22 / 22) -> AVG-RTPM: 98ms
    [junit] MAJOR: Mutants killed / live: 214 (22-393-0) / 128
    [junit] MAJOR: ------------------------------------------------------------
    [junit] MAJOR: 31/38 - com.google.javascript.jscomp.PeepholeSubstituteAlternateSyntax_ESTest3 (75ms / 2):
    [junit] MAJOR: 376160 (0 / 2 / 2) -> AVG-RTPM: 65ms
    [junit] MAJOR: Mutants killed / live: 214 (22-395-0) / 128
    [junit] MAJOR: ------------------------------------------------------------
    [junit] MAJOR: 32/38 - com.google.javascript.jscomp.PeepholeSubstituteAlternateSyntax_ESTest37 (81ms / 70):
    [junit] MAJOR: 382461 (53 / 70 / 70) -> AVG-RTPM: 90ms
    [junit] MAJOR: Mutants killed / live: 267 (22-465-0) / 75
    [junit] MAJOR: ------------------------------------------------------------
    [junit] MAJOR: 33/38 - com.google.javascript.jscomp.PeepholeSubstituteAlternateSyntax_ESTest5 (81ms / 10):
    [junit] MAJOR: 383267 (4 / 10 / 10) -> AVG-RTPM: 80ms
    [junit] MAJOR: Mutants killed / live: 271 (22-475-0) / 71
    [junit] MAJOR: ------------------------------------------------------------
    [junit] MAJOR: 34/38 - com.google.javascript.jscomp.PeepholeSubstituteAlternateSyntax_ESTest22 (83ms / 17):
    [junit] MAJOR: 384818 (0 / 17 / 17) -> AVG-RTPM: 91ms
    [junit] MAJOR: Mutants killed / live: 271 (22-492-0) / 71
    [junit] MAJOR: ------------------------------------------------------------
    [junit] MAJOR: 35/38 - com.google.javascript.jscomp.PeepholeSubstituteAlternateSyntax_ESTest32 (87ms / 16):
    [junit] MAJOR: 387002 (0 / 16 / 16) -> AVG-RTPM: 136ms
    [junit] MAJOR: Mutants killed / live: 271 (22-508-0) / 71
    [junit] MAJOR: ------------------------------------------------------------
    [junit] MAJOR: 36/38 - com.google.javascript.jscomp.PeepholeSubstituteAlternateSyntax_ESTest19 (94ms / 14):
    [junit] MAJOR: 388538 (14 / 14 / 14) -> AVG-RTPM: 109ms
    [junit] MAJOR: Mutants killed / live: 285 (22-522-0) / 57
    [junit] MAJOR: ------------------------------------------------------------
    [junit] MAJOR: 37/38 - com.google.javascript.jscomp.PeepholeSubstituteAlternateSyntax_ESTest16 (116ms / 42):
    [junit] MAJOR: 394005 (42 / 42 / 42) -> AVG-RTPM: 130ms
    [junit] MAJOR: Mutants killed / live: 327 (22-564-0) / 15
    [junit] MAJOR: ------------------------------------------------------------
    [junit] MAJOR: 38/38 - com.google.javascript.jscomp.PeepholeSubstituteAlternateSyntax_ESTest0 (128ms / 45):
    [junit] MAJOR: 397845 (11 / 45 / 45) -> AVG-RTPM: 85ms
    [junit] MAJOR: Mutants killed / live: 338 (22-609-0) / 4
    [junit] MAJOR: ------------------------------------------------------------
    [junit] MAJOR: Summary:
    [junit] MAJOR: 
    [junit] MAJOR: Analysis time:  397.8 seconds
    [junit] MAJOR: Mutation score: 24.62% (98.83%)
    [junit] MAJOR: Mutants killed / live: 338 (22-609-0) / 4
    [junit] MAJOR: Mutant executions: 672
    [junit] MAJOR: ------------------------------------------------------------
    [junit] MAJOR: Export summary of results (to summary.csv)
    [junit] MAJOR: Export mutant kill details (to /tmp/run_mutation.pl_10978_1501446657/132f/kill.csv)
    [junit] MAJOR: Export kill map (to killMap.csv)!

BUILD SUCCESSFUL
Total time: 8 minutes 50 seconds
