
rhino:

properties:

init:

compile:

compile-most:

compile-jdk15:

compile:

properties:

compile:

xmlimplsrc-compile:
     [echo] Calling /tmp/run_mutation.pl_110530_1501637013/16f/lib/rhino/xmlimplsrc/build.xml

compile:

compile-all:

compile:

jar:

rhino-jarjar:
   [jarjar] Updating jar: /tmp/run_mutation.pl_110530_1501637013/16f/build/lib/rhino.jar

svnversion:

compile:
    [javac] /tmp/run_mutation.pl_110530_1501637013/16f/build.xml:252: warning: 'includeantruntime' was not set, defaulting to build.sysclasspath=last; set to false for repeatable builds
    [javac] /tmp/run_mutation.pl_110530_1501637013/16f/build.xml:258: warning: 'includeantruntime' was not set, defaulting to build.sysclasspath=last; set to false for repeatable builds
[propertyfile] Updating property file: /tmp/run_mutation.pl_110530_1501637013/16f/build/classes/com/google/javascript/jscomp/parsing/ParserConfig.properties

compile-tests:
    [mkdir] Created dir: /tmp/run_mutation.pl_110530_1501637013/16f/build/test
    [javac] /tmp/run_mutation.pl_110530_1501637013/16f/build.xml:325: warning: 'includeantruntime' was not set, defaulting to build.sysclasspath=last; set to false for repeatable builds
    [javac] Compiling 403 source files to /tmp/run_mutation.pl_110530_1501637013/16f/build/test
    [javac] warning: [options] bootstrap class path not set in conjunction with -source 1.6
    [javac] Note: /tmp/run_mutation.pl_110530_1501637013/16f/src/com/google/javascript/jscomp/ant/CompileTask.java uses unchecked or unsafe operations.
    [javac] Note: Recompile with -Xlint:unchecked for details.
    [javac] 1 warning
    [javac] /tmp/run_mutation.pl_110530_1501637013/16f/build.xml:331: warning: 'includeantruntime' was not set, defaulting to build.sysclasspath=last; set to false for repeatable builds
    [javac] Compiling 225 source files to /tmp/run_mutation.pl_110530_1501637013/16f/build/test
    [javac] warning: [options] bootstrap class path not set in conjunction with -source 1.6
    [javac] Note: /tmp/run_mutation.pl_110530_1501637013/16f/test/com/google/javascript/jscomp/parsing/JsDocInfoParserTest.java uses or overrides a deprecated API.
    [javac] Note: Recompile with -Xlint:deprecation for details.
    [javac] 1 warning

compile.tests:

update.all.tests:

mutation.test:
     [echo] Running mutation analysis ...
    [junit] MAJOR: Mutation analysis enabled
SLF4J: Failed to load class "org.slf4j.impl.StaticLoggerBinder".
SLF4J: Defaulting to no-operation (NOP) logger implementation
SLF4J: See http://www.slf4j.org/codes.html#StaticLoggerBinder for further details.
    [junit] MAJOR: ------------------------------------------------------------
    [junit] MAJOR: Run 3 ordered tests to verify independence
    [junit] MAJOR: ------------------------------------------------------------
    [junit] MAJOR: Preprocessing time: 10.39 seconds
    [junit] MAJOR: ------------------------------------------------------------
    [junit] MAJOR: Mutants generated: 357
    [junit] MAJOR: Mutants covered:   101 (28.29%)
    [junit] MAJOR: ------------------------------------------------------------
    [junit] MAJOR: Export test map to (testMap.csv)
    [junit] MAJOR: Export coverage map to (covMap.csv)
    [junit] MAJOR: Exclude 0 mutants
    [junit] MAJOR: ------------------------------------------------------------
    [junit] MAJOR: Run mutation analysis with 3 individual tests
    [junit] MAJOR: ------------------------------------------------------------
    [junit] MAJOR: 1/3 - com.google.javascript.jscomp.ScopedAliases_ESTest2 (60ms / 30):
    [junit] MAJOR: 46247 (8 / 30 / 30) -> AVG-RTPM: 1541ms
    [junit] MAJOR: Mutants killed / live: 8 (8-0-0) / 93
    [junit] MAJOR: ------------------------------------------------------------
    [junit] MAJOR: 2/3 - com.google.javascript.jscomp.ScopedAliases_ESTest1 (71ms / 30):
    [junit] MAJOR: 112205 (0 / 30 / 30) -> AVG-RTPM: 2198ms
    [junit] MAJOR: Mutants killed / live: 8 (16-0-0) / 93
    [junit] MAJOR: ------------------------------------------------------------
    [junit] MAJOR: 3/3 - com.google.javascript.jscomp.ScopedAliases_ESTest0 (94ms / 101):
    [junit] MAJOR: 625923 (20 / 101 / 101) -> AVG-RTPM: 5086ms
    [junit] MAJOR: Mutants killed / live: 28 (16-19-1) / 73
    [junit] MAJOR: ------------------------------------------------------------
    [junit] MAJOR: Summary:
    [junit] MAJOR: 
    [junit] MAJOR: Analysis time:  625.9 seconds
    [junit] MAJOR: Mutation score: 7.84% (27.72%)
    [junit] MAJOR: Mutants killed / live: 28 (16-19-1) / 73
    [junit] MAJOR: Mutant executions: 161
    [junit] MAJOR: ------------------------------------------------------------
    [junit] MAJOR: Export summary of results (to summary.csv)
    [junit] MAJOR: Export mutant kill details (to /tmp/run_mutation.pl_110530_1501637013/16f/kill.csv)
    [junit] MAJOR: Export kill map (to killMap.csv)!

BUILD SUCCESSFUL
Total time: 11 minutes 0 seconds
