
rhino:

properties:

init:

compile:

compile-most:

compile-jdk15:

compile:

properties:

compile:

xmlimplsrc-compile:
     [echo] Calling /tmp/run_mutation.pl_120489_1500900097/19f/lib/rhino/xmlimplsrc/build.xml

compile:

compile-all:

compile:

jar:

rhino-jarjar:
   [jarjar] Updating jar: /tmp/run_mutation.pl_120489_1500900097/19f/build/lib/rhino.jar

svnversion:

compile:
    [javac] /tmp/run_mutation.pl_120489_1500900097/19f/build.xml:252: warning: 'includeantruntime' was not set, defaulting to build.sysclasspath=last; set to false for repeatable builds
    [javac] /tmp/run_mutation.pl_120489_1500900097/19f/build.xml:258: warning: 'includeantruntime' was not set, defaulting to build.sysclasspath=last; set to false for repeatable builds
[propertyfile] Updating property file: /tmp/run_mutation.pl_120489_1500900097/19f/build/classes/com/google/javascript/jscomp/parsing/ParserConfig.properties

compile-tests:
    [mkdir] Created dir: /tmp/run_mutation.pl_120489_1500900097/19f/build/test
    [javac] /tmp/run_mutation.pl_120489_1500900097/19f/build.xml:325: warning: 'includeantruntime' was not set, defaulting to build.sysclasspath=last; set to false for repeatable builds
    [javac] Compiling 403 source files to /tmp/run_mutation.pl_120489_1500900097/19f/build/test
    [javac] warning: [options] bootstrap class path not set in conjunction with -source 1.6
    [javac] Note: /tmp/run_mutation.pl_120489_1500900097/19f/src/com/google/javascript/jscomp/ant/CompileTask.java uses unchecked or unsafe operations.
    [javac] Note: Recompile with -Xlint:unchecked for details.
    [javac] 1 warning
    [javac] /tmp/run_mutation.pl_120489_1500900097/19f/build.xml:331: warning: 'includeantruntime' was not set, defaulting to build.sysclasspath=last; set to false for repeatable builds
    [javac] Compiling 225 source files to /tmp/run_mutation.pl_120489_1500900097/19f/build/test
    [javac] warning: [options] bootstrap class path not set in conjunction with -source 1.6
    [javac] Note: /tmp/run_mutation.pl_120489_1500900097/19f/test/com/google/javascript/jscomp/parsing/JsDocInfoParserTest.java uses or overrides a deprecated API.
    [javac] Note: Recompile with -Xlint:deprecation for details.
    [javac] 1 warning

compile.tests:

update.all.tests:

mutation.test:
     [echo] Running mutation analysis ...
    [junit] MAJOR: Mutation analysis enabled
SLF4J: Failed to load class "org.slf4j.impl.StaticLoggerBinder".
SLF4J: Defaulting to no-operation (NOP) logger implementation
SLF4J: See http://www.slf4j.org/codes.html#StaticLoggerBinder for further details.
    [junit] MAJOR: ------------------------------------------------------------
    [junit] MAJOR: Run 44 ordered tests to verify independence
    [junit] MAJOR: ------------------------------------------------------------
    [junit] MAJOR: Preprocessing time: 27.51 seconds
    [junit] MAJOR: ------------------------------------------------------------
    [junit] MAJOR: Mutants generated: 149
    [junit] MAJOR: Mutants covered:   113 (75.84%)
    [junit] MAJOR: ------------------------------------------------------------
    [junit] MAJOR: Export test map to (testMap.csv)
    [junit] MAJOR: Export coverage map to (covMap.csv)
    [junit] MAJOR: Exclude 0 mutants
    [junit] MAJOR: ------------------------------------------------------------
    [junit] MAJOR: Run mutation analysis with 44 individual tests
    [junit] MAJOR: ------------------------------------------------------------
    [junit] MAJOR: 1/44 - com.google.javascript.jscomp.type.ChainableReverseAbstractInterpreter_ESTest21 (12ms / 6):
    [junit] MAJOR: 2856 (2 / 6 / 6) -> AVG-RTPM: 476ms
    [junit] MAJOR: Mutants killed / live: 2 (0-2-0) / 111
    [junit] MAJOR: ------------------------------------------------------------
    [junit] MAJOR: 2/44 - com.google.javascript.jscomp.type.ChainableReverseAbstractInterpreter_ESTest41 (12ms / 21):
    [junit] MAJOR: 17048 (10 / 21 / 21) -> AVG-RTPM: 675ms
    [junit] MAJOR: Mutants killed / live: 12 (0-12-0) / 101
    [junit] MAJOR: ------------------------------------------------------------
    [junit] MAJOR: 3/44 - com.google.javascript.jscomp.type.ChainableReverseAbstractInterpreter_ESTest14 (13ms / 6):
    [junit] MAJOR: 22200 (2 / 6 / 6) -> AVG-RTPM: 858ms
    [junit] MAJOR: Mutants killed / live: 14 (2-12-0) / 99
    [junit] MAJOR: ------------------------------------------------------------
    [junit] MAJOR: 4/44 - com.google.javascript.jscomp.type.ChainableReverseAbstractInterpreter_ESTest16 (13ms / 6):
    [junit] MAJOR: 27792 (0 / 6 / 6) -> AVG-RTPM: 932ms
    [junit] MAJOR: Mutants killed / live: 14 (2-14-0) / 99
    [junit] MAJOR: ------------------------------------------------------------
    [junit] MAJOR: 5/44 - com.google.javascript.jscomp.type.ChainableReverseAbstractInterpreter_ESTest17 (13ms / 21):
    [junit] MAJOR: 49935 (3 / 21 / 21) -> AVG-RTPM: 1054ms
    [junit] MAJOR: Mutants killed / live: 17 (2-23-0) / 96
    [junit] MAJOR: ------------------------------------------------------------
    [junit] MAJOR: 6/44 - com.google.javascript.jscomp.type.ChainableReverseAbstractInterpreter_ESTest22 (13ms / 3):
    [junit] MAJOR: 53725 (0 / 3 / 3) -> AVG-RTPM: 1263ms
    [junit] MAJOR: Mutants killed / live: 17 (2-23-0) / 96
    [junit] MAJOR: ------------------------------------------------------------
    [junit] MAJOR: 7/44 - com.google.javascript.jscomp.type.ChainableReverseAbstractInterpreter_ESTest23 (13ms / 3):
    [junit] MAJOR: 57372 (0 / 3 / 3) -> AVG-RTPM: 1215ms
    [junit] MAJOR: Mutants killed / live: 17 (2-23-0) / 96
    [junit] MAJOR: ------------------------------------------------------------
    [junit] MAJOR: 8/44 - com.google.javascript.jscomp.type.ChainableReverseAbstractInterpreter_ESTest24 (13ms / 4):
    [junit] MAJOR: 62567 (0 / 4 / 4) -> AVG-RTPM: 1298ms
    [junit] MAJOR: Mutants killed / live: 17 (2-23-0) / 96
    [junit] MAJOR: ------------------------------------------------------------
    [junit] MAJOR: 9/44 - com.google.javascript.jscomp.type.ChainableReverseAbstractInterpreter_ESTest29 (13ms / 28):
    [junit] MAJOR: 104212 (0 / 28 / 28) -> AVG-RTPM: 1487ms
    [junit] MAJOR: Mutants killed / live: 17 (2-23-0) / 96
    [junit] MAJOR: ------------------------------------------------------------
    [junit] MAJOR: 10/44 - com.google.javascript.jscomp.type.ChainableReverseAbstractInterpreter_ESTest3 (13ms / 16):
    [junit] MAJOR: 131203 (0 / 16 / 16) -> AVG-RTPM: 1686ms
    [junit] MAJOR: Mutants killed / live: 17 (2-23-0) / 96
    [junit] MAJOR: ------------------------------------------------------------
    [junit] MAJOR: 11/44 - com.google.javascript.jscomp.type.ChainableReverseAbstractInterpreter_ESTest31 (13ms / 16):
    [junit] MAJOR: 165418 (0 / 16 / 16) -> AVG-RTPM: 2138ms
    [junit] MAJOR: Mutants killed / live: 17 (2-23-0) / 96
    [junit] MAJOR: ------------------------------------------------------------
    [junit] MAJOR: 12/44 - com.google.javascript.jscomp.type.ChainableReverseAbstractInterpreter_ESTest32 (13ms / 8):
    [junit] MAJOR: 184456 (0 / 8 / 8) -> AVG-RTPM: 2379ms
    [junit] MAJOR: Mutants killed / live: 17 (2-23-0) / 96
    [junit] MAJOR: ------------------------------------------------------------
    [junit] MAJOR: 13/44 - com.google.javascript.jscomp.type.ChainableReverseAbstractInterpreter_ESTest36 (13ms / 15):
    [junit] MAJOR: 224648 (3 / 15 / 15) -> AVG-RTPM: 2679ms
    [junit] MAJOR: Mutants killed / live: 20 (5-23-0) / 93
    [junit] MAJOR: ------------------------------------------------------------
    [junit] MAJOR: 14/44 - com.google.javascript.jscomp.type.ChainableReverseAbstractInterpreter_ESTest4 (13ms / 6):
    [junit] MAJOR: 242082 (0 / 6 / 6) -> AVG-RTPM: 2905ms
    [junit] MAJOR: Mutants killed / live: 20 (5-23-0) / 93
    [junit] MAJOR: ------------------------------------------------------------
    [junit] MAJOR: 15/44 - com.google.javascript.jscomp.type.ChainableReverseAbstractInterpreter_ESTest40 (13ms / 8):
    [junit] MAJOR: 266937 (1 / 8 / 8) -> AVG-RTPM: 3106ms
    [junit] MAJOR: Mutants killed / live: 21 (6-25-0) / 92
    [junit] MAJOR: ------------------------------------------------------------
    [junit] MAJOR: 16/44 - com.google.javascript.jscomp.type.ChainableReverseAbstractInterpreter_ESTest43 (13ms / 19):
    [junit] MAJOR: 331790 (2 / 19 / 19) -> AVG-RTPM: 3413ms
    [junit] MAJOR: Mutants killed / live: 23 (7-33-0) / 90
    [junit] MAJOR: ------------------------------------------------------------
    [junit] MAJOR: 17/44 - com.google.javascript.jscomp.type.ChainableReverseAbstractInterpreter_ESTest5 (13ms / 6):
    [junit] MAJOR: 354374 (0 / 6 / 6) -> AVG-RTPM: 3764ms
    [junit] MAJOR: Mutants killed / live: 23 (7-33-0) / 90
    [junit] MAJOR: ------------------------------------------------------------
    [junit] MAJOR: 18/44 - com.google.javascript.jscomp.type.ChainableReverseAbstractInterpreter_ESTest6 (13ms / 6):
    [junit] MAJOR: 377923 (1 / 6 / 6) -> AVG-RTPM: 3924ms
    [junit] MAJOR: Mutants killed / live: 24 (7-33-1) / 89
    [junit] MAJOR: ------------------------------------------------------------
    [junit] MAJOR: 19/44 - com.google.javascript.jscomp.type.ChainableReverseAbstractInterpreter_ESTest13 (14ms / 6):
    [junit] MAJOR: 386301 (3 / 6 / 6) -> AVG-RTPM: 1396ms
    [junit] MAJOR: Mutants killed / live: 27 (7-38-1) / 86
    [junit] MAJOR: ------------------------------------------------------------
    [junit] MAJOR: 20/44 - com.google.javascript.jscomp.type.ChainableReverseAbstractInterpreter_ESTest15 (14ms / 6):
    [junit] MAJOR: 387187 (1 / 6 / 6) -> AVG-RTPM: 147ms
    [junit] MAJOR: Mutants killed / live: 28 (7-44-1) / 85
    [junit] MAJOR: ------------------------------------------------------------
    [junit] MAJOR: 21/44 - com.google.javascript.jscomp.type.ChainableReverseAbstractInterpreter_ESTest30 (14ms / 28):
    [junit] MAJOR: 393548 (22 / 28 / 28) -> AVG-RTPM: 227ms
    [junit] MAJOR: Mutants killed / live: 50 (7-72-1) / 63
    [junit] MAJOR: ------------------------------------------------------------
    [junit] MAJOR: 22/44 - com.google.javascript.jscomp.type.ChainableReverseAbstractInterpreter_ESTest33 (14ms / 22):
    [junit] MAJOR: 398147 (8 / 22 / 22) -> AVG-RTPM: 209ms
    [junit] MAJOR: Mutants killed / live: 58 (7-94-1) / 55
    [junit] MAJOR: ------------------------------------------------------------
    [junit] MAJOR: 23/44 - com.google.javascript.jscomp.type.ChainableReverseAbstractInterpreter_ESTest34 (14ms / 13):
    [junit] MAJOR: 401182 (7 / 13 / 13) -> AVG-RTPM: 233ms
    [junit] MAJOR: Mutants killed / live: 65 (7-107-1) / 48
    [junit] MAJOR: ------------------------------------------------------------
    [junit] MAJOR: 24/44 - com.google.javascript.jscomp.type.ChainableReverseAbstractInterpreter_ESTest35 (14ms / 18):
    [junit] MAJOR: 404754 (7 / 18 / 18) -> AVG-RTPM: 198ms
    [junit] MAJOR: Mutants killed / live: 72 (7-125-1) / 41
    [junit] MAJOR: ------------------------------------------------------------
    [junit] MAJOR: 25/44 - com.google.javascript.jscomp.type.ChainableReverseAbstractInterpreter_ESTest39 (14ms / 6):
    [junit] MAJOR: 405833 (0 / 6 / 6) -> AVG-RTPM: 179ms
    [junit] MAJOR: Mutants killed / live: 72 (7-131-1) / 41
    [junit] MAJOR: ------------------------------------------------------------
    [junit] MAJOR: 26/44 - com.google.javascript.jscomp.type.ChainableReverseAbstractInterpreter_ESTest42 (14ms / 17):
    [junit] MAJOR: 408771 (0 / 17 / 17) -> AVG-RTPM: 172ms
    [junit] MAJOR: Mutants killed / live: 72 (7-148-1) / 41
    [junit] MAJOR: ------------------------------------------------------------
    [junit] MAJOR: 27/44 - com.google.javascript.jscomp.type.ChainableReverseAbstractInterpreter_ESTest8 (14ms / 6):
    [junit] MAJOR: 409808 (2 / 6 / 6) -> AVG-RTPM: 172ms
    [junit] MAJOR: Mutants killed / live: 74 (7-154-1) / 39
    [junit] MAJOR: ------------------------------------------------------------
    [junit] MAJOR: 28/44 - com.google.javascript.jscomp.type.ChainableReverseAbstractInterpreter_ESTest9 (14ms / 6):
    [junit] MAJOR: 411261 (0 / 6 / 6) -> AVG-RTPM: 242ms
    [junit] MAJOR: Mutants killed / live: 74 (7-160-1) / 39
    [junit] MAJOR: ------------------------------------------------------------
    [junit] MAJOR: 29/44 - com.google.javascript.jscomp.type.ChainableReverseAbstractInterpreter_ESTest18 (15ms / 21):
    [junit] MAJOR: 416750 (0 / 21 / 21) -> AVG-RTPM: 261ms
    [junit] MAJOR: Mutants killed / live: 74 (7-181-1) / 39
    [junit] MAJOR: ------------------------------------------------------------
    [junit] MAJOR: 30/44 - com.google.javascript.jscomp.type.ChainableReverseAbstractInterpreter_ESTest2 (15ms / 3):
    [junit] MAJOR: 417252 (0 / 3 / 3) -> AVG-RTPM: 167ms
    [junit] MAJOR: Mutants killed / live: 74 (7-184-1) / 39
    [junit] MAJOR: ------------------------------------------------------------
    [junit] MAJOR: 31/44 - com.google.javascript.jscomp.type.ChainableReverseAbstractInterpreter_ESTest20 (15ms / 12):
    [junit] MAJOR: 419700 (9 / 12 / 12) -> AVG-RTPM: 204ms
    [junit] MAJOR: Mutants killed / live: 83 (7-196-1) / 30
    [junit] MAJOR: ------------------------------------------------------------
    [junit] MAJOR: 32/44 - com.google.javascript.jscomp.type.ChainableReverseAbstractInterpreter_ESTest25 (15ms / 3):
    [junit] MAJOR: 420249 (0 / 3 / 3) -> AVG-RTPM: 183ms
    [junit] MAJOR: Mutants killed / live: 83 (7-199-1) / 30
    [junit] MAJOR: ------------------------------------------------------------
    [junit] MAJOR: 33/44 - com.google.javascript.jscomp.type.ChainableReverseAbstractInterpreter_ESTest27 (15ms / 20):
    [junit] MAJOR: 424531 (6 / 20 / 20) -> AVG-RTPM: 214ms
    [junit] MAJOR: Mutants killed / live: 89 (7-219-1) / 24
    [junit] MAJOR: ------------------------------------------------------------
    [junit] MAJOR: 34/44 - com.google.javascript.jscomp.type.ChainableReverseAbstractInterpreter_ESTest11 (16ms / 6):
    [junit] MAJOR: 425573 (0 / 6 / 6) -> AVG-RTPM: 173ms
    [junit] MAJOR: Mutants killed / live: 89 (7-225-1) / 24
    [junit] MAJOR: ------------------------------------------------------------
    [junit] MAJOR: 35/44 - com.google.javascript.jscomp.type.ChainableReverseAbstractInterpreter_ESTest19 (16ms / 9):
    [junit] MAJOR: 427528 (0 / 9 / 9) -> AVG-RTPM: 217ms
    [junit] MAJOR: Mutants killed / live: 89 (7-234-1) / 24
    [junit] MAJOR: ------------------------------------------------------------
    [junit] MAJOR: 36/44 - com.google.javascript.jscomp.type.ChainableReverseAbstractInterpreter_ESTest26 (16ms / 3):
    [junit] MAJOR: 428164 (0 / 3 / 3) -> AVG-RTPM: 212ms
    [junit] MAJOR: Mutants killed / live: 89 (7-237-1) / 24
    [junit] MAJOR: ------------------------------------------------------------
    [junit] MAJOR: 37/44 - com.google.javascript.jscomp.type.ChainableReverseAbstractInterpreter_ESTest28 (16ms / 31):
    [junit] MAJOR: 434762 (10 / 31 / 31) -> AVG-RTPM: 212ms
    [junit] MAJOR: Mutants killed / live: 99 (7-268-1) / 14
    [junit] MAJOR: ------------------------------------------------------------
    [junit] MAJOR: 38/44 - com.google.javascript.jscomp.type.ChainableReverseAbstractInterpreter_ESTest38 (16ms / 6):
    [junit] MAJOR: 435888 (0 / 6 / 6) -> AVG-RTPM: 187ms
    [junit] MAJOR: Mutants killed / live: 99 (7-274-1) / 14
    [junit] MAJOR: ------------------------------------------------------------
    [junit] MAJOR: 39/44 - com.google.javascript.jscomp.type.ChainableReverseAbstractInterpreter_ESTest7 (16ms / 6):
    [junit] MAJOR: 437209 (0 / 6 / 6) -> AVG-RTPM: 220ms
    [junit] MAJOR: Mutants killed / live: 99 (7-280-1) / 14
    [junit] MAJOR: ------------------------------------------------------------
    [junit] MAJOR: 40/44 - com.google.javascript.jscomp.type.ChainableReverseAbstractInterpreter_ESTest1 (19ms / 6):
    [junit] MAJOR: 438416 (0 / 6 / 6) -> AVG-RTPM: 201ms
    [junit] MAJOR: Mutants killed / live: 99 (7-286-1) / 14
    [junit] MAJOR: ------------------------------------------------------------
    [junit] MAJOR: 41/44 - com.google.javascript.jscomp.type.ChainableReverseAbstractInterpreter_ESTest10 (19ms / 6):
    [junit] MAJOR: 439724 (0 / 6 / 6) -> AVG-RTPM: 218ms
    [junit] MAJOR: Mutants killed / live: 99 (7-292-1) / 14
    [junit] MAJOR: ------------------------------------------------------------
    [junit] MAJOR: 42/44 - com.google.javascript.jscomp.type.ChainableReverseAbstractInterpreter_ESTest37 (19ms / 15):
    [junit] MAJOR: 442507 (0 / 15 / 15) -> AVG-RTPM: 185ms
    [junit] MAJOR: Mutants killed / live: 99 (7-307-1) / 14
    [junit] MAJOR: ------------------------------------------------------------
    [junit] MAJOR: 43/44 - com.google.javascript.jscomp.type.ChainableReverseAbstractInterpreter_ESTest0 (25ms / 15):
    [junit] MAJOR: 446286 (2 / 15 / 15) -> AVG-RTPM: 251ms
    [junit] MAJOR: Mutants killed / live: 101 (7-322-1) / 12
    [junit] MAJOR: ------------------------------------------------------------
    [junit] MAJOR: 44/44 - com.google.javascript.jscomp.type.ChainableReverseAbstractInterpreter_ESTest12 (85ms / 6):
    [junit] MAJOR: 447574 (0 / 6 / 6) -> AVG-RTPM: 214ms
    [junit] MAJOR: Mutants killed / live: 101 (7-328-1) / 12
    [junit] MAJOR: ------------------------------------------------------------
    [junit] MAJOR: Summary:
    [junit] MAJOR: 
    [junit] MAJOR: Analysis time:  447.6 seconds
    [junit] MAJOR: Mutation score: 67.79% (89.38%)
    [junit] MAJOR: Mutants killed / live: 101 (7-328-1) / 12
    [junit] MAJOR: Mutant executions: 494
    [junit] MAJOR: ------------------------------------------------------------
    [junit] MAJOR: Export summary of results (to summary.csv)
    [junit] MAJOR: Export mutant kill details (to /tmp/run_mutation.pl_120489_1500900097/19f/kill.csv)
    [junit] MAJOR: Export kill map (to killMap.csv)!

BUILD SUCCESSFUL
Total time: 8 minutes 7 seconds
