
rhino:

properties:

init:

compile:

compile-most:

compile-jdk15:

compile:

properties:

compile:

xmlimplsrc-compile:
     [echo] Calling /tmp/run_mutation.pl_46393_1501567653/19f/lib/rhino/xmlimplsrc/build.xml

compile:

compile-all:

compile:

jar:

rhino-jarjar:
   [jarjar] Updating jar: /tmp/run_mutation.pl_46393_1501567653/19f/build/lib/rhino.jar

svnversion:

compile:
    [javac] /tmp/run_mutation.pl_46393_1501567653/19f/build.xml:252: warning: 'includeantruntime' was not set, defaulting to build.sysclasspath=last; set to false for repeatable builds
    [javac] /tmp/run_mutation.pl_46393_1501567653/19f/build.xml:258: warning: 'includeantruntime' was not set, defaulting to build.sysclasspath=last; set to false for repeatable builds
[propertyfile] Updating property file: /tmp/run_mutation.pl_46393_1501567653/19f/build/classes/com/google/javascript/jscomp/parsing/ParserConfig.properties

compile-tests:
    [mkdir] Created dir: /tmp/run_mutation.pl_46393_1501567653/19f/build/test
    [javac] /tmp/run_mutation.pl_46393_1501567653/19f/build.xml:325: warning: 'includeantruntime' was not set, defaulting to build.sysclasspath=last; set to false for repeatable builds
    [javac] Compiling 403 source files to /tmp/run_mutation.pl_46393_1501567653/19f/build/test
    [javac] warning: [options] bootstrap class path not set in conjunction with -source 1.6
    [javac] Note: /tmp/run_mutation.pl_46393_1501567653/19f/src/com/google/javascript/jscomp/ant/CompileTask.java uses unchecked or unsafe operations.
    [javac] Note: Recompile with -Xlint:unchecked for details.
    [javac] 1 warning
    [javac] /tmp/run_mutation.pl_46393_1501567653/19f/build.xml:331: warning: 'includeantruntime' was not set, defaulting to build.sysclasspath=last; set to false for repeatable builds
    [javac] Compiling 225 source files to /tmp/run_mutation.pl_46393_1501567653/19f/build/test
    [javac] warning: [options] bootstrap class path not set in conjunction with -source 1.6
    [javac] Note: /tmp/run_mutation.pl_46393_1501567653/19f/test/com/google/javascript/jscomp/parsing/JsDocInfoParserTest.java uses or overrides a deprecated API.
    [javac] Note: Recompile with -Xlint:deprecation for details.
    [javac] 1 warning

compile.tests:

update.all.tests:

mutation.test:
     [echo] Running mutation analysis ...
    [junit] MAJOR: Mutation analysis enabled
SLF4J: Failed to load class "org.slf4j.impl.StaticLoggerBinder".
SLF4J: Defaulting to no-operation (NOP) logger implementation
SLF4J: See http://www.slf4j.org/codes.html#StaticLoggerBinder for further details.
    [junit] MAJOR: ------------------------------------------------------------
    [junit] MAJOR: Run 35 ordered tests to verify independence
    [junit] MAJOR: ------------------------------------------------------------
    [junit] MAJOR: Preprocessing time: 30.60 seconds
    [junit] MAJOR: ------------------------------------------------------------
    [junit] MAJOR: Mutants generated: 149
    [junit] MAJOR: Mutants covered:   84 (56.38%)
    [junit] MAJOR: ------------------------------------------------------------
    [junit] MAJOR: Export test map to (testMap.csv)
    [junit] MAJOR: Export coverage map to (covMap.csv)
    [junit] MAJOR: Exclude 0 mutants
    [junit] MAJOR: ------------------------------------------------------------
    [junit] MAJOR: Run mutation analysis with 35 individual tests
    [junit] MAJOR: ------------------------------------------------------------
    [junit] MAJOR: 1/35 - com.google.javascript.jscomp.type.ChainableReverseAbstractInterpreter_ESTest37 (12ms / 16):
    [junit] MAJOR: 9992 (1 / 16 / 16) -> AVG-RTPM: 624ms
    [junit] MAJOR: Mutants killed / live: 1 (1-0-0) / 83
    [junit] MAJOR: ------------------------------------------------------------
    [junit] MAJOR: 2/35 - com.google.javascript.jscomp.type.ChainableReverseAbstractInterpreter_ESTest3 (13ms / 6):
    [junit] MAJOR: 14512 (0 / 6 / 6) -> AVG-RTPM: 753ms
    [junit] MAJOR: Mutants killed / live: 1 (1-0-0) / 83
    [junit] MAJOR: ------------------------------------------------------------
    [junit] MAJOR: 3/35 - com.google.javascript.jscomp.type.ChainableReverseAbstractInterpreter_ESTest29 (14ms / 20):
    [junit] MAJOR: 31158 (7 / 20 / 20) -> AVG-RTPM: 832ms
    [junit] MAJOR: Mutants killed / live: 8 (8-0-0) / 76
    [junit] MAJOR: ------------------------------------------------------------
    [junit] MAJOR: 4/35 - com.google.javascript.jscomp.type.ChainableReverseAbstractInterpreter_ESTest9 (14ms / 6):
    [junit] MAJOR: 37313 (0 / 6 / 6) -> AVG-RTPM: 1025ms
    [junit] MAJOR: Mutants killed / live: 8 (8-0-0) / 76
    [junit] MAJOR: ------------------------------------------------------------
    [junit] MAJOR: 5/35 - com.google.javascript.jscomp.type.ChainableReverseAbstractInterpreter_ESTest17 (15ms / 3):
    [junit] MAJOR: 40545 (0 / 3 / 3) -> AVG-RTPM: 1077ms
    [junit] MAJOR: Mutants killed / live: 8 (8-0-0) / 76
    [junit] MAJOR: ------------------------------------------------------------
    [junit] MAJOR: 6/35 - com.google.javascript.jscomp.type.ChainableReverseAbstractInterpreter_ESTest24 (15ms / 21):
    [junit] MAJOR: 64157 (7 / 21 / 21) -> AVG-RTPM: 1124ms
    [junit] MAJOR: Mutants killed / live: 15 (8-7-0) / 69
    [junit] MAJOR: ------------------------------------------------------------
    [junit] MAJOR: 7/35 - com.google.javascript.jscomp.type.ChainableReverseAbstractInterpreter_ESTest33 (15ms / 21):
    [junit] MAJOR: 97122 (3 / 21 / 21) -> AVG-RTPM: 1569ms
    [junit] MAJOR: Mutants killed / live: 18 (8-17-0) / 66
    [junit] MAJOR: ------------------------------------------------------------
    [junit] MAJOR: 8/35 - com.google.javascript.jscomp.type.ChainableReverseAbstractInterpreter_ESTest19 (16ms / 6):
    [junit] MAJOR: 107925 (2 / 6 / 6) -> AVG-RTPM: 1800ms
    [junit] MAJOR: Mutants killed / live: 20 (8-19-0) / 64
    [junit] MAJOR: ------------------------------------------------------------
    [junit] MAJOR: 9/35 - com.google.javascript.jscomp.type.ChainableReverseAbstractInterpreter_ESTest22 (18ms / 3):
    [junit] MAJOR: 113220 (0 / 3 / 3) -> AVG-RTPM: 1765ms
    [junit] MAJOR: Mutants killed / live: 20 (8-19-0) / 64
    [junit] MAJOR: ------------------------------------------------------------
    [junit] MAJOR: 10/35 - com.google.javascript.jscomp.type.ChainableReverseAbstractInterpreter_ESTest31 (18ms / 6):
    [junit] MAJOR: 124628 (2 / 6 / 6) -> AVG-RTPM: 1901ms
    [junit] MAJOR: Mutants killed / live: 22 (8-21-0) / 62
    [junit] MAJOR: ------------------------------------------------------------
    [junit] MAJOR: 11/35 - com.google.javascript.jscomp.type.ChainableReverseAbstractInterpreter_ESTest2 (19ms / 6):
    [junit] MAJOR: 137033 (2 / 6 / 6) -> AVG-RTPM: 2067ms
    [junit] MAJOR: Mutants killed / live: 24 (8-23-0) / 60
    [junit] MAJOR: ------------------------------------------------------------
    [junit] MAJOR: 12/35 - com.google.javascript.jscomp.type.ChainableReverseAbstractInterpreter_ESTest36 (19ms / 14):
    [junit] MAJOR: 168878 (0 / 14 / 14) -> AVG-RTPM: 2274ms
    [junit] MAJOR: Mutants killed / live: 24 (9-23-0) / 60
    [junit] MAJOR: ------------------------------------------------------------
    [junit] MAJOR: 13/35 - com.google.javascript.jscomp.type.ChainableReverseAbstractInterpreter_ESTest4 (19ms / 6):
    [junit] MAJOR: 183189 (0 / 6 / 6) -> AVG-RTPM: 2385ms
    [junit] MAJOR: Mutants killed / live: 24 (9-23-0) / 60
    [junit] MAJOR: ------------------------------------------------------------
    [junit] MAJOR: 14/35 - com.google.javascript.jscomp.type.ChainableReverseAbstractInterpreter_ESTest32 (20ms / 8):
    [junit] MAJOR: 203657 (1 / 8 / 8) -> AVG-RTPM: 2558ms
    [junit] MAJOR: Mutants killed / live: 25 (10-25-0) / 59
    [junit] MAJOR: ------------------------------------------------------------
    [junit] MAJOR: 15/35 - com.google.javascript.jscomp.type.ChainableReverseAbstractInterpreter_ESTest6 (20ms / 6):
    [junit] MAJOR: 219834 (0 / 6 / 6) -> AVG-RTPM: 2696ms
    [junit] MAJOR: Mutants killed / live: 25 (10-25-0) / 59
    [junit] MAJOR: ------------------------------------------------------------
    [junit] MAJOR: 16/35 - com.google.javascript.jscomp.type.ChainableReverseAbstractInterpreter_ESTest13 (21ms / 10):
    [junit] MAJOR: 248812 (1 / 10 / 10) -> AVG-RTPM: 2897ms
    [junit] MAJOR: Mutants killed / live: 26 (12-25-0) / 58
    [junit] MAJOR: ------------------------------------------------------------
    [junit] MAJOR: 17/35 - com.google.javascript.jscomp.type.ChainableReverseAbstractInterpreter_ESTest30 (21ms / 6):
    [junit] MAJOR: 267223 (1 / 6 / 6) -> AVG-RTPM: 3068ms
    [junit] MAJOR: Mutants killed / live: 27 (12-27-0) / 57
    [junit] MAJOR: ------------------------------------------------------------
    [junit] MAJOR: 18/35 - com.google.javascript.jscomp.type.ChainableReverseAbstractInterpreter_ESTest35 (21ms / 15):
    [junit] MAJOR: 318118 (2 / 15 / 15) -> AVG-RTPM: 3393ms
    [junit] MAJOR: Mutants killed / live: 29 (13-33-0) / 55
    [junit] MAJOR: ------------------------------------------------------------
    [junit] MAJOR: 19/35 - com.google.javascript.jscomp.type.ChainableReverseAbstractInterpreter_ESTest11 (22ms / 6):
    [junit] MAJOR: 339547 (0 / 6 / 6) -> AVG-RTPM: 3571ms
    [junit] MAJOR: Mutants killed / live: 29 (13-33-0) / 55
    [junit] MAJOR: ------------------------------------------------------------
    [junit] MAJOR: 20/35 - com.google.javascript.jscomp.type.ChainableReverseAbstractInterpreter_ESTest18 (22ms / 3):
    [junit] MAJOR: 351188 (0 / 3 / 3) -> AVG-RTPM: 3880ms
    [junit] MAJOR: Mutants killed / live: 29 (13-33-0) / 55
    [junit] MAJOR: ------------------------------------------------------------
    [junit] MAJOR: 21/35 - com.google.javascript.jscomp.type.ChainableReverseAbstractInterpreter_ESTest20 (23ms / 3):
    [junit] MAJOR: 360391 (3 / 3 / 3) -> AVG-RTPM: 3067ms
    [junit] MAJOR: Mutants killed / live: 32 (13-36-1) / 52
    [junit] MAJOR: ------------------------------------------------------------
    [junit] MAJOR: 22/35 - com.google.javascript.jscomp.type.ChainableReverseAbstractInterpreter_ESTest23 (23ms / 8):
    [junit] MAJOR: 362162 (1 / 8 / 8) -> AVG-RTPM: 221ms
    [junit] MAJOR: Mutants killed / live: 33 (13-44-1) / 51
    [junit] MAJOR: ------------------------------------------------------------
    [junit] MAJOR: 23/35 - com.google.javascript.jscomp.type.ChainableReverseAbstractInterpreter_ESTest5 (23ms / 6):
    [junit] MAJOR: 363183 (0 / 6 / 6) -> AVG-RTPM: 170ms
    [junit] MAJOR: Mutants killed / live: 33 (13-50-1) / 51
    [junit] MAJOR: ------------------------------------------------------------
    [junit] MAJOR: 24/35 - com.google.javascript.jscomp.type.ChainableReverseAbstractInterpreter_ESTest14 (24ms / 20):
    [junit] MAJOR: 367340 (10 / 20 / 20) -> AVG-RTPM: 207ms
    [junit] MAJOR: Mutants killed / live: 43 (13-70-1) / 41
    [junit] MAJOR: ------------------------------------------------------------
    [junit] MAJOR: 25/35 - com.google.javascript.jscomp.type.ChainableReverseAbstractInterpreter_ESTest26 (24ms / 30):
    [junit] MAJOR: 373604 (16 / 30 / 30) -> AVG-RTPM: 208ms
    [junit] MAJOR: Mutants killed / live: 59 (13-100-1) / 25
    [junit] MAJOR: ------------------------------------------------------------
    [junit] MAJOR: 26/35 - com.google.javascript.jscomp.type.ChainableReverseAbstractInterpreter_ESTest15 (25ms / 9):
    [junit] MAJOR: 375570 (6 / 9 / 9) -> AVG-RTPM: 218ms
    [junit] MAJOR: Mutants killed / live: 65 (13-109-1) / 19
    [junit] MAJOR: ------------------------------------------------------------
    [junit] MAJOR: 27/35 - com.google.javascript.jscomp.type.ChainableReverseAbstractInterpreter_ESTest21 (25ms / 3):
    [junit] MAJOR: 376074 (0 / 3 / 3) -> AVG-RTPM: 168ms
    [junit] MAJOR: Mutants killed / live: 65 (13-112-1) / 19
    [junit] MAJOR: ------------------------------------------------------------
    [junit] MAJOR: 28/35 - com.google.javascript.jscomp.type.ChainableReverseAbstractInterpreter_ESTest8 (25ms / 6):
    [junit] MAJOR: 377272 (1 / 6 / 6) -> AVG-RTPM: 199ms
    [junit] MAJOR: Mutants killed / live: 66 (13-118-1) / 18
    [junit] MAJOR: ------------------------------------------------------------
    [junit] MAJOR: 29/35 - com.google.javascript.jscomp.type.ChainableReverseAbstractInterpreter_ESTest10 (27ms / 6):
    [junit] MAJOR: 378558 (0 / 6 / 6) -> AVG-RTPM: 214ms
    [junit] MAJOR: Mutants killed / live: 66 (13-124-1) / 18
    [junit] MAJOR: ------------------------------------------------------------
    [junit] MAJOR: 30/35 - com.google.javascript.jscomp.type.ChainableReverseAbstractInterpreter_ESTest34 (27ms / 10):
    [junit] MAJOR: 380190 (1 / 10 / 10) -> AVG-RTPM: 163ms
    [junit] MAJOR: Mutants killed / live: 67 (13-134-1) / 17
    [junit] MAJOR: ------------------------------------------------------------
    [junit] MAJOR: 31/35 - com.google.javascript.jscomp.type.ChainableReverseAbstractInterpreter_ESTest28 (28ms / 20):
    [junit] MAJOR: 384195 (6 / 20 / 20) -> AVG-RTPM: 200ms
    [junit] MAJOR: Mutants killed / live: 73 (13-154-1) / 11
    [junit] MAJOR: ------------------------------------------------------------
    [junit] MAJOR: 32/35 - com.google.javascript.jscomp.type.ChainableReverseAbstractInterpreter_ESTest12 (29ms / 6):
    [junit] MAJOR: 385365 (0 / 6 / 6) -> AVG-RTPM: 195ms
    [junit] MAJOR: Mutants killed / live: 73 (13-160-1) / 11
    [junit] MAJOR: ------------------------------------------------------------
    [junit] MAJOR: 33/35 - com.google.javascript.jscomp.type.ChainableReverseAbstractInterpreter_ESTest7 (29ms / 6):
    [junit] MAJOR: 386838 (0 / 6 / 6) -> AVG-RTPM: 245ms
    [junit] MAJOR: Mutants killed / live: 73 (13-166-1) / 11
    [junit] MAJOR: ------------------------------------------------------------
    [junit] MAJOR: 34/35 - com.google.javascript.jscomp.type.ChainableReverseAbstractInterpreter_ESTest0 (37ms / 3):
    [junit] MAJOR: 387391 (0 / 3 / 3) -> AVG-RTPM: 184ms
    [junit] MAJOR: Mutants killed / live: 73 (13-169-1) / 11
    [junit] MAJOR: ------------------------------------------------------------
    [junit] MAJOR: 35/35 - com.google.javascript.jscomp.type.ChainableReverseAbstractInterpreter_ESTest16 (37ms / 12):
    [junit] MAJOR: 389950 (3 / 12 / 12) -> AVG-RTPM: 213ms
    [junit] MAJOR: Mutants killed / live: 76 (13-181-1) / 8
    [junit] MAJOR: ------------------------------------------------------------
    [junit] MAJOR: Summary:
    [junit] MAJOR: 
    [junit] MAJOR: Analysis time:  390.0 seconds
    [junit] MAJOR: Mutation score: 51.01% (90.48%)
    [junit] MAJOR: Mutants killed / live: 76 (13-181-1) / 8
    [junit] MAJOR: Mutant executions: 336
    [junit] MAJOR: ------------------------------------------------------------
    [junit] MAJOR: Export summary of results (to summary.csv)
    [junit] MAJOR: Export mutant kill details (to /tmp/run_mutation.pl_46393_1501567653/19f/kill.csv)
    [junit] MAJOR: Export kill map (to killMap.csv)!

BUILD SUCCESSFUL
Total time: 7 minutes 21 seconds
