
rhino:

properties:

init:

compile:

compile-most:

compile-jdk15:

compile:

properties:

compile:

xmlimplsrc-compile:
     [echo] Calling /tmp/run_mutation.pl_5292_1501643790/21f/lib/rhino/xmlimplsrc/build.xml

compile:

compile-all:

compile:

jar:

rhino-jarjar:
   [jarjar] Updating jar: /tmp/run_mutation.pl_5292_1501643790/21f/build/lib/rhino.jar

svnversion:

compile:
    [javac] /tmp/run_mutation.pl_5292_1501643790/21f/build.xml:252: warning: 'includeantruntime' was not set, defaulting to build.sysclasspath=last; set to false for repeatable builds
    [javac] /tmp/run_mutation.pl_5292_1501643790/21f/build.xml:258: warning: 'includeantruntime' was not set, defaulting to build.sysclasspath=last; set to false for repeatable builds
[propertyfile] Updating property file: /tmp/run_mutation.pl_5292_1501643790/21f/build/classes/com/google/javascript/jscomp/parsing/ParserConfig.properties

compile-tests:
    [mkdir] Created dir: /tmp/run_mutation.pl_5292_1501643790/21f/build/test
    [javac] /tmp/run_mutation.pl_5292_1501643790/21f/build.xml:325: warning: 'includeantruntime' was not set, defaulting to build.sysclasspath=last; set to false for repeatable builds
    [javac] Compiling 403 source files to /tmp/run_mutation.pl_5292_1501643790/21f/build/test
    [javac] warning: [options] bootstrap class path not set in conjunction with -source 1.6
    [javac] Note: /tmp/run_mutation.pl_5292_1501643790/21f/src/com/google/javascript/jscomp/ant/CompileTask.java uses unchecked or unsafe operations.
    [javac] Note: Recompile with -Xlint:unchecked for details.
    [javac] 1 warning
    [javac] /tmp/run_mutation.pl_5292_1501643790/21f/build.xml:331: warning: 'includeantruntime' was not set, defaulting to build.sysclasspath=last; set to false for repeatable builds
    [javac] Compiling 225 source files to /tmp/run_mutation.pl_5292_1501643790/21f/build/test
    [javac] warning: [options] bootstrap class path not set in conjunction with -source 1.6
    [javac] Note: /tmp/run_mutation.pl_5292_1501643790/21f/test/com/google/javascript/jscomp/parsing/JsDocInfoParserTest.java uses or overrides a deprecated API.
    [javac] Note: Recompile with -Xlint:deprecation for details.
    [javac] 1 warning

compile.tests:

update.all.tests:

mutation.test:
     [echo] Running mutation analysis ...
    [junit] MAJOR: Mutation analysis enabled
SLF4J: Failed to load class "org.slf4j.impl.StaticLoggerBinder".
SLF4J: Defaulting to no-operation (NOP) logger implementation
SLF4J: See http://www.slf4j.org/codes.html#StaticLoggerBinder for further details.
    [junit] MAJOR: ------------------------------------------------------------
    [junit] MAJOR: Run 5 ordered tests to verify independence
    [junit] MAJOR: ------------------------------------------------------------
    [junit] MAJOR: Preprocessing time: 16.65 seconds
    [junit] MAJOR: ------------------------------------------------------------
    [junit] MAJOR: Mutants generated: 85
    [junit] MAJOR: Mutants covered:   66 (77.65%)
    [junit] MAJOR: ------------------------------------------------------------
    [junit] MAJOR: Export test map to (testMap.csv)
    [junit] MAJOR: Export coverage map to (covMap.csv)
    [junit] MAJOR: Exclude 0 mutants
    [junit] MAJOR: ------------------------------------------------------------
    [junit] MAJOR: Run mutation analysis with 5 individual tests
    [junit] MAJOR: ------------------------------------------------------------
    [junit] MAJOR: 1/5 - com.google.javascript.jscomp.CheckSideEffects_ESTest2 (40ms / 3):
    [junit] MAJOR: 4579 (1 / 3 / 3) -> AVG-RTPM: 1526ms
    [junit] MAJOR: Mutants killed / live: 1 (0-1-0) / 65
    [junit] MAJOR: ------------------------------------------------------------
    [junit] MAJOR: 2/5 - com.google.javascript.jscomp.CheckSideEffects_ESTest1 (62ms / 50):
    [junit] MAJOR: 100443 (2 / 50 / 50) -> AVG-RTPM: 1917ms
    [junit] MAJOR: Mutants killed / live: 3 (0-3-0) / 63
    [junit] MAJOR: ------------------------------------------------------------
    [junit] MAJOR: 3/5 - com.google.javascript.jscomp.CheckSideEffects_ESTest3 (64ms / 13):
    [junit] MAJOR: 136831 (0 / 13 / 13) -> AVG-RTPM: 2799ms
    [junit] MAJOR: Mutants killed / live: 3 (0-5-0) / 63
    [junit] MAJOR: ------------------------------------------------------------
    [junit] MAJOR: 4/5 - com.google.javascript.jscomp.CheckSideEffects_ESTest0 (84ms / 62):
    [junit] MAJOR: 423829 (21 / 62 / 62) -> AVG-RTPM: 4629ms
    [junit] MAJOR: Mutants killed / live: 24 (21-5-0) / 42
    [junit] MAJOR: ------------------------------------------------------------
    [junit] MAJOR: 5/5 - com.google.javascript.jscomp.CheckSideEffects_ESTest4 (103ms / 47):
    [junit] MAJOR: 475434 (25 / 47 / 47) -> AVG-RTPM: 1097ms
    [junit] MAJOR: Mutants killed / live: 49 (21-46-0) / 17
    [junit] MAJOR: ------------------------------------------------------------
    [junit] MAJOR: Summary:
    [junit] MAJOR: 
    [junit] MAJOR: Analysis time:  475.4 seconds
    [junit] MAJOR: Mutation score: 57.65% (74.24%)
    [junit] MAJOR: Mutants killed / live: 49 (21-46-0) / 17
    [junit] MAJOR: Mutant executions: 175
    [junit] MAJOR: ------------------------------------------------------------
    [junit] MAJOR: Export summary of results (to summary.csv)
    [junit] MAJOR: Export mutant kill details (to /tmp/run_mutation.pl_5292_1501643790/21f/kill.csv)
    [junit] MAJOR: Export kill map (to killMap.csv)!

BUILD SUCCESSFUL
Total time: 8 minutes 37 seconds
