
rhino:

properties:

init:

compile:

compile-most:

compile-jdk15:

compile:

properties:

compile:

xmlimplsrc-compile:
     [echo] Calling /tmp/run_mutation.pl_64005_1501569329/22f/lib/rhino/xmlimplsrc/build.xml

compile:

compile-all:

compile:

jar:

rhino-jarjar:
   [jarjar] Updating jar: /tmp/run_mutation.pl_64005_1501569329/22f/build/lib/rhino.jar

svnversion:

compile:
    [javac] /tmp/run_mutation.pl_64005_1501569329/22f/build.xml:252: warning: 'includeantruntime' was not set, defaulting to build.sysclasspath=last; set to false for repeatable builds
    [javac] /tmp/run_mutation.pl_64005_1501569329/22f/build.xml:258: warning: 'includeantruntime' was not set, defaulting to build.sysclasspath=last; set to false for repeatable builds
[propertyfile] Updating property file: /tmp/run_mutation.pl_64005_1501569329/22f/build/classes/com/google/javascript/jscomp/parsing/ParserConfig.properties

compile-tests:
    [mkdir] Created dir: /tmp/run_mutation.pl_64005_1501569329/22f/build/test
    [javac] /tmp/run_mutation.pl_64005_1501569329/22f/build.xml:325: warning: 'includeantruntime' was not set, defaulting to build.sysclasspath=last; set to false for repeatable builds
    [javac] Compiling 403 source files to /tmp/run_mutation.pl_64005_1501569329/22f/build/test
    [javac] warning: [options] bootstrap class path not set in conjunction with -source 1.6
    [javac] Note: /tmp/run_mutation.pl_64005_1501569329/22f/src/com/google/javascript/jscomp/ant/CompileTask.java uses unchecked or unsafe operations.
    [javac] Note: Recompile with -Xlint:unchecked for details.
    [javac] 1 warning
    [javac] /tmp/run_mutation.pl_64005_1501569329/22f/build.xml:331: warning: 'includeantruntime' was not set, defaulting to build.sysclasspath=last; set to false for repeatable builds
    [javac] Compiling 225 source files to /tmp/run_mutation.pl_64005_1501569329/22f/build/test
    [javac] warning: [options] bootstrap class path not set in conjunction with -source 1.6
    [javac] Note: /tmp/run_mutation.pl_64005_1501569329/22f/test/com/google/javascript/jscomp/parsing/JsDocInfoParserTest.java uses or overrides a deprecated API.
    [javac] Note: Recompile with -Xlint:deprecation for details.
    [javac] 1 warning

compile.tests:

update.all.tests:

mutation.test:
     [echo] Running mutation analysis ...
    [junit] MAJOR: Mutation analysis enabled
SLF4J: Failed to load class "org.slf4j.impl.StaticLoggerBinder".
SLF4J: Defaulting to no-operation (NOP) logger implementation
SLF4J: See http://www.slf4j.org/codes.html#StaticLoggerBinder for further details.
    [junit] MAJOR: ------------------------------------------------------------
    [junit] MAJOR: Run 5 ordered tests to verify independence
    [junit] MAJOR: ------------------------------------------------------------
    [junit] MAJOR: Preprocessing time: 12.91 seconds
    [junit] MAJOR: ------------------------------------------------------------
    [junit] MAJOR: Mutants generated: 85
    [junit] MAJOR: Mutants covered:   66 (77.65%)
    [junit] MAJOR: ------------------------------------------------------------
    [junit] MAJOR: Export test map to (testMap.csv)
    [junit] MAJOR: Export coverage map to (covMap.csv)
    [junit] MAJOR: Exclude 0 mutants
    [junit] MAJOR: ------------------------------------------------------------
    [junit] MAJOR: Run mutation analysis with 5 individual tests
    [junit] MAJOR: ------------------------------------------------------------
    [junit] MAJOR: 1/5 - com.google.javascript.jscomp.CheckSideEffects_ESTest4 (40ms / 16):
    [junit] MAJOR: 18718 (3 / 16 / 16) -> AVG-RTPM: 1169ms
    [junit] MAJOR: Mutants killed / live: 3 (0-3-0) / 63
    [junit] MAJOR: ------------------------------------------------------------
    [junit] MAJOR: 2/5 - com.google.javascript.jscomp.CheckSideEffects_ESTest3 (53ms / 13):
    [junit] MAJOR: 36625 (0 / 13 / 13) -> AVG-RTPM: 1377ms
    [junit] MAJOR: Mutants killed / live: 3 (0-5-0) / 63
    [junit] MAJOR: ------------------------------------------------------------
    [junit] MAJOR: 3/5 - com.google.javascript.jscomp.CheckSideEffects_ESTest2 (54ms / 3):
    [junit] MAJOR: 41040 (1 / 3 / 3) -> AVG-RTPM: 1471ms
    [junit] MAJOR: Mutants killed / live: 4 (0-6-0) / 62
    [junit] MAJOR: ------------------------------------------------------------
    [junit] MAJOR: 4/5 - com.google.javascript.jscomp.CheckSideEffects_ESTest1 (72ms / 50):
    [junit] MAJOR: 156082 (0 / 50 / 50) -> AVG-RTPM: 2300ms
    [junit] MAJOR: Mutants killed / live: 4 (0-8-0) / 62
    [junit] MAJOR: ------------------------------------------------------------
    [junit] MAJOR: 5/5 - com.google.javascript.jscomp.CheckSideEffects_ESTest0 (86ms / 62):
    [junit] MAJOR: 401009 (21 / 62 / 62) -> AVG-RTPM: 3950ms
    [junit] MAJOR: Mutants killed / live: 25 (16-13-0) / 41
    [junit] MAJOR: ------------------------------------------------------------
    [junit] MAJOR: Summary:
    [junit] MAJOR: 
    [junit] MAJOR: Analysis time:  401.0 seconds
    [junit] MAJOR: Mutation score: 29.41% (37.88%)
    [junit] MAJOR: Mutants killed / live: 25 (16-13-0) / 41
    [junit] MAJOR: Mutant executions: 144
    [junit] MAJOR: ------------------------------------------------------------
    [junit] MAJOR: Export summary of results (to summary.csv)
    [junit] MAJOR: Export mutant kill details (to /tmp/run_mutation.pl_64005_1501569329/22f/kill.csv)
    [junit] MAJOR: Export kill map (to killMap.csv)!

BUILD SUCCESSFUL
Total time: 7 minutes 14 seconds
