
rhino:

properties:

init:

compile:

compile-most:

compile-jdk15:

compile:

properties:

compile:

xmlimplsrc-compile:
     [echo] Calling /tmp/run_mutation.pl_63485_1501254909/26f/lib/rhino/xmlimplsrc/build.xml

compile:

compile-all:

compile:

jar:

rhino-jarjar:
   [jarjar] Updating jar: /tmp/run_mutation.pl_63485_1501254909/26f/build/lib/rhino.jar

svnversion:

compile:
    [javac] /tmp/run_mutation.pl_63485_1501254909/26f/build.xml:252: warning: 'includeantruntime' was not set, defaulting to build.sysclasspath=last; set to false for repeatable builds
    [javac] /tmp/run_mutation.pl_63485_1501254909/26f/build.xml:258: warning: 'includeantruntime' was not set, defaulting to build.sysclasspath=last; set to false for repeatable builds
[propertyfile] Updating property file: /tmp/run_mutation.pl_63485_1501254909/26f/build/classes/com/google/javascript/jscomp/parsing/ParserConfig.properties

compile-tests:
    [mkdir] Created dir: /tmp/run_mutation.pl_63485_1501254909/26f/build/test
    [javac] /tmp/run_mutation.pl_63485_1501254909/26f/build.xml:325: warning: 'includeantruntime' was not set, defaulting to build.sysclasspath=last; set to false for repeatable builds
    [javac] Compiling 402 source files to /tmp/run_mutation.pl_63485_1501254909/26f/build/test
    [javac] warning: [options] bootstrap class path not set in conjunction with -source 1.6
    [javac] Note: /tmp/run_mutation.pl_63485_1501254909/26f/src/com/google/javascript/jscomp/ant/CompileTask.java uses unchecked or unsafe operations.
    [javac] Note: Recompile with -Xlint:unchecked for details.
    [javac] 1 warning
    [javac] /tmp/run_mutation.pl_63485_1501254909/26f/build.xml:331: warning: 'includeantruntime' was not set, defaulting to build.sysclasspath=last; set to false for repeatable builds
    [javac] Compiling 224 source files to /tmp/run_mutation.pl_63485_1501254909/26f/build/test
    [javac] warning: [options] bootstrap class path not set in conjunction with -source 1.6
    [javac] Note: /tmp/run_mutation.pl_63485_1501254909/26f/test/com/google/javascript/jscomp/parsing/JsDocInfoParserTest.java uses or overrides a deprecated API.
    [javac] Note: Recompile with -Xlint:deprecation for details.
    [javac] 1 warning

compile.tests:

update.all.tests:

mutation.test:
     [echo] Running mutation analysis ...
    [junit] MAJOR: Mutation analysis enabled
SLF4J: Failed to load class "org.slf4j.impl.StaticLoggerBinder".
SLF4J: Defaulting to no-operation (NOP) logger implementation
SLF4J: See http://www.slf4j.org/codes.html#StaticLoggerBinder for further details.
    [junit] MAJOR: ------------------------------------------------------------
    [junit] MAJOR: Run 8 ordered tests to verify independence
    [junit] MAJOR: ------------------------------------------------------------
    [junit] MAJOR: Preprocessing time: 13.47 seconds
    [junit] MAJOR: ------------------------------------------------------------
    [junit] MAJOR: Mutants generated: 133
    [junit] MAJOR: Mutants covered:   100 (75.19%)
    [junit] MAJOR: ------------------------------------------------------------
    [junit] MAJOR: Export test map to (testMap.csv)
    [junit] MAJOR: Export coverage map to (covMap.csv)
    [junit] MAJOR: Exclude 0 mutants
    [junit] MAJOR: ------------------------------------------------------------
    [junit] MAJOR: Run mutation analysis with 8 individual tests
    [junit] MAJOR: ------------------------------------------------------------
    [junit] MAJOR: 1/8 - com.google.javascript.jscomp.ProcessCommonJSModules_ESTest5 (26ms / 9):
    [junit] MAJOR: 8026 (2 / 9 / 9) -> AVG-RTPM: 891ms
    [junit] MAJOR: Mutants killed / live: 2 (0-2-0) / 98
    [junit] MAJOR: ------------------------------------------------------------
    [junit] MAJOR: 2/8 - com.google.javascript.jscomp.ProcessCommonJSModules_ESTest3 (28ms / 9):
    [junit] MAJOR: 16015 (3 / 9 / 9) -> AVG-RTPM: 887ms
    [junit] MAJOR: Mutants killed / live: 5 (4-2-0) / 95
    [junit] MAJOR: ------------------------------------------------------------
    [junit] MAJOR: 3/8 - com.google.javascript.jscomp.ProcessCommonJSModules_ESTest4 (30ms / 9):
    [junit] MAJOR: 25701 (1 / 9 / 9) -> AVG-RTPM: 1076ms
    [junit] MAJOR: Mutants killed / live: 6 (8-2-0) / 94
    [junit] MAJOR: ------------------------------------------------------------
    [junit] MAJOR: 4/8 - com.google.javascript.jscomp.ProcessCommonJSModules_ESTest2 (31ms / 2):
    [junit] MAJOR: 28044 (0 / 2 / 2) -> AVG-RTPM: 1171ms
    [junit] MAJOR: Mutants killed / live: 6 (8-2-0) / 94
    [junit] MAJOR: ------------------------------------------------------------
    [junit] MAJOR: 5/8 - com.google.javascript.jscomp.ProcessCommonJSModules_ESTest7 (32ms / 52):
    [junit] MAJOR: 119110 (3 / 52 / 52) -> AVG-RTPM: 1751ms
    [junit] MAJOR: Mutants killed / live: 9 (11-2-0) / 91
    [junit] MAJOR: ------------------------------------------------------------
    [junit] MAJOR: 6/8 - com.google.javascript.jscomp.ProcessCommonJSModules_ESTest1 (41ms / 12):
    [junit] MAJOR: 150485 (6 / 12 / 12) -> AVG-RTPM: 2614ms
    [junit] MAJOR: Mutants killed / live: 15 (12-7-0) / 85
    [junit] MAJOR: ------------------------------------------------------------
    [junit] MAJOR: 7/8 - com.google.javascript.jscomp.ProcessCommonJSModules_ESTest0 (44ms / 2):
    [junit] MAJOR: 155947 (0 / 2 / 2) -> AVG-RTPM: 2731ms
    [junit] MAJOR: Mutants killed / live: 15 (12-7-0) / 85
    [junit] MAJOR: ------------------------------------------------------------
    [junit] MAJOR: 8/8 - com.google.javascript.jscomp.ProcessCommonJSModules_ESTest6 (50ms / 90):
    [junit] MAJOR: 414547 (52 / 90 / 90) -> AVG-RTPM: 2873ms
    [junit] MAJOR: Mutants killed / live: 67 (12-59-0) / 33
    [junit] MAJOR: ------------------------------------------------------------
    [junit] MAJOR: Summary:
    [junit] MAJOR: 
    [junit] MAJOR: Analysis time:  414.5 seconds
    [junit] MAJOR: Mutation score: 50.38% (67.00%)
    [junit] MAJOR: Mutants killed / live: 67 (12-59-0) / 33
    [junit] MAJOR: Mutant executions: 185
    [junit] MAJOR: ------------------------------------------------------------
    [junit] MAJOR: Export summary of results (to summary.csv)
    [junit] MAJOR: Export mutant kill details (to /tmp/run_mutation.pl_63485_1501254909/26f/kill.csv)
    [junit] MAJOR: Export kill map (to killMap.csv)!

BUILD SUCCESSFUL
Total time: 7 minutes 19 seconds
