
rhino:

properties:

init:

compile:

compile-most:

compile-jdk15:

compile:

properties:

compile:

xmlimplsrc-compile:
     [echo] Calling /tmp/run_mutation.pl_81070_1501571363/27f/lib/rhino/xmlimplsrc/build.xml

compile:

compile-all:

compile:

jar:

rhino-jarjar:
   [jarjar] Updating jar: /tmp/run_mutation.pl_81070_1501571363/27f/build/lib/rhino.jar

svnversion:

compile:
    [javac] /tmp/run_mutation.pl_81070_1501571363/27f/build.xml:252: warning: 'includeantruntime' was not set, defaulting to build.sysclasspath=last; set to false for repeatable builds
    [javac] /tmp/run_mutation.pl_81070_1501571363/27f/build.xml:258: warning: 'includeantruntime' was not set, defaulting to build.sysclasspath=last; set to false for repeatable builds
[propertyfile] Updating property file: /tmp/run_mutation.pl_81070_1501571363/27f/build/classes/com/google/javascript/jscomp/parsing/ParserConfig.properties

compile-tests:
    [mkdir] Created dir: /tmp/run_mutation.pl_81070_1501571363/27f/build/test
    [javac] /tmp/run_mutation.pl_81070_1501571363/27f/build.xml:325: warning: 'includeantruntime' was not set, defaulting to build.sysclasspath=last; set to false for repeatable builds
    [javac] Compiling 401 source files to /tmp/run_mutation.pl_81070_1501571363/27f/build/test
    [javac] warning: [options] bootstrap class path not set in conjunction with -source 1.6
    [javac] Note: /tmp/run_mutation.pl_81070_1501571363/27f/src/com/google/javascript/jscomp/ant/CompileTask.java uses unchecked or unsafe operations.
    [javac] Note: Recompile with -Xlint:unchecked for details.
    [javac] 1 warning
    [javac] /tmp/run_mutation.pl_81070_1501571363/27f/build.xml:331: warning: 'includeantruntime' was not set, defaulting to build.sysclasspath=last; set to false for repeatable builds
    [javac] Compiling 224 source files to /tmp/run_mutation.pl_81070_1501571363/27f/build/test
    [javac] warning: [options] bootstrap class path not set in conjunction with -source 1.6
    [javac] Note: /tmp/run_mutation.pl_81070_1501571363/27f/test/com/google/javascript/jscomp/parsing/JsDocInfoParserTest.java uses or overrides a deprecated API.
    [javac] Note: Recompile with -Xlint:deprecation for details.
    [javac] 1 warning

compile.tests:

update.all.tests:

mutation.test:
     [echo] Running mutation analysis ...
    [junit] MAJOR: Mutation analysis enabled
SLF4J: Failed to load class "org.slf4j.impl.StaticLoggerBinder".
SLF4J: Defaulting to no-operation (NOP) logger implementation
SLF4J: See http://www.slf4j.org/codes.html#StaticLoggerBinder for further details.
    [junit] MAJOR: ------------------------------------------------------------
    [junit] MAJOR: Run 158 ordered tests to verify independence
    [junit] MAJOR: ------------------------------------------------------------
    [junit] MAJOR: Preprocessing time: 397.70 seconds
    [junit] MAJOR: ------------------------------------------------------------
    [junit] MAJOR: Mutants generated: 154
    [junit] MAJOR: Mutants covered:   138 (89.61%)
    [junit] MAJOR: ------------------------------------------------------------
    [junit] MAJOR: Export test map to (testMap.csv)
    [junit] MAJOR: Export coverage map to (covMap.csv)
    [junit] MAJOR: Exclude 0 mutants
    [junit] MAJOR: ------------------------------------------------------------
    [junit] MAJOR: Run mutation analysis with 158 individual tests
    [junit] MAJOR: ------------------------------------------------------------
    [junit] MAJOR: 1/158 - com.google.javascript.rhino.IR_ESTest106 (11ms / 16):
    [junit] MAJOR: 66347 (5 / 16 / 16) -> AVG-RTPM: 4146ms
    [junit] MAJOR: Mutants killed / live: 5 (0-4-1) / 133
    [junit] MAJOR: ------------------------------------------------------------
    [junit] MAJOR: 2/158 - com.google.javascript.rhino.IR_ESTest12 (11ms / 19):
    [junit] MAJOR: 72657 (15 / 19 / 19) -> AVG-RTPM: 332ms
    [junit] MAJOR: Mutants killed / live: 20 (0-23-1) / 118
    [junit] MAJOR: ------------------------------------------------------------
    [junit] MAJOR: 3/158 - com.google.javascript.rhino.IR_ESTest122 (11ms / 2):
    [junit] MAJOR: 73193 (1 / 2 / 2) -> AVG-RTPM: 268ms
    [junit] MAJOR: Mutants killed / live: 21 (0-25-1) / 117
    [junit] MAJOR: ------------------------------------------------------------
    [junit] MAJOR: 4/158 - com.google.javascript.rhino.IR_ESTest124 (11ms / 19):
    [junit] MAJOR: 79409 (0 / 19 / 19) -> AVG-RTPM: 327ms
    [junit] MAJOR: Mutants killed / live: 21 (0-44-1) / 117
    [junit] MAJOR: ------------------------------------------------------------
    [junit] MAJOR: 5/158 - com.google.javascript.rhino.IR_ESTest140 (11ms / 19):
    [junit] MAJOR: 86184 (0 / 19 / 19) -> AVG-RTPM: 356ms
    [junit] MAJOR: Mutants killed / live: 21 (0-63-1) / 117
    [junit] MAJOR: ------------------------------------------------------------
    [junit] MAJOR: 6/158 - com.google.javascript.rhino.IR_ESTest18 (11ms / 1):
    [junit] MAJOR: 86552 (1 / 1 / 1) -> AVG-RTPM: 368ms
    [junit] MAJOR: Mutants killed / live: 22 (0-64-1) / 116
    [junit] MAJOR: ------------------------------------------------------------
    [junit] MAJOR: 7/158 - com.google.javascript.rhino.IR_ESTest2 (11ms / 1):
    [junit] MAJOR: 87229 (1 / 1 / 1) -> AVG-RTPM: 677ms
    [junit] MAJOR: Mutants killed / live: 23 (0-65-1) / 115
    [junit] MAJOR: ------------------------------------------------------------
    [junit] MAJOR: 8/158 - com.google.javascript.rhino.IR_ESTest25 (11ms / 3):
    [junit] MAJOR: 88241 (1 / 3 / 3) -> AVG-RTPM: 337ms
    [junit] MAJOR: Mutants killed / live: 24 (0-68-1) / 114
    [junit] MAJOR: ------------------------------------------------------------
    [junit] MAJOR: 9/158 - com.google.javascript.rhino.IR_ESTest104 (12ms / 2):
    [junit] MAJOR: 88961 (0 / 2 / 2) -> AVG-RTPM: 360ms
    [junit] MAJOR: Mutants killed / live: 24 (0-70-1) / 114
    [junit] MAJOR: ------------------------------------------------------------
    [junit] MAJOR: 10/158 - com.google.javascript.rhino.IR_ESTest107 (12ms / 2):
    [junit] MAJOR: 89465 (0 / 2 / 2) -> AVG-RTPM: 252ms
    [junit] MAJOR: Mutants killed / live: 24 (0-72-1) / 114
    [junit] MAJOR: ------------------------------------------------------------
    [junit] MAJOR: 11/158 - com.google.javascript.rhino.IR_ESTest129 (12ms / 2):
    [junit] MAJOR: 90076 (1 / 2 / 2) -> AVG-RTPM: 305ms
    [junit] MAJOR: Mutants killed / live: 25 (0-74-1) / 113
    [junit] MAJOR: ------------------------------------------------------------
    [junit] MAJOR: 12/158 - com.google.javascript.rhino.IR_ESTest151 (12ms / 2):
    [junit] MAJOR: 90654 (0 / 2 / 2) -> AVG-RTPM: 289ms
    [junit] MAJOR: Mutants killed / live: 25 (0-76-1) / 113
    [junit] MAJOR: ------------------------------------------------------------
    [junit] MAJOR: 13/158 - com.google.javascript.rhino.IR_ESTest152 (12ms / 2):
    [junit] MAJOR: 91238 (0 / 2 / 2) -> AVG-RTPM: 292ms
    [junit] MAJOR: Mutants killed / live: 25 (0-78-1) / 113
    [junit] MAJOR: ------------------------------------------------------------
    [junit] MAJOR: 14/158 - com.google.javascript.rhino.IR_ESTest19 (12ms / 1):
    [junit] MAJOR: 91539 (1 / 1 / 1) -> AVG-RTPM: 301ms
    [junit] MAJOR: Mutants killed / live: 26 (0-79-1) / 112
    [junit] MAJOR: ------------------------------------------------------------
    [junit] MAJOR: 15/158 - com.google.javascript.rhino.IR_ESTest24 (12ms / 2):
    [junit] MAJOR: 92290 (0 / 2 / 2) -> AVG-RTPM: 375ms
    [junit] MAJOR: Mutants killed / live: 26 (0-81-1) / 112
    [junit] MAJOR: ------------------------------------------------------------
    [junit] MAJOR: 16/158 - com.google.javascript.rhino.IR_ESTest3 (12ms / 1):
    [junit] MAJOR: 92561 (1 / 1 / 1) -> AVG-RTPM: 271ms
    [junit] MAJOR: Mutants killed / live: 27 (0-82-1) / 111
    [junit] MAJOR: ------------------------------------------------------------
    [junit] MAJOR: 17/158 - com.google.javascript.rhino.IR_ESTest34 (13ms / 12):
    [junit] MAJOR: 96794 (11 / 12 / 12) -> AVG-RTPM: 352ms
    [junit] MAJOR: Mutants killed / live: 38 (0-94-1) / 100
    [junit] MAJOR: ------------------------------------------------------------
    [junit] MAJOR: 18/158 - com.google.javascript.rhino.IR_ESTest35 (13ms / 8):
    [junit] MAJOR: 99093 (0 / 8 / 8) -> AVG-RTPM: 287ms
    [junit] MAJOR: Mutants killed / live: 38 (0-102-1) / 100
    [junit] MAJOR: ------------------------------------------------------------
    [junit] MAJOR: 19/158 - com.google.javascript.rhino.IR_ESTest41 (13ms / 1):
    [junit] MAJOR: 99412 (1 / 1 / 1) -> AVG-RTPM: 319ms
    [junit] MAJOR: Mutants killed / live: 39 (0-103-1) / 99
    [junit] MAJOR: ------------------------------------------------------------
    [junit] MAJOR: 20/158 - com.google.javascript.rhino.IR_ESTest43 (13ms / 3):
    [junit] MAJOR: 100472 (2 / 3 / 3) -> AVG-RTPM: 353ms
    [junit] MAJOR: Mutants killed / live: 41 (0-106-1) / 97
    [junit] MAJOR: ------------------------------------------------------------
    [junit] MAJOR: 21/158 - com.google.javascript.rhino.IR_ESTest46 (13ms / 4):
    [junit] MAJOR: 101972 (3 / 4 / 4) -> AVG-RTPM: 375ms
    [junit] MAJOR: Mutants killed / live: 44 (0-110-1) / 94
    [junit] MAJOR: ------------------------------------------------------------
    [junit] MAJOR: 22/158 - com.google.javascript.rhino.IR_ESTest47 (13ms / 11):
    [junit] MAJOR: 105526 (2 / 11 / 11) -> AVG-RTPM: 323ms
    [junit] MAJOR: Mutants killed / live: 46 (0-121-1) / 92
    [junit] MAJOR: ------------------------------------------------------------
    [junit] MAJOR: 23/158 - com.google.javascript.rhino.IR_ESTest51 (13ms / 2):
    [junit] MAJOR: 106034 (2 / 2 / 2) -> AVG-RTPM: 254ms
    [junit] MAJOR: Mutants killed / live: 48 (0-123-1) / 90
    [junit] MAJOR: ------------------------------------------------------------
    [junit] MAJOR: 24/158 - com.google.javascript.rhino.IR_ESTest53 (13ms / 3):
    [junit] MAJOR: 106695 (3 / 3 / 3) -> AVG-RTPM: 220ms
    [junit] MAJOR: Mutants killed / live: 51 (0-126-1) / 87
    [junit] MAJOR: ------------------------------------------------------------
    [junit] MAJOR: 25/158 - com.google.javascript.rhino.IR_ESTest20 (14ms / 5):
    [junit] MAJOR: 107790 (3 / 5 / 5) -> AVG-RTPM: 219ms
    [junit] MAJOR: Mutants killed / live: 54 (0-131-1) / 84
    [junit] MAJOR: ------------------------------------------------------------
    [junit] MAJOR: 26/158 - com.google.javascript.rhino.IR_ESTest26 (14ms / 1):
    [junit] MAJOR: 107988 (1 / 1 / 1) -> AVG-RTPM: 197ms
    [junit] MAJOR: Mutants killed / live: 55 (0-132-1) / 83
    [junit] MAJOR: ------------------------------------------------------------
    [junit] MAJOR: 27/158 - com.google.javascript.rhino.IR_ESTest48 (14ms / 16):
    [junit] MAJOR: 111580 (16 / 16 / 16) -> AVG-RTPM: 224ms
    [junit] MAJOR: Mutants killed / live: 71 (0-148-1) / 67
    [junit] MAJOR: ------------------------------------------------------------
    [junit] MAJOR: 28/158 - com.google.javascript.rhino.IR_ESTest52 (14ms / 2):
    [junit] MAJOR: 112061 (0 / 2 / 2) -> AVG-RTPM: 240ms
    [junit] MAJOR: Mutants killed / live: 71 (0-150-1) / 67
    [junit] MAJOR: ------------------------------------------------------------
    [junit] MAJOR: 29/158 - com.google.javascript.rhino.IR_ESTest55 (14ms / 2):
    [junit] MAJOR: 112551 (0 / 2 / 2) -> AVG-RTPM: 244ms
    [junit] MAJOR: Mutants killed / live: 71 (0-152-1) / 67
    [junit] MAJOR: ------------------------------------------------------------
    [junit] MAJOR: 30/158 - com.google.javascript.rhino.IR_ESTest96 (14ms / 16):
    [junit] MAJOR: 116671 (0 / 16 / 16) -> AVG-RTPM: 257ms
    [junit] MAJOR: Mutants killed / live: 71 (0-168-1) / 67
    [junit] MAJOR: ------------------------------------------------------------
    [junit] MAJOR: 31/158 - com.google.javascript.rhino.IR_ESTest119 (15ms / 16):
    [junit] MAJOR: 120724 (0 / 16 / 16) -> AVG-RTPM: 253ms
    [junit] MAJOR: Mutants killed / live: 71 (0-184-1) / 67
    [junit] MAJOR: ------------------------------------------------------------
    [junit] MAJOR: 32/158 - com.google.javascript.rhino.IR_ESTest121 (15ms / 2):
    [junit] MAJOR: 121306 (0 / 2 / 2) -> AVG-RTPM: 291ms
    [junit] MAJOR: Mutants killed / live: 71 (0-186-1) / 67
    [junit] MAJOR: ------------------------------------------------------------
    [junit] MAJOR: 33/158 - com.google.javascript.rhino.IR_ESTest54 (15ms / 2):
    [junit] MAJOR: 121862 (0 / 2 / 2) -> AVG-RTPM: 278ms
    [junit] MAJOR: Mutants killed / live: 71 (0-188-1) / 67
    [junit] MAJOR: ------------------------------------------------------------
    [junit] MAJOR: 34/158 - com.google.javascript.rhino.IR_ESTest6 (15ms / 3):
    [junit] MAJOR: 122655 (2 / 3 / 3) -> AVG-RTPM: 264ms
    [junit] MAJOR: Mutants killed / live: 73 (0-191-1) / 65
    [junit] MAJOR: ------------------------------------------------------------
    [junit] MAJOR: 35/158 - com.google.javascript.rhino.IR_ESTest61 (15ms / 2):
    [junit] MAJOR: 123140 (0 / 2 / 2) -> AVG-RTPM: 242ms
    [junit] MAJOR: Mutants killed / live: 73 (0-193-1) / 65
    [junit] MAJOR: ------------------------------------------------------------
    [junit] MAJOR: 36/158 - com.google.javascript.rhino.IR_ESTest88 (15ms / 19):
    [junit] MAJOR: 127928 (0 / 19 / 19) -> AVG-RTPM: 251ms
    [junit] MAJOR: Mutants killed / live: 73 (0-212-1) / 65
    [junit] MAJOR: ------------------------------------------------------------
    [junit] MAJOR: 37/158 - com.google.javascript.rhino.IR_ESTest92 (15ms / 3):
    [junit] MAJOR: 128699 (0 / 3 / 3) -> AVG-RTPM: 257ms
    [junit] MAJOR: Mutants killed / live: 73 (0-215-1) / 65
    [junit] MAJOR: ------------------------------------------------------------
    [junit] MAJOR: 38/158 - com.google.javascript.rhino.IR_ESTest94 (15ms / 16):
    [junit] MAJOR: 132551 (0 / 16 / 16) -> AVG-RTPM: 240ms
    [junit] MAJOR: Mutants killed / live: 73 (0-231-1) / 65
    [junit] MAJOR: ------------------------------------------------------------
    [junit] MAJOR: 39/158 - com.google.javascript.rhino.IR_ESTest99 (15ms / 16):
    [junit] MAJOR: 136875 (0 / 16 / 16) -> AVG-RTPM: 270ms
    [junit] MAJOR: Mutants killed / live: 73 (0-247-1) / 65
    [junit] MAJOR: ------------------------------------------------------------
    [junit] MAJOR: 40/158 - com.google.javascript.rhino.IR_ESTest108 (16ms / 16):
    [junit] MAJOR: 141512 (0 / 16 / 16) -> AVG-RTPM: 289ms
    [junit] MAJOR: Mutants killed / live: 73 (0-263-1) / 65
    [junit] MAJOR: ------------------------------------------------------------
    [junit] MAJOR: 41/158 - com.google.javascript.rhino.IR_ESTest109 (16ms / 2):
    [junit] MAJOR: 141972 (0 / 2 / 2) -> AVG-RTPM: 230ms
    [junit] MAJOR: Mutants killed / live: 73 (0-265-1) / 65
    [junit] MAJOR: ------------------------------------------------------------
    [junit] MAJOR: 42/158 - com.google.javascript.rhino.IR_ESTest114 (16ms / 16):
    [junit] MAJOR: 146419 (0 / 16 / 16) -> AVG-RTPM: 277ms
    [junit] MAJOR: Mutants killed / live: 73 (0-281-1) / 65
    [junit] MAJOR: ------------------------------------------------------------
    [junit] MAJOR: 43/158 - com.google.javascript.rhino.IR_ESTest115 (16ms / 16):
    [junit] MAJOR: 150962 (0 / 16 / 16) -> AVG-RTPM: 283ms
    [junit] MAJOR: Mutants killed / live: 73 (0-297-1) / 65
    [junit] MAJOR: ------------------------------------------------------------
    [junit] MAJOR: 44/158 - com.google.javascript.rhino.IR_ESTest116 (16ms / 16):
    [junit] MAJOR: 154984 (0 / 16 / 16) -> AVG-RTPM: 251ms
    [junit] MAJOR: Mutants killed / live: 73 (0-313-1) / 65
    [junit] MAJOR: ------------------------------------------------------------
    [junit] MAJOR: 45/158 - com.google.javascript.rhino.IR_ESTest120 (16ms / 16):
    [junit] MAJOR: 158892 (0 / 16 / 16) -> AVG-RTPM: 244ms
    [junit] MAJOR: Mutants killed / live: 73 (0-329-1) / 65
    [junit] MAJOR: ------------------------------------------------------------
    [junit] MAJOR: 46/158 - com.google.javascript.rhino.IR_ESTest123 (16ms / 2):
    [junit] MAJOR: 159306 (0 / 2 / 2) -> AVG-RTPM: 206ms
    [junit] MAJOR: Mutants killed / live: 73 (0-331-1) / 65
    [junit] MAJOR: ------------------------------------------------------------
    [junit] MAJOR: 47/158 - com.google.javascript.rhino.IR_ESTest13 (16ms / 2):
    [junit] MAJOR: 159824 (2 / 2 / 2) -> AVG-RTPM: 259ms
    [junit] MAJOR: Mutants killed / live: 75 (0-333-1) / 63
    [junit] MAJOR: ------------------------------------------------------------
    [junit] MAJOR: 48/158 - com.google.javascript.rhino.IR_ESTest133 (16ms / 3):
    [junit] MAJOR: 160613 (2 / 3 / 3) -> AVG-RTPM: 263ms
    [junit] MAJOR: Mutants killed / live: 77 (0-336-1) / 61
    [junit] MAJOR: ------------------------------------------------------------
    [junit] MAJOR: 49/158 - com.google.javascript.rhino.IR_ESTest137 (16ms / 9):
    [junit] MAJOR: 162920 (8 / 9 / 9) -> AVG-RTPM: 256ms
    [junit] MAJOR: Mutants killed / live: 85 (0-345-1) / 53
    [junit] MAJOR: ------------------------------------------------------------
    [junit] MAJOR: 50/158 - com.google.javascript.rhino.IR_ESTest139 (16ms / 3):
    [junit] MAJOR: 163633 (0 / 3 / 3) -> AVG-RTPM: 237ms
    [junit] MAJOR: Mutants killed / live: 85 (0-348-1) / 53
    [junit] MAJOR: ------------------------------------------------------------
    [junit] MAJOR: 51/158 - com.google.javascript.rhino.IR_ESTest38 (16ms / 17):
    [junit] MAJOR: 167509 (0 / 17 / 17) -> AVG-RTPM: 228ms
    [junit] MAJOR: Mutants killed / live: 85 (0-365-1) / 53
    [junit] MAJOR: ------------------------------------------------------------
    [junit] MAJOR: 52/158 - com.google.javascript.rhino.IR_ESTest68 (16ms / 11):
    [junit] MAJOR: 170154 (2 / 11 / 11) -> AVG-RTPM: 240ms
    [junit] MAJOR: Mutants killed / live: 87 (0-376-1) / 51
    [junit] MAJOR: ------------------------------------------------------------
    [junit] MAJOR: 53/158 - com.google.javascript.rhino.IR_ESTest71 (16ms / 11):
    [junit] MAJOR: 172869 (0 / 11 / 11) -> AVG-RTPM: 246ms
    [junit] MAJOR: Mutants killed / live: 87 (0-387-1) / 51
    [junit] MAJOR: ------------------------------------------------------------
    [junit] MAJOR: 54/158 - com.google.javascript.rhino.IR_ESTest75 (16ms / 11):
    [junit] MAJOR: 175441 (0 / 11 / 11) -> AVG-RTPM: 233ms
    [junit] MAJOR: Mutants killed / live: 87 (0-398-1) / 51
    [junit] MAJOR: ------------------------------------------------------------
    [junit] MAJOR: 55/158 - com.google.javascript.rhino.IR_ESTest111 (17ms / 16):
    [junit] MAJOR: 179250 (0 / 16 / 16) -> AVG-RTPM: 238ms
    [junit] MAJOR: Mutants killed / live: 87 (0-414-1) / 51
    [junit] MAJOR: ------------------------------------------------------------
    [junit] MAJOR: 56/158 - com.google.javascript.rhino.IR_ESTest113 (17ms / 2):
    [junit] MAJOR: 179712 (1 / 2 / 2) -> AVG-RTPM: 231ms
    [junit] MAJOR: Mutants killed / live: 88 (0-416-1) / 50
    [junit] MAJOR: ------------------------------------------------------------
    [junit] MAJOR: 57/158 - com.google.javascript.rhino.IR_ESTest117 (17ms / 2):
    [junit] MAJOR: 180122 (0 / 2 / 2) -> AVG-RTPM: 205ms
    [junit] MAJOR: Mutants killed / live: 88 (0-418-1) / 50
    [junit] MAJOR: ------------------------------------------------------------
    [junit] MAJOR: 58/158 - com.google.javascript.rhino.IR_ESTest118 (17ms / 2):
    [junit] MAJOR: 180553 (0 / 2 / 2) -> AVG-RTPM: 215ms
    [junit] MAJOR: Mutants killed / live: 88 (0-420-1) / 50
    [junit] MAJOR: ------------------------------------------------------------
    [junit] MAJOR: 59/158 - com.google.javascript.rhino.IR_ESTest125 (17ms / 19):
    [junit] MAJOR: 185271 (0 / 19 / 19) -> AVG-RTPM: 248ms
    [junit] MAJOR: Mutants killed / live: 88 (0-439-1) / 50
    [junit] MAJOR: ------------------------------------------------------------
    [junit] MAJOR: 60/158 - com.google.javascript.rhino.IR_ESTest126 (17ms / 3):
    [junit] MAJOR: 185988 (0 / 3 / 3) -> AVG-RTPM: 239ms
    [junit] MAJOR: Mutants killed / live: 88 (0-442-1) / 50
    [junit] MAJOR: ------------------------------------------------------------
    [junit] MAJOR: 61/158 - com.google.javascript.rhino.IR_ESTest127 (17ms / 19):
    [junit] MAJOR: 190577 (0 / 19 / 19) -> AVG-RTPM: 241ms
    [junit] MAJOR: Mutants killed / live: 88 (0-461-1) / 50
    [junit] MAJOR: ------------------------------------------------------------
    [junit] MAJOR: 62/158 - com.google.javascript.rhino.IR_ESTest136 (17ms / 22):
    [junit] MAJOR: 195804 (1 / 22 / 22) -> AVG-RTPM: 237ms
    [junit] MAJOR: Mutants killed / live: 89 (0-483-1) / 49
    [junit] MAJOR: ------------------------------------------------------------
    [junit] MAJOR: 63/158 - com.google.javascript.rhino.IR_ESTest141 (17ms / 2):
    [junit] MAJOR: 196346 (0 / 2 / 2) -> AVG-RTPM: 270ms
    [junit] MAJOR: Mutants killed / live: 89 (0-485-1) / 49
    [junit] MAJOR: ------------------------------------------------------------
    [junit] MAJOR: 64/158 - com.google.javascript.rhino.IR_ESTest143 (17ms / 16):
    [junit] MAJOR: 200168 (0 / 16 / 16) -> AVG-RTPM: 238ms
    [junit] MAJOR: Mutants killed / live: 89 (0-501-1) / 49
    [junit] MAJOR: ------------------------------------------------------------
    [junit] MAJOR: 65/158 - com.google.javascript.rhino.IR_ESTest21 (17ms / 4):
    [junit] MAJOR: 201136 (0 / 4 / 4) -> AVG-RTPM: 242ms
    [junit] MAJOR: Mutants killed / live: 89 (0-505-1) / 49
    [junit] MAJOR: ------------------------------------------------------------
    [junit] MAJOR: 66/158 - com.google.javascript.rhino.IR_ESTest22 (17ms / 2):
    [junit] MAJOR: 201618 (1 / 2 / 2) -> AVG-RTPM: 241ms
    [junit] MAJOR: Mutants killed / live: 90 (0-507-1) / 48
    [junit] MAJOR: ------------------------------------------------------------
    [junit] MAJOR: 67/158 - com.google.javascript.rhino.IR_ESTest37 (17ms / 9):
    [junit] MAJOR: 203737 (0 / 9 / 9) -> AVG-RTPM: 235ms
    [junit] MAJOR: Mutants killed / live: 90 (0-516-1) / 48
    [junit] MAJOR: ------------------------------------------------------------
    [junit] MAJOR: 68/158 - com.google.javascript.rhino.IR_ESTest59 (17ms / 2):
    [junit] MAJOR: 204206 (0 / 2 / 2) -> AVG-RTPM: 234ms
    [junit] MAJOR: Mutants killed / live: 90 (0-518-1) / 48
    [junit] MAJOR: ------------------------------------------------------------
    [junit] MAJOR: 69/158 - com.google.javascript.rhino.IR_ESTest1 (18ms / 1):
    [junit] MAJOR: 204462 (1 / 1 / 1) -> AVG-RTPM: 256ms
    [junit] MAJOR: Mutants killed / live: 91 (0-519-1) / 47
    [junit] MAJOR: ------------------------------------------------------------
    [junit] MAJOR: 70/158 - com.google.javascript.rhino.IR_ESTest110 (18ms / 2):
    [junit] MAJOR: 204974 (0 / 2 / 2) -> AVG-RTPM: 256ms
    [junit] MAJOR: Mutants killed / live: 91 (0-521-1) / 47
    [junit] MAJOR: ------------------------------------------------------------
    [junit] MAJOR: 71/158 - com.google.javascript.rhino.IR_ESTest128 (18ms / 19):
    [junit] MAJOR: 209582 (0 / 19 / 19) -> AVG-RTPM: 242ms
    [junit] MAJOR: Mutants killed / live: 91 (0-540-1) / 47
    [junit] MAJOR: ------------------------------------------------------------
    [junit] MAJOR: 72/158 - com.google.javascript.rhino.IR_ESTest134 (18ms / 3):
    [junit] MAJOR: 210286 (0 / 3 / 3) -> AVG-RTPM: 234ms
    [junit] MAJOR: Mutants killed / live: 91 (0-543-1) / 47
    [junit] MAJOR: ------------------------------------------------------------
    [junit] MAJOR: 73/158 - com.google.javascript.rhino.IR_ESTest135 (18ms / 19):
    [junit] MAJOR: 214853 (0 / 19 / 19) -> AVG-RTPM: 240ms
    [junit] MAJOR: Mutants killed / live: 91 (0-562-1) / 47
    [junit] MAJOR: ------------------------------------------------------------
    [junit] MAJOR: 74/158 - com.google.javascript.rhino.IR_ESTest147 (18ms / 9):
    [junit] MAJOR: 217007 (0 / 9 / 9) -> AVG-RTPM: 239ms
    [junit] MAJOR: Mutants killed / live: 91 (0-571-1) / 47
    [junit] MAJOR: ------------------------------------------------------------
    [junit] MAJOR: 75/158 - com.google.javascript.rhino.IR_ESTest150 (18ms / 2):
    [junit] MAJOR: 217463 (0 / 2 / 2) -> AVG-RTPM: 228ms
    [junit] MAJOR: Mutants killed / live: 91 (0-573-1) / 47
    [junit] MAJOR: ------------------------------------------------------------
    [junit] MAJOR: 76/158 - com.google.javascript.rhino.IR_ESTest154 (18ms / 2):
    [junit] MAJOR: 217955 (0 / 2 / 2) -> AVG-RTPM: 246ms
    [junit] MAJOR: Mutants killed / live: 91 (0-575-1) / 47
    [junit] MAJOR: ------------------------------------------------------------
    [junit] MAJOR: 77/158 - com.google.javascript.rhino.IR_ESTest155 (18ms / 9):
    [junit] MAJOR: 220303 (0 / 9 / 9) -> AVG-RTPM: 260ms
    [junit] MAJOR: Mutants killed / live: 91 (0-584-1) / 47
    [junit] MAJOR: ------------------------------------------------------------
    [junit] MAJOR: 78/158 - com.google.javascript.rhino.IR_ESTest16 (18ms / 3):
    [junit] MAJOR: 221052 (2 / 3 / 3) -> AVG-RTPM: 249ms
    [junit] MAJOR: Mutants killed / live: 93 (0-587-1) / 45
    [junit] MAJOR: ------------------------------------------------------------
    [junit] MAJOR: 79/158 - com.google.javascript.rhino.IR_ESTest27 (18ms / 1):
    [junit] MAJOR: 221287 (1 / 1 / 1) -> AVG-RTPM: 235ms
    [junit] MAJOR: Mutants killed / live: 94 (0-588-1) / 44
    [junit] MAJOR: ------------------------------------------------------------
    [junit] MAJOR: 80/158 - com.google.javascript.rhino.IR_ESTest4 (18ms / 1):
    [junit] MAJOR: 221533 (1 / 1 / 1) -> AVG-RTPM: 246ms
    [junit] MAJOR: Mutants killed / live: 95 (0-589-1) / 43
    [junit] MAJOR: ------------------------------------------------------------
    [junit] MAJOR: 81/158 - com.google.javascript.rhino.IR_ESTest72 (18ms / 5):
    [junit] MAJOR: 222800 (2 / 5 / 5) -> AVG-RTPM: 253ms
    [junit] MAJOR: Mutants killed / live: 97 (0-594-1) / 41
    [junit] MAJOR: ------------------------------------------------------------
    [junit] MAJOR: 82/158 - com.google.javascript.rhino.IR_ESTest82 (18ms / 4):
    [junit] MAJOR: 223779 (0 / 4 / 4) -> AVG-RTPM: 244ms
    [junit] MAJOR: Mutants killed / live: 97 (0-598-1) / 41
    [junit] MAJOR: ------------------------------------------------------------
    [junit] MAJOR: 83/158 - com.google.javascript.rhino.IR_ESTest85 (18ms / 2):
    [junit] MAJOR: 224293 (0 / 2 / 2) -> AVG-RTPM: 257ms
    [junit] MAJOR: Mutants killed / live: 97 (0-600-1) / 41
    [junit] MAJOR: ------------------------------------------------------------
    [junit] MAJOR: 84/158 - com.google.javascript.rhino.IR_ESTest87 (18ms / 4):
    [junit] MAJOR: 225205 (0 / 4 / 4) -> AVG-RTPM: 227ms
    [junit] MAJOR: Mutants killed / live: 97 (0-604-1) / 41
    [junit] MAJOR: ------------------------------------------------------------
    [junit] MAJOR: 85/158 - com.google.javascript.rhino.IR_ESTest91 (18ms / 4):
    [junit] MAJOR: 226080 (0 / 4 / 4) -> AVG-RTPM: 218ms
    [junit] MAJOR: Mutants killed / live: 97 (0-608-1) / 41
    [junit] MAJOR: ------------------------------------------------------------
    [junit] MAJOR: 86/158 - com.google.javascript.rhino.IR_ESTest112 (19ms / 16):
    [junit] MAJOR: 229974 (0 / 16 / 16) -> AVG-RTPM: 243ms
    [junit] MAJOR: Mutants killed / live: 97 (0-624-1) / 41
    [junit] MAJOR: ------------------------------------------------------------
    [junit] MAJOR: 87/158 - com.google.javascript.rhino.IR_ESTest131 (19ms / 19):
    [junit] MAJOR: 234680 (0 / 19 / 19) -> AVG-RTPM: 247ms
    [junit] MAJOR: Mutants killed / live: 97 (0-643-1) / 41
    [junit] MAJOR: ------------------------------------------------------------
    [junit] MAJOR: 88/158 - com.google.javascript.rhino.IR_ESTest132 (19ms / 11):
    [junit] MAJOR: 237381 (0 / 11 / 11) -> AVG-RTPM: 245ms
    [junit] MAJOR: Mutants killed / live: 97 (0-654-1) / 41
    [junit] MAJOR: ------------------------------------------------------------
    [junit] MAJOR: 89/158 - com.google.javascript.rhino.IR_ESTest138 (19ms / 13):
    [junit] MAJOR: 240512 (0 / 13 / 13) -> AVG-RTPM: 240ms
    [junit] MAJOR: Mutants killed / live: 97 (0-667-1) / 41
    [junit] MAJOR: ------------------------------------------------------------
    [junit] MAJOR: 90/158 - com.google.javascript.rhino.IR_ESTest142 (19ms / 19):
    [junit] MAJOR: 245075 (1 / 19 / 19) -> AVG-RTPM: 240ms
    [junit] MAJOR: Mutants killed / live: 98 (0-686-1) / 40
    [junit] MAJOR: ------------------------------------------------------------
    [junit] MAJOR: 91/158 - com.google.javascript.rhino.IR_ESTest145 (19ms / 9):
    [junit] MAJOR: 247183 (0 / 9 / 9) -> AVG-RTPM: 234ms
    [junit] MAJOR: Mutants killed / live: 98 (0-695-1) / 40
    [junit] MAJOR: ------------------------------------------------------------
    [junit] MAJOR: 92/158 - com.google.javascript.rhino.IR_ESTest148 (19ms / 5):
    [junit] MAJOR: 248373 (3 / 5 / 5) -> AVG-RTPM: 238ms
    [junit] MAJOR: Mutants killed / live: 101 (0-700-1) / 37
    [junit] MAJOR: ------------------------------------------------------------
    [junit] MAJOR: 93/158 - com.google.javascript.rhino.IR_ESTest15 (19ms / 2):
    [junit] MAJOR: 248805 (0 / 2 / 2) -> AVG-RTPM: 216ms
    [junit] MAJOR: Mutants killed / live: 101 (0-702-1) / 37
    [junit] MAJOR: ------------------------------------------------------------
    [junit] MAJOR: 94/158 - com.google.javascript.rhino.IR_ESTest153 (19ms / 2):
    [junit] MAJOR: 249260 (0 / 2 / 2) -> AVG-RTPM: 227ms
    [junit] MAJOR: Mutants killed / live: 101 (0-704-1) / 37
    [junit] MAJOR: ------------------------------------------------------------
    [junit] MAJOR: 95/158 - com.google.javascript.rhino.IR_ESTest156 (19ms / 9):
    [junit] MAJOR: 251318 (0 / 9 / 9) -> AVG-RTPM: 228ms
    [junit] MAJOR: Mutants killed / live: 101 (0-713-1) / 37
    [junit] MAJOR: ------------------------------------------------------------
    [junit] MAJOR: 96/158 - com.google.javascript.rhino.IR_ESTest157 (19ms / 3):
    [junit] MAJOR: 251984 (0 / 3 / 3) -> AVG-RTPM: 222ms
    [junit] MAJOR: Mutants killed / live: 101 (0-716-1) / 37
    [junit] MAJOR: ------------------------------------------------------------
    [junit] MAJOR: 97/158 - com.google.javascript.rhino.IR_ESTest30 (19ms / 3):
    [junit] MAJOR: 252666 (0 / 3 / 3) -> AVG-RTPM: 227ms
    [junit] MAJOR: Mutants killed / live: 101 (0-719-1) / 37
    [junit] MAJOR: ------------------------------------------------------------
    [junit] MAJOR: 98/158 - com.google.javascript.rhino.IR_ESTest32 (19ms / 3):
    [junit] MAJOR: 253395 (0 / 3 / 3) -> AVG-RTPM: 243ms
    [junit] MAJOR: Mutants killed / live: 101 (0-722-1) / 37
    [junit] MAJOR: ------------------------------------------------------------
    [junit] MAJOR: 99/158 - com.google.javascript.rhino.IR_ESTest33 (19ms / 3):
    [junit] MAJOR: 254101 (0 / 3 / 3) -> AVG-RTPM: 235ms
    [junit] MAJOR: Mutants killed / live: 101 (0-725-1) / 37
    [junit] MAJOR: ------------------------------------------------------------
    [junit] MAJOR: 100/158 - com.google.javascript.rhino.IR_ESTest36 (19ms / 10):
    [junit] MAJOR: 256491 (0 / 10 / 10) -> AVG-RTPM: 239ms
    [junit] MAJOR: Mutants killed / live: 101 (0-735-1) / 37
    [junit] MAJOR: ------------------------------------------------------------
    [junit] MAJOR: 101/158 - com.google.javascript.rhino.IR_ESTest23 (20ms / 1):
    [junit] MAJOR: 256718 (1 / 1 / 1) -> AVG-RTPM: 227ms
    [junit] MAJOR: Mutants killed / live: 102 (0-736-1) / 36
    [junit] MAJOR: ------------------------------------------------------------
    [junit] MAJOR: 102/158 - com.google.javascript.rhino.IR_ESTest28 (20ms / 1):
    [junit] MAJOR: 256983 (1 / 1 / 1) -> AVG-RTPM: 265ms
    [junit] MAJOR: Mutants killed / live: 103 (0-737-1) / 35
    [junit] MAJOR: ------------------------------------------------------------
    [junit] MAJOR: 103/158 - com.google.javascript.rhino.IR_ESTest29 (20ms / 2):
    [junit] MAJOR: 257416 (2 / 2 / 2) -> AVG-RTPM: 216ms
    [junit] MAJOR: Mutants killed / live: 105 (0-739-1) / 33
    [junit] MAJOR: ------------------------------------------------------------
    [junit] MAJOR: 104/158 - com.google.javascript.rhino.IR_ESTest31 (20ms / 1):
    [junit] MAJOR: 257655 (1 / 1 / 1) -> AVG-RTPM: 238ms
    [junit] MAJOR: Mutants killed / live: 106 (0-740-1) / 32
    [junit] MAJOR: ------------------------------------------------------------
    [junit] MAJOR: 105/158 - com.google.javascript.rhino.IR_ESTest42 (20ms / 3):
    [junit] MAJOR: 258351 (0 / 3 / 3) -> AVG-RTPM: 231ms
    [junit] MAJOR: Mutants killed / live: 106 (0-743-1) / 32
    [junit] MAJOR: ------------------------------------------------------------
    [junit] MAJOR: 106/158 - com.google.javascript.rhino.IR_ESTest50 (20ms / 2):
    [junit] MAJOR: 258831 (0 / 2 / 2) -> AVG-RTPM: 240ms
    [junit] MAJOR: Mutants killed / live: 106 (0-745-1) / 32
    [junit] MAJOR: ------------------------------------------------------------
    [junit] MAJOR: 107/158 - com.google.javascript.rhino.IR_ESTest69 (20ms / 11):
    [junit] MAJOR: 261477 (0 / 11 / 11) -> AVG-RTPM: 240ms
    [junit] MAJOR: Mutants killed / live: 106 (0-756-1) / 32
    [junit] MAJOR: ------------------------------------------------------------
    [junit] MAJOR: 108/158 - com.google.javascript.rhino.IR_ESTest73 (20ms / 5):
    [junit] MAJOR: 262607 (2 / 5 / 5) -> AVG-RTPM: 226ms
    [junit] MAJOR: Mutants killed / live: 108 (0-761-1) / 30
    [junit] MAJOR: ------------------------------------------------------------
    [junit] MAJOR: 109/158 - com.google.javascript.rhino.IR_ESTest101 (21ms / 16):
    [junit] MAJOR: 266622 (0 / 16 / 16) -> AVG-RTPM: 250ms
    [junit] MAJOR: Mutants killed / live: 108 (0-777-1) / 30
    [junit] MAJOR: ------------------------------------------------------------
    [junit] MAJOR: 110/158 - com.google.javascript.rhino.IR_ESTest45 (21ms / 15):
    [junit] MAJOR: 270154 (15 / 15 / 15) -> AVG-RTPM: 235ms
    [junit] MAJOR: Mutants killed / live: 123 (0-792-1) / 15
    [junit] MAJOR: ------------------------------------------------------------
    [junit] MAJOR: 111/158 - com.google.javascript.rhino.IR_ESTest49 (21ms / 3):
    [junit] MAJOR: 270850 (0 / 3 / 3) -> AVG-RTPM: 232ms
    [junit] MAJOR: Mutants killed / live: 123 (0-795-1) / 15
    [junit] MAJOR: ------------------------------------------------------------
    [junit] MAJOR: 112/158 - com.google.javascript.rhino.IR_ESTest5 (21ms / 15):
    [junit] MAJOR: 274316 (0 / 15 / 15) -> AVG-RTPM: 231ms
    [junit] MAJOR: Mutants killed / live: 123 (0-810-1) / 15
    [junit] MAJOR: ------------------------------------------------------------
    [junit] MAJOR: 113/158 - com.google.javascript.rhino.IR_ESTest56 (21ms / 3):
    [junit] MAJOR: 275061 (0 / 3 / 3) -> AVG-RTPM: 248ms
    [junit] MAJOR: Mutants killed / live: 123 (0-813-1) / 15
    [junit] MAJOR: ------------------------------------------------------------
    [junit] MAJOR: 114/158 - com.google.javascript.rhino.IR_ESTest98 (21ms / 16):
    [junit] MAJOR: 278922 (0 / 16 / 16) -> AVG-RTPM: 241ms
    [junit] MAJOR: Mutants killed / live: 123 (0-829-1) / 15
    [junit] MAJOR: ------------------------------------------------------------
    [junit] MAJOR: 115/158 - com.google.javascript.rhino.IR_ESTest10 (22ms / 3):
    [junit] MAJOR: 279685 (2 / 3 / 3) -> AVG-RTPM: 254ms
    [junit] MAJOR: Mutants killed / live: 125 (0-832-1) / 13
    [junit] MAJOR: ------------------------------------------------------------
    [junit] MAJOR: 116/158 - com.google.javascript.rhino.IR_ESTest100 (22ms / 16):
    [junit] MAJOR: 283735 (0 / 16 / 16) -> AVG-RTPM: 253ms
    [junit] MAJOR: Mutants killed / live: 125 (0-848-1) / 13
    [junit] MAJOR: ------------------------------------------------------------
    [junit] MAJOR: 117/158 - com.google.javascript.rhino.IR_ESTest144 (22ms / 9):
    [junit] MAJOR: 285774 (0 / 9 / 9) -> AVG-RTPM: 226ms
    [junit] MAJOR: Mutants killed / live: 125 (0-857-1) / 13
    [junit] MAJOR: ------------------------------------------------------------
    [junit] MAJOR: 118/158 - com.google.javascript.rhino.IR_ESTest17 (22ms / 21):
    [junit] MAJOR: 290724 (0 / 21 / 21) -> AVG-RTPM: 235ms
    [junit] MAJOR: Mutants killed / live: 125 (0-878-1) / 13
    [junit] MAJOR: ------------------------------------------------------------
    [junit] MAJOR: 119/158 - com.google.javascript.rhino.IR_ESTest39 (22ms / 10):
    [junit] MAJOR: 293169 (8 / 10 / 10) -> AVG-RTPM: 244ms
    [junit] MAJOR: Mutants killed / live: 133 (0-888-1) / 5
    [junit] MAJOR: ------------------------------------------------------------
    [junit] MAJOR: 120/158 - com.google.javascript.rhino.IR_ESTest57 (22ms / 2):
    [junit] MAJOR: 293653 (0 / 2 / 2) -> AVG-RTPM: 242ms
    [junit] MAJOR: Mutants killed / live: 133 (0-890-1) / 5
    [junit] MAJOR: ------------------------------------------------------------
    [junit] MAJOR: 121/158 - com.google.javascript.rhino.IR_ESTest62 (22ms / 2):
    [junit] MAJOR: 294095 (0 / 2 / 2) -> AVG-RTPM: 221ms
    [junit] MAJOR: Mutants killed / live: 133 (0-892-1) / 5
    [junit] MAJOR: ------------------------------------------------------------
    [junit] MAJOR: 122/158 - com.google.javascript.rhino.IR_ESTest95 (22ms / 16):
    [junit] MAJOR: 297762 (0 / 16 / 16) -> AVG-RTPM: 229ms
    [junit] MAJOR: Mutants killed / live: 133 (0-908-1) / 5
    [junit] MAJOR: ------------------------------------------------------------
    [junit] MAJOR: 123/158 - com.google.javascript.rhino.IR_ESTest130 (23ms / 3):
    [junit] MAJOR: 298450 (0 / 3 / 3) -> AVG-RTPM: 229ms
    [junit] MAJOR: Mutants killed / live: 133 (0-911-1) / 5
    [junit] MAJOR: ------------------------------------------------------------
    [junit] MAJOR: 124/158 - com.google.javascript.rhino.IR_ESTest40 (23ms / 1):
    [junit] MAJOR: 298689 (0 / 1 / 1) -> AVG-RTPM: 239ms
    [junit] MAJOR: Mutants killed / live: 133 (0-912-1) / 5
    [junit] MAJOR: ------------------------------------------------------------
    [junit] MAJOR: 125/158 - com.google.javascript.rhino.IR_ESTest44 (23ms / 16):
    [junit] MAJOR: 302515 (1 / 16 / 16) -> AVG-RTPM: 239ms
    [junit] MAJOR: Mutants killed / live: 134 (0-928-1) / 4
    [junit] MAJOR: ------------------------------------------------------------
    [junit] MAJOR: 126/158 - com.google.javascript.rhino.IR_ESTest67 (23ms / 11):
    [junit] MAJOR: 305153 (0 / 11 / 11) -> AVG-RTPM: 239ms
    [junit] MAJOR: Mutants killed / live: 134 (0-939-1) / 4
    [junit] MAJOR: ------------------------------------------------------------
    [junit] MAJOR: 127/158 - com.google.javascript.rhino.IR_ESTest93 (23ms / 19):
    [junit] MAJOR: 309828 (0 / 19 / 19) -> AVG-RTPM: 246ms
    [junit] MAJOR: Mutants killed / live: 134 (0-958-1) / 4
    [junit] MAJOR: ------------------------------------------------------------
    [junit] MAJOR: 128/158 - com.google.javascript.rhino.IR_ESTest102 (24ms / 2):
    [junit] MAJOR: 310271 (0 / 2 / 2) -> AVG-RTPM: 221ms
    [junit] MAJOR: Mutants killed / live: 134 (0-960-1) / 4
    [junit] MAJOR: ------------------------------------------------------------
    [junit] MAJOR: 129/158 - com.google.javascript.rhino.IR_ESTest105 (24ms / 16):
    [junit] MAJOR: 314087 (0 / 16 / 16) -> AVG-RTPM: 238ms
    [junit] MAJOR: Mutants killed / live: 134 (0-976-1) / 4
    [junit] MAJOR: ------------------------------------------------------------
    [junit] MAJOR: 130/158 - com.google.javascript.rhino.IR_ESTest11 (24ms / 3):
    [junit] MAJOR: 314744 (1 / 3 / 3) -> AVG-RTPM: 219ms
    [junit] MAJOR: Mutants killed / live: 135 (0-979-1) / 3
    [junit] MAJOR: ------------------------------------------------------------
    [junit] MAJOR: 131/158 - com.google.javascript.rhino.IR_ESTest146 (24ms / 9):
    [junit] MAJOR: 316917 (0 / 9 / 9) -> AVG-RTPM: 241ms
    [junit] MAJOR: Mutants killed / live: 135 (0-988-1) / 3
    [junit] MAJOR: ------------------------------------------------------------
    [junit] MAJOR: 132/158 - com.google.javascript.rhino.IR_ESTest58 (24ms / 2):
    [junit] MAJOR: 317380 (0 / 2 / 2) -> AVG-RTPM: 231ms
    [junit] MAJOR: Mutants killed / live: 135 (0-990-1) / 3
    [junit] MAJOR: ------------------------------------------------------------
    [junit] MAJOR: 133/158 - com.google.javascript.rhino.IR_ESTest65 (24ms / 11):
    [junit] MAJOR: 319928 (0 / 11 / 11) -> AVG-RTPM: 231ms
    [junit] MAJOR: Mutants killed / live: 135 (0-1001-1) / 3
    [junit] MAJOR: ------------------------------------------------------------
    [junit] MAJOR: 134/158 - com.google.javascript.rhino.IR_ESTest66 (24ms / 11):
    [junit] MAJOR: 322572 (0 / 11 / 11) -> AVG-RTPM: 240ms
    [junit] MAJOR: Mutants killed / live: 135 (0-1012-1) / 3
    [junit] MAJOR: ------------------------------------------------------------
    [junit] MAJOR: 135/158 - com.google.javascript.rhino.IR_ESTest70 (24ms / 11):
    [junit] MAJOR: 325257 (0 / 11 / 11) -> AVG-RTPM: 244ms
    [junit] MAJOR: Mutants killed / live: 135 (0-1023-1) / 3
    [junit] MAJOR: ------------------------------------------------------------
    [junit] MAJOR: 136/158 - com.google.javascript.rhino.IR_ESTest76 (24ms / 19):
    [junit] MAJOR: 329779 (0 / 19 / 19) -> AVG-RTPM: 238ms
    [junit] MAJOR: Mutants killed / live: 135 (0-1042-1) / 3
    [junit] MAJOR: ------------------------------------------------------------
    [junit] MAJOR: 137/158 - com.google.javascript.rhino.IR_ESTest86 (24ms / 2):
    [junit] MAJOR: 330282 (0 / 2 / 2) -> AVG-RTPM: 251ms
    [junit] MAJOR: Mutants killed / live: 135 (0-1044-1) / 3
    [junit] MAJOR: ------------------------------------------------------------
    [junit] MAJOR: 138/158 - com.google.javascript.rhino.IR_ESTest89 (24ms / 16):
    [junit] MAJOR: 334179 (0 / 16 / 16) -> AVG-RTPM: 243ms
    [junit] MAJOR: Mutants killed / live: 135 (0-1060-1) / 3
    [junit] MAJOR: ------------------------------------------------------------
    [junit] MAJOR: 139/158 - com.google.javascript.rhino.IR_ESTest90 (24ms / 5):
    [junit] MAJOR: 335438 (0 / 5 / 5) -> AVG-RTPM: 251ms
    [junit] MAJOR: Mutants killed / live: 135 (0-1065-1) / 3
    [junit] MAJOR: ------------------------------------------------------------
    [junit] MAJOR: 140/158 - com.google.javascript.rhino.IR_ESTest63 (25ms / 4):
    [junit] MAJOR: 336402 (0 / 4 / 4) -> AVG-RTPM: 241ms
    [junit] MAJOR: Mutants killed / live: 135 (0-1069-1) / 3
    [junit] MAJOR: ------------------------------------------------------------
    [junit] MAJOR: 141/158 - com.google.javascript.rhino.IR_ESTest64 (25ms / 3):
    [junit] MAJOR: 337064 (0 / 3 / 3) -> AVG-RTPM: 220ms
    [junit] MAJOR: Mutants killed / live: 135 (0-1072-1) / 3
    [junit] MAJOR: ------------------------------------------------------------
    [junit] MAJOR: 142/158 - com.google.javascript.rhino.IR_ESTest7 (25ms / 8):
    [junit] MAJOR: 339018 (0 / 8 / 8) -> AVG-RTPM: 244ms
    [junit] MAJOR: Mutants killed / live: 135 (0-1080-1) / 3
    [junit] MAJOR: ------------------------------------------------------------
    [junit] MAJOR: 143/158 - com.google.javascript.rhino.IR_ESTest74 (25ms / 11):
    [junit] MAJOR: 341909 (0 / 11 / 11) -> AVG-RTPM: 262ms
    [junit] MAJOR: Mutants killed / live: 135 (0-1091-1) / 3
    [junit] MAJOR: ------------------------------------------------------------
    [junit] MAJOR: 144/158 - com.google.javascript.rhino.IR_ESTest77 (25ms / 11):
    [junit] MAJOR: 344523 (0 / 11 / 11) -> AVG-RTPM: 237ms
    [junit] MAJOR: Mutants killed / live: 135 (0-1102-1) / 3
    [junit] MAJOR: ------------------------------------------------------------
    [junit] MAJOR: 145/158 - com.google.javascript.rhino.IR_ESTest81 (25ms / 4):
    [junit] MAJOR: 345424 (0 / 4 / 4) -> AVG-RTPM: 225ms
    [junit] MAJOR: Mutants killed / live: 135 (0-1106-1) / 3
    [junit] MAJOR: ------------------------------------------------------------
    [junit] MAJOR: 146/158 - com.google.javascript.rhino.IR_ESTest9 (25ms / 2):
    [junit] MAJOR: 345874 (0 / 2 / 2) -> AVG-RTPM: 225ms
    [junit] MAJOR: Mutants killed / live: 135 (0-1108-1) / 3
    [junit] MAJOR: ------------------------------------------------------------
    [junit] MAJOR: 147/158 - com.google.javascript.rhino.IR_ESTest97 (25ms / 2):
    [junit] MAJOR: 346354 (0 / 2 / 2) -> AVG-RTPM: 240ms
    [junit] MAJOR: Mutants killed / live: 135 (0-1110-1) / 3
    [junit] MAJOR: ------------------------------------------------------------
    [junit] MAJOR: 148/158 - com.google.javascript.rhino.IR_ESTest149 (26ms / 2):
    [junit] MAJOR: 346793 (0 / 2 / 2) -> AVG-RTPM: 219ms
    [junit] MAJOR: Mutants killed / live: 135 (0-1112-1) / 3
    [junit] MAJOR: ------------------------------------------------------------
    [junit] MAJOR: 149/158 - com.google.javascript.rhino.IR_ESTest83 (26ms / 9):
    [junit] MAJOR: 348779 (0 / 9 / 9) -> AVG-RTPM: 220ms
    [junit] MAJOR: Mutants killed / live: 135 (0-1121-1) / 3
    [junit] MAJOR: ------------------------------------------------------------
    [junit] MAJOR: 150/158 - com.google.javascript.rhino.IR_ESTest60 (27ms / 2):
    [junit] MAJOR: 349247 (0 / 2 / 2) -> AVG-RTPM: 233ms
    [junit] MAJOR: Mutants killed / live: 135 (0-1123-1) / 3
    [junit] MAJOR: ------------------------------------------------------------
    [junit] MAJOR: 151/158 - com.google.javascript.rhino.IR_ESTest79 (27ms / 3):
    [junit] MAJOR: 349984 (0 / 3 / 3) -> AVG-RTPM: 245ms
    [junit] MAJOR: Mutants killed / live: 135 (0-1126-1) / 3
    [junit] MAJOR: ------------------------------------------------------------
    [junit] MAJOR: 152/158 - com.google.javascript.rhino.IR_ESTest78 (30ms / 5):
    [junit] MAJOR: 351245 (0 / 5 / 5) -> AVG-RTPM: 252ms
    [junit] MAJOR: Mutants killed / live: 135 (0-1131-1) / 3
    [junit] MAJOR: ------------------------------------------------------------
    [junit] MAJOR: 153/158 - com.google.javascript.rhino.IR_ESTest84 (31ms / 3):
    [junit] MAJOR: 351946 (0 / 3 / 3) -> AVG-RTPM: 233ms
    [junit] MAJOR: Mutants killed / live: 135 (0-1134-1) / 3
    [junit] MAJOR: ------------------------------------------------------------
    [junit] MAJOR: 154/158 - com.google.javascript.rhino.IR_ESTest80 (33ms / 3):
    [junit] MAJOR: 352648 (0 / 3 / 3) -> AVG-RTPM: 234ms
    [junit] MAJOR: Mutants killed / live: 135 (0-1137-1) / 3
    [junit] MAJOR: ------------------------------------------------------------
    [junit] MAJOR: 155/158 - com.google.javascript.rhino.IR_ESTest8 (38ms / 1):
    [junit] MAJOR: 353047 (1 / 1 / 1) -> AVG-RTPM: 399ms
    [junit] MAJOR: Mutants killed / live: 136 (0-1138-1) / 2
    [junit] MAJOR: ------------------------------------------------------------
    [junit] MAJOR: 156/158 - com.google.javascript.rhino.IR_ESTest0 (41ms / 1):
    [junit] MAJOR: 353281 (1 / 1 / 1) -> AVG-RTPM: 234ms
    [junit] MAJOR: Mutants killed / live: 137 (0-1139-1) / 1
    [junit] MAJOR: ------------------------------------------------------------
    [junit] MAJOR: 157/158 - com.google.javascript.rhino.IR_ESTest103 (41ms / 3):
    [junit] MAJOR: 353996 (0 / 3 / 3) -> AVG-RTPM: 238ms
    [junit] MAJOR: Mutants killed / live: 137 (0-1142-1) / 1
    [junit] MAJOR: ------------------------------------------------------------
    [junit] MAJOR: 158/158 - com.google.javascript.rhino.IR_ESTest14 (86ms / 2):
    [junit] MAJOR: 354460 (1 / 2 / 2) -> AVG-RTPM: 232ms
    [junit] MAJOR: Mutants killed / live: 138 (0-1144-1) / 0
    [junit] MAJOR: ------------------------------------------------------------
    [junit] MAJOR: Summary:
    [junit] MAJOR: 
    [junit] MAJOR: Analysis time:  354.5 seconds
    [junit] MAJOR: Mutation score: 89.61% (100.00%)
    [junit] MAJOR: Mutants killed / live: 138 (0-1144-1) / 0
    [junit] MAJOR: Mutant executions: 1156
    [junit] MAJOR: ------------------------------------------------------------
    [junit] MAJOR: Export summary of results (to summary.csv)
    [junit] MAJOR: Export mutant kill details (to /tmp/run_mutation.pl_81070_1501571363/27f/kill.csv)
    [junit] MAJOR: Export kill map (to killMap.csv)!

BUILD SUCCESSFUL
Total time: 12 minutes 51 seconds
