
rhino:

properties:

init:

compile:

compile-most:

compile-jdk15:

compile:

properties:

compile:

xmlimplsrc-compile:
     [echo] Calling /tmp/run_mutation.pl_42536_1501651167/33f/lib/rhino/xmlimplsrc/build.xml

compile:

compile-all:

compile:

jar:

rhino-jarjar:
   [jarjar] Updating jar: /tmp/run_mutation.pl_42536_1501651167/33f/build/lib/rhino.jar

svnversion:

compile:
    [javac] /tmp/run_mutation.pl_42536_1501651167/33f/build.xml:252: warning: 'includeantruntime' was not set, defaulting to build.sysclasspath=last; set to false for repeatable builds
    [javac] /tmp/run_mutation.pl_42536_1501651167/33f/build.xml:258: warning: 'includeantruntime' was not set, defaulting to build.sysclasspath=last; set to false for repeatable builds
[propertyfile] Updating property file: /tmp/run_mutation.pl_42536_1501651167/33f/build/classes/com/google/javascript/jscomp/parsing/ParserConfig.properties

compile-tests:
    [mkdir] Created dir: /tmp/run_mutation.pl_42536_1501651167/33f/build/test
    [javac] /tmp/run_mutation.pl_42536_1501651167/33f/build.xml:325: warning: 'includeantruntime' was not set, defaulting to build.sysclasspath=last; set to false for repeatable builds
    [javac] Compiling 400 source files to /tmp/run_mutation.pl_42536_1501651167/33f/build/test
    [javac] warning: [options] bootstrap class path not set in conjunction with -source 1.6
    [javac] Note: /tmp/run_mutation.pl_42536_1501651167/33f/src/com/google/javascript/jscomp/ant/CompileTask.java uses unchecked or unsafe operations.
    [javac] Note: Recompile with -Xlint:unchecked for details.
    [javac] 1 warning
    [javac] /tmp/run_mutation.pl_42536_1501651167/33f/build.xml:331: warning: 'includeantruntime' was not set, defaulting to build.sysclasspath=last; set to false for repeatable builds
    [javac] Compiling 221 source files to /tmp/run_mutation.pl_42536_1501651167/33f/build/test
    [javac] warning: [options] bootstrap class path not set in conjunction with -source 1.6
    [javac] Note: /tmp/run_mutation.pl_42536_1501651167/33f/test/com/google/javascript/jscomp/parsing/JsDocInfoParserTest.java uses or overrides a deprecated API.
    [javac] Note: Recompile with -Xlint:deprecation for details.
    [javac] 1 warning

compile.tests:

update.all.tests:

mutation.test:
     [echo] Running mutation analysis ...
    [junit] MAJOR: Mutation analysis enabled
SLF4J: Failed to load class "org.slf4j.impl.StaticLoggerBinder".
SLF4J: Defaulting to no-operation (NOP) logger implementation
SLF4J: See http://www.slf4j.org/codes.html#StaticLoggerBinder for further details.
    [junit] MAJOR: ------------------------------------------------------------
    [junit] MAJOR: Run 35 ordered tests to verify independence
    [junit] MAJOR: ------------------------------------------------------------
    [junit] MAJOR: Preprocessing time: 26.20 seconds
    [junit] MAJOR: ------------------------------------------------------------
    [junit] MAJOR: Mutants generated: 374
    [junit] MAJOR: Mutants covered:   325 (86.90%)
    [junit] MAJOR: ------------------------------------------------------------
    [junit] MAJOR: Export test map to (testMap.csv)
    [junit] MAJOR: Export coverage map to (covMap.csv)
    [junit] MAJOR: Exclude 0 mutants
    [junit] MAJOR: ------------------------------------------------------------
    [junit] MAJOR: Run mutation analysis with 35 individual tests
    [junit] MAJOR: ------------------------------------------------------------
    [junit] MAJOR: 1/35 - com.google.javascript.rhino.jstype.PrototypeObjectType_ESTest34 (12ms / 89):
    [junit] MAJOR: 87816 (19 / 89 / 89) -> AVG-RTPM: 986ms
    [junit] MAJOR: Mutants killed / live: 19 (0-18-1) / 306
    [junit] MAJOR: ------------------------------------------------------------
    [junit] MAJOR: 2/35 - com.google.javascript.rhino.jstype.PrototypeObjectType_ESTest14 (14ms / 90):
    [junit] MAJOR: 290544 (2 / 90 / 90) -> AVG-RTPM: 2252ms
    [junit] MAJOR: Mutants killed / live: 21 (2-36-2) / 304
    [junit] MAJOR: ------------------------------------------------------------
    [junit] MAJOR: 3/35 - com.google.javascript.rhino.jstype.PrototypeObjectType_ESTest15 (14ms / 93):
    [junit] MAJOR: 322963 (73 / 93 / 93) -> AVG-RTPM: 348ms
    [junit] MAJOR: Mutants killed / live: 94 (2-129-2) / 231
    [junit] MAJOR: ------------------------------------------------------------
    [junit] MAJOR: 4/35 - com.google.javascript.rhino.jstype.PrototypeObjectType_ESTest6 (14ms / 96):
    [junit] MAJOR: 342043 (10 / 96 / 96) -> AVG-RTPM: 198ms
    [junit] MAJOR: Mutants killed / live: 104 (2-225-2) / 221
    [junit] MAJOR: ------------------------------------------------------------
    [junit] MAJOR: 5/35 - com.google.javascript.rhino.jstype.PrototypeObjectType_ESTest35 (17ms / 94):
    [junit] MAJOR: 368997 (7 / 94 / 94) -> AVG-RTPM: 286ms
    [junit] MAJOR: Mutants killed / live: 111 (2-319-2) / 214
    [junit] MAJOR: ------------------------------------------------------------
    [junit] MAJOR: 6/35 - com.google.javascript.rhino.jstype.PrototypeObjectType_ESTest1 (18ms / 87):
    [junit] MAJOR: 386519 (0 / 87 / 87) -> AVG-RTPM: 201ms
    [junit] MAJOR: Mutants killed / live: 111 (2-406-2) / 214
    [junit] MAJOR: ------------------------------------------------------------
    [junit] MAJOR: 7/35 - com.google.javascript.rhino.jstype.PrototypeObjectType_ESTest29 (18ms / 87):
    [junit] MAJOR: 412858 (0 / 87 / 87) -> AVG-RTPM: 302ms
    [junit] MAJOR: Mutants killed / live: 111 (2-493-2) / 214
    [junit] MAJOR: ------------------------------------------------------------
    [junit] MAJOR: 8/35 - com.google.javascript.rhino.jstype.PrototypeObjectType_ESTest23 (19ms / 95):
    [junit] MAJOR: 441780 (5 / 95 / 95) -> AVG-RTPM: 304ms
    [junit] MAJOR: Mutants killed / live: 116 (2-588-2) / 209
    [junit] MAJOR: ------------------------------------------------------------
    [junit] MAJOR: 9/35 - com.google.javascript.rhino.jstype.PrototypeObjectType_ESTest25 (19ms / 96):
    [junit] MAJOR: 461902 (4 / 96 / 96) -> AVG-RTPM: 209ms
    [junit] MAJOR: Mutants killed / live: 120 (2-684-2) / 205
    [junit] MAJOR: ------------------------------------------------------------
    [junit] MAJOR: 10/35 - com.google.javascript.rhino.jstype.PrototypeObjectType_ESTest28 (19ms / 88):
    [junit] MAJOR: 496136 (1 / 88 / 88) -> AVG-RTPM: 389ms
    [junit] MAJOR: Mutants killed / live: 121 (2-772-2) / 204
    [junit] MAJOR: ------------------------------------------------------------
    [junit] MAJOR: 11/35 - com.google.javascript.rhino.jstype.PrototypeObjectType_ESTest30 (19ms / 91):
    [junit] MAJOR: 531744 (1 / 91 / 91) -> AVG-RTPM: 391ms
    [junit] MAJOR: Mutants killed / live: 122 (2-863-2) / 203
    [junit] MAJOR: ------------------------------------------------------------
    [junit] MAJOR: 12/35 - com.google.javascript.rhino.jstype.PrototypeObjectType_ESTest32 (19ms / 89):
    [junit] MAJOR: 559129 (2 / 89 / 89) -> AVG-RTPM: 307ms
    [junit] MAJOR: Mutants killed / live: 124 (2-952-2) / 201
    [junit] MAJOR: ------------------------------------------------------------
    [junit] MAJOR: 13/35 - com.google.javascript.rhino.jstype.PrototypeObjectType_ESTest18 (20ms / 125):
    [junit] MAJOR: 586026 (38 / 125 / 125) -> AVG-RTPM: 215ms
    [junit] MAJOR: Mutants killed / live: 162 (2-1077-2) / 163
    [junit] MAJOR: ------------------------------------------------------------
    [junit] MAJOR: 14/35 - com.google.javascript.rhino.jstype.PrototypeObjectType_ESTest22 (20ms / 127):
    [junit] MAJOR: 612399 (33 / 127 / 127) -> AVG-RTPM: 207ms
    [junit] MAJOR: Mutants killed / live: 195 (2-1204-2) / 130
    [junit] MAJOR: ------------------------------------------------------------
    [junit] MAJOR: 15/35 - com.google.javascript.rhino.jstype.PrototypeObjectType_ESTest3 (20ms / 88):
    [junit] MAJOR: 641744 (1 / 88 / 88) -> AVG-RTPM: 333ms
    [junit] MAJOR: Mutants killed / live: 196 (2-1292-2) / 129
    [junit] MAJOR: ------------------------------------------------------------
    [junit] MAJOR: 16/35 - com.google.javascript.rhino.jstype.PrototypeObjectType_ESTest4 (20ms / 106):
    [junit] MAJOR: 676771 (4 / 106 / 106) -> AVG-RTPM: 330ms
    [junit] MAJOR: Mutants killed / live: 200 (2-1398-2) / 125
    [junit] MAJOR: ------------------------------------------------------------
    [junit] MAJOR: 17/35 - com.google.javascript.rhino.jstype.PrototypeObjectType_ESTest7 (20ms / 105):
    [junit] MAJOR: 704550 (3 / 105 / 105) -> AVG-RTPM: 264ms
    [junit] MAJOR: Mutants killed / live: 203 (2-1503-2) / 122
    [junit] MAJOR: ------------------------------------------------------------
    [junit] MAJOR: 18/35 - com.google.javascript.rhino.jstype.PrototypeObjectType_ESTest19 (21ms / 139):
    [junit] MAJOR: 735635 (52 / 139 / 139) -> AVG-RTPM: 223ms
    [junit] MAJOR: Mutants killed / live: 255 (2-1642-2) / 70
    [junit] MAJOR: ------------------------------------------------------------
    [junit] MAJOR: 19/35 - com.google.javascript.rhino.jstype.PrototypeObjectType_ESTest20 (21ms / 136):
    [junit] MAJOR: 776072 (33 / 136 / 136) -> AVG-RTPM: 297ms
    [junit] MAJOR: Mutants killed / live: 288 (2-1778-2) / 37
    [junit] MAJOR: ------------------------------------------------------------
    [junit] MAJOR: 20/35 - com.google.javascript.rhino.jstype.PrototypeObjectType_ESTest27 (21ms / 90):
    [junit] MAJOR: 797645 (0 / 90 / 90) -> AVG-RTPM: 239ms
    [junit] MAJOR: Mutants killed / live: 288 (2-1868-2) / 37
    [junit] MAJOR: ------------------------------------------------------------
    [junit] MAJOR: 21/35 - com.google.javascript.rhino.jstype.PrototypeObjectType_ESTest31 (21ms / 93):
    [junit] MAJOR: 827077 (3 / 93 / 93) -> AVG-RTPM: 316ms
    [junit] MAJOR: Mutants killed / live: 291 (2-1961-2) / 34
    [junit] MAJOR: ------------------------------------------------------------
    [junit] MAJOR: 22/35 - com.google.javascript.rhino.jstype.PrototypeObjectType_ESTest33 (21ms / 124):
    [junit] MAJOR: 855677 (6 / 124 / 124) -> AVG-RTPM: 230ms
    [junit] MAJOR: Mutants killed / live: 297 (2-2085-2) / 28
    [junit] MAJOR: ------------------------------------------------------------
    [junit] MAJOR: 23/35 - com.google.javascript.rhino.jstype.PrototypeObjectType_ESTest5 (21ms / 133):
    [junit] MAJOR: 882621 (0 / 133 / 133) -> AVG-RTPM: 202ms
    [junit] MAJOR: Mutants killed / live: 297 (2-2218-2) / 28
    [junit] MAJOR: ------------------------------------------------------------
    [junit] MAJOR: 24/35 - com.google.javascript.rhino.jstype.PrototypeObjectType_ESTest13 (22ms / 94):
    [junit] MAJOR: 905228 (7 / 94 / 94) -> AVG-RTPM: 240ms
    [junit] MAJOR: Mutants killed / live: 304 (2-2312-2) / 21
    [junit] MAJOR: ------------------------------------------------------------
    [junit] MAJOR: 25/35 - com.google.javascript.rhino.jstype.PrototypeObjectType_ESTest17 (22ms / 90):
    [junit] MAJOR: 929449 (0 / 90 / 90) -> AVG-RTPM: 269ms
    [junit] MAJOR: Mutants killed / live: 304 (2-2402-2) / 21
    [junit] MAJOR: ------------------------------------------------------------
    [junit] MAJOR: 26/35 - com.google.javascript.rhino.jstype.PrototypeObjectType_ESTest21 (22ms / 93):
    [junit] MAJOR: 959520 (6 / 93 / 93) -> AVG-RTPM: 323ms
    [junit] MAJOR: Mutants killed / live: 310 (2-2495-2) / 15
    [junit] MAJOR: ------------------------------------------------------------
    [junit] MAJOR: 27/35 - com.google.javascript.rhino.jstype.PrototypeObjectType_ESTest10 (25ms / 126):
    [junit] MAJOR: 992055 (1 / 126 / 126) -> AVG-RTPM: 258ms
    [junit] MAJOR: Mutants killed / live: 311 (2-2621-2) / 14
    [junit] MAJOR: ------------------------------------------------------------
    [junit] MAJOR: 28/35 - com.google.javascript.rhino.jstype.PrototypeObjectType_ESTest2 (25ms / 88):
    [junit] MAJOR: 1022069 (1 / 88 / 88) -> AVG-RTPM: 341ms
    [junit] MAJOR: Mutants killed / live: 312 (2-2709-2) / 13
    [junit] MAJOR: ------------------------------------------------------------
    [junit] MAJOR: 29/35 - com.google.javascript.rhino.jstype.PrototypeObjectType_ESTest11 (26ms / 91):
    [junit] MAJOR: 1044094 (4 / 91 / 91) -> AVG-RTPM: 242ms
    [junit] MAJOR: Mutants killed / live: 316 (2-2800-2) / 9
    [junit] MAJOR: ------------------------------------------------------------
    [junit] MAJOR: 30/35 - com.google.javascript.rhino.jstype.PrototypeObjectType_ESTest16 (27ms / 90):
    [junit] MAJOR: 1071270 (3 / 90 / 90) -> AVG-RTPM: 301ms
    [junit] MAJOR: Mutants killed / live: 319 (2-2890-2) / 6
    [junit] MAJOR: ------------------------------------------------------------
    [junit] MAJOR: 31/35 - com.google.javascript.rhino.jstype.PrototypeObjectType_ESTest12 (28ms / 99):
    [junit] MAJOR: 1101326 (4 / 99 / 99) -> AVG-RTPM: 303ms
    [junit] MAJOR: Mutants killed / live: 323 (2-2989-2) / 2
    [junit] MAJOR: ------------------------------------------------------------
    [junit] MAJOR: 32/35 - com.google.javascript.rhino.jstype.PrototypeObjectType_ESTest26 (28ms / 87):
    [junit] MAJOR: 1134247 (0 / 87 / 87) -> AVG-RTPM: 378ms
    [junit] MAJOR: Mutants killed / live: 323 (2-3076-2) / 2
    [junit] MAJOR: ------------------------------------------------------------
    [junit] MAJOR: 33/35 - com.google.javascript.rhino.jstype.PrototypeObjectType_ESTest24 (30ms / 96):
    [junit] MAJOR: 1168254 (0 / 96 / 96) -> AVG-RTPM: 354ms
    [junit] MAJOR: Mutants killed / live: 323 (2-3172-2) / 2
    [junit] MAJOR: ------------------------------------------------------------
    [junit] MAJOR: 34/35 - com.google.javascript.rhino.jstype.PrototypeObjectType_ESTest0 (37ms / 94):
    [junit] MAJOR: 1197098 (0 / 94 / 94) -> AVG-RTPM: 306ms
    [junit] MAJOR: Mutants killed / live: 323 (2-3266-2) / 2
    [junit] MAJOR: ------------------------------------------------------------
    [junit] MAJOR: 35/35 - com.google.javascript.rhino.jstype.PrototypeObjectType_ESTest9 (99ms / 106):
    [junit] MAJOR: 1233951 (1 / 106 / 106) -> AVG-RTPM: 347ms
    [junit] MAJOR: Mutants killed / live: 324 (2-3372-2) / 1
    [junit] MAJOR: ------------------------------------------------------------
    [junit] MAJOR: Summary:
    [junit] MAJOR: 
    [junit] MAJOR: Analysis time:  1234.0 seconds
    [junit] MAJOR: Mutation score: 86.63% (99.69%)
    [junit] MAJOR: Mutants killed / live: 324 (2-3372-2) / 1
    [junit] MAJOR: Mutant executions: 3515
    [junit] MAJOR: ------------------------------------------------------------
    [junit] MAJOR: Export summary of results (to summary.csv)
    [junit] MAJOR: Export mutant kill details (to /tmp/run_mutation.pl_42536_1501651167/33f/kill.csv)
    [junit] MAJOR: Export kill map (to killMap.csv)!

BUILD SUCCESSFUL
Total time: 21 minutes 23 seconds
