
rhino:

properties:

init:

compile:

compile-most:

compile-jdk15:

compile:

properties:

compile:

xmlimplsrc-compile:
     [echo] Calling /tmp/run_mutation.pl_130071_1501578296/37f/lib/rhino/xmlimplsrc/build.xml

compile:

compile-all:

compile:

jar:

rhino-jarjar:
   [jarjar] Updating jar: /tmp/run_mutation.pl_130071_1501578296/37f/build/lib/rhino.jar

svnversion:

compile:
    [javac] /tmp/run_mutation.pl_130071_1501578296/37f/build.xml:252: warning: 'includeantruntime' was not set, defaulting to build.sysclasspath=last; set to false for repeatable builds
    [javac] /tmp/run_mutation.pl_130071_1501578296/37f/build.xml:258: warning: 'includeantruntime' was not set, defaulting to build.sysclasspath=last; set to false for repeatable builds
[propertyfile] Updating property file: /tmp/run_mutation.pl_130071_1501578296/37f/build/classes/com/google/javascript/jscomp/parsing/ParserConfig.properties

compile-tests:
    [mkdir] Created dir: /tmp/run_mutation.pl_130071_1501578296/37f/build/test
    [javac] /tmp/run_mutation.pl_130071_1501578296/37f/build.xml:324: warning: 'includeantruntime' was not set, defaulting to build.sysclasspath=last; set to false for repeatable builds
    [javac] Compiling 397 source files to /tmp/run_mutation.pl_130071_1501578296/37f/build/test
    [javac] warning: [options] bootstrap class path not set in conjunction with -source 1.6
    [javac] Note: /tmp/run_mutation.pl_130071_1501578296/37f/src/com/google/javascript/jscomp/ant/CompileTask.java uses unchecked or unsafe operations.
    [javac] Note: Recompile with -Xlint:unchecked for details.
    [javac] 1 warning
    [javac] /tmp/run_mutation.pl_130071_1501578296/37f/build.xml:330: warning: 'includeantruntime' was not set, defaulting to build.sysclasspath=last; set to false for repeatable builds
    [javac] Compiling 221 source files to /tmp/run_mutation.pl_130071_1501578296/37f/build/test
    [javac] warning: [options] bootstrap class path not set in conjunction with -source 1.6
    [javac] Note: /tmp/run_mutation.pl_130071_1501578296/37f/test/com/google/javascript/jscomp/parsing/JsDocInfoParserTest.java uses or overrides a deprecated API.
    [javac] Note: Recompile with -Xlint:deprecation for details.
    [javac] 1 warning

compile.tests:

update.all.tests:

mutation.test:
     [echo] Running mutation analysis ...
    [junit] MAJOR: Mutation analysis enabled
SLF4J: Failed to load class "org.slf4j.impl.StaticLoggerBinder".
SLF4J: Defaulting to no-operation (NOP) logger implementation
SLF4J: See http://www.slf4j.org/codes.html#StaticLoggerBinder for further details.
    [junit] MAJOR: ------------------------------------------------------------
    [junit] MAJOR: Run 46 ordered tests to verify independence
    [junit] MAJOR: ------------------------------------------------------------
    [junit] MAJOR: Preprocessing time: 169.85 seconds
    [junit] MAJOR: ------------------------------------------------------------
    [junit] MAJOR: Mutants generated: 901
    [junit] MAJOR: Mutants covered:   622 (69.03%)
    [junit] MAJOR: ------------------------------------------------------------
    [junit] MAJOR: Export test map to (testMap.csv)
    [junit] MAJOR: Export coverage map to (covMap.csv)
    [junit] MAJOR: Exclude 0 mutants
    [junit] MAJOR: ------------------------------------------------------------
    [junit] MAJOR: Run mutation analysis with 46 individual tests
    [junit] MAJOR: ------------------------------------------------------------
    [junit] MAJOR: 1/46 - com.google.javascript.jscomp.NodeTraversal_ESTest20 (32ms / 3):
    [junit] MAJOR: 8570 (0 / 3 / 3) -> AVG-RTPM: 2856ms
    [junit] MAJOR: Mutants killed / live: 0 (0-0-0) / 622
    [junit] MAJOR: ------------------------------------------------------------
    [junit] MAJOR: 2/46 - com.google.javascript.jscomp.NodeTraversal_ESTest10 (33ms / 7):
    [junit] MAJOR: 32639 (1 / 7 / 7) -> AVG-RTPM: 3438ms
    [junit] MAJOR: Mutants killed / live: 1 (0-1-0) / 621
    [junit] MAJOR: ------------------------------------------------------------
    [junit] MAJOR: 3/46 - com.google.javascript.jscomp.NodeTraversal_ESTest28 (33ms / 14):
    [junit] MAJOR: 89172 (5 / 14 / 14) -> AVG-RTPM: 4038ms
    [junit] MAJOR: Mutants killed / live: 6 (5-1-0) / 616
    [junit] MAJOR: ------------------------------------------------------------
    [junit] MAJOR: 4/46 - com.google.javascript.jscomp.NodeTraversal_ESTest40 (33ms / 3):
    [junit] MAJOR: 101958 (0 / 3 / 3) -> AVG-RTPM: 4262ms
    [junit] MAJOR: Mutants killed / live: 6 (5-1-0) / 616
    [junit] MAJOR: ------------------------------------------------------------
    [junit] MAJOR: 5/46 - com.google.javascript.jscomp.NodeTraversal_ESTest15 (35ms / 38):
    [junit] MAJOR: 254694 (26 / 38 / 38) -> AVG-RTPM: 4019ms
    [junit] MAJOR: Mutants killed / live: 32 (5-27-0) / 590
    [junit] MAJOR: ------------------------------------------------------------
    [junit] MAJOR: 6/46 - com.google.javascript.jscomp.NodeTraversal_ESTest25 (36ms / 12):
    [junit] MAJOR: 261789 (12 / 12 / 12) -> AVG-RTPM: 591ms
    [junit] MAJOR: Mutants killed / live: 44 (5-39-0) / 578
    [junit] MAJOR: ------------------------------------------------------------
    [junit] MAJOR: 7/46 - com.google.javascript.jscomp.NodeTraversal_ESTest33 (38ms / 139):
    [junit] MAJOR: 274235 (137 / 139 / 139) -> AVG-RTPM: 89ms
    [junit] MAJOR: Mutants killed / live: 181 (5-179-0) / 441
    [junit] MAJOR: ------------------------------------------------------------
    [junit] MAJOR: 8/46 - com.google.javascript.jscomp.NodeTraversal_ESTest38 (38ms / 5):
    [junit] MAJOR: 274844 (0 / 5 / 5) -> AVG-RTPM: 121ms
    [junit] MAJOR: Mutants killed / live: 181 (5-184-0) / 441
    [junit] MAJOR: ------------------------------------------------------------
    [junit] MAJOR: 9/46 - com.google.javascript.jscomp.NodeTraversal_ESTest42 (38ms / 37):
    [junit] MAJOR: 279097 (9 / 37 / 37) -> AVG-RTPM: 114ms
    [junit] MAJOR: Mutants killed / live: 190 (5-221-0) / 432
    [junit] MAJOR: ------------------------------------------------------------
    [junit] MAJOR: 10/46 - com.google.javascript.jscomp.NodeTraversal_ESTest45 (38ms / 195):
    [junit] MAJOR: 301198 (62 / 195 / 195) -> AVG-RTPM: 113ms
    [junit] MAJOR: Mutants killed / live: 252 (5-416-0) / 370
    [junit] MAJOR: ------------------------------------------------------------
    [junit] MAJOR: 11/46 - com.google.javascript.jscomp.NodeTraversal_ESTest13 (39ms / 16):
    [junit] MAJOR: 302890 (0 / 16 / 16) -> AVG-RTPM: 105ms
    [junit] MAJOR: Mutants killed / live: 252 (5-432-0) / 370
    [junit] MAJOR: ------------------------------------------------------------
    [junit] MAJOR: 12/46 - com.google.javascript.jscomp.NodeTraversal_ESTest21 (39ms / 141):
    [junit] MAJOR: 320523 (17 / 141 / 141) -> AVG-RTPM: 125ms
    [junit] MAJOR: Mutants killed / live: 269 (5-573-0) / 353
    [junit] MAJOR: ------------------------------------------------------------
    [junit] MAJOR: 13/46 - com.google.javascript.jscomp.NodeTraversal_ESTest26 (43ms / 3):
    [junit] MAJOR: 320854 (0 / 3 / 3) -> AVG-RTPM: 110ms
    [junit] MAJOR: Mutants killed / live: 269 (5-576-0) / 353
    [junit] MAJOR: ------------------------------------------------------------
    [junit] MAJOR: 14/46 - com.google.javascript.jscomp.NodeTraversal_ESTest12 (44ms / 58):
    [junit] MAJOR: 328860 (1 / 58 / 58) -> AVG-RTPM: 138ms
    [junit] MAJOR: Mutants killed / live: 270 (5-634-0) / 352
    [junit] MAJOR: ------------------------------------------------------------
    [junit] MAJOR: 15/46 - com.google.javascript.jscomp.NodeTraversal_ESTest17 (45ms / 8):
    [junit] MAJOR: 329744 (0 / 8 / 8) -> AVG-RTPM: 75ms
    [junit] MAJOR: Mutants killed / live: 270 (5-642-0) / 352
    [junit] MAJOR: ------------------------------------------------------------
    [junit] MAJOR: 16/46 - com.google.javascript.jscomp.NodeTraversal_ESTest44 (47ms / 3):
    [junit] MAJOR: 330066 (0 / 3 / 3) -> AVG-RTPM: 107ms
    [junit] MAJOR: Mutants killed / live: 270 (5-645-0) / 352
    [junit] MAJOR: ------------------------------------------------------------
    [junit] MAJOR: 17/46 - com.google.javascript.jscomp.NodeTraversal_ESTest4 (48ms / 20):
    [junit] MAJOR: 332172 (0 / 20 / 20) -> AVG-RTPM: 105ms
    [junit] MAJOR: Mutants killed / live: 270 (5-665-0) / 352
    [junit] MAJOR: ------------------------------------------------------------
    [junit] MAJOR: 18/46 - com.google.javascript.jscomp.NodeTraversal_ESTest9 (48ms / 20):
    [junit] MAJOR: 333780 (0 / 20 / 20) -> AVG-RTPM: 80ms
    [junit] MAJOR: Mutants killed / live: 270 (5-685-0) / 352
    [junit] MAJOR: ------------------------------------------------------------
    [junit] MAJOR: 19/46 - com.google.javascript.jscomp.NodeTraversal_ESTest14 (49ms / 153):
    [junit] MAJOR: 351094 (4 / 153 / 153) -> AVG-RTPM: 113ms
    [junit] MAJOR: Mutants killed / live: 274 (5-838-0) / 348
    [junit] MAJOR: ------------------------------------------------------------
    [junit] MAJOR: 20/46 - com.google.javascript.jscomp.NodeTraversal_ESTest30 (49ms / 17):
    [junit] MAJOR: 352561 (1 / 17 / 17) -> AVG-RTPM: 86ms
    [junit] MAJOR: Mutants killed / live: 275 (5-855-0) / 347
    [junit] MAJOR: ------------------------------------------------------------
    [junit] MAJOR: 21/46 - com.google.javascript.jscomp.NodeTraversal_ESTest39 (51ms / 10):
    [junit] MAJOR: 353554 (7 / 10 / 10) -> AVG-RTPM: 99ms
    [junit] MAJOR: Mutants killed / live: 282 (5-865-0) / 340
    [junit] MAJOR: ------------------------------------------------------------
    [junit] MAJOR: 22/46 - com.google.javascript.jscomp.NodeTraversal_ESTest7 (51ms / 17):
    [junit] MAJOR: 354859 (0 / 17 / 17) -> AVG-RTPM: 76ms
    [junit] MAJOR: Mutants killed / live: 282 (5-882-0) / 340
    [junit] MAJOR: ------------------------------------------------------------
    [junit] MAJOR: 23/46 - com.google.javascript.jscomp.NodeTraversal_ESTest41 (52ms / 23):
    [junit] MAJOR: 357567 (0 / 23 / 23) -> AVG-RTPM: 117ms
    [junit] MAJOR: Mutants killed / live: 282 (5-905-0) / 340
    [junit] MAJOR: ------------------------------------------------------------
    [junit] MAJOR: 24/46 - com.google.javascript.jscomp.NodeTraversal_ESTest2 (55ms / 16):
    [junit] MAJOR: 359254 (0 / 16 / 16) -> AVG-RTPM: 105ms
    [junit] MAJOR: Mutants killed / live: 282 (5-921-0) / 340
    [junit] MAJOR: ------------------------------------------------------------
    [junit] MAJOR: 25/46 - com.google.javascript.jscomp.NodeTraversal_ESTest35 (55ms / 4):
    [junit] MAJOR: 359679 (1 / 4 / 4) -> AVG-RTPM: 106ms
    [junit] MAJOR: Mutants killed / live: 283 (5-925-0) / 339
    [junit] MAJOR: ------------------------------------------------------------
    [junit] MAJOR: 26/46 - com.google.javascript.jscomp.NodeTraversal_ESTest24 (57ms / 3):
    [junit] MAJOR: 360070 (0 / 3 / 3) -> AVG-RTPM: 130ms
    [junit] MAJOR: Mutants killed / live: 283 (5-928-0) / 339
    [junit] MAJOR: ------------------------------------------------------------
    [junit] MAJOR: 27/46 - com.google.javascript.jscomp.NodeTraversal_ESTest23 (58ms / 227):
    [junit] MAJOR: 386756 (51 / 227 / 227) -> AVG-RTPM: 117ms
    [junit] MAJOR: Mutants killed / live: 334 (5-1155-0) / 288
    [junit] MAJOR: ------------------------------------------------------------
    [junit] MAJOR: 28/46 - com.google.javascript.jscomp.NodeTraversal_ESTest37 (59ms / 100):
    [junit] MAJOR: 399824 (0 / 100 / 100) -> AVG-RTPM: 130ms
    [junit] MAJOR: Mutants killed / live: 334 (5-1255-0) / 288
    [junit] MAJOR: ------------------------------------------------------------
    [junit] MAJOR: 29/46 - com.google.javascript.jscomp.NodeTraversal_ESTest11 (60ms / 3):
    [junit] MAJOR: 400127 (0 / 3 / 3) -> AVG-RTPM: 101ms
    [junit] MAJOR: Mutants killed / live: 334 (5-1258-0) / 288
    [junit] MAJOR: ------------------------------------------------------------
    [junit] MAJOR: 30/46 - com.google.javascript.jscomp.NodeTraversal_ESTest34 (60ms / 4):
    [junit] MAJOR: 400584 (0 / 4 / 4) -> AVG-RTPM: 114ms
    [junit] MAJOR: Mutants killed / live: 334 (5-1262-0) / 288
    [junit] MAJOR: ------------------------------------------------------------
    [junit] MAJOR: 31/46 - com.google.javascript.jscomp.NodeTraversal_ESTest36 (60ms / 108):
    [junit] MAJOR: 415431 (3 / 108 / 108) -> AVG-RTPM: 137ms
    [junit] MAJOR: Mutants killed / live: 337 (5-1370-0) / 285
    [junit] MAJOR: ------------------------------------------------------------
    [junit] MAJOR: 32/46 - com.google.javascript.jscomp.NodeTraversal_ESTest6 (60ms / 171):
    [junit] MAJOR: 436251 (15 / 171 / 171) -> AVG-RTPM: 121ms
    [junit] MAJOR: Mutants killed / live: 352 (5-1541-0) / 270
    [junit] MAJOR: ------------------------------------------------------------
    [junit] MAJOR: 33/46 - com.google.javascript.jscomp.NodeTraversal_ESTest19 (62ms / 171):
    [junit] MAJOR: 457412 (0 / 171 / 171) -> AVG-RTPM: 123ms
    [junit] MAJOR: Mutants killed / live: 352 (5-1712-0) / 270
    [junit] MAJOR: ------------------------------------------------------------
    [junit] MAJOR: 34/46 - com.google.javascript.jscomp.NodeTraversal_ESTest27 (62ms / 170):
    [junit] MAJOR: 477398 (1 / 170 / 170) -> AVG-RTPM: 117ms
    [junit] MAJOR: Mutants killed / live: 353 (5-1882-0) / 269
    [junit] MAJOR: ------------------------------------------------------------
    [junit] MAJOR: 35/46 - com.google.javascript.jscomp.NodeTraversal_ESTest32 (62ms / 17):
    [junit] MAJOR: 479625 (13 / 17 / 17) -> AVG-RTPM: 131ms
    [junit] MAJOR: Mutants killed / live: 366 (5-1899-0) / 256
    [junit] MAJOR: ------------------------------------------------------------
    [junit] MAJOR: 36/46 - com.google.javascript.jscomp.NodeTraversal_ESTest31 (63ms / 3):
    [junit] MAJOR: 479987 (0 / 3 / 3) -> AVG-RTPM: 120ms
    [junit] MAJOR: Mutants killed / live: 366 (5-1902-0) / 256
    [junit] MAJOR: ------------------------------------------------------------
    [junit] MAJOR: 37/46 - com.google.javascript.jscomp.NodeTraversal_ESTest5 (65ms / 222):
    [junit] MAJOR: 507055 (0 / 222 / 222) -> AVG-RTPM: 121ms
    [junit] MAJOR: Mutants killed / live: 366 (5-2124-0) / 256
    [junit] MAJOR: ------------------------------------------------------------
    [junit] MAJOR: 38/46 - com.google.javascript.jscomp.NodeTraversal_ESTest43 (70ms / 73):
    [junit] MAJOR: 517333 (1 / 73 / 73) -> AVG-RTPM: 140ms
    [junit] MAJOR: Mutants killed / live: 367 (5-2197-0) / 255
    [junit] MAJOR: ------------------------------------------------------------
    [junit] MAJOR: 39/46 - com.google.javascript.jscomp.NodeTraversal_ESTest22 (77ms / 64):
    [junit] MAJOR: 523910 (0 / 64 / 64) -> AVG-RTPM: 102ms
    [junit] MAJOR: Mutants killed / live: 367 (5-2261-0) / 255
    [junit] MAJOR: ------------------------------------------------------------
    [junit] MAJOR: 40/46 - com.google.javascript.jscomp.NodeTraversal_ESTest1 (81ms / 136):
    [junit] MAJOR: 540506 (10 / 136 / 136) -> AVG-RTPM: 122ms
    [junit] MAJOR: Mutants killed / live: 377 (5-2397-0) / 245
    [junit] MAJOR: ------------------------------------------------------------
    [junit] MAJOR: 41/46 - com.google.javascript.jscomp.NodeTraversal_ESTest8 (100ms / 473):
    [junit] MAJOR: 598013 (245 / 473 / 473) -> AVG-RTPM: 121ms
    [junit] MAJOR: Mutants killed / live: 622 (5-2870-0) / 0
    [junit] MAJOR: ------------------------------------------------------------
    [junit] MAJOR: 42/46 - com.google.javascript.jscomp.NodeTraversal_ESTest18 (102ms / 136):
    [junit] MAJOR: 616483 (0 / 136 / 136) -> AVG-RTPM: 135ms
    [junit] MAJOR: Mutants killed / live: 622 (5-3006-0) / 0
    [junit] MAJOR: ------------------------------------------------------------
    [junit] MAJOR: 43/46 - com.google.javascript.jscomp.NodeTraversal_ESTest3 (106ms / 453):
    [junit] MAJOR: 669950 (0 / 453 / 453) -> AVG-RTPM: 118ms
    [junit] MAJOR: Mutants killed / live: 622 (5-3459-0) / 0
    [junit] MAJOR: ------------------------------------------------------------
    [junit] MAJOR: 44/46 - com.google.javascript.jscomp.NodeTraversal_ESTest29 (158ms / 115):
    [junit] MAJOR: 684611 (0 / 115 / 115) -> AVG-RTPM: 127ms
    [junit] MAJOR: Mutants killed / live: 622 (5-3574-0) / 0
    [junit] MAJOR: ------------------------------------------------------------
    [junit] MAJOR: 45/46 - com.google.javascript.jscomp.NodeTraversal_ESTest16 (172ms / 42):
    [junit] MAJOR: 689593 (0 / 42 / 42) -> AVG-RTPM: 118ms
    [junit] MAJOR: Mutants killed / live: 622 (5-3616-0) / 0
    [junit] MAJOR: ------------------------------------------------------------
    [junit] MAJOR: 46/46 - com.google.javascript.jscomp.NodeTraversal_ESTest0 (186ms / 18):
    [junit] MAJOR: 691973 (0 / 18 / 18) -> AVG-RTPM: 132ms
    [junit] MAJOR: Mutants killed / live: 622 (5-3634-0) / 0
    [junit] MAJOR: ------------------------------------------------------------
    [junit] MAJOR: Summary:
    [junit] MAJOR: 
    [junit] MAJOR: Analysis time:  692.0 seconds
    [junit] MAJOR: Mutation score: 69.03% (100.00%)
    [junit] MAJOR: Mutants killed / live: 622 (5-3634-0) / 0
    [junit] MAJOR: Mutant executions: 3671
    [junit] MAJOR: ------------------------------------------------------------
    [junit] MAJOR: Export summary of results (to summary.csv)
    [junit] MAJOR: Export mutant kill details (to /tmp/run_mutation.pl_130071_1501578296/37f/kill.csv)
    [junit] MAJOR: Export kill map (to killMap.csv)!

BUILD SUCCESSFUL
Total time: 14 minutes 42 seconds
