
rhino:

properties:

init:

compile:

compile-most:

compile-jdk15:

compile:

properties:

compile:

xmlimplsrc-compile:
     [echo] Calling /tmp/run_mutation.pl_59443_1483707055/38f/lib/rhino/xmlimplsrc/build.xml

compile:

compile-all:

compile:

jar:

rhino-jarjar:
   [jarjar] Updating jar: /tmp/run_mutation.pl_59443_1483707055/38f/build/lib/rhino.jar

svnversion:

compile:
    [javac] /tmp/run_mutation.pl_59443_1483707055/38f/build.xml:252: warning: 'includeantruntime' was not set, defaulting to build.sysclasspath=last; set to false for repeatable builds
    [javac] /tmp/run_mutation.pl_59443_1483707055/38f/build.xml:258: warning: 'includeantruntime' was not set, defaulting to build.sysclasspath=last; set to false for repeatable builds
[propertyfile] Updating property file: /tmp/run_mutation.pl_59443_1483707055/38f/build/classes/com/google/javascript/jscomp/parsing/ParserConfig.properties

compile-tests:
    [mkdir] Created dir: /tmp/run_mutation.pl_59443_1483707055/38f/build/test
    [javac] /tmp/run_mutation.pl_59443_1483707055/38f/build.xml:324: warning: 'includeantruntime' was not set, defaulting to build.sysclasspath=last; set to false for repeatable builds
    [javac] Compiling 395 source files to /tmp/run_mutation.pl_59443_1483707055/38f/build/test
    [javac] warning: [options] bootstrap class path not set in conjunction with -source 1.6
    [javac] Note: /tmp/run_mutation.pl_59443_1483707055/38f/src/com/google/javascript/jscomp/ant/CompileTask.java uses unchecked or unsafe operations.
    [javac] Note: Recompile with -Xlint:unchecked for details.
    [javac] 1 warning
    [javac] /tmp/run_mutation.pl_59443_1483707055/38f/build.xml:330: warning: 'includeantruntime' was not set, defaulting to build.sysclasspath=last; set to false for repeatable builds
    [javac] Compiling 220 source files to /tmp/run_mutation.pl_59443_1483707055/38f/build/test
    [javac] warning: [options] bootstrap class path not set in conjunction with -source 1.6
    [javac] Note: /tmp/run_mutation.pl_59443_1483707055/38f/test/com/google/javascript/jscomp/parsing/JsDocInfoParserTest.java uses or overrides a deprecated API.
    [javac] Note: Recompile with -Xlint:deprecation for details.
    [javac] 1 warning

compile.tests:

update.all.tests:

mutation.test:
     [echo] Running mutation analysis ...
    [junit] MAJOR: Mutation analysis enabled
SLF4J: Failed to load class "org.slf4j.impl.StaticLoggerBinder".
SLF4J: Defaulting to no-operation (NOP) logger implementation
SLF4J: See http://www.slf4j.org/codes.html#StaticLoggerBinder for further details.
    [junit] MAJOR: ------------------------------------------------------------
    [junit] MAJOR: Run 6 ordered tests to verify independence
    [junit] MAJOR: ------------------------------------------------------------
    [junit] MAJOR: Preprocessing time: 1.61 seconds
    [junit] MAJOR: ------------------------------------------------------------
    [junit] MAJOR: Mutants generated: 340
    [junit] MAJOR: Mutants covered:   56 (16.47%)
    [junit] MAJOR: ------------------------------------------------------------
    [junit] MAJOR: Export test map to (testMap.csv)
    [junit] MAJOR: Export coverage map to (covMap.csv)
    [junit] MAJOR: Exclude 0 mutants
    [junit] MAJOR: ------------------------------------------------------------
    [junit] MAJOR: Run mutation analysis with 6 individual tests
    [junit] MAJOR: ------------------------------------------------------------
    [junit] MAJOR: 1/6 - com.google.javascript.jscomp.CodeConsumer_ESTest3 (8ms / 28):
    [junit] MAJOR: 2353 (12 / 28 / 28) -> AVG-RTPM: 84ms
    [junit] MAJOR: Mutants killed / live: 12 (12-0-0) / 44
    [junit] MAJOR: ------------------------------------------------------------
    [junit] MAJOR: 2/6 - com.google.javascript.jscomp.CodeConsumer_ESTest5 (8ms / 28):
    [junit] MAJOR: 5232 (1 / 28 / 28) -> AVG-RTPM: 102ms
    [junit] MAJOR: Mutants killed / live: 13 (16-0-0) / 43
    [junit] MAJOR: ------------------------------------------------------------
    [junit] MAJOR: 3/6 - com.google.javascript.jscomp.CodeConsumer_ESTest4 (9ms / 28):
    [junit] MAJOR: 9589 (8 / 28 / 28) -> AVG-RTPM: 155ms
    [junit] MAJOR: Mutants killed / live: 21 (28-0-0) / 35
    [junit] MAJOR: ------------------------------------------------------------
    [junit] MAJOR: 4/6 - com.google.javascript.jscomp.CodeConsumer_ESTest2 (10ms / 21):
    [junit] MAJOR: 13945 (3 / 21 / 21) -> AVG-RTPM: 207ms
    [junit] MAJOR: Mutants killed / live: 24 (40-0-0) / 32
    [junit] MAJOR: ------------------------------------------------------------
    [junit] MAJOR: 5/6 - com.google.javascript.jscomp.CodeConsumer_ESTest1 (20ms / 28):
    [junit] MAJOR: 21491 (10 / 28 / 28) -> AVG-RTPM: 269ms
    [junit] MAJOR: Mutants killed / live: 34 (50-0-0) / 22
    [junit] MAJOR: ------------------------------------------------------------
    [junit] MAJOR: 6/6 - com.google.javascript.jscomp.CodeConsumer_ESTest0 (26ms / 16):
    [junit] MAJOR: 26845 (1 / 16 / 16) -> AVG-RTPM: 334ms
    [junit] MAJOR: Mutants killed / live: 35 (52-0-0) / 21
    [junit] MAJOR: ------------------------------------------------------------
    [junit] MAJOR: Summary:
    [junit] MAJOR: 
    [junit] MAJOR: Analysis time:  26.8 seconds
    [junit] MAJOR: Mutation score: 10.29% (62.50%)
    [junit] MAJOR: Mutants killed / live: 35 (52-0-0) / 21
    [junit] MAJOR: Mutant executions: 149
    [junit] MAJOR: ------------------------------------------------------------
    [junit] MAJOR: Export summary of results (to summary.csv)
    [junit] MAJOR: Export mutant kill details (to /tmp/run_mutation.pl_59443_1483707055/38f/kill.csv)
    [junit] MAJOR: Export kill map (to killMap.csv)!

BUILD SUCCESSFUL
Total time: 39 seconds
