
rhino:

properties:

init:

compile:

compile-most:

compile-jdk15:

compile:

properties:

compile:

xmlimplsrc-compile:
     [echo] Calling /tmp/run_mutation.pl_61310_1483707157/39f/lib/rhino/xmlimplsrc/build.xml

compile:

compile-all:

compile:

jar:

rhino-jarjar:
   [jarjar] Updating jar: /tmp/run_mutation.pl_61310_1483707157/39f/build/lib/rhino.jar

svnversion:

compile:
    [javac] /tmp/run_mutation.pl_61310_1483707157/39f/build.xml:252: warning: 'includeantruntime' was not set, defaulting to build.sysclasspath=last; set to false for repeatable builds
    [javac] /tmp/run_mutation.pl_61310_1483707157/39f/build.xml:258: warning: 'includeantruntime' was not set, defaulting to build.sysclasspath=last; set to false for repeatable builds
[propertyfile] Updating property file: /tmp/run_mutation.pl_61310_1483707157/39f/build/classes/com/google/javascript/jscomp/parsing/ParserConfig.properties

compile-tests:
    [mkdir] Created dir: /tmp/run_mutation.pl_61310_1483707157/39f/build/test
    [javac] /tmp/run_mutation.pl_61310_1483707157/39f/build.xml:324: warning: 'includeantruntime' was not set, defaulting to build.sysclasspath=last; set to false for repeatable builds
    [javac] Compiling 395 source files to /tmp/run_mutation.pl_61310_1483707157/39f/build/test
    [javac] warning: [options] bootstrap class path not set in conjunction with -source 1.6
    [javac] Note: /tmp/run_mutation.pl_61310_1483707157/39f/src/com/google/javascript/jscomp/ant/CompileTask.java uses unchecked or unsafe operations.
    [javac] Note: Recompile with -Xlint:unchecked for details.
    [javac] 1 warning
    [javac] /tmp/run_mutation.pl_61310_1483707157/39f/build.xml:330: warning: 'includeantruntime' was not set, defaulting to build.sysclasspath=last; set to false for repeatable builds
    [javac] Compiling 220 source files to /tmp/run_mutation.pl_61310_1483707157/39f/build/test
    [javac] warning: [options] bootstrap class path not set in conjunction with -source 1.6
    [javac] Note: /tmp/run_mutation.pl_61310_1483707157/39f/test/com/google/javascript/jscomp/parsing/JsDocInfoParserTest.java uses or overrides a deprecated API.
    [javac] Note: Recompile with -Xlint:deprecation for details.
    [javac] 1 warning

compile.tests:

update.all.tests:

mutation.test:
     [echo] Running mutation analysis ...
    [junit] MAJOR: Mutation analysis enabled
SLF4J: Failed to load class "org.slf4j.impl.StaticLoggerBinder".
SLF4J: Defaulting to no-operation (NOP) logger implementation
SLF4J: See http://www.slf4j.org/codes.html#StaticLoggerBinder for further details.
    [junit] MAJOR: ------------------------------------------------------------
    [junit] MAJOR: Run 40 ordered tests to verify independence
    [junit] MAJOR: ------------------------------------------------------------
    [junit] MAJOR: Preprocessing time: 20.38 seconds
    [junit] MAJOR: ------------------------------------------------------------
    [junit] MAJOR: Mutants generated: 364
    [junit] MAJOR: Mutants covered:   325 (89.29%)
    [junit] MAJOR: ------------------------------------------------------------
    [junit] MAJOR: Export test map to (testMap.csv)
    [junit] MAJOR: Export coverage map to (covMap.csv)
    [junit] MAJOR: Exclude 0 mutants
    [junit] MAJOR: ------------------------------------------------------------
    [junit] MAJOR: Run mutation analysis with 40 individual tests
    [junit] MAJOR: ------------------------------------------------------------
    [junit] MAJOR: 1/40 - com.google.javascript.rhino.jstype.PrototypeObjectType_ESTest15 (11ms / 90):
    [junit] MAJOR: 70529 (21 / 90 / 90) -> AVG-RTPM: 783ms
    [junit] MAJOR: Mutants killed / live: 21 (2-18-1) / 304
    [junit] MAJOR: ------------------------------------------------------------
    [junit] MAJOR: 2/40 - com.google.javascript.rhino.jstype.PrototypeObjectType_ESTest27 (11ms / 118):
    [junit] MAJOR: 319267 (9 / 118 / 118) -> AVG-RTPM: 2107ms
    [junit] MAJOR: Mutants killed / live: 30 (11-36-2) / 295
    [junit] MAJOR: ------------------------------------------------------------
    [junit] MAJOR: 3/40 - com.google.javascript.rhino.jstype.PrototypeObjectType_ESTest16 (12ms / 103):
    [junit] MAJOR: 415394 (64 / 103 / 103) -> AVG-RTPM: 933ms
    [junit] MAJOR: Mutants killed / live: 94 (12-120-2) / 231
    [junit] MAJOR: ------------------------------------------------------------
    [junit] MAJOR: 4/40 - com.google.javascript.rhino.jstype.PrototypeObjectType_ESTest17 (12ms / 93):
    [junit] MAJOR: 436543 (20 / 93 / 93) -> AVG-RTPM: 227ms
    [junit] MAJOR: Mutants killed / live: 114 (12-213-2) / 211
    [junit] MAJOR: ------------------------------------------------------------
    [junit] MAJOR: 5/40 - com.google.javascript.rhino.jstype.PrototypeObjectType_ESTest18 (12ms / 103):
    [junit] MAJOR: 463282 (4 / 103 / 103) -> AVG-RTPM: 259ms
    [junit] MAJOR: Mutants killed / live: 118 (12-316-2) / 207
    [junit] MAJOR: ------------------------------------------------------------
    [junit] MAJOR: 6/40 - com.google.javascript.rhino.jstype.PrototypeObjectType_ESTest20 (12ms / 134):
    [junit] MAJOR: 509620 (34 / 134 / 134) -> AVG-RTPM: 345ms
    [junit] MAJOR: Mutants killed / live: 152 (12-450-2) / 173
    [junit] MAJOR: ------------------------------------------------------------
    [junit] MAJOR: 7/40 - com.google.javascript.rhino.jstype.PrototypeObjectType_ESTest21 (12ms / 90):
    [junit] MAJOR: 531998 (0 / 90 / 90) -> AVG-RTPM: 248ms
    [junit] MAJOR: Mutants killed / live: 152 (12-540-2) / 173
    [junit] MAJOR: ------------------------------------------------------------
    [junit] MAJOR: 8/40 - com.google.javascript.rhino.jstype.PrototypeObjectType_ESTest23 (12ms / 120):
    [junit] MAJOR: 558443 (0 / 120 / 120) -> AVG-RTPM: 220ms
    [junit] MAJOR: Mutants killed / live: 152 (12-660-2) / 173
    [junit] MAJOR: ------------------------------------------------------------
    [junit] MAJOR: 9/40 - com.google.javascript.rhino.jstype.PrototypeObjectType_ESTest24 (12ms / 133):
    [junit] MAJOR: 587678 (27 / 133 / 133) -> AVG-RTPM: 219ms
    [junit] MAJOR: Mutants killed / live: 179 (12-793-2) / 146
    [junit] MAJOR: ------------------------------------------------------------
    [junit] MAJOR: 10/40 - com.google.javascript.rhino.jstype.PrototypeObjectType_ESTest25 (12ms / 115):
    [junit] MAJOR: 615138 (0 / 115 / 115) -> AVG-RTPM: 238ms
    [junit] MAJOR: Mutants killed / live: 179 (12-908-2) / 146
    [junit] MAJOR: ------------------------------------------------------------
    [junit] MAJOR: 11/40 - com.google.javascript.rhino.jstype.PrototypeObjectType_ESTest26 (12ms / 136):
    [junit] MAJOR: 645858 (49 / 136 / 136) -> AVG-RTPM: 225ms
    [junit] MAJOR: Mutants killed / live: 228 (12-1044-2) / 97
    [junit] MAJOR: ------------------------------------------------------------
    [junit] MAJOR: 12/40 - com.google.javascript.rhino.jstype.PrototypeObjectType_ESTest31 (12ms / 99):
    [junit] MAJOR: 667017 (9 / 99 / 99) -> AVG-RTPM: 213ms
    [junit] MAJOR: Mutants killed / live: 237 (12-1143-2) / 88
    [junit] MAJOR: ------------------------------------------------------------
    [junit] MAJOR: 13/40 - com.google.javascript.rhino.jstype.PrototypeObjectType_ESTest32 (12ms / 99):
    [junit] MAJOR: 705196 (0 / 99 / 99) -> AVG-RTPM: 385ms
    [junit] MAJOR: Mutants killed / live: 237 (12-1242-2) / 88
    [junit] MAJOR: ------------------------------------------------------------
    [junit] MAJOR: 14/40 - com.google.javascript.rhino.jstype.PrototypeObjectType_ESTest33 (12ms / 87):
    [junit] MAJOR: 735181 (0 / 87 / 87) -> AVG-RTPM: 344ms
    [junit] MAJOR: Mutants killed / live: 237 (12-1329-2) / 88
    [junit] MAJOR: ------------------------------------------------------------
    [junit] MAJOR: 15/40 - com.google.javascript.rhino.jstype.PrototypeObjectType_ESTest35 (12ms / 88):
    [junit] MAJOR: 758946 (1 / 88 / 88) -> AVG-RTPM: 270ms
    [junit] MAJOR: Mutants killed / live: 238 (12-1417-2) / 87
    [junit] MAJOR: ------------------------------------------------------------
    [junit] MAJOR: 16/40 - com.google.javascript.rhino.jstype.PrototypeObjectType_ESTest36 (12ms / 87):
    [junit] MAJOR: 787552 (0 / 87 / 87) -> AVG-RTPM: 328ms
    [junit] MAJOR: Mutants killed / live: 238 (12-1504-2) / 87
    [junit] MAJOR: ------------------------------------------------------------
    [junit] MAJOR: 17/40 - com.google.javascript.rhino.jstype.PrototypeObjectType_ESTest37 (12ms / 89):
    [junit] MAJOR: 813186 (2 / 89 / 89) -> AVG-RTPM: 288ms
    [junit] MAJOR: Mutants killed / live: 240 (12-1593-2) / 85
    [junit] MAJOR: ------------------------------------------------------------
    [junit] MAJOR: 18/40 - com.google.javascript.rhino.jstype.PrototypeObjectType_ESTest39 (12ms / 89):
    [junit] MAJOR: 832502 (2 / 89 / 89) -> AVG-RTPM: 217ms
    [junit] MAJOR: Mutants killed / live: 242 (12-1682-2) / 83
    [junit] MAJOR: ------------------------------------------------------------
    [junit] MAJOR: 19/40 - com.google.javascript.rhino.jstype.PrototypeObjectType_ESTest6 (12ms / 115):
    [junit] MAJOR: 865260 (0 / 115 / 115) -> AVG-RTPM: 284ms
    [junit] MAJOR: Mutants killed / live: 242 (12-1797-2) / 83
    [junit] MAJOR: ------------------------------------------------------------
    [junit] MAJOR: 20/40 - com.google.javascript.rhino.jstype.PrototypeObjectType_ESTest7 (12ms / 135):
    [junit] MAJOR: 917854 (4 / 135 / 135) -> AVG-RTPM: 389ms
    [junit] MAJOR: Mutants killed / live: 246 (12-1932-2) / 79
    [junit] MAJOR: ------------------------------------------------------------
    [junit] MAJOR: 21/40 - com.google.javascript.rhino.jstype.PrototypeObjectType_ESTest9 (12ms / 105):
    [junit] MAJOR: 945501 (5 / 105 / 105) -> AVG-RTPM: 263ms
    [junit] MAJOR: Mutants killed / live: 251 (12-2037-2) / 74
    [junit] MAJOR: ------------------------------------------------------------
    [junit] MAJOR: 22/40 - com.google.javascript.rhino.jstype.PrototypeObjectType_ESTest12 (13ms / 94):
    [junit] MAJOR: 969838 (7 / 94 / 94) -> AVG-RTPM: 258ms
    [junit] MAJOR: Mutants killed / live: 258 (12-2131-2) / 67
    [junit] MAJOR: ------------------------------------------------------------
    [junit] MAJOR: 23/40 - com.google.javascript.rhino.jstype.PrototypeObjectType_ESTest13 (13ms / 103):
    [junit] MAJOR: 996359 (0 / 103 / 103) -> AVG-RTPM: 257ms
    [junit] MAJOR: Mutants killed / live: 258 (12-2234-2) / 67
    [junit] MAJOR: ------------------------------------------------------------
    [junit] MAJOR: 24/40 - com.google.javascript.rhino.jstype.PrototypeObjectType_ESTest14 (13ms / 119):
    [junit] MAJOR: 1036178 (1 / 119 / 119) -> AVG-RTPM: 334ms
    [junit] MAJOR: Mutants killed / live: 259 (12-2353-2) / 66
    [junit] MAJOR: ------------------------------------------------------------
    [junit] MAJOR: 25/40 - com.google.javascript.rhino.jstype.PrototypeObjectType_ESTest19 (13ms / 90):
    [junit] MAJOR: 1055601 (0 / 90 / 90) -> AVG-RTPM: 215ms
    [junit] MAJOR: Mutants killed / live: 259 (12-2443-2) / 66
    [junit] MAJOR: ------------------------------------------------------------
    [junit] MAJOR: 26/40 - com.google.javascript.rhino.jstype.PrototypeObjectType_ESTest22 (13ms / 131):
    [junit] MAJOR: 1090730 (0 / 131 / 131) -> AVG-RTPM: 268ms
    [junit] MAJOR: Mutants killed / live: 259 (12-2574-2) / 66
    [junit] MAJOR: ------------------------------------------------------------
    [junit] MAJOR: 27/40 - com.google.javascript.rhino.jstype.PrototypeObjectType_ESTest29 (13ms / 89):
    [junit] MAJOR: 1111993 (2 / 89 / 89) -> AVG-RTPM: 238ms
    [junit] MAJOR: Mutants killed / live: 261 (12-2663-2) / 64
    [junit] MAJOR: ------------------------------------------------------------
    [junit] MAJOR: 28/40 - com.google.javascript.rhino.jstype.PrototypeObjectType_ESTest3 (13ms / 157):
    [junit] MAJOR: 1146506 (0 / 157 / 157) -> AVG-RTPM: 219ms
    [junit] MAJOR: Mutants killed / live: 261 (12-2820-2) / 64
    [junit] MAJOR: ------------------------------------------------------------
    [junit] MAJOR: 29/40 - com.google.javascript.rhino.jstype.PrototypeObjectType_ESTest30 (13ms / 89):
    [junit] MAJOR: 1180566 (0 / 89 / 89) -> AVG-RTPM: 382ms
    [junit] MAJOR: Mutants killed / live: 261 (12-2909-2) / 64
    [junit] MAJOR: ------------------------------------------------------------
    [junit] MAJOR: 30/40 - com.google.javascript.rhino.jstype.PrototypeObjectType_ESTest38 (13ms / 92):
    [junit] MAJOR: 1212297 (3 / 92 / 92) -> AVG-RTPM: 344ms
    [junit] MAJOR: Mutants killed / live: 264 (12-3001-2) / 61
    [junit] MAJOR: ------------------------------------------------------------
    [junit] MAJOR: 31/40 - com.google.javascript.rhino.jstype.PrototypeObjectType_ESTest40 (13ms / 106):
    [junit] MAJOR: 1251431 (6 / 106 / 106) -> AVG-RTPM: 369ms
    [junit] MAJOR: Mutants killed / live: 270 (12-3107-2) / 55
    [junit] MAJOR: ------------------------------------------------------------
    [junit] MAJOR: 32/40 - com.google.javascript.rhino.jstype.PrototypeObjectType_ESTest5 (13ms / 130):
    [junit] MAJOR: 1289255 (12 / 130 / 130) -> AVG-RTPM: 290ms
    [junit] MAJOR: Mutants killed / live: 282 (12-3237-2) / 43
    [junit] MAJOR: ------------------------------------------------------------
    [junit] MAJOR: 33/40 - com.google.javascript.rhino.jstype.PrototypeObjectType_ESTest1 (14ms / 87):
    [junit] MAJOR: 1316477 (0 / 87 / 87) -> AVG-RTPM: 312ms
    [junit] MAJOR: Mutants killed / live: 282 (12-3324-2) / 43
    [junit] MAJOR: ------------------------------------------------------------
    [junit] MAJOR: 34/40 - com.google.javascript.rhino.jstype.PrototypeObjectType_ESTest11 (14ms / 96):
    [junit] MAJOR: 1342259 (4 / 96 / 96) -> AVG-RTPM: 268ms
    [junit] MAJOR: Mutants killed / live: 286 (12-3420-2) / 39
    [junit] MAJOR: ------------------------------------------------------------
    [junit] MAJOR: 35/40 - com.google.javascript.rhino.jstype.PrototypeObjectType_ESTest34 (15ms / 103):
    [junit] MAJOR: 1373386 (0 / 103 / 103) -> AVG-RTPM: 302ms
    [junit] MAJOR: Mutants killed / live: 286 (12-3523-2) / 39
    [junit] MAJOR: ------------------------------------------------------------
    [junit] MAJOR: 36/40 - com.google.javascript.rhino.jstype.PrototypeObjectType_ESTest10 (16ms / 121):
    [junit] MAJOR: 1403728 (0 / 121 / 121) -> AVG-RTPM: 250ms
    [junit] MAJOR: Mutants killed / live: 286 (12-3644-2) / 39
    [junit] MAJOR: ------------------------------------------------------------
    [junit] MAJOR: 37/40 - com.google.javascript.rhino.jstype.PrototypeObjectType_ESTest2 (22ms / 88):
    [junit] MAJOR: 1436578 (1 / 88 / 88) -> AVG-RTPM: 373ms
    [junit] MAJOR: Mutants killed / live: 287 (12-3732-2) / 38
    [junit] MAJOR: ------------------------------------------------------------
    [junit] MAJOR: 38/40 - com.google.javascript.rhino.jstype.PrototypeObjectType_ESTest28 (27ms / 93):
    [junit] MAJOR: 1459971 (4 / 93 / 93) -> AVG-RTPM: 251ms
    [junit] MAJOR: Mutants killed / live: 291 (12-3825-2) / 34
    [junit] MAJOR: ------------------------------------------------------------
    [junit] MAJOR: 39/40 - com.google.javascript.rhino.jstype.PrototypeObjectType_ESTest8 (30ms / 96):
    [junit] MAJOR: 1485613 (1 / 96 / 96) -> AVG-RTPM: 267ms
    [junit] MAJOR: Mutants killed / live: 292 (12-3921-2) / 33
    [junit] MAJOR: ------------------------------------------------------------
    [junit] MAJOR: 40/40 - com.google.javascript.rhino.jstype.PrototypeObjectType_ESTest0 (42ms / 127):
    [junit] MAJOR: 1521817 (33 / 127 / 127) -> AVG-RTPM: 285ms
    [junit] MAJOR: Mutants killed / live: 325 (12-4048-2) / 0
    [junit] MAJOR: ------------------------------------------------------------
    [junit] MAJOR: Summary:
    [junit] MAJOR: 
    [junit] MAJOR: Analysis time:  1521.8 seconds
    [junit] MAJOR: Mutation score: 89.29% (100.00%)
    [junit] MAJOR: Mutants killed / live: 325 (12-4048-2) / 0
    [junit] MAJOR: Mutant executions: 4239
    [junit] MAJOR: ------------------------------------------------------------
    [junit] MAJOR: Export summary of results (to summary.csv)
    [junit] MAJOR: Export mutant kill details (to /tmp/run_mutation.pl_61310_1483707157/39f/kill.csv)
    [junit] MAJOR: Export kill map (to killMap.csv)!

BUILD SUCCESSFUL
Total time: 25 minutes 53 seconds
