
rhino:

properties:

init:

compile:

compile-most:

compile-jdk15:

compile:

properties:

compile:

xmlimplsrc-compile:
     [echo] Calling /tmp/run_mutation.pl_18622_1500909191/39f/lib/rhino/xmlimplsrc/build.xml

compile:

compile-all:

compile:

jar:

rhino-jarjar:
   [jarjar] Updating jar: /tmp/run_mutation.pl_18622_1500909191/39f/build/lib/rhino.jar

svnversion:

compile:
    [javac] /tmp/run_mutation.pl_18622_1500909191/39f/build.xml:252: warning: 'includeantruntime' was not set, defaulting to build.sysclasspath=last; set to false for repeatable builds
    [javac] /tmp/run_mutation.pl_18622_1500909191/39f/build.xml:258: warning: 'includeantruntime' was not set, defaulting to build.sysclasspath=last; set to false for repeatable builds
[propertyfile] Updating property file: /tmp/run_mutation.pl_18622_1500909191/39f/build/classes/com/google/javascript/jscomp/parsing/ParserConfig.properties

compile-tests:
    [mkdir] Created dir: /tmp/run_mutation.pl_18622_1500909191/39f/build/test
    [javac] /tmp/run_mutation.pl_18622_1500909191/39f/build.xml:324: warning: 'includeantruntime' was not set, defaulting to build.sysclasspath=last; set to false for repeatable builds
    [javac] Compiling 395 source files to /tmp/run_mutation.pl_18622_1500909191/39f/build/test
    [javac] warning: [options] bootstrap class path not set in conjunction with -source 1.6
    [javac] Note: /tmp/run_mutation.pl_18622_1500909191/39f/src/com/google/javascript/jscomp/ant/CompileTask.java uses unchecked or unsafe operations.
    [javac] Note: Recompile with -Xlint:unchecked for details.
    [javac] 1 warning
    [javac] /tmp/run_mutation.pl_18622_1500909191/39f/build.xml:330: warning: 'includeantruntime' was not set, defaulting to build.sysclasspath=last; set to false for repeatable builds
    [javac] Compiling 220 source files to /tmp/run_mutation.pl_18622_1500909191/39f/build/test
    [javac] warning: [options] bootstrap class path not set in conjunction with -source 1.6
    [javac] Note: /tmp/run_mutation.pl_18622_1500909191/39f/test/com/google/javascript/jscomp/parsing/JsDocInfoParserTest.java uses or overrides a deprecated API.
    [javac] Note: Recompile with -Xlint:deprecation for details.
    [javac] 1 warning

compile.tests:

update.all.tests:

mutation.test:
     [echo] Running mutation analysis ...
    [junit] MAJOR: Mutation analysis enabled
SLF4J: Failed to load class "org.slf4j.impl.StaticLoggerBinder".
SLF4J: Defaulting to no-operation (NOP) logger implementation
SLF4J: See http://www.slf4j.org/codes.html#StaticLoggerBinder for further details.
    [junit] MAJOR: ------------------------------------------------------------
    [junit] MAJOR: Run 40 ordered tests to verify independence
    [junit] MAJOR: ------------------------------------------------------------
    [junit] MAJOR: Preprocessing time: 20.46 seconds
    [junit] MAJOR: ------------------------------------------------------------
    [junit] MAJOR: Mutants generated: 364
    [junit] MAJOR: Mutants covered:   325 (89.29%)
    [junit] MAJOR: ------------------------------------------------------------
    [junit] MAJOR: Export test map to (testMap.csv)
    [junit] MAJOR: Export coverage map to (covMap.csv)
    [junit] MAJOR: Exclude 0 mutants
    [junit] MAJOR: ------------------------------------------------------------
    [junit] MAJOR: Run mutation analysis with 40 individual tests
    [junit] MAJOR: ------------------------------------------------------------
    [junit] MAJOR: 1/40 - com.google.javascript.rhino.jstype.PrototypeObjectType_ESTest27 (11ms / 93):
    [junit] MAJOR: 73118 (19 / 93 / 93) -> AVG-RTPM: 786ms
    [junit] MAJOR: Mutants killed / live: 19 (0-18-1) / 306
    [junit] MAJOR: ------------------------------------------------------------
    [junit] MAJOR: 2/40 - com.google.javascript.rhino.jstype.PrototypeObjectType_ESTest36 (11ms / 90):
    [junit] MAJOR: 235393 (3 / 90 / 90) -> AVG-RTPM: 1803ms
    [junit] MAJOR: Mutants killed / live: 22 (0-39-2) / 303
    [junit] MAJOR: ------------------------------------------------------------
    [junit] MAJOR: 3/40 - com.google.javascript.rhino.jstype.PrototypeObjectType_ESTest38 (11ms / 92):
    [junit] MAJOR: 382820 (39 / 92 / 92) -> AVG-RTPM: 1602ms
    [junit] MAJOR: Mutants killed / live: 61 (0-97-3) / 264
    [junit] MAJOR: ------------------------------------------------------------
    [junit] MAJOR: 4/40 - com.google.javascript.rhino.jstype.PrototypeObjectType_ESTest15 (12ms / 106):
    [junit] MAJOR: 416361 (52 / 106 / 106) -> AVG-RTPM: 316ms
    [junit] MAJOR: Mutants killed / live: 113 (0-203-3) / 212
    [junit] MAJOR: ------------------------------------------------------------
    [junit] MAJOR: 5/40 - com.google.javascript.rhino.jstype.PrototypeObjectType_ESTest16 (12ms / 90):
    [junit] MAJOR: 434800 (3 / 90 / 90) -> AVG-RTPM: 204ms
    [junit] MAJOR: Mutants killed / live: 116 (0-293-3) / 209
    [junit] MAJOR: ------------------------------------------------------------
    [junit] MAJOR: 6/40 - com.google.javascript.rhino.jstype.PrototypeObjectType_ESTest17 (12ms / 93):
    [junit] MAJOR: 462829 (6 / 93 / 93) -> AVG-RTPM: 301ms
    [junit] MAJOR: Mutants killed / live: 122 (0-386-3) / 203
    [junit] MAJOR: ------------------------------------------------------------
    [junit] MAJOR: 7/40 - com.google.javascript.rhino.jstype.PrototypeObjectType_ESTest19 (12ms / 90):
    [junit] MAJOR: 481139 (3 / 90 / 90) -> AVG-RTPM: 203ms
    [junit] MAJOR: Mutants killed / live: 125 (0-476-3) / 200
    [junit] MAJOR: ------------------------------------------------------------
    [junit] MAJOR: 8/40 - com.google.javascript.rhino.jstype.PrototypeObjectType_ESTest21 (12ms / 128):
    [junit] MAJOR: 506629 (26 / 128 / 128) -> AVG-RTPM: 199ms
    [junit] MAJOR: Mutants killed / live: 151 (0-604-3) / 174
    [junit] MAJOR: ------------------------------------------------------------
    [junit] MAJOR: 9/40 - com.google.javascript.rhino.jstype.PrototypeObjectType_ESTest23 (12ms / 133):
    [junit] MAJOR: 533289 (35 / 133 / 133) -> AVG-RTPM: 200ms
    [junit] MAJOR: Mutants killed / live: 186 (0-737-3) / 139
    [junit] MAJOR: ------------------------------------------------------------
    [junit] MAJOR: 10/40 - com.google.javascript.rhino.jstype.PrototypeObjectType_ESTest24 (12ms / 115):
    [junit] MAJOR: 557012 (0 / 115 / 115) -> AVG-RTPM: 206ms
    [junit] MAJOR: Mutants killed / live: 186 (0-852-3) / 139
    [junit] MAJOR: ------------------------------------------------------------
    [junit] MAJOR: 11/40 - com.google.javascript.rhino.jstype.PrototypeObjectType_ESTest25 (12ms / 118):
    [junit] MAJOR: 580860 (1 / 118 / 118) -> AVG-RTPM: 202ms
    [junit] MAJOR: Mutants killed / live: 187 (0-970-3) / 138
    [junit] MAJOR: ------------------------------------------------------------
    [junit] MAJOR: 12/40 - com.google.javascript.rhino.jstype.PrototypeObjectType_ESTest26 (12ms / 157):
    [junit] MAJOR: 627637 (49 / 157 / 157) -> AVG-RTPM: 297ms
    [junit] MAJOR: Mutants killed / live: 236 (0-1127-3) / 89
    [junit] MAJOR: ------------------------------------------------------------
    [junit] MAJOR: 13/40 - com.google.javascript.rhino.jstype.PrototypeObjectType_ESTest3 (12ms / 99):
    [junit] MAJOR: 658380 (9 / 99 / 99) -> AVG-RTPM: 310ms
    [junit] MAJOR: Mutants killed / live: 245 (0-1226-3) / 80
    [junit] MAJOR: ------------------------------------------------------------
    [junit] MAJOR: 14/40 - com.google.javascript.rhino.jstype.PrototypeObjectType_ESTest30 (12ms / 99):
    [junit] MAJOR: 685364 (0 / 99 / 99) -> AVG-RTPM: 272ms
    [junit] MAJOR: Mutants killed / live: 245 (0-1325-3) / 80
    [junit] MAJOR: ------------------------------------------------------------
    [junit] MAJOR: 15/40 - com.google.javascript.rhino.jstype.PrototypeObjectType_ESTest31 (12ms / 105):
    [junit] MAJOR: 719131 (0 / 105 / 105) -> AVG-RTPM: 321ms
    [junit] MAJOR: Mutants killed / live: 245 (0-1430-3) / 80
    [junit] MAJOR: ------------------------------------------------------------
    [junit] MAJOR: 16/40 - com.google.javascript.rhino.jstype.PrototypeObjectType_ESTest32 (12ms / 88):
    [junit] MAJOR: 737368 (1 / 88 / 88) -> AVG-RTPM: 207ms
    [junit] MAJOR: Mutants killed / live: 246 (0-1518-3) / 79
    [junit] MAJOR: ------------------------------------------------------------
    [junit] MAJOR: 17/40 - com.google.javascript.rhino.jstype.PrototypeObjectType_ESTest33 (12ms / 87):
    [junit] MAJOR: 765223 (0 / 87 / 87) -> AVG-RTPM: 320ms
    [junit] MAJOR: Mutants killed / live: 246 (0-1605-3) / 79
    [junit] MAJOR: ------------------------------------------------------------
    [junit] MAJOR: 18/40 - com.google.javascript.rhino.jstype.PrototypeObjectType_ESTest35 (12ms / 89):
    [junit] MAJOR: 791223 (2 / 89 / 89) -> AVG-RTPM: 292ms
    [junit] MAJOR: Mutants killed / live: 248 (0-1694-3) / 77
    [junit] MAJOR: ------------------------------------------------------------
    [junit] MAJOR: 19/40 - com.google.javascript.rhino.jstype.PrototypeObjectType_ESTest37 (12ms / 89):
    [junit] MAJOR: 809426 (2 / 89 / 89) -> AVG-RTPM: 204ms
    [junit] MAJOR: Mutants killed / live: 250 (0-1783-3) / 75
    [junit] MAJOR: ------------------------------------------------------------
    [junit] MAJOR: 20/40 - com.google.javascript.rhino.jstype.PrototypeObjectType_ESTest39 (12ms / 103):
    [junit] MAJOR: 831731 (1 / 103 / 103) -> AVG-RTPM: 216ms
    [junit] MAJOR: Mutants killed / live: 251 (0-1886-3) / 74
    [junit] MAJOR: ------------------------------------------------------------
    [junit] MAJOR: 21/40 - com.google.javascript.rhino.jstype.PrototypeObjectType_ESTest4 (12ms / 115):
    [junit] MAJOR: 869472 (0 / 115 / 115) -> AVG-RTPM: 328ms
    [junit] MAJOR: Mutants killed / live: 251 (0-2001-3) / 74
    [junit] MAJOR: ------------------------------------------------------------
    [junit] MAJOR: 22/40 - com.google.javascript.rhino.jstype.PrototypeObjectType_ESTest9 (12ms / 122):
    [junit] MAJOR: 909555 (1 / 122 / 122) -> AVG-RTPM: 328ms
    [junit] MAJOR: Mutants killed / live: 252 (0-2123-3) / 73
    [junit] MAJOR: ------------------------------------------------------------
    [junit] MAJOR: 23/40 - com.google.javascript.rhino.jstype.PrototypeObjectType_ESTest13 (13ms / 94):
    [junit] MAJOR: 928772 (7 / 94 / 94) -> AVG-RTPM: 204ms
    [junit] MAJOR: Mutants killed / live: 259 (0-2217-3) / 66
    [junit] MAJOR: ------------------------------------------------------------
    [junit] MAJOR: 24/40 - com.google.javascript.rhino.jstype.PrototypeObjectType_ESTest18 (13ms / 90):
    [junit] MAJOR: 947196 (3 / 90 / 90) -> AVG-RTPM: 204ms
    [junit] MAJOR: Mutants killed / live: 262 (0-2307-3) / 63
    [junit] MAJOR: ------------------------------------------------------------
    [junit] MAJOR: 25/40 - com.google.javascript.rhino.jstype.PrototypeObjectType_ESTest20 (13ms / 120):
    [junit] MAJOR: 982488 (0 / 120 / 120) -> AVG-RTPM: 294ms
    [junit] MAJOR: Mutants killed / live: 262 (0-2427-3) / 63
    [junit] MAJOR: ------------------------------------------------------------
    [junit] MAJOR: 26/40 - com.google.javascript.rhino.jstype.PrototypeObjectType_ESTest28 (13ms / 95):
    [junit] MAJOR: 1010068 (0 / 95 / 95) -> AVG-RTPM: 290ms
    [junit] MAJOR: Mutants killed / live: 262 (0-2522-3) / 63
    [junit] MAJOR: ------------------------------------------------------------
    [junit] MAJOR: 27/40 - com.google.javascript.rhino.jstype.PrototypeObjectType_ESTest34 (13ms / 89):
    [junit] MAJOR: 1032910 (0 / 89 / 89) -> AVG-RTPM: 256ms
    [junit] MAJOR: Mutants killed / live: 262 (0-2611-3) / 63
    [junit] MAJOR: ------------------------------------------------------------
    [junit] MAJOR: 28/40 - com.google.javascript.rhino.jstype.PrototypeObjectType_ESTest5 (13ms / 130):
    [junit] MAJOR: 1072573 (12 / 130 / 130) -> AVG-RTPM: 305ms
    [junit] MAJOR: Mutants killed / live: 274 (0-2741-3) / 51
    [junit] MAJOR: ------------------------------------------------------------
    [junit] MAJOR: 29/40 - com.google.javascript.rhino.jstype.PrototypeObjectType_ESTest6 (13ms / 111):
    [junit] MAJOR: 1107824 (0 / 111 / 111) -> AVG-RTPM: 317ms
    [junit] MAJOR: Mutants killed / live: 274 (0-2852-3) / 51
    [junit] MAJOR: ------------------------------------------------------------
    [junit] MAJOR: 30/40 - com.google.javascript.rhino.jstype.PrototypeObjectType_ESTest7 (13ms / 105):
    [junit] MAJOR: 1137211 (0 / 105 / 105) -> AVG-RTPM: 279ms
    [junit] MAJOR: Mutants killed / live: 274 (0-2957-3) / 51
    [junit] MAJOR: ------------------------------------------------------------
    [junit] MAJOR: 31/40 - com.google.javascript.rhino.jstype.PrototypeObjectType_ESTest8 (13ms / 99):
    [junit] MAJOR: 1161180 (1 / 99 / 99) -> AVG-RTPM: 242ms
    [junit] MAJOR: Mutants killed / live: 275 (0-3056-3) / 50
    [junit] MAJOR: ------------------------------------------------------------
    [junit] MAJOR: 32/40 - com.google.javascript.rhino.jstype.PrototypeObjectType_ESTest1 (14ms / 87):
    [junit] MAJOR: 1176605 (0 / 87 / 87) -> AVG-RTPM: 177ms
    [junit] MAJOR: Mutants killed / live: 275 (0-3143-3) / 50
    [junit] MAJOR: ------------------------------------------------------------
    [junit] MAJOR: 33/40 - com.google.javascript.rhino.jstype.PrototypeObjectType_ESTest11 (14ms / 105):
    [junit] MAJOR: 1205429 (3 / 105 / 105) -> AVG-RTPM: 274ms
    [junit] MAJOR: Mutants killed / live: 278 (0-3248-3) / 47
    [junit] MAJOR: ------------------------------------------------------------
    [junit] MAJOR: 34/40 - com.google.javascript.rhino.jstype.PrototypeObjectType_ESTest12 (14ms / 99):
    [junit] MAJOR: 1222194 (1 / 99 / 99) -> AVG-RTPM: 169ms
    [junit] MAJOR: Mutants killed / live: 279 (0-3347-3) / 46
    [junit] MAJOR: ------------------------------------------------------------
    [junit] MAJOR: 35/40 - com.google.javascript.rhino.jstype.PrototypeObjectType_ESTest14 (14ms / 103):
    [junit] MAJOR: 1247601 (0 / 103 / 103) -> AVG-RTPM: 246ms
    [junit] MAJOR: Mutants killed / live: 279 (0-3450-3) / 46
    [junit] MAJOR: ------------------------------------------------------------
    [junit] MAJOR: 36/40 - com.google.javascript.rhino.jstype.PrototypeObjectType_ESTest2 (14ms / 88):
    [junit] MAJOR: 1265141 (1 / 88 / 88) -> AVG-RTPM: 199ms
    [junit] MAJOR: Mutants killed / live: 280 (0-3538-3) / 45
    [junit] MAJOR: ------------------------------------------------------------
    [junit] MAJOR: 37/40 - com.google.javascript.rhino.jstype.PrototypeObjectType_ESTest22 (15ms / 115):
    [junit] MAJOR: 1281786 (0 / 115 / 115) -> AVG-RTPM: 144ms
    [junit] MAJOR: Mutants killed / live: 280 (0-3653-3) / 45
    [junit] MAJOR: ------------------------------------------------------------
    [junit] MAJOR: 38/40 - com.google.javascript.rhino.jstype.PrototypeObjectType_ESTest29 (15ms / 127):
    [junit] MAJOR: 1300329 (33 / 127 / 127) -> AVG-RTPM: 146ms
    [junit] MAJOR: Mutants killed / live: 313 (0-3780-3) / 12
    [junit] MAJOR: ------------------------------------------------------------
    [junit] MAJOR: 39/40 - com.google.javascript.rhino.jstype.PrototypeObjectType_ESTest0 (22ms / 91):
    [junit] MAJOR: 1318532 (4 / 91 / 91) -> AVG-RTPM: 200ms
    [junit] MAJOR: Mutants killed / live: 317 (0-3871-3) / 8
    [junit] MAJOR: ------------------------------------------------------------
    [junit] MAJOR: 40/40 - com.google.javascript.rhino.jstype.PrototypeObjectType_ESTest10 (22ms / 101):
    [junit] MAJOR: 1340619 (1 / 101 / 101) -> AVG-RTPM: 218ms
    [junit] MAJOR: Mutants killed / live: 318 (0-3972-3) / 7
    [junit] MAJOR: ------------------------------------------------------------
    [junit] MAJOR: Summary:
    [junit] MAJOR: 
    [junit] MAJOR: Analysis time:  1340.6 seconds
    [junit] MAJOR: Mutation score: 87.36% (97.85%)
    [junit] MAJOR: Mutants killed / live: 318 (0-3972-3) / 7
    [junit] MAJOR: Mutant executions: 4150
    [junit] MAJOR: ------------------------------------------------------------
    [junit] MAJOR: Export summary of results (to summary.csv)
    [junit] MAJOR: Export mutant kill details (to /tmp/run_mutation.pl_18622_1500909191/39f/kill.csv)
    [junit] MAJOR: Export kill map (to killMap.csv)!

BUILD SUCCESSFUL
Total time: 22 minutes 53 seconds
