
rhino:

properties:

init:

compile:

compile-most:

compile-jdk15:

compile:

properties:

compile:

xmlimplsrc-compile:
     [echo] Calling /tmp/run_mutation.pl_3905_1483707674/41f/lib/rhino/xmlimplsrc/build.xml

compile:

compile-all:

compile:

jar:

rhino-jarjar:
   [jarjar] Updating jar: /tmp/run_mutation.pl_3905_1483707674/41f/build/lib/rhino.jar

svnversion:

compile:
    [javac] /tmp/run_mutation.pl_3905_1483707674/41f/build.xml:252: warning: 'includeantruntime' was not set, defaulting to build.sysclasspath=last; set to false for repeatable builds
    [javac] /tmp/run_mutation.pl_3905_1483707674/41f/build.xml:258: warning: 'includeantruntime' was not set, defaulting to build.sysclasspath=last; set to false for repeatable builds
[propertyfile] Updating property file: /tmp/run_mutation.pl_3905_1483707674/41f/build/classes/com/google/javascript/jscomp/parsing/ParserConfig.properties

compile-tests:
    [mkdir] Created dir: /tmp/run_mutation.pl_3905_1483707674/41f/build/test
    [javac] /tmp/run_mutation.pl_3905_1483707674/41f/build.xml:324: warning: 'includeantruntime' was not set, defaulting to build.sysclasspath=last; set to false for repeatable builds
    [javac] Compiling 395 source files to /tmp/run_mutation.pl_3905_1483707674/41f/build/test
    [javac] warning: [options] bootstrap class path not set in conjunction with -source 1.6
    [javac] Note: /tmp/run_mutation.pl_3905_1483707674/41f/src/com/google/javascript/jscomp/ant/CompileTask.java uses unchecked or unsafe operations.
    [javac] Note: Recompile with -Xlint:unchecked for details.
    [javac] 1 warning
    [javac] /tmp/run_mutation.pl_3905_1483707674/41f/build.xml:330: warning: 'includeantruntime' was not set, defaulting to build.sysclasspath=last; set to false for repeatable builds
    [javac] Compiling 220 source files to /tmp/run_mutation.pl_3905_1483707674/41f/build/test
    [javac] warning: [options] bootstrap class path not set in conjunction with -source 1.6
    [javac] Note: /tmp/run_mutation.pl_3905_1483707674/41f/test/com/google/javascript/jscomp/parsing/JsDocInfoParserTest.java uses or overrides a deprecated API.
    [javac] Note: Recompile with -Xlint:deprecation for details.
    [javac] 1 warning

compile.tests:

update.all.tests:

mutation.test:
     [echo] Running mutation analysis ...
    [junit] MAJOR: Mutation analysis enabled
SLF4J: Failed to load class "org.slf4j.impl.StaticLoggerBinder".
SLF4J: Defaulting to no-operation (NOP) logger implementation
SLF4J: See http://www.slf4j.org/codes.html#StaticLoggerBinder for further details.
    [junit] MAJOR: ------------------------------------------------------------
    [junit] MAJOR: Run 26 ordered tests to verify independence
    [junit] MAJOR: ------------------------------------------------------------
    [junit] MAJOR: Preprocessing time: 52.25 seconds
    [junit] MAJOR: ------------------------------------------------------------
    [junit] MAJOR: Mutants generated: 595
    [junit] MAJOR: Mutants covered:   283 (47.56%)
    [junit] MAJOR: ------------------------------------------------------------
    [junit] MAJOR: Export test map to (testMap.csv)
    [junit] MAJOR: Export coverage map to (covMap.csv)
    [junit] MAJOR: Exclude 0 mutants
    [junit] MAJOR: ------------------------------------------------------------
    [junit] MAJOR: Run mutation analysis with 26 individual tests
    [junit] MAJOR: ------------------------------------------------------------
    [junit] MAJOR: 1/26 - com.google.javascript.jscomp.FunctionTypeBuilder_ESTest2 (27ms / 1):
    [junit] MAJOR: 1242 (1 / 1 / 1) -> AVG-RTPM: 1242ms
    [junit] MAJOR: Mutants killed / live: 1 (1-0-0) / 282
    [junit] MAJOR: ------------------------------------------------------------
    [junit] MAJOR: 2/26 - com.google.javascript.jscomp.FunctionTypeBuilder_ESTest22 (28ms / 37):
    [junit] MAJOR: 68877 (13 / 37 / 37) -> AVG-RTPM: 1827ms
    [junit] MAJOR: Mutants killed / live: 14 (14-0-0) / 269
    [junit] MAJOR: ------------------------------------------------------------
    [junit] MAJOR: 3/26 - com.google.javascript.jscomp.FunctionTypeBuilder_ESTest4 (28ms / 1):
    [junit] MAJOR: 71364 (0 / 1 / 1) -> AVG-RTPM: 2487ms
    [junit] MAJOR: Mutants killed / live: 14 (14-0-0) / 269
    [junit] MAJOR: ------------------------------------------------------------
    [junit] MAJOR: 4/26 - com.google.javascript.jscomp.FunctionTypeBuilder_ESTest5 (28ms / 3):
    [junit] MAJOR: 78384 (0 / 3 / 3) -> AVG-RTPM: 2340ms
    [junit] MAJOR: Mutants killed / live: 14 (14-0-0) / 269
    [junit] MAJOR: ------------------------------------------------------------
    [junit] MAJOR: 5/26 - com.google.javascript.jscomp.FunctionTypeBuilder_ESTest6 (28ms / 7):
    [junit] MAJOR: 95857 (0 / 7 / 7) -> AVG-RTPM: 2496ms
    [junit] MAJOR: Mutants killed / live: 14 (14-0-0) / 269
    [junit] MAJOR: ------------------------------------------------------------
    [junit] MAJOR: 6/26 - com.google.javascript.jscomp.FunctionTypeBuilder_ESTest24 (29ms / 4):
    [junit] MAJOR: 106136 (2 / 4 / 4) -> AVG-RTPM: 2569ms
    [junit] MAJOR: Mutants killed / live: 16 (16-0-0) / 267
    [junit] MAJOR: ------------------------------------------------------------
    [junit] MAJOR: 7/26 - com.google.javascript.jscomp.FunctionTypeBuilder_ESTest23 (30ms / 9):
    [junit] MAJOR: 134287 (3 / 9 / 9) -> AVG-RTPM: 3127ms
    [junit] MAJOR: Mutants killed / live: 19 (16-3-0) / 264
    [junit] MAJOR: ------------------------------------------------------------
    [junit] MAJOR: 8/26 - com.google.javascript.jscomp.FunctionTypeBuilder_ESTest25 (30ms / 6):
    [junit] MAJOR: 153729 (0 / 6 / 6) -> AVG-RTPM: 3240ms
    [junit] MAJOR: Mutants killed / live: 19 (16-6-0) / 264
    [junit] MAJOR: ------------------------------------------------------------
    [junit] MAJOR: 9/26 - com.google.javascript.jscomp.FunctionTypeBuilder_ESTest9 (35ms / 10):
    [junit] MAJOR: 188126 (2 / 10 / 10) -> AVG-RTPM: 3439ms
    [junit] MAJOR: Mutants killed / live: 21 (16-8-0) / 262
    [junit] MAJOR: ------------------------------------------------------------
    [junit] MAJOR: 10/26 - com.google.javascript.jscomp.FunctionTypeBuilder_ESTest0 (36ms / 0):
    [junit] MAJOR: 188126 (0 / 0 / 0) -> AVG-RTPM: 0ms
    [junit] MAJOR: Mutants killed / live: 21 (16-8-0) / 262
    [junit] MAJOR: ------------------------------------------------------------
    [junit] MAJOR: 11/26 - com.google.javascript.jscomp.FunctionTypeBuilder_ESTest12 (36ms / 10):
    [junit] MAJOR: 229134 (2 / 10 / 10) -> AVG-RTPM: 4100ms
    [junit] MAJOR: Mutants killed / live: 23 (16-10-0) / 260
    [junit] MAJOR: ------------------------------------------------------------
    [junit] MAJOR: 12/26 - com.google.javascript.jscomp.FunctionTypeBuilder_ESTest8 (36ms / 49):
    [junit] MAJOR: 469456 (5 / 49 / 49) -> AVG-RTPM: 4904ms
    [junit] MAJOR: Mutants killed / live: 28 (16-15-0) / 255
    [junit] MAJOR: ------------------------------------------------------------
    [junit] MAJOR: 13/26 - com.google.javascript.jscomp.FunctionTypeBuilder_ESTest14 (37ms / 45):
    [junit] MAJOR: 484116 (45 / 45 / 45) -> AVG-RTPM: 325ms
    [junit] MAJOR: Mutants killed / live: 73 (16-60-0) / 210
    [junit] MAJOR: ------------------------------------------------------------
    [junit] MAJOR: 14/26 - com.google.javascript.jscomp.FunctionTypeBuilder_ESTest15 (37ms / 34):
    [junit] MAJOR: 488000 (1 / 34 / 34) -> AVG-RTPM: 114ms
    [junit] MAJOR: Mutants killed / live: 74 (16-94-0) / 209
    [junit] MAJOR: ------------------------------------------------------------
    [junit] MAJOR: 15/26 - com.google.javascript.jscomp.FunctionTypeBuilder_ESTest20 (37ms / 12):
    [junit] MAJOR: 489728 (5 / 12 / 12) -> AVG-RTPM: 144ms
    [junit] MAJOR: Mutants killed / live: 79 (16-106-0) / 204
    [junit] MAJOR: ------------------------------------------------------------
    [junit] MAJOR: 16/26 - com.google.javascript.jscomp.FunctionTypeBuilder_ESTest21 (37ms / 89):
    [junit] MAJOR: 499377 (82 / 89 / 89) -> AVG-RTPM: 108ms
    [junit] MAJOR: Mutants killed / live: 161 (16-195-0) / 122
    [junit] MAJOR: ------------------------------------------------------------
    [junit] MAJOR: 17/26 - com.google.javascript.jscomp.FunctionTypeBuilder_ESTest17 (38ms / 42):
    [junit] MAJOR: 504029 (0 / 42 / 42) -> AVG-RTPM: 110ms
    [junit] MAJOR: Mutants killed / live: 161 (16-237-0) / 122
    [junit] MAJOR: ------------------------------------------------------------
    [junit] MAJOR: 18/26 - com.google.javascript.jscomp.FunctionTypeBuilder_ESTest3 (38ms / 38):
    [junit] MAJOR: 508232 (8 / 38 / 38) -> AVG-RTPM: 110ms
    [junit] MAJOR: Mutants killed / live: 169 (16-275-0) / 114
    [junit] MAJOR: ------------------------------------------------------------
    [junit] MAJOR: 19/26 - com.google.javascript.jscomp.FunctionTypeBuilder_ESTest1 (39ms / 0):
    [junit] MAJOR: 508232 (0 / 0 / 0) -> AVG-RTPM: 0ms
    [junit] MAJOR: Mutants killed / live: 169 (16-275-0) / 114
    [junit] MAJOR: ------------------------------------------------------------
    [junit] MAJOR: 20/26 - com.google.javascript.jscomp.FunctionTypeBuilder_ESTest18 (41ms / 19):
    [junit] MAJOR: 510185 (0 / 19 / 19) -> AVG-RTPM: 102ms
    [junit] MAJOR: Mutants killed / live: 169 (16-294-0) / 114
    [junit] MAJOR: ------------------------------------------------------------
    [junit] MAJOR: 21/26 - com.google.javascript.jscomp.FunctionTypeBuilder_ESTest16 (42ms / 43):
    [junit] MAJOR: 514983 (1 / 43 / 43) -> AVG-RTPM: 111ms
    [junit] MAJOR: Mutants killed / live: 170 (16-337-0) / 113
    [junit] MAJOR: ------------------------------------------------------------
    [junit] MAJOR: 22/26 - com.google.javascript.jscomp.FunctionTypeBuilder_ESTest11 (47ms / 34):
    [junit] MAJOR: 518778 (27 / 34 / 34) -> AVG-RTPM: 111ms
    [junit] MAJOR: Mutants killed / live: 197 (16-371-0) / 86
    [junit] MAJOR: ------------------------------------------------------------
    [junit] MAJOR: 23/26 - com.google.javascript.jscomp.FunctionTypeBuilder_ESTest7 (47ms / 10):
    [junit] MAJOR: 519757 (0 / 10 / 10) -> AVG-RTPM: 97ms
    [junit] MAJOR: Mutants killed / live: 197 (16-381-0) / 86
    [junit] MAJOR: ------------------------------------------------------------
    [junit] MAJOR: 24/26 - com.google.javascript.jscomp.FunctionTypeBuilder_ESTest10 (51ms / 34):
    [junit] MAJOR: 523821 (0 / 34 / 34) -> AVG-RTPM: 119ms
    [junit] MAJOR: Mutants killed / live: 197 (16-415-0) / 86
    [junit] MAJOR: ------------------------------------------------------------
    [junit] MAJOR: 25/26 - com.google.javascript.jscomp.FunctionTypeBuilder_ESTest19 (63ms / 10):
    [junit] MAJOR: 524947 (0 / 10 / 10) -> AVG-RTPM: 112ms
    [junit] MAJOR: Mutants killed / live: 197 (16-425-0) / 86
    [junit] MAJOR: ------------------------------------------------------------
    [junit] MAJOR: 26/26 - com.google.javascript.jscomp.FunctionTypeBuilder_ESTest13 (70ms / 32):
    [junit] MAJOR: 528800 (23 / 32 / 32) -> AVG-RTPM: 120ms
    [junit] MAJOR: Mutants killed / live: 220 (16-457-0) / 63
    [junit] MAJOR: ------------------------------------------------------------
    [junit] MAJOR: Summary:
    [junit] MAJOR: 
    [junit] MAJOR: Analysis time:  528.8 seconds
    [junit] MAJOR: Mutation score: 36.97% (77.74%)
    [junit] MAJOR: Mutants killed / live: 220 (16-457-0) / 63
    [junit] MAJOR: Mutant executions: 579
    [junit] MAJOR: ------------------------------------------------------------
    [junit] MAJOR: Export summary of results (to summary.csv)
    [junit] MAJOR: Export mutant kill details (to /tmp/run_mutation.pl_3905_1483707674/41f/kill.csv)
    [junit] MAJOR: Export kill map (to killMap.csv)!

BUILD SUCCESSFUL
Total time: 9 minutes 53 seconds
