
rhino:

properties:

init:

compile:

compile-most:

compile-jdk15:

compile:

properties:

compile:

xmlimplsrc-compile:
     [echo] Calling /tmp/run_mutation.pl_26483_1500911177/41f/lib/rhino/xmlimplsrc/build.xml

compile:

compile-all:

compile:

jar:

rhino-jarjar:
   [jarjar] Updating jar: /tmp/run_mutation.pl_26483_1500911177/41f/build/lib/rhino.jar

svnversion:

compile:
    [javac] /tmp/run_mutation.pl_26483_1500911177/41f/build.xml:252: warning: 'includeantruntime' was not set, defaulting to build.sysclasspath=last; set to false for repeatable builds
    [javac] /tmp/run_mutation.pl_26483_1500911177/41f/build.xml:258: warning: 'includeantruntime' was not set, defaulting to build.sysclasspath=last; set to false for repeatable builds
[propertyfile] Updating property file: /tmp/run_mutation.pl_26483_1500911177/41f/build/classes/com/google/javascript/jscomp/parsing/ParserConfig.properties

compile-tests:
    [mkdir] Created dir: /tmp/run_mutation.pl_26483_1500911177/41f/build/test
    [javac] /tmp/run_mutation.pl_26483_1500911177/41f/build.xml:324: warning: 'includeantruntime' was not set, defaulting to build.sysclasspath=last; set to false for repeatable builds
    [javac] Compiling 395 source files to /tmp/run_mutation.pl_26483_1500911177/41f/build/test
    [javac] warning: [options] bootstrap class path not set in conjunction with -source 1.6
    [javac] Note: /tmp/run_mutation.pl_26483_1500911177/41f/src/com/google/javascript/jscomp/ant/CompileTask.java uses unchecked or unsafe operations.
    [javac] Note: Recompile with -Xlint:unchecked for details.
    [javac] 1 warning
    [javac] /tmp/run_mutation.pl_26483_1500911177/41f/build.xml:330: warning: 'includeantruntime' was not set, defaulting to build.sysclasspath=last; set to false for repeatable builds
    [javac] Compiling 220 source files to /tmp/run_mutation.pl_26483_1500911177/41f/build/test
    [javac] warning: [options] bootstrap class path not set in conjunction with -source 1.6
    [javac] Note: /tmp/run_mutation.pl_26483_1500911177/41f/test/com/google/javascript/jscomp/parsing/JsDocInfoParserTest.java uses or overrides a deprecated API.
    [javac] Note: Recompile with -Xlint:deprecation for details.
    [javac] 1 warning

compile.tests:

update.all.tests:

mutation.test:
     [echo] Running mutation analysis ...
    [junit] MAJOR: Mutation analysis enabled
SLF4J: Failed to load class "org.slf4j.impl.StaticLoggerBinder".
SLF4J: Defaulting to no-operation (NOP) logger implementation
SLF4J: See http://www.slf4j.org/codes.html#StaticLoggerBinder for further details.
    [junit] MAJOR: ------------------------------------------------------------
    [junit] MAJOR: Run 41 ordered tests to verify independence
    [junit] MAJOR: ------------------------------------------------------------
    [junit] MAJOR: Preprocessing time: 89.95 seconds
    [junit] MAJOR: ------------------------------------------------------------
    [junit] MAJOR: Mutants generated: 595
    [junit] MAJOR: Mutants covered:   305 (51.26%)
    [junit] MAJOR: ------------------------------------------------------------
    [junit] MAJOR: Export test map to (testMap.csv)
    [junit] MAJOR: Export coverage map to (covMap.csv)
    [junit] MAJOR: Exclude 0 mutants
    [junit] MAJOR: ------------------------------------------------------------
    [junit] MAJOR: Run mutation analysis with 41 individual tests
    [junit] MAJOR: ------------------------------------------------------------
    [junit] MAJOR: 1/41 - com.google.javascript.jscomp.FunctionTypeBuilder_ESTest17 (26ms / 1):
    [junit] MAJOR: 1545 (0 / 1 / 1) -> AVG-RTPM: 1545ms
    [junit] MAJOR: Mutants killed / live: 0 (0-0-0) / 305
    [junit] MAJOR: ------------------------------------------------------------
    [junit] MAJOR: 2/41 - com.google.javascript.jscomp.FunctionTypeBuilder_ESTest20 (26ms / 2):
    [junit] MAJOR: 4937 (2 / 2 / 2) -> AVG-RTPM: 1696ms
    [junit] MAJOR: Mutants killed / live: 2 (2-0-0) / 303
    [junit] MAJOR: ------------------------------------------------------------
    [junit] MAJOR: 3/41 - com.google.javascript.jscomp.FunctionTypeBuilder_ESTest15 (27ms / 38):
    [junit] MAJOR: 106340 (0 / 38 / 38) -> AVG-RTPM: 2668ms
    [junit] MAJOR: Mutants killed / live: 2 (2-0-0) / 303
    [junit] MAJOR: ------------------------------------------------------------
    [junit] MAJOR: 4/41 - com.google.javascript.jscomp.FunctionTypeBuilder_ESTest29 (27ms / 1):
    [junit] MAJOR: 109602 (0 / 1 / 1) -> AVG-RTPM: 3262ms
    [junit] MAJOR: Mutants killed / live: 2 (3-0-0) / 303
    [junit] MAJOR: ------------------------------------------------------------
    [junit] MAJOR: 5/41 - com.google.javascript.jscomp.FunctionTypeBuilder_ESTest33 (27ms / 7):
    [junit] MAJOR: 133827 (0 / 7 / 7) -> AVG-RTPM: 3460ms
    [junit] MAJOR: Mutants killed / live: 2 (3-0-0) / 303
    [junit] MAJOR: ------------------------------------------------------------
    [junit] MAJOR: 6/41 - com.google.javascript.jscomp.FunctionTypeBuilder_ESTest5 (27ms / 43):
    [junit] MAJOR: 336046 (3 / 43 / 43) -> AVG-RTPM: 4702ms
    [junit] MAJOR: Mutants killed / live: 5 (3-3-0) / 300
    [junit] MAJOR: ------------------------------------------------------------
    [junit] MAJOR: 7/41 - com.google.javascript.jscomp.FunctionTypeBuilder_ESTest9 (27ms / 5):
    [junit] MAJOR: 365838 (0 / 5 / 5) -> AVG-RTPM: 5958ms
    [junit] MAJOR: Mutants killed / live: 5 (3-3-0) / 300
    [junit] MAJOR: ------------------------------------------------------------
    [junit] MAJOR: 8/41 - com.google.javascript.jscomp.FunctionTypeBuilder_ESTest10 (28ms / 1):
    [junit] MAJOR: 371674 (0 / 1 / 1) -> AVG-RTPM: 5836ms
    [junit] MAJOR: Mutants killed / live: 5 (3-3-0) / 300
    [junit] MAJOR: ------------------------------------------------------------
    [junit] MAJOR: 9/41 - com.google.javascript.jscomp.FunctionTypeBuilder_ESTest8 (28ms / 7):
    [junit] MAJOR: 415803 (0 / 7 / 7) -> AVG-RTPM: 6304ms
    [junit] MAJOR: Mutants killed / live: 5 (3-6-0) / 300
    [junit] MAJOR: ------------------------------------------------------------
    [junit] MAJOR: 10/41 - com.google.javascript.jscomp.FunctionTypeBuilder_ESTest21 (30ms / 3):
    [junit] MAJOR: 435374 (0 / 3 / 3) -> AVG-RTPM: 6523ms
    [junit] MAJOR: Mutants killed / live: 5 (3-6-0) / 300
    [junit] MAJOR: ------------------------------------------------------------
    [junit] MAJOR: 11/41 - com.google.javascript.jscomp.FunctionTypeBuilder_ESTest38 (30ms / 1):
    [junit] MAJOR: 442216 (0 / 1 / 1) -> AVG-RTPM: 6842ms
    [junit] MAJOR: Mutants killed / live: 5 (3-6-0) / 300
    [junit] MAJOR: ------------------------------------------------------------
    [junit] MAJOR: 12/41 - com.google.javascript.jscomp.FunctionTypeBuilder_ESTest6 (34ms / 11):
    [junit] MAJOR: 515126 (0 / 11 / 11) -> AVG-RTPM: 6628ms
    [junit] MAJOR: Mutants killed / live: 5 (3-9-0) / 300
    [junit] MAJOR: ------------------------------------------------------------
    [junit] MAJOR: 13/41 - com.google.javascript.jscomp.FunctionTypeBuilder_ESTest32 (35ms / 7):
    [junit] MAJOR: 559016 (0 / 7 / 7) -> AVG-RTPM: 6269ms
    [junit] MAJOR: Mutants killed / live: 5 (3-9-0) / 300
    [junit] MAJOR: ------------------------------------------------------------
    [junit] MAJOR: 14/41 - com.google.javascript.jscomp.FunctionTypeBuilder_ESTest13 (36ms / 132):
    [junit] MAJOR: 621067 (129 / 132 / 132) -> AVG-RTPM: 470ms
    [junit] MAJOR: Mutants killed / live: 134 (3-138-0) / 171
    [junit] MAJOR: ------------------------------------------------------------
    [junit] MAJOR: 15/41 - com.google.javascript.jscomp.FunctionTypeBuilder_ESTest23 (36ms / 125):
    [junit] MAJOR: 645671 (48 / 125 / 125) -> AVG-RTPM: 196ms
    [junit] MAJOR: Mutants killed / live: 182 (3-263-0) / 123
    [junit] MAJOR: ------------------------------------------------------------
    [junit] MAJOR: 16/41 - com.google.javascript.jscomp.FunctionTypeBuilder_ESTest28 (36ms / 94):
    [junit] MAJOR: 663199 (4 / 94 / 94) -> AVG-RTPM: 186ms
    [junit] MAJOR: Mutants killed / live: 186 (3-357-0) / 119
    [junit] MAJOR: ------------------------------------------------------------
    [junit] MAJOR: 17/41 - com.google.javascript.jscomp.FunctionTypeBuilder_ESTest30 (36ms / 160):
    [junit] MAJOR: 692152 (46 / 160 / 160) -> AVG-RTPM: 180ms
    [junit] MAJOR: Mutants killed / live: 232 (3-517-0) / 73
    [junit] MAJOR: ------------------------------------------------------------
    [junit] MAJOR: 18/41 - com.google.javascript.jscomp.FunctionTypeBuilder_ESTest35 (36ms / 75):
    [junit] MAJOR: 705786 (0 / 75 / 75) -> AVG-RTPM: 181ms
    [junit] MAJOR: Mutants killed / live: 232 (3-592-0) / 73
    [junit] MAJOR: ------------------------------------------------------------
    [junit] MAJOR: 19/41 - com.google.javascript.jscomp.FunctionTypeBuilder_ESTest14 (37ms / 90):
    [junit] MAJOR: 721694 (0 / 90 / 90) -> AVG-RTPM: 176ms
    [junit] MAJOR: Mutants killed / live: 232 (3-682-0) / 73
    [junit] MAJOR: ------------------------------------------------------------
    [junit] MAJOR: 20/41 - com.google.javascript.jscomp.FunctionTypeBuilder_ESTest18 (37ms / 97):
    [junit] MAJOR: 738680 (0 / 97 / 97) -> AVG-RTPM: 175ms
    [junit] MAJOR: Mutants killed / live: 232 (3-779-0) / 73
    [junit] MAJOR: ------------------------------------------------------------
    [junit] MAJOR: 21/41 - com.google.javascript.jscomp.FunctionTypeBuilder_ESTest24 (37ms / 125):
    [junit] MAJOR: 763203 (0 / 125 / 125) -> AVG-RTPM: 196ms
    [junit] MAJOR: Mutants killed / live: 232 (3-904-0) / 73
    [junit] MAJOR: ------------------------------------------------------------
    [junit] MAJOR: 22/41 - com.google.javascript.jscomp.FunctionTypeBuilder_ESTest37 (37ms / 94):
    [junit] MAJOR: 780785 (0 / 94 / 94) -> AVG-RTPM: 187ms
    [junit] MAJOR: Mutants killed / live: 232 (3-998-0) / 73
    [junit] MAJOR: ------------------------------------------------------------
    [junit] MAJOR: 23/41 - com.google.javascript.jscomp.FunctionTypeBuilder_ESTest40 (37ms / 75):
    [junit] MAJOR: 793870 (0 / 75 / 75) -> AVG-RTPM: 174ms
    [junit] MAJOR: Mutants killed / live: 232 (3-1073-0) / 73
    [junit] MAJOR: ------------------------------------------------------------
    [junit] MAJOR: 24/41 - com.google.javascript.jscomp.FunctionTypeBuilder_ESTest41 (37ms / 133):
    [junit] MAJOR: 817235 (0 / 133 / 133) -> AVG-RTPM: 175ms
    [junit] MAJOR: Mutants killed / live: 232 (3-1206-0) / 73
    [junit] MAJOR: ------------------------------------------------------------
    [junit] MAJOR: 25/41 - com.google.javascript.jscomp.FunctionTypeBuilder_ESTest0 (38ms / 46):
    [junit] MAJOR: 822401 (43 / 46 / 46) -> AVG-RTPM: 112ms
    [junit] MAJOR: Mutants killed / live: 275 (3-1252-0) / 30
    [junit] MAJOR: ------------------------------------------------------------
    [junit] MAJOR: 26/41 - com.google.javascript.jscomp.FunctionTypeBuilder_ESTest19 (38ms / 75):
    [junit] MAJOR: 836076 (0 / 75 / 75) -> AVG-RTPM: 182ms
    [junit] MAJOR: Mutants killed / live: 275 (3-1327-0) / 30
    [junit] MAJOR: ------------------------------------------------------------
    [junit] MAJOR: 27/41 - com.google.javascript.jscomp.FunctionTypeBuilder_ESTest26 (38ms / 151):
    [junit] MAJOR: 863602 (6 / 151 / 151) -> AVG-RTPM: 182ms
    [junit] MAJOR: Mutants killed / live: 281 (3-1478-0) / 24
    [junit] MAJOR: ------------------------------------------------------------
    [junit] MAJOR: 28/41 - com.google.javascript.jscomp.FunctionTypeBuilder_ESTest27 (38ms / 132):
    [junit] MAJOR: 888563 (0 / 132 / 132) -> AVG-RTPM: 189ms
    [junit] MAJOR: Mutants killed / live: 281 (3-1610-0) / 24
    [junit] MAJOR: ------------------------------------------------------------
    [junit] MAJOR: 29/41 - com.google.javascript.jscomp.FunctionTypeBuilder_ESTest3 (38ms / 120):
    [junit] MAJOR: 912553 (20 / 120 / 120) -> AVG-RTPM: 199ms
    [junit] MAJOR: Mutants killed / live: 301 (3-1730-0) / 4
    [junit] MAJOR: ------------------------------------------------------------
    [junit] MAJOR: 30/41 - com.google.javascript.jscomp.FunctionTypeBuilder_ESTest12 (39ms / 59):
    [junit] MAJOR: 921594 (0 / 59 / 59) -> AVG-RTPM: 153ms
    [junit] MAJOR: Mutants killed / live: 301 (3-1789-0) / 4
    [junit] MAJOR: ------------------------------------------------------------
    [junit] MAJOR: 31/41 - com.google.javascript.jscomp.FunctionTypeBuilder_ESTest16 (39ms / 179):
    [junit] MAJOR: 954045 (0 / 179 / 179) -> AVG-RTPM: 181ms
    [junit] MAJOR: Mutants killed / live: 301 (3-1968-0) / 4
    [junit] MAJOR: ------------------------------------------------------------
    [junit] MAJOR: 32/41 - com.google.javascript.jscomp.FunctionTypeBuilder_ESTest34 (39ms / 13):
    [junit] MAJOR: 956353 (0 / 13 / 13) -> AVG-RTPM: 177ms
    [junit] MAJOR: Mutants killed / live: 301 (3-1981-0) / 4
    [junit] MAJOR: ------------------------------------------------------------
    [junit] MAJOR: 33/41 - com.google.javascript.jscomp.FunctionTypeBuilder_ESTest2 (40ms / 32):
    [junit] MAJOR: 961043 (0 / 32 / 32) -> AVG-RTPM: 146ms
    [junit] MAJOR: Mutants killed / live: 301 (3-2013-0) / 4
    [junit] MAJOR: ------------------------------------------------------------
    [junit] MAJOR: 34/41 - com.google.javascript.jscomp.FunctionTypeBuilder_ESTest7 (40ms / 10):
    [junit] MAJOR: 963075 (0 / 10 / 10) -> AVG-RTPM: 203ms
    [junit] MAJOR: Mutants killed / live: 301 (3-2023-0) / 4
    [junit] MAJOR: ------------------------------------------------------------
    [junit] MAJOR: 35/41 - com.google.javascript.jscomp.FunctionTypeBuilder_ESTest22 (41ms / 75):
    [junit] MAJOR: 976297 (0 / 75 / 75) -> AVG-RTPM: 176ms
    [junit] MAJOR: Mutants killed / live: 301 (3-2098-0) / 4
    [junit] MAJOR: ------------------------------------------------------------
    [junit] MAJOR: 36/41 - com.google.javascript.jscomp.FunctionTypeBuilder_ESTest36 (41ms / 80):
    [junit] MAJOR: 990648 (2 / 80 / 80) -> AVG-RTPM: 179ms
    [junit] MAJOR: Mutants killed / live: 303 (3-2178-0) / 2
    [junit] MAJOR: ------------------------------------------------------------
    [junit] MAJOR: 37/41 - com.google.javascript.jscomp.FunctionTypeBuilder_ESTest4 (43ms / 104):
    [junit] MAJOR: 1007010 (0 / 104 / 104) -> AVG-RTPM: 157ms
    [junit] MAJOR: Mutants killed / live: 303 (3-2282-0) / 2
    [junit] MAJOR: ------------------------------------------------------------
    [junit] MAJOR: 38/41 - com.google.javascript.jscomp.FunctionTypeBuilder_ESTest25 (44ms / 64):
    [junit] MAJOR: 1018322 (0 / 64 / 64) -> AVG-RTPM: 176ms
    [junit] MAJOR: Mutants killed / live: 303 (3-2346-0) / 2
    [junit] MAJOR: ------------------------------------------------------------
    [junit] MAJOR: 39/41 - com.google.javascript.jscomp.FunctionTypeBuilder_ESTest31 (45ms / 22):
    [junit] MAJOR: 1021641 (0 / 22 / 22) -> AVG-RTPM: 150ms
    [junit] MAJOR: Mutants killed / live: 303 (3-2368-0) / 2
    [junit] MAJOR: ------------------------------------------------------------
    [junit] MAJOR: 40/41 - com.google.javascript.jscomp.FunctionTypeBuilder_ESTest39 (46ms / 166):
    [junit] MAJOR: 1051225 (0 / 166 / 166) -> AVG-RTPM: 178ms
    [junit] MAJOR: Mutants killed / live: 303 (3-2534-0) / 2
    [junit] MAJOR: ------------------------------------------------------------
    [junit] MAJOR: 41/41 - com.google.javascript.jscomp.FunctionTypeBuilder_ESTest11 (48ms / 132):
    [junit] MAJOR: 1079009 (0 / 132 / 132) -> AVG-RTPM: 210ms
    [junit] MAJOR: Mutants killed / live: 303 (3-2666-0) / 2
    [junit] MAJOR: ------------------------------------------------------------
    [junit] MAJOR: Summary:
    [junit] MAJOR: 
    [junit] MAJOR: Analysis time:  1079.0 seconds
    [junit] MAJOR: Mutation score: 50.92% (99.34%)
    [junit] MAJOR: Mutants killed / live: 303 (3-2666-0) / 2
    [junit] MAJOR: Mutant executions: 2787
    [junit] MAJOR: ------------------------------------------------------------
    [junit] MAJOR: Export summary of results (to summary.csv)
    [junit] MAJOR: Export mutant kill details (to /tmp/run_mutation.pl_26483_1500911177/41f/kill.csv)
    [junit] MAJOR: Export kill map (to killMap.csv)!

BUILD SUCCESSFUL
Total time: 19 minutes 40 seconds
