
rhino:

properties:

init:

compile:

compile-most:
    [javac] /tmp/run_mutation.pl_33099_1501583907/46f/lib/rhino/src/mozilla/js/rhino/src/build.xml:68: warning: 'includeantruntime' was not set, defaulting to build.sysclasspath=last; set to false for repeatable builds

compile-jdk15:
    [javac] /tmp/run_mutation.pl_33099_1501583907/46f/lib/rhino/src/mozilla/js/rhino/src/build.xml:87: warning: 'includeantruntime' was not set, defaulting to build.sysclasspath=last; set to false for repeatable builds

compile:

properties:

compile:
    [javac] /tmp/run_mutation.pl_33099_1501583907/46f/lib/rhino/src/mozilla/js/rhino/toolsrc/build.xml:55: warning: 'includeantruntime' was not set, defaulting to build.sysclasspath=last; set to false for repeatable builds

xmlimplsrc-compile:
     [echo] Calling /tmp/run_mutation.pl_33099_1501583907/46f/lib/rhino/src/mozilla/js/rhino/xmlimplsrc/build.xml

compile:

compile-all:

compile:
    [javac] /tmp/run_mutation.pl_33099_1501583907/46f/lib/rhino/src/mozilla/js/rhino/deprecatedsrc/build.xml:49: warning: 'includeantruntime' was not set, defaulting to build.sysclasspath=last; set to false for repeatable builds

jar:

rhino-jarjar:
   [jarjar] Updating jar: /tmp/run_mutation.pl_33099_1501583907/46f/build/lib/rhino.jar

svnversion:

compile:
    [javac] /tmp/run_mutation.pl_33099_1501583907/46f/build.xml:240: warning: 'includeantruntime' was not set, defaulting to build.sysclasspath=last; set to false for repeatable builds
    [javac] /tmp/run_mutation.pl_33099_1501583907/46f/build.xml:246: warning: 'includeantruntime' was not set, defaulting to build.sysclasspath=last; set to false for repeatable builds
[propertyfile] Updating property file: /tmp/run_mutation.pl_33099_1501583907/46f/build/classes/com/google/javascript/jscomp/parsing/ParserConfig.properties

compile-tests:
    [mkdir] Created dir: /tmp/run_mutation.pl_33099_1501583907/46f/build/test
    [javac] /tmp/run_mutation.pl_33099_1501583907/46f/build.xml:312: warning: 'includeantruntime' was not set, defaulting to build.sysclasspath=last; set to false for repeatable builds
    [javac] Compiling 394 source files to /tmp/run_mutation.pl_33099_1501583907/46f/build/test
    [javac] warning: [options] bootstrap class path not set in conjunction with -source 1.6
    [javac] Note: /tmp/run_mutation.pl_33099_1501583907/46f/src/com/google/javascript/jscomp/ant/CompileTask.java uses unchecked or unsafe operations.
    [javac] Note: Recompile with -Xlint:unchecked for details.
    [javac] 1 warning
    [javac] /tmp/run_mutation.pl_33099_1501583907/46f/build.xml:317: warning: 'includeantruntime' was not set, defaulting to build.sysclasspath=last; set to false for repeatable builds
    [javac] Compiling 220 source files to /tmp/run_mutation.pl_33099_1501583907/46f/build/test
    [javac] warning: [options] bootstrap class path not set in conjunction with -source 1.6
    [javac] Note: /tmp/run_mutation.pl_33099_1501583907/46f/test/com/google/javascript/jscomp/parsing/JsDocInfoParserTest.java uses or overrides a deprecated API.
    [javac] Note: Recompile with -Xlint:deprecation for details.
    [javac] 1 warning

compile.tests:

update.all.tests:

mutation.test:
     [echo] Running mutation analysis ...
    [junit] MAJOR: Mutation analysis enabled
SLF4J: Failed to load class "org.slf4j.impl.StaticLoggerBinder".
SLF4J: Defaulting to no-operation (NOP) logger implementation
SLF4J: See http://www.slf4j.org/codes.html#StaticLoggerBinder for further details.
    [junit] MAJOR: ------------------------------------------------------------
    [junit] MAJOR: Run 10 ordered tests to verify independence
    [junit] MAJOR: ------------------------------------------------------------
    [junit] MAJOR: Preprocessing time: 6.43 seconds
    [junit] MAJOR: ------------------------------------------------------------
    [junit] MAJOR: Mutants generated: 116
    [junit] MAJOR: Mutants covered:   74 (63.79%)
    [junit] MAJOR: ------------------------------------------------------------
    [junit] MAJOR: Export test map to (testMap.csv)
    [junit] MAJOR: Export coverage map to (covMap.csv)
    [junit] MAJOR: Exclude 0 mutants
    [junit] MAJOR: ------------------------------------------------------------
    [junit] MAJOR: Run mutation analysis with 10 individual tests
    [junit] MAJOR: ------------------------------------------------------------
    [junit] MAJOR: 1/10 - com.google.javascript.rhino.jstype.RecordType_ESTest7 (15ms / 46):
    [junit] MAJOR: 17360 (3 / 46 / 46) -> AVG-RTPM: 377ms
    [junit] MAJOR: Mutants killed / live: 3 (0-3-0) / 71
    [junit] MAJOR: ------------------------------------------------------------
    [junit] MAJOR: 2/10 - com.google.javascript.rhino.jstype.RecordType_ESTest3 (18ms / 55):
    [junit] MAJOR: 54398 (0 / 55 / 55) -> AVG-RTPM: 673ms
    [junit] MAJOR: Mutants killed / live: 3 (0-6-0) / 71
    [junit] MAJOR: ------------------------------------------------------------
    [junit] MAJOR: 3/10 - com.google.javascript.rhino.jstype.RecordType_ESTest6 (18ms / 34):
    [junit] MAJOR: 89506 (5 / 34 / 34) -> AVG-RTPM: 1032ms
    [junit] MAJOR: Mutants killed / live: 8 (5-8-0) / 66
    [junit] MAJOR: ------------------------------------------------------------
    [junit] MAJOR: 4/10 - com.google.javascript.rhino.jstype.RecordType_ESTest8 (20ms / 27):
    [junit] MAJOR: 129167 (1 / 27 / 27) -> AVG-RTPM: 1468ms
    [junit] MAJOR: Mutants killed / live: 9 (5-12-0) / 65
    [junit] MAJOR: ------------------------------------------------------------
    [junit] MAJOR: 5/10 - com.google.javascript.rhino.jstype.RecordType_ESTest9 (20ms / 28):
    [junit] MAJOR: 181674 (0 / 28 / 28) -> AVG-RTPM: 1875ms
    [junit] MAJOR: Mutants killed / live: 9 (5-16-0) / 65
    [junit] MAJOR: ------------------------------------------------------------
    [junit] MAJOR: 6/10 - com.google.javascript.rhino.jstype.RecordType_ESTest4 (21ms / 32):
    [junit] MAJOR: 259100 (1 / 32 / 32) -> AVG-RTPM: 2419ms
    [junit] MAJOR: Mutants killed / live: 10 (5-21-0) / 64
    [junit] MAJOR: ------------------------------------------------------------
    [junit] MAJOR: 7/10 - com.google.javascript.rhino.jstype.RecordType_ESTest5 (23ms / 34):
    [junit] MAJOR: 370192 (4 / 34 / 34) -> AVG-RTPM: 3267ms
    [junit] MAJOR: Mutants killed / live: 14 (9-23-0) / 60
    [junit] MAJOR: ------------------------------------------------------------
    [junit] MAJOR: 8/10 - com.google.javascript.rhino.jstype.RecordType_ESTest1 (25ms / 19):
    [junit] MAJOR: 439596 (1 / 19 / 19) -> AVG-RTPM: 3652ms
    [junit] MAJOR: Mutants killed / live: 15 (9-26-2) / 59
    [junit] MAJOR: ------------------------------------------------------------
    [junit] MAJOR: 9/10 - com.google.javascript.rhino.jstype.RecordType_ESTest0 (36ms / 6):
    [junit] MAJOR: 458083 (2 / 6 / 6) -> AVG-RTPM: 3081ms
    [junit] MAJOR: Mutants killed / live: 17 (9-30-2) / 57
    [junit] MAJOR: ------------------------------------------------------------
    [junit] MAJOR: 10/10 - com.google.javascript.rhino.jstype.RecordType_ESTest2 (37ms / 40):
    [junit] MAJOR: 470014 (29 / 40 / 40) -> AVG-RTPM: 298ms
    [junit] MAJOR: Mutants killed / live: 46 (9-70-2) / 28
    [junit] MAJOR: ------------------------------------------------------------
    [junit] MAJOR: Summary:
    [junit] MAJOR: 
    [junit] MAJOR: Analysis time:  470.0 seconds
    [junit] MAJOR: Mutation score: 39.66% (62.16%)
    [junit] MAJOR: Mutants killed / live: 46 (9-70-2) / 28
    [junit] MAJOR: Mutant executions: 321
    [junit] MAJOR: ------------------------------------------------------------
    [junit] MAJOR: Export summary of results (to summary.csv)
    [junit] MAJOR: Export mutant kill details (to /tmp/run_mutation.pl_33099_1501583907/46f/kill.csv)
    [junit] MAJOR: Export kill map (to killMap.csv)!

BUILD SUCCESSFUL
Total time: 8 minutes 15 seconds
