
rhino:

properties:

init:

compile:

compile-most:
    [javac] /tmp/run_mutation.pl_109728_1501659421/46f/lib/rhino/src/mozilla/js/rhino/src/build.xml:68: warning: 'includeantruntime' was not set, defaulting to build.sysclasspath=last; set to false for repeatable builds

compile-jdk15:
    [javac] /tmp/run_mutation.pl_109728_1501659421/46f/lib/rhino/src/mozilla/js/rhino/src/build.xml:87: warning: 'includeantruntime' was not set, defaulting to build.sysclasspath=last; set to false for repeatable builds

compile:

properties:

compile:
    [javac] /tmp/run_mutation.pl_109728_1501659421/46f/lib/rhino/src/mozilla/js/rhino/toolsrc/build.xml:55: warning: 'includeantruntime' was not set, defaulting to build.sysclasspath=last; set to false for repeatable builds

xmlimplsrc-compile:
     [echo] Calling /tmp/run_mutation.pl_109728_1501659421/46f/lib/rhino/src/mozilla/js/rhino/xmlimplsrc/build.xml

compile:

compile-all:

compile:
    [javac] /tmp/run_mutation.pl_109728_1501659421/46f/lib/rhino/src/mozilla/js/rhino/deprecatedsrc/build.xml:49: warning: 'includeantruntime' was not set, defaulting to build.sysclasspath=last; set to false for repeatable builds

jar:

rhino-jarjar:
   [jarjar] Updating jar: /tmp/run_mutation.pl_109728_1501659421/46f/build/lib/rhino.jar

svnversion:

compile:
    [javac] /tmp/run_mutation.pl_109728_1501659421/46f/build.xml:240: warning: 'includeantruntime' was not set, defaulting to build.sysclasspath=last; set to false for repeatable builds
    [javac] /tmp/run_mutation.pl_109728_1501659421/46f/build.xml:246: warning: 'includeantruntime' was not set, defaulting to build.sysclasspath=last; set to false for repeatable builds
[propertyfile] Updating property file: /tmp/run_mutation.pl_109728_1501659421/46f/build/classes/com/google/javascript/jscomp/parsing/ParserConfig.properties

compile-tests:
    [mkdir] Created dir: /tmp/run_mutation.pl_109728_1501659421/46f/build/test
    [javac] /tmp/run_mutation.pl_109728_1501659421/46f/build.xml:312: warning: 'includeantruntime' was not set, defaulting to build.sysclasspath=last; set to false for repeatable builds
    [javac] Compiling 394 source files to /tmp/run_mutation.pl_109728_1501659421/46f/build/test
    [javac] warning: [options] bootstrap class path not set in conjunction with -source 1.6
    [javac] Note: /tmp/run_mutation.pl_109728_1501659421/46f/src/com/google/javascript/jscomp/ant/CompileTask.java uses unchecked or unsafe operations.
    [javac] Note: Recompile with -Xlint:unchecked for details.
    [javac] 1 warning
    [javac] /tmp/run_mutation.pl_109728_1501659421/46f/build.xml:317: warning: 'includeantruntime' was not set, defaulting to build.sysclasspath=last; set to false for repeatable builds
    [javac] Compiling 220 source files to /tmp/run_mutation.pl_109728_1501659421/46f/build/test
    [javac] warning: [options] bootstrap class path not set in conjunction with -source 1.6
    [javac] Note: /tmp/run_mutation.pl_109728_1501659421/46f/test/com/google/javascript/jscomp/parsing/JsDocInfoParserTest.java uses or overrides a deprecated API.
    [javac] Note: Recompile with -Xlint:deprecation for details.
    [javac] 1 warning

compile.tests:

update.all.tests:

mutation.test:
     [echo] Running mutation analysis ...
    [junit] MAJOR: Mutation analysis enabled
SLF4J: Failed to load class "org.slf4j.impl.StaticLoggerBinder".
SLF4J: Defaulting to no-operation (NOP) logger implementation
SLF4J: See http://www.slf4j.org/codes.html#StaticLoggerBinder for further details.
    [junit] MAJOR: ------------------------------------------------------------
    [junit] MAJOR: Run 15 ordered tests to verify independence
    [junit] MAJOR: ------------------------------------------------------------
    [junit] MAJOR: Preprocessing time: 11.87 seconds
    [junit] MAJOR: ------------------------------------------------------------
    [junit] MAJOR: Mutants generated: 116
    [junit] MAJOR: Mutants covered:   77 (66.38%)
    [junit] MAJOR: ------------------------------------------------------------
    [junit] MAJOR: Export test map to (testMap.csv)
    [junit] MAJOR: Export coverage map to (covMap.csv)
    [junit] MAJOR: Exclude 0 mutants
    [junit] MAJOR: ------------------------------------------------------------
    [junit] MAJOR: Run mutation analysis with 15 individual tests
    [junit] MAJOR: ------------------------------------------------------------
    [junit] MAJOR: 1/15 - com.google.javascript.rhino.jstype.RecordType_ESTest6 (13ms / 19):
    [junit] MAJOR: 8662 (3 / 19 / 19) -> AVG-RTPM: 455ms
    [junit] MAJOR: Mutants killed / live: 3 (0-3-0) / 74
    [junit] MAJOR: ------------------------------------------------------------
    [junit] MAJOR: 2/15 - com.google.javascript.rhino.jstype.RecordType_ESTest13 (17ms / 17):
    [junit] MAJOR: 17962 (5 / 17 / 17) -> AVG-RTPM: 547ms
    [junit] MAJOR: Mutants killed / live: 8 (3-5-0) / 69
    [junit] MAJOR: ------------------------------------------------------------
    [junit] MAJOR: 3/15 - com.google.javascript.rhino.jstype.RecordType_ESTest1 (20ms / 39):
    [junit] MAJOR: 47326 (6 / 39 / 39) -> AVG-RTPM: 752ms
    [junit] MAJOR: Mutants killed / live: 14 (11-8-0) / 63
    [junit] MAJOR: ------------------------------------------------------------
    [junit] MAJOR: 4/15 - com.google.javascript.rhino.jstype.RecordType_ESTest5 (21ms / 33):
    [junit] MAJOR: 83410 (0 / 33 / 33) -> AVG-RTPM: 1093ms
    [junit] MAJOR: Mutants killed / live: 14 (11-10-0) / 63
    [junit] MAJOR: ------------------------------------------------------------
    [junit] MAJOR: 5/15 - com.google.javascript.rhino.jstype.RecordType_ESTest7 (21ms / 14):
    [junit] MAJOR: 102781 (0 / 14 / 14) -> AVG-RTPM: 1383ms
    [junit] MAJOR: Mutants killed / live: 14 (11-11-0) / 63
    [junit] MAJOR: ------------------------------------------------------------
    [junit] MAJOR: 6/15 - com.google.javascript.rhino.jstype.RecordType_ESTest12 (22ms / 43):
    [junit] MAJOR: 183035 (0 / 43 / 43) -> AVG-RTPM: 1866ms
    [junit] MAJOR: Mutants killed / live: 14 (11-15-0) / 63
    [junit] MAJOR: ------------------------------------------------------------
    [junit] MAJOR: 7/15 - com.google.javascript.rhino.jstype.RecordType_ESTest8 (22ms / 39):
    [junit] MAJOR: 286998 (0 / 39 / 39) -> AVG-RTPM: 2665ms
    [junit] MAJOR: Mutants killed / live: 14 (11-18-0) / 63
    [junit] MAJOR: ------------------------------------------------------------
    [junit] MAJOR: 8/15 - com.google.javascript.rhino.jstype.RecordType_ESTest2 (26ms / 46):
    [junit] MAJOR: 427822 (12 / 46 / 46) -> AVG-RTPM: 3061ms
    [junit] MAJOR: Mutants killed / live: 26 (11-31-2) / 51
    [junit] MAJOR: ------------------------------------------------------------
    [junit] MAJOR: 9/15 - com.google.javascript.rhino.jstype.RecordType_ESTest9 (26ms / 41):
    [junit] MAJOR: 442469 (22 / 41 / 41) -> AVG-RTPM: 357ms
    [junit] MAJOR: Mutants killed / live: 48 (11-72-2) / 29
    [junit] MAJOR: ------------------------------------------------------------
    [junit] MAJOR: 10/15 - com.google.javascript.rhino.jstype.RecordType_ESTest0 (30ms / 6):
    [junit] MAJOR: 443570 (0 / 6 / 6) -> AVG-RTPM: 183ms
    [junit] MAJOR: Mutants killed / live: 48 (11-78-2) / 29
    [junit] MAJOR: ------------------------------------------------------------
    [junit] MAJOR: 11/15 - com.google.javascript.rhino.jstype.RecordType_ESTest11 (30ms / 45):
    [junit] MAJOR: 458449 (0 / 45 / 45) -> AVG-RTPM: 330ms
    [junit] MAJOR: Mutants killed / live: 48 (11-123-2) / 29
    [junit] MAJOR: ------------------------------------------------------------
    [junit] MAJOR: 12/15 - com.google.javascript.rhino.jstype.RecordType_ESTest10 (31ms / 49):
    [junit] MAJOR: 472360 (9 / 49 / 49) -> AVG-RTPM: 283ms
    [junit] MAJOR: Mutants killed / live: 57 (11-172-2) / 20
    [junit] MAJOR: ------------------------------------------------------------
    [junit] MAJOR: 13/15 - com.google.javascript.rhino.jstype.RecordType_ESTest14 (33ms / 26):
    [junit] MAJOR: 480196 (4 / 26 / 26) -> AVG-RTPM: 301ms
    [junit] MAJOR: Mutants killed / live: 61 (11-198-2) / 16
    [junit] MAJOR: ------------------------------------------------------------
    [junit] MAJOR: 14/15 - com.google.javascript.rhino.jstype.RecordType_ESTest3 (33ms / 8):
    [junit] MAJOR: 482433 (1 / 8 / 8) -> AVG-RTPM: 279ms
    [junit] MAJOR: Mutants killed / live: 62 (11-206-2) / 15
    [junit] MAJOR: ------------------------------------------------------------
    [junit] MAJOR: 15/15 - com.google.javascript.rhino.jstype.RecordType_ESTest4 (36ms / 39):
    [junit] MAJOR: 495807 (12 / 39 / 39) -> AVG-RTPM: 342ms
    [junit] MAJOR: Mutants killed / live: 74 (11-245-2) / 3
    [junit] MAJOR: ------------------------------------------------------------
    [junit] MAJOR: Summary:
    [junit] MAJOR: 
    [junit] MAJOR: Analysis time:  495.8 seconds
    [junit] MAJOR: Mutation score: 63.79% (96.10%)
    [junit] MAJOR: Mutants killed / live: 74 (11-245-2) / 3
    [junit] MAJOR: Mutant executions: 464
    [junit] MAJOR: ------------------------------------------------------------
    [junit] MAJOR: Export summary of results (to summary.csv)
    [junit] MAJOR: Export mutant kill details (to /tmp/run_mutation.pl_109728_1501659421/46f/kill.csv)
    [junit] MAJOR: Export kill map (to killMap.csv)!

BUILD SUCCESSFUL
Total time: 8 minutes 50 seconds
