
rhino:

properties:

init:

compile:

compile-most:
    [javac] /tmp/run_mutation.pl_53565_1501586931/51f/lib/rhino/src/mozilla/js/rhino/src/build.xml:68: warning: 'includeantruntime' was not set, defaulting to build.sysclasspath=last; set to false for repeatable builds

compile-jdk15:
    [javac] /tmp/run_mutation.pl_53565_1501586931/51f/lib/rhino/src/mozilla/js/rhino/src/build.xml:87: warning: 'includeantruntime' was not set, defaulting to build.sysclasspath=last; set to false for repeatable builds

compile:

properties:

compile:
    [javac] /tmp/run_mutation.pl_53565_1501586931/51f/lib/rhino/src/mozilla/js/rhino/toolsrc/build.xml:55: warning: 'includeantruntime' was not set, defaulting to build.sysclasspath=last; set to false for repeatable builds

xmlimplsrc-compile:
     [echo] Calling /tmp/run_mutation.pl_53565_1501586931/51f/lib/rhino/src/mozilla/js/rhino/xmlimplsrc/build.xml

compile:

compile-all:

compile:
    [javac] /tmp/run_mutation.pl_53565_1501586931/51f/lib/rhino/src/mozilla/js/rhino/deprecatedsrc/build.xml:49: warning: 'includeantruntime' was not set, defaulting to build.sysclasspath=last; set to false for repeatable builds

jar:

rhino-jarjar:
   [jarjar] Updating jar: /tmp/run_mutation.pl_53565_1501586931/51f/build/lib/rhino.jar

svnversion:

compile:
    [javac] /tmp/run_mutation.pl_53565_1501586931/51f/build.xml:240: warning: 'includeantruntime' was not set, defaulting to build.sysclasspath=last; set to false for repeatable builds
    [javac] /tmp/run_mutation.pl_53565_1501586931/51f/build.xml:246: warning: 'includeantruntime' was not set, defaulting to build.sysclasspath=last; set to false for repeatable builds
[propertyfile] Updating property file: /tmp/run_mutation.pl_53565_1501586931/51f/build/classes/com/google/javascript/jscomp/parsing/ParserConfig.properties

compile-tests:
    [mkdir] Created dir: /tmp/run_mutation.pl_53565_1501586931/51f/build/test
    [javac] /tmp/run_mutation.pl_53565_1501586931/51f/build.xml:312: warning: 'includeantruntime' was not set, defaulting to build.sysclasspath=last; set to false for repeatable builds
    [javac] Compiling 407 source files to /tmp/run_mutation.pl_53565_1501586931/51f/build/test
    [javac] warning: [options] bootstrap class path not set in conjunction with -source 1.6
    [javac] Note: /tmp/run_mutation.pl_53565_1501586931/51f/src/com/google/javascript/jscomp/ant/CompileTask.java uses unchecked or unsafe operations.
    [javac] Note: Recompile with -Xlint:unchecked for details.
    [javac] 1 warning
    [javac] /tmp/run_mutation.pl_53565_1501586931/51f/build.xml:317: warning: 'includeantruntime' was not set, defaulting to build.sysclasspath=last; set to false for repeatable builds
    [javac] Compiling 219 source files to /tmp/run_mutation.pl_53565_1501586931/51f/build/test
    [javac] warning: [options] bootstrap class path not set in conjunction with -source 1.6
    [javac] Note: /tmp/run_mutation.pl_53565_1501586931/51f/test/com/google/javascript/jscomp/parsing/JsDocInfoParserTest.java uses or overrides a deprecated API.
    [javac] Note: Recompile with -Xlint:deprecation for details.
    [javac] 1 warning

compile.tests:

update.all.tests:

mutation.test:
     [echo] Running mutation analysis ...
    [junit] MAJOR: Mutation analysis enabled
SLF4J: Failed to load class "org.slf4j.impl.StaticLoggerBinder".
SLF4J: Defaulting to no-operation (NOP) logger implementation
SLF4J: See http://www.slf4j.org/codes.html#StaticLoggerBinder for further details.
    [junit] MAJOR: ------------------------------------------------------------
    [junit] MAJOR: Run 6 ordered tests to verify independence
    [junit] MAJOR: ------------------------------------------------------------
    [junit] MAJOR: Preprocessing time: 2.44 seconds
    [junit] MAJOR: ------------------------------------------------------------
    [junit] MAJOR: Mutants generated: 311
    [junit] MAJOR: Mutants covered:   56 (18.01%)
    [junit] MAJOR: ------------------------------------------------------------
    [junit] MAJOR: Export test map to (testMap.csv)
    [junit] MAJOR: Export coverage map to (covMap.csv)
    [junit] MAJOR: Exclude 0 mutants
    [junit] MAJOR: ------------------------------------------------------------
    [junit] MAJOR: Run mutation analysis with 6 individual tests
    [junit] MAJOR: ------------------------------------------------------------
    [junit] MAJOR: 1/6 - com.google.javascript.jscomp.CodeConsumer_ESTest3 (11ms / 28):
    [junit] MAJOR: 3001 (12 / 28 / 28) -> AVG-RTPM: 107ms
    [junit] MAJOR: Mutants killed / live: 12 (12-0-0) / 44
    [junit] MAJOR: ------------------------------------------------------------
    [junit] MAJOR: 2/6 - com.google.javascript.jscomp.CodeConsumer_ESTest1 (12ms / 28):
    [junit] MAJOR: 7130 (10 / 28 / 28) -> AVG-RTPM: 147ms
    [junit] MAJOR: Mutants killed / live: 22 (22-0-0) / 34
    [junit] MAJOR: ------------------------------------------------------------
    [junit] MAJOR: 3/6 - com.google.javascript.jscomp.CodeConsumer_ESTest2 (12ms / 21):
    [junit] MAJOR: 11289 (5 / 21 / 21) -> AVG-RTPM: 198ms
    [junit] MAJOR: Mutants killed / live: 27 (34-0-0) / 29
    [junit] MAJOR: ------------------------------------------------------------
    [junit] MAJOR: 4/6 - com.google.javascript.jscomp.CodeConsumer_ESTest4 (12ms / 28):
    [junit] MAJOR: 18541 (1 / 28 / 28) -> AVG-RTPM: 259ms
    [junit] MAJOR: Mutants killed / live: 28 (38-0-0) / 28
    [junit] MAJOR: ------------------------------------------------------------
    [junit] MAJOR: 5/6 - com.google.javascript.jscomp.CodeConsumer_ESTest5 (16ms / 28):
    [junit] MAJOR: 28664 (6 / 28 / 28) -> AVG-RTPM: 361ms
    [junit] MAJOR: Mutants killed / live: 34 (50-0-0) / 22
    [junit] MAJOR: ------------------------------------------------------------
    [junit] MAJOR: 6/6 - com.google.javascript.jscomp.CodeConsumer_ESTest0 (30ms / 16):
    [junit] MAJOR: 35978 (1 / 16 / 16) -> AVG-RTPM: 457ms
    [junit] MAJOR: Mutants killed / live: 35 (52-0-0) / 21
    [junit] MAJOR: ------------------------------------------------------------
    [junit] MAJOR: Summary:
    [junit] MAJOR: 
    [junit] MAJOR: Analysis time:  36.0 seconds
    [junit] MAJOR: Mutation score: 11.25% (62.50%)
    [junit] MAJOR: Mutants killed / live: 35 (52-0-0) / 21
    [junit] MAJOR: Mutant executions: 149
    [junit] MAJOR: ------------------------------------------------------------
    [junit] MAJOR: Export summary of results (to summary.csv)
    [junit] MAJOR: Export mutant kill details (to /tmp/run_mutation.pl_53565_1501586931/51f/kill.csv)
    [junit] MAJOR: Export kill map (to killMap.csv)!

BUILD SUCCESSFUL
Total time: 1 minute 0 seconds
