
rhino:

properties:

init:

compile:

compile-most:
    [javac] /tmp/run_mutation.pl_24395_1483709101/54f/lib/rhino/src/mozilla/js/rhino/src/build.xml:68: warning: 'includeantruntime' was not set, defaulting to build.sysclasspath=last; set to false for repeatable builds

compile-jdk15:
    [javac] /tmp/run_mutation.pl_24395_1483709101/54f/lib/rhino/src/mozilla/js/rhino/src/build.xml:87: warning: 'includeantruntime' was not set, defaulting to build.sysclasspath=last; set to false for repeatable builds

compile:

properties:

compile:
    [javac] /tmp/run_mutation.pl_24395_1483709101/54f/lib/rhino/src/mozilla/js/rhino/toolsrc/build.xml:55: warning: 'includeantruntime' was not set, defaulting to build.sysclasspath=last; set to false for repeatable builds

xmlimplsrc-compile:
     [echo] Calling /tmp/run_mutation.pl_24395_1483709101/54f/lib/rhino/src/mozilla/js/rhino/xmlimplsrc/build.xml

compile:

compile-all:

compile:
    [javac] /tmp/run_mutation.pl_24395_1483709101/54f/lib/rhino/src/mozilla/js/rhino/deprecatedsrc/build.xml:49: warning: 'includeantruntime' was not set, defaulting to build.sysclasspath=last; set to false for repeatable builds

jar:

rhino-jarjar:
   [jarjar] Updating jar: /tmp/run_mutation.pl_24395_1483709101/54f/build/lib/rhino.jar

svnversion:

compile:
    [javac] /tmp/run_mutation.pl_24395_1483709101/54f/build.xml:240: warning: 'includeantruntime' was not set, defaulting to build.sysclasspath=last; set to false for repeatable builds
    [javac] /tmp/run_mutation.pl_24395_1483709101/54f/build.xml:246: warning: 'includeantruntime' was not set, defaulting to build.sysclasspath=last; set to false for repeatable builds
[propertyfile] Updating property file: /tmp/run_mutation.pl_24395_1483709101/54f/build/classes/com/google/javascript/jscomp/parsing/ParserConfig.properties

compile-tests:
    [mkdir] Created dir: /tmp/run_mutation.pl_24395_1483709101/54f/build/test
    [javac] /tmp/run_mutation.pl_24395_1483709101/54f/build.xml:312: warning: 'includeantruntime' was not set, defaulting to build.sysclasspath=last; set to false for repeatable builds
    [javac] Compiling 404 source files to /tmp/run_mutation.pl_24395_1483709101/54f/build/test
    [javac] warning: [options] bootstrap class path not set in conjunction with -source 1.6
    [javac] Note: /tmp/run_mutation.pl_24395_1483709101/54f/src/com/google/javascript/jscomp/ant/CompileTask.java uses unchecked or unsafe operations.
    [javac] Note: Recompile with -Xlint:unchecked for details.
    [javac] 1 warning
    [javac] /tmp/run_mutation.pl_24395_1483709101/54f/build.xml:317: warning: 'includeantruntime' was not set, defaulting to build.sysclasspath=last; set to false for repeatable builds
    [javac] Compiling 217 source files to /tmp/run_mutation.pl_24395_1483709101/54f/build/test
    [javac] warning: [options] bootstrap class path not set in conjunction with -source 1.6
    [javac] 1 warning

compile.tests:

update.all.tests:

mutation.test:
     [echo] Running mutation analysis ...
    [junit] MAJOR: Mutation analysis enabled
SLF4J: Failed to load class "org.slf4j.impl.StaticLoggerBinder".
SLF4J: Defaulting to no-operation (NOP) logger implementation
SLF4J: See http://www.slf4j.org/codes.html#StaticLoggerBinder for further details.
    [junit] MAJOR: ------------------------------------------------------------
    [junit] MAJOR: Run 68 ordered tests to verify independence
    [junit] MAJOR: ------------------------------------------------------------
    [junit] MAJOR: Preprocessing time: 47.47 seconds
    [junit] MAJOR: ------------------------------------------------------------
    [junit] MAJOR: Mutants generated: 2328
    [junit] MAJOR: Mutants covered:   530 (22.77%)
    [junit] MAJOR: ------------------------------------------------------------
    [junit] MAJOR: Export test map to (testMap.csv)
    [junit] MAJOR: Export coverage map to (covMap.csv)
    [junit] MAJOR: Exclude 0 mutants
    [junit] MAJOR: ------------------------------------------------------------
    [junit] MAJOR: Run mutation analysis with 68 individual tests
    [junit] MAJOR: ------------------------------------------------------------
    [junit] MAJOR: 1/68 - com.google.javascript.rhino.jstype.FunctionType_ESTest28 (11ms / 161):
    [junit] MAJOR: 326291 (67 / 161 / 161) -> AVG-RTPM: 2026ms
    [junit] MAJOR: Mutants killed / live: 67 (2-65-0) / 463
    [junit] MAJOR: ------------------------------------------------------------
    [junit] MAJOR: 2/68 - com.google.javascript.rhino.jstype.FunctionType_ESTest16 (12ms / 149):
    [junit] MAJOR: 372919 (95 / 149 / 149) -> AVG-RTPM: 312ms
    [junit] MAJOR: Mutants killed / live: 162 (2-213-0) / 368
    [junit] MAJOR: ------------------------------------------------------------
    [junit] MAJOR: 3/68 - com.google.javascript.rhino.jstype.FunctionType_ESTest17 (12ms / 150):
    [junit] MAJOR: 420642 (2 / 150 / 150) -> AVG-RTPM: 318ms
    [junit] MAJOR: Mutants killed / live: 164 (2-363-0) / 366
    [junit] MAJOR: ------------------------------------------------------------
    [junit] MAJOR: 4/68 - com.google.javascript.rhino.jstype.FunctionType_ESTest2 (12ms / 135):
    [junit] MAJOR: 445919 (1 / 135 / 135) -> AVG-RTPM: 187ms
    [junit] MAJOR: Mutants killed / live: 165 (2-498-0) / 365
    [junit] MAJOR: ------------------------------------------------------------
    [junit] MAJOR: 5/68 - com.google.javascript.rhino.jstype.FunctionType_ESTest21 (12ms / 137):
    [junit] MAJOR: 474396 (3 / 137 / 137) -> AVG-RTPM: 207ms
    [junit] MAJOR: Mutants killed / live: 168 (2-635-0) / 362
    [junit] MAJOR: ------------------------------------------------------------
    [junit] MAJOR: 6/68 - com.google.javascript.rhino.jstype.FunctionType_ESTest22 (12ms / 137):
    [junit] MAJOR: 509401 (3 / 137 / 137) -> AVG-RTPM: 255ms
    [junit] MAJOR: Mutants killed / live: 171 (2-772-0) / 359
    [junit] MAJOR: ------------------------------------------------------------
    [junit] MAJOR: 7/68 - com.google.javascript.rhino.jstype.FunctionType_ESTest23 (12ms / 134):
    [junit] MAJOR: 553730 (0 / 134 / 134) -> AVG-RTPM: 330ms
    [junit] MAJOR: Mutants killed / live: 171 (2-906-0) / 359
    [junit] MAJOR: ------------------------------------------------------------
    [junit] MAJOR: 8/68 - com.google.javascript.rhino.jstype.FunctionType_ESTest24 (12ms / 134):
    [junit] MAJOR: 590762 (0 / 134 / 134) -> AVG-RTPM: 276ms
    [junit] MAJOR: Mutants killed / live: 171 (2-1040-0) / 359
    [junit] MAJOR: ------------------------------------------------------------
    [junit] MAJOR: 9/68 - com.google.javascript.rhino.jstype.FunctionType_ESTest25 (12ms / 135):
    [junit] MAJOR: 617502 (1 / 135 / 135) -> AVG-RTPM: 198ms
    [junit] MAJOR: Mutants killed / live: 172 (2-1175-0) / 358
    [junit] MAJOR: ------------------------------------------------------------
    [junit] MAJOR: 10/68 - com.google.javascript.rhino.jstype.FunctionType_ESTest29 (12ms / 139):
    [junit] MAJOR: 644351 (5 / 139 / 139) -> AVG-RTPM: 193ms
    [junit] MAJOR: Mutants killed / live: 177 (2-1314-0) / 353
    [junit] MAJOR: ------------------------------------------------------------
    [junit] MAJOR: 11/68 - com.google.javascript.rhino.jstype.FunctionType_ESTest3 (12ms / 135):
    [junit] MAJOR: 681901 (1 / 135 / 135) -> AVG-RTPM: 278ms
    [junit] MAJOR: Mutants killed / live: 178 (2-1449-0) / 352
    [junit] MAJOR: ------------------------------------------------------------
    [junit] MAJOR: 12/68 - com.google.javascript.rhino.jstype.FunctionType_ESTest30 (12ms / 139):
    [junit] MAJOR: 711633 (0 / 139 / 139) -> AVG-RTPM: 213ms
    [junit] MAJOR: Mutants killed / live: 178 (2-1588-0) / 352
    [junit] MAJOR: ------------------------------------------------------------
    [junit] MAJOR: 13/68 - com.google.javascript.rhino.jstype.FunctionType_ESTest31 (12ms / 136):
    [junit] MAJOR: 738564 (2 / 136 / 136) -> AVG-RTPM: 198ms
    [junit] MAJOR: Mutants killed / live: 180 (2-1724-0) / 350
    [junit] MAJOR: ------------------------------------------------------------
    [junit] MAJOR: 14/68 - com.google.javascript.rhino.jstype.FunctionType_ESTest36 (12ms / 142):
    [junit] MAJOR: 780893 (6 / 142 / 142) -> AVG-RTPM: 298ms
    [junit] MAJOR: Mutants killed / live: 186 (2-1866-0) / 344
    [junit] MAJOR: ------------------------------------------------------------
    [junit] MAJOR: 15/68 - com.google.javascript.rhino.jstype.FunctionType_ESTest37 (12ms / 136):
    [junit] MAJOR: 807796 (2 / 136 / 136) -> AVG-RTPM: 197ms
    [junit] MAJOR: Mutants killed / live: 188 (2-2002-0) / 342
    [junit] MAJOR: ------------------------------------------------------------
    [junit] MAJOR: 16/68 - com.google.javascript.rhino.jstype.FunctionType_ESTest38 (12ms / 144):
    [junit] MAJOR: 855434 (10 / 144 / 144) -> AVG-RTPM: 330ms
    [junit] MAJOR: Mutants killed / live: 198 (2-2146-0) / 332
    [junit] MAJOR: ------------------------------------------------------------
    [junit] MAJOR: 17/68 - com.google.javascript.rhino.jstype.FunctionType_ESTest39 (12ms / 152):
    [junit] MAJOR: 909380 (9 / 152 / 152) -> AVG-RTPM: 354ms
    [junit] MAJOR: Mutants killed / live: 207 (2-2298-0) / 323
    [junit] MAJOR: ------------------------------------------------------------
    [junit] MAJOR: 18/68 - com.google.javascript.rhino.jstype.FunctionType_ESTest41 (12ms / 203):
    [junit] MAJOR: 974566 (58 / 203 / 203) -> AVG-RTPM: 321ms
    [junit] MAJOR: Mutants killed / live: 265 (2-2501-0) / 265
    [junit] MAJOR: ------------------------------------------------------------
    [junit] MAJOR: 19/68 - com.google.javascript.rhino.jstype.FunctionType_ESTest44 (12ms / 134):
    [junit] MAJOR: 1002561 (0 / 134 / 134) -> AVG-RTPM: 208ms
    [junit] MAJOR: Mutants killed / live: 265 (2-2635-0) / 265
    [junit] MAJOR: ------------------------------------------------------------
    [junit] MAJOR: 20/68 - com.google.javascript.rhino.jstype.FunctionType_ESTest46 (12ms / 137):
    [junit] MAJOR: 1039127 (3 / 137 / 137) -> AVG-RTPM: 266ms
    [junit] MAJOR: Mutants killed / live: 268 (2-2772-0) / 262
    [junit] MAJOR: ------------------------------------------------------------
    [junit] MAJOR: 21/68 - com.google.javascript.rhino.jstype.FunctionType_ESTest47 (12ms / 143):
    [junit] MAJOR: 1069063 (4 / 143 / 143) -> AVG-RTPM: 209ms
    [junit] MAJOR: Mutants killed / live: 272 (2-2915-0) / 258
    [junit] MAJOR: ------------------------------------------------------------
    [junit] MAJOR: 22/68 - com.google.javascript.rhino.jstype.FunctionType_ESTest48 (12ms / 142):
    [junit] MAJOR: 1098743 (0 / 142 / 142) -> AVG-RTPM: 209ms
    [junit] MAJOR: Mutants killed / live: 272 (2-3057-0) / 258
    [junit] MAJOR: ------------------------------------------------------------
    [junit] MAJOR: 23/68 - com.google.javascript.rhino.jstype.FunctionType_ESTest49 (12ms / 161):
    [junit] MAJOR: 1148206 (11 / 161 / 161) -> AVG-RTPM: 307ms
    [junit] MAJOR: Mutants killed / live: 283 (2-3218-0) / 247
    [junit] MAJOR: ------------------------------------------------------------
    [junit] MAJOR: 24/68 - com.google.javascript.rhino.jstype.FunctionType_ESTest5 (12ms / 134):
    [junit] MAJOR: 1177639 (0 / 134 / 134) -> AVG-RTPM: 219ms
    [junit] MAJOR: Mutants killed / live: 283 (2-3352-0) / 247
    [junit] MAJOR: ------------------------------------------------------------
    [junit] MAJOR: 25/68 - com.google.javascript.rhino.jstype.FunctionType_ESTest50 (12ms / 215):
    [junit] MAJOR: 1243649 (1 / 215 / 215) -> AVG-RTPM: 307ms
    [junit] MAJOR: Mutants killed / live: 284 (2-3567-0) / 246
    [junit] MAJOR: ------------------------------------------------------------
    [junit] MAJOR: 26/68 - com.google.javascript.rhino.jstype.FunctionType_ESTest56 (12ms / 171):
    [junit] MAJOR: 1297078 (6 / 171 / 171) -> AVG-RTPM: 312ms
    [junit] MAJOR: Mutants killed / live: 290 (2-3738-0) / 240
    [junit] MAJOR: ------------------------------------------------------------
    [junit] MAJOR: 27/68 - com.google.javascript.rhino.jstype.FunctionType_ESTest58 (12ms / 193):
    [junit] MAJOR: 1364340 (35 / 193 / 193) -> AVG-RTPM: 348ms
    [junit] MAJOR: Mutants killed / live: 325 (2-3931-0) / 205
    [junit] MAJOR: ------------------------------------------------------------
    [junit] MAJOR: 28/68 - com.google.javascript.rhino.jstype.FunctionType_ESTest61 (12ms / 143):
    [junit] MAJOR: 1414354 (9 / 143 / 143) -> AVG-RTPM: 349ms
    [junit] MAJOR: Mutants killed / live: 334 (2-4074-0) / 196
    [junit] MAJOR: ------------------------------------------------------------
    [junit] MAJOR: 29/68 - com.google.javascript.rhino.jstype.FunctionType_ESTest63 (12ms / 145):
    [junit] MAJOR: 1445876 (5 / 145 / 145) -> AVG-RTPM: 217ms
    [junit] MAJOR: Mutants killed / live: 339 (2-4219-0) / 191
    [junit] MAJOR: ------------------------------------------------------------
    [junit] MAJOR: 30/68 - com.google.javascript.rhino.jstype.FunctionType_ESTest15 (13ms / 142):
    [junit] MAJOR: 1483345 (8 / 142 / 142) -> AVG-RTPM: 263ms
    [junit] MAJOR: Mutants killed / live: 347 (2-4361-0) / 183
    [junit] MAJOR: ------------------------------------------------------------
    [junit] MAJOR: 31/68 - com.google.javascript.rhino.jstype.FunctionType_ESTest18 (13ms / 147):
    [junit] MAJOR: 1514851 (13 / 147 / 147) -> AVG-RTPM: 214ms
    [junit] MAJOR: Mutants killed / live: 360 (2-4508-0) / 170
    [junit] MAJOR: ------------------------------------------------------------
    [junit] MAJOR: 32/68 - com.google.javascript.rhino.jstype.FunctionType_ESTest19 (13ms / 147):
    [junit] MAJOR: 1547128 (0 / 147 / 147) -> AVG-RTPM: 219ms
    [junit] MAJOR: Mutants killed / live: 360 (2-4655-0) / 170
    [junit] MAJOR: ------------------------------------------------------------
    [junit] MAJOR: 33/68 - com.google.javascript.rhino.jstype.FunctionType_ESTest32 (13ms / 134):
    [junit] MAJOR: 1575026 (0 / 134 / 134) -> AVG-RTPM: 208ms
    [junit] MAJOR: Mutants killed / live: 360 (2-4789-0) / 170
    [junit] MAJOR: ------------------------------------------------------------
    [junit] MAJOR: 34/68 - com.google.javascript.rhino.jstype.FunctionType_ESTest33 (13ms / 136):
    [junit] MAJOR: 1605047 (2 / 136 / 136) -> AVG-RTPM: 220ms
    [junit] MAJOR: Mutants killed / live: 362 (2-4925-0) / 168
    [junit] MAJOR: ------------------------------------------------------------
    [junit] MAJOR: 35/68 - com.google.javascript.rhino.jstype.FunctionType_ESTest35 (13ms / 153):
    [junit] MAJOR: 1638899 (11 / 153 / 153) -> AVG-RTPM: 221ms
    [junit] MAJOR: Mutants killed / live: 373 (2-5078-0) / 157
    [junit] MAJOR: ------------------------------------------------------------
    [junit] MAJOR: 36/68 - com.google.javascript.rhino.jstype.FunctionType_ESTest4 (13ms / 160):
    [junit] MAJOR: 1703071 (0 / 160 / 160) -> AVG-RTPM: 401ms
    [junit] MAJOR: Mutants killed / live: 373 (2-5238-0) / 157
    [junit] MAJOR: ------------------------------------------------------------
    [junit] MAJOR: 37/68 - com.google.javascript.rhino.jstype.FunctionType_ESTest42 (13ms / 275):
    [junit] MAJOR: 1812312 (29 / 275 / 275) -> AVG-RTPM: 397ms
    [junit] MAJOR: Mutants killed / live: 402 (2-5513-0) / 128
    [junit] MAJOR: ------------------------------------------------------------
    [junit] MAJOR: 38/68 - com.google.javascript.rhino.jstype.FunctionType_ESTest51 (13ms / 154):
    [junit] MAJOR: 1852496 (2 / 154 / 154) -> AVG-RTPM: 260ms
    [junit] MAJOR: Mutants killed / live: 404 (2-5667-0) / 126
    [junit] MAJOR: ------------------------------------------------------------
    [junit] MAJOR: 39/68 - com.google.javascript.rhino.jstype.FunctionType_ESTest52 (13ms / 170):
    [junit] MAJOR: 1897421 (36 / 170 / 170) -> AVG-RTPM: 264ms
    [junit] MAJOR: Mutants killed / live: 440 (2-5837-0) / 90
    [junit] MAJOR: ------------------------------------------------------------
    [junit] MAJOR: 40/68 - com.google.javascript.rhino.jstype.FunctionType_ESTest53 (13ms / 175):
    [junit] MAJOR: 1963450 (1 / 175 / 175) -> AVG-RTPM: 377ms
    [junit] MAJOR: Mutants killed / live: 441 (2-6012-0) / 89
    [junit] MAJOR: ------------------------------------------------------------
    [junit] MAJOR: 41/68 - com.google.javascript.rhino.jstype.FunctionType_ESTest54 (13ms / 187):
    [junit] MAJOR: 2045801 (8 / 187 / 187) -> AVG-RTPM: 440ms
    [junit] MAJOR: Mutants killed / live: 449 (2-6199-0) / 81
    [junit] MAJOR: ------------------------------------------------------------
    [junit] MAJOR: 42/68 - com.google.javascript.rhino.jstype.FunctionType_ESTest55 (13ms / 147):
    [junit] MAJOR: 2104469 (4 / 147 / 147) -> AVG-RTPM: 399ms
    [junit] MAJOR: Mutants killed / live: 453 (2-6346-0) / 77
    [junit] MAJOR: ------------------------------------------------------------
    [junit] MAJOR: 43/68 - com.google.javascript.rhino.jstype.FunctionType_ESTest59 (13ms / 152):
    [junit] MAJOR: 2145020 (0 / 152 / 152) -> AVG-RTPM: 266ms
    [junit] MAJOR: Mutants killed / live: 453 (2-6498-0) / 77
    [junit] MAJOR: ------------------------------------------------------------
    [junit] MAJOR: 44/68 - com.google.javascript.rhino.jstype.FunctionType_ESTest6 (13ms / 134):
    [junit] MAJOR: 2180321 (0 / 134 / 134) -> AVG-RTPM: 263ms
    [junit] MAJOR: Mutants killed / live: 453 (2-6632-0) / 77
    [junit] MAJOR: ------------------------------------------------------------
    [junit] MAJOR: 45/68 - com.google.javascript.rhino.jstype.FunctionType_ESTest60 (13ms / 136):
    [junit] MAJOR: 2234285 (0 / 136 / 136) -> AVG-RTPM: 396ms
    [junit] MAJOR: Mutants killed / live: 453 (2-6768-0) / 77
    [junit] MAJOR: ------------------------------------------------------------
    [junit] MAJOR: 46/68 - com.google.javascript.rhino.jstype.FunctionType_ESTest62 (13ms / 156):
    [junit] MAJOR: 2290728 (1 / 156 / 156) -> AVG-RTPM: 361ms
    [junit] MAJOR: Mutants killed / live: 454 (2-6924-0) / 76
    [junit] MAJOR: ------------------------------------------------------------
    [junit] MAJOR: 47/68 - com.google.javascript.rhino.jstype.FunctionType_ESTest64 (13ms / 146):
    [junit] MAJOR: 2331277 (1 / 146 / 146) -> AVG-RTPM: 277ms
    [junit] MAJOR: Mutants killed / live: 455 (2-7070-0) / 75
    [junit] MAJOR: ------------------------------------------------------------
    [junit] MAJOR: 48/68 - com.google.javascript.rhino.jstype.FunctionType_ESTest65 (13ms / 158):
    [junit] MAJOR: 2377302 (24 / 158 / 158) -> AVG-RTPM: 291ms
    [junit] MAJOR: Mutants killed / live: 479 (2-7228-0) / 51
    [junit] MAJOR: ------------------------------------------------------------
    [junit] MAJOR: 49/68 - com.google.javascript.rhino.jstype.FunctionType_ESTest66 (13ms / 169):
    [junit] MAJOR: 2424210 (33 / 169 / 169) -> AVG-RTPM: 277ms
    [junit] MAJOR: Mutants killed / live: 512 (2-7397-0) / 18
    [junit] MAJOR: ------------------------------------------------------------
    [junit] MAJOR: 50/68 - com.google.javascript.rhino.jstype.FunctionType_ESTest68 (13ms / 157):
    [junit] MAJOR: 2468240 (0 / 157 / 157) -> AVG-RTPM: 280ms
    [junit] MAJOR: Mutants killed / live: 512 (2-7554-0) / 18
    [junit] MAJOR: ------------------------------------------------------------
    [junit] MAJOR: 51/68 - com.google.javascript.rhino.jstype.FunctionType_ESTest69 (13ms / 169):
    [junit] MAJOR: 2544643 (2 / 169 / 169) -> AVG-RTPM: 452ms
    [junit] MAJOR: Mutants killed / live: 514 (2-7723-0) / 16
    [junit] MAJOR: ------------------------------------------------------------
    [junit] MAJOR: 52/68 - com.google.javascript.rhino.jstype.FunctionType_ESTest7 (13ms / 134):
    [junit] MAJOR: 2584826 (0 / 134 / 134) -> AVG-RTPM: 299ms
    [junit] MAJOR: Mutants killed / live: 514 (2-7857-0) / 16
    [junit] MAJOR: ------------------------------------------------------------
    [junit] MAJOR: 53/68 - com.google.javascript.rhino.jstype.FunctionType_ESTest9 (13ms / 141):
    [junit] MAJOR: 2651855 (7 / 141 / 141) -> AVG-RTPM: 475ms
    [junit] MAJOR: Mutants killed / live: 521 (2-7998-0) / 9
    [junit] MAJOR: ------------------------------------------------------------
    [junit] MAJOR: 54/68 - com.google.javascript.rhino.jstype.FunctionType_ESTest1 (14ms / 162):
    [junit] MAJOR: 2697568 (0 / 162 / 162) -> AVG-RTPM: 282ms
    [junit] MAJOR: Mutants killed / live: 521 (2-8160-0) / 9
    [junit] MAJOR: ------------------------------------------------------------
    [junit] MAJOR: 55/68 - com.google.javascript.rhino.jstype.FunctionType_ESTest11 (14ms / 159):
    [junit] MAJOR: 2741841 (7 / 159 / 159) -> AVG-RTPM: 278ms
    [junit] MAJOR: Mutants killed / live: 528 (2-8319-0) / 2
    [junit] MAJOR: ------------------------------------------------------------
    [junit] MAJOR: 56/68 - com.google.javascript.rhino.jstype.FunctionType_ESTest12 (14ms / 152):
    [junit] MAJOR: 2781264 (0 / 152 / 152) -> AVG-RTPM: 259ms
    [junit] MAJOR: Mutants killed / live: 528 (2-8471-0) / 2
    [junit] MAJOR: ------------------------------------------------------------
    [junit] MAJOR: 57/68 - com.google.javascript.rhino.jstype.FunctionType_ESTest13 (14ms / 149):
    [junit] MAJOR: 2819419 (0 / 149 / 149) -> AVG-RTPM: 256ms
    [junit] MAJOR: Mutants killed / live: 528 (2-8620-0) / 2
    [junit] MAJOR: ------------------------------------------------------------
    [junit] MAJOR: 58/68 - com.google.javascript.rhino.jstype.FunctionType_ESTest26 (15ms / 134):
    [junit] MAJOR: 2878333 (0 / 134 / 134) -> AVG-RTPM: 439ms
    [junit] MAJOR: Mutants killed / live: 528 (2-8754-0) / 2
    [junit] MAJOR: ------------------------------------------------------------
    [junit] MAJOR: 59/68 - com.google.javascript.rhino.jstype.FunctionType_ESTest10 (17ms / 134):
    [junit] MAJOR: 2933069 (0 / 134 / 134) -> AVG-RTPM: 408ms
    [junit] MAJOR: Mutants killed / live: 528 (2-8888-0) / 2
    [junit] MAJOR: ------------------------------------------------------------
    [junit] MAJOR: 60/68 - com.google.javascript.rhino.jstype.FunctionType_ESTest45 (20ms / 138):
    [junit] MAJOR: 2989237 (0 / 138 / 138) -> AVG-RTPM: 407ms
    [junit] MAJOR: Mutants killed / live: 528 (2-9026-0) / 2
    [junit] MAJOR: ------------------------------------------------------------
    [junit] MAJOR: 61/68 - com.google.javascript.rhino.jstype.FunctionType_ESTest0 (22ms / 134):
    [junit] MAJOR: 3044480 (0 / 134 / 134) -> AVG-RTPM: 412ms
    [junit] MAJOR: Mutants killed / live: 528 (2-9160-0) / 2
    [junit] MAJOR: ------------------------------------------------------------
    [junit] MAJOR: 62/68 - com.google.javascript.rhino.jstype.FunctionType_ESTest14 (24ms / 146):
    [junit] MAJOR: 3085446 (1 / 146 / 146) -> AVG-RTPM: 280ms
    [junit] MAJOR: Mutants killed / live: 529 (2-9306-0) / 1
    [junit] MAJOR: ------------------------------------------------------------
    [junit] MAJOR: 63/68 - com.google.javascript.rhino.jstype.FunctionType_ESTest20 (25ms / 147):
    [junit] MAJOR: 3125775 (0 / 147 / 147) -> AVG-RTPM: 274ms
    [junit] MAJOR: Mutants killed / live: 529 (2-9453-0) / 1
    [junit] MAJOR: ------------------------------------------------------------
    [junit] MAJOR: 64/68 - com.google.javascript.rhino.jstype.FunctionType_ESTest40 (25ms / 203):
    [junit] MAJOR: 3211731 (0 / 203 / 203) -> AVG-RTPM: 423ms
    [junit] MAJOR: Mutants killed / live: 529 (2-9656-0) / 1
    [junit] MAJOR: ------------------------------------------------------------
    [junit] MAJOR: 65/68 - com.google.javascript.rhino.jstype.FunctionType_ESTest57 (28ms / 190):
    [junit] MAJOR: 3265529 (0 / 190 / 190) -> AVG-RTPM: 283ms
    [junit] MAJOR: Mutants killed / live: 529 (2-9846-0) / 1
    [junit] MAJOR: ------------------------------------------------------------
    [junit] MAJOR: 66/68 - com.google.javascript.rhino.jstype.FunctionType_ESTest8 (30ms / 141):
    [junit] MAJOR: 3320507 (0 / 141 / 141) -> AVG-RTPM: 389ms
    [junit] MAJOR: Mutants killed / live: 529 (2-9987-0) / 1
    [junit] MAJOR: ------------------------------------------------------------
    [junit] MAJOR: 67/68 - com.google.javascript.rhino.jstype.FunctionType_ESTest27 (41ms / 150):
    [junit] MAJOR: 3375174 (0 / 150 / 150) -> AVG-RTPM: 364ms
    [junit] MAJOR: Mutants killed / live: 529 (2-10137-0) / 1
    [junit] MAJOR: ------------------------------------------------------------
    [junit] MAJOR: 68/68 - com.google.javascript.rhino.jstype.FunctionType_ESTest34 (45ms / 155):
    [junit] MAJOR: 3410677 (1 / 155 / 155) -> AVG-RTPM: 229ms
    [junit] MAJOR: Mutants killed / live: 530 (2-10292-0) / 0
    [junit] MAJOR: ------------------------------------------------------------
    [junit] MAJOR: Summary:
    [junit] MAJOR: 
    [junit] MAJOR: Analysis time:  3410.7 seconds
    [junit] MAJOR: Mutation score: 22.77% (100.00%)
    [junit] MAJOR: Mutants killed / live: 530 (2-10292-0) / 0
    [junit] MAJOR: Mutant executions: 10389
    [junit] MAJOR: ------------------------------------------------------------
    [junit] MAJOR: Export summary of results (to summary.csv)
    [junit] MAJOR: Export mutant kill details (to /tmp/run_mutation.pl_24395_1483709101/54f/kill.csv)
    [junit] MAJOR: Export kill map (to killMap.csv)!

BUILD SUCCESSFUL
Total time: 57 minutes 48 seconds
