
rhino:

properties:

init:

compile:

compile-most:
    [javac] /tmp/run_mutation.pl_60561_1500920414/55f/lib/rhino/src/mozilla/js/rhino/src/build.xml:68: warning: 'includeantruntime' was not set, defaulting to build.sysclasspath=last; set to false for repeatable builds

compile-jdk15:
    [javac] /tmp/run_mutation.pl_60561_1500920414/55f/lib/rhino/src/mozilla/js/rhino/src/build.xml:87: warning: 'includeantruntime' was not set, defaulting to build.sysclasspath=last; set to false for repeatable builds

compile:

properties:

compile:
    [javac] /tmp/run_mutation.pl_60561_1500920414/55f/lib/rhino/src/mozilla/js/rhino/toolsrc/build.xml:55: warning: 'includeantruntime' was not set, defaulting to build.sysclasspath=last; set to false for repeatable builds

xmlimplsrc-compile:
     [echo] Calling /tmp/run_mutation.pl_60561_1500920414/55f/lib/rhino/src/mozilla/js/rhino/xmlimplsrc/build.xml

compile:

compile-all:

compile:
    [javac] /tmp/run_mutation.pl_60561_1500920414/55f/lib/rhino/src/mozilla/js/rhino/deprecatedsrc/build.xml:49: warning: 'includeantruntime' was not set, defaulting to build.sysclasspath=last; set to false for repeatable builds

jar:

rhino-jarjar:
   [jarjar] Updating jar: /tmp/run_mutation.pl_60561_1500920414/55f/build/lib/rhino.jar

svnversion:

compile:
    [javac] /tmp/run_mutation.pl_60561_1500920414/55f/build.xml:240: warning: 'includeantruntime' was not set, defaulting to build.sysclasspath=last; set to false for repeatable builds
    [javac] /tmp/run_mutation.pl_60561_1500920414/55f/build.xml:246: warning: 'includeantruntime' was not set, defaulting to build.sysclasspath=last; set to false for repeatable builds
[propertyfile] Updating property file: /tmp/run_mutation.pl_60561_1500920414/55f/build/classes/com/google/javascript/jscomp/parsing/ParserConfig.properties

compile-tests:
    [mkdir] Created dir: /tmp/run_mutation.pl_60561_1500920414/55f/build/test
    [javac] /tmp/run_mutation.pl_60561_1500920414/55f/build.xml:312: warning: 'includeantruntime' was not set, defaulting to build.sysclasspath=last; set to false for repeatable builds
    [javac] Compiling 405 source files to /tmp/run_mutation.pl_60561_1500920414/55f/build/test
    [javac] warning: [options] bootstrap class path not set in conjunction with -source 1.6
    [javac] 1 warning
    [javac] /tmp/run_mutation.pl_60561_1500920414/55f/build.xml:317: warning: 'includeantruntime' was not set, defaulting to build.sysclasspath=last; set to false for repeatable builds
    [javac] Compiling 216 source files to /tmp/run_mutation.pl_60561_1500920414/55f/build/test
    [javac] warning: [options] bootstrap class path not set in conjunction with -source 1.6
    [javac] 1 warning

compile.tests:

update.all.tests:

mutation.test:
     [echo] Running mutation analysis ...
    [junit] MAJOR: Mutation analysis enabled
SLF4J: Failed to load class "org.slf4j.impl.StaticLoggerBinder".
SLF4J: Defaulting to no-operation (NOP) logger implementation
SLF4J: See http://www.slf4j.org/codes.html#StaticLoggerBinder for further details.
    [junit] MAJOR: ------------------------------------------------------------
    [junit] MAJOR: Run 6 ordered tests to verify independence
    [junit] MAJOR: ------------------------------------------------------------
    [junit] MAJOR: Preprocessing time: 9.81 seconds
    [junit] MAJOR: ------------------------------------------------------------
    [junit] MAJOR: Mutants generated: 167
    [junit] MAJOR: Mutants covered:   140 (83.83%)
    [junit] MAJOR: ------------------------------------------------------------
    [junit] MAJOR: Export test map to (testMap.csv)
    [junit] MAJOR: Export coverage map to (covMap.csv)
    [junit] MAJOR: Exclude 0 mutants
    [junit] MAJOR: ------------------------------------------------------------
    [junit] MAJOR: Run mutation analysis with 6 individual tests
    [junit] MAJOR: ------------------------------------------------------------
    [junit] MAJOR: 1/6 - com.google.javascript.jscomp.FunctionRewriter_ESTest3 (33ms / 80):
    [junit] MAJOR: 106072 (21 / 80 / 80) -> AVG-RTPM: 1325ms
    [junit] MAJOR: Mutants killed / live: 21 (0-21-0) / 119
    [junit] MAJOR: ------------------------------------------------------------
    [junit] MAJOR: 2/6 - com.google.javascript.jscomp.FunctionRewriter_ESTest4 (34ms / 99):
    [junit] MAJOR: 327836 (29 / 99 / 99) -> AVG-RTPM: 2240ms
    [junit] MAJOR: Mutants killed / live: 50 (0-71-0) / 90
    [junit] MAJOR: ------------------------------------------------------------
    [junit] MAJOR: 3/6 - com.google.javascript.jscomp.FunctionRewriter_ESTest5 (39ms / 99):
    [junit] MAJOR: 335965 (49 / 99 / 99) -> AVG-RTPM: 82ms
    [junit] MAJOR: Mutants killed / live: 99 (0-170-0) / 41
    [junit] MAJOR: ------------------------------------------------------------
    [junit] MAJOR: 4/6 - com.google.javascript.jscomp.FunctionRewriter_ESTest1 (41ms / 131):
    [junit] MAJOR: 346653 (33 / 131 / 131) -> AVG-RTPM: 81ms
    [junit] MAJOR: Mutants killed / live: 132 (0-301-0) / 8
    [junit] MAJOR: ------------------------------------------------------------
    [junit] MAJOR: 5/6 - com.google.javascript.jscomp.FunctionRewriter_ESTest2 (41ms / 106):
    [junit] MAJOR: 355271 (7 / 106 / 106) -> AVG-RTPM: 81ms
    [junit] MAJOR: Mutants killed / live: 139 (0-407-0) / 1
    [junit] MAJOR: ------------------------------------------------------------
    [junit] MAJOR: 6/6 - com.google.javascript.jscomp.FunctionRewriter_ESTest0 (51ms / 96):
    [junit] MAJOR: 363362 (0 / 96 / 96) -> AVG-RTPM: 84ms
    [junit] MAJOR: Mutants killed / live: 139 (0-503-0) / 1
    [junit] MAJOR: ------------------------------------------------------------
    [junit] MAJOR: Summary:
    [junit] MAJOR: 
    [junit] MAJOR: Analysis time:  363.4 seconds
    [junit] MAJOR: Mutation score: 83.23% (99.29%)
    [junit] MAJOR: Mutants killed / live: 139 (0-503-0) / 1
    [junit] MAJOR: Mutant executions: 611
    [junit] MAJOR: ------------------------------------------------------------
    [junit] MAJOR: Export summary of results (to summary.csv)
    [junit] MAJOR: Export mutant kill details (to /tmp/run_mutation.pl_60561_1500920414/55f/kill.csv)
    [junit] MAJOR: Export kill map (to killMap.csv)!

BUILD SUCCESSFUL
Total time: 6 minutes 24 seconds
