
rhino:

properties:

init:

compile:

compile-most:
    [javac] /tmp/run_mutation.pl_126167_1501271750/56f/lib/rhino/src/mozilla/js/rhino/src/build.xml:68: warning: 'includeantruntime' was not set, defaulting to build.sysclasspath=last; set to false for repeatable builds

compile-jdk15:
    [javac] /tmp/run_mutation.pl_126167_1501271750/56f/lib/rhino/src/mozilla/js/rhino/src/build.xml:87: warning: 'includeantruntime' was not set, defaulting to build.sysclasspath=last; set to false for repeatable builds

compile:

properties:

compile:
    [javac] /tmp/run_mutation.pl_126167_1501271750/56f/lib/rhino/src/mozilla/js/rhino/toolsrc/build.xml:55: warning: 'includeantruntime' was not set, defaulting to build.sysclasspath=last; set to false for repeatable builds

xmlimplsrc-compile:
     [echo] Calling /tmp/run_mutation.pl_126167_1501271750/56f/lib/rhino/src/mozilla/js/rhino/xmlimplsrc/build.xml

compile:

compile-all:

compile:
    [javac] /tmp/run_mutation.pl_126167_1501271750/56f/lib/rhino/src/mozilla/js/rhino/deprecatedsrc/build.xml:49: warning: 'includeantruntime' was not set, defaulting to build.sysclasspath=last; set to false for repeatable builds

jar:

rhino-jarjar:
   [jarjar] Updating jar: /tmp/run_mutation.pl_126167_1501271750/56f/build/lib/rhino.jar

svnversion:

compile:
    [javac] /tmp/run_mutation.pl_126167_1501271750/56f/build.xml:240: warning: 'includeantruntime' was not set, defaulting to build.sysclasspath=last; set to false for repeatable builds
    [javac] /tmp/run_mutation.pl_126167_1501271750/56f/build.xml:246: warning: 'includeantruntime' was not set, defaulting to build.sysclasspath=last; set to false for repeatable builds
[propertyfile] Updating property file: /tmp/run_mutation.pl_126167_1501271750/56f/build/classes/com/google/javascript/jscomp/parsing/ParserConfig.properties

compile-tests:
    [mkdir] Created dir: /tmp/run_mutation.pl_126167_1501271750/56f/build/test
    [javac] /tmp/run_mutation.pl_126167_1501271750/56f/build.xml:312: warning: 'includeantruntime' was not set, defaulting to build.sysclasspath=last; set to false for repeatable builds
    [javac] Compiling 405 source files to /tmp/run_mutation.pl_126167_1501271750/56f/build/test
    [javac] warning: [options] bootstrap class path not set in conjunction with -source 1.6
    [javac] 1 warning
    [javac] /tmp/run_mutation.pl_126167_1501271750/56f/build.xml:317: warning: 'includeantruntime' was not set, defaulting to build.sysclasspath=last; set to false for repeatable builds
    [javac] Compiling 216 source files to /tmp/run_mutation.pl_126167_1501271750/56f/build/test
    [javac] warning: [options] bootstrap class path not set in conjunction with -source 1.6
    [javac] 1 warning

compile.tests:

update.all.tests:

mutation.test:
     [echo] Running mutation analysis ...
    [junit] MAJOR: Mutation analysis enabled
SLF4J: Failed to load class "org.slf4j.impl.StaticLoggerBinder".
SLF4J: Defaulting to no-operation (NOP) logger implementation
SLF4J: See http://www.slf4j.org/codes.html#StaticLoggerBinder for further details.
    [junit] MAJOR: com.google.javascript.jscomp.SourceFile_ESTest10[test10] failed!
    [junit] MAJOR:  -> java.io.FileNotFoundException
    [junit] MAJOR:  -> "/tmp/Fb)O!Nzi0Fb)O!Nzi (No such file or directory)"
    [junit] MAJOR: com.google.javascript.jscomp.SourceFile_ESTest3[test03] failed!
    [junit] MAJOR:  -> java.io.FileNotFoundException
    [junit] MAJOR:  -> "Invalid file path"
    [junit] MAJOR: Exclude 2 failing test classes:
    [junit] MAJOR:  - com.google.javascript.jscomp.SourceFile_ESTest10
    [junit] MAJOR:  - com.google.javascript.jscomp.SourceFile_ESTest3
    [junit] MAJOR: ------------------------------------------------------------
    [junit] MAJOR: Run 24 ordered tests to verify independence
    [junit] MAJOR: ------------------------------------------------------------
    [junit] MAJOR: Preprocessing time: 5.07 seconds
    [junit] MAJOR: ------------------------------------------------------------
    [junit] MAJOR: Mutants generated: 279
    [junit] MAJOR: Mutants covered:   226 (81.00%)
    [junit] MAJOR: ------------------------------------------------------------
    [junit] MAJOR: Export test map to (testMap.csv)
    [junit] MAJOR: Export coverage map to (covMap.csv)
    [junit] MAJOR: Exclude 0 mutants
    [junit] MAJOR: ------------------------------------------------------------
    [junit] MAJOR: Run mutation analysis with 24 individual tests
    [junit] MAJOR: ------------------------------------------------------------
    [junit] MAJOR: 1/24 - com.google.javascript.jscomp.SourceFile_ESTest23 (7ms / 105):
    [junit] MAJOR: 24150 (52 / 105 / 105) -> AVG-RTPM: 230ms
    [junit] MAJOR: Mutants killed / live: 52 (29-23-0) / 174
    [junit] MAJOR: ------------------------------------------------------------
    [junit] MAJOR: 2/24 - com.google.javascript.jscomp.SourceFile_ESTest7 (7ms / 24):
    [junit] MAJOR: 35530 (0 / 24 / 24) -> AVG-RTPM: 474ms
    [junit] MAJOR: Mutants killed / live: 52 (30-27-0) / 174
    [junit] MAJOR: ------------------------------------------------------------
    [junit] MAJOR: 3/24 - com.google.javascript.jscomp.SourceFile_ESTest21 (8ms / 53):
    [junit] MAJOR: 71856 (13 / 53 / 53) -> AVG-RTPM: 685ms
    [junit] MAJOR: Mutants killed / live: 65 (43-34-0) / 161
    [junit] MAJOR: ------------------------------------------------------------
    [junit] MAJOR: 4/24 - com.google.javascript.jscomp.SourceFile_ESTest22 (8ms / 101):
    [junit] MAJOR: 83156 (65 / 101 / 101) -> AVG-RTPM: 111ms
    [junit] MAJOR: Mutants killed / live: 130 (43-135-0) / 96
    [junit] MAJOR: ------------------------------------------------------------
    [junit] MAJOR: 5/24 - com.google.javascript.jscomp.SourceFile_ESTest5 (8ms / 24):
    [junit] MAJOR: 85650 (0 / 24 / 24) -> AVG-RTPM: 103ms
    [junit] MAJOR: Mutants killed / live: 130 (43-159-0) / 96
    [junit] MAJOR: ------------------------------------------------------------
    [junit] MAJOR: 6/24 - com.google.javascript.jscomp.SourceFile_ESTest6 (8ms / 21):
    [junit] MAJOR: 87834 (0 / 21 / 21) -> AVG-RTPM: 104ms
    [junit] MAJOR: Mutants killed / live: 130 (43-180-0) / 96
    [junit] MAJOR: ------------------------------------------------------------
    [junit] MAJOR: 7/24 - com.google.javascript.jscomp.SourceFile_ESTest8 (8ms / 24):
    [junit] MAJOR: 90696 (0 / 24 / 24) -> AVG-RTPM: 119ms
    [junit] MAJOR: Mutants killed / live: 130 (43-204-0) / 96
    [junit] MAJOR: ------------------------------------------------------------
    [junit] MAJOR: 8/24 - com.google.javascript.jscomp.SourceFile_ESTest13 (9ms / 64):
    [junit] MAJOR: 97090 (47 / 64 / 64) -> AVG-RTPM: 99ms
    [junit] MAJOR: Mutants killed / live: 177 (43-268-0) / 49
    [junit] MAJOR: ------------------------------------------------------------
    [junit] MAJOR: 9/24 - com.google.javascript.jscomp.SourceFile_ESTest18 (9ms / 20):
    [junit] MAJOR: 99043 (0 / 20 / 20) -> AVG-RTPM: 97ms
    [junit] MAJOR: Mutants killed / live: 177 (43-288-0) / 49
    [junit] MAJOR: ------------------------------------------------------------
    [junit] MAJOR: 10/24 - com.google.javascript.jscomp.SourceFile_ESTest19 (9ms / 24):
    [junit] MAJOR: 101586 (0 / 24 / 24) -> AVG-RTPM: 105ms
    [junit] MAJOR: Mutants killed / live: 177 (43-312-0) / 49
    [junit] MAJOR: ------------------------------------------------------------
    [junit] MAJOR: 11/24 - com.google.javascript.jscomp.SourceFile_ESTest24 (9ms / 105):
    [junit] MAJOR: 112812 (6 / 105 / 105) -> AVG-RTPM: 106ms
    [junit] MAJOR: Mutants killed / live: 183 (43-417-0) / 43
    [junit] MAJOR: ------------------------------------------------------------
    [junit] MAJOR: 12/24 - com.google.javascript.jscomp.SourceFile_ESTest25 (9ms / 20):
    [junit] MAJOR: 115369 (0 / 20 / 20) -> AVG-RTPM: 127ms
    [junit] MAJOR: Mutants killed / live: 183 (43-437-0) / 43
    [junit] MAJOR: ------------------------------------------------------------
    [junit] MAJOR: 13/24 - com.google.javascript.jscomp.SourceFile_ESTest14 (10ms / 58):
    [junit] MAJOR: 121221 (11 / 58 / 58) -> AVG-RTPM: 100ms
    [junit] MAJOR: Mutants killed / live: 194 (43-495-0) / 32
    [junit] MAJOR: ------------------------------------------------------------
    [junit] MAJOR: 14/24 - com.google.javascript.jscomp.SourceFile_ESTest16 (10ms / 38):
    [junit] MAJOR: 125135 (0 / 38 / 38) -> AVG-RTPM: 103ms
    [junit] MAJOR: Mutants killed / live: 194 (43-533-0) / 32
    [junit] MAJOR: ------------------------------------------------------------
    [junit] MAJOR: 15/24 - com.google.javascript.jscomp.SourceFile_ESTest9 (10ms / 0):
    [junit] MAJOR: 125135 (0 / 0 / 0) -> AVG-RTPM: 0ms
    [junit] MAJOR: Mutants killed / live: 194 (43-533-0) / 32
    [junit] MAJOR: ------------------------------------------------------------
    [junit] MAJOR: 16/24 - com.google.javascript.jscomp.SourceFile_ESTest1 (11ms / 22):
    [junit] MAJOR: 127378 (0 / 22 / 22) -> AVG-RTPM: 101ms
    [junit] MAJOR: Mutants killed / live: 194 (43-555-0) / 32
    [junit] MAJOR: ------------------------------------------------------------
    [junit] MAJOR: 17/24 - com.google.javascript.jscomp.SourceFile_ESTest12 (11ms / 11):
    [junit] MAJOR: 128526 (0 / 11 / 11) -> AVG-RTPM: 104ms
    [junit] MAJOR: Mutants killed / live: 194 (43-566-0) / 32
    [junit] MAJOR: ------------------------------------------------------------
    [junit] MAJOR: 18/24 - com.google.javascript.jscomp.SourceFile_ESTest20 (11ms / 21):
    [junit] MAJOR: 131224 (0 / 21 / 21) -> AVG-RTPM: 128ms
    [junit] MAJOR: Mutants killed / live: 194 (43-587-0) / 32
    [junit] MAJOR: ------------------------------------------------------------
    [junit] MAJOR: 19/24 - com.google.javascript.jscomp.SourceFile_ESTest4 (12ms / 22):
    [junit] MAJOR: 133518 (1 / 22 / 22) -> AVG-RTPM: 104ms
    [junit] MAJOR: Mutants killed / live: 195 (43-609-0) / 31
    [junit] MAJOR: ------------------------------------------------------------
    [junit] MAJOR: 20/24 - com.google.javascript.jscomp.SourceFile_ESTest17 (13ms / 49):
    [junit] MAJOR: 138702 (0 / 49 / 49) -> AVG-RTPM: 105ms
    [junit] MAJOR: Mutants killed / live: 195 (43-658-0) / 31
    [junit] MAJOR: ------------------------------------------------------------
    [junit] MAJOR: 21/24 - com.google.javascript.jscomp.SourceFile_ESTest11 (14ms / 11):
    [junit] MAJOR: 139827 (0 / 11 / 11) -> AVG-RTPM: 102ms
    [junit] MAJOR: Mutants killed / live: 195 (43-669-0) / 31
    [junit] MAJOR: ------------------------------------------------------------
    [junit] MAJOR: 22/24 - com.google.javascript.jscomp.SourceFile_ESTest15 (19ms / 67):
    [junit] MAJOR: 147126 (6 / 67 / 67) -> AVG-RTPM: 108ms
    [junit] MAJOR: Mutants killed / live: 201 (43-736-0) / 25
    [junit] MAJOR: ------------------------------------------------------------
    [junit] MAJOR: 23/24 - com.google.javascript.jscomp.SourceFile_ESTest0 (20ms / 57):
    [junit] MAJOR: 153617 (24 / 57 / 57) -> AVG-RTPM: 113ms
    [junit] MAJOR: Mutants killed / live: 225 (43-793-0) / 1
    [junit] MAJOR: ------------------------------------------------------------
    [junit] MAJOR: 24/24 - com.google.javascript.jscomp.SourceFile_ESTest2 (71ms / 19):
    [junit] MAJOR: 156087 (1 / 19 / 19) -> AVG-RTPM: 130ms
    [junit] MAJOR: Mutants killed / live: 226 (43-812-0) / 0
    [junit] MAJOR: ------------------------------------------------------------
    [junit] MAJOR: Summary:
    [junit] MAJOR: 
    [junit] MAJOR: Analysis time:  156.1 seconds
    [junit] MAJOR: Mutation score: 81.00% (100.00%)
    [junit] MAJOR: Mutants killed / live: 226 (43-812-0) / 0
    [junit] MAJOR: Mutant executions: 960
    [junit] MAJOR: ------------------------------------------------------------
    [junit] MAJOR: Export summary of results (to summary.csv)
    [junit] MAJOR: Export mutant kill details (to /tmp/run_mutation.pl_126167_1501271750/56f/kill.csv)
    [junit] MAJOR: Export kill map (to killMap.csv)!

BUILD SUCCESSFUL
Total time: 2 minutes 53 seconds
