
rhino:

properties:

init:

compile:

compile-most:
    [javac] /tmp/run_mutation.pl_31330_1501666564/56f/lib/rhino/src/mozilla/js/rhino/src/build.xml:68: warning: 'includeantruntime' was not set, defaulting to build.sysclasspath=last; set to false for repeatable builds

compile-jdk15:
    [javac] /tmp/run_mutation.pl_31330_1501666564/56f/lib/rhino/src/mozilla/js/rhino/src/build.xml:87: warning: 'includeantruntime' was not set, defaulting to build.sysclasspath=last; set to false for repeatable builds

compile:

properties:

compile:
    [javac] /tmp/run_mutation.pl_31330_1501666564/56f/lib/rhino/src/mozilla/js/rhino/toolsrc/build.xml:55: warning: 'includeantruntime' was not set, defaulting to build.sysclasspath=last; set to false for repeatable builds

xmlimplsrc-compile:
     [echo] Calling /tmp/run_mutation.pl_31330_1501666564/56f/lib/rhino/src/mozilla/js/rhino/xmlimplsrc/build.xml

compile:

compile-all:

compile:
    [javac] /tmp/run_mutation.pl_31330_1501666564/56f/lib/rhino/src/mozilla/js/rhino/deprecatedsrc/build.xml:49: warning: 'includeantruntime' was not set, defaulting to build.sysclasspath=last; set to false for repeatable builds

jar:

rhino-jarjar:
   [jarjar] Updating jar: /tmp/run_mutation.pl_31330_1501666564/56f/build/lib/rhino.jar

svnversion:

compile:
    [javac] /tmp/run_mutation.pl_31330_1501666564/56f/build.xml:240: warning: 'includeantruntime' was not set, defaulting to build.sysclasspath=last; set to false for repeatable builds
    [javac] /tmp/run_mutation.pl_31330_1501666564/56f/build.xml:246: warning: 'includeantruntime' was not set, defaulting to build.sysclasspath=last; set to false for repeatable builds
[propertyfile] Updating property file: /tmp/run_mutation.pl_31330_1501666564/56f/build/classes/com/google/javascript/jscomp/parsing/ParserConfig.properties

compile-tests:
    [mkdir] Created dir: /tmp/run_mutation.pl_31330_1501666564/56f/build/test
    [javac] /tmp/run_mutation.pl_31330_1501666564/56f/build.xml:312: warning: 'includeantruntime' was not set, defaulting to build.sysclasspath=last; set to false for repeatable builds
    [javac] Compiling 405 source files to /tmp/run_mutation.pl_31330_1501666564/56f/build/test
    [javac] warning: [options] bootstrap class path not set in conjunction with -source 1.6
    [javac] 1 warning
    [javac] /tmp/run_mutation.pl_31330_1501666564/56f/build.xml:317: warning: 'includeantruntime' was not set, defaulting to build.sysclasspath=last; set to false for repeatable builds
    [javac] Compiling 216 source files to /tmp/run_mutation.pl_31330_1501666564/56f/build/test
    [javac] warning: [options] bootstrap class path not set in conjunction with -source 1.6
    [javac] 1 warning

compile.tests:

update.all.tests:

mutation.test:
     [echo] Running mutation analysis ...
    [junit] MAJOR: Mutation analysis enabled
SLF4J: Failed to load class "org.slf4j.impl.StaticLoggerBinder".
SLF4J: Defaulting to no-operation (NOP) logger implementation
SLF4J: See http://www.slf4j.org/codes.html#StaticLoggerBinder for further details.
    [junit] MAJOR: com.google.javascript.jscomp.SourceFile_ESTest27[test27] failed!
    [junit] MAJOR:  -> java.io.FileNotFoundException
    [junit] MAJOR:  -> "/tmp/lG*W]Hh]{AdeH_[8z5z0lG*W]Hh]{AdeH_[8z5z (No such file or directory)"
    [junit] MAJOR: Exclude 1 failing test class:
    [junit] MAJOR:  - com.google.javascript.jscomp.SourceFile_ESTest27
    [junit] MAJOR: ------------------------------------------------------------
    [junit] MAJOR: Run 26 ordered tests to verify independence
    [junit] MAJOR: ------------------------------------------------------------
    [junit] MAJOR: Preprocessing time: 10.29 seconds
    [junit] MAJOR: ------------------------------------------------------------
    [junit] MAJOR: Mutants generated: 279
    [junit] MAJOR: Mutants covered:   249 (89.25%)
    [junit] MAJOR: ------------------------------------------------------------
    [junit] MAJOR: Export test map to (testMap.csv)
    [junit] MAJOR: Export coverage map to (covMap.csv)
    [junit] MAJOR: Exclude 0 mutants
    [junit] MAJOR: ------------------------------------------------------------
    [junit] MAJOR: Run mutation analysis with 26 individual tests
    [junit] MAJOR: ------------------------------------------------------------
    [junit] MAJOR: 1/26 - com.google.javascript.jscomp.SourceFile_ESTest4 (8ms / 21):
    [junit] MAJOR: 4046 (5 / 21 / 21) -> AVG-RTPM: 192ms
    [junit] MAJOR: Mutants killed / live: 5 (1-4-0) / 244
    [junit] MAJOR: ------------------------------------------------------------
    [junit] MAJOR: 2/26 - com.google.javascript.jscomp.SourceFile_ESTest3 (9ms / 22):
    [junit] MAJOR: 10750 (0 / 22 / 22) -> AVG-RTPM: 304ms
    [junit] MAJOR: Mutants killed / live: 5 (2-8-0) / 244
    [junit] MAJOR: ------------------------------------------------------------
    [junit] MAJOR: 3/26 - com.google.javascript.jscomp.SourceFile_ESTest15 (10ms / 38):
    [junit] MAJOR: 24441 (16 / 38 / 38) -> AVG-RTPM: 360ms
    [junit] MAJOR: Mutants killed / live: 21 (7-24-0) / 228
    [junit] MAJOR: ------------------------------------------------------------
    [junit] MAJOR: 4/26 - com.google.javascript.jscomp.SourceFile_ESTest2 (10ms / 21):
    [junit] MAJOR: 36761 (0 / 21 / 21) -> AVG-RTPM: 586ms
    [junit] MAJOR: Mutants killed / live: 21 (8-28-0) / 228
    [junit] MAJOR: ------------------------------------------------------------
    [junit] MAJOR: 5/26 - com.google.javascript.jscomp.SourceFile_ESTest7 (10ms / 0):
    [junit] MAJOR: 36762 (0 / 0 / 0) -> AVG-RTPM: 0ms
    [junit] MAJOR: Mutants killed / live: 21 (8-28-0) / 228
    [junit] MAJOR: ------------------------------------------------------------
    [junit] MAJOR: 6/26 - com.google.javascript.jscomp.SourceFile_ESTest12 (11ms / 51):
    [junit] MAJOR: 73926 (13 / 51 / 51) -> AVG-RTPM: 728ms
    [junit] MAJOR: Mutants killed / live: 34 (8-51-0) / 215
    [junit] MAJOR: ------------------------------------------------------------
    [junit] MAJOR: 7/26 - com.google.javascript.jscomp.SourceFile_ESTest14 (11ms / 59):
    [junit] MAJOR: 146075 (15 / 59 / 59) -> AVG-RTPM: 1222ms
    [junit] MAJOR: Mutants killed / live: 49 (8-76-0) / 200
    [junit] MAJOR: ------------------------------------------------------------
    [junit] MAJOR: 8/26 - com.google.javascript.jscomp.SourceFile_ESTest5 (11ms / 24):
    [junit] MAJOR: 186748 (0 / 24 / 24) -> AVG-RTPM: 1694ms
    [junit] MAJOR: Mutants killed / live: 49 (9-80-0) / 200
    [junit] MAJOR: ------------------------------------------------------------
    [junit] MAJOR: 9/26 - com.google.javascript.jscomp.SourceFile_ESTest8 (12ms / 0):
    [junit] MAJOR: 186748 (0 / 0 / 0) -> AVG-RTPM: 0ms
    [junit] MAJOR: Mutants killed / live: 49 (9-80-0) / 200
    [junit] MAJOR: ------------------------------------------------------------
    [junit] MAJOR: 10/26 - com.google.javascript.jscomp.SourceFile_ESTest1 (13ms / 18):
    [junit] MAJOR: 214199 (8 / 18 / 18) -> AVG-RTPM: 1525ms
    [junit] MAJOR: Mutants killed / live: 57 (10-92-0) / 192
    [junit] MAJOR: ------------------------------------------------------------
    [junit] MAJOR: 11/26 - com.google.javascript.jscomp.SourceFile_ESTest19 (15ms / 22):
    [junit] MAJOR: 222849 (10 / 22 / 22) -> AVG-RTPM: 393ms
    [junit] MAJOR: Mutants killed / live: 67 (10-114-0) / 182
    [junit] MAJOR: ------------------------------------------------------------
    [junit] MAJOR: 12/26 - com.google.javascript.jscomp.SourceFile_ESTest6 (15ms / 21):
    [junit] MAJOR: 228494 (0 / 21 / 21) -> AVG-RTPM: 268ms
    [junit] MAJOR: Mutants killed / live: 67 (10-135-0) / 182
    [junit] MAJOR: ------------------------------------------------------------
    [junit] MAJOR: 13/26 - com.google.javascript.jscomp.SourceFile_ESTest11 (17ms / 54):
    [junit] MAJOR: 242584 (10 / 54 / 54) -> AVG-RTPM: 260ms
    [junit] MAJOR: Mutants killed / live: 77 (10-189-0) / 172
    [junit] MAJOR: ------------------------------------------------------------
    [junit] MAJOR: 14/26 - com.google.javascript.jscomp.SourceFile_ESTest9 (17ms / 11):
    [junit] MAJOR: 245228 (0 / 11 / 11) -> AVG-RTPM: 240ms
    [junit] MAJOR: Mutants killed / live: 77 (10-200-0) / 172
    [junit] MAJOR: ------------------------------------------------------------
    [junit] MAJOR: 15/26 - com.google.javascript.jscomp.SourceFile_ESTest10 (18ms / 11):
    [junit] MAJOR: 248341 (0 / 11 / 11) -> AVG-RTPM: 283ms
    [junit] MAJOR: Mutants killed / live: 77 (10-211-0) / 172
    [junit] MAJOR: ------------------------------------------------------------
    [junit] MAJOR: 16/26 - com.google.javascript.jscomp.SourceFile_ESTest13 (18ms / 62):
    [junit] MAJOR: 263806 (13 / 62 / 62) -> AVG-RTPM: 249ms
    [junit] MAJOR: Mutants killed / live: 90 (10-273-0) / 159
    [junit] MAJOR: ------------------------------------------------------------
    [junit] MAJOR: 17/26 - com.google.javascript.jscomp.SourceFile_ESTest20 (23ms / 68):
    [junit] MAJOR: 281018 (47 / 68 / 68) -> AVG-RTPM: 253ms
    [junit] MAJOR: Mutants killed / live: 137 (10-341-0) / 112
    [junit] MAJOR: ------------------------------------------------------------
    [junit] MAJOR: 18/26 - com.google.javascript.jscomp.SourceFile_ESTest26 (25ms / 33):
    [junit] MAJOR: 290231 (0 / 33 / 33) -> AVG-RTPM: 279ms
    [junit] MAJOR: Mutants killed / live: 137 (10-374-0) / 112
    [junit] MAJOR: ------------------------------------------------------------
    [junit] MAJOR: 19/26 - com.google.javascript.jscomp.SourceFile_ESTest22 (27ms / 98):
    [junit] MAJOR: 314136 (77 / 98 / 98) -> AVG-RTPM: 243ms
    [junit] MAJOR: Mutants killed / live: 214 (10-472-0) / 35
    [junit] MAJOR: ------------------------------------------------------------
    [junit] MAJOR: 20/26 - com.google.javascript.jscomp.SourceFile_ESTest25 (28ms / 108):
    [junit] MAJOR: 342774 (24 / 108 / 108) -> AVG-RTPM: 265ms
    [junit] MAJOR: Mutants killed / live: 238 (10-580-0) / 11
    [junit] MAJOR: ------------------------------------------------------------
    [junit] MAJOR: 21/26 - com.google.javascript.jscomp.SourceFile_ESTest24 (29ms / 104):
    [junit] MAJOR: 368474 (0 / 104 / 104) -> AVG-RTPM: 247ms
    [junit] MAJOR: Mutants killed / live: 238 (10-684-0) / 11
    [junit] MAJOR: ------------------------------------------------------------
    [junit] MAJOR: 22/26 - com.google.javascript.jscomp.SourceFile_ESTest23 (30ms / 95):
    [junit] MAJOR: 392593 (0 / 95 / 95) -> AVG-RTPM: 253ms
    [junit] MAJOR: Mutants killed / live: 238 (10-779-0) / 11
    [junit] MAJOR: ------------------------------------------------------------
    [junit] MAJOR: 23/26 - com.google.javascript.jscomp.SourceFile_ESTest0 (31ms / 24):
    [junit] MAJOR: 400138 (4 / 24 / 24) -> AVG-RTPM: 314ms
    [junit] MAJOR: Mutants killed / live: 242 (10-803-0) / 7
    [junit] MAJOR: ------------------------------------------------------------
    [junit] MAJOR: 24/26 - com.google.javascript.jscomp.SourceFile_ESTest17 (41ms / 20):
    [junit] MAJOR: 406458 (0 / 20 / 20) -> AVG-RTPM: 316ms
    [junit] MAJOR: Mutants killed / live: 242 (10-823-0) / 7
    [junit] MAJOR: ------------------------------------------------------------
    [junit] MAJOR: 25/26 - com.google.javascript.jscomp.SourceFile_ESTest18 (42ms / 24):
    [junit] MAJOR: 412224 (0 / 24 / 24) -> AVG-RTPM: 240ms
    [junit] MAJOR: Mutants killed / live: 242 (10-847-0) / 7
    [junit] MAJOR: ------------------------------------------------------------
    [junit] MAJOR: 26/26 - com.google.javascript.jscomp.SourceFile_ESTest21 (101ms / 57):
    [junit] MAJOR: 426489 (7 / 57 / 57) -> AVG-RTPM: 250ms
    [junit] MAJOR: Mutants killed / live: 249 (10-904-0) / 0
    [junit] MAJOR: ------------------------------------------------------------
    [junit] MAJOR: Summary:
    [junit] MAJOR: 
    [junit] MAJOR: Analysis time:  426.5 seconds
    [junit] MAJOR: Mutation score: 89.25% (100.00%)
    [junit] MAJOR: Mutants killed / live: 249 (10-904-0) / 0
    [junit] MAJOR: Mutant executions: 1066
    [junit] MAJOR: ------------------------------------------------------------
    [junit] MAJOR: Export summary of results (to summary.csv)
    [junit] MAJOR: Export mutant kill details (to /tmp/run_mutation.pl_31330_1501666564/56f/kill.csv)
    [junit] MAJOR: Export kill map (to killMap.csv)!

BUILD SUCCESSFUL
Total time: 7 minutes 41 seconds
