
rhino:

properties:

init:

compile:

compile-most:
    [javac] /tmp/run_mutation.pl_8499_1501281367/62f/lib/rhino/src/mozilla/js/rhino/src/build.xml:68: warning: 'includeantruntime' was not set, defaulting to build.sysclasspath=last; set to false for repeatable builds

compile-jdk15:
    [javac] /tmp/run_mutation.pl_8499_1501281367/62f/lib/rhino/src/mozilla/js/rhino/src/build.xml:87: warning: 'includeantruntime' was not set, defaulting to build.sysclasspath=last; set to false for repeatable builds

compile:

properties:

compile:
    [javac] /tmp/run_mutation.pl_8499_1501281367/62f/lib/rhino/src/mozilla/js/rhino/toolsrc/build.xml:55: warning: 'includeantruntime' was not set, defaulting to build.sysclasspath=last; set to false for repeatable builds

xmlimplsrc-compile:
     [echo] Calling /tmp/run_mutation.pl_8499_1501281367/62f/lib/rhino/src/mozilla/js/rhino/xmlimplsrc/build.xml

compile:

compile-all:

compile:
    [javac] /tmp/run_mutation.pl_8499_1501281367/62f/lib/rhino/src/mozilla/js/rhino/deprecatedsrc/build.xml:49: warning: 'includeantruntime' was not set, defaulting to build.sysclasspath=last; set to false for repeatable builds

jar:

rhino-jarjar:
   [jarjar] Updating jar: /tmp/run_mutation.pl_8499_1501281367/62f/build/lib/rhino.jar

svnversion:

compile:
    [javac] /tmp/run_mutation.pl_8499_1501281367/62f/build.xml:218: warning: 'includeantruntime' was not set, defaulting to build.sysclasspath=last; set to false for repeatable builds
    [javac] /tmp/run_mutation.pl_8499_1501281367/62f/build.xml:224: warning: 'includeantruntime' was not set, defaulting to build.sysclasspath=last; set to false for repeatable builds
[propertyfile] Updating property file: /tmp/run_mutation.pl_8499_1501281367/62f/build/classes/com/google/javascript/jscomp/parsing/ParserConfig.properties

compile-tests:
    [mkdir] Created dir: /tmp/run_mutation.pl_8499_1501281367/62f/build/test
    [javac] /tmp/run_mutation.pl_8499_1501281367/62f/build.xml:289: warning: 'includeantruntime' was not set, defaulting to build.sysclasspath=last; set to false for repeatable builds
    [javac] Compiling 396 source files to /tmp/run_mutation.pl_8499_1501281367/62f/build/test
    [javac] warning: [options] bootstrap class path not set in conjunction with -source 1.6
    [javac] 1 warning
    [javac] /tmp/run_mutation.pl_8499_1501281367/62f/build.xml:294: warning: 'includeantruntime' was not set, defaulting to build.sysclasspath=last; set to false for repeatable builds
    [javac] Compiling 212 source files to /tmp/run_mutation.pl_8499_1501281367/62f/build/test
    [javac] warning: [options] bootstrap class path not set in conjunction with -source 1.6
    [javac] 1 warning

compile.tests:

update.all.tests:

mutation.test:
     [echo] Running mutation analysis ...
    [junit] MAJOR: Mutation analysis enabled
SLF4J: Failed to load class "org.slf4j.impl.StaticLoggerBinder".
SLF4J: Defaulting to no-operation (NOP) logger implementation
SLF4J: See http://www.slf4j.org/codes.html#StaticLoggerBinder for further details.
    [junit] MAJOR: ------------------------------------------------------------
    [junit] MAJOR: Run 10 ordered tests to verify independence
    [junit] MAJOR: ------------------------------------------------------------
    [junit] MAJOR: Preprocessing time: 17.40 seconds
    [junit] MAJOR: ------------------------------------------------------------
    [junit] MAJOR: Mutants generated: 166
    [junit] MAJOR: Mutants covered:   120 (72.29%)
    [junit] MAJOR: ------------------------------------------------------------
    [junit] MAJOR: Export test map to (testMap.csv)
    [junit] MAJOR: Export coverage map to (covMap.csv)
    [junit] MAJOR: Exclude 0 mutants
    [junit] MAJOR: ------------------------------------------------------------
    [junit] MAJOR: Run mutation analysis with 10 individual tests
    [junit] MAJOR: ------------------------------------------------------------
    [junit] MAJOR: 1/10 - com.google.javascript.jscomp.LightweightMessageFormatter_ESTest6 (25ms / 68):
    [junit] MAJOR: 111660 (40 / 68 / 68) -> AVG-RTPM: 1642ms
    [junit] MAJOR: Mutants killed / live: 40 (20-19-1) / 80
    [junit] MAJOR: ------------------------------------------------------------
    [junit] MAJOR: 2/10 - com.google.javascript.jscomp.LightweightMessageFormatter_ESTest5 (27ms / 28):
    [junit] MAJOR: 114444 (29 / 28 / 28) -> AVG-RTPM: 99ms
    [junit] MAJOR: Mutants killed / live: 69 (20-48-1) / 51
    [junit] MAJOR: ------------------------------------------------------------
    [junit] MAJOR: 3/10 - com.google.javascript.jscomp.LightweightMessageFormatter_ESTest8 (27ms / 12):
    [junit] MAJOR: 114913 (6 / 12 / 12) -> AVG-RTPM: 39ms
    [junit] MAJOR: Mutants killed / live: 75 (20-60-1) / 45
    [junit] MAJOR: ------------------------------------------------------------
    [junit] MAJOR: 4/10 - com.google.javascript.jscomp.LightweightMessageFormatter_ESTest3 (28ms / 17):
    [junit] MAJOR: 115454 (1 / 17 / 17) -> AVG-RTPM: 31ms
    [junit] MAJOR: Mutants killed / live: 76 (20-77-1) / 44
    [junit] MAJOR: ------------------------------------------------------------
    [junit] MAJOR: 5/10 - com.google.javascript.jscomp.LightweightMessageFormatter_ESTest9 (28ms / 83):
    [junit] MAJOR: 118232 (40 / 83 / 83) -> AVG-RTPM: 33ms
    [junit] MAJOR: Mutants killed / live: 116 (20-160-1) / 4
    [junit] MAJOR: ------------------------------------------------------------
    [junit] MAJOR: 6/10 - com.google.javascript.jscomp.LightweightMessageFormatter_ESTest4 (31ms / 6):
    [junit] MAJOR: 118423 (2 / 6 / 6) -> AVG-RTPM: 31ms
    [junit] MAJOR: Mutants killed / live: 118 (20-166-1) / 2
    [junit] MAJOR: ------------------------------------------------------------
    [junit] MAJOR: 7/10 - com.google.javascript.jscomp.LightweightMessageFormatter_ESTest7 (31ms / 3):
    [junit] MAJOR: 118519 (0 / 3 / 3) -> AVG-RTPM: 32ms
    [junit] MAJOR: Mutants killed / live: 118 (20-169-1) / 2
    [junit] MAJOR: ------------------------------------------------------------
    [junit] MAJOR: 8/10 - com.google.javascript.jscomp.LightweightMessageFormatter_ESTest1 (32ms / 30):
    [junit] MAJOR: 119475 (2 / 30 / 30) -> AVG-RTPM: 31ms
    [junit] MAJOR: Mutants killed / live: 120 (20-199-1) / 0
    [junit] MAJOR: ------------------------------------------------------------
    [junit] MAJOR: 9/10 - com.google.javascript.jscomp.LightweightMessageFormatter_ESTest0 (44ms / 0):
    [junit] MAJOR: 119475 (0 / 0 / 0) -> AVG-RTPM: 0ms
    [junit] MAJOR: Mutants killed / live: 120 (20-199-1) / 0
    [junit] MAJOR: ------------------------------------------------------------
    [junit] MAJOR: 10/10 - com.google.javascript.jscomp.LightweightMessageFormatter_ESTest2 (98ms / 2):
    [junit] MAJOR: 119540 (0 / 2 / 2) -> AVG-RTPM: 32ms
    [junit] MAJOR: Mutants killed / live: 120 (20-201-1) / 0
    [junit] MAJOR: ------------------------------------------------------------
    [junit] MAJOR: Summary:
    [junit] MAJOR: 
    [junit] MAJOR: Analysis time:  119.5 seconds
    [junit] MAJOR: Mutation score: 72.29% (100.00%)
    [junit] MAJOR: Mutants killed / live: 120 (20-201-1) / 0
    [junit] MAJOR: Mutant executions: 249
    [junit] MAJOR: ------------------------------------------------------------
    [junit] MAJOR: Export summary of results (to summary.csv)
    [junit] MAJOR: Export mutant kill details (to /tmp/run_mutation.pl_8499_1501281367/62f/kill.csv)
    [junit] MAJOR: Export kill map (to killMap.csv)!

BUILD SUCCESSFUL
Total time: 2 minutes 29 seconds
