
svnversion:

compile:
    [javac] /tmp/run_mutation.pl_43774_1501651252/66f/build.xml:185: warning: 'includeantruntime' was not set, defaulting to build.sysclasspath=last; set to false for repeatable builds
    [javac] /tmp/run_mutation.pl_43774_1501651252/66f/build.xml:191: warning: 'includeantruntime' was not set, defaulting to build.sysclasspath=last; set to false for repeatable builds
[propertyfile] Updating property file: /tmp/run_mutation.pl_43774_1501651252/66f/build/classes/com/google/javascript/jscomp/parsing/ParserConfig.properties

compile-tests:
    [mkdir] Created dir: /tmp/run_mutation.pl_43774_1501651252/66f/build/test
    [javac] /tmp/run_mutation.pl_43774_1501651252/66f/build.xml:255: warning: 'includeantruntime' was not set, defaulting to build.sysclasspath=last; set to false for repeatable builds
    [javac] Compiling 391 source files to /tmp/run_mutation.pl_43774_1501651252/66f/build/test
    [javac] warning: [options] bootstrap class path not set in conjunction with -source 1.6
    [javac] 1 warning
    [javac] /tmp/run_mutation.pl_43774_1501651252/66f/build.xml:260: warning: 'includeantruntime' was not set, defaulting to build.sysclasspath=last; set to false for repeatable builds
    [javac] Compiling 211 source files to /tmp/run_mutation.pl_43774_1501651252/66f/build/test
    [javac] warning: [options] bootstrap class path not set in conjunction with -source 1.6
    [javac] 1 warning

compile.tests:

update.all.tests:

mutation.test:
     [echo] Running mutation analysis ...
    [junit] MAJOR: Mutation analysis enabled
SLF4J: Failed to load class "org.slf4j.impl.StaticLoggerBinder".
SLF4J: Defaulting to no-operation (NOP) logger implementation
SLF4J: See http://www.slf4j.org/codes.html#StaticLoggerBinder for further details.
    [junit] MAJOR: ------------------------------------------------------------
    [junit] MAJOR: Run 8 ordered tests to verify independence
    [junit] MAJOR: ------------------------------------------------------------
    [junit] MAJOR: Preprocessing time: 18.76 seconds
    [junit] MAJOR: ------------------------------------------------------------
    [junit] MAJOR: Mutants generated: 1244
    [junit] MAJOR: Mutants covered:   327 (26.29%)
    [junit] MAJOR: ------------------------------------------------------------
    [junit] MAJOR: Export test map to (testMap.csv)
    [junit] MAJOR: Export coverage map to (covMap.csv)
    [junit] MAJOR: Exclude 0 mutants
    [junit] MAJOR: ------------------------------------------------------------
    [junit] MAJOR: Run mutation analysis with 8 individual tests
    [junit] MAJOR: ------------------------------------------------------------
    [junit] MAJOR: 1/8 - com.google.javascript.jscomp.TypeCheck_ESTest7 (42ms / 31):
    [junit] MAJOR: 47913 (14 / 31 / 31) -> AVG-RTPM: 1545ms
    [junit] MAJOR: Mutants killed / live: 14 (10-4-0) / 313
    [junit] MAJOR: ------------------------------------------------------------
    [junit] MAJOR: 2/8 - com.google.javascript.jscomp.TypeCheck_ESTest3 (46ms / 20):
    [junit] MAJOR: 91434 (0 / 20 / 20) -> AVG-RTPM: 2176ms
    [junit] MAJOR: Mutants killed / live: 14 (10-4-0) / 313
    [junit] MAJOR: ------------------------------------------------------------
    [junit] MAJOR: 3/8 - com.google.javascript.jscomp.TypeCheck_ESTest4 (49ms / 24):
    [junit] MAJOR: 159907 (3 / 24 / 24) -> AVG-RTPM: 2853ms
    [junit] MAJOR: Mutants killed / live: 17 (10-7-0) / 310
    [junit] MAJOR: ------------------------------------------------------------
    [junit] MAJOR: 4/8 - com.google.javascript.jscomp.TypeCheck_ESTest5 (60ms / 186):
    [junit] MAJOR: 263116 (172 / 186 / 186) -> AVG-RTPM: 554ms
    [junit] MAJOR: Mutants killed / live: 189 (10-179-0) / 138
    [junit] MAJOR: ------------------------------------------------------------
    [junit] MAJOR: 5/8 - com.google.javascript.jscomp.TypeCheck_ESTest2 (72ms / 97):
    [junit] MAJOR: 274708 (50 / 97 / 97) -> AVG-RTPM: 119ms
    [junit] MAJOR: Mutants killed / live: 239 (10-276-0) / 88
    [junit] MAJOR: ------------------------------------------------------------
    [junit] MAJOR: 6/8 - com.google.javascript.jscomp.TypeCheck_ESTest1 (110ms / 239):
    [junit] MAJOR: 303850 (80 / 239 / 239) -> AVG-RTPM: 121ms
    [junit] MAJOR: Mutants killed / live: 319 (10-515-0) / 8
    [junit] MAJOR: ------------------------------------------------------------
    [junit] MAJOR: 7/8 - com.google.javascript.jscomp.TypeCheck_ESTest6 (131ms / 194):
    [junit] MAJOR: 326960 (0 / 194 / 194) -> AVG-RTPM: 119ms
    [junit] MAJOR: Mutants killed / live: 319 (10-709-0) / 8
    [junit] MAJOR: ------------------------------------------------------------
    [junit] MAJOR: 8/8 - com.google.javascript.jscomp.TypeCheck_ESTest0 (163ms / 13):
    [junit] MAJOR: 328714 (1 / 13 / 13) -> AVG-RTPM: 134ms
    [junit] MAJOR: Mutants killed / live: 320 (10-722-0) / 7
    [junit] MAJOR: ------------------------------------------------------------
    [junit] MAJOR: Summary:
    [junit] MAJOR: 
    [junit] MAJOR: Analysis time:  328.7 seconds
    [junit] MAJOR: Mutation score: 25.72% (97.86%)
    [junit] MAJOR: Mutants killed / live: 320 (10-722-0) / 7
    [junit] MAJOR: Mutant executions: 804
    [junit] MAJOR: ------------------------------------------------------------
    [junit] MAJOR: Export summary of results (to summary.csv)
    [junit] MAJOR: Export mutant kill details (to /tmp/run_mutation.pl_43774_1501651252/66f/kill.csv)
    [junit] MAJOR: Export kill map (to killMap.csv)!

BUILD SUCCESSFUL
Total time: 6 minutes 4 seconds
