
svnversion:

compile:
    [javac] /tmp/run_mutation.pl_97179_1500954959/66f/build.xml:185: warning: 'includeantruntime' was not set, defaulting to build.sysclasspath=last; set to false for repeatable builds
    [javac] /tmp/run_mutation.pl_97179_1500954959/66f/build.xml:191: warning: 'includeantruntime' was not set, defaulting to build.sysclasspath=last; set to false for repeatable builds
[propertyfile] Updating property file: /tmp/run_mutation.pl_97179_1500954959/66f/build/classes/com/google/javascript/jscomp/parsing/ParserConfig.properties

compile-tests:
    [mkdir] Created dir: /tmp/run_mutation.pl_97179_1500954959/66f/build/test
    [javac] /tmp/run_mutation.pl_97179_1500954959/66f/build.xml:255: warning: 'includeantruntime' was not set, defaulting to build.sysclasspath=last; set to false for repeatable builds
    [javac] Compiling 391 source files to /tmp/run_mutation.pl_97179_1500954959/66f/build/test
    [javac] warning: [options] bootstrap class path not set in conjunction with -source 1.6
    [javac] 1 warning
    [javac] /tmp/run_mutation.pl_97179_1500954959/66f/build.xml:260: warning: 'includeantruntime' was not set, defaulting to build.sysclasspath=last; set to false for repeatable builds
    [javac] Compiling 211 source files to /tmp/run_mutation.pl_97179_1500954959/66f/build/test
    [javac] warning: [options] bootstrap class path not set in conjunction with -source 1.6
    [javac] 1 warning

compile.tests:

update.all.tests:

mutation.test:
     [echo] Running mutation analysis ...
    [junit] MAJOR: Mutation analysis enabled
SLF4J: Failed to load class "org.slf4j.impl.StaticLoggerBinder".
SLF4J: Defaulting to no-operation (NOP) logger implementation
SLF4J: See http://www.slf4j.org/codes.html#StaticLoggerBinder for further details.
    [junit] MAJOR: ------------------------------------------------------------
    [junit] MAJOR: Run 11 ordered tests to verify independence
    [junit] MAJOR: ------------------------------------------------------------
    [junit] MAJOR: Preprocessing time: 18.30 seconds
    [junit] MAJOR: ------------------------------------------------------------
    [junit] MAJOR: Mutants generated: 1244
    [junit] MAJOR: Mutants covered:   176 (14.15%)
    [junit] MAJOR: ------------------------------------------------------------
    [junit] MAJOR: Export test map to (testMap.csv)
    [junit] MAJOR: Export coverage map to (covMap.csv)
    [junit] MAJOR: Exclude 0 mutants
    [junit] MAJOR: ------------------------------------------------------------
    [junit] MAJOR: Run mutation analysis with 11 individual tests
    [junit] MAJOR: ------------------------------------------------------------
    [junit] MAJOR: 1/11 - com.google.javascript.jscomp.TypeCheck_ESTest7 (30ms / 55):
    [junit] MAJOR: 70517 (13 / 55 / 55) -> AVG-RTPM: 1282ms
    [junit] MAJOR: Mutants killed / live: 13 (1-12-0) / 163
    [junit] MAJOR: ------------------------------------------------------------
    [junit] MAJOR: 2/11 - com.google.javascript.jscomp.TypeCheck_ESTest10 (32ms / 31):
    [junit] MAJOR: 144595 (14 / 31 / 31) -> AVG-RTPM: 2389ms
    [junit] MAJOR: Mutants killed / live: 27 (11-16-0) / 149
    [junit] MAJOR: ------------------------------------------------------------
    [junit] MAJOR: 3/11 - com.google.javascript.jscomp.TypeCheck_ESTest5 (32ms / 15):
    [junit] MAJOR: 192028 (1 / 15 / 15) -> AVG-RTPM: 3162ms
    [junit] MAJOR: Mutants killed / live: 28 (12-16-0) / 148
    [junit] MAJOR: ------------------------------------------------------------
    [junit] MAJOR: 4/11 - com.google.javascript.jscomp.TypeCheck_ESTest4 (33ms / 24):
    [junit] MAJOR: 286199 (5 / 24 / 24) -> AVG-RTPM: 3923ms
    [junit] MAJOR: Mutants killed / live: 33 (12-21-0) / 143
    [junit] MAJOR: ------------------------------------------------------------
    [junit] MAJOR: 5/11 - com.google.javascript.jscomp.TypeCheck_ESTest2 (38ms / 41):
    [junit] MAJOR: 393643 (17 / 41 / 41) -> AVG-RTPM: 2620ms
    [junit] MAJOR: Mutants killed / live: 50 (12-47-0) / 126
    [junit] MAJOR: ------------------------------------------------------------
    [junit] MAJOR: 6/11 - com.google.javascript.jscomp.TypeCheck_ESTest8 (38ms / 66):
    [junit] MAJOR: 400444 (35 / 66 / 66) -> AVG-RTPM: 103ms
    [junit] MAJOR: Mutants killed / live: 85 (12-113-0) / 91
    [junit] MAJOR: ------------------------------------------------------------
    [junit] MAJOR: 7/11 - com.google.javascript.jscomp.TypeCheck_ESTest9 (40ms / 90):
    [junit] MAJOR: 410281 (68 / 90 / 90) -> AVG-RTPM: 109ms
    [junit] MAJOR: Mutants killed / live: 153 (12-203-0) / 23
    [junit] MAJOR: ------------------------------------------------------------
    [junit] MAJOR: 8/11 - com.google.javascript.jscomp.TypeCheck_ESTest3 (41ms / 19):
    [junit] MAJOR: 412167 (6 / 19 / 19) -> AVG-RTPM: 99ms
    [junit] MAJOR: Mutants killed / live: 159 (12-222-0) / 17
    [junit] MAJOR: ------------------------------------------------------------
    [junit] MAJOR: 9/11 - com.google.javascript.jscomp.TypeCheck_ESTest1 (43ms / 63):
    [junit] MAJOR: 418716 (0 / 63 / 63) -> AVG-RTPM: 103ms
    [junit] MAJOR: Mutants killed / live: 159 (12-285-0) / 17
    [junit] MAJOR: ------------------------------------------------------------
    [junit] MAJOR: 10/11 - com.google.javascript.jscomp.TypeCheck_ESTest6 (52ms / 21):
    [junit] MAJOR: 420684 (8 / 21 / 21) -> AVG-RTPM: 93ms
    [junit] MAJOR: Mutants killed / live: 167 (12-306-0) / 9
    [junit] MAJOR: ------------------------------------------------------------
    [junit] MAJOR: 11/11 - com.google.javascript.jscomp.TypeCheck_ESTest0 (127ms / 25):
    [junit] MAJOR: 423090 (7 / 25 / 25) -> AVG-RTPM: 96ms
    [junit] MAJOR: Mutants killed / live: 174 (12-331-0) / 2
    [junit] MAJOR: ------------------------------------------------------------
    [junit] MAJOR: Summary:
    [junit] MAJOR: 
    [junit] MAJOR: Analysis time:  423.1 seconds
    [junit] MAJOR: Mutation score: 13.99% (98.86%)
    [junit] MAJOR: Mutants killed / live: 174 (12-331-0) / 2
    [junit] MAJOR: Mutant executions: 450
    [junit] MAJOR: ------------------------------------------------------------
    [junit] MAJOR: Export summary of results (to summary.csv)
    [junit] MAJOR: Export mutant kill details (to /tmp/run_mutation.pl_97179_1500954959/66f/kill.csv)
    [junit] MAJOR: Export kill map (to killMap.csv)!

BUILD SUCCESSFUL
Total time: 7 minutes 31 seconds
