
svnversion:

compile:
    [javac] /tmp/run_mutation.pl_99987_1500956131/69f/build.xml:185: warning: 'includeantruntime' was not set, defaulting to build.sysclasspath=last; set to false for repeatable builds
    [javac] /tmp/run_mutation.pl_99987_1500956131/69f/build.xml:191: warning: 'includeantruntime' was not set, defaulting to build.sysclasspath=last; set to false for repeatable builds
[propertyfile] Updating property file: /tmp/run_mutation.pl_99987_1500956131/69f/build/classes/com/google/javascript/jscomp/parsing/ParserConfig.properties

compile-tests:
    [mkdir] Created dir: /tmp/run_mutation.pl_99987_1500956131/69f/build/test
    [javac] /tmp/run_mutation.pl_99987_1500956131/69f/build.xml:255: warning: 'includeantruntime' was not set, defaulting to build.sysclasspath=last; set to false for repeatable builds
    [javac] Compiling 391 source files to /tmp/run_mutation.pl_99987_1500956131/69f/build/test
    [javac] warning: [options] bootstrap class path not set in conjunction with -source 1.6
    [javac] 1 warning
    [javac] /tmp/run_mutation.pl_99987_1500956131/69f/build.xml:260: warning: 'includeantruntime' was not set, defaulting to build.sysclasspath=last; set to false for repeatable builds
    [javac] Compiling 210 source files to /tmp/run_mutation.pl_99987_1500956131/69f/build/test
    [javac] warning: [options] bootstrap class path not set in conjunction with -source 1.6
    [javac] 1 warning

compile.tests:

update.all.tests:

mutation.test:
     [echo] Running mutation analysis ...
    [junit] MAJOR: Mutation analysis enabled
SLF4J: Failed to load class "org.slf4j.impl.StaticLoggerBinder".
SLF4J: Defaulting to no-operation (NOP) logger implementation
SLF4J: See http://www.slf4j.org/codes.html#StaticLoggerBinder for further details.
    [junit] MAJOR: ------------------------------------------------------------
    [junit] MAJOR: Run 87 ordered tests to verify independence
    [junit] MAJOR: ------------------------------------------------------------
    [junit] MAJOR: Preprocessing time: 323.29 seconds
    [junit] MAJOR: ------------------------------------------------------------
    [junit] MAJOR: Mutants generated: 1242
    [junit] MAJOR: Mutants covered:   211 (16.99%)
    [junit] MAJOR: ------------------------------------------------------------
    [junit] MAJOR: Export test map to (testMap.csv)
    [junit] MAJOR: Export coverage map to (covMap.csv)
    [junit] MAJOR: Exclude 0 mutants
    [junit] MAJOR: ------------------------------------------------------------
    [junit] MAJOR: Run mutation analysis with 87 individual tests
    [junit] MAJOR: ------------------------------------------------------------
    [junit] MAJOR: 1/87 - com.google.javascript.jscomp.TypeCheck_ESTest32 (26ms / 0):
    [junit] MAJOR: 0 (0 / 0 / 0) -> AVG-RTPM: 0ms
    [junit] MAJOR: Mutants killed / live: 0 (0-0-0) / 211
    [junit] MAJOR: ------------------------------------------------------------
    [junit] MAJOR: 2/87 - com.google.javascript.jscomp.TypeCheck_ESTest23 (28ms / 0):
    [junit] MAJOR: 1 (0 / 0 / 0) -> AVG-RTPM: 0ms
    [junit] MAJOR: Mutants killed / live: 0 (0-0-0) / 211
    [junit] MAJOR: ------------------------------------------------------------
    [junit] MAJOR: 3/87 - com.google.javascript.jscomp.TypeCheck_ESTest30 (29ms / 0):
    [junit] MAJOR: 1 (0 / 0 / 0) -> AVG-RTPM: 0ms
    [junit] MAJOR: Mutants killed / live: 0 (0-0-0) / 211
    [junit] MAJOR: ------------------------------------------------------------
    [junit] MAJOR: 4/87 - com.google.javascript.jscomp.TypeCheck_ESTest22 (32ms / 48):
    [junit] MAJOR: 118958 (30 / 48 / 48) -> AVG-RTPM: 2478ms
    [junit] MAJOR: Mutants killed / live: 30 (0-30-0) / 181
    [junit] MAJOR: ------------------------------------------------------------
    [junit] MAJOR: 5/87 - com.google.javascript.jscomp.TypeCheck_ESTest24 (32ms / 36):
    [junit] MAJOR: 123641 (14 / 36 / 36) -> AVG-RTPM: 130ms
    [junit] MAJOR: Mutants killed / live: 44 (0-66-0) / 167
    [junit] MAJOR: ------------------------------------------------------------
    [junit] MAJOR: 6/87 - com.google.javascript.jscomp.TypeCheck_ESTest28 (32ms / 36):
    [junit] MAJOR: 128465 (0 / 36 / 36) -> AVG-RTPM: 134ms
    [junit] MAJOR: Mutants killed / live: 44 (0-102-0) / 167
    [junit] MAJOR: ------------------------------------------------------------
    [junit] MAJOR: 7/87 - com.google.javascript.jscomp.TypeCheck_ESTest33 (32ms / 48):
    [junit] MAJOR: 134717 (5 / 48 / 48) -> AVG-RTPM: 130ms
    [junit] MAJOR: Mutants killed / live: 49 (0-150-0) / 162
    [junit] MAJOR: ------------------------------------------------------------
    [junit] MAJOR: 8/87 - com.google.javascript.jscomp.TypeCheck_ESTest36 (32ms / 26):
    [junit] MAJOR: 138226 (0 / 26 / 26) -> AVG-RTPM: 134ms
    [junit] MAJOR: Mutants killed / live: 49 (0-176-0) / 162
    [junit] MAJOR: ------------------------------------------------------------
    [junit] MAJOR: 9/87 - com.google.javascript.jscomp.TypeCheck_ESTest58 (32ms / 36):
    [junit] MAJOR: 142988 (1 / 36 / 36) -> AVG-RTPM: 132ms
    [junit] MAJOR: Mutants killed / live: 50 (0-212-0) / 161
    [junit] MAJOR: ------------------------------------------------------------
    [junit] MAJOR: 10/87 - com.google.javascript.jscomp.TypeCheck_ESTest26 (33ms / 35):
    [junit] MAJOR: 147491 (0 / 35 / 35) -> AVG-RTPM: 128ms
    [junit] MAJOR: Mutants killed / live: 50 (0-247-0) / 161
    [junit] MAJOR: ------------------------------------------------------------
    [junit] MAJOR: 11/87 - com.google.javascript.jscomp.TypeCheck_ESTest29 (33ms / 37):
    [junit] MAJOR: 152475 (2 / 37 / 37) -> AVG-RTPM: 134ms
    [junit] MAJOR: Mutants killed / live: 52 (0-284-0) / 159
    [junit] MAJOR: ------------------------------------------------------------
    [junit] MAJOR: 12/87 - com.google.javascript.jscomp.TypeCheck_ESTest35 (33ms / 14):
    [junit] MAJOR: 154117 (0 / 14 / 14) -> AVG-RTPM: 117ms
    [junit] MAJOR: Mutants killed / live: 52 (0-298-0) / 159
    [junit] MAJOR: ------------------------------------------------------------
    [junit] MAJOR: 13/87 - com.google.javascript.jscomp.TypeCheck_ESTest38 (33ms / 54):
    [junit] MAJOR: 161388 (18 / 54 / 54) -> AVG-RTPM: 134ms
    [junit] MAJOR: Mutants killed / live: 70 (0-352-0) / 141
    [junit] MAJOR: ------------------------------------------------------------
    [junit] MAJOR: 14/87 - com.google.javascript.jscomp.TypeCheck_ESTest4 (33ms / 35):
    [junit] MAJOR: 166210 (1 / 35 / 35) -> AVG-RTPM: 137ms
    [junit] MAJOR: Mutants killed / live: 71 (0-387-0) / 140
    [junit] MAJOR: ------------------------------------------------------------
    [junit] MAJOR: 15/87 - com.google.javascript.jscomp.TypeCheck_ESTest45 (33ms / 34):
    [junit] MAJOR: 171396 (2 / 34 / 34) -> AVG-RTPM: 152ms
    [junit] MAJOR: Mutants killed / live: 73 (0-421-0) / 138
    [junit] MAJOR: ------------------------------------------------------------
    [junit] MAJOR: 16/87 - com.google.javascript.jscomp.TypeCheck_ESTest47 (33ms / 49):
    [junit] MAJOR: 177782 (14 / 49 / 49) -> AVG-RTPM: 130ms
    [junit] MAJOR: Mutants killed / live: 87 (0-470-0) / 124
    [junit] MAJOR: ------------------------------------------------------------
    [junit] MAJOR: 17/87 - com.google.javascript.jscomp.TypeCheck_ESTest48 (33ms / 33):
    [junit] MAJOR: 182160 (0 / 33 / 33) -> AVG-RTPM: 132ms
    [junit] MAJOR: Mutants killed / live: 87 (0-503-0) / 124
    [junit] MAJOR: ------------------------------------------------------------
    [junit] MAJOR: 18/87 - com.google.javascript.jscomp.TypeCheck_ESTest54 (33ms / 16):
    [junit] MAJOR: 184282 (4 / 16 / 16) -> AVG-RTPM: 132ms
    [junit] MAJOR: Mutants killed / live: 91 (0-519-0) / 120
    [junit] MAJOR: ------------------------------------------------------------
    [junit] MAJOR: 19/87 - com.google.javascript.jscomp.TypeCheck_ESTest55 (33ms / 45):
    [junit] MAJOR: 190049 (0 / 45 / 45) -> AVG-RTPM: 128ms
    [junit] MAJOR: Mutants killed / live: 91 (0-564-0) / 120
    [junit] MAJOR: ------------------------------------------------------------
    [junit] MAJOR: 20/87 - com.google.javascript.jscomp.TypeCheck_ESTest56 (33ms / 36):
    [junit] MAJOR: 194902 (0 / 36 / 36) -> AVG-RTPM: 134ms
    [junit] MAJOR: Mutants killed / live: 91 (0-600-0) / 120
    [junit] MAJOR: ------------------------------------------------------------
    [junit] MAJOR: 21/87 - com.google.javascript.jscomp.TypeCheck_ESTest15 (34ms / 48):
    [junit] MAJOR: 201168 (0 / 48 / 48) -> AVG-RTPM: 130ms
    [junit] MAJOR: Mutants killed / live: 91 (0-648-0) / 120
    [junit] MAJOR: ------------------------------------------------------------
    [junit] MAJOR: 22/87 - com.google.javascript.jscomp.TypeCheck_ESTest40 (34ms / 46):
    [junit] MAJOR: 207270 (8 / 46 / 46) -> AVG-RTPM: 132ms
    [junit] MAJOR: Mutants killed / live: 99 (0-694-0) / 112
    [junit] MAJOR: ------------------------------------------------------------
    [junit] MAJOR: 23/87 - com.google.javascript.jscomp.TypeCheck_ESTest41 (34ms / 34):
    [junit] MAJOR: 211744 (1 / 34 / 34) -> AVG-RTPM: 131ms
    [junit] MAJOR: Mutants killed / live: 100 (0-728-0) / 111
    [junit] MAJOR: ------------------------------------------------------------
    [junit] MAJOR: 24/87 - com.google.javascript.jscomp.TypeCheck_ESTest42 (34ms / 37):
    [junit] MAJOR: 216751 (1 / 37 / 37) -> AVG-RTPM: 135ms
    [junit] MAJOR: Mutants killed / live: 101 (0-765-0) / 110
    [junit] MAJOR: ------------------------------------------------------------
    [junit] MAJOR: 25/87 - com.google.javascript.jscomp.TypeCheck_ESTest50 (34ms / 49):
    [junit] MAJOR: 223129 (0 / 49 / 49) -> AVG-RTPM: 130ms
    [junit] MAJOR: Mutants killed / live: 101 (0-814-0) / 110
    [junit] MAJOR: ------------------------------------------------------------
    [junit] MAJOR: 26/87 - com.google.javascript.jscomp.TypeCheck_ESTest51 (34ms / 49):
    [junit] MAJOR: 230229 (0 / 49 / 49) -> AVG-RTPM: 144ms
    [junit] MAJOR: Mutants killed / live: 101 (0-863-0) / 110
    [junit] MAJOR: ------------------------------------------------------------
    [junit] MAJOR: 27/87 - com.google.javascript.jscomp.TypeCheck_ESTest53 (34ms / 36):
    [junit] MAJOR: 235084 (0 / 36 / 36) -> AVG-RTPM: 134ms
    [junit] MAJOR: Mutants killed / live: 101 (0-899-0) / 110
    [junit] MAJOR: ------------------------------------------------------------
    [junit] MAJOR: 28/87 - com.google.javascript.jscomp.TypeCheck_ESTest59 (34ms / 46):
    [junit] MAJOR: 241127 (11 / 46 / 46) -> AVG-RTPM: 131ms
    [junit] MAJOR: Mutants killed / live: 112 (0-945-0) / 99
    [junit] MAJOR: ------------------------------------------------------------
    [junit] MAJOR: 29/87 - com.google.javascript.jscomp.TypeCheck_ESTest6 (34ms / 35):
    [junit] MAJOR: 245764 (0 / 35 / 35) -> AVG-RTPM: 132ms
    [junit] MAJOR: Mutants killed / live: 112 (0-980-0) / 99
    [junit] MAJOR: ------------------------------------------------------------
    [junit] MAJOR: 30/87 - com.google.javascript.jscomp.TypeCheck_ESTest61 (34ms / 35):
    [junit] MAJOR: 250643 (0 / 35 / 35) -> AVG-RTPM: 139ms
    [junit] MAJOR: Mutants killed / live: 112 (0-1015-0) / 99
    [junit] MAJOR: ------------------------------------------------------------
    [junit] MAJOR: 31/87 - com.google.javascript.jscomp.TypeCheck_ESTest67 (34ms / 36):
    [junit] MAJOR: 255363 (0 / 36 / 36) -> AVG-RTPM: 131ms
    [junit] MAJOR: Mutants killed / live: 112 (0-1051-0) / 99
    [junit] MAJOR: ------------------------------------------------------------
    [junit] MAJOR: 32/87 - com.google.javascript.jscomp.TypeCheck_ESTest72 (34ms / 49):
    [junit] MAJOR: 261875 (2 / 49 / 49) -> AVG-RTPM: 132ms
    [junit] MAJOR: Mutants killed / live: 114 (0-1100-0) / 97
    [junit] MAJOR: ------------------------------------------------------------
    [junit] MAJOR: 33/87 - com.google.javascript.jscomp.TypeCheck_ESTest75 (34ms / 35):
    [junit] MAJOR: 266529 (0 / 35 / 35) -> AVG-RTPM: 132ms
    [junit] MAJOR: Mutants killed / live: 114 (0-1135-0) / 97
    [junit] MAJOR: ------------------------------------------------------------
    [junit] MAJOR: 34/87 - com.google.javascript.jscomp.TypeCheck_ESTest10 (35ms / 15):
    [junit] MAJOR: 268501 (3 / 15 / 15) -> AVG-RTPM: 131ms
    [junit] MAJOR: Mutants killed / live: 117 (0-1150-0) / 94
    [junit] MAJOR: ------------------------------------------------------------
    [junit] MAJOR: 35/87 - com.google.javascript.jscomp.TypeCheck_ESTest2 (35ms / 37):
    [junit] MAJOR: 273365 (0 / 37 / 37) -> AVG-RTPM: 131ms
    [junit] MAJOR: Mutants killed / live: 117 (0-1187-0) / 94
    [junit] MAJOR: ------------------------------------------------------------
    [junit] MAJOR: 36/87 - com.google.javascript.jscomp.TypeCheck_ESTest5 (35ms / 46):
    [junit] MAJOR: 279516 (0 / 46 / 46) -> AVG-RTPM: 133ms
    [junit] MAJOR: Mutants killed / live: 117 (0-1233-0) / 94
    [junit] MAJOR: ------------------------------------------------------------
    [junit] MAJOR: 37/87 - com.google.javascript.jscomp.TypeCheck_ESTest52 (35ms / 48):
    [junit] MAJOR: 286260 (0 / 48 / 48) -> AVG-RTPM: 140ms
    [junit] MAJOR: Mutants killed / live: 117 (0-1281-0) / 94
    [junit] MAJOR: ------------------------------------------------------------
    [junit] MAJOR: 38/87 - com.google.javascript.jscomp.TypeCheck_ESTest69 (35ms / 48):
    [junit] MAJOR: 291969 (0 / 48 / 48) -> AVG-RTPM: 118ms
    [junit] MAJOR: Mutants killed / live: 117 (0-1329-0) / 94
    [junit] MAJOR: ------------------------------------------------------------
    [junit] MAJOR: 39/87 - com.google.javascript.jscomp.TypeCheck_ESTest70 (35ms / 35):
    [junit] MAJOR: 296505 (0 / 35 / 35) -> AVG-RTPM: 129ms
    [junit] MAJOR: Mutants killed / live: 117 (0-1364-0) / 94
    [junit] MAJOR: ------------------------------------------------------------
    [junit] MAJOR: 40/87 - com.google.javascript.jscomp.TypeCheck_ESTest73 (35ms / 35):
    [junit] MAJOR: 301094 (0 / 35 / 35) -> AVG-RTPM: 131ms
    [junit] MAJOR: Mutants killed / live: 117 (0-1399-0) / 94
    [junit] MAJOR: ------------------------------------------------------------
    [junit] MAJOR: 41/87 - com.google.javascript.jscomp.TypeCheck_ESTest76 (35ms / 49):
    [junit] MAJOR: 307448 (0 / 49 / 49) -> AVG-RTPM: 129ms
    [junit] MAJOR: Mutants killed / live: 117 (0-1448-0) / 94
    [junit] MAJOR: ------------------------------------------------------------
    [junit] MAJOR: 42/87 - com.google.javascript.jscomp.TypeCheck_ESTest78 (35ms / 46):
    [junit] MAJOR: 313300 (0 / 46 / 46) -> AVG-RTPM: 127ms
    [junit] MAJOR: Mutants killed / live: 117 (0-1494-0) / 94
    [junit] MAJOR: ------------------------------------------------------------
    [junit] MAJOR: 43/87 - com.google.javascript.jscomp.TypeCheck_ESTest8 (35ms / 46):
    [junit] MAJOR: 319367 (0 / 46 / 46) -> AVG-RTPM: 131ms
    [junit] MAJOR: Mutants killed / live: 117 (0-1540-0) / 94
    [junit] MAJOR: ------------------------------------------------------------
    [junit] MAJOR: 44/87 - com.google.javascript.jscomp.TypeCheck_ESTest84 (35ms / 35):
    [junit] MAJOR: 323909 (0 / 35 / 35) -> AVG-RTPM: 129ms
    [junit] MAJOR: Mutants killed / live: 117 (0-1575-0) / 94
    [junit] MAJOR: ------------------------------------------------------------
    [junit] MAJOR: 45/87 - com.google.javascript.jscomp.TypeCheck_ESTest19 (36ms / 89):
    [junit] MAJOR: 335735 (54 / 89 / 89) -> AVG-RTPM: 132ms
    [junit] MAJOR: Mutants killed / live: 171 (0-1664-0) / 40
    [junit] MAJOR: ------------------------------------------------------------
    [junit] MAJOR: 46/87 - com.google.javascript.jscomp.TypeCheck_ESTest34 (36ms / 69):
    [junit] MAJOR: 344792 (20 / 69 / 69) -> AVG-RTPM: 131ms
    [junit] MAJOR: Mutants killed / live: 191 (0-1733-0) / 20
    [junit] MAJOR: ------------------------------------------------------------
    [junit] MAJOR: 47/87 - com.google.javascript.jscomp.TypeCheck_ESTest46 (36ms / 36):
    [junit] MAJOR: 350300 (0 / 36 / 36) -> AVG-RTPM: 153ms
    [junit] MAJOR: Mutants killed / live: 191 (0-1769-0) / 20
    [junit] MAJOR: ------------------------------------------------------------
    [junit] MAJOR: 48/87 - com.google.javascript.jscomp.TypeCheck_ESTest60 (36ms / 48):
    [junit] MAJOR: 356704 (0 / 48 / 48) -> AVG-RTPM: 133ms
    [junit] MAJOR: Mutants killed / live: 191 (0-1817-0) / 20
    [junit] MAJOR: ------------------------------------------------------------
    [junit] MAJOR: 49/87 - com.google.javascript.jscomp.TypeCheck_ESTest66 (36ms / 35):
    [junit] MAJOR: 361322 (0 / 35 / 35) -> AVG-RTPM: 131ms
    [junit] MAJOR: Mutants killed / live: 191 (0-1852-0) / 20
    [junit] MAJOR: ------------------------------------------------------------
    [junit] MAJOR: 50/87 - com.google.javascript.jscomp.TypeCheck_ESTest68 (36ms / 35):
    [junit] MAJOR: 365908 (0 / 35 / 35) -> AVG-RTPM: 131ms
    [junit] MAJOR: Mutants killed / live: 191 (0-1887-0) / 20
    [junit] MAJOR: ------------------------------------------------------------
    [junit] MAJOR: 51/87 - com.google.javascript.jscomp.TypeCheck_ESTest74 (36ms / 36):
    [junit] MAJOR: 370629 (0 / 36 / 36) -> AVG-RTPM: 131ms
    [junit] MAJOR: Mutants killed / live: 191 (0-1923-0) / 20
    [junit] MAJOR: ------------------------------------------------------------
    [junit] MAJOR: 52/87 - com.google.javascript.jscomp.TypeCheck_ESTest80 (36ms / 48):
    [junit] MAJOR: 376967 (0 / 48 / 48) -> AVG-RTPM: 132ms
    [junit] MAJOR: Mutants killed / live: 191 (0-1971-0) / 20
    [junit] MAJOR: ------------------------------------------------------------
    [junit] MAJOR: 53/87 - com.google.javascript.jscomp.TypeCheck_ESTest86 (36ms / 15):
    [junit] MAJOR: 378860 (1 / 15 / 15) -> AVG-RTPM: 126ms
    [junit] MAJOR: Mutants killed / live: 192 (0-1986-0) / 19
    [junit] MAJOR: ------------------------------------------------------------
    [junit] MAJOR: 54/87 - com.google.javascript.jscomp.TypeCheck_ESTest9 (36ms / 49):
    [junit] MAJOR: 385445 (0 / 49 / 49) -> AVG-RTPM: 134ms
    [junit] MAJOR: Mutants killed / live: 192 (0-2035-0) / 19
    [junit] MAJOR: ------------------------------------------------------------
    [junit] MAJOR: 55/87 - com.google.javascript.jscomp.TypeCheck_ESTest17 (37ms / 50):
    [junit] MAJOR: 392033 (6 / 50 / 50) -> AVG-RTPM: 131ms
    [junit] MAJOR: Mutants killed / live: 198 (0-2085-0) / 13
    [junit] MAJOR: ------------------------------------------------------------
    [junit] MAJOR: 56/87 - com.google.javascript.jscomp.TypeCheck_ESTest20 (37ms / 82):
    [junit] MAJOR: 403040 (0 / 82 / 82) -> AVG-RTPM: 134ms
    [junit] MAJOR: Mutants killed / live: 198 (0-2167-0) / 13
    [junit] MAJOR: ------------------------------------------------------------
    [junit] MAJOR: 57/87 - com.google.javascript.jscomp.TypeCheck_ESTest25 (37ms / 36):
    [junit] MAJOR: 408640 (1 / 36 / 36) -> AVG-RTPM: 155ms
    [junit] MAJOR: Mutants killed / live: 199 (0-2203-0) / 12
    [junit] MAJOR: ------------------------------------------------------------
    [junit] MAJOR: 58/87 - com.google.javascript.jscomp.TypeCheck_ESTest27 (37ms / 49):
    [junit] MAJOR: 415325 (0 / 49 / 49) -> AVG-RTPM: 136ms
    [junit] MAJOR: Mutants killed / live: 199 (0-2252-0) / 12
    [junit] MAJOR: ------------------------------------------------------------
    [junit] MAJOR: 59/87 - com.google.javascript.jscomp.TypeCheck_ESTest3 (37ms / 82):
    [junit] MAJOR: 426548 (0 / 82 / 82) -> AVG-RTPM: 136ms
    [junit] MAJOR: Mutants killed / live: 199 (0-2334-0) / 12
    [junit] MAJOR: ------------------------------------------------------------
    [junit] MAJOR: 60/87 - com.google.javascript.jscomp.TypeCheck_ESTest81 (37ms / 48):
    [junit] MAJOR: 433009 (0 / 48 / 48) -> AVG-RTPM: 134ms
    [junit] MAJOR: Mutants killed / live: 199 (0-2382-0) / 12
    [junit] MAJOR: ------------------------------------------------------------
    [junit] MAJOR: 61/87 - com.google.javascript.jscomp.TypeCheck_ESTest14 (38ms / 49):
    [junit] MAJOR: 439566 (0 / 49 / 49) -> AVG-RTPM: 133ms
    [junit] MAJOR: Mutants killed / live: 199 (0-2431-0) / 12
    [junit] MAJOR: ------------------------------------------------------------
    [junit] MAJOR: 62/87 - com.google.javascript.jscomp.TypeCheck_ESTest21 (38ms / 82):
    [junit] MAJOR: 450775 (0 / 82 / 82) -> AVG-RTPM: 136ms
    [junit] MAJOR: Mutants killed / live: 199 (0-2513-0) / 12
    [junit] MAJOR: ------------------------------------------------------------
    [junit] MAJOR: 63/87 - com.google.javascript.jscomp.TypeCheck_ESTest49 (38ms / 70):
    [junit] MAJOR: 460081 (0 / 70 / 70) -> AVG-RTPM: 132ms
    [junit] MAJOR: Mutants killed / live: 199 (0-2583-0) / 12
    [junit] MAJOR: ------------------------------------------------------------
    [junit] MAJOR: 64/87 - com.google.javascript.jscomp.TypeCheck_ESTest63 (38ms / 13):
    [junit] MAJOR: 461973 (1 / 13 / 13) -> AVG-RTPM: 145ms
    [junit] MAJOR: Mutants killed / live: 200 (0-2596-0) / 11
    [junit] MAJOR: ------------------------------------------------------------
    [junit] MAJOR: 65/87 - com.google.javascript.jscomp.TypeCheck_ESTest65 (38ms / 14):
    [junit] MAJOR: 463935 (0 / 14 / 14) -> AVG-RTPM: 140ms
    [junit] MAJOR: Mutants killed / live: 200 (0-2610-0) / 11
    [junit] MAJOR: ------------------------------------------------------------
    [junit] MAJOR: 66/87 - com.google.javascript.jscomp.TypeCheck_ESTest7 (38ms / 54):
    [junit] MAJOR: 471984 (0 / 54 / 54) -> AVG-RTPM: 149ms
    [junit] MAJOR: Mutants killed / live: 200 (0-2664-0) / 11
    [junit] MAJOR: ------------------------------------------------------------
    [junit] MAJOR: 67/87 - com.google.javascript.jscomp.TypeCheck_ESTest77 (38ms / 36):
    [junit] MAJOR: 476853 (0 / 36 / 36) -> AVG-RTPM: 135ms
    [junit] MAJOR: Mutants killed / live: 200 (0-2700-0) / 11
    [junit] MAJOR: ------------------------------------------------------------
    [junit] MAJOR: 68/87 - com.google.javascript.jscomp.TypeCheck_ESTest79 (38ms / 35):
    [junit] MAJOR: 481596 (0 / 35 / 35) -> AVG-RTPM: 135ms
    [junit] MAJOR: Mutants killed / live: 200 (0-2735-0) / 11
    [junit] MAJOR: ------------------------------------------------------------
    [junit] MAJOR: 69/87 - com.google.javascript.jscomp.TypeCheck_ESTest83 (38ms / 31):
    [junit] MAJOR: 486255 (0 / 31 / 31) -> AVG-RTPM: 150ms
    [junit] MAJOR: Mutants killed / live: 200 (0-2766-0) / 11
    [junit] MAJOR: ------------------------------------------------------------
    [junit] MAJOR: 70/87 - com.google.javascript.jscomp.TypeCheck_ESTest85 (38ms / 48):
    [junit] MAJOR: 492770 (0 / 48 / 48) -> AVG-RTPM: 135ms
    [junit] MAJOR: Mutants killed / live: 200 (0-2814-0) / 11
    [junit] MAJOR: ------------------------------------------------------------
    [junit] MAJOR: 71/87 - com.google.javascript.jscomp.TypeCheck_ESTest1 (39ms / 48):
    [junit] MAJOR: 499318 (0 / 48 / 48) -> AVG-RTPM: 136ms
    [junit] MAJOR: Mutants killed / live: 200 (0-2862-0) / 11
    [junit] MAJOR: ------------------------------------------------------------
    [junit] MAJOR: 72/87 - com.google.javascript.jscomp.TypeCheck_ESTest31 (39ms / 77):
    [junit] MAJOR: 509672 (8 / 77 / 77) -> AVG-RTPM: 134ms
    [junit] MAJOR: Mutants killed / live: 208 (0-2939-0) / 3
    [junit] MAJOR: ------------------------------------------------------------
    [junit] MAJOR: 73/87 - com.google.javascript.jscomp.TypeCheck_ESTest37 (39ms / 36):
    [junit] MAJOR: 514782 (0 / 36 / 36) -> AVG-RTPM: 141ms
    [junit] MAJOR: Mutants killed / live: 208 (0-2975-0) / 3
    [junit] MAJOR: ------------------------------------------------------------
    [junit] MAJOR: 74/87 - com.google.javascript.jscomp.TypeCheck_ESTest62 (39ms / 33):
    [junit] MAJOR: 519296 (0 / 33 / 33) -> AVG-RTPM: 136ms
    [junit] MAJOR: Mutants killed / live: 208 (0-3008-0) / 3
    [junit] MAJOR: ------------------------------------------------------------
    [junit] MAJOR: 75/87 - com.google.javascript.jscomp.TypeCheck_ESTest43 (40ms / 48):
    [junit] MAJOR: 526004 (2 / 48 / 48) -> AVG-RTPM: 139ms
    [junit] MAJOR: Mutants killed / live: 210 (0-3056-0) / 1
    [junit] MAJOR: ------------------------------------------------------------
    [junit] MAJOR: 76/87 - com.google.javascript.jscomp.TypeCheck_ESTest71 (40ms / 69):
    [junit] MAJOR: 536133 (0 / 69 / 69) -> AVG-RTPM: 146ms
    [junit] MAJOR: Mutants killed / live: 210 (0-3125-0) / 1
    [junit] MAJOR: ------------------------------------------------------------
    [junit] MAJOR: 77/87 - com.google.javascript.jscomp.TypeCheck_ESTest11 (41ms / 36):
    [junit] MAJOR: 541066 (0 / 36 / 36) -> AVG-RTPM: 137ms
    [junit] MAJOR: Mutants killed / live: 210 (0-3161-0) / 1
    [junit] MAJOR: ------------------------------------------------------------
    [junit] MAJOR: 78/87 - com.google.javascript.jscomp.TypeCheck_ESTest12 (41ms / 48):
    [junit] MAJOR: 547632 (0 / 48 / 48) -> AVG-RTPM: 136ms
    [junit] MAJOR: Mutants killed / live: 210 (0-3209-0) / 1
    [junit] MAJOR: ------------------------------------------------------------
    [junit] MAJOR: 79/87 - com.google.javascript.jscomp.TypeCheck_ESTest18 (42ms / 46):
    [junit] MAJOR: 553754 (0 / 46 / 46) -> AVG-RTPM: 133ms
    [junit] MAJOR: Mutants killed / live: 210 (0-3255-0) / 1
    [junit] MAJOR: ------------------------------------------------------------
    [junit] MAJOR: 80/87 - com.google.javascript.jscomp.TypeCheck_ESTest39 (42ms / 36):
    [junit] MAJOR: 558907 (0 / 36 / 36) -> AVG-RTPM: 143ms
    [junit] MAJOR: Mutants killed / live: 210 (0-3291-0) / 1
    [junit] MAJOR: ------------------------------------------------------------
    [junit] MAJOR: 81/87 - com.google.javascript.jscomp.TypeCheck_ESTest82 (42ms / 82):
    [junit] MAJOR: 570117 (0 / 82 / 82) -> AVG-RTPM: 136ms
    [junit] MAJOR: Mutants killed / live: 210 (0-3373-0) / 1
    [junit] MAJOR: ------------------------------------------------------------
    [junit] MAJOR: 82/87 - com.google.javascript.jscomp.TypeCheck_ESTest13 (43ms / 79):
    [junit] MAJOR: 580949 (0 / 79 / 79) -> AVG-RTPM: 137ms
    [junit] MAJOR: Mutants killed / live: 210 (0-3452-0) / 1
    [junit] MAJOR: ------------------------------------------------------------
    [junit] MAJOR: 83/87 - com.google.javascript.jscomp.TypeCheck_ESTest57 (45ms / 82):
    [junit] MAJOR: 593181 (0 / 82 / 82) -> AVG-RTPM: 149ms
    [junit] MAJOR: Mutants killed / live: 210 (0-3534-0) / 1
    [junit] MAJOR: ------------------------------------------------------------
    [junit] MAJOR: 84/87 - com.google.javascript.jscomp.TypeCheck_ESTest64 (46ms / 9):
    [junit] MAJOR: 594705 (0 / 9 / 9) -> AVG-RTPM: 169ms
    [junit] MAJOR: Mutants killed / live: 210 (0-3543-0) / 1
    [junit] MAJOR: ------------------------------------------------------------
    [junit] MAJOR: 85/87 - com.google.javascript.jscomp.TypeCheck_ESTest16 (53ms / 36):
    [junit] MAJOR: 599683 (0 / 36 / 36) -> AVG-RTPM: 138ms
    [junit] MAJOR: Mutants killed / live: 210 (0-3579-0) / 1
    [junit] MAJOR: ------------------------------------------------------------
    [junit] MAJOR: 86/87 - com.google.javascript.jscomp.TypeCheck_ESTest0 (66ms / 58):
    [junit] MAJOR: 609588 (1 / 58 / 58) -> AVG-RTPM: 170ms
    [junit] MAJOR: Mutants killed / live: 211 (0-3637-0) / 0
    [junit] MAJOR: ------------------------------------------------------------
    [junit] MAJOR: 87/87 - com.google.javascript.jscomp.TypeCheck_ESTest44 (82ms / 9):
    [junit] MAJOR: 610989 (0 / 9 / 9) -> AVG-RTPM: 155ms
    [junit] MAJOR: Mutants killed / live: 211 (0-3646-0) / 0
    [junit] MAJOR: ------------------------------------------------------------
    [junit] MAJOR: Summary:
    [junit] MAJOR: 
    [junit] MAJOR: Analysis time:  611.0 seconds
    [junit] MAJOR: Mutation score: 16.99% (100.00%)
    [junit] MAJOR: Mutants killed / live: 211 (0-3646-0) / 0
    [junit] MAJOR: Mutant executions: 3664
    [junit] MAJOR: ------------------------------------------------------------
    [junit] MAJOR: Export summary of results (to summary.csv)
    [junit] MAJOR: Export mutant kill details (to /tmp/run_mutation.pl_99987_1500956131/69f/kill.csv)
    [junit] MAJOR: Export kill map (to killMap.csv)!

BUILD SUCCESSFUL
Total time: 15 minutes 44 seconds
