
svnversion:

compile:
    [javac] /tmp/run_mutation.pl_55711_1483711271/69f/build.xml:185: warning: 'includeantruntime' was not set, defaulting to build.sysclasspath=last; set to false for repeatable builds
    [javac] /tmp/run_mutation.pl_55711_1483711271/69f/build.xml:191: warning: 'includeantruntime' was not set, defaulting to build.sysclasspath=last; set to false for repeatable builds
[propertyfile] Updating property file: /tmp/run_mutation.pl_55711_1483711271/69f/build/classes/com/google/javascript/jscomp/parsing/ParserConfig.properties

compile-tests:
    [mkdir] Created dir: /tmp/run_mutation.pl_55711_1483711271/69f/build/test
    [javac] /tmp/run_mutation.pl_55711_1483711271/69f/build.xml:255: warning: 'includeantruntime' was not set, defaulting to build.sysclasspath=last; set to false for repeatable builds
    [javac] Compiling 391 source files to /tmp/run_mutation.pl_55711_1483711271/69f/build/test
    [javac] warning: [options] bootstrap class path not set in conjunction with -source 1.6
    [javac] 1 warning
    [javac] /tmp/run_mutation.pl_55711_1483711271/69f/build.xml:260: warning: 'includeantruntime' was not set, defaulting to build.sysclasspath=last; set to false for repeatable builds
    [javac] Compiling 210 source files to /tmp/run_mutation.pl_55711_1483711271/69f/build/test
    [javac] warning: [options] bootstrap class path not set in conjunction with -source 1.6
    [javac] 1 warning

compile.tests:

update.all.tests:

mutation.test:
     [echo] Running mutation analysis ...
    [junit] MAJOR: Mutation analysis enabled
SLF4J: Failed to load class "org.slf4j.impl.StaticLoggerBinder".
SLF4J: Defaulting to no-operation (NOP) logger implementation
SLF4J: See http://www.slf4j.org/codes.html#StaticLoggerBinder for further details.
    [junit] MAJOR: ------------------------------------------------------------
    [junit] MAJOR: Run 24 ordered tests to verify independence
    [junit] MAJOR: ------------------------------------------------------------
    [junit] MAJOR: Preprocessing time: 54.07 seconds
    [junit] MAJOR: ------------------------------------------------------------
    [junit] MAJOR: Mutants generated: 1242
    [junit] MAJOR: Mutants covered:   169 (13.61%)
    [junit] MAJOR: ------------------------------------------------------------
    [junit] MAJOR: Export test map to (testMap.csv)
    [junit] MAJOR: Export coverage map to (covMap.csv)
    [junit] MAJOR: Exclude 0 mutants
    [junit] MAJOR: ------------------------------------------------------------
    [junit] MAJOR: Run mutation analysis with 24 individual tests
    [junit] MAJOR: ------------------------------------------------------------
    [junit] MAJOR: 1/24 - com.google.javascript.jscomp.TypeCheck_ESTest14 (32ms / 9):
    [junit] MAJOR: 13963 (0 / 9 / 9) -> AVG-RTPM: 1551ms
    [junit] MAJOR: Mutants killed / live: 0 (0-0-0) / 169
    [junit] MAJOR: ------------------------------------------------------------
    [junit] MAJOR: 2/24 - com.google.javascript.jscomp.TypeCheck_ESTest17 (35ms / 9):
    [junit] MAJOR: 28993 (0 / 9 / 9) -> AVG-RTPM: 1670ms
    [junit] MAJOR: Mutants killed / live: 0 (0-0-0) / 169
    [junit] MAJOR: ------------------------------------------------------------
    [junit] MAJOR: 3/24 - com.google.javascript.jscomp.TypeCheck_ESTest9 (36ms / 25):
    [junit] MAJOR: 87701 (3 / 25 / 25) -> AVG-RTPM: 2348ms
    [junit] MAJOR: Mutants killed / live: 3 (0-3-0) / 166
    [junit] MAJOR: ------------------------------------------------------------
    [junit] MAJOR: 4/24 - com.google.javascript.jscomp.TypeCheck_ESTest11 (37ms / 109):
    [junit] MAJOR: 197753 (88 / 109 / 109) -> AVG-RTPM: 1009ms
    [junit] MAJOR: Mutants killed / live: 91 (0-91-0) / 78
    [junit] MAJOR: ------------------------------------------------------------
    [junit] MAJOR: 5/24 - com.google.javascript.jscomp.TypeCheck_ESTest12 (39ms / 93):
    [junit] MAJOR: 205769 (19 / 93 / 93) -> AVG-RTPM: 86ms
    [junit] MAJOR: Mutants killed / live: 110 (0-184-0) / 59
    [junit] MAJOR: ------------------------------------------------------------
    [junit] MAJOR: 6/24 - com.google.javascript.jscomp.TypeCheck_ESTest23 (39ms / 58):
    [junit] MAJOR: 210786 (5 / 58 / 58) -> AVG-RTPM: 86ms
    [junit] MAJOR: Mutants killed / live: 115 (0-242-0) / 54
    [junit] MAJOR: ------------------------------------------------------------
    [junit] MAJOR: 7/24 - com.google.javascript.jscomp.TypeCheck_ESTest18 (40ms / 89):
    [junit] MAJOR: 219512 (1 / 89 / 89) -> AVG-RTPM: 98ms
    [junit] MAJOR: Mutants killed / live: 116 (0-331-0) / 53
    [junit] MAJOR: ------------------------------------------------------------
    [junit] MAJOR: 8/24 - com.google.javascript.jscomp.TypeCheck_ESTest22 (41ms / 76):
    [junit] MAJOR: 227251 (25 / 76 / 76) -> AVG-RTPM: 101ms
    [junit] MAJOR: Mutants killed / live: 141 (0-407-0) / 28
    [junit] MAJOR: ------------------------------------------------------------
    [junit] MAJOR: 9/24 - com.google.javascript.jscomp.TypeCheck_ESTest6 (41ms / 53):
    [junit] MAJOR: 232940 (0 / 53 / 53) -> AVG-RTPM: 107ms
    [junit] MAJOR: Mutants killed / live: 141 (0-460-0) / 28
    [junit] MAJOR: ------------------------------------------------------------
    [junit] MAJOR: 10/24 - com.google.javascript.jscomp.TypeCheck_ESTest15 (44ms / 60):
    [junit] MAJOR: 238388 (4 / 60 / 60) -> AVG-RTPM: 90ms
    [junit] MAJOR: Mutants killed / live: 145 (0-520-0) / 24
    [junit] MAJOR: ------------------------------------------------------------
    [junit] MAJOR: 11/24 - com.google.javascript.jscomp.TypeCheck_ESTest2 (45ms / 65):
    [junit] MAJOR: 244197 (0 / 65 / 65) -> AVG-RTPM: 89ms
    [junit] MAJOR: Mutants killed / live: 145 (0-585-0) / 24
    [junit] MAJOR: ------------------------------------------------------------
    [junit] MAJOR: 12/24 - com.google.javascript.jscomp.TypeCheck_ESTest4 (54ms / 107):
    [junit] MAJOR: 253553 (0 / 107 / 107) -> AVG-RTPM: 87ms
    [junit] MAJOR: Mutants killed / live: 145 (0-692-0) / 24
    [junit] MAJOR: ------------------------------------------------------------
    [junit] MAJOR: 13/24 - com.google.javascript.jscomp.TypeCheck_ESTest5 (66ms / 65):
    [junit] MAJOR: 258497 (0 / 65 / 65) -> AVG-RTPM: 76ms
    [junit] MAJOR: Mutants killed / live: 145 (0-757-0) / 24
    [junit] MAJOR: ------------------------------------------------------------
    [junit] MAJOR: 14/24 - com.google.javascript.jscomp.TypeCheck_ESTest3 (72ms / 58):
    [junit] MAJOR: 263794 (0 / 58 / 58) -> AVG-RTPM: 91ms
    [junit] MAJOR: Mutants killed / live: 145 (0-815-0) / 24
    [junit] MAJOR: ------------------------------------------------------------
    [junit] MAJOR: 15/24 - com.google.javascript.jscomp.TypeCheck_ESTest10 (76ms / 109):
    [junit] MAJOR: 275241 (0 / 109 / 109) -> AVG-RTPM: 105ms
    [junit] MAJOR: Mutants killed / live: 145 (0-924-0) / 24
    [junit] MAJOR: ------------------------------------------------------------
    [junit] MAJOR: 16/24 - com.google.javascript.jscomp.TypeCheck_ESTest8 (77ms / 80):
    [junit] MAJOR: 282857 (16 / 80 / 80) -> AVG-RTPM: 95ms
    [junit] MAJOR: Mutants killed / live: 161 (0-1004-0) / 8
    [junit] MAJOR: ------------------------------------------------------------
    [junit] MAJOR: 17/24 - com.google.javascript.jscomp.TypeCheck_ESTest21 (91ms / 18):
    [junit] MAJOR: 284552 (0 / 18 / 18) -> AVG-RTPM: 94ms
    [junit] MAJOR: Mutants killed / live: 161 (0-1022-0) / 8
    [junit] MAJOR: ------------------------------------------------------------
    [junit] MAJOR: 18/24 - com.google.javascript.jscomp.TypeCheck_ESTest16 (92ms / 13):
    [junit] MAJOR: 285773 (0 / 13 / 13) -> AVG-RTPM: 93ms
    [junit] MAJOR: Mutants killed / live: 161 (0-1035-0) / 8
    [junit] MAJOR: ------------------------------------------------------------
    [junit] MAJOR: 19/24 - com.google.javascript.jscomp.TypeCheck_ESTest13 (98ms / 26):
    [junit] MAJOR: 287900 (7 / 26 / 26) -> AVG-RTPM: 81ms
    [junit] MAJOR: Mutants killed / live: 168 (0-1061-0) / 1
    [junit] MAJOR: ------------------------------------------------------------
    [junit] MAJOR: 20/24 - com.google.javascript.jscomp.TypeCheck_ESTest1 (109ms / 80):
    [junit] MAJOR: 296421 (0 / 80 / 80) -> AVG-RTPM: 106ms
    [junit] MAJOR: Mutants killed / live: 168 (0-1141-0) / 1
    [junit] MAJOR: ------------------------------------------------------------
    [junit] MAJOR: 21/24 - com.google.javascript.jscomp.TypeCheck_ESTest20 (110ms / 20):
    [junit] MAJOR: 297615 (0 / 20 / 20) -> AVG-RTPM: 59ms
    [junit] MAJOR: Mutants killed / live: 168 (0-1161-0) / 1
    [junit] MAJOR: ------------------------------------------------------------
    [junit] MAJOR: 22/24 - com.google.javascript.jscomp.TypeCheck_ESTest19 (114ms / 80):
    [junit] MAJOR: 305862 (0 / 80 / 80) -> AVG-RTPM: 103ms
    [junit] MAJOR: Mutants killed / live: 168 (0-1241-0) / 1
    [junit] MAJOR: ------------------------------------------------------------
    [junit] MAJOR: 23/24 - com.google.javascript.jscomp.TypeCheck_ESTest0 (121ms / 24):
    [junit] MAJOR: 307968 (0 / 24 / 24) -> AVG-RTPM: 87ms
    [junit] MAJOR: Mutants killed / live: 168 (0-1265-0) / 1
    [junit] MAJOR: ------------------------------------------------------------
    [junit] MAJOR: 24/24 - com.google.javascript.jscomp.TypeCheck_ESTest7 (166ms / 109):
    [junit] MAJOR: 317990 (0 / 109 / 109) -> AVG-RTPM: 91ms
    [junit] MAJOR: Mutants killed / live: 168 (0-1374-0) / 1
    [junit] MAJOR: ------------------------------------------------------------
    [junit] MAJOR: Summary:
    [junit] MAJOR: 
    [junit] MAJOR: Analysis time:  318.0 seconds
    [junit] MAJOR: Mutation score: 13.53% (99.41%)
    [junit] MAJOR: Mutants killed / live: 168 (0-1374-0) / 1
    [junit] MAJOR: Mutant executions: 1435
    [junit] MAJOR: ------------------------------------------------------------
    [junit] MAJOR: Export summary of results (to summary.csv)
    [junit] MAJOR: Export mutant kill details (to /tmp/run_mutation.pl_55711_1483711271/69f/kill.csv)
    [junit] MAJOR: Export kill map (to killMap.csv)!

BUILD SUCCESSFUL
Total time: 6 minutes 23 seconds
