
svnversion:

compile:
    [javac] /tmp/run_mutation.pl_62124_1483711721/71f/build.xml:185: warning: 'includeantruntime' was not set, defaulting to build.sysclasspath=last; set to false for repeatable builds
    [javac] /tmp/run_mutation.pl_62124_1483711721/71f/build.xml:191: warning: 'includeantruntime' was not set, defaulting to build.sysclasspath=last; set to false for repeatable builds
[propertyfile] Updating property file: /tmp/run_mutation.pl_62124_1483711721/71f/build/classes/com/google/javascript/jscomp/parsing/ParserConfig.properties

compile-tests:
    [mkdir] Created dir: /tmp/run_mutation.pl_62124_1483711721/71f/build/test
    [javac] /tmp/run_mutation.pl_62124_1483711721/71f/build.xml:255: warning: 'includeantruntime' was not set, defaulting to build.sysclasspath=last; set to false for repeatable builds
    [javac] Compiling 384 source files to /tmp/run_mutation.pl_62124_1483711721/71f/build/test
    [javac] warning: [options] bootstrap class path not set in conjunction with -source 1.6
    [javac] 1 warning
    [javac] /tmp/run_mutation.pl_62124_1483711721/71f/build.xml:260: warning: 'includeantruntime' was not set, defaulting to build.sysclasspath=last; set to false for repeatable builds
    [javac] Compiling 207 source files to /tmp/run_mutation.pl_62124_1483711721/71f/build/test
    [javac] warning: [options] bootstrap class path not set in conjunction with -source 1.6
    [javac] 1 warning

compile.tests:

update.all.tests:

mutation.test:
     [echo] Running mutation analysis ...
    [junit] MAJOR: Mutation analysis enabled
SLF4J: Failed to load class "org.slf4j.impl.StaticLoggerBinder".
SLF4J: Defaulting to no-operation (NOP) logger implementation
SLF4J: See http://www.slf4j.org/codes.html#StaticLoggerBinder for further details.
    [junit] MAJOR: ------------------------------------------------------------
    [junit] MAJOR: Run 3 ordered tests to verify independence
    [junit] MAJOR: ------------------------------------------------------------
    [junit] MAJOR: Preprocessing time: 7.16 seconds
    [junit] MAJOR: ------------------------------------------------------------
    [junit] MAJOR: Mutants generated: 622
    [junit] MAJOR: Mutants covered:   129 (20.74%)
    [junit] MAJOR: ------------------------------------------------------------
    [junit] MAJOR: Export test map to (testMap.csv)
    [junit] MAJOR: Export coverage map to (covMap.csv)
    [junit] MAJOR: Exclude 0 mutants
    [junit] MAJOR: ------------------------------------------------------------
    [junit] MAJOR: Run mutation analysis with 3 individual tests
    [junit] MAJOR: ------------------------------------------------------------
    [junit] MAJOR: 1/3 - com.google.javascript.jscomp.CheckAccessControls_ESTest2 (42ms / 124):
    [junit] MAJOR: 281344 (17 / 124 / 124) -> AVG-RTPM: 2268ms
    [junit] MAJOR: Mutants killed / live: 17 (0-17-0) / 112
    [junit] MAJOR: ------------------------------------------------------------
    [junit] MAJOR: 2/3 - com.google.javascript.jscomp.CheckAccessControls_ESTest0 (80ms / 5):
    [junit] MAJOR: 302947 (1 / 5 / 5) -> AVG-RTPM: 4320ms
    [junit] MAJOR: Mutants killed / live: 18 (1-17-0) / 111
    [junit] MAJOR: ------------------------------------------------------------
    [junit] MAJOR: 3/3 - com.google.javascript.jscomp.CheckAccessControls_ESTest1 (112ms / 8):
    [junit] MAJOR: 340532 (0 / 8 / 8) -> AVG-RTPM: 4698ms
    [junit] MAJOR: Mutants killed / live: 18 (1-17-0) / 111
    [junit] MAJOR: ------------------------------------------------------------
    [junit] MAJOR: Summary:
    [junit] MAJOR: 
    [junit] MAJOR: Analysis time:  340.5 seconds
    [junit] MAJOR: Mutation score: 2.89% (13.95%)
    [junit] MAJOR: Mutants killed / live: 18 (1-17-0) / 111
    [junit] MAJOR: Mutant executions: 137
    [junit] MAJOR: ------------------------------------------------------------
    [junit] MAJOR: Export summary of results (to summary.csv)
    [junit] MAJOR: Export mutant kill details (to /tmp/run_mutation.pl_62124_1483711721/71f/kill.csv)
    [junit] MAJOR: Export kill map (to killMap.csv)!

BUILD SUCCESSFUL
Total time: 5 minutes 59 seconds
