
svnversion:

compile:
    [javac] /tmp/run_mutation.pl_64770_1483711906/72f/build.xml:185: warning: 'includeantruntime' was not set, defaulting to build.sysclasspath=last; set to false for repeatable builds
    [javac] /tmp/run_mutation.pl_64770_1483711906/72f/build.xml:191: warning: 'includeantruntime' was not set, defaulting to build.sysclasspath=last; set to false for repeatable builds
[propertyfile] Updating property file: /tmp/run_mutation.pl_64770_1483711906/72f/build/classes/com/google/javascript/jscomp/parsing/ParserConfig.properties

compile-tests:
    [mkdir] Created dir: /tmp/run_mutation.pl_64770_1483711906/72f/build/test
    [javac] /tmp/run_mutation.pl_64770_1483711906/72f/build.xml:255: warning: 'includeantruntime' was not set, defaulting to build.sysclasspath=last; set to false for repeatable builds
    [javac] Compiling 383 source files to /tmp/run_mutation.pl_64770_1483711906/72f/build/test
    [javac] warning: [options] bootstrap class path not set in conjunction with -source 1.6
    [javac] 1 warning
    [javac] /tmp/run_mutation.pl_64770_1483711906/72f/build.xml:260: warning: 'includeantruntime' was not set, defaulting to build.sysclasspath=last; set to false for repeatable builds
    [javac] Compiling 206 source files to /tmp/run_mutation.pl_64770_1483711906/72f/build/test
    [javac] warning: [options] bootstrap class path not set in conjunction with -source 1.6
    [javac] 1 warning

compile.tests:

update.all.tests:

mutation.test:
     [echo] Running mutation analysis ...
    [junit] MAJOR: Mutation analysis enabled
SLF4J: Failed to load class "org.slf4j.impl.StaticLoggerBinder".
SLF4J: Defaulting to no-operation (NOP) logger implementation
SLF4J: See http://www.slf4j.org/codes.html#StaticLoggerBinder for further details.
    [junit] MAJOR: ------------------------------------------------------------
    [junit] MAJOR: Run 8 ordered tests to verify independence
    [junit] MAJOR: ------------------------------------------------------------
    [junit] MAJOR: Preprocessing time: 16.01 seconds
    [junit] MAJOR: ------------------------------------------------------------
    [junit] MAJOR: Mutants generated: 293
    [junit] MAJOR: Mutants covered:   67 (22.87%)
    [junit] MAJOR: ------------------------------------------------------------
    [junit] MAJOR: Export test map to (testMap.csv)
    [junit] MAJOR: Export coverage map to (covMap.csv)
    [junit] MAJOR: Exclude 0 mutants
    [junit] MAJOR: ------------------------------------------------------------
    [junit] MAJOR: Run mutation analysis with 8 individual tests
    [junit] MAJOR: ------------------------------------------------------------
    [junit] MAJOR: 1/8 - com.google.javascript.jscomp.FunctionToBlockMutator_ESTest2 (26ms / 3):
    [junit] MAJOR: 2805 (1 / 3 / 3) -> AVG-RTPM: 935ms
    [junit] MAJOR: Mutants killed / live: 1 (0-1-0) / 66
    [junit] MAJOR: ------------------------------------------------------------
    [junit] MAJOR: 2/8 - com.google.javascript.jscomp.RenameLabels_ESTest1 (27ms / 6):
    [junit] MAJOR: 9059 (2 / 6 / 6) -> AVG-RTPM: 1042ms
    [junit] MAJOR: Mutants killed / live: 3 (0-3-0) / 64
    [junit] MAJOR: ------------------------------------------------------------
    [junit] MAJOR: 3/8 - com.google.javascript.jscomp.RenameLabels_ESTest3 (27ms / 6):
    [junit] MAJOR: 15678 (2 / 6 / 6) -> AVG-RTPM: 1103ms
    [junit] MAJOR: Mutants killed / live: 5 (3-3-0) / 62
    [junit] MAJOR: ------------------------------------------------------------
    [junit] MAJOR: 4/8 - com.google.javascript.jscomp.RenameLabels_ESTest4 (32ms / 7):
    [junit] MAJOR: 24773 (4 / 7 / 7) -> AVG-RTPM: 1299ms
    [junit] MAJOR: Mutants killed / live: 9 (4-6-0) / 58
    [junit] MAJOR: ------------------------------------------------------------
    [junit] MAJOR: 5/8 - com.google.javascript.jscomp.FunctionToBlockMutator_ESTest0 (40ms / 0):
    [junit] MAJOR: 24773 (0 / 0 / 0) -> AVG-RTPM: 0ms
    [junit] MAJOR: Mutants killed / live: 9 (4-6-0) / 58
    [junit] MAJOR: ------------------------------------------------------------
    [junit] MAJOR: 6/8 - com.google.javascript.jscomp.RenameLabels_ESTest0 (42ms / 60):
    [junit] MAJOR: 146818 (30 / 60 / 60) -> AVG-RTPM: 2034ms
    [junit] MAJOR: Mutants killed / live: 39 (4-37-0) / 28
    [junit] MAJOR: ------------------------------------------------------------
    [junit] MAJOR: 7/8 - com.google.javascript.jscomp.RenameLabels_ESTest2 (58ms / 6):
    [junit] MAJOR: 164542 (0 / 6 / 6) -> AVG-RTPM: 2954ms
    [junit] MAJOR: Mutants killed / live: 39 (4-39-0) / 28
    [junit] MAJOR: ------------------------------------------------------------
    [junit] MAJOR: 8/8 - com.google.javascript.jscomp.FunctionToBlockMutator_ESTest1 (67ms / 2):
    [junit] MAJOR: 170675 (0 / 2 / 2) -> AVG-RTPM: 3066ms
    [junit] MAJOR: Mutants killed / live: 39 (4-39-0) / 28
    [junit] MAJOR: ------------------------------------------------------------
    [junit] MAJOR: Summary:
    [junit] MAJOR: 
    [junit] MAJOR: Analysis time:  170.7 seconds
    [junit] MAJOR: Mutation score: 13.31% (58.21%)
    [junit] MAJOR: Mutants killed / live: 39 (4-39-0) / 28
    [junit] MAJOR: Mutant executions: 90
    [junit] MAJOR: ------------------------------------------------------------
    [junit] MAJOR: Export summary of results (to summary.csv)
    [junit] MAJOR: Export mutant kill details (to /tmp/run_mutation.pl_64770_1483711906/72f/kill.csv)
    [junit] MAJOR: Export kill map (to killMap.csv)!

BUILD SUCCESSFUL
Total time: 3 minutes 18 seconds
