
svnversion:

compile:
    [javac] /tmp/run_mutation.pl_9586_1483712731/77f/build.xml:184: warning: 'includeantruntime' was not set, defaulting to build.sysclasspath=last; set to false for repeatable builds
    [javac] /tmp/run_mutation.pl_9586_1483712731/77f/build.xml:190: warning: 'includeantruntime' was not set, defaulting to build.sysclasspath=last; set to false for repeatable builds
[propertyfile] Updating property file: /tmp/run_mutation.pl_9586_1483712731/77f/build/classes/com/google/javascript/jscomp/parsing/ParserConfig.properties

compile-tests:
    [mkdir] Created dir: /tmp/run_mutation.pl_9586_1483712731/77f/build/test
    [javac] /tmp/run_mutation.pl_9586_1483712731/77f/build.xml:254: warning: 'includeantruntime' was not set, defaulting to build.sysclasspath=last; set to false for repeatable builds
    [javac] Compiling 366 source files to /tmp/run_mutation.pl_9586_1483712731/77f/build/test
    [javac] warning: [options] bootstrap class path not set in conjunction with -source 1.6
    [javac] 1 warning
    [javac] /tmp/run_mutation.pl_9586_1483712731/77f/build.xml:259: warning: 'includeantruntime' was not set, defaulting to build.sysclasspath=last; set to false for repeatable builds
    [javac] Compiling 195 source files to /tmp/run_mutation.pl_9586_1483712731/77f/build/test
    [javac] warning: [options] bootstrap class path not set in conjunction with -source 1.6
    [javac] 1 warning

compile.tests:

update.all.tests:

mutation.test:
     [echo] Running mutation analysis ...
    [junit] MAJOR: Mutation analysis enabled
SLF4J: Failed to load class "org.slf4j.impl.StaticLoggerBinder".
SLF4J: Defaulting to no-operation (NOP) logger implementation
SLF4J: See http://www.slf4j.org/codes.html#StaticLoggerBinder for further details.
    [junit] MAJOR: ------------------------------------------------------------
    [junit] MAJOR: Run 13 ordered tests to verify independence
    [junit] MAJOR: ------------------------------------------------------------
    [junit] MAJOR: Preprocessing time: 27.73 seconds
    [junit] MAJOR: ------------------------------------------------------------
    [junit] MAJOR: Mutants generated: 1710
    [junit] MAJOR: Mutants covered:   463 (27.08%)
    [junit] MAJOR: ------------------------------------------------------------
    [junit] MAJOR: Export test map to (testMap.csv)
    [junit] MAJOR: Export coverage map to (covMap.csv)
    [junit] MAJOR: Exclude 0 mutants
    [junit] MAJOR: ------------------------------------------------------------
    [junit] MAJOR: Run mutation analysis with 13 individual tests
    [junit] MAJOR: ------------------------------------------------------------
    [junit] MAJOR: 1/13 - com.google.javascript.jscomp.CodeGenerator_ESTest12 (28ms / 271):
    [junit] MAJOR: 437320 (136 / 271 / 271) -> AVG-RTPM: 1613ms
    [junit] MAJOR: Mutants killed / live: 136 (0-136-0) / 327
    [junit] MAJOR: ------------------------------------------------------------
    [junit] MAJOR: 2/13 - com.google.javascript.jscomp.CodeGenerator_ESTest8 (28ms / 326):
    [junit] MAJOR: 467235 (258 / 326 / 326) -> AVG-RTPM: 91ms
    [junit] MAJOR: Mutants killed / live: 394 (0-462-0) / 69
    [junit] MAJOR: ------------------------------------------------------------
    [junit] MAJOR: 3/13 - com.google.javascript.jscomp.CodeGenerator_ESTest5 (29ms / 291):
    [junit] MAJOR: 494051 (1 / 291 / 291) -> AVG-RTPM: 92ms
    [junit] MAJOR: Mutants killed / live: 395 (0-753-0) / 68
    [junit] MAJOR: ------------------------------------------------------------
    [junit] MAJOR: 4/13 - com.google.javascript.jscomp.CodeGenerator_ESTest7 (29ms / 306):
    [junit] MAJOR: 522734 (15 / 306 / 306) -> AVG-RTPM: 93ms
    [junit] MAJOR: Mutants killed / live: 410 (0-1059-0) / 53
    [junit] MAJOR: ------------------------------------------------------------
    [junit] MAJOR: 5/13 - com.google.javascript.jscomp.CodeGenerator_ESTest9 (29ms / 261):
    [junit] MAJOR: 547338 (27 / 261 / 261) -> AVG-RTPM: 94ms
    [junit] MAJOR: Mutants killed / live: 437 (0-1320-0) / 26
    [junit] MAJOR: ------------------------------------------------------------
    [junit] MAJOR: 6/13 - com.google.javascript.jscomp.CodeGenerator_ESTest10 (31ms / 281):
    [junit] MAJOR: 574450 (1 / 281 / 281) -> AVG-RTPM: 96ms
    [junit] MAJOR: Mutants killed / live: 438 (0-1601-0) / 25
    [junit] MAJOR: ------------------------------------------------------------
    [junit] MAJOR: 7/13 - com.google.javascript.jscomp.CodeGenerator_ESTest4 (35ms / 221):
    [junit] MAJOR: 595279 (1 / 221 / 221) -> AVG-RTPM: 94ms
    [junit] MAJOR: Mutants killed / live: 439 (0-1822-0) / 24
    [junit] MAJOR: ------------------------------------------------------------
    [junit] MAJOR: 8/13 - com.google.javascript.jscomp.CodeGenerator_ESTest11 (44ms / 203):
    [junit] MAJOR: 614762 (0 / 203 / 203) -> AVG-RTPM: 95ms
    [junit] MAJOR: Mutants killed / live: 439 (0-2025-0) / 24
    [junit] MAJOR: ------------------------------------------------------------
    [junit] MAJOR: 9/13 - com.google.javascript.jscomp.CodeGenerator_ESTest1 (52ms / 248):
    [junit] MAJOR: 642475 (22 / 248 / 248) -> AVG-RTPM: 111ms
    [junit] MAJOR: Mutants killed / live: 461 (0-2273-0) / 2
    [junit] MAJOR: ------------------------------------------------------------
    [junit] MAJOR: 10/13 - com.google.javascript.jscomp.CodeGenerator_ESTest3 (56ms / 227):
    [junit] MAJOR: 664995 (1 / 227 / 227) -> AVG-RTPM: 99ms
    [junit] MAJOR: Mutants killed / live: 462 (0-2500-0) / 1
    [junit] MAJOR: ------------------------------------------------------------
    [junit] MAJOR: 11/13 - com.google.javascript.jscomp.CodeGenerator_ESTest6 (60ms / 326):
    [junit] MAJOR: 696594 (0 / 326 / 326) -> AVG-RTPM: 96ms
    [junit] MAJOR: Mutants killed / live: 462 (0-2826-0) / 1
    [junit] MAJOR: ------------------------------------------------------------
    [junit] MAJOR: 12/13 - com.google.javascript.jscomp.CodeGenerator_ESTest2 (87ms / 248):
    [junit] MAJOR: 721536 (1 / 248 / 248) -> AVG-RTPM: 100ms
    [junit] MAJOR: Mutants killed / live: 463 (0-3074-0) / 0
    [junit] MAJOR: ------------------------------------------------------------
    [junit] MAJOR: 13/13 - com.google.javascript.jscomp.CodeGenerator_ESTest0 (104ms / 282):
    [junit] MAJOR: 751458 (0 / 282 / 282) -> AVG-RTPM: 106ms
    [junit] MAJOR: Mutants killed / live: 463 (0-3356-0) / 0
    [junit] MAJOR: ------------------------------------------------------------
    [junit] MAJOR: Summary:
    [junit] MAJOR: 
    [junit] MAJOR: Analysis time:  751.5 seconds
    [junit] MAJOR: Mutation score: 27.08% (100.00%)
    [junit] MAJOR: Mutants killed / live: 463 (0-3356-0) / 0
    [junit] MAJOR: Mutant executions: 3491
    [junit] MAJOR: ------------------------------------------------------------
    [junit] MAJOR: Export summary of results (to summary.csv)
    [junit] MAJOR: Export mutant kill details (to /tmp/run_mutation.pl_9586_1483712731/77f/kill.csv)
    [junit] MAJOR: Export kill map (to killMap.csv)!

BUILD SUCCESSFUL
Total time: 13 minutes 9 seconds
