
svnversion:

compile:
    [javac] /tmp/run_mutation.pl_113937_1501759540/78f/build.xml:184: warning: 'includeantruntime' was not set, defaulting to build.sysclasspath=last; set to false for repeatable builds
    [javac] /tmp/run_mutation.pl_113937_1501759540/78f/build.xml:190: warning: 'includeantruntime' was not set, defaulting to build.sysclasspath=last; set to false for repeatable builds
[propertyfile] Updating property file: /tmp/run_mutation.pl_113937_1501759540/78f/build/classes/com/google/javascript/jscomp/parsing/ParserConfig.properties

compile-tests:
    [mkdir] Created dir: /tmp/run_mutation.pl_113937_1501759540/78f/build/test
    [javac] /tmp/run_mutation.pl_113937_1501759540/78f/build.xml:254: warning: 'includeantruntime' was not set, defaulting to build.sysclasspath=last; set to false for repeatable builds
    [javac] Compiling 366 source files to /tmp/run_mutation.pl_113937_1501759540/78f/build/test
    [javac] warning: [options] bootstrap class path not set in conjunction with -source 1.6
    [javac] 1 warning
    [javac] /tmp/run_mutation.pl_113937_1501759540/78f/build.xml:259: warning: 'includeantruntime' was not set, defaulting to build.sysclasspath=last; set to false for repeatable builds
    [javac] Compiling 195 source files to /tmp/run_mutation.pl_113937_1501759540/78f/build/test
    [javac] warning: [options] bootstrap class path not set in conjunction with -source 1.6
    [javac] 1 warning

compile.tests:

update.all.tests:

mutation.test:
     [echo] Running mutation analysis ...
    [junit] MAJOR: Mutation analysis enabled
SLF4J: Failed to load class "org.slf4j.impl.StaticLoggerBinder".
SLF4J: Defaulting to no-operation (NOP) logger implementation
SLF4J: See http://www.slf4j.org/codes.html#StaticLoggerBinder for further details.
    [junit] MAJOR: ------------------------------------------------------------
    [junit] MAJOR: Run 93 ordered tests to verify independence
    [junit] MAJOR: ------------------------------------------------------------
    [junit] MAJOR: Preprocessing time: 849.55 seconds
    [junit] MAJOR: ------------------------------------------------------------
    [junit] MAJOR: Mutants generated: 1743
    [junit] MAJOR: Mutants covered:   154 (8.84%)
    [junit] MAJOR: ------------------------------------------------------------
    [junit] MAJOR: Export test map to (testMap.csv)
    [junit] MAJOR: Export coverage map to (covMap.csv)
    [junit] MAJOR: Exclude 0 mutants
    [junit] MAJOR: ------------------------------------------------------------
    [junit] MAJOR: Run mutation analysis with 93 individual tests
    [junit] MAJOR: ------------------------------------------------------------
    [junit] MAJOR: 1/93 - com.google.javascript.jscomp.PeepholeFoldConstants_ESTest27 (37ms / 8):
    [junit] MAJOR: 56448 (2 / 8 / 8) -> AVG-RTPM: 7056ms
    [junit] MAJOR: Mutants killed / live: 2 (0-2-0) / 152
    [junit] MAJOR: ------------------------------------------------------------
    [junit] MAJOR: 2/93 - com.google.javascript.jscomp.PeepholeFoldConstants_ESTest39 (38ms / 8):
    [junit] MAJOR: 74783 (4 / 8 / 8) -> AVG-RTPM: 2291ms
    [junit] MAJOR: Mutants killed / live: 6 (0-8-0) / 148
    [junit] MAJOR: ------------------------------------------------------------
    [junit] MAJOR: 3/93 - com.google.javascript.jscomp.PeepholeFoldConstants_ESTest6 (39ms / 19):
    [junit] MAJOR: 87388 (12 / 19 / 19) -> AVG-RTPM: 663ms
    [junit] MAJOR: Mutants killed / live: 18 (0-27-0) / 136
    [junit] MAJOR: ------------------------------------------------------------
    [junit] MAJOR: 4/93 - com.google.javascript.jscomp.PeepholeFoldConstants_ESTest86 (39ms / 6):
    [junit] MAJOR: 88045 (2 / 6 / 6) -> AVG-RTPM: 109ms
    [junit] MAJOR: Mutants killed / live: 20 (0-33-0) / 134
    [junit] MAJOR: ------------------------------------------------------------
    [junit] MAJOR: 5/93 - com.google.javascript.jscomp.PeepholeFoldConstants_ESTest17 (55ms / 8):
    [junit] MAJOR: 88995 (0 / 8 / 8) -> AVG-RTPM: 118ms
    [junit] MAJOR: Mutants killed / live: 20 (0-41-0) / 134
    [junit] MAJOR: ------------------------------------------------------------
    [junit] MAJOR: 6/93 - com.google.javascript.jscomp.PeepholeFoldConstants_ESTest22 (69ms / 12):
    [junit] MAJOR: 90970 (0 / 12 / 12) -> AVG-RTPM: 164ms
    [junit] MAJOR: Mutants killed / live: 20 (0-53-0) / 134
    [junit] MAJOR: ------------------------------------------------------------
    [junit] MAJOR: 7/93 - com.google.javascript.jscomp.PeepholeFoldConstants_ESTest59 (69ms / 8):
    [junit] MAJOR: 91859 (0 / 8 / 8) -> AVG-RTPM: 111ms
    [junit] MAJOR: Mutants killed / live: 20 (0-61-0) / 134
    [junit] MAJOR: ------------------------------------------------------------
    [junit] MAJOR: 8/93 - com.google.javascript.jscomp.PeepholeFoldConstants_ESTest60 (69ms / 8):
    [junit] MAJOR: 92890 (0 / 8 / 8) -> AVG-RTPM: 128ms
    [junit] MAJOR: Mutants killed / live: 20 (0-69-0) / 134
    [junit] MAJOR: ------------------------------------------------------------
    [junit] MAJOR: 9/93 - com.google.javascript.jscomp.PeepholeFoldConstants_ESTest12 (71ms / 8):
    [junit] MAJOR: 94294 (0 / 8 / 8) -> AVG-RTPM: 175ms
    [junit] MAJOR: Mutants killed / live: 20 (0-77-0) / 134
    [junit] MAJOR: ------------------------------------------------------------
    [junit] MAJOR: 10/93 - com.google.javascript.jscomp.PeepholeFoldConstants_ESTest14 (72ms / 8):
    [junit] MAJOR: 95077 (0 / 8 / 8) -> AVG-RTPM: 97ms
    [junit] MAJOR: Mutants killed / live: 20 (0-85-0) / 134
    [junit] MAJOR: ------------------------------------------------------------
    [junit] MAJOR: 11/93 - com.google.javascript.jscomp.PeepholeFoldConstants_ESTest40 (72ms / 8):
    [junit] MAJOR: 96297 (0 / 8 / 8) -> AVG-RTPM: 152ms
    [junit] MAJOR: Mutants killed / live: 20 (0-93-0) / 134
    [junit] MAJOR: ------------------------------------------------------------
    [junit] MAJOR: 12/93 - com.google.javascript.jscomp.PeepholeFoldConstants_ESTest49 (73ms / 8):
    [junit] MAJOR: 98279 (0 / 8 / 8) -> AVG-RTPM: 247ms
    [junit] MAJOR: Mutants killed / live: 20 (0-101-0) / 134
    [junit] MAJOR: ------------------------------------------------------------
    [junit] MAJOR: 13/93 - com.google.javascript.jscomp.PeepholeFoldConstants_ESTest54 (73ms / 8):
    [junit] MAJOR: 99592 (0 / 8 / 8) -> AVG-RTPM: 164ms
    [junit] MAJOR: Mutants killed / live: 20 (0-109-0) / 134
    [junit] MAJOR: ------------------------------------------------------------
    [junit] MAJOR: 14/93 - com.google.javascript.jscomp.PeepholeFoldConstants_ESTest20 (76ms / 12):
    [junit] MAJOR: 101074 (0 / 12 / 12) -> AVG-RTPM: 123ms
    [junit] MAJOR: Mutants killed / live: 20 (0-121-0) / 134
    [junit] MAJOR: ------------------------------------------------------------
    [junit] MAJOR: 15/93 - com.google.javascript.jscomp.PeepholeFoldConstants_ESTest19 (78ms / 12):
    [junit] MAJOR: 103000 (0 / 12 / 12) -> AVG-RTPM: 160ms
    [junit] MAJOR: Mutants killed / live: 20 (0-133-0) / 134
    [junit] MAJOR: ------------------------------------------------------------
    [junit] MAJOR: 16/93 - com.google.javascript.jscomp.PeepholeFoldConstants_ESTest34 (78ms / 8):
    [junit] MAJOR: 104222 (0 / 8 / 8) -> AVG-RTPM: 152ms
    [junit] MAJOR: Mutants killed / live: 20 (0-141-0) / 134
    [junit] MAJOR: ------------------------------------------------------------
    [junit] MAJOR: 17/93 - com.google.javascript.jscomp.PeepholeFoldConstants_ESTest85 (78ms / 6):
    [junit] MAJOR: 105000 (0 / 6 / 6) -> AVG-RTPM: 129ms
    [junit] MAJOR: Mutants killed / live: 20 (0-147-0) / 134
    [junit] MAJOR: ------------------------------------------------------------
    [junit] MAJOR: 18/93 - com.google.javascript.jscomp.PeepholeFoldConstants_ESTest18 (79ms / 12):
    [junit] MAJOR: 107244 (0 / 12 / 12) -> AVG-RTPM: 187ms
    [junit] MAJOR: Mutants killed / live: 20 (0-159-0) / 134
    [junit] MAJOR: ------------------------------------------------------------
    [junit] MAJOR: 19/93 - com.google.javascript.jscomp.PeepholeFoldConstants_ESTest44 (80ms / 8):
    [junit] MAJOR: 108126 (0 / 8 / 8) -> AVG-RTPM: 110ms
    [junit] MAJOR: Mutants killed / live: 20 (0-167-0) / 134
    [junit] MAJOR: ------------------------------------------------------------
    [junit] MAJOR: 20/93 - com.google.javascript.jscomp.PeepholeFoldConstants_ESTest52 (80ms / 8):
    [junit] MAJOR: 109822 (0 / 8 / 8) -> AVG-RTPM: 212ms
    [junit] MAJOR: Mutants killed / live: 20 (0-175-0) / 134
    [junit] MAJOR: ------------------------------------------------------------
    [junit] MAJOR: 21/93 - com.google.javascript.jscomp.PeepholeFoldConstants_ESTest82 (80ms / 8):
    [junit] MAJOR: 111009 (0 / 8 / 8) -> AVG-RTPM: 148ms
    [junit] MAJOR: Mutants killed / live: 20 (0-183-0) / 134
    [junit] MAJOR: ------------------------------------------------------------
    [junit] MAJOR: 22/93 - com.google.javascript.jscomp.PeepholeFoldConstants_ESTest69 (82ms / 8):
    [junit] MAJOR: 111939 (0 / 8 / 8) -> AVG-RTPM: 116ms
    [junit] MAJOR: Mutants killed / live: 20 (0-191-0) / 134
    [junit] MAJOR: ------------------------------------------------------------
    [junit] MAJOR: 23/93 - com.google.javascript.jscomp.PeepholeFoldConstants_ESTest23 (83ms / 12):
    [junit] MAJOR: 114493 (0 / 12 / 12) -> AVG-RTPM: 212ms
    [junit] MAJOR: Mutants killed / live: 20 (0-203-0) / 134
    [junit] MAJOR: ------------------------------------------------------------
    [junit] MAJOR: 24/93 - com.google.javascript.jscomp.PeepholeFoldConstants_ESTest28 (83ms / 8):
    [junit] MAJOR: 115290 (0 / 8 / 8) -> AVG-RTPM: 99ms
    [junit] MAJOR: Mutants killed / live: 20 (0-211-0) / 134
    [junit] MAJOR: ------------------------------------------------------------
    [junit] MAJOR: 25/93 - com.google.javascript.jscomp.PeepholeFoldConstants_ESTest3 (83ms / 22):
    [junit] MAJOR: 118486 (18 / 22 / 22) -> AVG-RTPM: 145ms
    [junit] MAJOR: Mutants killed / live: 38 (0-233-0) / 116
    [junit] MAJOR: ------------------------------------------------------------
    [junit] MAJOR: 26/93 - com.google.javascript.jscomp.PeepholeFoldConstants_ESTest41 (83ms / 8):
    [junit] MAJOR: 119401 (0 / 8 / 8) -> AVG-RTPM: 114ms
    [junit] MAJOR: Mutants killed / live: 38 (0-241-0) / 116
    [junit] MAJOR: ------------------------------------------------------------
    [junit] MAJOR: 27/93 - com.google.javascript.jscomp.PeepholeFoldConstants_ESTest33 (84ms / 8):
    [junit] MAJOR: 121027 (0 / 8 / 8) -> AVG-RTPM: 203ms
    [junit] MAJOR: Mutants killed / live: 38 (0-249-0) / 116
    [junit] MAJOR: ------------------------------------------------------------
    [junit] MAJOR: 28/93 - com.google.javascript.jscomp.PeepholeFoldConstants_ESTest11 (85ms / 12):
    [junit] MAJOR: 122807 (0 / 12 / 12) -> AVG-RTPM: 148ms
    [junit] MAJOR: Mutants killed / live: 38 (0-261-0) / 116
    [junit] MAJOR: ------------------------------------------------------------
    [junit] MAJOR: 29/93 - com.google.javascript.jscomp.PeepholeFoldConstants_ESTest30 (85ms / 8):
    [junit] MAJOR: 123701 (0 / 8 / 8) -> AVG-RTPM: 111ms
    [junit] MAJOR: Mutants killed / live: 38 (0-269-0) / 116
    [junit] MAJOR: ------------------------------------------------------------
    [junit] MAJOR: 30/93 - com.google.javascript.jscomp.PeepholeFoldConstants_ESTest67 (85ms / 8):
    [junit] MAJOR: 125015 (0 / 8 / 8) -> AVG-RTPM: 164ms
    [junit] MAJOR: Mutants killed / live: 38 (0-277-0) / 116
    [junit] MAJOR: ------------------------------------------------------------
    [junit] MAJOR: 31/93 - com.google.javascript.jscomp.PeepholeFoldConstants_ESTest71 (85ms / 8):
    [junit] MAJOR: 126659 (0 / 8 / 8) -> AVG-RTPM: 205ms
    [junit] MAJOR: Mutants killed / live: 38 (0-285-0) / 116
    [junit] MAJOR: ------------------------------------------------------------
    [junit] MAJOR: 32/93 - com.google.javascript.jscomp.PeepholeFoldConstants_ESTest37 (86ms / 8):
    [junit] MAJOR: 127570 (0 / 8 / 8) -> AVG-RTPM: 113ms
    [junit] MAJOR: Mutants killed / live: 38 (0-293-0) / 116
    [junit] MAJOR: ------------------------------------------------------------
    [junit] MAJOR: 33/93 - com.google.javascript.jscomp.PeepholeFoldConstants_ESTest25 (87ms / 8):
    [junit] MAJOR: 128977 (0 / 8 / 8) -> AVG-RTPM: 175ms
    [junit] MAJOR: Mutants killed / live: 38 (0-301-0) / 116
    [junit] MAJOR: ------------------------------------------------------------
    [junit] MAJOR: 34/93 - com.google.javascript.jscomp.PeepholeFoldConstants_ESTest42 (87ms / 8):
    [junit] MAJOR: 130290 (0 / 8 / 8) -> AVG-RTPM: 164ms
    [junit] MAJOR: Mutants killed / live: 38 (0-309-0) / 116
    [junit] MAJOR: ------------------------------------------------------------
    [junit] MAJOR: 35/93 - com.google.javascript.jscomp.PeepholeFoldConstants_ESTest74 (87ms / 8):
    [junit] MAJOR: 131188 (0 / 8 / 8) -> AVG-RTPM: 112ms
    [junit] MAJOR: Mutants killed / live: 38 (0-317-0) / 116
    [junit] MAJOR: ------------------------------------------------------------
    [junit] MAJOR: 36/93 - com.google.javascript.jscomp.PeepholeFoldConstants_ESTest77 (87ms / 6):
    [junit] MAJOR: 131931 (0 / 6 / 6) -> AVG-RTPM: 123ms
    [junit] MAJOR: Mutants killed / live: 38 (0-323-0) / 116
    [junit] MAJOR: ------------------------------------------------------------
    [junit] MAJOR: 37/93 - com.google.javascript.jscomp.PeepholeFoldConstants_ESTest45 (88ms / 8):
    [junit] MAJOR: 133352 (0 / 8 / 8) -> AVG-RTPM: 177ms
    [junit] MAJOR: Mutants killed / live: 38 (0-331-0) / 116
    [junit] MAJOR: ------------------------------------------------------------
    [junit] MAJOR: 38/93 - com.google.javascript.jscomp.PeepholeFoldConstants_ESTest31 (89ms / 8):
    [junit] MAJOR: 134424 (0 / 8 / 8) -> AVG-RTPM: 134ms
    [junit] MAJOR: Mutants killed / live: 38 (0-339-0) / 116
    [junit] MAJOR: ------------------------------------------------------------
    [junit] MAJOR: 39/93 - com.google.javascript.jscomp.PeepholeFoldConstants_ESTest51 (89ms / 8):
    [junit] MAJOR: 135808 (0 / 8 / 8) -> AVG-RTPM: 173ms
    [junit] MAJOR: Mutants killed / live: 38 (0-347-0) / 116
    [junit] MAJOR: ------------------------------------------------------------
    [junit] MAJOR: 40/93 - com.google.javascript.jscomp.PeepholeFoldConstants_ESTest70 (89ms / 8):
    [junit] MAJOR: 137095 (0 / 8 / 8) -> AVG-RTPM: 160ms
    [junit] MAJOR: Mutants killed / live: 38 (0-355-0) / 116
    [junit] MAJOR: ------------------------------------------------------------
    [junit] MAJOR: 41/93 - com.google.javascript.jscomp.PeepholeFoldConstants_ESTest10 (90ms / 12):
    [junit] MAJOR: 138634 (0 / 12 / 12) -> AVG-RTPM: 128ms
    [junit] MAJOR: Mutants killed / live: 38 (0-367-0) / 116
    [junit] MAJOR: ------------------------------------------------------------
    [junit] MAJOR: 42/93 - com.google.javascript.jscomp.PeepholeFoldConstants_ESTest32 (90ms / 8):
    [junit] MAJOR: 139500 (0 / 8 / 8) -> AVG-RTPM: 108ms
    [junit] MAJOR: Mutants killed / live: 38 (0-375-0) / 116
    [junit] MAJOR: ------------------------------------------------------------
    [junit] MAJOR: 43/93 - com.google.javascript.jscomp.PeepholeFoldConstants_ESTest35 (90ms / 8):
    [junit] MAJOR: 140529 (0 / 8 / 8) -> AVG-RTPM: 128ms
    [junit] MAJOR: Mutants killed / live: 38 (0-383-0) / 116
    [junit] MAJOR: ------------------------------------------------------------
    [junit] MAJOR: 44/93 - com.google.javascript.jscomp.PeepholeFoldConstants_ESTest64 (90ms / 8):
    [junit] MAJOR: 141707 (0 / 8 / 8) -> AVG-RTPM: 147ms
    [junit] MAJOR: Mutants killed / live: 38 (0-391-0) / 116
    [junit] MAJOR: ------------------------------------------------------------
    [junit] MAJOR: 45/93 - com.google.javascript.jscomp.PeepholeFoldConstants_ESTest38 (92ms / 8):
    [junit] MAJOR: 142742 (0 / 8 / 8) -> AVG-RTPM: 129ms
    [junit] MAJOR: Mutants killed / live: 38 (0-399-0) / 116
    [junit] MAJOR: ------------------------------------------------------------
    [junit] MAJOR: 46/93 - com.google.javascript.jscomp.PeepholeFoldConstants_ESTest55 (92ms / 8):
    [junit] MAJOR: 143735 (0 / 8 / 8) -> AVG-RTPM: 124ms
    [junit] MAJOR: Mutants killed / live: 38 (0-407-0) / 116
    [junit] MAJOR: ------------------------------------------------------------
    [junit] MAJOR: 47/93 - com.google.javascript.jscomp.PeepholeFoldConstants_ESTest63 (92ms / 8):
    [junit] MAJOR: 144920 (0 / 8 / 8) -> AVG-RTPM: 148ms
    [junit] MAJOR: Mutants killed / live: 38 (0-415-0) / 116
    [junit] MAJOR: ------------------------------------------------------------
    [junit] MAJOR: 48/93 - com.google.javascript.jscomp.PeepholeFoldConstants_ESTest80 (93ms / 6):
    [junit] MAJOR: 146107 (0 / 6 / 6) -> AVG-RTPM: 197ms
    [junit] MAJOR: Mutants killed / live: 38 (0-421-0) / 116
    [junit] MAJOR: ------------------------------------------------------------
    [junit] MAJOR: 49/93 - com.google.javascript.jscomp.PeepholeFoldConstants_ESTest43 (94ms / 8):
    [junit] MAJOR: 146957 (0 / 8 / 8) -> AVG-RTPM: 106ms
    [junit] MAJOR: Mutants killed / live: 38 (0-429-0) / 116
    [junit] MAJOR: ------------------------------------------------------------
    [junit] MAJOR: 50/93 - com.google.javascript.jscomp.PeepholeFoldConstants_ESTest53 (94ms / 8):
    [junit] MAJOR: 147939 (0 / 8 / 8) -> AVG-RTPM: 122ms
    [junit] MAJOR: Mutants killed / live: 38 (0-437-0) / 116
    [junit] MAJOR: ------------------------------------------------------------
    [junit] MAJOR: 51/93 - com.google.javascript.jscomp.PeepholeFoldConstants_ESTest87 (94ms / 8):
    [junit] MAJOR: 148898 (0 / 8 / 8) -> AVG-RTPM: 119ms
    [junit] MAJOR: Mutants killed / live: 38 (0-445-0) / 116
    [junit] MAJOR: ------------------------------------------------------------
    [junit] MAJOR: 52/93 - com.google.javascript.jscomp.PeepholeFoldConstants_ESTest15 (95ms / 8):
    [junit] MAJOR: 150432 (0 / 8 / 8) -> AVG-RTPM: 191ms
    [junit] MAJOR: Mutants killed / live: 38 (0-453-0) / 116
    [junit] MAJOR: ------------------------------------------------------------
    [junit] MAJOR: 53/93 - com.google.javascript.jscomp.PeepholeFoldConstants_ESTest24 (95ms / 12):
    [junit] MAJOR: 152003 (0 / 12 / 12) -> AVG-RTPM: 130ms
    [junit] MAJOR: Mutants killed / live: 38 (0-465-0) / 116
    [junit] MAJOR: ------------------------------------------------------------
    [junit] MAJOR: 54/93 - com.google.javascript.jscomp.PeepholeFoldConstants_ESTest48 (96ms / 8):
    [junit] MAJOR: 153164 (0 / 8 / 8) -> AVG-RTPM: 145ms
    [junit] MAJOR: Mutants killed / live: 38 (0-473-0) / 116
    [junit] MAJOR: ------------------------------------------------------------
    [junit] MAJOR: 55/93 - com.google.javascript.jscomp.PeepholeFoldConstants_ESTest68 (96ms / 8):
    [junit] MAJOR: 154278 (0 / 8 / 8) -> AVG-RTPM: 139ms
    [junit] MAJOR: Mutants killed / live: 38 (0-481-0) / 116
    [junit] MAJOR: ------------------------------------------------------------
    [junit] MAJOR: 56/93 - com.google.javascript.jscomp.PeepholeFoldConstants_ESTest5 (97ms / 33):
    [junit] MAJOR: 161782 (22 / 33 / 33) -> AVG-RTPM: 227ms
    [junit] MAJOR: Mutants killed / live: 60 (0-514-0) / 94
    [junit] MAJOR: ------------------------------------------------------------
    [junit] MAJOR: 57/93 - com.google.javascript.jscomp.PeepholeFoldConstants_ESTest66 (97ms / 8):
    [junit] MAJOR: 162703 (0 / 8 / 8) -> AVG-RTPM: 115ms
    [junit] MAJOR: Mutants killed / live: 60 (0-522-0) / 94
    [junit] MAJOR: ------------------------------------------------------------
    [junit] MAJOR: 58/93 - com.google.javascript.jscomp.PeepholeFoldConstants_ESTest75 (97ms / 8):
    [junit] MAJOR: 164257 (0 / 8 / 8) -> AVG-RTPM: 194ms
    [junit] MAJOR: Mutants killed / live: 60 (0-530-0) / 94
    [junit] MAJOR: ------------------------------------------------------------
    [junit] MAJOR: 59/93 - com.google.javascript.jscomp.PeepholeFoldConstants_ESTest36 (98ms / 8):
    [junit] MAJOR: 165610 (0 / 8 / 8) -> AVG-RTPM: 169ms
    [junit] MAJOR: Mutants killed / live: 60 (0-538-0) / 94
    [junit] MAJOR: ------------------------------------------------------------
    [junit] MAJOR: 60/93 - com.google.javascript.jscomp.PeepholeFoldConstants_ESTest65 (98ms / 8):
    [junit] MAJOR: 166702 (0 / 8 / 8) -> AVG-RTPM: 136ms
    [junit] MAJOR: Mutants killed / live: 60 (0-546-0) / 94
    [junit] MAJOR: ------------------------------------------------------------
    [junit] MAJOR: 61/93 - com.google.javascript.jscomp.PeepholeFoldConstants_ESTest72 (98ms / 8):
    [junit] MAJOR: 167570 (0 / 8 / 8) -> AVG-RTPM: 108ms
    [junit] MAJOR: Mutants killed / live: 60 (0-554-0) / 94
    [junit] MAJOR: ------------------------------------------------------------
    [junit] MAJOR: 62/93 - com.google.javascript.jscomp.PeepholeFoldConstants_ESTest78 (98ms / 6):
    [junit] MAJOR: 168450 (0 / 6 / 6) -> AVG-RTPM: 146ms
    [junit] MAJOR: Mutants killed / live: 60 (0-560-0) / 94
    [junit] MAJOR: ------------------------------------------------------------
    [junit] MAJOR: 63/93 - com.google.javascript.jscomp.PeepholeFoldConstants_ESTest9 (98ms / 12):
    [junit] MAJOR: 170613 (0 / 12 / 12) -> AVG-RTPM: 180ms
    [junit] MAJOR: Mutants killed / live: 60 (0-572-0) / 94
    [junit] MAJOR: ------------------------------------------------------------
    [junit] MAJOR: 64/93 - com.google.javascript.jscomp.PeepholeFoldConstants_ESTest1 (99ms / 10):
    [junit] MAJOR: 171885 (2 / 10 / 10) -> AVG-RTPM: 127ms
    [junit] MAJOR: Mutants killed / live: 62 (0-582-0) / 92
    [junit] MAJOR: ------------------------------------------------------------
    [junit] MAJOR: 65/93 - com.google.javascript.jscomp.PeepholeFoldConstants_ESTest79 (101ms / 6):
    [junit] MAJOR: 172783 (0 / 6 / 6) -> AVG-RTPM: 149ms
    [junit] MAJOR: Mutants killed / live: 62 (0-588-0) / 92
    [junit] MAJOR: ------------------------------------------------------------
    [junit] MAJOR: 66/93 - com.google.javascript.jscomp.PeepholeFoldConstants_ESTest57 (102ms / 8):
    [junit] MAJOR: 174148 (0 / 8 / 8) -> AVG-RTPM: 170ms
    [junit] MAJOR: Mutants killed / live: 62 (0-596-0) / 92
    [junit] MAJOR: ------------------------------------------------------------
    [junit] MAJOR: 67/93 - com.google.javascript.jscomp.PeepholeFoldConstants_ESTest89 (102ms / 20):
    [junit] MAJOR: 176443 (6 / 20 / 20) -> AVG-RTPM: 114ms
    [junit] MAJOR: Mutants killed / live: 68 (0-616-0) / 86
    [junit] MAJOR: ------------------------------------------------------------
    [junit] MAJOR: 68/93 - com.google.javascript.jscomp.PeepholeFoldConstants_ESTest46 (103ms / 8):
    [junit] MAJOR: 177807 (0 / 8 / 8) -> AVG-RTPM: 170ms
    [junit] MAJOR: Mutants killed / live: 68 (0-624-0) / 86
    [junit] MAJOR: ------------------------------------------------------------
    [junit] MAJOR: 69/93 - com.google.javascript.jscomp.PeepholeFoldConstants_ESTest84 (103ms / 6):
    [junit] MAJOR: 178712 (0 / 6 / 6) -> AVG-RTPM: 150ms
    [junit] MAJOR: Mutants killed / live: 68 (0-630-0) / 86
    [junit] MAJOR: ------------------------------------------------------------
    [junit] MAJOR: 70/93 - com.google.javascript.jscomp.PeepholeFoldConstants_ESTest47 (104ms / 8):
    [junit] MAJOR: 179816 (0 / 8 / 8) -> AVG-RTPM: 138ms
    [junit] MAJOR: Mutants killed / live: 68 (0-638-0) / 86
    [junit] MAJOR: ------------------------------------------------------------
    [junit] MAJOR: 71/93 - com.google.javascript.jscomp.PeepholeFoldConstants_ESTest76 (104ms / 6):
    [junit] MAJOR: 180777 (0 / 6 / 6) -> AVG-RTPM: 160ms
    [junit] MAJOR: Mutants killed / live: 68 (0-644-0) / 86
    [junit] MAJOR: ------------------------------------------------------------
    [junit] MAJOR: 72/93 - com.google.javascript.jscomp.PeepholeFoldConstants_ESTest7 (107ms / 20):
    [junit] MAJOR: 184328 (16 / 20 / 20) -> AVG-RTPM: 177ms
    [junit] MAJOR: Mutants killed / live: 84 (0-664-0) / 70
    [junit] MAJOR: ------------------------------------------------------------
    [junit] MAJOR: 73/93 - com.google.javascript.jscomp.PeepholeFoldConstants_ESTest91 (109ms / 36):
    [junit] MAJOR: 196271 (32 / 36 / 36) -> AVG-RTPM: 331ms
    [junit] MAJOR: Mutants killed / live: 116 (0-700-0) / 38
    [junit] MAJOR: ------------------------------------------------------------
    [junit] MAJOR: 74/93 - com.google.javascript.jscomp.PeepholeFoldConstants_ESTest2 (110ms / 10):
    [junit] MAJOR: 197979 (0 / 10 / 10) -> AVG-RTPM: 170ms
    [junit] MAJOR: Mutants killed / live: 116 (0-710-0) / 38
    [junit] MAJOR: ------------------------------------------------------------
    [junit] MAJOR: 75/93 - com.google.javascript.jscomp.PeepholeFoldConstants_ESTest29 (111ms / 8):
    [junit] MAJOR: 199243 (0 / 8 / 8) -> AVG-RTPM: 158ms
    [junit] MAJOR: Mutants killed / live: 116 (0-718-0) / 38
    [junit] MAJOR: ------------------------------------------------------------
    [junit] MAJOR: 76/93 - com.google.javascript.jscomp.PeepholeFoldConstants_ESTest50 (112ms / 8):
    [junit] MAJOR: 200168 (0 / 8 / 8) -> AVG-RTPM: 115ms
    [junit] MAJOR: Mutants killed / live: 116 (0-726-0) / 38
    [junit] MAJOR: ------------------------------------------------------------
    [junit] MAJOR: 77/93 - com.google.javascript.jscomp.PeepholeFoldConstants_ESTest8 (112ms / 24):
    [junit] MAJOR: 203981 (4 / 24 / 24) -> AVG-RTPM: 158ms
    [junit] MAJOR: Mutants killed / live: 120 (0-750-0) / 34
    [junit] MAJOR: ------------------------------------------------------------
    [junit] MAJOR: 78/93 - com.google.javascript.jscomp.PeepholeFoldConstants_ESTest58 (114ms / 8):
    [junit] MAJOR: 206119 (0 / 8 / 8) -> AVG-RTPM: 267ms
    [junit] MAJOR: Mutants killed / live: 120 (0-758-0) / 34
    [junit] MAJOR: ------------------------------------------------------------
    [junit] MAJOR: 79/93 - com.google.javascript.jscomp.PeepholeFoldConstants_ESTest88 (114ms / 23):
    [junit] MAJOR: 208717 (1 / 23 / 23) -> AVG-RTPM: 112ms
    [junit] MAJOR: Mutants killed / live: 121 (0-781-0) / 33
    [junit] MAJOR: ------------------------------------------------------------
    [junit] MAJOR: 80/93 - com.google.javascript.jscomp.PeepholeFoldConstants_ESTest90 (114ms / 28):
    [junit] MAJOR: 213535 (24 / 28 / 28) -> AVG-RTPM: 172ms
    [junit] MAJOR: Mutants killed / live: 145 (0-809-0) / 9
    [junit] MAJOR: ------------------------------------------------------------
    [junit] MAJOR: 81/93 - com.google.javascript.jscomp.PeepholeFoldConstants_ESTest92 (115ms / 35):
    [junit] MAJOR: 219951 (2 / 35 / 35) -> AVG-RTPM: 183ms
    [junit] MAJOR: Mutants killed / live: 147 (0-844-0) / 7
    [junit] MAJOR: ------------------------------------------------------------
    [junit] MAJOR: 82/93 - com.google.javascript.jscomp.PeepholeFoldConstants_ESTest0 (120ms / 6):
    [junit] MAJOR: 221135 (0 / 6 / 6) -> AVG-RTPM: 197ms
    [junit] MAJOR: Mutants killed / live: 147 (0-850-0) / 7
    [junit] MAJOR: ------------------------------------------------------------
    [junit] MAJOR: 83/93 - com.google.javascript.jscomp.PeepholeFoldConstants_ESTest73 (120ms / 8):
    [junit] MAJOR: 222236 (0 / 8 / 8) -> AVG-RTPM: 137ms
    [junit] MAJOR: Mutants killed / live: 147 (0-858-0) / 7
    [junit] MAJOR: ------------------------------------------------------------
    [junit] MAJOR: 84/93 - com.google.javascript.jscomp.PeepholeFoldConstants_ESTest61 (121ms / 8):
    [junit] MAJOR: 223149 (0 / 8 / 8) -> AVG-RTPM: 114ms
    [junit] MAJOR: Mutants killed / live: 147 (0-866-0) / 7
    [junit] MAJOR: ------------------------------------------------------------
    [junit] MAJOR: 85/93 - com.google.javascript.jscomp.PeepholeFoldConstants_ESTest4 (122ms / 34):
    [junit] MAJOR: 228148 (0 / 34 / 34) -> AVG-RTPM: 147ms
    [junit] MAJOR: Mutants killed / live: 147 (0-900-0) / 7
    [junit] MAJOR: ------------------------------------------------------------
    [junit] MAJOR: 86/93 - com.google.javascript.jscomp.PeepholeFoldConstants_ESTest26 (126ms / 8):
    [junit] MAJOR: 230146 (0 / 8 / 8) -> AVG-RTPM: 249ms
    [junit] MAJOR: Mutants killed / live: 147 (0-908-0) / 7
    [junit] MAJOR: ------------------------------------------------------------
    [junit] MAJOR: 87/93 - com.google.javascript.jscomp.PeepholeFoldConstants_ESTest56 (129ms / 8):
    [junit] MAJOR: 231033 (0 / 8 / 8) -> AVG-RTPM: 110ms
    [junit] MAJOR: Mutants killed / live: 147 (0-916-0) / 7
    [junit] MAJOR: ------------------------------------------------------------
    [junit] MAJOR: 88/93 - com.google.javascript.jscomp.PeepholeFoldConstants_ESTest81 (130ms / 6):
    [junit] MAJOR: 231823 (0 / 6 / 6) -> AVG-RTPM: 131ms
    [junit] MAJOR: Mutants killed / live: 147 (0-922-0) / 7
    [junit] MAJOR: ------------------------------------------------------------
    [junit] MAJOR: 89/93 - com.google.javascript.jscomp.PeepholeFoldConstants_ESTest16 (137ms / 8):
    [junit] MAJOR: 233039 (0 / 8 / 8) -> AVG-RTPM: 152ms
    [junit] MAJOR: Mutants killed / live: 147 (0-930-0) / 7
    [junit] MAJOR: ------------------------------------------------------------
    [junit] MAJOR: 90/93 - com.google.javascript.jscomp.PeepholeFoldConstants_ESTest62 (144ms / 8):
    [junit] MAJOR: 234476 (0 / 8 / 8) -> AVG-RTPM: 179ms
    [junit] MAJOR: Mutants killed / live: 147 (0-938-0) / 7
    [junit] MAJOR: ------------------------------------------------------------
    [junit] MAJOR: 91/93 - com.google.javascript.jscomp.PeepholeFoldConstants_ESTest21 (162ms / 12):
    [junit] MAJOR: 235735 (7 / 12 / 12) -> AVG-RTPM: 104ms
    [junit] MAJOR: Mutants killed / live: 154 (0-950-0) / 0
    [junit] MAJOR: ------------------------------------------------------------
    [junit] MAJOR: 92/93 - com.google.javascript.jscomp.PeepholeFoldConstants_ESTest13 (246ms / 8):
    [junit] MAJOR: 237044 (0 / 8 / 8) -> AVG-RTPM: 163ms
    [junit] MAJOR: Mutants killed / live: 154 (0-958-0) / 0
    [junit] MAJOR: ------------------------------------------------------------
    [junit] MAJOR: 93/93 - com.google.javascript.jscomp.PeepholeFoldConstants_ESTest83 (395ms / 6):
    [junit] MAJOR: 237911 (0 / 6 / 6) -> AVG-RTPM: 144ms
    [junit] MAJOR: Mutants killed / live: 154 (0-964-0) / 0
    [junit] MAJOR: ------------------------------------------------------------
    [junit] MAJOR: Summary:
    [junit] MAJOR: 
    [junit] MAJOR: Analysis time:  237.9 seconds
    [junit] MAJOR: Mutation score: 8.84% (100.00%)
    [junit] MAJOR: Mutants killed / live: 154 (0-964-0) / 0
    [junit] MAJOR: Mutant executions: 972
    [junit] MAJOR: ------------------------------------------------------------
    [junit] MAJOR: Export summary of results (to summary.csv)
    [junit] MAJOR: Export mutant kill details (to /tmp/run_mutation.pl_113937_1501759540/78f/kill.csv)
    [junit] MAJOR: Export kill map (to killMap.csv)!

BUILD SUCCESSFUL
Total time: 18 minutes 36 seconds
