
svnversion:

compile:
    [javac] /tmp/run_mutation.pl_115572_1500964359/78f/build.xml:184: warning: 'includeantruntime' was not set, defaulting to build.sysclasspath=last; set to false for repeatable builds
    [javac] /tmp/run_mutation.pl_115572_1500964359/78f/build.xml:190: warning: 'includeantruntime' was not set, defaulting to build.sysclasspath=last; set to false for repeatable builds
[propertyfile] Updating property file: /tmp/run_mutation.pl_115572_1500964359/78f/build/classes/com/google/javascript/jscomp/parsing/ParserConfig.properties

compile-tests:
    [mkdir] Created dir: /tmp/run_mutation.pl_115572_1500964359/78f/build/test
    [javac] /tmp/run_mutation.pl_115572_1500964359/78f/build.xml:254: warning: 'includeantruntime' was not set, defaulting to build.sysclasspath=last; set to false for repeatable builds
    [javac] Compiling 366 source files to /tmp/run_mutation.pl_115572_1500964359/78f/build/test
    [javac] warning: [options] bootstrap class path not set in conjunction with -source 1.6
    [javac] 1 warning
    [javac] /tmp/run_mutation.pl_115572_1500964359/78f/build.xml:259: warning: 'includeantruntime' was not set, defaulting to build.sysclasspath=last; set to false for repeatable builds
    [javac] Compiling 195 source files to /tmp/run_mutation.pl_115572_1500964359/78f/build/test
    [javac] warning: [options] bootstrap class path not set in conjunction with -source 1.6
    [javac] 1 warning

compile.tests:

update.all.tests:

mutation.test:
     [echo] Running mutation analysis ...
    [junit] MAJOR: Mutation analysis enabled
SLF4J: Failed to load class "org.slf4j.impl.StaticLoggerBinder".
SLF4J: Defaulting to no-operation (NOP) logger implementation
SLF4J: See http://www.slf4j.org/codes.html#StaticLoggerBinder for further details.
    [junit] MAJOR: ------------------------------------------------------------
    [junit] MAJOR: Run 96 ordered tests to verify independence
    [junit] MAJOR: ------------------------------------------------------------
    [junit] MAJOR: Preprocessing time: 398.63 seconds
    [junit] MAJOR: ------------------------------------------------------------
    [junit] MAJOR: Mutants generated: 1743
    [junit] MAJOR: Mutants covered:   230 (13.20%)
    [junit] MAJOR: ------------------------------------------------------------
    [junit] MAJOR: Export test map to (testMap.csv)
    [junit] MAJOR: Export coverage map to (covMap.csv)
    [junit] MAJOR: Exclude 0 mutants
    [junit] MAJOR: ------------------------------------------------------------
    [junit] MAJOR: Run mutation analysis with 96 individual tests
    [junit] MAJOR: ------------------------------------------------------------
    [junit] MAJOR: 1/96 - com.google.javascript.jscomp.PeepholeFoldConstants_ESTest20 (24ms / 20):
    [junit] MAJOR: 52429 (15 / 20 / 20) -> AVG-RTPM: 2621ms
    [junit] MAJOR: Mutants killed / live: 15 (0-15-0) / 215
    [junit] MAJOR: ------------------------------------------------------------
    [junit] MAJOR: 2/96 - com.google.javascript.jscomp.PeepholeFoldConstants_ESTest21 (24ms / 12):
    [junit] MAJOR: 53241 (12 / 12 / 12) -> AVG-RTPM: 67ms
    [junit] MAJOR: Mutants killed / live: 27 (0-27-0) / 203
    [junit] MAJOR: ------------------------------------------------------------
    [junit] MAJOR: 3/96 - com.google.javascript.jscomp.PeepholeFoldConstants_ESTest27 (24ms / 8):
    [junit] MAJOR: 53804 (0 / 8 / 8) -> AVG-RTPM: 70ms
    [junit] MAJOR: Mutants killed / live: 27 (0-35-0) / 203
    [junit] MAJOR: ------------------------------------------------------------
    [junit] MAJOR: 4/96 - com.google.javascript.jscomp.PeepholeFoldConstants_ESTest25 (25ms / 8):
    [junit] MAJOR: 54802 (0 / 8 / 8) -> AVG-RTPM: 124ms
    [junit] MAJOR: Mutants killed / live: 27 (0-43-0) / 203
    [junit] MAJOR: ------------------------------------------------------------
    [junit] MAJOR: 5/96 - com.google.javascript.jscomp.PeepholeFoldConstants_ESTest3 (25ms / 10):
    [junit] MAJOR: 55547 (2 / 10 / 10) -> AVG-RTPM: 74ms
    [junit] MAJOR: Mutants killed / live: 29 (0-53-0) / 201
    [junit] MAJOR: ------------------------------------------------------------
    [junit] MAJOR: 6/96 - com.google.javascript.jscomp.PeepholeFoldConstants_ESTest35 (25ms / 12):
    [junit] MAJOR: 56687 (0 / 12 / 12) -> AVG-RTPM: 95ms
    [junit] MAJOR: Mutants killed / live: 29 (0-65-0) / 201
    [junit] MAJOR: ------------------------------------------------------------
    [junit] MAJOR: 7/96 - com.google.javascript.jscomp.PeepholeFoldConstants_ESTest39 (25ms / 8):
    [junit] MAJOR: 57313 (0 / 8 / 8) -> AVG-RTPM: 78ms
    [junit] MAJOR: Mutants killed / live: 29 (0-73-0) / 201
    [junit] MAJOR: ------------------------------------------------------------
    [junit] MAJOR: 8/96 - com.google.javascript.jscomp.PeepholeFoldConstants_ESTest4 (25ms / 22):
    [junit] MAJOR: 59494 (18 / 22 / 22) -> AVG-RTPM: 99ms
    [junit] MAJOR: Mutants killed / live: 47 (0-95-0) / 183
    [junit] MAJOR: ------------------------------------------------------------
    [junit] MAJOR: 9/96 - com.google.javascript.jscomp.PeepholeFoldConstants_ESTest40 (25ms / 8):
    [junit] MAJOR: 60130 (0 / 8 / 8) -> AVG-RTPM: 79ms
    [junit] MAJOR: Mutants killed / live: 47 (0-103-0) / 183
    [junit] MAJOR: ------------------------------------------------------------
    [junit] MAJOR: 10/96 - com.google.javascript.jscomp.PeepholeFoldConstants_ESTest5 (25ms / 34):
    [junit] MAJOR: 63064 (30 / 34 / 34) -> AVG-RTPM: 86ms
    [junit] MAJOR: Mutants killed / live: 77 (0-137-0) / 153
    [junit] MAJOR: ------------------------------------------------------------
    [junit] MAJOR: 11/96 - com.google.javascript.jscomp.PeepholeFoldConstants_ESTest51 (25ms / 8):
    [junit] MAJOR: 63929 (0 / 8 / 8) -> AVG-RTPM: 108ms
    [junit] MAJOR: Mutants killed / live: 77 (0-145-0) / 153
    [junit] MAJOR: ------------------------------------------------------------
    [junit] MAJOR: 12/96 - com.google.javascript.jscomp.PeepholeFoldConstants_ESTest53 (25ms / 8):
    [junit] MAJOR: 64772 (0 / 8 / 8) -> AVG-RTPM: 105ms
    [junit] MAJOR: Mutants killed / live: 77 (0-153-0) / 153
    [junit] MAJOR: ------------------------------------------------------------
    [junit] MAJOR: 13/96 - com.google.javascript.jscomp.PeepholeFoldConstants_ESTest55 (25ms / 8):
    [junit] MAJOR: 65451 (0 / 8 / 8) -> AVG-RTPM: 84ms
    [junit] MAJOR: Mutants killed / live: 77 (0-161-0) / 153
    [junit] MAJOR: ------------------------------------------------------------
    [junit] MAJOR: 14/96 - com.google.javascript.jscomp.PeepholeFoldConstants_ESTest56 (25ms / 8):
    [junit] MAJOR: 66279 (0 / 8 / 8) -> AVG-RTPM: 103ms
    [junit] MAJOR: Mutants killed / live: 77 (0-169-0) / 153
    [junit] MAJOR: ------------------------------------------------------------
    [junit] MAJOR: 15/96 - com.google.javascript.jscomp.PeepholeFoldConstants_ESTest58 (25ms / 8):
    [junit] MAJOR: 66921 (0 / 8 / 8) -> AVG-RTPM: 80ms
    [junit] MAJOR: Mutants killed / live: 77 (0-177-0) / 153
    [junit] MAJOR: ------------------------------------------------------------
    [junit] MAJOR: 16/96 - com.google.javascript.jscomp.PeepholeFoldConstants_ESTest67 (25ms / 8):
    [junit] MAJOR: 67582 (0 / 8 / 8) -> AVG-RTPM: 82ms
    [junit] MAJOR: Mutants killed / live: 77 (0-185-0) / 153
    [junit] MAJOR: ------------------------------------------------------------
    [junit] MAJOR: 17/96 - com.google.javascript.jscomp.PeepholeFoldConstants_ESTest1 (26ms / 8):
    [junit] MAJOR: 68396 (0 / 8 / 8) -> AVG-RTPM: 101ms
    [junit] MAJOR: Mutants killed / live: 77 (0-193-0) / 153
    [junit] MAJOR: ------------------------------------------------------------
    [junit] MAJOR: 18/96 - com.google.javascript.jscomp.PeepholeFoldConstants_ESTest2 (26ms / 10):
    [junit] MAJOR: 69418 (0 / 10 / 10) -> AVG-RTPM: 102ms
    [junit] MAJOR: Mutants killed / live: 77 (0-203-0) / 153
    [junit] MAJOR: ------------------------------------------------------------
    [junit] MAJOR: 19/96 - com.google.javascript.jscomp.PeepholeFoldConstants_ESTest22 (26ms / 12):
    [junit] MAJOR: 70388 (0 / 12 / 12) -> AVG-RTPM: 80ms
    [junit] MAJOR: Mutants killed / live: 77 (0-215-0) / 153
    [junit] MAJOR: ------------------------------------------------------------
    [junit] MAJOR: 20/96 - com.google.javascript.jscomp.PeepholeFoldConstants_ESTest23 (26ms / 8):
    [junit] MAJOR: 71219 (0 / 8 / 8) -> AVG-RTPM: 103ms
    [junit] MAJOR: Mutants killed / live: 77 (0-223-0) / 153
    [junit] MAJOR: ------------------------------------------------------------
    [junit] MAJOR: 21/96 - com.google.javascript.jscomp.PeepholeFoldConstants_ESTest24 (26ms / 8):
    [junit] MAJOR: 71866 (0 / 8 / 8) -> AVG-RTPM: 80ms
    [junit] MAJOR: Mutants killed / live: 77 (0-231-0) / 153
    [junit] MAJOR: ------------------------------------------------------------
    [junit] MAJOR: 22/96 - com.google.javascript.jscomp.PeepholeFoldConstants_ESTest29 (26ms / 12):
    [junit] MAJOR: 73029 (0 / 12 / 12) -> AVG-RTPM: 96ms
    [junit] MAJOR: Mutants killed / live: 77 (0-243-0) / 153
    [junit] MAJOR: ------------------------------------------------------------
    [junit] MAJOR: 23/96 - com.google.javascript.jscomp.PeepholeFoldConstants_ESTest30 (26ms / 12):
    [junit] MAJOR: 74034 (0 / 12 / 12) -> AVG-RTPM: 83ms
    [junit] MAJOR: Mutants killed / live: 77 (0-255-0) / 153
    [junit] MAJOR: ------------------------------------------------------------
    [junit] MAJOR: 24/96 - com.google.javascript.jscomp.PeepholeFoldConstants_ESTest32 (26ms / 12):
    [junit] MAJOR: 75195 (7 / 12 / 12) -> AVG-RTPM: 96ms
    [junit] MAJOR: Mutants killed / live: 84 (0-267-0) / 146
    [junit] MAJOR: ------------------------------------------------------------
    [junit] MAJOR: 25/96 - com.google.javascript.jscomp.PeepholeFoldConstants_ESTest37 (26ms / 8):
    [junit] MAJOR: 76027 (0 / 8 / 8) -> AVG-RTPM: 104ms
    [junit] MAJOR: Mutants killed / live: 84 (0-275-0) / 146
    [junit] MAJOR: ------------------------------------------------------------
    [junit] MAJOR: 26/96 - com.google.javascript.jscomp.PeepholeFoldConstants_ESTest45 (26ms / 8):
    [junit] MAJOR: 76698 (0 / 8 / 8) -> AVG-RTPM: 83ms
    [junit] MAJOR: Mutants killed / live: 84 (0-283-0) / 146
    [junit] MAJOR: ------------------------------------------------------------
    [junit] MAJOR: 27/96 - com.google.javascript.jscomp.PeepholeFoldConstants_ESTest46 (26ms / 8):
    [junit] MAJOR: 77336 (0 / 8 / 8) -> AVG-RTPM: 79ms
    [junit] MAJOR: Mutants killed / live: 84 (0-291-0) / 146
    [junit] MAJOR: ------------------------------------------------------------
    [junit] MAJOR: 28/96 - com.google.javascript.jscomp.PeepholeFoldConstants_ESTest48 (26ms / 8):
    [junit] MAJOR: 78163 (0 / 8 / 8) -> AVG-RTPM: 103ms
    [junit] MAJOR: Mutants killed / live: 84 (0-299-0) / 146
    [junit] MAJOR: ------------------------------------------------------------
    [junit] MAJOR: 29/96 - com.google.javascript.jscomp.PeepholeFoldConstants_ESTest54 (26ms / 8):
    [junit] MAJOR: 78829 (0 / 8 / 8) -> AVG-RTPM: 83ms
    [junit] MAJOR: Mutants killed / live: 84 (0-307-0) / 146
    [junit] MAJOR: ------------------------------------------------------------
    [junit] MAJOR: 30/96 - com.google.javascript.jscomp.PeepholeFoldConstants_ESTest62 (26ms / 8):
    [junit] MAJOR: 79668 (0 / 8 / 8) -> AVG-RTPM: 104ms
    [junit] MAJOR: Mutants killed / live: 84 (0-315-0) / 146
    [junit] MAJOR: ------------------------------------------------------------
    [junit] MAJOR: 31/96 - com.google.javascript.jscomp.PeepholeFoldConstants_ESTest71 (26ms / 8):
    [junit] MAJOR: 80530 (0 / 8 / 8) -> AVG-RTPM: 107ms
    [junit] MAJOR: Mutants killed / live: 84 (0-323-0) / 146
    [junit] MAJOR: ------------------------------------------------------------
    [junit] MAJOR: 32/96 - com.google.javascript.jscomp.PeepholeFoldConstants_ESTest74 (26ms / 8):
    [junit] MAJOR: 81179 (0 / 8 / 8) -> AVG-RTPM: 81ms
    [junit] MAJOR: Mutants killed / live: 84 (0-331-0) / 146
    [junit] MAJOR: ------------------------------------------------------------
    [junit] MAJOR: 33/96 - com.google.javascript.jscomp.PeepholeFoldConstants_ESTest87 (26ms / 8):
    [junit] MAJOR: 81822 (0 / 8 / 8) -> AVG-RTPM: 80ms
    [junit] MAJOR: Mutants killed / live: 84 (0-339-0) / 146
    [junit] MAJOR: ------------------------------------------------------------
    [junit] MAJOR: 34/96 - com.google.javascript.jscomp.PeepholeFoldConstants_ESTest31 (27ms / 12):
    [junit] MAJOR: 83009 (0 / 12 / 12) -> AVG-RTPM: 98ms
    [junit] MAJOR: Mutants killed / live: 84 (0-351-0) / 146
    [junit] MAJOR: ------------------------------------------------------------
    [junit] MAJOR: 35/96 - com.google.javascript.jscomp.PeepholeFoldConstants_ESTest36 (27ms / 12):
    [junit] MAJOR: 84016 (0 / 12 / 12) -> AVG-RTPM: 83ms
    [junit] MAJOR: Mutants killed / live: 84 (0-363-0) / 146
    [junit] MAJOR: ------------------------------------------------------------
    [junit] MAJOR: 36/96 - com.google.javascript.jscomp.PeepholeFoldConstants_ESTest42 (27ms / 8):
    [junit] MAJOR: 85127 (0 / 8 / 8) -> AVG-RTPM: 138ms
    [junit] MAJOR: Mutants killed / live: 84 (0-371-0) / 146
    [junit] MAJOR: ------------------------------------------------------------
    [junit] MAJOR: 37/96 - com.google.javascript.jscomp.PeepholeFoldConstants_ESTest43 (27ms / 8):
    [junit] MAJOR: 85805 (0 / 8 / 8) -> AVG-RTPM: 84ms
    [junit] MAJOR: Mutants killed / live: 84 (0-379-0) / 146
    [junit] MAJOR: ------------------------------------------------------------
    [junit] MAJOR: 38/96 - com.google.javascript.jscomp.PeepholeFoldConstants_ESTest44 (27ms / 8):
    [junit] MAJOR: 86507 (0 / 8 / 8) -> AVG-RTPM: 87ms
    [junit] MAJOR: Mutants killed / live: 84 (0-387-0) / 146
    [junit] MAJOR: ------------------------------------------------------------
    [junit] MAJOR: 39/96 - com.google.javascript.jscomp.PeepholeFoldConstants_ESTest49 (27ms / 8):
    [junit] MAJOR: 87328 (0 / 8 / 8) -> AVG-RTPM: 102ms
    [junit] MAJOR: Mutants killed / live: 84 (0-395-0) / 146
    [junit] MAJOR: ------------------------------------------------------------
    [junit] MAJOR: 40/96 - com.google.javascript.jscomp.PeepholeFoldConstants_ESTest59 (27ms / 8):
    [junit] MAJOR: 87997 (0 / 8 / 8) -> AVG-RTPM: 83ms
    [junit] MAJOR: Mutants killed / live: 84 (0-403-0) / 146
    [junit] MAJOR: ------------------------------------------------------------
    [junit] MAJOR: 41/96 - com.google.javascript.jscomp.PeepholeFoldConstants_ESTest60 (27ms / 8):
    [junit] MAJOR: 88616 (0 / 8 / 8) -> AVG-RTPM: 77ms
    [junit] MAJOR: Mutants killed / live: 84 (0-411-0) / 146
    [junit] MAJOR: ------------------------------------------------------------
    [junit] MAJOR: 42/96 - com.google.javascript.jscomp.PeepholeFoldConstants_ESTest61 (27ms / 8):
    [junit] MAJOR: 90114 (0 / 8 / 8) -> AVG-RTPM: 187ms
    [junit] MAJOR: Mutants killed / live: 84 (0-419-0) / 146
    [junit] MAJOR: ------------------------------------------------------------
    [junit] MAJOR: 43/96 - com.google.javascript.jscomp.PeepholeFoldConstants_ESTest69 (27ms / 8):
    [junit] MAJOR: 90593 (0 / 8 / 8) -> AVG-RTPM: 59ms
    [junit] MAJOR: Mutants killed / live: 84 (0-427-0) / 146
    [junit] MAJOR: ------------------------------------------------------------
    [junit] MAJOR: 44/96 - com.google.javascript.jscomp.PeepholeFoldConstants_ESTest70 (27ms / 8):
    [junit] MAJOR: 91128 (0 / 8 / 8) -> AVG-RTPM: 66ms
    [junit] MAJOR: Mutants killed / live: 84 (0-435-0) / 146
    [junit] MAJOR: ------------------------------------------------------------
    [junit] MAJOR: 45/96 - com.google.javascript.jscomp.PeepholeFoldConstants_ESTest72 (27ms / 8):
    [junit] MAJOR: 91860 (0 / 8 / 8) -> AVG-RTPM: 91ms
    [junit] MAJOR: Mutants killed / live: 84 (0-443-0) / 146
    [junit] MAJOR: ------------------------------------------------------------
    [junit] MAJOR: 46/96 - com.google.javascript.jscomp.PeepholeFoldConstants_ESTest73 (27ms / 8):
    [junit] MAJOR: 92414 (0 / 8 / 8) -> AVG-RTPM: 69ms
    [junit] MAJOR: Mutants killed / live: 84 (0-451-0) / 146
    [junit] MAJOR: ------------------------------------------------------------
    [junit] MAJOR: 47/96 - com.google.javascript.jscomp.PeepholeFoldConstants_ESTest75 (27ms / 8):
    [junit] MAJOR: 92999 (0 / 8 / 8) -> AVG-RTPM: 73ms
    [junit] MAJOR: Mutants killed / live: 84 (0-459-0) / 146
    [junit] MAJOR: ------------------------------------------------------------
    [junit] MAJOR: 48/96 - com.google.javascript.jscomp.PeepholeFoldConstants_ESTest76 (27ms / 8):
    [junit] MAJOR: 93825 (0 / 8 / 8) -> AVG-RTPM: 103ms
    [junit] MAJOR: Mutants killed / live: 84 (0-467-0) / 146
    [junit] MAJOR: ------------------------------------------------------------
    [junit] MAJOR: 49/96 - com.google.javascript.jscomp.PeepholeFoldConstants_ESTest38 (28ms / 8):
    [junit] MAJOR: 94655 (0 / 8 / 8) -> AVG-RTPM: 103ms
    [junit] MAJOR: Mutants killed / live: 84 (0-475-0) / 146
    [junit] MAJOR: ------------------------------------------------------------
    [junit] MAJOR: 50/96 - com.google.javascript.jscomp.PeepholeFoldConstants_ESTest50 (28ms / 8):
    [junit] MAJOR: 95325 (0 / 8 / 8) -> AVG-RTPM: 83ms
    [junit] MAJOR: Mutants killed / live: 84 (0-483-0) / 146
    [junit] MAJOR: ------------------------------------------------------------
    [junit] MAJOR: 51/96 - com.google.javascript.jscomp.PeepholeFoldConstants_ESTest57 (28ms / 8):
    [junit] MAJOR: 95997 (0 / 8 / 8) -> AVG-RTPM: 84ms
    [junit] MAJOR: Mutants killed / live: 84 (0-491-0) / 146
    [junit] MAJOR: ------------------------------------------------------------
    [junit] MAJOR: 52/96 - com.google.javascript.jscomp.PeepholeFoldConstants_ESTest66 (28ms / 8):
    [junit] MAJOR: 96813 (0 / 8 / 8) -> AVG-RTPM: 102ms
    [junit] MAJOR: Mutants killed / live: 84 (0-499-0) / 146
    [junit] MAJOR: ------------------------------------------------------------
    [junit] MAJOR: 53/96 - com.google.javascript.jscomp.PeepholeFoldConstants_ESTest68 (28ms / 8):
    [junit] MAJOR: 97471 (0 / 8 / 8) -> AVG-RTPM: 82ms
    [junit] MAJOR: Mutants killed / live: 84 (0-507-0) / 146
    [junit] MAJOR: ------------------------------------------------------------
    [junit] MAJOR: 54/96 - com.google.javascript.jscomp.PeepholeFoldConstants_ESTest83 (28ms / 8):
    [junit] MAJOR: 98102 (0 / 8 / 8) -> AVG-RTPM: 78ms
    [junit] MAJOR: Mutants killed / live: 84 (0-515-0) / 146
    [junit] MAJOR: ------------------------------------------------------------
    [junit] MAJOR: 55/96 - com.google.javascript.jscomp.PeepholeFoldConstants_ESTest84 (28ms / 6):
    [junit] MAJOR: 98766 (1 / 6 / 6) -> AVG-RTPM: 110ms
    [junit] MAJOR: Mutants killed / live: 85 (0-521-0) / 145
    [junit] MAJOR: ------------------------------------------------------------
    [junit] MAJOR: 56/96 - com.google.javascript.jscomp.PeepholeFoldConstants_ESTest86 (28ms / 6):
    [junit] MAJOR: 99458 (0 / 6 / 6) -> AVG-RTPM: 115ms
    [junit] MAJOR: Mutants killed / live: 85 (0-527-0) / 145
    [junit] MAJOR: ------------------------------------------------------------
    [junit] MAJOR: 57/96 - com.google.javascript.jscomp.PeepholeFoldConstants_ESTest90 (28ms / 6):
    [junit] MAJOR: 99935 (0 / 6 / 6) -> AVG-RTPM: 79ms
    [junit] MAJOR: Mutants killed / live: 85 (0-533-0) / 145
    [junit] MAJOR: ------------------------------------------------------------
    [junit] MAJOR: 58/96 - com.google.javascript.jscomp.PeepholeFoldConstants_ESTest26 (29ms / 8):
    [junit] MAJOR: 100736 (0 / 8 / 8) -> AVG-RTPM: 100ms
    [junit] MAJOR: Mutants killed / live: 85 (0-541-0) / 145
    [junit] MAJOR: ------------------------------------------------------------
    [junit] MAJOR: 59/96 - com.google.javascript.jscomp.PeepholeFoldConstants_ESTest34 (29ms / 12):
    [junit] MAJOR: 101716 (0 / 12 / 12) -> AVG-RTPM: 81ms
    [junit] MAJOR: Mutants killed / live: 85 (0-553-0) / 145
    [junit] MAJOR: ------------------------------------------------------------
    [junit] MAJOR: 60/96 - com.google.javascript.jscomp.PeepholeFoldConstants_ESTest65 (29ms / 8):
    [junit] MAJOR: 102348 (0 / 8 / 8) -> AVG-RTPM: 79ms
    [junit] MAJOR: Mutants killed / live: 85 (0-561-0) / 145
    [junit] MAJOR: ------------------------------------------------------------
    [junit] MAJOR: 61/96 - com.google.javascript.jscomp.PeepholeFoldConstants_ESTest80 (29ms / 8):
    [junit] MAJOR: 103239 (0 / 8 / 8) -> AVG-RTPM: 111ms
    [junit] MAJOR: Mutants killed / live: 85 (0-569-0) / 145
    [junit] MAJOR: ------------------------------------------------------------
    [junit] MAJOR: 62/96 - com.google.javascript.jscomp.PeepholeFoldConstants_ESTest85 (29ms / 6):
    [junit] MAJOR: 103736 (0 / 6 / 6) -> AVG-RTPM: 82ms
    [junit] MAJOR: Mutants killed / live: 85 (0-575-0) / 145
    [junit] MAJOR: ------------------------------------------------------------
    [junit] MAJOR: 63/96 - com.google.javascript.jscomp.PeepholeFoldConstants_ESTest88 (29ms / 6):
    [junit] MAJOR: 104408 (0 / 6 / 6) -> AVG-RTPM: 112ms
    [junit] MAJOR: Mutants killed / live: 85 (0-581-0) / 145
    [junit] MAJOR: ------------------------------------------------------------
    [junit] MAJOR: 64/96 - com.google.javascript.jscomp.PeepholeFoldConstants_ESTest89 (29ms / 6):
    [junit] MAJOR: 104901 (0 / 6 / 6) -> AVG-RTPM: 82ms
    [junit] MAJOR: Mutants killed / live: 85 (0-587-0) / 145
    [junit] MAJOR: ------------------------------------------------------------
    [junit] MAJOR: 65/96 - com.google.javascript.jscomp.PeepholeFoldConstants_ESTest91 (29ms / 6):
    [junit] MAJOR: 105570 (0 / 6 / 6) -> AVG-RTPM: 111ms
    [junit] MAJOR: Mutants killed / live: 85 (0-593-0) / 145
    [junit] MAJOR: ------------------------------------------------------------
    [junit] MAJOR: 66/96 - com.google.javascript.jscomp.PeepholeFoldConstants_ESTest92 (29ms / 23):
    [junit] MAJOR: 107632 (1 / 23 / 23) -> AVG-RTPM: 89ms
    [junit] MAJOR: Mutants killed / live: 86 (0-616-0) / 144
    [junit] MAJOR: ------------------------------------------------------------
    [junit] MAJOR: 67/96 - com.google.javascript.jscomp.PeepholeFoldConstants_ESTest93 (29ms / 20):
    [junit] MAJOR: 109470 (10 / 20 / 20) -> AVG-RTPM: 91ms
    [junit] MAJOR: Mutants killed / live: 96 (0-636-0) / 134
    [junit] MAJOR: ------------------------------------------------------------
    [junit] MAJOR: 68/96 - com.google.javascript.jscomp.PeepholeFoldConstants_ESTest28 (30ms / 8):
    [junit] MAJOR: 110328 (0 / 8 / 8) -> AVG-RTPM: 107ms
    [junit] MAJOR: Mutants killed / live: 96 (0-644-0) / 134
    [junit] MAJOR: ------------------------------------------------------------
    [junit] MAJOR: 69/96 - com.google.javascript.jscomp.PeepholeFoldConstants_ESTest82 (30ms / 8):
    [junit] MAJOR: 111001 (0 / 8 / 8) -> AVG-RTPM: 84ms
    [junit] MAJOR: Mutants killed / live: 96 (0-652-0) / 134
    [junit] MAJOR: ------------------------------------------------------------
    [junit] MAJOR: 70/96 - com.google.javascript.jscomp.PeepholeFoldConstants_ESTest63 (31ms / 8):
    [junit] MAJOR: 111625 (0 / 8 / 8) -> AVG-RTPM: 78ms
    [junit] MAJOR: Mutants killed / live: 96 (0-660-0) / 134
    [junit] MAJOR: ------------------------------------------------------------
    [junit] MAJOR: 71/96 - com.google.javascript.jscomp.PeepholeFoldConstants_ESTest79 (31ms / 8):
    [junit] MAJOR: 112478 (0 / 8 / 8) -> AVG-RTPM: 106ms
    [junit] MAJOR: Mutants killed / live: 96 (0-668-0) / 134
    [junit] MAJOR: ------------------------------------------------------------
    [junit] MAJOR: 72/96 - com.google.javascript.jscomp.PeepholeFoldConstants_ESTest94 (31ms / 28):
    [junit] MAJOR: 115120 (24 / 28 / 28) -> AVG-RTPM: 94ms
    [junit] MAJOR: Mutants killed / live: 120 (0-696-0) / 110
    [junit] MAJOR: ------------------------------------------------------------
    [junit] MAJOR: 73/96 - com.google.javascript.jscomp.PeepholeFoldConstants_ESTest77 (32ms / 8):
    [junit] MAJOR: 115744 (0 / 8 / 8) -> AVG-RTPM: 78ms
    [junit] MAJOR: Mutants killed / live: 120 (0-704-0) / 110
    [junit] MAJOR: ------------------------------------------------------------
    [junit] MAJOR: 74/96 - com.google.javascript.jscomp.PeepholeFoldConstants_ESTest81 (32ms / 8):
    [junit] MAJOR: 116410 (0 / 8 / 8) -> AVG-RTPM: 83ms
    [junit] MAJOR: Mutants killed / live: 120 (0-712-0) / 110
    [junit] MAJOR: ------------------------------------------------------------
    [junit] MAJOR: 75/96 - com.google.javascript.jscomp.PeepholeFoldConstants_ESTest95 (32ms / 36):
    [junit] MAJOR: 119924 (2 / 36 / 36) -> AVG-RTPM: 97ms
    [junit] MAJOR: Mutants killed / live: 122 (0-748-0) / 108
    [junit] MAJOR: ------------------------------------------------------------
    [junit] MAJOR: 76/96 - com.google.javascript.jscomp.PeepholeFoldConstants_ESTest33 (33ms / 12):
    [junit] MAJOR: 120880 (0 / 12 / 12) -> AVG-RTPM: 79ms
    [junit] MAJOR: Mutants killed / live: 122 (0-760-0) / 108
    [junit] MAJOR: ------------------------------------------------------------
    [junit] MAJOR: 77/96 - com.google.javascript.jscomp.PeepholeFoldConstants_ESTest78 (33ms / 8):
    [junit] MAJOR: 121758 (0 / 8 / 8) -> AVG-RTPM: 109ms
    [junit] MAJOR: Mutants killed / live: 122 (0-768-0) / 108
    [junit] MAJOR: ------------------------------------------------------------
    [junit] MAJOR: 78/96 - com.google.javascript.jscomp.PeepholeFoldConstants_ESTest64 (34ms / 8):
    [junit] MAJOR: 122389 (0 / 8 / 8) -> AVG-RTPM: 78ms
    [junit] MAJOR: Mutants killed / live: 122 (0-776-0) / 108
    [junit] MAJOR: ------------------------------------------------------------
    [junit] MAJOR: 79/96 - com.google.javascript.jscomp.PeepholeFoldConstants_ESTest19 (36ms / 11):
    [junit] MAJOR: 123442 (3 / 11 / 11) -> AVG-RTPM: 95ms
    [junit] MAJOR: Mutants killed / live: 125 (0-787-0) / 105
    [junit] MAJOR: ------------------------------------------------------------
    [junit] MAJOR: 80/96 - com.google.javascript.jscomp.PeepholeFoldConstants_ESTest0 (37ms / 6):
    [junit] MAJOR: 124330 (0 / 6 / 6) -> AVG-RTPM: 147ms
    [junit] MAJOR: Mutants killed / live: 125 (0-793-0) / 105
    [junit] MAJOR: ------------------------------------------------------------
    [junit] MAJOR: 81/96 - com.google.javascript.jscomp.PeepholeFoldConstants_ESTest12 (37ms / 11):
    [junit] MAJOR: 125427 (0 / 11 / 11) -> AVG-RTPM: 99ms
    [junit] MAJOR: Mutants killed / live: 125 (0-804-0) / 105
    [junit] MAJOR: ------------------------------------------------------------
    [junit] MAJOR: 82/96 - com.google.javascript.jscomp.PeepholeFoldConstants_ESTest41 (37ms / 8):
    [junit] MAJOR: 126263 (0 / 8 / 8) -> AVG-RTPM: 104ms
    [junit] MAJOR: Mutants killed / live: 125 (0-812-0) / 105
    [junit] MAJOR: ------------------------------------------------------------
    [junit] MAJOR: 83/96 - com.google.javascript.jscomp.PeepholeFoldConstants_ESTest11 (38ms / 11):
    [junit] MAJOR: 127526 (0 / 11 / 11) -> AVG-RTPM: 114ms
    [junit] MAJOR: Mutants killed / live: 125 (0-823-0) / 105
    [junit] MAJOR: ------------------------------------------------------------
    [junit] MAJOR: 84/96 - com.google.javascript.jscomp.PeepholeFoldConstants_ESTest13 (38ms / 11):
    [junit] MAJOR: 128569 (0 / 11 / 11) -> AVG-RTPM: 94ms
    [junit] MAJOR: Mutants killed / live: 125 (0-834-0) / 105
    [junit] MAJOR: ------------------------------------------------------------
    [junit] MAJOR: 85/96 - com.google.javascript.jscomp.PeepholeFoldConstants_ESTest18 (38ms / 49):
    [junit] MAJOR: 133904 (38 / 49 / 49) -> AVG-RTPM: 108ms
    [junit] MAJOR: Mutants killed / live: 163 (0-883-0) / 67
    [junit] MAJOR: ------------------------------------------------------------
    [junit] MAJOR: 86/96 - com.google.javascript.jscomp.PeepholeFoldConstants_ESTest15 (39ms / 15):
    [junit] MAJOR: 135694 (0 / 15 / 15) -> AVG-RTPM: 119ms
    [junit] MAJOR: Mutants killed / live: 163 (0-898-0) / 67
    [junit] MAJOR: ------------------------------------------------------------
    [junit] MAJOR: 87/96 - com.google.javascript.jscomp.PeepholeFoldConstants_ESTest17 (39ms / 11):
    [junit] MAJOR: 136786 (0 / 11 / 11) -> AVG-RTPM: 99ms
    [junit] MAJOR: Mutants killed / live: 163 (0-909-0) / 67
    [junit] MAJOR: ------------------------------------------------------------
    [junit] MAJOR: 88/96 - com.google.javascript.jscomp.PeepholeFoldConstants_ESTest6 (39ms / 11):
    [junit] MAJOR: 137995 (0 / 11 / 11) -> AVG-RTPM: 109ms
    [junit] MAJOR: Mutants killed / live: 163 (0-920-0) / 67
    [junit] MAJOR: ------------------------------------------------------------
    [junit] MAJOR: 89/96 - com.google.javascript.jscomp.PeepholeFoldConstants_ESTest14 (40ms / 15):
    [junit] MAJOR: 139654 (0 / 15 / 15) -> AVG-RTPM: 110ms
    [junit] MAJOR: Mutants killed / live: 163 (0-935-0) / 67
    [junit] MAJOR: ------------------------------------------------------------
    [junit] MAJOR: 90/96 - com.google.javascript.jscomp.PeepholeFoldConstants_ESTest7 (41ms / 85):
    [junit] MAJOR: 149845 (66 / 85 / 85) -> AVG-RTPM: 119ms
    [junit] MAJOR: Mutants killed / live: 229 (0-1020-0) / 1
    [junit] MAJOR: ------------------------------------------------------------
    [junit] MAJOR: 91/96 - com.google.javascript.jscomp.PeepholeFoldConstants_ESTest8 (41ms / 11):
    [junit] MAJOR: 151044 (0 / 11 / 11) -> AVG-RTPM: 108ms
    [junit] MAJOR: Mutants killed / live: 229 (0-1031-0) / 1
    [junit] MAJOR: ------------------------------------------------------------
    [junit] MAJOR: 92/96 - com.google.javascript.jscomp.PeepholeFoldConstants_ESTest16 (42ms / 15):
    [junit] MAJOR: 152741 (0 / 15 / 15) -> AVG-RTPM: 113ms
    [junit] MAJOR: Mutants killed / live: 229 (0-1046-0) / 1
    [junit] MAJOR: ------------------------------------------------------------
    [junit] MAJOR: 93/96 - com.google.javascript.jscomp.PeepholeFoldConstants_ESTest9 (44ms / 11):
    [junit] MAJOR: 153822 (0 / 11 / 11) -> AVG-RTPM: 98ms
    [junit] MAJOR: Mutants killed / live: 229 (0-1057-0) / 1
    [junit] MAJOR: ------------------------------------------------------------
    [junit] MAJOR: 94/96 - com.google.javascript.jscomp.PeepholeFoldConstants_ESTest10 (57ms / 11):
    [junit] MAJOR: 155324 (0 / 11 / 11) -> AVG-RTPM: 136ms
    [junit] MAJOR: Mutants killed / live: 229 (0-1068-0) / 1
    [junit] MAJOR: ------------------------------------------------------------
    [junit] MAJOR: 95/96 - com.google.javascript.jscomp.PeepholeFoldConstants_ESTest47 (80ms / 8):
    [junit] MAJOR: 155990 (0 / 8 / 8) -> AVG-RTPM: 83ms
    [junit] MAJOR: Mutants killed / live: 229 (0-1076-0) / 1
    [junit] MAJOR: ------------------------------------------------------------
    [junit] MAJOR: 96/96 - com.google.javascript.jscomp.PeepholeFoldConstants_ESTest52 (80ms / 8):
    [junit] MAJOR: 156632 (0 / 8 / 8) -> AVG-RTPM: 80ms
    [junit] MAJOR: Mutants killed / live: 229 (0-1084-0) / 1
    [junit] MAJOR: ------------------------------------------------------------
    [junit] MAJOR: Summary:
    [junit] MAJOR: 
    [junit] MAJOR: Analysis time:  156.6 seconds
    [junit] MAJOR: Mutation score: 13.14% (99.57%)
    [junit] MAJOR: Mutants killed / live: 229 (0-1084-0) / 1
    [junit] MAJOR: Mutant executions: 1089
    [junit] MAJOR: ------------------------------------------------------------
    [junit] MAJOR: Export summary of results (to summary.csv)
    [junit] MAJOR: Export mutant kill details (to /tmp/run_mutation.pl_115572_1500964359/78f/kill.csv)
    [junit] MAJOR: Export kill map (to killMap.csv)!

BUILD SUCCESSFUL
Total time: 9 minutes 25 seconds
