
svnversion:

compile:
    [javac] /tmp/run_mutation.pl_33914_1501369012/78f/build.xml:184: warning: 'includeantruntime' was not set, defaulting to build.sysclasspath=last; set to false for repeatable builds
    [javac] /tmp/run_mutation.pl_33914_1501369012/78f/build.xml:190: warning: 'includeantruntime' was not set, defaulting to build.sysclasspath=last; set to false for repeatable builds
[propertyfile] Updating property file: /tmp/run_mutation.pl_33914_1501369012/78f/build/classes/com/google/javascript/jscomp/parsing/ParserConfig.properties

compile-tests:
    [mkdir] Created dir: /tmp/run_mutation.pl_33914_1501369012/78f/build/test
    [javac] /tmp/run_mutation.pl_33914_1501369012/78f/build.xml:254: warning: 'includeantruntime' was not set, defaulting to build.sysclasspath=last; set to false for repeatable builds
    [javac] Compiling 366 source files to /tmp/run_mutation.pl_33914_1501369012/78f/build/test
    [javac] warning: [options] bootstrap class path not set in conjunction with -source 1.6
    [javac] 1 warning
    [javac] /tmp/run_mutation.pl_33914_1501369012/78f/build.xml:259: warning: 'includeantruntime' was not set, defaulting to build.sysclasspath=last; set to false for repeatable builds
    [javac] Compiling 195 source files to /tmp/run_mutation.pl_33914_1501369012/78f/build/test
    [javac] warning: [options] bootstrap class path not set in conjunction with -source 1.6
    [javac] 1 warning

compile.tests:

update.all.tests:

mutation.test:
     [echo] Running mutation analysis ...
    [junit] MAJOR: Mutation analysis enabled
SLF4J: Failed to load class "org.slf4j.impl.StaticLoggerBinder".
SLF4J: Defaulting to no-operation (NOP) logger implementation
SLF4J: See http://www.slf4j.org/codes.html#StaticLoggerBinder for further details.
    [junit] MAJOR: ------------------------------------------------------------
    [junit] MAJOR: Run 91 ordered tests to verify independence
    [junit] MAJOR: ------------------------------------------------------------
    [junit] MAJOR: Preprocessing time: 375.21 seconds
    [junit] MAJOR: ------------------------------------------------------------
    [junit] MAJOR: Mutants generated: 1743
    [junit] MAJOR: Mutants covered:   132 (7.57%)
    [junit] MAJOR: ------------------------------------------------------------
    [junit] MAJOR: Export test map to (testMap.csv)
    [junit] MAJOR: Export coverage map to (covMap.csv)
    [junit] MAJOR: Exclude 0 mutants
    [junit] MAJOR: ------------------------------------------------------------
    [junit] MAJOR: Run mutation analysis with 91 individual tests
    [junit] MAJOR: ------------------------------------------------------------
    [junit] MAJOR: 1/91 - com.google.javascript.jscomp.PeepholeFoldConstants_ESTest20 (25ms / 12):
    [junit] MAJOR: 68135 (4 / 12 / 12) -> AVG-RTPM: 5677ms
    [junit] MAJOR: Mutants killed / live: 4 (0-4-0) / 128
    [junit] MAJOR: ------------------------------------------------------------
    [junit] MAJOR: 2/91 - com.google.javascript.jscomp.PeepholeFoldConstants_ESTest28 (25ms / 8):
    [junit] MAJOR: 128431 (0 / 8 / 8) -> AVG-RTPM: 7537ms
    [junit] MAJOR: Mutants killed / live: 4 (0-6-0) / 128
    [junit] MAJOR: ------------------------------------------------------------
    [junit] MAJOR: 3/91 - com.google.javascript.jscomp.PeepholeFoldConstants_ESTest35 (25ms / 8):
    [junit] MAJOR: 152829 (3 / 8 / 8) -> AVG-RTPM: 3049ms
    [junit] MAJOR: Mutants killed / live: 7 (0-11-0) / 125
    [junit] MAJOR: ------------------------------------------------------------
    [junit] MAJOR: 4/91 - com.google.javascript.jscomp.PeepholeFoldConstants_ESTest43 (25ms / 8):
    [junit] MAJOR: 163298 (3 / 8 / 8) -> AVG-RTPM: 1308ms
    [junit] MAJOR: Mutants killed / live: 10 (0-19-0) / 122
    [junit] MAJOR: ------------------------------------------------------------
    [junit] MAJOR: 5/91 - com.google.javascript.jscomp.PeepholeFoldConstants_ESTest48 (25ms / 8):
    [junit] MAJOR: 163906 (0 / 8 / 8) -> AVG-RTPM: 76ms
    [junit] MAJOR: Mutants killed / live: 10 (0-27-0) / 122
    [junit] MAJOR: ------------------------------------------------------------
    [junit] MAJOR: 6/91 - com.google.javascript.jscomp.PeepholeFoldConstants_ESTest10 (26ms / 20):
    [junit] MAJOR: 165984 (16 / 20 / 20) -> AVG-RTPM: 103ms
    [junit] MAJOR: Mutants killed / live: 26 (0-47-0) / 106
    [junit] MAJOR: ------------------------------------------------------------
    [junit] MAJOR: 7/91 - com.google.javascript.jscomp.PeepholeFoldConstants_ESTest13 (26ms / 12):
    [junit] MAJOR: 167069 (2 / 12 / 12) -> AVG-RTPM: 90ms
    [junit] MAJOR: Mutants killed / live: 28 (0-59-0) / 104
    [junit] MAJOR: ------------------------------------------------------------
    [junit] MAJOR: 8/91 - com.google.javascript.jscomp.PeepholeFoldConstants_ESTest15 (26ms / 8):
    [junit] MAJOR: 167987 (0 / 8 / 8) -> AVG-RTPM: 114ms
    [junit] MAJOR: Mutants killed / live: 28 (0-67-0) / 104
    [junit] MAJOR: ------------------------------------------------------------
    [junit] MAJOR: 9/91 - com.google.javascript.jscomp.PeepholeFoldConstants_ESTest18 (26ms / 8):
    [junit] MAJOR: 168735 (0 / 8 / 8) -> AVG-RTPM: 93ms
    [junit] MAJOR: Mutants killed / live: 28 (0-75-0) / 104
    [junit] MAJOR: ------------------------------------------------------------
    [junit] MAJOR: 10/91 - com.google.javascript.jscomp.PeepholeFoldConstants_ESTest21 (26ms / 12):
    [junit] MAJOR: 169861 (0 / 12 / 12) -> AVG-RTPM: 93ms
    [junit] MAJOR: Mutants killed / live: 28 (0-87-0) / 104
    [junit] MAJOR: ------------------------------------------------------------
    [junit] MAJOR: 11/91 - com.google.javascript.jscomp.PeepholeFoldConstants_ESTest30 (26ms / 8):
    [junit] MAJOR: 170895 (0 / 8 / 8) -> AVG-RTPM: 129ms
    [junit] MAJOR: Mutants killed / live: 28 (0-95-0) / 104
    [junit] MAJOR: ------------------------------------------------------------
    [junit] MAJOR: 12/91 - com.google.javascript.jscomp.PeepholeFoldConstants_ESTest39 (26ms / 8):
    [junit] MAJOR: 171647 (0 / 8 / 8) -> AVG-RTPM: 94ms
    [junit] MAJOR: Mutants killed / live: 28 (0-103-0) / 104
    [junit] MAJOR: ------------------------------------------------------------
    [junit] MAJOR: 13/91 - com.google.javascript.jscomp.PeepholeFoldConstants_ESTest42 (26ms / 8):
    [junit] MAJOR: 172398 (0 / 8 / 8) -> AVG-RTPM: 93ms
    [junit] MAJOR: Mutants killed / live: 28 (0-111-0) / 104
    [junit] MAJOR: ------------------------------------------------------------
    [junit] MAJOR: 14/91 - com.google.javascript.jscomp.PeepholeFoldConstants_ESTest45 (26ms / 8):
    [junit] MAJOR: 173338 (0 / 8 / 8) -> AVG-RTPM: 117ms
    [junit] MAJOR: Mutants killed / live: 28 (0-119-0) / 104
    [junit] MAJOR: ------------------------------------------------------------
    [junit] MAJOR: 15/91 - com.google.javascript.jscomp.PeepholeFoldConstants_ESTest47 (26ms / 8):
    [junit] MAJOR: 174094 (0 / 8 / 8) -> AVG-RTPM: 94ms
    [junit] MAJOR: Mutants killed / live: 28 (0-127-0) / 104
    [junit] MAJOR: ------------------------------------------------------------
    [junit] MAJOR: 16/91 - com.google.javascript.jscomp.PeepholeFoldConstants_ESTest51 (26ms / 8):
    [junit] MAJOR: 174858 (0 / 8 / 8) -> AVG-RTPM: 95ms
    [junit] MAJOR: Mutants killed / live: 28 (0-135-0) / 104
    [junit] MAJOR: ------------------------------------------------------------
    [junit] MAJOR: 17/91 - com.google.javascript.jscomp.PeepholeFoldConstants_ESTest63 (26ms / 8):
    [junit] MAJOR: 175844 (0 / 8 / 8) -> AVG-RTPM: 123ms
    [junit] MAJOR: Mutants killed / live: 28 (0-143-0) / 104
    [junit] MAJOR: ------------------------------------------------------------
    [junit] MAJOR: 18/91 - com.google.javascript.jscomp.PeepholeFoldConstants_ESTest64 (26ms / 8):
    [junit] MAJOR: 176604 (0 / 8 / 8) -> AVG-RTPM: 95ms
    [junit] MAJOR: Mutants killed / live: 28 (0-151-0) / 104
    [junit] MAJOR: ------------------------------------------------------------
    [junit] MAJOR: 19/91 - com.google.javascript.jscomp.PeepholeFoldConstants_ESTest67 (26ms / 8):
    [junit] MAJOR: 177348 (0 / 8 / 8) -> AVG-RTPM: 93ms
    [junit] MAJOR: Mutants killed / live: 28 (0-159-0) / 104
    [junit] MAJOR: ------------------------------------------------------------
    [junit] MAJOR: 20/91 - com.google.javascript.jscomp.PeepholeFoldConstants_ESTest78 (26ms / 6):
    [junit] MAJOR: 178155 (1 / 6 / 6) -> AVG-RTPM: 134ms
    [junit] MAJOR: Mutants killed / live: 29 (0-165-0) / 103
    [junit] MAJOR: ------------------------------------------------------------
    [junit] MAJOR: 21/91 - com.google.javascript.jscomp.PeepholeFoldConstants_ESTest11 (27ms / 12):
    [junit] MAJOR: 179321 (0 / 12 / 12) -> AVG-RTPM: 97ms
    [junit] MAJOR: Mutants killed / live: 29 (0-177-0) / 103
    [junit] MAJOR: ------------------------------------------------------------
    [junit] MAJOR: 22/91 - com.google.javascript.jscomp.PeepholeFoldConstants_ESTest14 (27ms / 8):
    [junit] MAJOR: 180057 (0 / 8 / 8) -> AVG-RTPM: 92ms
    [junit] MAJOR: Mutants killed / live: 29 (0-185-0) / 103
    [junit] MAJOR: ------------------------------------------------------------
    [junit] MAJOR: 23/91 - com.google.javascript.jscomp.PeepholeFoldConstants_ESTest16 (27ms / 8):
    [junit] MAJOR: 181112 (0 / 8 / 8) -> AVG-RTPM: 131ms
    [junit] MAJOR: Mutants killed / live: 29 (0-193-0) / 103
    [junit] MAJOR: ------------------------------------------------------------
    [junit] MAJOR: 24/91 - com.google.javascript.jscomp.PeepholeFoldConstants_ESTest3 (27ms / 10):
    [junit] MAJOR: 182048 (2 / 10 / 10) -> AVG-RTPM: 93ms
    [junit] MAJOR: Mutants killed / live: 31 (0-203-0) / 101
    [junit] MAJOR: ------------------------------------------------------------
    [junit] MAJOR: 25/91 - com.google.javascript.jscomp.PeepholeFoldConstants_ESTest32 (27ms / 8):
    [junit] MAJOR: 182800 (0 / 8 / 8) -> AVG-RTPM: 94ms
    [junit] MAJOR: Mutants killed / live: 31 (0-211-0) / 101
    [junit] MAJOR: ------------------------------------------------------------
    [junit] MAJOR: 26/91 - com.google.javascript.jscomp.PeepholeFoldConstants_ESTest34 (27ms / 8):
    [junit] MAJOR: 183776 (0 / 8 / 8) -> AVG-RTPM: 122ms
    [junit] MAJOR: Mutants killed / live: 31 (0-219-0) / 101
    [junit] MAJOR: ------------------------------------------------------------
    [junit] MAJOR: 27/91 - com.google.javascript.jscomp.PeepholeFoldConstants_ESTest37 (27ms / 8):
    [junit] MAJOR: 184505 (0 / 8 / 8) -> AVG-RTPM: 91ms
    [junit] MAJOR: Mutants killed / live: 31 (0-227-0) / 101
    [junit] MAJOR: ------------------------------------------------------------
    [junit] MAJOR: 28/91 - com.google.javascript.jscomp.PeepholeFoldConstants_ESTest49 (27ms / 8):
    [junit] MAJOR: 185246 (0 / 8 / 8) -> AVG-RTPM: 92ms
    [junit] MAJOR: Mutants killed / live: 31 (0-235-0) / 101
    [junit] MAJOR: ------------------------------------------------------------
    [junit] MAJOR: 29/91 - com.google.javascript.jscomp.PeepholeFoldConstants_ESTest50 (27ms / 8):
    [junit] MAJOR: 186278 (0 / 8 / 8) -> AVG-RTPM: 129ms
    [junit] MAJOR: Mutants killed / live: 31 (0-243-0) / 101
    [junit] MAJOR: ------------------------------------------------------------
    [junit] MAJOR: 30/91 - com.google.javascript.jscomp.PeepholeFoldConstants_ESTest56 (27ms / 8):
    [junit] MAJOR: 187018 (0 / 8 / 8) -> AVG-RTPM: 92ms
    [junit] MAJOR: Mutants killed / live: 31 (0-251-0) / 101
    [junit] MAJOR: ------------------------------------------------------------
    [junit] MAJOR: 31/91 - com.google.javascript.jscomp.PeepholeFoldConstants_ESTest57 (27ms / 8):
    [junit] MAJOR: 187729 (0 / 8 / 8) -> AVG-RTPM: 88ms
    [junit] MAJOR: Mutants killed / live: 31 (0-259-0) / 101
    [junit] MAJOR: ------------------------------------------------------------
    [junit] MAJOR: 32/91 - com.google.javascript.jscomp.PeepholeFoldConstants_ESTest58 (27ms / 8):
    [junit] MAJOR: 188743 (0 / 8 / 8) -> AVG-RTPM: 126ms
    [junit] MAJOR: Mutants killed / live: 31 (0-267-0) / 101
    [junit] MAJOR: ------------------------------------------------------------
    [junit] MAJOR: 33/91 - com.google.javascript.jscomp.PeepholeFoldConstants_ESTest61 (27ms / 8):
    [junit] MAJOR: 189512 (0 / 8 / 8) -> AVG-RTPM: 96ms
    [junit] MAJOR: Mutants killed / live: 31 (0-275-0) / 101
    [junit] MAJOR: ------------------------------------------------------------
    [junit] MAJOR: 34/91 - com.google.javascript.jscomp.PeepholeFoldConstants_ESTest66 (27ms / 8):
    [junit] MAJOR: 190248 (0 / 8 / 8) -> AVG-RTPM: 91ms
    [junit] MAJOR: Mutants killed / live: 31 (0-283-0) / 101
    [junit] MAJOR: ------------------------------------------------------------
    [junit] MAJOR: 35/91 - com.google.javascript.jscomp.PeepholeFoldConstants_ESTest83 (27ms / 6):
    [junit] MAJOR: 190894 (0 / 6 / 6) -> AVG-RTPM: 107ms
    [junit] MAJOR: Mutants killed / live: 31 (0-289-0) / 101
    [junit] MAJOR: ------------------------------------------------------------
    [junit] MAJOR: 36/91 - com.google.javascript.jscomp.PeepholeFoldConstants_ESTest17 (28ms / 8):
    [junit] MAJOR: 191853 (0 / 8 / 8) -> AVG-RTPM: 119ms
    [junit] MAJOR: Mutants killed / live: 31 (0-297-0) / 101
    [junit] MAJOR: ------------------------------------------------------------
    [junit] MAJOR: 37/91 - com.google.javascript.jscomp.PeepholeFoldConstants_ESTest2 (28ms / 10):
    [junit] MAJOR: 192758 (0 / 10 / 10) -> AVG-RTPM: 90ms
    [junit] MAJOR: Mutants killed / live: 31 (0-307-0) / 101
    [junit] MAJOR: ------------------------------------------------------------
    [junit] MAJOR: 38/91 - com.google.javascript.jscomp.PeepholeFoldConstants_ESTest27 (28ms / 8):
    [junit] MAJOR: 193509 (0 / 8 / 8) -> AVG-RTPM: 93ms
    [junit] MAJOR: Mutants killed / live: 31 (0-315-0) / 101
    [junit] MAJOR: ------------------------------------------------------------
    [junit] MAJOR: 39/91 - com.google.javascript.jscomp.PeepholeFoldConstants_ESTest41 (28ms / 8):
    [junit] MAJOR: 194509 (0 / 8 / 8) -> AVG-RTPM: 125ms
    [junit] MAJOR: Mutants killed / live: 31 (0-323-0) / 101
    [junit] MAJOR: ------------------------------------------------------------
    [junit] MAJOR: 40/91 - com.google.javascript.jscomp.PeepholeFoldConstants_ESTest5 (28ms / 22):
    [junit] MAJOR: 196914 (18 / 22 / 22) -> AVG-RTPM: 109ms
    [junit] MAJOR: Mutants killed / live: 49 (0-345-0) / 83
    [junit] MAJOR: ------------------------------------------------------------
    [junit] MAJOR: 41/91 - com.google.javascript.jscomp.PeepholeFoldConstants_ESTest54 (28ms / 8):
    [junit] MAJOR: 197695 (0 / 8 / 8) -> AVG-RTPM: 97ms
    [junit] MAJOR: Mutants killed / live: 49 (0-353-0) / 83
    [junit] MAJOR: ------------------------------------------------------------
    [junit] MAJOR: 42/91 - com.google.javascript.jscomp.PeepholeFoldConstants_ESTest55 (28ms / 8):
    [junit] MAJOR: 198425 (0 / 8 / 8) -> AVG-RTPM: 91ms
    [junit] MAJOR: Mutants killed / live: 49 (0-361-0) / 83
    [junit] MAJOR: ------------------------------------------------------------
    [junit] MAJOR: 43/91 - com.google.javascript.jscomp.PeepholeFoldConstants_ESTest6 (28ms / 34):
    [junit] MAJOR: 202252 (30 / 34 / 34) -> AVG-RTPM: 112ms
    [junit] MAJOR: Mutants killed / live: 79 (0-395-0) / 53
    [junit] MAJOR: ------------------------------------------------------------
    [junit] MAJOR: 44/91 - com.google.javascript.jscomp.PeepholeFoldConstants_ESTest60 (28ms / 8):
    [junit] MAJOR: 202997 (0 / 8 / 8) -> AVG-RTPM: 93ms
    [junit] MAJOR: Mutants killed / live: 79 (0-403-0) / 53
    [junit] MAJOR: ------------------------------------------------------------
    [junit] MAJOR: 45/91 - com.google.javascript.jscomp.PeepholeFoldConstants_ESTest68 (28ms / 8):
    [junit] MAJOR: 203759 (0 / 8 / 8) -> AVG-RTPM: 95ms
    [junit] MAJOR: Mutants killed / live: 79 (0-411-0) / 53
    [junit] MAJOR: ------------------------------------------------------------
    [junit] MAJOR: 46/91 - com.google.javascript.jscomp.PeepholeFoldConstants_ESTest69 (28ms / 8):
    [junit] MAJOR: 204716 (0 / 8 / 8) -> AVG-RTPM: 119ms
    [junit] MAJOR: Mutants killed / live: 79 (0-419-0) / 53
    [junit] MAJOR: ------------------------------------------------------------
    [junit] MAJOR: 47/91 - com.google.javascript.jscomp.PeepholeFoldConstants_ESTest7 (28ms / 8):
    [junit] MAJOR: 205439 (0 / 8 / 8) -> AVG-RTPM: 90ms
    [junit] MAJOR: Mutants killed / live: 79 (0-427-0) / 53
    [junit] MAJOR: ------------------------------------------------------------
    [junit] MAJOR: 48/91 - com.google.javascript.jscomp.PeepholeFoldConstants_ESTest71 (28ms / 8):
    [junit] MAJOR: 206693 (0 / 8 / 8) -> AVG-RTPM: 156ms
    [junit] MAJOR: Mutants killed / live: 79 (0-435-0) / 53
    [junit] MAJOR: ------------------------------------------------------------
    [junit] MAJOR: 49/91 - com.google.javascript.jscomp.PeepholeFoldConstants_ESTest72 (28ms / 8):
    [junit] MAJOR: 207980 (0 / 8 / 8) -> AVG-RTPM: 160ms
    [junit] MAJOR: Mutants killed / live: 79 (0-443-0) / 53
    [junit] MAJOR: ------------------------------------------------------------
    [junit] MAJOR: 50/91 - com.google.javascript.jscomp.PeepholeFoldConstants_ESTest75 (28ms / 8):
    [junit] MAJOR: 208732 (0 / 8 / 8) -> AVG-RTPM: 94ms
    [junit] MAJOR: Mutants killed / live: 79 (0-451-0) / 53
    [junit] MAJOR: ------------------------------------------------------------
    [junit] MAJOR: 51/91 - com.google.javascript.jscomp.PeepholeFoldConstants_ESTest19 (29ms / 8):
    [junit] MAJOR: 209476 (0 / 8 / 8) -> AVG-RTPM: 93ms
    [junit] MAJOR: Mutants killed / live: 79 (0-459-0) / 53
    [junit] MAJOR: ------------------------------------------------------------
    [junit] MAJOR: 52/91 - com.google.javascript.jscomp.PeepholeFoldConstants_ESTest23 (29ms / 12):
    [junit] MAJOR: 211053 (7 / 12 / 12) -> AVG-RTPM: 131ms
    [junit] MAJOR: Mutants killed / live: 86 (0-471-0) / 46
    [junit] MAJOR: ------------------------------------------------------------
    [junit] MAJOR: 53/91 - com.google.javascript.jscomp.PeepholeFoldConstants_ESTest38 (29ms / 8):
    [junit] MAJOR: 211783 (0 / 8 / 8) -> AVG-RTPM: 91ms
    [junit] MAJOR: Mutants killed / live: 86 (0-479-0) / 46
    [junit] MAJOR: ------------------------------------------------------------
    [junit] MAJOR: 54/91 - com.google.javascript.jscomp.PeepholeFoldConstants_ESTest52 (29ms / 8):
    [junit] MAJOR: 212511 (0 / 8 / 8) -> AVG-RTPM: 91ms
    [junit] MAJOR: Mutants killed / live: 86 (0-487-0) / 46
    [junit] MAJOR: ------------------------------------------------------------
    [junit] MAJOR: 55/91 - com.google.javascript.jscomp.PeepholeFoldConstants_ESTest59 (29ms / 8):
    [junit] MAJOR: 213485 (0 / 8 / 8) -> AVG-RTPM: 121ms
    [junit] MAJOR: Mutants killed / live: 86 (0-495-0) / 46
    [junit] MAJOR: ------------------------------------------------------------
    [junit] MAJOR: 56/91 - com.google.javascript.jscomp.PeepholeFoldConstants_ESTest62 (29ms / 8):
    [junit] MAJOR: 214198 (0 / 8 / 8) -> AVG-RTPM: 89ms
    [junit] MAJOR: Mutants killed / live: 86 (0-503-0) / 46
    [junit] MAJOR: ------------------------------------------------------------
    [junit] MAJOR: 57/91 - com.google.javascript.jscomp.PeepholeFoldConstants_ESTest70 (29ms / 8):
    [junit] MAJOR: 214961 (0 / 8 / 8) -> AVG-RTPM: 95ms
    [junit] MAJOR: Mutants killed / live: 86 (0-511-0) / 46
    [junit] MAJOR: ------------------------------------------------------------
    [junit] MAJOR: 58/91 - com.google.javascript.jscomp.PeepholeFoldConstants_ESTest73 (29ms / 8):
    [junit] MAJOR: 216022 (0 / 8 / 8) -> AVG-RTPM: 132ms
    [junit] MAJOR: Mutants killed / live: 86 (0-519-0) / 46
    [junit] MAJOR: ------------------------------------------------------------
    [junit] MAJOR: 59/91 - com.google.javascript.jscomp.PeepholeFoldConstants_ESTest8 (29ms / 11):
    [junit] MAJOR: 217045 (3 / 11 / 11) -> AVG-RTPM: 93ms
    [junit] MAJOR: Mutants killed / live: 89 (0-530-0) / 43
    [junit] MAJOR: ------------------------------------------------------------
    [junit] MAJOR: 60/91 - com.google.javascript.jscomp.PeepholeFoldConstants_ESTest86 (29ms / 6):
    [junit] MAJOR: 217613 (0 / 6 / 6) -> AVG-RTPM: 94ms
    [junit] MAJOR: Mutants killed / live: 89 (0-536-0) / 43
    [junit] MAJOR: ------------------------------------------------------------
    [junit] MAJOR: 61/91 - com.google.javascript.jscomp.PeepholeFoldConstants_ESTest87 (29ms / 6):
    [junit] MAJOR: 218393 (0 / 6 / 6) -> AVG-RTPM: 130ms
    [junit] MAJOR: Mutants killed / live: 89 (0-542-0) / 43
    [junit] MAJOR: ------------------------------------------------------------
    [junit] MAJOR: 62/91 - com.google.javascript.jscomp.PeepholeFoldConstants_ESTest9 (29ms / 26):
    [junit] MAJOR: 221133 (15 / 26 / 26) -> AVG-RTPM: 105ms
    [junit] MAJOR: Mutants killed / live: 104 (0-568-0) / 28
    [junit] MAJOR: ------------------------------------------------------------
    [junit] MAJOR: 63/91 - com.google.javascript.jscomp.PeepholeFoldConstants_ESTest65 (30ms / 8):
    [junit] MAJOR: 221884 (0 / 8 / 8) -> AVG-RTPM: 93ms
    [junit] MAJOR: Mutants killed / live: 104 (0-576-0) / 28
    [junit] MAJOR: ------------------------------------------------------------
    [junit] MAJOR: 64/91 - com.google.javascript.jscomp.PeepholeFoldConstants_ESTest76 (30ms / 8):
    [junit] MAJOR: 222607 (0 / 8 / 8) -> AVG-RTPM: 90ms
    [junit] MAJOR: Mutants killed / live: 104 (0-584-0) / 28
    [junit] MAJOR: ------------------------------------------------------------
    [junit] MAJOR: 65/91 - com.google.javascript.jscomp.PeepholeFoldConstants_ESTest81 (30ms / 6):
    [junit] MAJOR: 223449 (0 / 6 / 6) -> AVG-RTPM: 140ms
    [junit] MAJOR: Mutants killed / live: 104 (0-590-0) / 28
    [junit] MAJOR: ------------------------------------------------------------
    [junit] MAJOR: 66/91 - com.google.javascript.jscomp.PeepholeFoldConstants_ESTest82 (30ms / 6):
    [junit] MAJOR: 223991 (0 / 6 / 6) -> AVG-RTPM: 90ms
    [junit] MAJOR: Mutants killed / live: 104 (0-596-0) / 28
    [junit] MAJOR: ------------------------------------------------------------
    [junit] MAJOR: 67/91 - com.google.javascript.jscomp.PeepholeFoldConstants_ESTest85 (30ms / 6):
    [junit] MAJOR: 224535 (0 / 6 / 6) -> AVG-RTPM: 90ms
    [junit] MAJOR: Mutants killed / live: 104 (0-602-0) / 28
    [junit] MAJOR: ------------------------------------------------------------
    [junit] MAJOR: 68/91 - com.google.javascript.jscomp.PeepholeFoldConstants_ESTest89 (30ms / 19):
    [junit] MAJOR: 226618 (4 / 19 / 19) -> AVG-RTPM: 109ms
    [junit] MAJOR: Mutants killed / live: 108 (0-621-0) / 24
    [junit] MAJOR: ------------------------------------------------------------
    [junit] MAJOR: 69/91 - com.google.javascript.jscomp.PeepholeFoldConstants_ESTest90 (30ms / 28):
    [junit] MAJOR: 229451 (24 / 28 / 28) -> AVG-RTPM: 101ms
    [junit] MAJOR: Mutants killed / live: 132 (0-649-0) / 0
    [junit] MAJOR: ------------------------------------------------------------
    [junit] MAJOR: 70/91 - com.google.javascript.jscomp.PeepholeFoldConstants_ESTest25 (31ms / 12):
    [junit] MAJOR: 230575 (0 / 12 / 12) -> AVG-RTPM: 93ms
    [junit] MAJOR: Mutants killed / live: 132 (0-661-0) / 0
    [junit] MAJOR: ------------------------------------------------------------
    [junit] MAJOR: 71/91 - com.google.javascript.jscomp.PeepholeFoldConstants_ESTest40 (31ms / 8):
    [junit] MAJOR: 231637 (0 / 8 / 8) -> AVG-RTPM: 132ms
    [junit] MAJOR: Mutants killed / live: 132 (0-669-0) / 0
    [junit] MAJOR: ------------------------------------------------------------
    [junit] MAJOR: 72/91 - com.google.javascript.jscomp.PeepholeFoldConstants_ESTest74 (31ms / 8):
    [junit] MAJOR: 232369 (0 / 8 / 8) -> AVG-RTPM: 91ms
    [junit] MAJOR: Mutants killed / live: 132 (0-677-0) / 0
    [junit] MAJOR: ------------------------------------------------------------
    [junit] MAJOR: 73/91 - com.google.javascript.jscomp.PeepholeFoldConstants_ESTest79 (31ms / 6):
    [junit] MAJOR: 232926 (0 / 6 / 6) -> AVG-RTPM: 92ms
    [junit] MAJOR: Mutants killed / live: 132 (0-683-0) / 0
    [junit] MAJOR: ------------------------------------------------------------
    [junit] MAJOR: 74/91 - com.google.javascript.jscomp.PeepholeFoldConstants_ESTest12 (32ms / 12):
    [junit] MAJOR: 234307 (0 / 12 / 12) -> AVG-RTPM: 115ms
    [junit] MAJOR: Mutants killed / live: 132 (0-695-0) / 0
    [junit] MAJOR: ------------------------------------------------------------
    [junit] MAJOR: 75/91 - com.google.javascript.jscomp.PeepholeFoldConstants_ESTest22 (32ms / 12):
    [junit] MAJOR: 235402 (0 / 12 / 12) -> AVG-RTPM: 91ms
    [junit] MAJOR: Mutants killed / live: 132 (0-707-0) / 0
    [junit] MAJOR: ------------------------------------------------------------
    [junit] MAJOR: 76/91 - com.google.javascript.jscomp.PeepholeFoldConstants_ESTest44 (33ms / 8):
    [junit] MAJOR: 236428 (0 / 8 / 8) -> AVG-RTPM: 128ms
    [junit] MAJOR: Mutants killed / live: 132 (0-715-0) / 0
    [junit] MAJOR: ------------------------------------------------------------
    [junit] MAJOR: 77/91 - com.google.javascript.jscomp.PeepholeFoldConstants_ESTest26 (34ms / 12):
    [junit] MAJOR: 237318 (0 / 12 / 12) -> AVG-RTPM: 74ms
    [junit] MAJOR: Mutants killed / live: 132 (0-727-0) / 0
    [junit] MAJOR: ------------------------------------------------------------
    [junit] MAJOR: 78/91 - com.google.javascript.jscomp.PeepholeFoldConstants_ESTest31 (34ms / 8):
    [junit] MAJOR: 237811 (0 / 8 / 8) -> AVG-RTPM: 61ms
    [junit] MAJOR: Mutants killed / live: 132 (0-735-0) / 0
    [junit] MAJOR: ------------------------------------------------------------
    [junit] MAJOR: 79/91 - com.google.javascript.jscomp.PeepholeFoldConstants_ESTest77 (34ms / 8):
    [junit] MAJOR: 238547 (0 / 8 / 8) -> AVG-RTPM: 92ms
    [junit] MAJOR: Mutants killed / live: 132 (0-743-0) / 0
    [junit] MAJOR: ------------------------------------------------------------
    [junit] MAJOR: 80/91 - com.google.javascript.jscomp.PeepholeFoldConstants_ESTest24 (35ms / 12):
    [junit] MAJOR: 239429 (0 / 12 / 12) -> AVG-RTPM: 73ms
    [junit] MAJOR: Mutants killed / live: 132 (0-755-0) / 0
    [junit] MAJOR: ------------------------------------------------------------
    [junit] MAJOR: 81/91 - com.google.javascript.jscomp.PeepholeFoldConstants_ESTest80 (35ms / 6):
    [junit] MAJOR: 239923 (0 / 6 / 6) -> AVG-RTPM: 82ms
    [junit] MAJOR: Mutants killed / live: 132 (0-761-0) / 0
    [junit] MAJOR: ------------------------------------------------------------
    [junit] MAJOR: 82/91 - com.google.javascript.jscomp.PeepholeFoldConstants_ESTest4 (38ms / 10):
    [junit] MAJOR: 241068 (0 / 10 / 10) -> AVG-RTPM: 114ms
    [junit] MAJOR: Mutants killed / live: 132 (0-771-0) / 0
    [junit] MAJOR: ------------------------------------------------------------
    [junit] MAJOR: 83/91 - com.google.javascript.jscomp.PeepholeFoldConstants_ESTest53 (38ms / 8):
    [junit] MAJOR: 241721 (0 / 8 / 8) -> AVG-RTPM: 81ms
    [junit] MAJOR: Mutants killed / live: 132 (0-779-0) / 0
    [junit] MAJOR: ------------------------------------------------------------
    [junit] MAJOR: 84/91 - com.google.javascript.jscomp.PeepholeFoldConstants_ESTest88 (38ms / 6):
    [junit] MAJOR: 242216 (0 / 6 / 6) -> AVG-RTPM: 82ms
    [junit] MAJOR: Mutants killed / live: 132 (0-785-0) / 0
    [junit] MAJOR: ------------------------------------------------------------
    [junit] MAJOR: 85/91 - com.google.javascript.jscomp.PeepholeFoldConstants_ESTest0 (39ms / 6):
    [junit] MAJOR: 242938 (0 / 6 / 6) -> AVG-RTPM: 120ms
    [junit] MAJOR: Mutants killed / live: 132 (0-791-0) / 0
    [junit] MAJOR: ------------------------------------------------------------
    [junit] MAJOR: 86/91 - com.google.javascript.jscomp.PeepholeFoldConstants_ESTest84 (45ms / 8):
    [junit] MAJOR: 243627 (0 / 8 / 8) -> AVG-RTPM: 86ms
    [junit] MAJOR: Mutants killed / live: 132 (0-799-0) / 0
    [junit] MAJOR: ------------------------------------------------------------
    [junit] MAJOR: 87/91 - com.google.javascript.jscomp.PeepholeFoldConstants_ESTest1 (54ms / 11):
    [junit] MAJOR: 244613 (0 / 11 / 11) -> AVG-RTPM: 89ms
    [junit] MAJOR: Mutants killed / live: 132 (0-810-0) / 0
    [junit] MAJOR: ------------------------------------------------------------
    [junit] MAJOR: 88/91 - com.google.javascript.jscomp.PeepholeFoldConstants_ESTest29 (57ms / 8):
    [junit] MAJOR: 245631 (0 / 8 / 8) -> AVG-RTPM: 127ms
    [junit] MAJOR: Mutants killed / live: 132 (0-818-0) / 0
    [junit] MAJOR: ------------------------------------------------------------
    [junit] MAJOR: 89/91 - com.google.javascript.jscomp.PeepholeFoldConstants_ESTest33 (78ms / 8):
    [junit] MAJOR: 246405 (0 / 8 / 8) -> AVG-RTPM: 96ms
    [junit] MAJOR: Mutants killed / live: 132 (0-826-0) / 0
    [junit] MAJOR: ------------------------------------------------------------
    [junit] MAJOR: 90/91 - com.google.javascript.jscomp.PeepholeFoldConstants_ESTest36 (82ms / 8):
    [junit] MAJOR: 247125 (0 / 8 / 8) -> AVG-RTPM: 90ms
    [junit] MAJOR: Mutants killed / live: 132 (0-834-0) / 0
    [junit] MAJOR: ------------------------------------------------------------
    [junit] MAJOR: 91/91 - com.google.javascript.jscomp.PeepholeFoldConstants_ESTest46 (87ms / 8):
    [junit] MAJOR: 248048 (0 / 8 / 8) -> AVG-RTPM: 115ms
    [junit] MAJOR: Mutants killed / live: 132 (0-842-0) / 0
    [junit] MAJOR: ------------------------------------------------------------
    [junit] MAJOR: Summary:
    [junit] MAJOR: 
    [junit] MAJOR: Analysis time:  248.0 seconds
    [junit] MAJOR: Mutation score: 7.57% (100.00%)
    [junit] MAJOR: Mutants killed / live: 132 (0-842-0) / 0
    [junit] MAJOR: Mutant executions: 859
    [junit] MAJOR: ------------------------------------------------------------
    [junit] MAJOR: Export summary of results (to summary.csv)
    [junit] MAJOR: Export mutant kill details (to /tmp/run_mutation.pl_33914_1501369012/78f/kill.csv)
    [junit] MAJOR: Export kill map (to killMap.csv)!

BUILD SUCCESSFUL
Total time: 10 minutes 35 seconds
