
svnversion:

compile:
    [javac] /tmp/run_mutation.pl_42910_1501407055/83f/build.xml:180: warning: 'includeantruntime' was not set, defaulting to build.sysclasspath=last; set to false for repeatable builds
    [javac] /tmp/run_mutation.pl_42910_1501407055/83f/build.xml:186: warning: 'includeantruntime' was not set, defaulting to build.sysclasspath=last; set to false for repeatable builds
[propertyfile] Updating property file: /tmp/run_mutation.pl_42910_1501407055/83f/build/classes/com/google/javascript/jscomp/parsing/ParserConfig.properties

compile-tests:
    [mkdir] Created dir: /tmp/run_mutation.pl_42910_1501407055/83f/build/test
    [javac] /tmp/run_mutation.pl_42910_1501407055/83f/build.xml:250: warning: 'includeantruntime' was not set, defaulting to build.sysclasspath=last; set to false for repeatable builds
    [javac] Compiling 358 source files to /tmp/run_mutation.pl_42910_1501407055/83f/build/test
    [javac] /tmp/run_mutation.pl_42910_1501407055/83f/build.xml:255: warning: 'includeantruntime' was not set, defaulting to build.sysclasspath=last; set to false for repeatable builds
    [javac] Compiling 190 source files to /tmp/run_mutation.pl_42910_1501407055/83f/build/test

compile.tests:

update.all.tests:

mutation.test:
     [echo] Running mutation analysis ...
    [junit] MAJOR: Mutation analysis enabled
SLF4J: Failed to load class "org.slf4j.impl.StaticLoggerBinder".
SLF4J: Defaulting to no-operation (NOP) logger implementation
SLF4J: See http://www.slf4j.org/codes.html#StaticLoggerBinder for further details.
    [junit] MAJOR: com.google.javascript.jscomp.CommandLineRunner_ESTest0[test0] failed!
    [junit] MAJOR:  -> java.lang.SecurityException
    [junit] MAJOR:  -> "Security manager blocks ("java.lang.RuntimePermission" "exitVM.-1")
    [junit] java.lang.Thread.getStackTrace(Thread.java:1589)
    [junit] org.evosuite.runtime.sandbox.MSecurityManager.checkPermission(MSecurityManager.java:440)
    [junit] java.lang.SecurityManager.checkExit(SecurityManager.java:761)
    [junit] java.lang.Runtime.exit(Runtime.java:107)
    [junit] java.lang.System.exit(System.java:962)
    [junit] com.google.javascript.jscomp.CommandLineRunner.main(CommandLineRunner.java:624)
    [junit] com.google.javascript.jscomp.CommandLineRunner_ESTest0.test0(CommandLineRunner_ESTest0.java:35)
    [junit] sun.reflect.NativeMethodAccessorImpl.invoke0(Native Method)
    [junit] sun.reflect.NativeMethodAccessorImpl.invoke(NativeMethodAccessorImpl.java:57)
    [junit] sun.reflect.DelegatingMethodAccessorImpl.invoke(DelegatingMethodAccessorImpl.java:43)
    [junit] java.lang.reflect.Method.invoke(Method.java:606)
    [junit] org.junit.runners.model.FrameworkMethod$1.runReflectiveCall(FrameworkMethod.java:47)
    [junit] org.junit.internal.runners.model.ReflectiveCallable.run(ReflectiveCallable.java:12)
    [junit] org.junit.runners.model.FrameworkMethod.invokeExplosively(FrameworkMethod.java:44)
    [junit] org.junit.internal.runners.statements.InvokeMethod.evaluate(InvokeMethod.java:17)
    [junit] org.junit.internal.runners.statements.RunBefores.evaluate(RunBefores.java:26)
    [junit] org.junit.internal.runners.statements.RunAfters.evaluate(RunAfters.java:27)
    [junit] org.junit.internal.runners.statements.FailOnTimeout$StatementThread.run(FailOnTimeout.java:74)
    [junit] "
    [junit] MAJOR: Exclude 1 failing test class:
    [junit] MAJOR:  - com.google.javascript.jscomp.CommandLineRunner_ESTest0
    [junit] MAJOR: ------------------------------------------------------------
    [junit] MAJOR: Run 4 ordered tests to verify independence
    [junit] MAJOR: ------------------------------------------------------------
    [junit] MAJOR: Preprocessing time: 11.63 seconds
    [junit] MAJOR: ------------------------------------------------------------
    [junit] MAJOR: Mutants generated: 109
    [junit] MAJOR: Mutants covered:   51 (46.79%)
    [junit] MAJOR: ------------------------------------------------------------
    [junit] MAJOR: Export test map to (testMap.csv)
    [junit] MAJOR: Export coverage map to (covMap.csv)
    [junit] MAJOR: Exclude 0 mutants
    [junit] MAJOR: ------------------------------------------------------------
    [junit] MAJOR: Run mutation analysis with 4 individual tests
    [junit] MAJOR: ------------------------------------------------------------
    [junit] MAJOR: 1/4 - com.google.javascript.jscomp.CommandLineRunner_ESTest5 (51ms / 44):
    [junit] MAJOR: 63238 (4 / 44 / 44) -> AVG-RTPM: 1437ms
    [junit] MAJOR: Mutants killed / live: 4 (3-1-0) / 47
    [junit] MAJOR: ------------------------------------------------------------
    [junit] MAJOR: 2/4 - com.google.javascript.jscomp.CommandLineRunner_ESTest2 (81ms / 38):
    [junit] MAJOR: 154278 (5 / 38 / 38) -> AVG-RTPM: 2395ms
    [junit] MAJOR: Mutants killed / live: 9 (8-2-0) / 42
    [junit] MAJOR: ------------------------------------------------------------
    [junit] MAJOR: 3/4 - com.google.javascript.jscomp.CommandLineRunner_ESTest1 (103ms / 37):
    [junit] MAJOR: 294326 (0 / 37 / 37) -> AVG-RTPM: 3785ms
    [junit] MAJOR: Mutants killed / live: 9 (13-3-0) / 42
    [junit] MAJOR: ------------------------------------------------------------
    [junit] MAJOR: 4/4 - com.google.javascript.jscomp.CommandLineRunner_ESTest4 (134ms / 43):
    [junit] MAJOR: 386436 (22 / 43 / 43) -> AVG-RTPM: 2142ms
    [junit] MAJOR: Mutants killed / live: 31 (13-30-0) / 20
    [junit] MAJOR: ------------------------------------------------------------
    [junit] MAJOR: Summary:
    [junit] MAJOR: 
    [junit] MAJOR: Analysis time:  386.4 seconds
    [junit] MAJOR: Mutation score: 28.44% (60.78%)
    [junit] MAJOR: Mutants killed / live: 31 (13-30-0) / 20
    [junit] MAJOR: Mutant executions: 162
    [junit] MAJOR: ------------------------------------------------------------
    [junit] MAJOR: Export summary of results (to summary.csv)
    [junit] MAJOR: Export mutant kill details (to /tmp/run_mutation.pl_42910_1501407055/83f/kill.csv)
    [junit] MAJOR: Export kill map (to killMap.csv)!

BUILD SUCCESSFUL
Total time: 6 minutes 53 seconds
