
compile:
    [javac] /tmp/run_mutation.pl_34184_1483714626/89f/build.xml:148: warning: 'includeantruntime' was not set, defaulting to build.sysclasspath=last; set to false for repeatable builds
    [javac] /tmp/run_mutation.pl_34184_1483714626/89f/build.xml:154: warning: 'includeantruntime' was not set, defaulting to build.sysclasspath=last; set to false for repeatable builds
[propertyfile] Updating property file: /tmp/run_mutation.pl_34184_1483714626/89f/build/classes/com/google/javascript/jscomp/parsing/ParserConfig.properties

compile-tests:
    [mkdir] Created dir: /tmp/run_mutation.pl_34184_1483714626/89f/build/test
    [javac] /tmp/run_mutation.pl_34184_1483714626/89f/build.xml:213: warning: 'includeantruntime' was not set, defaulting to build.sysclasspath=last; set to false for repeatable builds
    [javac] Compiling 185 source files to /tmp/run_mutation.pl_34184_1483714626/89f/build/test

compile.tests:

update.all.tests:

mutation.test:
     [echo] Running mutation analysis ...
    [junit] MAJOR: Mutation analysis enabled
SLF4J: Failed to load class "org.slf4j.impl.StaticLoggerBinder".
SLF4J: Defaulting to no-operation (NOP) logger implementation
SLF4J: See http://www.slf4j.org/codes.html#StaticLoggerBinder for further details.
    [junit] MAJOR: ------------------------------------------------------------
    [junit] MAJOR: Run 46 ordered tests to verify independence
    [junit] MAJOR: ------------------------------------------------------------
    [junit] MAJOR: Preprocessing time: 127.44 seconds
    [junit] MAJOR: ------------------------------------------------------------
    [junit] MAJOR: Mutants generated: 1542
    [junit] MAJOR: Mutants covered:   480 (31.13%)
    [junit] MAJOR: ------------------------------------------------------------
    [junit] MAJOR: Export test map to (testMap.csv)
    [junit] MAJOR: Export coverage map to (covMap.csv)
    [junit] MAJOR: Exclude 0 mutants
    [junit] MAJOR: ------------------------------------------------------------
    [junit] MAJOR: Run mutation analysis with 46 individual tests
    [junit] MAJOR: ------------------------------------------------------------
    [junit] MAJOR: 1/46 - com.google.javascript.jscomp.GlobalNamespace_ESTest12 (25ms / 45):
    [junit] MAJOR: 170546 (3 / 45 / 45) -> AVG-RTPM: 3789ms
    [junit] MAJOR: Mutants killed / live: 3 (0-3-0) / 477
    [junit] MAJOR: ------------------------------------------------------------
    [junit] MAJOR: 2/46 - com.google.javascript.jscomp.GlobalNamespace_ESTest15 (25ms / 47):
    [junit] MAJOR: 469841 (0 / 47 / 47) -> AVG-RTPM: 6367ms
    [junit] MAJOR: Mutants killed / live: 3 (0-6-0) / 477
    [junit] MAJOR: ------------------------------------------------------------
    [junit] MAJOR: 3/46 - com.google.javascript.jscomp.GlobalNamespace_ESTest16 (26ms / 47):
    [junit] MAJOR: 556729 (35 / 47 / 47) -> AVG-RTPM: 1848ms
    [junit] MAJOR: Mutants killed / live: 38 (0-43-1) / 442
    [junit] MAJOR: ------------------------------------------------------------
    [junit] MAJOR: 4/46 - com.google.javascript.jscomp.GlobalNamespace_ESTest19 (26ms / 34):
    [junit] MAJOR: 561232 (9 / 34 / 34) -> AVG-RTPM: 132ms
    [junit] MAJOR: Mutants killed / live: 47 (0-77-1) / 433
    [junit] MAJOR: ------------------------------------------------------------
    [junit] MAJOR: 5/46 - com.google.javascript.jscomp.GlobalNamespace_ESTest22 (26ms / 21):
    [junit] MAJOR: 563502 (2 / 21 / 21) -> AVG-RTPM: 108ms
    [junit] MAJOR: Mutants killed / live: 49 (0-98-1) / 431
    [junit] MAJOR: ------------------------------------------------------------
    [junit] MAJOR: 6/46 - com.google.javascript.jscomp.GlobalNamespace_ESTest25 (26ms / 33):
    [junit] MAJOR: 570851 (19 / 33 / 33) -> AVG-RTPM: 222ms
    [junit] MAJOR: Mutants killed / live: 68 (0-131-1) / 412
    [junit] MAJOR: ------------------------------------------------------------
    [junit] MAJOR: 7/46 - com.google.javascript.jscomp.GlobalNamespace_ESTest27 (26ms / 61):
    [junit] MAJOR: 578423 (33 / 61 / 61) -> AVG-RTPM: 124ms
    [junit] MAJOR: Mutants killed / live: 101 (0-192-1) / 379
    [junit] MAJOR: ------------------------------------------------------------
    [junit] MAJOR: 8/46 - com.google.javascript.jscomp.GlobalNamespace_ESTest30 (26ms / 95):
    [junit] MAJOR: 589325 (50 / 95 / 95) -> AVG-RTPM: 114ms
    [junit] MAJOR: Mutants killed / live: 151 (0-287-1) / 329
    [junit] MAJOR: ------------------------------------------------------------
    [junit] MAJOR: 9/46 - com.google.javascript.jscomp.GlobalNamespace_ESTest33 (26ms / 24):
    [junit] MAJOR: 592089 (10 / 24 / 24) -> AVG-RTPM: 115ms
    [junit] MAJOR: Mutants killed / live: 161 (0-311-1) / 319
    [junit] MAJOR: ------------------------------------------------------------
    [junit] MAJOR: 10/46 - com.google.javascript.jscomp.GlobalNamespace_ESTest38 (26ms / 39):
    [junit] MAJOR: 596702 (25 / 39 / 39) -> AVG-RTPM: 118ms
    [junit] MAJOR: Mutants killed / live: 186 (0-350-1) / 294
    [junit] MAJOR: ------------------------------------------------------------
    [junit] MAJOR: 11/46 - com.google.javascript.jscomp.GlobalNamespace_ESTest39 (26ms / 36):
    [junit] MAJOR: 600767 (12 / 36 / 36) -> AVG-RTPM: 112ms
    [junit] MAJOR: Mutants killed / live: 198 (0-386-1) / 282
    [junit] MAJOR: ------------------------------------------------------------
    [junit] MAJOR: 12/46 - com.google.javascript.jscomp.GlobalNamespace_ESTest42 (26ms / 22):
    [junit] MAJOR: 603122 (3 / 22 / 22) -> AVG-RTPM: 107ms
    [junit] MAJOR: Mutants killed / live: 201 (0-408-1) / 279
    [junit] MAJOR: ------------------------------------------------------------
    [junit] MAJOR: 13/46 - com.google.javascript.jscomp.GlobalNamespace_ESTest43 (26ms / 17):
    [junit] MAJOR: 605371 (0 / 17 / 17) -> AVG-RTPM: 132ms
    [junit] MAJOR: Mutants killed / live: 201 (0-425-1) / 279
    [junit] MAJOR: ------------------------------------------------------------
    [junit] MAJOR: 14/46 - com.google.javascript.jscomp.GlobalNamespace_ESTest44 (26ms / 22):
    [junit] MAJOR: 607984 (3 / 22 / 22) -> AVG-RTPM: 118ms
    [junit] MAJOR: Mutants killed / live: 204 (0-447-1) / 276
    [junit] MAJOR: ------------------------------------------------------------
    [junit] MAJOR: 15/46 - com.google.javascript.jscomp.GlobalNamespace_ESTest21 (27ms / 45):
    [junit] MAJOR: 612934 (1 / 45 / 45) -> AVG-RTPM: 110ms
    [junit] MAJOR: Mutants killed / live: 205 (0-492-1) / 275
    [junit] MAJOR: ------------------------------------------------------------
    [junit] MAJOR: 16/46 - com.google.javascript.jscomp.GlobalNamespace_ESTest29 (27ms / 41):
    [junit] MAJOR: 617887 (0 / 41 / 41) -> AVG-RTPM: 120ms
    [junit] MAJOR: Mutants killed / live: 205 (0-533-1) / 275
    [junit] MAJOR: ------------------------------------------------------------
    [junit] MAJOR: 17/46 - com.google.javascript.jscomp.GlobalNamespace_ESTest36 (27ms / 39):
    [junit] MAJOR: 621833 (0 / 39 / 39) -> AVG-RTPM: 101ms
    [junit] MAJOR: Mutants killed / live: 205 (0-572-1) / 275
    [junit] MAJOR: ------------------------------------------------------------
    [junit] MAJOR: 18/46 - com.google.javascript.jscomp.GlobalNamespace_ESTest46 (27ms / 13):
    [junit] MAJOR: 623914 (13 / 13 / 13) -> AVG-RTPM: 160ms
    [junit] MAJOR: Mutants killed / live: 218 (0-585-1) / 262
    [junit] MAJOR: ------------------------------------------------------------
    [junit] MAJOR: 19/46 - com.google.javascript.jscomp.GlobalNamespace_ESTest49 (27ms / 21):
    [junit] MAJOR: 625815 (21 / 21 / 21) -> AVG-RTPM: 90ms
    [junit] MAJOR: Mutants killed / live: 239 (0-606-1) / 241
    [junit] MAJOR: ------------------------------------------------------------
    [junit] MAJOR: 20/46 - com.google.javascript.jscomp.GlobalNamespace_ESTest7 (27ms / 37):
    [junit] MAJOR: 630215 (37 / 37 / 37) -> AVG-RTPM: 118ms
    [junit] MAJOR: Mutants killed / live: 276 (0-643-1) / 204
    [junit] MAJOR: ------------------------------------------------------------
    [junit] MAJOR: 21/46 - com.google.javascript.jscomp.GlobalNamespace_ESTest24 (28ms / 21):
    [junit] MAJOR: 632520 (0 / 21 / 21) -> AVG-RTPM: 109ms
    [junit] MAJOR: Mutants killed / live: 276 (0-664-1) / 204
    [junit] MAJOR: ------------------------------------------------------------
    [junit] MAJOR: 22/46 - com.google.javascript.jscomp.GlobalNamespace_ESTest28 (28ms / 70):
    [junit] MAJOR: 641007 (9 / 70 / 70) -> AVG-RTPM: 121ms
    [junit] MAJOR: Mutants killed / live: 285 (0-734-1) / 195
    [junit] MAJOR: ------------------------------------------------------------
    [junit] MAJOR: 23/46 - com.google.javascript.jscomp.GlobalNamespace_ESTest3 (28ms / 154):
    [junit] MAJOR: 658233 (35 / 154 / 154) -> AVG-RTPM: 111ms
    [junit] MAJOR: Mutants killed / live: 320 (0-888-1) / 160
    [junit] MAJOR: ------------------------------------------------------------
    [junit] MAJOR: 24/46 - com.google.javascript.jscomp.GlobalNamespace_ESTest40 (28ms / 21):
    [junit] MAJOR: 661254 (0 / 21 / 21) -> AVG-RTPM: 143ms
    [junit] MAJOR: Mutants killed / live: 320 (0-909-1) / 160
    [junit] MAJOR: ------------------------------------------------------------
    [junit] MAJOR: 25/46 - com.google.javascript.jscomp.GlobalNamespace_ESTest13 (36ms / 45):
    [junit] MAJOR: 666374 (0 / 45 / 45) -> AVG-RTPM: 113ms
    [junit] MAJOR: Mutants killed / live: 320 (0-954-1) / 160
    [junit] MAJOR: ------------------------------------------------------------
    [junit] MAJOR: 26/46 - com.google.javascript.jscomp.GlobalNamespace_ESTest6 (36ms / 74):
    [junit] MAJOR: 676944 (45 / 74 / 74) -> AVG-RTPM: 142ms
    [junit] MAJOR: Mutants killed / live: 365 (0-1028-1) / 115
    [junit] MAJOR: ------------------------------------------------------------
    [junit] MAJOR: 27/46 - com.google.javascript.jscomp.GlobalNamespace_ESTest9 (37ms / 78):
    [junit] MAJOR: 688370 (6 / 78 / 78) -> AVG-RTPM: 146ms
    [junit] MAJOR: Mutants killed / live: 371 (0-1106-1) / 109
    [junit] MAJOR: ------------------------------------------------------------
    [junit] MAJOR: 28/46 - com.google.javascript.jscomp.GlobalNamespace_ESTest10 (43ms / 78):
    [junit] MAJOR: 700241 (6 / 78 / 78) -> AVG-RTPM: 152ms
    [junit] MAJOR: Mutants killed / live: 377 (0-1184-1) / 103
    [junit] MAJOR: ------------------------------------------------------------
    [junit] MAJOR: 29/46 - com.google.javascript.jscomp.GlobalNamespace_ESTest5 (44ms / 17):
    [junit] MAJOR: 701941 (0 / 17 / 17) -> AVG-RTPM: 100ms
    [junit] MAJOR: Mutants killed / live: 377 (0-1201-1) / 103
    [junit] MAJOR: ------------------------------------------------------------
    [junit] MAJOR: 30/46 - com.google.javascript.jscomp.GlobalNamespace_ESTest18 (46ms / 41):
    [junit] MAJOR: 706052 (5 / 41 / 41) -> AVG-RTPM: 100ms
    [junit] MAJOR: Mutants killed / live: 382 (0-1242-1) / 98
    [junit] MAJOR: ------------------------------------------------------------
    [junit] MAJOR: 31/46 - com.google.javascript.jscomp.GlobalNamespace_ESTest31 (46ms / 131):
    [junit] MAJOR: 721741 (1 / 131 / 131) -> AVG-RTPM: 119ms
    [junit] MAJOR: Mutants killed / live: 383 (0-1373-1) / 97
    [junit] MAJOR: ------------------------------------------------------------
    [junit] MAJOR: 32/46 - com.google.javascript.jscomp.GlobalNamespace_ESTest26 (47ms / 68):
    [junit] MAJOR: 729455 (0 / 68 / 68) -> AVG-RTPM: 113ms
    [junit] MAJOR: Mutants killed / live: 383 (0-1441-1) / 97
    [junit] MAJOR: ------------------------------------------------------------
    [junit] MAJOR: 33/46 - com.google.javascript.jscomp.GlobalNamespace_ESTest14 (54ms / 51):
    [junit] MAJOR: 735430 (3 / 51 / 51) -> AVG-RTPM: 117ms
    [junit] MAJOR: Mutants killed / live: 386 (0-1492-1) / 94
    [junit] MAJOR: ------------------------------------------------------------
    [junit] MAJOR: 34/46 - com.google.javascript.jscomp.GlobalNamespace_ESTest23 (59ms / 40):
    [junit] MAJOR: 739944 (8 / 40 / 40) -> AVG-RTPM: 112ms
    [junit] MAJOR: Mutants killed / live: 394 (0-1532-1) / 86
    [junit] MAJOR: ------------------------------------------------------------
    [junit] MAJOR: 35/46 - com.google.javascript.jscomp.GlobalNamespace_ESTest1 (65ms / 3):
    [junit] MAJOR: 740201 (1 / 3 / 3) -> AVG-RTPM: 85ms
    [junit] MAJOR: Mutants killed / live: 395 (0-1535-1) / 85
    [junit] MAJOR: ------------------------------------------------------------
    [junit] MAJOR: 36/46 - com.google.javascript.jscomp.GlobalNamespace_ESTest20 (65ms / 39):
    [junit] MAJOR: 745105 (0 / 39 / 39) -> AVG-RTPM: 125ms
    [junit] MAJOR: Mutants killed / live: 395 (0-1574-1) / 85
    [junit] MAJOR: ------------------------------------------------------------
    [junit] MAJOR: 37/46 - com.google.javascript.jscomp.GlobalNamespace_ESTest17 (67ms / 52):
    [junit] MAJOR: 750840 (3 / 52 / 52) -> AVG-RTPM: 110ms
    [junit] MAJOR: Mutants killed / live: 398 (0-1626-1) / 82
    [junit] MAJOR: ------------------------------------------------------------
    [junit] MAJOR: 38/46 - com.google.javascript.jscomp.GlobalNamespace_ESTest48 (67ms / 51):
    [junit] MAJOR: 756597 (33 / 51 / 51) -> AVG-RTPM: 112ms
    [junit] MAJOR: Mutants killed / live: 431 (0-1677-1) / 49
    [junit] MAJOR: ------------------------------------------------------------
    [junit] MAJOR: 39/46 - com.google.javascript.jscomp.GlobalNamespace_ESTest11 (70ms / 19):
    [junit] MAJOR: 758835 (0 / 19 / 19) -> AVG-RTPM: 117ms
    [junit] MAJOR: Mutants killed / live: 431 (0-1696-1) / 49
    [junit] MAJOR: ------------------------------------------------------------
    [junit] MAJOR: 40/46 - com.google.javascript.jscomp.GlobalNamespace_ESTest34 (71ms / 33):
    [junit] MAJOR: 762796 (9 / 33 / 33) -> AVG-RTPM: 120ms
    [junit] MAJOR: Mutants killed / live: 440 (0-1729-1) / 40
    [junit] MAJOR: ------------------------------------------------------------
    [junit] MAJOR: 41/46 - com.google.javascript.jscomp.GlobalNamespace_ESTest2 (74ms / 108):
    [junit] MAJOR: 779135 (30 / 108 / 108) -> AVG-RTPM: 151ms
    [junit] MAJOR: Mutants killed / live: 470 (0-1837-1) / 10
    [junit] MAJOR: ------------------------------------------------------------
    [junit] MAJOR: 42/46 - com.google.javascript.jscomp.GlobalNamespace_ESTest4 (81ms / 1):
    [junit] MAJOR: 779404 (1 / 1 / 1) -> AVG-RTPM: 269ms
    [junit] MAJOR: Mutants killed / live: 471 (0-1838-1) / 9
    [junit] MAJOR: ------------------------------------------------------------
    [junit] MAJOR: 43/46 - com.google.javascript.jscomp.GlobalNamespace_ESTest8 (92ms / 98):
    [junit] MAJOR: 793653 (0 / 98 / 98) -> AVG-RTPM: 145ms
    [junit] MAJOR: Mutants killed / live: 471 (0-1936-1) / 9
    [junit] MAJOR: ------------------------------------------------------------
    [junit] MAJOR: 44/46 - com.google.javascript.jscomp.GlobalNamespace_ESTest37 (104ms / 39):
    [junit] MAJOR: 798900 (0 / 39 / 39) -> AVG-RTPM: 134ms
    [junit] MAJOR: Mutants killed / live: 471 (0-1975-1) / 9
    [junit] MAJOR: ------------------------------------------------------------
    [junit] MAJOR: 45/46 - com.google.javascript.jscomp.GlobalNamespace_ESTest32 (129ms / 120):
    [junit] MAJOR: 812397 (1 / 120 / 120) -> AVG-RTPM: 112ms
    [junit] MAJOR: Mutants killed / live: 472 (0-2095-1) / 8
    [junit] MAJOR: ------------------------------------------------------------
    [junit] MAJOR: 46/46 - com.google.javascript.jscomp.GlobalNamespace_ESTest0 (191ms / 35):
    [junit] MAJOR: 816463 (0 / 35 / 35) -> AVG-RTPM: 116ms
    [junit] MAJOR: Mutants killed / live: 472 (0-2130-1) / 8
    [junit] MAJOR: ------------------------------------------------------------
    [junit] MAJOR: Summary:
    [junit] MAJOR: 
    [junit] MAJOR: Analysis time:  816.5 seconds
    [junit] MAJOR: Mutation score: 30.61% (98.33%)
    [junit] MAJOR: Mutants killed / live: 472 (0-2130-1) / 8
    [junit] MAJOR: Mutant executions: 2226
    [junit] MAJOR: ------------------------------------------------------------
    [junit] MAJOR: Export summary of results (to summary.csv)
    [junit] MAJOR: Export mutant kill details (to /tmp/run_mutation.pl_34184_1483714626/89f/kill.csv)
    [junit] MAJOR: Export kill map (to killMap.csv)!

BUILD SUCCESSFUL
Total time: 15 minutes 50 seconds
