
compile:
    [javac] /tmp/run_mutation.pl_103183_1501727582/90f/build.xml:60: warning: 'includeantruntime' was not set, defaulting to build.sysclasspath=last; set to false for repeatable builds
    [javac] /tmp/run_mutation.pl_103183_1501727582/90f/build.xml:66: warning: 'includeantruntime' was not set, defaulting to build.sysclasspath=last; set to false for repeatable builds
[propertyfile] Updating property file: /tmp/run_mutation.pl_103183_1501727582/90f/build/classes/com/google/javascript/jscomp/parsing/ParserConfig.properties

compile-tests:
    [mkdir] Created dir: /tmp/run_mutation.pl_103183_1501727582/90f/build/test
    [javac] /tmp/run_mutation.pl_103183_1501727582/90f/build.xml:117: warning: 'includeantruntime' was not set, defaulting to build.sysclasspath=last; set to false for repeatable builds
    [javac] Compiling 185 source files to /tmp/run_mutation.pl_103183_1501727582/90f/build/test

compile.tests:

update.all.tests:

mutation.test:
     [echo] Running mutation analysis ...
    [junit] MAJOR: Mutation analysis enabled
SLF4J: Failed to load class "org.slf4j.impl.StaticLoggerBinder".
SLF4J: Defaulting to no-operation (NOP) logger implementation
SLF4J: See http://www.slf4j.org/codes.html#StaticLoggerBinder for further details.
    [junit] MAJOR: ------------------------------------------------------------
    [junit] MAJOR: Run 91 ordered tests to verify independence
    [junit] MAJOR: ------------------------------------------------------------
    [junit] MAJOR: Preprocessing time: 249.87 seconds
    [junit] MAJOR: ------------------------------------------------------------
    [junit] MAJOR: Mutants generated: 1184
    [junit] MAJOR: Mutants covered:   895 (75.59%)
    [junit] MAJOR: ------------------------------------------------------------
    [junit] MAJOR: Export test map to (testMap.csv)
    [junit] MAJOR: Export coverage map to (covMap.csv)
    [junit] MAJOR: Exclude 0 mutants
    [junit] MAJOR: ------------------------------------------------------------
    [junit] MAJOR: Run mutation analysis with 91 individual tests
    [junit] MAJOR: ------------------------------------------------------------
    [junit] MAJOR: 1/91 - com.google.javascript.rhino.jstype.FunctionType_ESTest18 (12ms / 131):
    [junit] MAJOR: 396970 (47 / 131 / 131) -> AVG-RTPM: 3030ms
    [junit] MAJOR: Mutants killed / live: 47 (6-41-0) / 848
    [junit] MAJOR: ------------------------------------------------------------
    [junit] MAJOR: 2/91 - com.google.javascript.rhino.jstype.FunctionType_ESTest20 (12ms / 131):
    [junit] MAJOR: 453331 (84 / 131 / 131) -> AVG-RTPM: 430ms
    [junit] MAJOR: Mutants killed / live: 131 (6-172-0) / 764
    [junit] MAJOR: ------------------------------------------------------------
    [junit] MAJOR: 3/91 - com.google.javascript.rhino.jstype.FunctionType_ESTest29 (12ms / 127):
    [junit] MAJOR: 485337 (9 / 127 / 127) -> AVG-RTPM: 252ms
    [junit] MAJOR: Mutants killed / live: 140 (6-299-0) / 755
    [junit] MAJOR: ------------------------------------------------------------
    [junit] MAJOR: 4/91 - com.google.javascript.rhino.jstype.FunctionType_ESTest38 (12ms / 162):
    [junit] MAJOR: 544942 (35 / 162 / 162) -> AVG-RTPM: 367ms
    [junit] MAJOR: Mutants killed / live: 175 (6-461-0) / 720
    [junit] MAJOR: ------------------------------------------------------------
    [junit] MAJOR: 5/91 - com.google.javascript.rhino.jstype.FunctionType_ESTest4 (12ms / 118):
    [junit] MAJOR: 576993 (0 / 118 / 118) -> AVG-RTPM: 271ms
    [junit] MAJOR: Mutants killed / live: 175 (6-579-0) / 720
    [junit] MAJOR: ------------------------------------------------------------
    [junit] MAJOR: 6/91 - com.google.javascript.rhino.jstype.FunctionType_ESTest24 (13ms / 145):
    [junit] MAJOR: 616348 (27 / 145 / 145) -> AVG-RTPM: 271ms
    [junit] MAJOR: Mutants killed / live: 202 (6-724-0) / 693
    [junit] MAJOR: ------------------------------------------------------------
    [junit] MAJOR: 7/91 - com.google.javascript.rhino.jstype.FunctionType_ESTest27 (13ms / 120):
    [junit] MAJOR: 663803 (2 / 120 / 120) -> AVG-RTPM: 395ms
    [junit] MAJOR: Mutants killed / live: 204 (6-844-0) / 691
    [junit] MAJOR: ------------------------------------------------------------
    [junit] MAJOR: 8/91 - com.google.javascript.rhino.jstype.FunctionType_ESTest36 (13ms / 189):
    [junit] MAJOR: 737612 (48 / 189 / 189) -> AVG-RTPM: 390ms
    [junit] MAJOR: Mutants killed / live: 252 (6-1033-0) / 643
    [junit] MAJOR: ------------------------------------------------------------
    [junit] MAJOR: 9/91 - com.google.javascript.rhino.jstype.FunctionType_ESTest46 (13ms / 145):
    [junit] MAJOR: 790238 (2 / 145 / 145) -> AVG-RTPM: 362ms
    [junit] MAJOR: Mutants killed / live: 254 (6-1178-0) / 641
    [junit] MAJOR: ------------------------------------------------------------
    [junit] MAJOR: 10/91 - com.google.javascript.rhino.jstype.FunctionType_ESTest15 (14ms / 134):
    [junit] MAJOR: 826415 (16 / 134 / 134) -> AVG-RTPM: 269ms
    [junit] MAJOR: Mutants killed / live: 270 (6-1312-0) / 625
    [junit] MAJOR: ------------------------------------------------------------
    [junit] MAJOR: 11/91 - com.google.javascript.rhino.jstype.FunctionType_ESTest16 (14ms / 133):
    [junit] MAJOR: 862871 (0 / 133 / 133) -> AVG-RTPM: 274ms
    [junit] MAJOR: Mutants killed / live: 270 (6-1445-0) / 625
    [junit] MAJOR: ------------------------------------------------------------
    [junit] MAJOR: 12/91 - com.google.javascript.rhino.jstype.FunctionType_ESTest21 (14ms / 119):
    [junit] MAJOR: 906252 (1 / 119 / 119) -> AVG-RTPM: 364ms
    [junit] MAJOR: Mutants killed / live: 271 (6-1564-0) / 624
    [junit] MAJOR: ------------------------------------------------------------
    [junit] MAJOR: 13/91 - com.google.javascript.rhino.jstype.FunctionType_ESTest44 (14ms / 126):
    [junit] MAJOR: 948754 (0 / 126 / 126) -> AVG-RTPM: 337ms
    [junit] MAJOR: Mutants killed / live: 271 (6-1690-0) / 624
    [junit] MAJOR: ------------------------------------------------------------
    [junit] MAJOR: 14/91 - com.google.javascript.rhino.jstype.FunctionType_ESTest51 (14ms / 155):
    [junit] MAJOR: 1006354 (10 / 155 / 155) -> AVG-RTPM: 371ms
    [junit] MAJOR: Mutants killed / live: 281 (6-1845-0) / 614
    [junit] MAJOR: ------------------------------------------------------------
    [junit] MAJOR: 15/91 - com.google.javascript.rhino.jstype.FunctionType_ESTest56 (14ms / 118):
    [junit] MAJOR: 1037902 (0 / 118 / 118) -> AVG-RTPM: 267ms
    [junit] MAJOR: Mutants killed / live: 281 (6-1963-0) / 614
    [junit] MAJOR: ------------------------------------------------------------
    [junit] MAJOR: 16/91 - com.google.javascript.rhino.jstype.FunctionType_ESTest59 (14ms / 154):
    [junit] MAJOR: 1079044 (36 / 154 / 154) -> AVG-RTPM: 267ms
    [junit] MAJOR: Mutants killed / live: 317 (6-2117-0) / 578
    [junit] MAJOR: ------------------------------------------------------------
    [junit] MAJOR: 17/91 - com.google.javascript.rhino.jstype.FunctionType_ESTest60 (14ms / 151):
    [junit] MAJOR: 1119714 (0 / 151 / 151) -> AVG-RTPM: 269ms
    [junit] MAJOR: Mutants killed / live: 317 (6-2268-0) / 578
    [junit] MAJOR: ------------------------------------------------------------
    [junit] MAJOR: 18/91 - com.google.javascript.rhino.jstype.FunctionType_ESTest62 (14ms / 141):
    [junit] MAJOR: 1158300 (0 / 141 / 141) -> AVG-RTPM: 273ms
    [junit] MAJOR: Mutants killed / live: 317 (6-2409-0) / 578
    [junit] MAJOR: ------------------------------------------------------------
    [junit] MAJOR: 19/91 - com.google.javascript.rhino.jstype.FunctionType_ESTest31 (15ms / 139):
    [junit] MAJOR: 1211636 (4 / 139 / 139) -> AVG-RTPM: 383ms
    [junit] MAJOR: Mutants killed / live: 321 (6-2548-0) / 574
    [junit] MAJOR: ------------------------------------------------------------
    [junit] MAJOR: 20/91 - com.google.javascript.rhino.jstype.FunctionType_ESTest33 (15ms / 138):
    [junit] MAJOR: 1249877 (5 / 138 / 138) -> AVG-RTPM: 277ms
    [junit] MAJOR: Mutants killed / live: 326 (6-2686-0) / 569
    [junit] MAJOR: ------------------------------------------------------------
    [junit] MAJOR: 21/91 - com.google.javascript.rhino.jstype.FunctionType_ESTest52 (15ms / 166):
    [junit] MAJOR: 1306617 (31 / 166 / 166) -> AVG-RTPM: 341ms
    [junit] MAJOR: Mutants killed / live: 357 (6-2852-0) / 538
    [junit] MAJOR: ------------------------------------------------------------
    [junit] MAJOR: 22/91 - com.google.javascript.rhino.jstype.FunctionType_ESTest6 (15ms / 118):
    [junit] MAJOR: 1346502 (0 / 118 / 118) -> AVG-RTPM: 338ms
    [junit] MAJOR: Mutants killed / live: 357 (6-2970-0) / 538
    [junit] MAJOR: ------------------------------------------------------------
    [junit] MAJOR: 23/91 - com.google.javascript.rhino.jstype.FunctionType_ESTest5 (16ms / 118):
    [junit] MAJOR: 1374970 (0 / 118 / 118) -> AVG-RTPM: 241ms
    [junit] MAJOR: Mutants killed / live: 357 (6-3088-0) / 538
    [junit] MAJOR: ------------------------------------------------------------
    [junit] MAJOR: 24/91 - com.google.javascript.rhino.jstype.FunctionType_ESTest58 (16ms / 142):
    [junit] MAJOR: 1416682 (24 / 142 / 142) -> AVG-RTPM: 293ms
    [junit] MAJOR: Mutants killed / live: 381 (6-3230-0) / 514
    [junit] MAJOR: ------------------------------------------------------------
    [junit] MAJOR: 25/91 - com.google.javascript.rhino.jstype.FunctionType_ESTest7 (16ms / 125):
    [junit] MAJOR: 1445561 (7 / 125 / 125) -> AVG-RTPM: 231ms
    [junit] MAJOR: Mutants killed / live: 388 (6-3355-0) / 507
    [junit] MAJOR: ------------------------------------------------------------
    [junit] MAJOR: 26/91 - com.google.javascript.rhino.jstype.FunctionType_ESTest12 (18ms / 133):
    [junit] MAJOR: 1479171 (0 / 133 / 133) -> AVG-RTPM: 252ms
    [junit] MAJOR: Mutants killed / live: 388 (6-3488-0) / 507
    [junit] MAJOR: ------------------------------------------------------------
    [junit] MAJOR: 27/91 - com.google.javascript.rhino.jstype.FunctionType_ESTest14 (18ms / 188):
    [junit] MAJOR: 1526478 (0 / 188 / 188) -> AVG-RTPM: 251ms
    [junit] MAJOR: Mutants killed / live: 388 (6-3676-0) / 507
    [junit] MAJOR: ------------------------------------------------------------
    [junit] MAJOR: 28/91 - com.google.javascript.rhino.jstype.FunctionType_ESTest3 (18ms / 129):
    [junit] MAJOR: 1575601 (0 / 129 / 129) -> AVG-RTPM: 380ms
    [junit] MAJOR: Mutants killed / live: 388 (6-3805-0) / 507
    [junit] MAJOR: ------------------------------------------------------------
    [junit] MAJOR: 29/91 - com.google.javascript.rhino.jstype.FunctionType_ESTest48 (18ms / 152):
    [junit] MAJOR: 1614330 (34 / 152 / 152) -> AVG-RTPM: 254ms
    [junit] MAJOR: Mutants killed / live: 422 (6-3957-0) / 473
    [junit] MAJOR: ------------------------------------------------------------
    [junit] MAJOR: 30/91 - com.google.javascript.rhino.jstype.FunctionType_ESTest11 (19ms / 143):
    [junit] MAJOR: 1650621 (7 / 143 / 143) -> AVG-RTPM: 253ms
    [junit] MAJOR: Mutants killed / live: 429 (6-4100-0) / 466
    [junit] MAJOR: ------------------------------------------------------------
    [junit] MAJOR: 31/91 - com.google.javascript.rhino.jstype.FunctionType_ESTest22 (19ms / 119):
    [junit] MAJOR: 1678386 (1 / 119 / 119) -> AVG-RTPM: 233ms
    [junit] MAJOR: Mutants killed / live: 430 (6-4219-0) / 465
    [junit] MAJOR: ------------------------------------------------------------
    [junit] MAJOR: 32/91 - com.google.javascript.rhino.jstype.FunctionType_ESTest34 (19ms / 125):
    [junit] MAJOR: 1717402 (7 / 125 / 125) -> AVG-RTPM: 312ms
    [junit] MAJOR: Mutants killed / live: 437 (6-4344-0) / 458
    [junit] MAJOR: ------------------------------------------------------------
    [junit] MAJOR: 33/91 - com.google.javascript.rhino.jstype.FunctionType_ESTest55 (19ms / 136):
    [junit] MAJOR: 1752596 (0 / 136 / 136) -> AVG-RTPM: 258ms
    [junit] MAJOR: Mutants killed / live: 437 (6-4480-0) / 458
    [junit] MAJOR: ------------------------------------------------------------
    [junit] MAJOR: 34/91 - com.google.javascript.rhino.jstype.FunctionType_ESTest8 (19ms / 125):
    [junit] MAJOR: 1796641 (0 / 125 / 125) -> AVG-RTPM: 352ms
    [junit] MAJOR: Mutants killed / live: 437 (6-4605-0) / 458
    [junit] MAJOR: ------------------------------------------------------------
    [junit] MAJOR: 35/91 - com.google.javascript.rhino.jstype.FunctionType_ESTest0 (20ms / 118):
    [junit] MAJOR: 1826419 (0 / 118 / 118) -> AVG-RTPM: 252ms
    [junit] MAJOR: Mutants killed / live: 437 (6-4723-0) / 458
    [junit] MAJOR: ------------------------------------------------------------
    [junit] MAJOR: 36/91 - com.google.javascript.rhino.jstype.FunctionType_ESTest23 (20ms / 118):
    [junit] MAJOR: 1856649 (0 / 118 / 118) -> AVG-RTPM: 256ms
    [junit] MAJOR: Mutants killed / live: 437 (6-4841-0) / 458
    [junit] MAJOR: ------------------------------------------------------------
    [junit] MAJOR: 37/91 - com.google.javascript.rhino.jstype.FunctionType_ESTest25 (20ms / 123):
    [junit] MAJOR: 1888244 (5 / 123 / 123) -> AVG-RTPM: 256ms
    [junit] MAJOR: Mutants killed / live: 442 (6-4964-0) / 453
    [junit] MAJOR: ------------------------------------------------------------
    [junit] MAJOR: 38/91 - com.google.javascript.rhino.jstype.FunctionType_ESTest35 (20ms / 188):
    [junit] MAJOR: 1962044 (2 / 188 / 188) -> AVG-RTPM: 392ms
    [junit] MAJOR: Mutants killed / live: 444 (6-5152-0) / 451
    [junit] MAJOR: ------------------------------------------------------------
    [junit] MAJOR: 39/91 - com.google.javascript.rhino.jstype.FunctionType_ESTest10 (21ms / 136):
    [junit] MAJOR: 1997542 (0 / 136 / 136) -> AVG-RTPM: 261ms
    [junit] MAJOR: Mutants killed / live: 444 (6-5288-0) / 451
    [junit] MAJOR: ------------------------------------------------------------
    [junit] MAJOR: 40/91 - com.google.javascript.rhino.jstype.FunctionType_ESTest2 (21ms / 119):
    [junit] MAJOR: 2032873 (1 / 119 / 119) -> AVG-RTPM: 296ms
    [junit] MAJOR: Mutants killed / live: 445 (6-5407-0) / 450
    [junit] MAJOR: ------------------------------------------------------------
    [junit] MAJOR: 41/91 - com.google.javascript.rhino.jstype.FunctionType_ESTest40 (21ms / 118):
    [junit] MAJOR: 2063272 (0 / 118 / 118) -> AVG-RTPM: 257ms
    [junit] MAJOR: Mutants killed / live: 445 (6-5525-0) / 450
    [junit] MAJOR: ------------------------------------------------------------
    [junit] MAJOR: 42/91 - com.google.javascript.rhino.jstype.FunctionType_ESTest41 (21ms / 145):
    [junit] MAJOR: 2101000 (27 / 145 / 145) -> AVG-RTPM: 260ms
    [junit] MAJOR: Mutants killed / live: 472 (6-5670-0) / 423
    [junit] MAJOR: ------------------------------------------------------------
    [junit] MAJOR: 43/91 - com.google.javascript.rhino.jstype.FunctionType_ESTest43 (21ms / 163):
    [junit] MAJOR: 2141968 (0 / 163 / 163) -> AVG-RTPM: 251ms
    [junit] MAJOR: Mutants killed / live: 472 (6-5833-0) / 423
    [junit] MAJOR: ------------------------------------------------------------
    [junit] MAJOR: 44/91 - com.google.javascript.rhino.jstype.FunctionType_ESTest37 (22ms / 232):
    [junit] MAJOR: 2236595 (17 / 232 / 232) -> AVG-RTPM: 407ms
    [junit] MAJOR: Mutants killed / live: 489 (6-6065-0) / 406
    [junit] MAJOR: ------------------------------------------------------------
    [junit] MAJOR: 45/91 - com.google.javascript.rhino.jstype.FunctionType_ESTest9 (22ms / 120):
    [junit] MAJOR: 2285479 (0 / 120 / 120) -> AVG-RTPM: 407ms
    [junit] MAJOR: Mutants killed / live: 489 (6-6185-0) / 406
    [junit] MAJOR: ------------------------------------------------------------
    [junit] MAJOR: 46/91 - com.google.javascript.rhino.jstype.FunctionType_ESTest1 (23ms / 137):
    [junit] MAJOR: 2323108 (1 / 137 / 137) -> AVG-RTPM: 274ms
    [junit] MAJOR: Mutants killed / live: 490 (6-6322-0) / 405
    [junit] MAJOR: ------------------------------------------------------------
    [junit] MAJOR: 47/91 - com.google.javascript.rhino.jstype.FunctionType_ESTest26 (23ms / 123):
    [junit] MAJOR: 2368847 (0 / 123 / 123) -> AVG-RTPM: 371ms
    [junit] MAJOR: Mutants killed / live: 490 (6-6445-0) / 405
    [junit] MAJOR: ------------------------------------------------------------
    [junit] MAJOR: 48/91 - com.google.javascript.rhino.jstype.FunctionType_ESTest45 (23ms / 138):
    [junit] MAJOR: 2420788 (11 / 138 / 138) -> AVG-RTPM: 376ms
    [junit] MAJOR: Mutants killed / live: 501 (6-6583-0) / 394
    [junit] MAJOR: ------------------------------------------------------------
    [junit] MAJOR: 49/91 - com.google.javascript.rhino.jstype.FunctionType_ESTest47 (23ms / 154):
    [junit] MAJOR: 2476035 (2 / 154 / 154) -> AVG-RTPM: 358ms
    [junit] MAJOR: Mutants killed / live: 503 (6-6737-0) / 392
    [junit] MAJOR: ------------------------------------------------------------
    [junit] MAJOR: 50/91 - com.google.javascript.rhino.jstype.FunctionType_ESTest50 (23ms / 164):
    [junit] MAJOR: 2520381 (8 / 164 / 164) -> AVG-RTPM: 270ms
    [junit] MAJOR: Mutants killed / live: 511 (6-6901-0) / 384
    [junit] MAJOR: ------------------------------------------------------------
    [junit] MAJOR: 51/91 - com.google.javascript.rhino.jstype.FunctionType_ESTest63 (23ms / 151):
    [junit] MAJOR: 2560249 (0 / 151 / 151) -> AVG-RTPM: 264ms
    [junit] MAJOR: Mutants killed / live: 511 (6-7052-0) / 384
    [junit] MAJOR: ------------------------------------------------------------
    [junit] MAJOR: 52/91 - com.google.javascript.rhino.jstype.FunctionType_ESTest30 (24ms / 125):
    [junit] MAJOR: 2598604 (0 / 125 / 125) -> AVG-RTPM: 306ms
    [junit] MAJOR: Mutants killed / live: 511 (6-7177-0) / 384
    [junit] MAJOR: ------------------------------------------------------------
    [junit] MAJOR: 53/91 - com.google.javascript.rhino.jstype.FunctionType_ESTest32 (24ms / 143):
    [junit] MAJOR: 2639462 (10 / 143 / 143) -> AVG-RTPM: 285ms
    [junit] MAJOR: Mutants killed / live: 521 (6-7320-0) / 374
    [junit] MAJOR: ------------------------------------------------------------
    [junit] MAJOR: 54/91 - com.google.javascript.rhino.jstype.FunctionType_ESTest39 (24ms / 118):
    [junit] MAJOR: 2690112 (0 / 118 / 118) -> AVG-RTPM: 429ms
    [junit] MAJOR: Mutants killed / live: 521 (6-7438-0) / 374
    [junit] MAJOR: ------------------------------------------------------------
    [junit] MAJOR: 55/91 - com.google.javascript.rhino.jstype.FunctionType_ESTest49 (24ms / 151):
    [junit] MAJOR: 2742336 (0 / 151 / 151) -> AVG-RTPM: 345ms
    [junit] MAJOR: Mutants killed / live: 521 (6-7589-0) / 374
    [junit] MAJOR: ------------------------------------------------------------
    [junit] MAJOR: 56/91 - com.google.javascript.rhino.jstype.FunctionType_ESTest57 (24ms / 131):
    [junit] MAJOR: 2787997 (1 / 131 / 131) -> AVG-RTPM: 348ms
    [junit] MAJOR: Mutants killed / live: 522 (6-7720-0) / 373
    [junit] MAJOR: ------------------------------------------------------------
    [junit] MAJOR: 57/91 - com.google.javascript.rhino.jstype.FunctionType_ESTest17 (25ms / 133):
    [junit] MAJOR: 2824570 (0 / 133 / 133) -> AVG-RTPM: 274ms
    [junit] MAJOR: Mutants killed / live: 522 (6-7853-0) / 373
    [junit] MAJOR: ------------------------------------------------------------
    [junit] MAJOR: 58/91 - com.google.javascript.rhino.jstype.FunctionType_ESTest53 (26ms / 174):
    [junit] MAJOR: 2874313 (0 / 174 / 174) -> AVG-RTPM: 285ms
    [junit] MAJOR: Mutants killed / live: 522 (6-8027-0) / 373
    [junit] MAJOR: ------------------------------------------------------------
    [junit] MAJOR: 59/91 - com.google.javascript.rhino.jstype.FunctionType_ESTest61 (28ms / 141):
    [junit] MAJOR: 2918075 (0 / 141 / 141) -> AVG-RTPM: 310ms
    [junit] MAJOR: Mutants killed / live: 522 (6-8168-0) / 373
    [junit] MAJOR: ------------------------------------------------------------
    [junit] MAJOR: 60/91 - com.google.javascript.rhino.jstype.FunctionType_ESTest42 (29ms / 126):
    [junit] MAJOR: 2964486 (0 / 126 / 126) -> AVG-RTPM: 368ms
    [junit] MAJOR: Mutants killed / live: 522 (6-8294-0) / 373
    [junit] MAJOR: ------------------------------------------------------------
    [junit] MAJOR: 61/91 - com.google.javascript.rhino.jstype.FunctionType_ESTest54 (30ms / 118):
    [junit] MAJOR: 2997746 (0 / 118 / 118) -> AVG-RTPM: 281ms
    [junit] MAJOR: Mutants killed / live: 522 (6-8412-0) / 373
    [junit] MAJOR: ------------------------------------------------------------
    [junit] MAJOR: 62/91 - com.google.javascript.rhino.jstype.FunctionType_ESTest28 (31ms / 162):
    [junit] MAJOR: 3059562 (0 / 162 / 162) -> AVG-RTPM: 381ms
    [junit] MAJOR: Mutants killed / live: 522 (6-8574-0) / 373
    [junit] MAJOR: ------------------------------------------------------------
    [junit] MAJOR: 63/91 - com.google.javascript.jscomp.FunctionTypeBuilder_ESTest27 (35ms / 37):
    [junit] MAJOR: 3069734 (37 / 37 / 37) -> AVG-RTPM: 274ms
    [junit] MAJOR: Mutants killed / live: 559 (6-8611-0) / 336
    [junit] MAJOR: ------------------------------------------------------------
    [junit] MAJOR: 64/91 - com.google.javascript.jscomp.FunctionTypeBuilder_ESTest22 (39ms / 233):
    [junit] MAJOR: 3164851 (115 / 233 / 233) -> AVG-RTPM: 408ms
    [junit] MAJOR: Mutants killed / live: 674 (6-8844-0) / 221
    [junit] MAJOR: ------------------------------------------------------------
    [junit] MAJOR: 65/91 - com.google.javascript.jscomp.FunctionTypeBuilder_ESTest11 (41ms / 128):
    [junit] MAJOR: 3217401 (3 / 128 / 128) -> AVG-RTPM: 410ms
    [junit] MAJOR: Mutants killed / live: 677 (6-8972-0) / 218
    [junit] MAJOR: ------------------------------------------------------------
    [junit] MAJOR: 66/91 - com.google.javascript.jscomp.FunctionTypeBuilder_ESTest19 (41ms / 150):
    [junit] MAJOR: 3279894 (3 / 150 / 150) -> AVG-RTPM: 416ms
    [junit] MAJOR: Mutants killed / live: 680 (6-9122-0) / 215
    [junit] MAJOR: ------------------------------------------------------------
    [junit] MAJOR: 67/91 - com.google.javascript.jscomp.FunctionTypeBuilder_ESTest2 (43ms / 303):

BUILD FAILED
/home/to_donghwan/defects4j/framework/projects/defects4j.build.xml:185: Parallel execution timed out

Total time: 60 minutes 9 seconds
