
compile:
    [javac] /tmp/run_mutation.pl_36993_1483715216/91f/build.xml:60: warning: 'includeantruntime' was not set, defaulting to build.sysclasspath=last; set to false for repeatable builds
    [javac] /tmp/run_mutation.pl_36993_1483715216/91f/build.xml:66: warning: 'includeantruntime' was not set, defaulting to build.sysclasspath=last; set to false for repeatable builds
[propertyfile] Updating property file: /tmp/run_mutation.pl_36993_1483715216/91f/build/classes/com/google/javascript/jscomp/parsing/ParserConfig.properties

compile-tests:
    [mkdir] Created dir: /tmp/run_mutation.pl_36993_1483715216/91f/build/test
    [javac] /tmp/run_mutation.pl_36993_1483715216/91f/build.xml:117: warning: 'includeantruntime' was not set, defaulting to build.sysclasspath=last; set to false for repeatable builds
    [javac] Compiling 185 source files to /tmp/run_mutation.pl_36993_1483715216/91f/build/test

compile.tests:

update.all.tests:

mutation.test:
     [echo] Running mutation analysis ...
    [junit] MAJOR: Mutation analysis enabled
SLF4J: Failed to load class "org.slf4j.impl.StaticLoggerBinder".
SLF4J: Defaulting to no-operation (NOP) logger implementation
SLF4J: See http://www.slf4j.org/codes.html#StaticLoggerBinder for further details.
    [junit] MAJOR: ------------------------------------------------------------
    [junit] MAJOR: Run 6 ordered tests to verify independence
    [junit] MAJOR: ------------------------------------------------------------
    [junit] MAJOR: Preprocessing time: 11.59 seconds
    [junit] MAJOR: ------------------------------------------------------------
    [junit] MAJOR: Mutants generated: 280
    [junit] MAJOR: Mutants covered:   58 (20.71%)
    [junit] MAJOR: ------------------------------------------------------------
    [junit] MAJOR: Export test map to (testMap.csv)
    [junit] MAJOR: Export coverage map to (covMap.csv)
    [junit] MAJOR: Exclude 0 mutants
    [junit] MAJOR: ------------------------------------------------------------
    [junit] MAJOR: Run mutation analysis with 6 individual tests
    [junit] MAJOR: ------------------------------------------------------------
    [junit] MAJOR: 1/6 - com.google.javascript.jscomp.CheckGlobalThis_ESTest5 (30ms / 48):
    [junit] MAJOR: 57117 (24 / 48 / 48) -> AVG-RTPM: 1189ms
    [junit] MAJOR: Mutants killed / live: 24 (0-24-0) / 34
    [junit] MAJOR: ------------------------------------------------------------
    [junit] MAJOR: 2/6 - com.google.javascript.jscomp.CheckGlobalThis_ESTest2 (43ms / 35):
    [junit] MAJOR: 129121 (3 / 35 / 35) -> AVG-RTPM: 2057ms
    [junit] MAJOR: Mutants killed / live: 27 (0-37-0) / 31
    [junit] MAJOR: ------------------------------------------------------------
    [junit] MAJOR: 3/6 - com.google.javascript.jscomp.CheckGlobalThis_ESTest1 (45ms / 10):
    [junit] MAJOR: 156514 (3 / 10 / 10) -> AVG-RTPM: 2739ms
    [junit] MAJOR: Mutants killed / live: 30 (6-37-0) / 28
    [junit] MAJOR: ------------------------------------------------------------
    [junit] MAJOR: 4/6 - com.google.javascript.jscomp.CheckGlobalThis_ESTest3 (66ms / 24):
    [junit] MAJOR: 237273 (6 / 24 / 24) -> AVG-RTPM: 3364ms
    [junit] MAJOR: Mutants killed / live: 36 (14-37-0) / 22
    [junit] MAJOR: ------------------------------------------------------------
    [junit] MAJOR: 5/6 - com.google.javascript.jscomp.CheckGlobalThis_ESTest4 (98ms / 30):
    [junit] MAJOR: 373522 (1 / 30 / 30) -> AVG-RTPM: 4541ms
    [junit] MAJOR: Mutants killed / live: 37 (14-47-0) / 21
    [junit] MAJOR: ------------------------------------------------------------
    [junit] MAJOR: 6/6 - com.google.javascript.jscomp.CheckGlobalThis_ESTest0 (156ms / 25):
    [junit] MAJOR: 393724 (5 / 25 / 25) -> AVG-RTPM: 808ms
    [junit] MAJOR: Mutants killed / live: 42 (14-71-0) / 16
    [junit] MAJOR: ------------------------------------------------------------
    [junit] MAJOR: Summary:
    [junit] MAJOR: 
    [junit] MAJOR: Analysis time:  393.7 seconds
    [junit] MAJOR: Mutation score: 15.00% (72.41%)
    [junit] MAJOR: Mutants killed / live: 42 (14-71-0) / 16
    [junit] MAJOR: Mutant executions: 172
    [junit] MAJOR: ------------------------------------------------------------
    [junit] MAJOR: Export summary of results (to summary.csv)
    [junit] MAJOR: Export mutant kill details (to /tmp/run_mutation.pl_36993_1483715216/91f/kill.csv)
    [junit] MAJOR: Export kill map (to killMap.csv)!

BUILD SUCCESSFUL
Total time: 6 minutes 51 seconds
