
compile:
    [javac] /tmp/run_mutation.pl_41565_1483715637/92f/build.xml:60: warning: 'includeantruntime' was not set, defaulting to build.sysclasspath=last; set to false for repeatable builds
    [javac] /tmp/run_mutation.pl_41565_1483715637/92f/build.xml:66: warning: 'includeantruntime' was not set, defaulting to build.sysclasspath=last; set to false for repeatable builds
[propertyfile] Updating property file: /tmp/run_mutation.pl_41565_1483715637/92f/build/classes/com/google/javascript/jscomp/parsing/ParserConfig.properties

compile-tests:
    [mkdir] Created dir: /tmp/run_mutation.pl_41565_1483715637/92f/build/test
    [javac] /tmp/run_mutation.pl_41565_1483715637/92f/build.xml:117: warning: 'includeantruntime' was not set, defaulting to build.sysclasspath=last; set to false for repeatable builds
    [javac] Compiling 186 source files to /tmp/run_mutation.pl_41565_1483715637/92f/build/test

compile.tests:

update.all.tests:

mutation.test:
     [echo] Running mutation analysis ...
    [junit] MAJOR: Mutation analysis enabled
SLF4J: Failed to load class "org.slf4j.impl.StaticLoggerBinder".
SLF4J: Defaulting to no-operation (NOP) logger implementation
SLF4J: See http://www.slf4j.org/codes.html#StaticLoggerBinder for further details.
    [junit] MAJOR: ------------------------------------------------------------
    [junit] MAJOR: Run 9 ordered tests to verify independence
    [junit] MAJOR: ------------------------------------------------------------
    [junit] MAJOR: Preprocessing time: 20.94 seconds
    [junit] MAJOR: ------------------------------------------------------------
    [junit] MAJOR: Mutants generated: 791
    [junit] MAJOR: Mutants covered:   166 (20.99%)
    [junit] MAJOR: ------------------------------------------------------------
    [junit] MAJOR: Export test map to (testMap.csv)
    [junit] MAJOR: Export coverage map to (covMap.csv)
    [junit] MAJOR: Exclude 0 mutants
    [junit] MAJOR: ------------------------------------------------------------
    [junit] MAJOR: Run mutation analysis with 9 individual tests
    [junit] MAJOR: ------------------------------------------------------------
    [junit] MAJOR: 1/9 - com.google.javascript.jscomp.ProcessClosurePrimitives_ESTest3 (31ms / 24):
    [junit] MAJOR: 30479 (10 / 24 / 24) -> AVG-RTPM: 1269ms
    [junit] MAJOR: Mutants killed / live: 10 (0-10-0) / 156
    [junit] MAJOR: ------------------------------------------------------------
    [junit] MAJOR: 2/9 - com.google.javascript.jscomp.ProcessClosurePrimitives_ESTest5 (33ms / 28):
    [junit] MAJOR: 81603 (4 / 28 / 28) -> AVG-RTPM: 1825ms
    [junit] MAJOR: Mutants killed / live: 14 (1-22-0) / 152
    [junit] MAJOR: ------------------------------------------------------------
    [junit] MAJOR: 3/9 - com.google.javascript.jscomp.ProcessClosurePrimitives_ESTest8 (33ms / 143):
    [junit] MAJOR: 590435 (39 / 143 / 143) -> AVG-RTPM: 3558ms
    [junit] MAJOR: Mutants killed / live: 53 (1-70-0) / 113
    [junit] MAJOR: ------------------------------------------------------------
    [junit] MAJOR: 4/9 - com.google.javascript.jscomp.ProcessClosurePrimitives_ESTest2 (36ms / 29):
    [junit] MAJOR: 596216 (5 / 29 / 29) -> AVG-RTPM: 199ms
    [junit] MAJOR: Mutants killed / live: 58 (1-99-0) / 108
    [junit] MAJOR: ------------------------------------------------------------
    [junit] MAJOR: 5/9 - com.google.javascript.jscomp.ProcessClosurePrimitives_ESTest1 (40ms / 114):
    [junit] MAJOR: 613548 (79 / 114 / 114) -> AVG-RTPM: 152ms
    [junit] MAJOR: Mutants killed / live: 137 (1-213-0) / 29
    [junit] MAJOR: ------------------------------------------------------------
    [junit] MAJOR: 6/9 - com.google.javascript.jscomp.ProcessClosurePrimitives_ESTest4 (71ms / 35):
    [junit] MAJOR: 619181 (14 / 35 / 35) -> AVG-RTPM: 160ms
    [junit] MAJOR: Mutants killed / live: 151 (1-248-0) / 15
    [junit] MAJOR: ------------------------------------------------------------
    [junit] MAJOR: 7/9 - com.google.javascript.jscomp.ProcessClosurePrimitives_ESTest6 (78ms / 112):
    [junit] MAJOR: 636189 (0 / 112 / 112) -> AVG-RTPM: 151ms
    [junit] MAJOR: Mutants killed / live: 151 (1-360-0) / 15
    [junit] MAJOR: ------------------------------------------------------------
    [junit] MAJOR: 8/9 - com.google.javascript.jscomp.ProcessClosurePrimitives_ESTest7 (97ms / 62):
    [junit] MAJOR: 648076 (7 / 62 / 62) -> AVG-RTPM: 191ms
    [junit] MAJOR: Mutants killed / live: 158 (1-422-0) / 8
    [junit] MAJOR: ------------------------------------------------------------
    [junit] MAJOR: 9/9 - com.google.javascript.jscomp.ProcessClosurePrimitives_ESTest0 (118ms / 21):
    [junit] MAJOR: 652596 (0 / 21 / 21) -> AVG-RTPM: 215ms
    [junit] MAJOR: Mutants killed / live: 158 (1-443-0) / 8
    [junit] MAJOR: ------------------------------------------------------------
    [junit] MAJOR: Summary:
    [junit] MAJOR: 
    [junit] MAJOR: Analysis time:  652.6 seconds
    [junit] MAJOR: Mutation score: 19.97% (95.18%)
    [junit] MAJOR: Mutants killed / live: 158 (1-443-0) / 8
    [junit] MAJOR: Mutant executions: 568
    [junit] MAJOR: ------------------------------------------------------------
    [junit] MAJOR: Export summary of results (to summary.csv)
    [junit] MAJOR: Export mutant kill details (to /tmp/run_mutation.pl_41565_1483715637/92f/kill.csv)
    [junit] MAJOR: Export kill map (to killMap.csv)!

BUILD SUCCESSFUL
Total time: 11 minutes 21 seconds
