
compile:
    [javac] /tmp/run_mutation.pl_20101_1501731840/92f/build.xml:60: warning: 'includeantruntime' was not set, defaulting to build.sysclasspath=last; set to false for repeatable builds
    [javac] /tmp/run_mutation.pl_20101_1501731840/92f/build.xml:66: warning: 'includeantruntime' was not set, defaulting to build.sysclasspath=last; set to false for repeatable builds
[propertyfile] Updating property file: /tmp/run_mutation.pl_20101_1501731840/92f/build/classes/com/google/javascript/jscomp/parsing/ParserConfig.properties

compile-tests:
    [mkdir] Created dir: /tmp/run_mutation.pl_20101_1501731840/92f/build/test
    [javac] /tmp/run_mutation.pl_20101_1501731840/92f/build.xml:117: warning: 'includeantruntime' was not set, defaulting to build.sysclasspath=last; set to false for repeatable builds
    [javac] Compiling 186 source files to /tmp/run_mutation.pl_20101_1501731840/92f/build/test

compile.tests:

update.all.tests:

mutation.test:
     [echo] Running mutation analysis ...
    [junit] MAJOR: Mutation analysis enabled
SLF4J: Failed to load class "org.slf4j.impl.StaticLoggerBinder".
SLF4J: Defaulting to no-operation (NOP) logger implementation
SLF4J: See http://www.slf4j.org/codes.html#StaticLoggerBinder for further details.
    [junit] MAJOR: ------------------------------------------------------------
    [junit] MAJOR: Run 8 ordered tests to verify independence
    [junit] MAJOR: ------------------------------------------------------------
    [junit] MAJOR: Preprocessing time: 22.21 seconds
    [junit] MAJOR: ------------------------------------------------------------
    [junit] MAJOR: Mutants generated: 791
    [junit] MAJOR: Mutants covered:   152 (19.22%)
    [junit] MAJOR: ------------------------------------------------------------
    [junit] MAJOR: Export test map to (testMap.csv)
    [junit] MAJOR: Export coverage map to (covMap.csv)
    [junit] MAJOR: Exclude 0 mutants
    [junit] MAJOR: ------------------------------------------------------------
    [junit] MAJOR: Run mutation analysis with 8 individual tests
    [junit] MAJOR: ------------------------------------------------------------
    [junit] MAJOR: 1/8 - com.google.javascript.jscomp.ProcessClosurePrimitives_ESTest4 (34ms / 83):
    [junit] MAJOR: 190541 (19 / 83 / 83) -> AVG-RTPM: 2295ms
    [junit] MAJOR: Mutants killed / live: 19 (0-19-0) / 133
    [junit] MAJOR: ------------------------------------------------------------
    [junit] MAJOR: 2/8 - com.google.javascript.jscomp.ProcessClosurePrimitives_ESTest5 (39ms / 112):
    [junit] MAJOR: 375305 (57 / 112 / 112) -> AVG-RTPM: 1649ms
    [junit] MAJOR: Mutants killed / live: 76 (0-93-0) / 76
    [junit] MAJOR: ------------------------------------------------------------
    [junit] MAJOR: 3/8 - com.google.javascript.jscomp.ProcessClosurePrimitives_ESTest3 (42ms / 29):
    [junit] MAJOR: 378441 (9 / 29 / 29) -> AVG-RTPM: 108ms
    [junit] MAJOR: Mutants killed / live: 85 (0-122-0) / 67
    [junit] MAJOR: ------------------------------------------------------------
    [junit] MAJOR: 4/8 - com.google.javascript.jscomp.ProcessClosurePrimitives_ESTest2 (45ms / 32):
    [junit] MAJOR: 381717 (6 / 32 / 32) -> AVG-RTPM: 102ms
    [junit] MAJOR: Mutants killed / live: 91 (0-154-0) / 61
    [junit] MAJOR: ------------------------------------------------------------
    [junit] MAJOR: 5/8 - com.google.javascript.jscomp.ProcessClosurePrimitives_ESTest7 (47ms / 40):
    [junit] MAJOR: 385818 (15 / 40 / 40) -> AVG-RTPM: 102ms
    [junit] MAJOR: Mutants killed / live: 106 (0-194-0) / 46
    [junit] MAJOR: ------------------------------------------------------------
    [junit] MAJOR: 6/8 - com.google.javascript.jscomp.ProcessClosurePrimitives_ESTest6 (59ms / 77):
    [junit] MAJOR: 393236 (8 / 77 / 77) -> AVG-RTPM: 96ms
    [junit] MAJOR: Mutants killed / live: 114 (0-271-0) / 38
    [junit] MAJOR: ------------------------------------------------------------
    [junit] MAJOR: 7/8 - com.google.javascript.jscomp.ProcessClosurePrimitives_ESTest1 (83ms / 114):
    [junit] MAJOR: 404202 (34 / 114 / 114) -> AVG-RTPM: 96ms
    [junit] MAJOR: Mutants killed / live: 148 (0-385-0) / 4
    [junit] MAJOR: ------------------------------------------------------------
    [junit] MAJOR: 8/8 - com.google.javascript.jscomp.ProcessClosurePrimitives_ESTest0 (116ms / 21):
    [junit] MAJOR: 406038 (0 / 21 / 21) -> AVG-RTPM: 87ms
    [junit] MAJOR: Mutants killed / live: 148 (0-406-0) / 4
    [junit] MAJOR: ------------------------------------------------------------
    [junit] MAJOR: Summary:
    [junit] MAJOR: 
    [junit] MAJOR: Analysis time:  406.0 seconds
    [junit] MAJOR: Mutation score: 18.71% (97.37%)
    [junit] MAJOR: Mutants killed / live: 148 (0-406-0) / 4
    [junit] MAJOR: Mutant executions: 508
    [junit] MAJOR: ------------------------------------------------------------
    [junit] MAJOR: Export summary of results (to summary.csv)
    [junit] MAJOR: Export mutant kill details (to /tmp/run_mutation.pl_20101_1501731840/92f/kill.csv)
    [junit] MAJOR: Export kill map (to killMap.csv)!

BUILD SUCCESSFUL
Total time: 7 minutes 18 seconds
