
compile:
    [javac] /tmp/run_mutation.pl_22925_1501732353/93f/build.xml:60: warning: 'includeantruntime' was not set, defaulting to build.sysclasspath=last; set to false for repeatable builds
    [javac] /tmp/run_mutation.pl_22925_1501732353/93f/build.xml:66: warning: 'includeantruntime' was not set, defaulting to build.sysclasspath=last; set to false for repeatable builds
[propertyfile] Updating property file: /tmp/run_mutation.pl_22925_1501732353/93f/build/classes/com/google/javascript/jscomp/parsing/ParserConfig.properties

compile-tests:
    [mkdir] Created dir: /tmp/run_mutation.pl_22925_1501732353/93f/build/test
    [javac] /tmp/run_mutation.pl_22925_1501732353/93f/build.xml:117: warning: 'includeantruntime' was not set, defaulting to build.sysclasspath=last; set to false for repeatable builds
    [javac] Compiling 186 source files to /tmp/run_mutation.pl_22925_1501732353/93f/build/test

compile.tests:

update.all.tests:

mutation.test:
     [echo] Running mutation analysis ...
    [junit] MAJOR: Mutation analysis enabled
SLF4J: Failed to load class "org.slf4j.impl.StaticLoggerBinder".
SLF4J: Defaulting to no-operation (NOP) logger implementation
SLF4J: See http://www.slf4j.org/codes.html#StaticLoggerBinder for further details.
    [junit] MAJOR: ------------------------------------------------------------
    [junit] MAJOR: Run 9 ordered tests to verify independence
    [junit] MAJOR: ------------------------------------------------------------
    [junit] MAJOR: Preprocessing time: 24.20 seconds
    [junit] MAJOR: ------------------------------------------------------------
    [junit] MAJOR: Mutants generated: 791
    [junit] MAJOR: Mutants covered:   166 (20.99%)
    [junit] MAJOR: ------------------------------------------------------------
    [junit] MAJOR: Export test map to (testMap.csv)
    [junit] MAJOR: Export coverage map to (covMap.csv)
    [junit] MAJOR: Exclude 0 mutants
    [junit] MAJOR: ------------------------------------------------------------
    [junit] MAJOR: Run mutation analysis with 9 individual tests
    [junit] MAJOR: ------------------------------------------------------------
    [junit] MAJOR: 1/9 - com.google.javascript.jscomp.ProcessClosurePrimitives_ESTest7 (35ms / 62):
    [junit] MAJOR: 113764 (21 / 62 / 62) -> AVG-RTPM: 1834ms
    [junit] MAJOR: Mutants killed / live: 21 (0-21-0) / 145
    [junit] MAJOR: ------------------------------------------------------------
    [junit] MAJOR: 2/9 - com.google.javascript.jscomp.ProcessClosurePrimitives_ESTest2 (47ms / 24):
    [junit] MAJOR: 193010 (1 / 24 / 24) -> AVG-RTPM: 3301ms
    [junit] MAJOR: Mutants killed / live: 22 (0-31-0) / 144
    [junit] MAJOR: ------------------------------------------------------------
    [junit] MAJOR: 3/9 - com.google.javascript.jscomp.ProcessClosurePrimitives_ESTest8 (51ms / 39):
    [junit] MAJOR: 369038 (7 / 39 / 39) -> AVG-RTPM: 4513ms
    [junit] MAJOR: Mutants killed / live: 29 (3-44-0) / 137
    [junit] MAJOR: ------------------------------------------------------------
    [junit] MAJOR: 4/9 - com.google.javascript.jscomp.ProcessClosurePrimitives_ESTest6 (57ms / 112):
    [junit] MAJOR: 401450 (94 / 112 / 112) -> AVG-RTPM: 289ms
    [junit] MAJOR: Mutants killed / live: 123 (3-155-0) / 43
    [junit] MAJOR: ------------------------------------------------------------
    [junit] MAJOR: 5/9 - com.google.javascript.jscomp.ProcessClosurePrimitives_ESTest5 (63ms / 28):
    [junit] MAJOR: 404649 (7 / 28 / 28) -> AVG-RTPM: 114ms
    [junit] MAJOR: Mutants killed / live: 130 (3-183-0) / 36
    [junit] MAJOR: ------------------------------------------------------------
    [junit] MAJOR: 6/9 - com.google.javascript.jscomp.ProcessClosurePrimitives_ESTest4 (76ms / 125):
    [junit] MAJOR: 418453 (10 / 125 / 125) -> AVG-RTPM: 110ms
    [junit] MAJOR: Mutants killed / live: 140 (3-308-0) / 26
    [junit] MAJOR: ------------------------------------------------------------
    [junit] MAJOR: 7/9 - com.google.javascript.jscomp.ProcessClosurePrimitives_ESTest3 (102ms / 35):
    [junit] MAJOR: 421755 (14 / 35 / 35) -> AVG-RTPM: 94ms
    [junit] MAJOR: Mutants killed / live: 154 (3-343-0) / 12
    [junit] MAJOR: ------------------------------------------------------------
    [junit] MAJOR: 8/9 - com.google.javascript.jscomp.ProcessClosurePrimitives_ESTest0 (115ms / 21):
    [junit] MAJOR: 423763 (0 / 21 / 21) -> AVG-RTPM: 95ms
    [junit] MAJOR: Mutants killed / live: 154 (3-364-0) / 12
    [junit] MAJOR: ------------------------------------------------------------
    [junit] MAJOR: 9/9 - com.google.javascript.jscomp.ProcessClosurePrimitives_ESTest1 (121ms / 114):
    [junit] MAJOR: 435617 (2 / 114 / 114) -> AVG-RTPM: 103ms
    [junit] MAJOR: Mutants killed / live: 156 (3-478-0) / 10
    [junit] MAJOR: ------------------------------------------------------------
    [junit] MAJOR: Summary:
    [junit] MAJOR: 
    [junit] MAJOR: Analysis time:  435.6 seconds
    [junit] MAJOR: Mutation score: 19.72% (93.98%)
    [junit] MAJOR: Mutants killed / live: 156 (3-478-0) / 10
    [junit] MAJOR: Mutant executions: 560
    [junit] MAJOR: ------------------------------------------------------------
    [junit] MAJOR: Export summary of results (to summary.csv)
    [junit] MAJOR: Export mutant kill details (to /tmp/run_mutation.pl_22925_1501732353/93f/kill.csv)
    [junit] MAJOR: Export kill map (to killMap.csv)!

BUILD SUCCESSFUL
Total time: 7 minutes 50 seconds
