
compile:
    [javac] /tmp/run_mutation.pl_76785_1501421996/96f/build.xml:54: warning: 'includeantruntime' was not set, defaulting to build.sysclasspath=last; set to false for repeatable builds
    [javac] /tmp/run_mutation.pl_76785_1501421996/96f/build.xml:60: warning: 'includeantruntime' was not set, defaulting to build.sysclasspath=last; set to false for repeatable builds

compile-tests:
    [mkdir] Created dir: /tmp/run_mutation.pl_76785_1501421996/96f/build/test
    [javac] /tmp/run_mutation.pl_76785_1501421996/96f/build.xml:104: warning: 'includeantruntime' was not set, defaulting to build.sysclasspath=last; set to false for repeatable builds
    [javac] Compiling 187 source files to /tmp/run_mutation.pl_76785_1501421996/96f/build/test

compile.tests:

update.all.tests:

mutation.test:
     [echo] Running mutation analysis ...
    [junit] MAJOR: Mutation analysis enabled
SLF4J: Failed to load class "org.slf4j.impl.StaticLoggerBinder".
SLF4J: Defaulting to no-operation (NOP) logger implementation
SLF4J: See http://www.slf4j.org/codes.html#StaticLoggerBinder for further details.
    [junit] MAJOR: ------------------------------------------------------------
    [junit] MAJOR: Run 77 ordered tests to verify independence
    [junit] MAJOR: ------------------------------------------------------------
    [junit] MAJOR: Preprocessing time: 302.79 seconds
    [junit] MAJOR: ------------------------------------------------------------
    [junit] MAJOR: Mutants generated: 1091
    [junit] MAJOR: Mutants covered:   372 (34.10%)
    [junit] MAJOR: ------------------------------------------------------------
    [junit] MAJOR: Export test map to (testMap.csv)
    [junit] MAJOR: Export coverage map to (covMap.csv)
    [junit] MAJOR: Exclude 0 mutants
    [junit] MAJOR: ------------------------------------------------------------
    [junit] MAJOR: Run mutation analysis with 77 individual tests
    [junit] MAJOR: ------------------------------------------------------------
    [junit] MAJOR: 1/77 - com.google.javascript.jscomp.TypeCheck_ESTest35 (33ms / 160):
    [junit] MAJOR: 29540 (159 / 160 / 160) -> AVG-RTPM: 184ms
    [junit] MAJOR: Mutants killed / live: 159 (0-159-0) / 213
    [junit] MAJOR: ------------------------------------------------------------
    [junit] MAJOR: 2/77 - com.google.javascript.jscomp.TypeCheck_ESTest37 (33ms / 160):
    [junit] MAJOR: 50659 (1 / 160 / 160) -> AVG-RTPM: 131ms
    [junit] MAJOR: Mutants killed / live: 160 (0-319-0) / 212
    [junit] MAJOR: ------------------------------------------------------------
    [junit] MAJOR: 3/77 - com.google.javascript.jscomp.TypeCheck_ESTest56 (33ms / 147):
    [junit] MAJOR: 69481 (0 / 147 / 147) -> AVG-RTPM: 128ms
    [junit] MAJOR: Mutants killed / live: 160 (0-466-0) / 212
    [junit] MAJOR: ------------------------------------------------------------
    [junit] MAJOR: 4/77 - com.google.javascript.jscomp.TypeCheck_ESTest60 (33ms / 167):
    [junit] MAJOR: 91855 (19 / 167 / 167) -> AVG-RTPM: 133ms
    [junit] MAJOR: Mutants killed / live: 179 (0-633-0) / 193
    [junit] MAJOR: ------------------------------------------------------------
    [junit] MAJOR: 5/77 - com.google.javascript.jscomp.TypeCheck_ESTest16 (34ms / 156):
    [junit] MAJOR: 112184 (8 / 156 / 156) -> AVG-RTPM: 130ms
    [junit] MAJOR: Mutants killed / live: 187 (0-789-0) / 185
    [junit] MAJOR: ------------------------------------------------------------
    [junit] MAJOR: 6/77 - com.google.javascript.jscomp.TypeCheck_ESTest43 (34ms / 160):
    [junit] MAJOR: 133085 (0 / 160 / 160) -> AVG-RTPM: 130ms
    [junit] MAJOR: Mutants killed / live: 187 (0-949-0) / 185
    [junit] MAJOR: ------------------------------------------------------------
    [junit] MAJOR: 7/77 - com.google.javascript.jscomp.TypeCheck_ESTest24 (35ms / 147):
    [junit] MAJOR: 152344 (0 / 147 / 147) -> AVG-RTPM: 131ms
    [junit] MAJOR: Mutants killed / live: 187 (0-1096-0) / 185
    [junit] MAJOR: ------------------------------------------------------------
    [junit] MAJOR: 8/77 - com.google.javascript.jscomp.TypeCheck_ESTest3 (35ms / 161):
    [junit] MAJOR: 173729 (10 / 161 / 161) -> AVG-RTPM: 132ms
    [junit] MAJOR: Mutants killed / live: 197 (0-1257-0) / 175
    [junit] MAJOR: ------------------------------------------------------------
    [junit] MAJOR: 9/77 - com.google.javascript.jscomp.TypeCheck_ESTest50 (35ms / 157):
    [junit] MAJOR: 194162 (1 / 157 / 157) -> AVG-RTPM: 130ms
    [junit] MAJOR: Mutants killed / live: 198 (0-1414-0) / 174
    [junit] MAJOR: ------------------------------------------------------------
    [junit] MAJOR: 10/77 - com.google.javascript.jscomp.TypeCheck_ESTest57 (35ms / 160):
    [junit] MAJOR: 215440 (0 / 160 / 160) -> AVG-RTPM: 132ms
    [junit] MAJOR: Mutants killed / live: 198 (0-1574-0) / 174
    [junit] MAJOR: ------------------------------------------------------------
    [junit] MAJOR: 11/77 - com.google.javascript.jscomp.TypeCheck_ESTest74 (35ms / 160):
    [junit] MAJOR: 236870 (0 / 160 / 160) -> AVG-RTPM: 133ms
    [junit] MAJOR: Mutants killed / live: 198 (0-1734-0) / 174
    [junit] MAJOR: ------------------------------------------------------------
    [junit] MAJOR: 12/77 - com.google.javascript.jscomp.TypeCheck_ESTest12 (36ms / 239):
    [junit] MAJOR: 269502 (74 / 239 / 239) -> AVG-RTPM: 136ms
    [junit] MAJOR: Mutants killed / live: 272 (0-1973-0) / 100
    [junit] MAJOR: ------------------------------------------------------------
    [junit] MAJOR: 13/77 - com.google.javascript.jscomp.TypeCheck_ESTest48 (36ms / 160):
    [junit] MAJOR: 291128 (0 / 160 / 160) -> AVG-RTPM: 135ms
    [junit] MAJOR: Mutants killed / live: 272 (0-2133-0) / 100
    [junit] MAJOR: ------------------------------------------------------------
    [junit] MAJOR: 14/77 - com.google.javascript.jscomp.TypeCheck_ESTest5 (36ms / 160):
    [junit] MAJOR: 312932 (0 / 160 / 160) -> AVG-RTPM: 136ms
    [junit] MAJOR: Mutants killed / live: 272 (0-2293-0) / 100
    [junit] MAJOR: ------------------------------------------------------------
    [junit] MAJOR: 15/77 - com.google.javascript.jscomp.TypeCheck_ESTest54 (36ms / 160):
    [junit] MAJOR: 336865 (0 / 160 / 160) -> AVG-RTPM: 149ms
    [junit] MAJOR: Mutants killed / live: 272 (0-2453-0) / 100
    [junit] MAJOR: ------------------------------------------------------------
    [junit] MAJOR: 16/77 - com.google.javascript.jscomp.TypeCheck_ESTest62 (36ms / 28):
    [junit] MAJOR: 339518 (16 / 28 / 28) -> AVG-RTPM: 94ms
    [junit] MAJOR: Mutants killed / live: 288 (0-2481-0) / 84
    [junit] MAJOR: ------------------------------------------------------------
    [junit] MAJOR: 17/77 - com.google.javascript.jscomp.TypeCheck_ESTest64 (37ms / 237):
    [junit] MAJOR: 370499 (0 / 237 / 237) -> AVG-RTPM: 130ms
    [junit] MAJOR: Mutants killed / live: 288 (0-2718-0) / 84
    [junit] MAJOR: ------------------------------------------------------------
    [junit] MAJOR: 18/77 - com.google.javascript.jscomp.TypeCheck_ESTest41 (38ms / 160):
    [junit] MAJOR: 392231 (0 / 160 / 160) -> AVG-RTPM: 135ms
    [junit] MAJOR: Mutants killed / live: 288 (0-2878-0) / 84
    [junit] MAJOR: ------------------------------------------------------------
    [junit] MAJOR: 19/77 - com.google.javascript.jscomp.TypeCheck_ESTest68 (38ms / 66):
    [junit] MAJOR: 400123 (0 / 66 / 66) -> AVG-RTPM: 119ms
    [junit] MAJOR: Mutants killed / live: 288 (0-2944-0) / 84
    [junit] MAJOR: ------------------------------------------------------------
    [junit] MAJOR: 20/77 - com.google.javascript.jscomp.TypeCheck_ESTest71 (38ms / 187):
    [junit] MAJOR: 425351 (27 / 187 / 187) -> AVG-RTPM: 134ms
    [junit] MAJOR: Mutants killed / live: 315 (0-3131-0) / 57
    [junit] MAJOR: ------------------------------------------------------------
    [junit] MAJOR: 21/77 - com.google.javascript.jscomp.TypeCheck_ESTest8 (38ms / 149):
    [junit] MAJOR: 444928 (2 / 149 / 149) -> AVG-RTPM: 131ms
    [junit] MAJOR: Mutants killed / live: 317 (0-3280-0) / 55
    [junit] MAJOR: ------------------------------------------------------------
    [junit] MAJOR: 22/77 - com.google.javascript.jscomp.TypeCheck_ESTest27 (39ms / 100):
    [junit] MAJOR: 458916 (0 / 100 / 100) -> AVG-RTPM: 139ms
    [junit] MAJOR: Mutants killed / live: 317 (0-3380-0) / 55
    [junit] MAJOR: ------------------------------------------------------------
    [junit] MAJOR: 23/77 - com.google.javascript.jscomp.TypeCheck_ESTest59 (40ms / 160):
    [junit] MAJOR: 480106 (0 / 160 / 160) -> AVG-RTPM: 132ms
    [junit] MAJOR: Mutants killed / live: 317 (0-3540-0) / 55
    [junit] MAJOR: ------------------------------------------------------------
    [junit] MAJOR: 24/77 - com.google.javascript.jscomp.TypeCheck_ESTest25 (41ms / 156):
    [junit] MAJOR: 500716 (2 / 156 / 156) -> AVG-RTPM: 132ms
    [junit] MAJOR: Mutants killed / live: 319 (0-3696-0) / 53
    [junit] MAJOR: ------------------------------------------------------------
    [junit] MAJOR: 25/77 - com.google.javascript.jscomp.TypeCheck_ESTest13 (43ms / 158):
    [junit] MAJOR: 522562 (8 / 158 / 158) -> AVG-RTPM: 138ms
    [junit] MAJOR: Mutants killed / live: 327 (0-3854-0) / 45
    [junit] MAJOR: ------------------------------------------------------------
    [junit] MAJOR: 26/77 - com.google.javascript.jscomp.TypeCheck_ESTest7 (44ms / 141):
    [junit] MAJOR: 541476 (1 / 141 / 141) -> AVG-RTPM: 134ms
    [junit] MAJOR: Mutants killed / live: 328 (0-3995-0) / 44
    [junit] MAJOR: ------------------------------------------------------------
    [junit] MAJOR: 27/77 - com.google.javascript.jscomp.TypeCheck_ESTest61 (46ms / 68):
    [junit] MAJOR: 551632 (1 / 68 / 68) -> AVG-RTPM: 149ms
    [junit] MAJOR: Mutants killed / live: 329 (0-4063-0) / 43
    [junit] MAJOR: ------------------------------------------------------------
    [junit] MAJOR: 28/77 - com.google.javascript.jscomp.TypeCheck_ESTest49 (47ms / 72):
    [junit] MAJOR: 561101 (5 / 72 / 72) -> AVG-RTPM: 131ms
    [junit] MAJOR: Mutants killed / live: 334 (0-4135-0) / 38
    [junit] MAJOR: ------------------------------------------------------------
    [junit] MAJOR: 29/77 - com.google.javascript.jscomp.TypeCheck_ESTest21 (48ms / 238):
    [junit] MAJOR: 593640 (1 / 238 / 238) -> AVG-RTPM: 136ms
    [junit] MAJOR: Mutants killed / live: 335 (0-4373-0) / 37
    [junit] MAJOR: ------------------------------------------------------------
    [junit] MAJOR: 30/77 - com.google.javascript.jscomp.TypeCheck_ESTest75 (49ms / 166):
    [junit] MAJOR: 616148 (0 / 166 / 166) -> AVG-RTPM: 135ms
    [junit] MAJOR: Mutants killed / live: 335 (0-4539-0) / 37
    [junit] MAJOR: ------------------------------------------------------------
    [junit] MAJOR: 31/77 - com.google.javascript.jscomp.TypeCheck_ESTest66 (50ms / 160):
    [junit] MAJOR: 638379 (0 / 160 / 160) -> AVG-RTPM: 138ms
    [junit] MAJOR: Mutants killed / live: 335 (0-4699-0) / 37
    [junit] MAJOR: ------------------------------------------------------------
    [junit] MAJOR: 32/77 - com.google.javascript.jscomp.TypeCheck_ESTest15 (51ms / 150):
    [junit] MAJOR: 659333 (1 / 150 / 150) -> AVG-RTPM: 139ms
    [junit] MAJOR: Mutants killed / live: 336 (0-4849-0) / 36
    [junit] MAJOR: ------------------------------------------------------------
    [junit] MAJOR: 33/77 - com.google.javascript.jscomp.TypeCheck_ESTest32 (51ms / 160):
    [junit] MAJOR: 682230 (0 / 160 / 160) -> AVG-RTPM: 143ms
    [junit] MAJOR: Mutants killed / live: 336 (0-5009-0) / 36
    [junit] MAJOR: ------------------------------------------------------------
    [junit] MAJOR: 34/77 - com.google.javascript.jscomp.TypeCheck_ESTest39 (51ms / 128):
    [junit] MAJOR: 700551 (0 / 128 / 128) -> AVG-RTPM: 143ms
    [junit] MAJOR: Mutants killed / live: 336 (0-5137-0) / 36
    [junit] MAJOR: ------------------------------------------------------------
    [junit] MAJOR: 35/77 - com.google.javascript.jscomp.TypeCheck_ESTest52 (51ms / 103):
    [junit] MAJOR: 715458 (0 / 103 / 103) -> AVG-RTPM: 144ms
    [junit] MAJOR: Mutants killed / live: 336 (0-5240-0) / 36
    [junit] MAJOR: ------------------------------------------------------------
    [junit] MAJOR: 36/77 - com.google.javascript.jscomp.TypeCheck_ESTest72 (51ms / 31):
    [junit] MAJOR: 719217 (0 / 31 / 31) -> AVG-RTPM: 121ms
    [junit] MAJOR: Mutants killed / live: 336 (0-5271-0) / 36
    [junit] MAJOR: ------------------------------------------------------------
    [junit] MAJOR: 37/77 - com.google.javascript.jscomp.TypeCheck_ESTest18 (52ms / 167):
    [junit] MAJOR: 742643 (0 / 167 / 167) -> AVG-RTPM: 140ms
    [junit] MAJOR: Mutants killed / live: 336 (0-5438-0) / 36
    [junit] MAJOR: ------------------------------------------------------------
    [junit] MAJOR: 38/77 - com.google.javascript.jscomp.TypeCheck_ESTest46 (52ms / 160):
    [junit] MAJOR: 765505 (0 / 160 / 160) -> AVG-RTPM: 142ms
    [junit] MAJOR: Mutants killed / live: 336 (0-5598-0) / 36
    [junit] MAJOR: ------------------------------------------------------------
    [junit] MAJOR: 39/77 - com.google.javascript.jscomp.TypeCheck_ESTest6 (52ms / 154):
    [junit] MAJOR: 786970 (0 / 154 / 154) -> AVG-RTPM: 139ms
    [junit] MAJOR: Mutants killed / live: 336 (0-5752-0) / 36
    [junit] MAJOR: ------------------------------------------------------------
    [junit] MAJOR: 40/77 - com.google.javascript.jscomp.TypeCheck_ESTest42 (53ms / 141):
    [junit] MAJOR: 806876 (0 / 141 / 141) -> AVG-RTPM: 141ms
    [junit] MAJOR: Mutants killed / live: 336 (0-5893-0) / 36
    [junit] MAJOR: ------------------------------------------------------------
    [junit] MAJOR: 41/77 - com.google.javascript.jscomp.TypeCheck_ESTest70 (53ms / 151):
    [junit] MAJOR: 828912 (1 / 151 / 151) -> AVG-RTPM: 145ms
    [junit] MAJOR: Mutants killed / live: 337 (0-6044-0) / 35
    [junit] MAJOR: ------------------------------------------------------------
    [junit] MAJOR: 42/77 - com.google.javascript.jscomp.TypeCheck_ESTest29 (54ms / 157):
    [junit] MAJOR: 851708 (4 / 157 / 157) -> AVG-RTPM: 145ms
    [junit] MAJOR: Mutants killed / live: 341 (0-6201-0) / 31
    [junit] MAJOR: ------------------------------------------------------------
    [junit] MAJOR: 43/77 - com.google.javascript.jscomp.TypeCheck_ESTest44 (54ms / 160):
    [junit] MAJOR: 874597 (0 / 160 / 160) -> AVG-RTPM: 143ms
    [junit] MAJOR: Mutants killed / live: 341 (0-6361-0) / 31
    [junit] MAJOR: ------------------------------------------------------------
    [junit] MAJOR: 44/77 - com.google.javascript.jscomp.TypeCheck_ESTest19 (56ms / 195):
    [junit] MAJOR: 902536 (0 / 195 / 195) -> AVG-RTPM: 143ms
    [junit] MAJOR: Mutants killed / live: 341 (0-6556-0) / 31
    [junit] MAJOR: ------------------------------------------------------------
    [junit] MAJOR: 45/77 - com.google.javascript.jscomp.TypeCheck_ESTest1 (57ms / 256):
    [junit] MAJOR: 942185 (0 / 256 / 256) -> AVG-RTPM: 154ms
    [junit] MAJOR: Mutants killed / live: 341 (0-6812-0) / 31
    [junit] MAJOR: ------------------------------------------------------------
    [junit] MAJOR: 46/77 - com.google.javascript.jscomp.TypeCheck_ESTest55 (60ms / 71):
    [junit] MAJOR: 953969 (0 / 71 / 71) -> AVG-RTPM: 165ms
    [junit] MAJOR: Mutants killed / live: 341 (0-6883-0) / 31
    [junit] MAJOR: ------------------------------------------------------------
    [junit] MAJOR: 47/77 - com.google.javascript.jscomp.TypeCheck_ESTest4 (63ms / 72):
    [junit] MAJOR: 964052 (0 / 72 / 72) -> AVG-RTPM: 140ms
    [junit] MAJOR: Mutants killed / live: 341 (0-6955-0) / 31
    [junit] MAJOR: ------------------------------------------------------------
    [junit] MAJOR: 48/77 - com.google.javascript.jscomp.TypeCheck_ESTest65 (63ms / 239):
    [junit] MAJOR: 999576 (0 / 239 / 239) -> AVG-RTPM: 148ms
    [junit] MAJOR: Mutants killed / live: 341 (0-7194-0) / 31
    [junit] MAJOR: ------------------------------------------------------------
    [junit] MAJOR: 49/77 - com.google.javascript.jscomp.TypeCheck_ESTest22 (65ms / 167):
    [junit] MAJOR: 1024424 (0 / 167 / 167) -> AVG-RTPM: 148ms
    [junit] MAJOR: Mutants killed / live: 341 (0-7361-0) / 31
    [junit] MAJOR: ------------------------------------------------------------
    [junit] MAJOR: 50/77 - com.google.javascript.jscomp.TypeCheck_ESTest30 (65ms / 16):
    [junit] MAJOR: 1026874 (0 / 16 / 16) -> AVG-RTPM: 153ms
    [junit] MAJOR: Mutants killed / live: 341 (0-7377-0) / 31
    [junit] MAJOR: ------------------------------------------------------------
    [junit] MAJOR: 51/77 - com.google.javascript.jscomp.TypeCheck_ESTest20 (67ms / 207):
    [junit] MAJOR: 1057796 (28 / 207 / 207) -> AVG-RTPM: 149ms
    [junit] MAJOR: Mutants killed / live: 369 (0-7584-0) / 3
    [junit] MAJOR: ------------------------------------------------------------
    [junit] MAJOR: 52/77 - com.google.javascript.jscomp.TypeCheck_ESTest33 (67ms / 65):
    [junit] MAJOR: 1067243 (0 / 65 / 65) -> AVG-RTPM: 145ms
    [junit] MAJOR: Mutants killed / live: 369 (0-7649-0) / 3
    [junit] MAJOR: ------------------------------------------------------------
    [junit] MAJOR: 53/77 - com.google.javascript.jscomp.TypeCheck_ESTest73 (68ms / 160):
    [junit] MAJOR: 1090815 (0 / 160 / 160) -> AVG-RTPM: 147ms
    [junit] MAJOR: Mutants killed / live: 369 (0-7809-0) / 3
    [junit] MAJOR: ------------------------------------------------------------
    [junit] MAJOR: 54/77 - com.google.javascript.jscomp.TypeCheck_ESTest63 (75ms / 9):
    [junit] MAJOR: 1091674 (0 / 9 / 9) -> AVG-RTPM: 95ms
    [junit] MAJOR: Mutants killed / live: 369 (0-7818-0) / 3
    [junit] MAJOR: ------------------------------------------------------------
    [junit] MAJOR: 55/77 - com.google.javascript.jscomp.TypeCheck_ESTest2 (77ms / 157):
    [junit] MAJOR: 1115582 (0 / 157 / 157) -> AVG-RTPM: 152ms
    [junit] MAJOR: Mutants killed / live: 369 (0-7975-0) / 3
    [junit] MAJOR: ------------------------------------------------------------
    [junit] MAJOR: 56/77 - com.google.javascript.jscomp.TypeCheck_ESTest40 (78ms / 149):
    [junit] MAJOR: 1137714 (0 / 149 / 149) -> AVG-RTPM: 148ms
    [junit] MAJOR: Mutants killed / live: 369 (0-8124-0) / 3
    [junit] MAJOR: ------------------------------------------------------------
    [junit] MAJOR: 57/77 - com.google.javascript.jscomp.TypeCheck_ESTest53 (78ms / 154):
    [junit] MAJOR: 1159440 (0 / 154 / 154) -> AVG-RTPM: 141ms
    [junit] MAJOR: Mutants killed / live: 369 (0-8278-0) / 3
    [junit] MAJOR: ------------------------------------------------------------
    [junit] MAJOR: 58/77 - com.google.javascript.jscomp.TypeCheck_ESTest36 (81ms / 69):
    [junit] MAJOR: 1170496 (0 / 69 / 69) -> AVG-RTPM: 160ms
    [junit] MAJOR: Mutants killed / live: 369 (0-8347-0) / 3
    [junit] MAJOR: ------------------------------------------------------------
    [junit] MAJOR: 59/77 - com.google.javascript.jscomp.TypeCheck_ESTest67 (82ms / 207):
    [junit] MAJOR: 1204334 (0 / 207 / 207) -> AVG-RTPM: 163ms
    [junit] MAJOR: Mutants killed / live: 369 (0-8554-0) / 3
    [junit] MAJOR: ------------------------------------------------------------
    [junit] MAJOR: 60/77 - com.google.javascript.jscomp.TypeCheck_ESTest69 (89ms / 9):
    [junit] MAJOR: 1205399 (0 / 9 / 9) -> AVG-RTPM: 118ms
    [junit] MAJOR: Mutants killed / live: 369 (0-8563-0) / 3
    [junit] MAJOR: ------------------------------------------------------------
    [junit] MAJOR: 61/77 - com.google.javascript.jscomp.TypeCheck_ESTest38 (94ms / 161):
    [junit] MAJOR: 1226874 (0 / 161 / 161) -> AVG-RTPM: 133ms
    [junit] MAJOR: Mutants killed / live: 369 (0-8724-0) / 3
    [junit] MAJOR: ------------------------------------------------------------
    [junit] MAJOR: 62/77 - com.google.javascript.jscomp.TypeCheck_ESTest47 (94ms / 160):
    [junit] MAJOR: 1247999 (0 / 160 / 160) -> AVG-RTPM: 132ms
    [junit] MAJOR: Mutants killed / live: 369 (0-8884-0) / 3
    [junit] MAJOR: ------------------------------------------------------------
    [junit] MAJOR: 63/77 - com.google.javascript.jscomp.TypeCheck_ESTest14 (95ms / 160):
    [junit] MAJOR: 1269324 (0 / 160 / 160) -> AVG-RTPM: 133ms
    [junit] MAJOR: Mutants killed / live: 369 (0-9044-0) / 3
    [junit] MAJOR: ------------------------------------------------------------
    [junit] MAJOR: 64/77 - com.google.javascript.jscomp.TypeCheck_ESTest45 (100ms / 153):
    [junit] MAJOR: 1290845 (3 / 153 / 153) -> AVG-RTPM: 140ms
    [junit] MAJOR: Mutants killed / live: 372 (0-9197-0) / 0
    [junit] MAJOR: ------------------------------------------------------------
    [junit] MAJOR: 65/77 - com.google.javascript.jscomp.TypeCheck_ESTest17 (104ms / 160):
    [junit] MAJOR: 1312259 (0 / 160 / 160) -> AVG-RTPM: 133ms
    [junit] MAJOR: Mutants killed / live: 372 (0-9357-0) / 0
    [junit] MAJOR: ------------------------------------------------------------
    [junit] MAJOR: 66/77 - com.google.javascript.jscomp.TypeCheck_ESTest31 (104ms / 24):
    [junit] MAJOR: 1315207 (0 / 24 / 24) -> AVG-RTPM: 122ms
    [junit] MAJOR: Mutants killed / live: 372 (0-9381-0) / 0
    [junit] MAJOR: ------------------------------------------------------------
    [junit] MAJOR: 67/77 - com.google.javascript.jscomp.TypeCheck_ESTest23 (106ms / 0):
    [junit] MAJOR: 1315207 (0 / 0 / 0) -> AVG-RTPM: 0ms
    [junit] MAJOR: Mutants killed / live: 372 (0-9381-0) / 0
    [junit] MAJOR: ------------------------------------------------------------
    [junit] MAJOR: 68/77 - com.google.javascript.jscomp.TypeCheck_ESTest51 (106ms / 149):
    [junit] MAJOR: 1335728 (0 / 149 / 149) -> AVG-RTPM: 137ms
    [junit] MAJOR: Mutants killed / live: 372 (0-9530-0) / 0
    [junit] MAJOR: ------------------------------------------------------------
    [junit] MAJOR: 69/77 - com.google.javascript.jscomp.TypeCheck_ESTest11 (108ms / 71):
    [junit] MAJOR: 1347735 (0 / 71 / 71) -> AVG-RTPM: 169ms
    [junit] MAJOR: Mutants killed / live: 372 (0-9601-0) / 0
    [junit] MAJOR: ------------------------------------------------------------
    [junit] MAJOR: 70/77 - com.google.javascript.jscomp.TypeCheck_ESTest10 (110ms / 71):
    [junit] MAJOR: 1359855 (0 / 71 / 71) -> AVG-RTPM: 170ms
    [junit] MAJOR: Mutants killed / live: 372 (0-9672-0) / 0
    [junit] MAJOR: ------------------------------------------------------------
    [junit] MAJOR: 71/77 - com.google.javascript.jscomp.TypeCheck_ESTest26 (110ms / 153):
    [junit] MAJOR: 1380048 (0 / 153 / 153) -> AVG-RTPM: 131ms
    [junit] MAJOR: Mutants killed / live: 372 (0-9825-0) / 0
    [junit] MAJOR: ------------------------------------------------------------
    [junit] MAJOR: 72/77 - com.google.javascript.jscomp.TypeCheck_ESTest58 (112ms / 154):
    [junit] MAJOR: 1401427 (0 / 154 / 154) -> AVG-RTPM: 138ms
    [junit] MAJOR: Mutants killed / live: 372 (0-9979-0) / 0
    [junit] MAJOR: ------------------------------------------------------------
    [junit] MAJOR: 73/77 - com.google.javascript.jscomp.TypeCheck_ESTest9 (114ms / 154):
    [junit] MAJOR: 1422883 (0 / 154 / 154) -> AVG-RTPM: 139ms
    [junit] MAJOR: Mutants killed / live: 372 (0-10133-0) / 0
    [junit] MAJOR: ------------------------------------------------------------
    [junit] MAJOR: 74/77 - com.google.javascript.jscomp.TypeCheck_ESTest34 (116ms / 57):
    [junit] MAJOR: 1430393 (0 / 57 / 57) -> AVG-RTPM: 131ms
    [junit] MAJOR: Mutants killed / live: 372 (0-10190-0) / 0
    [junit] MAJOR: ------------------------------------------------------------
    [junit] MAJOR: 75/77 - com.google.javascript.jscomp.TypeCheck_ESTest28 (146ms / 204):
    [junit] MAJOR: 1459447 (0 / 204 / 204) -> AVG-RTPM: 142ms
    [junit] MAJOR: Mutants killed / live: 372 (0-10394-0) / 0
    [junit] MAJOR: ------------------------------------------------------------
    [junit] MAJOR: 76/77 - com.google.javascript.jscomp.TypeCheck_ESTest76 (149ms / 73):
    [junit] MAJOR: 1469193 (0 / 73 / 73) -> AVG-RTPM: 133ms
    [junit] MAJOR: Mutants killed / live: 372 (0-10467-0) / 0
    [junit] MAJOR: ------------------------------------------------------------
    [junit] MAJOR: 77/77 - com.google.javascript.jscomp.TypeCheck_ESTest0 (228ms / 156):
    [junit] MAJOR: 1490236 (0 / 156 / 156) -> AVG-RTPM: 134ms
    [junit] MAJOR: Mutants killed / live: 372 (0-10623-0) / 0
    [junit] MAJOR: ------------------------------------------------------------
    [junit] MAJOR: Summary:
    [junit] MAJOR: 
    [junit] MAJOR: Analysis time:  1490.2 seconds
    [junit] MAJOR: Mutation score: 34.10% (100.00%)
    [junit] MAJOR: Mutants killed / live: 372 (0-10623-0) / 0
    [junit] MAJOR: Mutant executions: 10624
    [junit] MAJOR: ------------------------------------------------------------
    [junit] MAJOR: Export summary of results (to summary.csv)
    [junit] MAJOR: Export mutant kill details (to /tmp/run_mutation.pl_76785_1501421996/96f/kill.csv)
    [junit] MAJOR: Export kill map (to killMap.csv)!

BUILD SUCCESSFUL
Total time: 30 minutes 1 second
