
compile:
    [javac] /tmp/run_mutation.pl_65106_1501821602/97f/build.xml:51: warning: 'includeantruntime' was not set, defaulting to build.sysclasspath=last; set to false for repeatable builds
    [javac] /tmp/run_mutation.pl_65106_1501821602/97f/build.xml:56: warning: 'includeantruntime' was not set, defaulting to build.sysclasspath=last; set to false for repeatable builds

compile-tests:
    [mkdir] Created dir: /tmp/run_mutation.pl_65106_1501821602/97f/build/test
    [javac] /tmp/run_mutation.pl_65106_1501821602/97f/build.xml:99: warning: 'includeantruntime' was not set, defaulting to build.sysclasspath=last; set to false for repeatable builds
    [javac] Compiling 179 source files to /tmp/run_mutation.pl_65106_1501821602/97f/build/test

compile.tests:

update.all.tests:

mutation.test:
     [echo] Running mutation analysis ...
    [junit] MAJOR: Mutation analysis enabled
SLF4J: Failed to load class "org.slf4j.impl.StaticLoggerBinder".
SLF4J: Defaulting to no-operation (NOP) logger implementation
SLF4J: See http://www.slf4j.org/codes.html#StaticLoggerBinder for further details.
    [junit] MAJOR: ------------------------------------------------------------
    [junit] MAJOR: Run 24 ordered tests to verify independence
    [junit] MAJOR: ------------------------------------------------------------
    [junit] MAJOR: Preprocessing time: 73.00 seconds
    [junit] MAJOR: ------------------------------------------------------------
    [junit] MAJOR: Mutants generated: 1311
    [junit] MAJOR: Mutants covered:   93 (7.09%)
    [junit] MAJOR: ------------------------------------------------------------
    [junit] MAJOR: Export test map to (testMap.csv)
    [junit] MAJOR: Export coverage map to (covMap.csv)
    [junit] MAJOR: Exclude 0 mutants
    [junit] MAJOR: ------------------------------------------------------------
    [junit] MAJOR: Run mutation analysis with 24 individual tests
    [junit] MAJOR: ------------------------------------------------------------
    [junit] MAJOR: 1/24 - com.google.javascript.jscomp.PeepholeFoldConstants_ESTest3 (37ms / 7):
    [junit] MAJOR: 12867 (2 / 7 / 7) -> AVG-RTPM: 1838ms
    [junit] MAJOR: Mutants killed / live: 2 (0-2-0) / 91
    [junit] MAJOR: ------------------------------------------------------------
    [junit] MAJOR: 2/24 - com.google.javascript.jscomp.PeepholeFoldConstants_ESTest8 (39ms / 7):
    [junit] MAJOR: 28506 (0 / 7 / 7) -> AVG-RTPM: 2234ms
    [junit] MAJOR: Mutants killed / live: 2 (0-4-0) / 91
    [junit] MAJOR: ------------------------------------------------------------
    [junit] MAJOR: 3/24 - com.google.javascript.jscomp.PeepholeFoldConstants_ESTest16 (40ms / 27):
    [junit] MAJOR: 101734 (11 / 27 / 27) -> AVG-RTPM: 2712ms
    [junit] MAJOR: Mutants killed / live: 13 (7-8-0) / 80
    [junit] MAJOR: ------------------------------------------------------------
    [junit] MAJOR: 4/24 - com.google.javascript.jscomp.PeepholeFoldConstants_ESTest9 (42ms / 7):
    [junit] MAJOR: 125538 (0 / 7 / 7) -> AVG-RTPM: 3400ms
    [junit] MAJOR: Mutants killed / live: 13 (7-10-0) / 80
    [junit] MAJOR: ------------------------------------------------------------
    [junit] MAJOR: 5/24 - com.google.javascript.jscomp.PeepholeFoldConstants_ESTest23 (44ms / 33):
    [junit] MAJOR: 128085 (33 / 33 / 33) -> AVG-RTPM: 77ms
    [junit] MAJOR: Mutants killed / live: 46 (7-43-0) / 47
    [junit] MAJOR: ------------------------------------------------------------
    [junit] MAJOR: 6/24 - com.google.javascript.jscomp.PeepholeFoldConstants_ESTest5 (45ms / 22):
    [junit] MAJOR: 128893 (10 / 22 / 22) -> AVG-RTPM: 36ms
    [junit] MAJOR: Mutants killed / live: 56 (7-65-0) / 37
    [junit] MAJOR: ------------------------------------------------------------
    [junit] MAJOR: 7/24 - com.google.javascript.jscomp.PeepholeFoldConstants_ESTest19 (46ms / 27):
    [junit] MAJOR: 130872 (3 / 27 / 27) -> AVG-RTPM: 73ms
    [junit] MAJOR: Mutants killed / live: 59 (7-92-0) / 34
    [junit] MAJOR: ------------------------------------------------------------
    [junit] MAJOR: 8/24 - com.google.javascript.jscomp.PeepholeFoldConstants_ESTest6 (46ms / 32):
    [junit] MAJOR: 132653 (26 / 32 / 32) -> AVG-RTPM: 55ms
    [junit] MAJOR: Mutants killed / live: 85 (7-124-0) / 8
    [junit] MAJOR: ------------------------------------------------------------
    [junit] MAJOR: 9/24 - com.google.javascript.jscomp.PeepholeFoldConstants_ESTest10 (51ms / 27):
    [junit] MAJOR: 134478 (0 / 27 / 27) -> AVG-RTPM: 67ms
    [junit] MAJOR: Mutants killed / live: 85 (7-151-0) / 8
    [junit] MAJOR: ------------------------------------------------------------
    [junit] MAJOR: 10/24 - com.google.javascript.jscomp.PeepholeFoldConstants_ESTest21 (51ms / 25):
    [junit] MAJOR: 135801 (0 / 25 / 25) -> AVG-RTPM: 52ms
    [junit] MAJOR: Mutants killed / live: 85 (7-176-0) / 8
    [junit] MAJOR: ------------------------------------------------------------
    [junit] MAJOR: 11/24 - com.google.javascript.jscomp.PeepholeFoldConstants_ESTest13 (54ms / 22):
    [junit] MAJOR: 136848 (0 / 22 / 22) -> AVG-RTPM: 47ms
    [junit] MAJOR: Mutants killed / live: 85 (7-198-0) / 8
    [junit] MAJOR: ------------------------------------------------------------
    [junit] MAJOR: 12/24 - com.google.javascript.jscomp.PeepholeFoldConstants_ESTest2 (65ms / 5):
    [junit] MAJOR: 137198 (1 / 5 / 5) -> AVG-RTPM: 70ms
    [junit] MAJOR: Mutants killed / live: 86 (7-203-0) / 7
    [junit] MAJOR: ------------------------------------------------------------
    [junit] MAJOR: 13/24 - com.google.javascript.jscomp.PeepholeFoldConstants_ESTest17 (67ms / 27):
    [junit] MAJOR: 138951 (0 / 27 / 27) -> AVG-RTPM: 64ms
    [junit] MAJOR: Mutants killed / live: 86 (7-230-0) / 7
    [junit] MAJOR: ------------------------------------------------------------
    [junit] MAJOR: 14/24 - com.google.javascript.jscomp.PeepholeFoldConstants_ESTest7 (67ms / 7):
    [junit] MAJOR: 139246 (0 / 7 / 7) -> AVG-RTPM: 42ms
    [junit] MAJOR: Mutants killed / live: 86 (7-237-0) / 7
    [junit] MAJOR: ------------------------------------------------------------
    [junit] MAJOR: 15/24 - com.google.javascript.jscomp.PeepholeFoldConstants_ESTest0 (69ms / 5):
    [junit] MAJOR: 139431 (0 / 5 / 5) -> AVG-RTPM: 37ms
    [junit] MAJOR: Mutants killed / live: 86 (7-242-0) / 7
    [junit] MAJOR: ------------------------------------------------------------
    [junit] MAJOR: 16/24 - com.google.javascript.jscomp.PeepholeFoldConstants_ESTest12 (70ms / 10):
    [junit] MAJOR: 139774 (0 / 10 / 10) -> AVG-RTPM: 34ms
    [junit] MAJOR: Mutants killed / live: 86 (7-252-0) / 7
    [junit] MAJOR: ------------------------------------------------------------
    [junit] MAJOR: 17/24 - com.google.javascript.jscomp.PeepholeFoldConstants_ESTest4 (70ms / 7):
    [junit] MAJOR: 140197 (0 / 7 / 7) -> AVG-RTPM: 60ms
    [junit] MAJOR: Mutants killed / live: 86 (7-259-0) / 7
    [junit] MAJOR: ------------------------------------------------------------
    [junit] MAJOR: 18/24 - com.google.javascript.jscomp.PeepholeFoldConstants_ESTest20 (73ms / 27):
    [junit] MAJOR: 141850 (0 / 27 / 27) -> AVG-RTPM: 61ms
    [junit] MAJOR: Mutants killed / live: 86 (7-286-0) / 7
    [junit] MAJOR: ------------------------------------------------------------
    [junit] MAJOR: 19/24 - com.google.javascript.jscomp.PeepholeFoldConstants_ESTest18 (75ms / 27):
    [junit] MAJOR: 143297 (1 / 27 / 27) -> AVG-RTPM: 53ms
    [junit] MAJOR: Mutants killed / live: 87 (7-313-0) / 6
    [junit] MAJOR: ------------------------------------------------------------
    [junit] MAJOR: 20/24 - com.google.javascript.jscomp.PeepholeFoldConstants_ESTest11 (76ms / 10):
    [junit] MAJOR: 143697 (0 / 10 / 10) -> AVG-RTPM: 40ms
    [junit] MAJOR: Mutants killed / live: 87 (7-323-0) / 6
    [junit] MAJOR: ------------------------------------------------------------
    [junit] MAJOR: 21/24 - com.google.javascript.jscomp.PeepholeFoldConstants_ESTest22 (89ms / 10):
    [junit] MAJOR: 144204 (5 / 10 / 10) -> AVG-RTPM: 50ms
    [junit] MAJOR: Mutants killed / live: 92 (7-333-0) / 1
    [junit] MAJOR: ------------------------------------------------------------
    [junit] MAJOR: 22/24 - com.google.javascript.jscomp.PeepholeFoldConstants_ESTest15 (97ms / 27):
    [junit] MAJOR: 145930 (0 / 27 / 27) -> AVG-RTPM: 63ms
    [junit] MAJOR: Mutants killed / live: 92 (7-360-0) / 1
    [junit] MAJOR: ------------------------------------------------------------
    [junit] MAJOR: 23/24 - com.google.javascript.jscomp.PeepholeFoldConstants_ESTest1 (107ms / 7):
    [junit] MAJOR: 146379 (0 / 7 / 7) -> AVG-RTPM: 64ms
    [junit] MAJOR: Mutants killed / live: 92 (7-367-0) / 1
    [junit] MAJOR: ------------------------------------------------------------
    [junit] MAJOR: 24/24 - com.google.javascript.jscomp.PeepholeFoldConstants_ESTest14 (131ms / 27):
    [junit] MAJOR: 147464 (1 / 27 / 27) -> AVG-RTPM: 40ms
    [junit] MAJOR: Mutants killed / live: 93 (7-394-0) / 0
    [junit] MAJOR: ------------------------------------------------------------
    [junit] MAJOR: Summary:
    [junit] MAJOR: 
    [junit] MAJOR: Analysis time:  147.5 seconds
    [junit] MAJOR: Mutation score: 7.09% (100.00%)
    [junit] MAJOR: Mutants killed / live: 93 (7-394-0) / 0
    [junit] MAJOR: Mutant executions: 432
    [junit] MAJOR: ------------------------------------------------------------
    [junit] MAJOR: Export summary of results (to summary.csv)
    [junit] MAJOR: Export mutant kill details (to /tmp/run_mutation.pl_65106_1501821602/97f/kill.csv)
    [junit] MAJOR: Export kill map (to killMap.csv)!

BUILD SUCCESSFUL
Total time: 3 minutes 52 seconds
