
compile:
    [javac] /tmp/run_mutation.pl_90477_1501424494/98f/build.xml:51: warning: 'includeantruntime' was not set, defaulting to build.sysclasspath=last; set to false for repeatable builds
    [javac] /tmp/run_mutation.pl_90477_1501424494/98f/build.xml:56: warning: 'includeantruntime' was not set, defaulting to build.sysclasspath=last; set to false for repeatable builds

compile-tests:
    [mkdir] Created dir: /tmp/run_mutation.pl_90477_1501424494/98f/build/test
    [javac] /tmp/run_mutation.pl_90477_1501424494/98f/build.xml:99: warning: 'includeantruntime' was not set, defaulting to build.sysclasspath=last; set to false for repeatable builds
    [javac] Compiling 175 source files to /tmp/run_mutation.pl_90477_1501424494/98f/build/test

compile.tests:

update.all.tests:

mutation.test:
     [echo] Running mutation analysis ...
    [junit] MAJOR: Mutation analysis enabled
SLF4J: Failed to load class "org.slf4j.impl.StaticLoggerBinder".
SLF4J: Defaulting to no-operation (NOP) logger implementation
SLF4J: See http://www.slf4j.org/codes.html#StaticLoggerBinder for further details.
    [junit] MAJOR: ------------------------------------------------------------
    [junit] MAJOR: Run 52 ordered tests to verify independence
    [junit] MAJOR: ------------------------------------------------------------
    [junit] MAJOR: Preprocessing time: 158.03 seconds
    [junit] MAJOR: ------------------------------------------------------------
    [junit] MAJOR: Mutants generated: 464
    [junit] MAJOR: Mutants covered:   404 (87.07%)
    [junit] MAJOR: ------------------------------------------------------------
    [junit] MAJOR: Export test map to (testMap.csv)
    [junit] MAJOR: Export coverage map to (covMap.csv)
    [junit] MAJOR: Exclude 0 mutants
    [junit] MAJOR: ------------------------------------------------------------
    [junit] MAJOR: Run mutation analysis with 52 individual tests
    [junit] MAJOR: ------------------------------------------------------------
    [junit] MAJOR: 1/52 - com.google.javascript.jscomp.ReferenceCollectingCallback_ESTest27 (25ms / 4):
    [junit] MAJOR: 10473 (1 / 4 / 4) -> AVG-RTPM: 2618ms
    [junit] MAJOR: Mutants killed / live: 1 (1-0-0) / 403
    [junit] MAJOR: ------------------------------------------------------------
    [junit] MAJOR: 2/52 - com.google.javascript.jscomp.ReferenceCollectingCallback_ESTest35 (25ms / 17):
    [junit] MAJOR: 69720 (11 / 17 / 17) -> AVG-RTPM: 3485ms
    [junit] MAJOR: Mutants killed / live: 12 (3-9-0) / 392
    [junit] MAJOR: ------------------------------------------------------------
    [junit] MAJOR: 3/52 - com.google.javascript.jscomp.ReferenceCollectingCallback_ESTest9 (26ms / 1):
    [junit] MAJOR: 73536 (1 / 1 / 1) -> AVG-RTPM: 3815ms
    [junit] MAJOR: Mutants killed / live: 13 (4-9-0) / 391
    [junit] MAJOR: ------------------------------------------------------------
    [junit] MAJOR: 4/52 - com.google.javascript.jscomp.ReferenceCollectingCallback_ESTest6 (28ms / 7):
    [junit] MAJOR: 102207 (4 / 7 / 7) -> AVG-RTPM: 4095ms
    [junit] MAJOR: Mutants killed / live: 17 (8-9-0) / 387
    [junit] MAJOR: ------------------------------------------------------------
    [junit] MAJOR: 5/52 - com.google.javascript.jscomp.ReferenceCollectingCallback_ESTest15 (29ms / 21):
    [junit] MAJOR: 202289 (3 / 21 / 21) -> AVG-RTPM: 4765ms
    [junit] MAJOR: Mutants killed / live: 20 (9-11-0) / 384
    [junit] MAJOR: ------------------------------------------------------------
    [junit] MAJOR: 6/52 - com.google.javascript.jscomp.ReferenceCollectingCallback_ESTest43 (29ms / 17):
    [junit] MAJOR: 281115 (7 / 17 / 17) -> AVG-RTPM: 4636ms
    [junit] MAJOR: Mutants killed / live: 27 (12-15-0) / 377
    [junit] MAJOR: ------------------------------------------------------------
    [junit] MAJOR: 7/52 - com.google.javascript.jscomp.ReferenceCollectingCallback_ESTest3 (30ms / 0):
    [junit] MAJOR: 281115 (0 / 0 / 0) -> AVG-RTPM: 0ms
    [junit] MAJOR: Mutants killed / live: 27 (12-15-0) / 377
    [junit] MAJOR: ------------------------------------------------------------
    [junit] MAJOR: 8/52 - com.google.javascript.jscomp.ReferenceCollectingCallback_ESTest48 (30ms / 45):
    [junit] MAJOR: 289563 (43 / 45 / 45) -> AVG-RTPM: 187ms
    [junit] MAJOR: Mutants killed / live: 70 (12-60-0) / 334
    [junit] MAJOR: ------------------------------------------------------------
    [junit] MAJOR: 9/52 - com.google.javascript.jscomp.ReferenceCollectingCallback_ESTest40 (32ms / 71):
    [junit] MAJOR: 298192 (71 / 71 / 71) -> AVG-RTPM: 121ms
    [junit] MAJOR: Mutants killed / live: 141 (12-131-0) / 263
    [junit] MAJOR: ------------------------------------------------------------
    [junit] MAJOR: 10/52 - com.google.javascript.jscomp.ReferenceCollectingCallback_ESTest41 (32ms / 90):
    [junit] MAJOR: 308911 (89 / 90 / 90) -> AVG-RTPM: 119ms
    [junit] MAJOR: Mutants killed / live: 230 (12-221-0) / 174
    [junit] MAJOR: ------------------------------------------------------------
    [junit] MAJOR: 11/52 - com.google.javascript.jscomp.ReferenceCollectingCallback_ESTest28 (33ms / 72):
    [junit] MAJOR: 318441 (39 / 72 / 72) -> AVG-RTPM: 132ms
    [junit] MAJOR: Mutants killed / live: 269 (12-293-0) / 135
    [junit] MAJOR: ------------------------------------------------------------
    [junit] MAJOR: 12/52 - com.google.javascript.jscomp.ReferenceCollectingCallback_ESTest32 (33ms / 84):
    [junit] MAJOR: 328874 (20 / 84 / 84) -> AVG-RTPM: 124ms
    [junit] MAJOR: Mutants killed / live: 289 (12-377-0) / 115
    [junit] MAJOR: ------------------------------------------------------------
    [junit] MAJOR: 13/52 - com.google.javascript.jscomp.ReferenceCollectingCallback_ESTest7 (33ms / 94):
    [junit] MAJOR: 340280 (11 / 94 / 94) -> AVG-RTPM: 121ms
    [junit] MAJOR: Mutants killed / live: 300 (12-471-0) / 104
    [junit] MAJOR: ------------------------------------------------------------
    [junit] MAJOR: 14/52 - com.google.javascript.jscomp.ReferenceCollectingCallback_ESTest14 (34ms / 13):
    [junit] MAJOR: 341792 (12 / 13 / 13) -> AVG-RTPM: 116ms
    [junit] MAJOR: Mutants killed / live: 312 (12-484-0) / 92
    [junit] MAJOR: ------------------------------------------------------------
    [junit] MAJOR: 15/52 - com.google.javascript.jscomp.ReferenceCollectingCallback_ESTest25 (34ms / 10):
    [junit] MAJOR: 342948 (1 / 10 / 10) -> AVG-RTPM: 115ms
    [junit] MAJOR: Mutants killed / live: 313 (12-494-0) / 91
    [junit] MAJOR: ------------------------------------------------------------
    [junit] MAJOR: 16/52 - com.google.javascript.jscomp.ReferenceCollectingCallback_ESTest52 (34ms / 27):
    [junit] MAJOR: 345672 (18 / 27 / 27) -> AVG-RTPM: 100ms
    [junit] MAJOR: Mutants killed / live: 331 (12-521-0) / 73
    [junit] MAJOR: ------------------------------------------------------------
    [junit] MAJOR: 17/52 - com.google.javascript.jscomp.ReferenceCollectingCallback_ESTest13 (35ms / 16):
    [junit] MAJOR: 346940 (13 / 16 / 16) -> AVG-RTPM: 79ms
    [junit] MAJOR: Mutants killed / live: 344 (12-537-0) / 60
    [junit] MAJOR: ------------------------------------------------------------
    [junit] MAJOR: 18/52 - com.google.javascript.jscomp.ReferenceCollectingCallback_ESTest39 (35ms / 7):
    [junit] MAJOR: 348257 (7 / 7 / 7) -> AVG-RTPM: 188ms
    [junit] MAJOR: Mutants killed / live: 351 (12-544-0) / 53
    [junit] MAJOR: ------------------------------------------------------------
    [junit] MAJOR: 19/52 - com.google.javascript.jscomp.ReferenceCollectingCallback_ESTest47 (37ms / 73):
    [junit] MAJOR: 357064 (0 / 73 / 73) -> AVG-RTPM: 120ms
    [junit] MAJOR: Mutants killed / live: 351 (12-617-0) / 53
    [junit] MAJOR: ------------------------------------------------------------
    [junit] MAJOR: 20/52 - com.google.javascript.jscomp.ReferenceCollectingCallback_ESTest12 (38ms / 19):
    [junit] MAJOR: 359200 (0 / 19 / 19) -> AVG-RTPM: 112ms
    [junit] MAJOR: Mutants killed / live: 351 (12-636-0) / 53
    [junit] MAJOR: ------------------------------------------------------------
    [junit] MAJOR: 21/52 - com.google.javascript.jscomp.ReferenceCollectingCallback_ESTest16 (39ms / 12):
    [junit] MAJOR: 360311 (0 / 12 / 12) -> AVG-RTPM: 92ms
    [junit] MAJOR: Mutants killed / live: 351 (12-648-0) / 53
    [junit] MAJOR: ------------------------------------------------------------
    [junit] MAJOR: 22/52 - com.google.javascript.jscomp.ReferenceCollectingCallback_ESTest45 (41ms / 49):
    [junit] MAJOR: 366310 (0 / 49 / 49) -> AVG-RTPM: 122ms
    [junit] MAJOR: Mutants killed / live: 351 (12-697-0) / 53
    [junit] MAJOR: ------------------------------------------------------------
    [junit] MAJOR: 23/52 - com.google.javascript.jscomp.ReferenceCollectingCallback_ESTest21 (42ms / 14):
    [junit] MAJOR: 368497 (1 / 14 / 14) -> AVG-RTPM: 156ms
    [junit] MAJOR: Mutants killed / live: 352 (12-711-0) / 52
    [junit] MAJOR: ------------------------------------------------------------
    [junit] MAJOR: 24/52 - com.google.javascript.jscomp.ReferenceCollectingCallback_ESTest22 (43ms / 14):
    [junit] MAJOR: 370417 (0 / 14 / 14) -> AVG-RTPM: 137ms
    [junit] MAJOR: Mutants killed / live: 352 (12-725-0) / 52
    [junit] MAJOR: ------------------------------------------------------------
    [junit] MAJOR: 25/52 - com.google.javascript.jscomp.ReferenceCollectingCallback_ESTest24 (43ms / 20):
    [junit] MAJOR: 372559 (0 / 20 / 20) -> AVG-RTPM: 107ms
    [junit] MAJOR: Mutants killed / live: 352 (12-745-0) / 52
    [junit] MAJOR: ------------------------------------------------------------
    [junit] MAJOR: 26/52 - com.google.javascript.jscomp.ReferenceCollectingCallback_ESTest44 (43ms / 45):
    [junit] MAJOR: 378106 (0 / 45 / 45) -> AVG-RTPM: 123ms
    [junit] MAJOR: Mutants killed / live: 352 (12-790-0) / 52
    [junit] MAJOR: ------------------------------------------------------------
    [junit] MAJOR: 27/52 - com.google.javascript.jscomp.ReferenceCollectingCallback_ESTest42 (44ms / 14):
    [junit] MAJOR: 379892 (8 / 14 / 14) -> AVG-RTPM: 127ms
    [junit] MAJOR: Mutants killed / live: 360 (12-804-0) / 44
    [junit] MAJOR: ------------------------------------------------------------
    [junit] MAJOR: 28/52 - com.google.javascript.jscomp.ReferenceCollectingCallback_ESTest19 (45ms / 16):
    [junit] MAJOR: 381980 (0 / 16 / 16) -> AVG-RTPM: 130ms
    [junit] MAJOR: Mutants killed / live: 360 (12-820-0) / 44
    [junit] MAJOR: ------------------------------------------------------------
    [junit] MAJOR: 29/52 - com.google.javascript.jscomp.ReferenceCollectingCallback_ESTest50 (45ms / 38):
    [junit] MAJOR: 385420 (0 / 38 / 38) -> AVG-RTPM: 90ms
    [junit] MAJOR: Mutants killed / live: 360 (12-858-0) / 44
    [junit] MAJOR: ------------------------------------------------------------
    [junit] MAJOR: 30/52 - com.google.javascript.jscomp.ReferenceCollectingCallback_ESTest36 (46ms / 48):
    [junit] MAJOR: 391120 (8 / 48 / 48) -> AVG-RTPM: 118ms
    [junit] MAJOR: Mutants killed / live: 368 (12-906-0) / 36
    [junit] MAJOR: ------------------------------------------------------------
    [junit] MAJOR: 31/52 - com.google.javascript.jscomp.ReferenceCollectingCallback_ESTest49 (46ms / 31):
    [junit] MAJOR: 394122 (0 / 31 / 31) -> AVG-RTPM: 96ms
    [junit] MAJOR: Mutants killed / live: 368 (12-937-0) / 36
    [junit] MAJOR: ------------------------------------------------------------
    [junit] MAJOR: 32/52 - com.google.javascript.jscomp.ReferenceCollectingCallback_ESTest30 (47ms / 126):
    [junit] MAJOR: 409192 (8 / 126 / 126) -> AVG-RTPM: 119ms
    [junit] MAJOR: Mutants killed / live: 376 (12-1063-0) / 28
    [junit] MAJOR: ------------------------------------------------------------
    [junit] MAJOR: 33/52 - com.google.javascript.jscomp.ReferenceCollectingCallback_ESTest5 (49ms / 0):
    [junit] MAJOR: 409192 (0 / 0 / 0) -> AVG-RTPM: 0ms
    [junit] MAJOR: Mutants killed / live: 376 (12-1063-0) / 28
    [junit] MAJOR: ------------------------------------------------------------
    [junit] MAJOR: 34/52 - com.google.javascript.jscomp.ReferenceCollectingCallback_ESTest2 (52ms / 0):
    [junit] MAJOR: 409192 (0 / 0 / 0) -> AVG-RTPM: 0ms
    [junit] MAJOR: Mutants killed / live: 376 (12-1063-0) / 28
    [junit] MAJOR: ------------------------------------------------------------
    [junit] MAJOR: 35/52 - com.google.javascript.jscomp.ReferenceCollectingCallback_ESTest10 (53ms / 0):
    [junit] MAJOR: 409192 (0 / 0 / 0) -> AVG-RTPM: 0ms
    [junit] MAJOR: Mutants killed / live: 376 (12-1063-0) / 28
    [junit] MAJOR: ------------------------------------------------------------
    [junit] MAJOR: 36/52 - com.google.javascript.jscomp.ReferenceCollectingCallback_ESTest1 (55ms / 0):
    [junit] MAJOR: 409192 (0 / 0 / 0) -> AVG-RTPM: 0ms
    [junit] MAJOR: Mutants killed / live: 376 (12-1063-0) / 28
    [junit] MAJOR: ------------------------------------------------------------
    [junit] MAJOR: 37/52 - com.google.javascript.jscomp.ReferenceCollectingCallback_ESTest18 (58ms / 16):
    [junit] MAJOR: 410566 (0 / 16 / 16) -> AVG-RTPM: 85ms
    [junit] MAJOR: Mutants killed / live: 376 (12-1079-0) / 28
    [junit] MAJOR: ------------------------------------------------------------
    [junit] MAJOR: 38/52 - com.google.javascript.jscomp.ReferenceCollectingCallback_ESTest26 (64ms / 1):
    [junit] MAJOR: 410642 (1 / 1 / 1) -> AVG-RTPM: 76ms
    [junit] MAJOR: Mutants killed / live: 377 (12-1080-0) / 27
    [junit] MAJOR: ------------------------------------------------------------
    [junit] MAJOR: 39/52 - com.google.javascript.jscomp.ReferenceCollectingCallback_ESTest23 (76ms / 14):
    [junit] MAJOR: 412306 (0 / 14 / 14) -> AVG-RTPM: 118ms
    [junit] MAJOR: Mutants killed / live: 377 (12-1094-0) / 27
    [junit] MAJOR: ------------------------------------------------------------
    [junit] MAJOR: 40/52 - com.google.javascript.jscomp.ReferenceCollectingCallback_ESTest51 (76ms / 45):
    [junit] MAJOR: 416655 (0 / 45 / 45) -> AVG-RTPM: 96ms
    [junit] MAJOR: Mutants killed / live: 377 (12-1139-0) / 27
    [junit] MAJOR: ------------------------------------------------------------
    [junit] MAJOR: 41/52 - com.google.javascript.jscomp.ReferenceCollectingCallback_ESTest4 (78ms / 0):
    [junit] MAJOR: 416655 (0 / 0 / 0) -> AVG-RTPM: 0ms
    [junit] MAJOR: Mutants killed / live: 377 (12-1139-0) / 27
    [junit] MAJOR: ------------------------------------------------------------
    [junit] MAJOR: 42/52 - com.google.javascript.jscomp.ReferenceCollectingCallback_ESTest11 (79ms / 1):
    [junit] MAJOR: 416764 (1 / 1 / 1) -> AVG-RTPM: 109ms
    [junit] MAJOR: Mutants killed / live: 378 (12-1140-0) / 26
    [junit] MAJOR: ------------------------------------------------------------
    [junit] MAJOR: 43/52 - com.google.javascript.jscomp.ReferenceCollectingCallback_ESTest8 (85ms / 7):
    [junit] MAJOR: 417779 (0 / 7 / 7) -> AVG-RTPM: 144ms
    [junit] MAJOR: Mutants killed / live: 378 (12-1147-0) / 26
    [junit] MAJOR: ------------------------------------------------------------
    [junit] MAJOR: 44/52 - com.google.javascript.jscomp.ReferenceCollectingCallback_ESTest38 (87ms / 35):
    [junit] MAJOR: 422236 (7 / 35 / 35) -> AVG-RTPM: 127ms
    [junit] MAJOR: Mutants killed / live: 385 (12-1182-0) / 19
    [junit] MAJOR: ------------------------------------------------------------
    [junit] MAJOR: 45/52 - com.google.javascript.jscomp.ReferenceCollectingCallback_ESTest29 (90ms / 92):
    [junit] MAJOR: 433109 (8 / 92 / 92) -> AVG-RTPM: 118ms
    [junit] MAJOR: Mutants killed / live: 393 (12-1274-0) / 11
    [junit] MAJOR: ------------------------------------------------------------
    [junit] MAJOR: 46/52 - com.google.javascript.jscomp.ReferenceCollectingCallback_ESTest31 (91ms / 91):
    [junit] MAJOR: 444488 (0 / 91 / 91) -> AVG-RTPM: 125ms
    [junit] MAJOR: Mutants killed / live: 393 (12-1365-0) / 11
    [junit] MAJOR: ------------------------------------------------------------
    [junit] MAJOR: 47/52 - com.google.javascript.jscomp.ReferenceCollectingCallback_ESTest33 (93ms / 123):
    [junit] MAJOR: 459250 (1 / 123 / 123) -> AVG-RTPM: 120ms
    [junit] MAJOR: Mutants killed / live: 394 (12-1488-0) / 10
    [junit] MAJOR: ------------------------------------------------------------
    [junit] MAJOR: 48/52 - com.google.javascript.jscomp.ReferenceCollectingCallback_ESTest20 (107ms / 14):
    [junit] MAJOR: 460516 (0 / 14 / 14) -> AVG-RTPM: 90ms
    [junit] MAJOR: Mutants killed / live: 394 (12-1502-0) / 10
    [junit] MAJOR: ------------------------------------------------------------
    [junit] MAJOR: 49/52 - com.google.javascript.jscomp.ReferenceCollectingCallback_ESTest46 (119ms / 56):
    [junit] MAJOR: 468338 (0 / 56 / 56) -> AVG-RTPM: 139ms
    [junit] MAJOR: Mutants killed / live: 394 (12-1558-0) / 10
    [junit] MAJOR: ------------------------------------------------------------
    [junit] MAJOR: 50/52 - com.google.javascript.jscomp.ReferenceCollectingCallback_ESTest0 (128ms / 0):
    [junit] MAJOR: 468338 (0 / 0 / 0) -> AVG-RTPM: 0ms
    [junit] MAJOR: Mutants killed / live: 394 (12-1558-0) / 10
    [junit] MAJOR: ------------------------------------------------------------
    [junit] MAJOR: 51/52 - com.google.javascript.jscomp.ReferenceCollectingCallback_ESTest17 (180ms / 14):
    [junit] MAJOR: 469894 (0 / 14 / 14) -> AVG-RTPM: 111ms
    [junit] MAJOR: Mutants killed / live: 394 (12-1572-0) / 10
    [junit] MAJOR: ------------------------------------------------------------
    [junit] MAJOR: 52/52 - com.google.javascript.jscomp.ReferenceCollectingCallback_ESTest53 (239ms / 29):
    [junit] MAJOR: 472710 (2 / 29 / 29) -> AVG-RTPM: 97ms
    [junit] MAJOR: Mutants killed / live: 396 (12-1601-0) / 8
    [junit] MAJOR: ------------------------------------------------------------
    [junit] MAJOR: Summary:
    [junit] MAJOR: 
    [junit] MAJOR: Analysis time:  472.7 seconds
    [junit] MAJOR: Mutation score: 85.34% (98.02%)
    [junit] MAJOR: Mutants killed / live: 396 (12-1601-0) / 8
    [junit] MAJOR: Mutant executions: 1653
    [junit] MAJOR: ------------------------------------------------------------
    [junit] MAJOR: Export summary of results (to summary.csv)
    [junit] MAJOR: Export mutant kill details (to /tmp/run_mutation.pl_90477_1501424494/98f/kill.csv)
    [junit] MAJOR: Export kill map (to killMap.csv)!

BUILD SUCCESSFUL
Total time: 10 minutes 40 seconds
