
rhino:

properties:

init:

compile:

compile-most:

compile-jdk15:

compile:

properties:

compile:

xmlimplsrc-compile:
     [echo] Calling /tmp/run_mutation.pl_108739_1500893417/9f/lib/rhino/xmlimplsrc/build.xml

compile:

compile-all:

compile:

jar:

rhino-jarjar:
   [jarjar] Updating jar: /tmp/run_mutation.pl_108739_1500893417/9f/build/lib/rhino.jar

svnversion:

compile:
    [javac] /tmp/run_mutation.pl_108739_1500893417/9f/build.xml:256: warning: 'includeantruntime' was not set, defaulting to build.sysclasspath=last; set to false for repeatable builds
    [javac] /tmp/run_mutation.pl_108739_1500893417/9f/build.xml:262: warning: 'includeantruntime' was not set, defaulting to build.sysclasspath=last; set to false for repeatable builds
[propertyfile] Updating property file: /tmp/run_mutation.pl_108739_1500893417/9f/build/classes/com/google/javascript/jscomp/parsing/ParserConfig.properties

compile-tests:
    [mkdir] Created dir: /tmp/run_mutation.pl_108739_1500893417/9f/build/test
    [javac] /tmp/run_mutation.pl_108739_1500893417/9f/build.xml:330: warning: 'includeantruntime' was not set, defaulting to build.sysclasspath=last; set to false for repeatable builds
    [javac] Compiling 407 source files to /tmp/run_mutation.pl_108739_1500893417/9f/build/test
    [javac] warning: [options] bootstrap class path not set in conjunction with -source 1.6
    [javac] Note: /tmp/run_mutation.pl_108739_1500893417/9f/src/com/google/javascript/jscomp/ant/CompileTask.java uses unchecked or unsafe operations.
    [javac] Note: Recompile with -Xlint:unchecked for details.
    [javac] 1 warning
    [javac] /tmp/run_mutation.pl_108739_1500893417/9f/build.xml:336: warning: 'includeantruntime' was not set, defaulting to build.sysclasspath=last; set to false for repeatable builds
    [javac] Compiling 226 source files to /tmp/run_mutation.pl_108739_1500893417/9f/build/test
    [javac] warning: [options] bootstrap class path not set in conjunction with -source 1.6
    [javac] Note: /tmp/run_mutation.pl_108739_1500893417/9f/test/com/google/javascript/jscomp/parsing/JsDocInfoParserTest.java uses or overrides a deprecated API.
    [javac] Note: Recompile with -Xlint:deprecation for details.
    [javac] 1 warning

compile.tests:

update.all.tests:

mutation.test:
     [echo] Running mutation analysis ...
    [junit] MAJOR: Mutation analysis enabled
SLF4J: Failed to load class "org.slf4j.impl.StaticLoggerBinder".
SLF4J: Defaulting to no-operation (NOP) logger implementation
SLF4J: See http://www.slf4j.org/codes.html#StaticLoggerBinder for further details.
    [junit] MAJOR: com.google.javascript.jscomp.ProcessCommonJSModules_ESTest3[test3] failed!
    [junit] MAJOR:  -> AssertionFailedError
    [junit] MAJOR:  -> "Expecting exception: NoSuchMethodError"
    [junit] MAJOR: Exclude 1 failing test class:
    [junit] MAJOR:  - com.google.javascript.jscomp.ProcessCommonJSModules_ESTest3
    [junit] MAJOR: ------------------------------------------------------------
    [junit] MAJOR: Run 6 ordered tests to verify independence
    [junit] MAJOR: ------------------------------------------------------------
    [junit] MAJOR: Preprocessing time: 10.96 seconds
    [junit] MAJOR: ------------------------------------------------------------
    [junit] MAJOR: Mutants generated: 134
    [junit] MAJOR: Mutants covered:   70 (52.24%)
    [junit] MAJOR: ------------------------------------------------------------
    [junit] MAJOR: Export test map to (testMap.csv)
    [junit] MAJOR: Export coverage map to (covMap.csv)
    [junit] MAJOR: Exclude 0 mutants
    [junit] MAJOR: ------------------------------------------------------------
    [junit] MAJOR: Run mutation analysis with 6 individual tests
    [junit] MAJOR: ------------------------------------------------------------
    [junit] MAJOR: 1/6 - com.google.javascript.jscomp.ProcessCommonJSModules_ESTest5 (27ms / 9):
    [junit] MAJOR: 7276 (4 / 9 / 9) -> AVG-RTPM: 808ms
    [junit] MAJOR: Mutants killed / live: 4 (4-0-0) / 66
    [junit] MAJOR: ------------------------------------------------------------
    [junit] MAJOR: 2/6 - com.google.javascript.jscomp.ProcessCommonJSModules_ESTest2 (28ms / 3):
    [junit] MAJOR: 9656 (0 / 3 / 3) -> AVG-RTPM: 793ms
    [junit] MAJOR: Mutants killed / live: 4 (4-0-0) / 66
    [junit] MAJOR: ------------------------------------------------------------
    [junit] MAJOR: 3/6 - com.google.javascript.jscomp.ProcessCommonJSModules_ESTest6 (28ms / 54):
    [junit] MAJOR: 77384 (3 / 54 / 54) -> AVG-RTPM: 1254ms
    [junit] MAJOR: Mutants killed / live: 7 (7-0-0) / 63
    [junit] MAJOR: ------------------------------------------------------------
    [junit] MAJOR: 4/6 - com.google.javascript.jscomp.ProcessCommonJSModules_ESTest1 (30ms / 35):
    [junit] MAJOR: 159521 (15 / 35 / 35) -> AVG-RTPM: 2346ms
    [junit] MAJOR: Mutants killed / live: 22 (7-15-0) / 48
    [junit] MAJOR: ------------------------------------------------------------
    [junit] MAJOR: 5/6 - com.google.javascript.jscomp.ProcessCommonJSModules_ESTest4 (32ms / 9):
    [junit] MAJOR: 186459 (1 / 9 / 9) -> AVG-RTPM: 2993ms
    [junit] MAJOR: Mutants killed / live: 23 (7-17-0) / 47
    [junit] MAJOR: ------------------------------------------------------------
    [junit] MAJOR: 6/6 - com.google.javascript.jscomp.ProcessCommonJSModules_ESTest0 (44ms / 3):
    [junit] MAJOR: 195877 (0 / 3 / 3) -> AVG-RTPM: 3139ms
    [junit] MAJOR: Mutants killed / live: 23 (7-17-0) / 47
    [junit] MAJOR: ------------------------------------------------------------
    [junit] MAJOR: Summary:
    [junit] MAJOR: 
    [junit] MAJOR: Analysis time:  195.9 seconds
    [junit] MAJOR: Mutation score: 17.16% (32.86%)
    [junit] MAJOR: Mutants killed / live: 23 (7-17-0) / 47
    [junit] MAJOR: Mutant executions: 113
    [junit] MAJOR: ------------------------------------------------------------
    [junit] MAJOR: Export summary of results (to summary.csv)
    [junit] MAJOR: Export mutant kill details (to /tmp/run_mutation.pl_108739_1500893417/9f/kill.csv)
    [junit] MAJOR: Export kill map (to killMap.csv)!

BUILD SUCCESSFUL
Total time: 3 minutes 38 seconds
