--- org.jfree.chart.plot.XYPlot_ESTest112::test112
java.lang.NullPointerException
	at org.jfree.chart.plot.XYPlot.getDataRange(XYPlot.java:4493)
	at org.jfree.chart.axis.NumberAxis.autoAdjustRange(NumberAxis.java:434)
	at org.jfree.chart.axis.NumberAxis.configure(NumberAxis.java:417)
	at org.jfree.chart.axis.Axis.setPlot(Axis.java:1044)
	at org.jfree.chart.plot.XYPlot.<init>(XYPlot.java:660)
	at org.jfree.chart.plot.XYPlot_ESTest112.test112(XYPlot_ESTest112.java:337)
	at sun.reflect.NativeMethodAccessorImpl.invoke0(Native Method)
	at sun.reflect.NativeMethodAccessorImpl.invoke(NativeMethodAccessorImpl.java:57)
	at sun.reflect.DelegatingMethodAccessorImpl.invoke(DelegatingMethodAccessorImpl.java:43)
	at java.lang.reflect.Method.invoke(Method.java:606)
	at org.junit.runners.model.FrameworkMethod$1.runReflectiveCall(FrameworkMethod.java:47)
	at org.junit.internal.runners.model.ReflectiveCallable.run(ReflectiveCallable.java:12)
	at org.junit.runners.model.FrameworkMethod.invokeExplosively(FrameworkMethod.java:44)
	at org.junit.internal.runners.statements.InvokeMethod.evaluate(InvokeMethod.java:17)
	at org.junit.internal.runners.statements.RunBefores.evaluate(RunBefores.java:26)
	at org.junit.internal.runners.statements.RunAfters.evaluate(RunAfters.java:27)
	at org.junit.internal.runners.statements.FailOnTimeout$StatementThread.run(FailOnTimeout.java:74)
--- org.jfree.chart.plot.XYPlot_ESTest125::test125
java.lang.NullPointerException
	at org.jfree.chart.plot.XYPlot.getDataRange(XYPlot.java:4493)
	at org.jfree.chart.axis.NumberAxis.autoAdjustRange(NumberAxis.java:434)
	at org.jfree.chart.axis.NumberAxis.configure(NumberAxis.java:417)
	at org.jfree.chart.axis.Axis.setPlot(Axis.java:1044)
	at org.jfree.chart.plot.XYPlot.<init>(XYPlot.java:660)
	at org.jfree.chart.plot.XYPlot_ESTest125.test125(XYPlot_ESTest125.java:341)
	at sun.reflect.NativeMethodAccessorImpl.invoke0(Native Method)
	at sun.reflect.NativeMethodAccessorImpl.invoke(NativeMethodAccessorImpl.java:57)
	at sun.reflect.DelegatingMethodAccessorImpl.invoke(DelegatingMethodAccessorImpl.java:43)
	at java.lang.reflect.Method.invoke(Method.java:606)
	at org.junit.runners.model.FrameworkMethod$1.runReflectiveCall(FrameworkMethod.java:47)
	at org.junit.internal.runners.model.ReflectiveCallable.run(ReflectiveCallable.java:12)
	at org.junit.runners.model.FrameworkMethod.invokeExplosively(FrameworkMethod.java:44)
	at org.junit.internal.runners.statements.InvokeMethod.evaluate(InvokeMethod.java:17)
	at org.junit.internal.runners.statements.RunBefores.evaluate(RunBefores.java:26)
	at org.junit.internal.runners.statements.RunAfters.evaluate(RunAfters.java:27)
	at org.junit.internal.runners.statements.FailOnTimeout$StatementThread.run(FailOnTimeout.java:74)
--- org.jfree.chart.plot.XYPlot_ESTest136::test136
java.lang.NullPointerException
	at org.jfree.chart.plot.XYPlot.getDataRange(XYPlot.java:4493)
	at org.jfree.chart.axis.NumberAxis.autoAdjustRange(NumberAxis.java:434)
	at org.jfree.chart.axis.NumberAxis.configure(NumberAxis.java:417)
	at org.jfree.chart.axis.Axis.setPlot(Axis.java:1044)
	at org.jfree.chart.plot.XYPlot.<init>(XYPlot.java:660)
	at org.jfree.chart.plot.XYPlot_ESTest136.test136(XYPlot_ESTest136.java:337)
	at sun.reflect.NativeMethodAccessorImpl.invoke0(Native Method)
	at sun.reflect.NativeMethodAccessorImpl.invoke(NativeMethodAccessorImpl.java:57)
	at sun.reflect.DelegatingMethodAccessorImpl.invoke(DelegatingMethodAccessorImpl.java:43)
	at java.lang.reflect.Method.invoke(Method.java:606)
	at org.junit.runners.model.FrameworkMethod$1.runReflectiveCall(FrameworkMethod.java:47)
	at org.junit.internal.runners.model.ReflectiveCallable.run(ReflectiveCallable.java:12)
	at org.junit.runners.model.FrameworkMethod.invokeExplosively(FrameworkMethod.java:44)
	at org.junit.internal.runners.statements.InvokeMethod.evaluate(InvokeMethod.java:17)
	at org.junit.internal.runners.statements.RunBefores.evaluate(RunBefores.java:26)
	at org.junit.internal.runners.statements.RunAfters.evaluate(RunAfters.java:27)
	at org.junit.internal.runners.statements.FailOnTimeout$StatementThread.run(FailOnTimeout.java:74)
--- org.jfree.chart.plot.XYPlot_ESTest161::test161
java.lang.NullPointerException
	at org.jfree.chart.plot.XYPlot.getDataRange(XYPlot.java:4493)
	at org.jfree.chart.axis.NumberAxis.autoAdjustRange(NumberAxis.java:434)
	at org.jfree.chart.axis.NumberAxis.configure(NumberAxis.java:417)
	at org.jfree.chart.axis.Axis.setPlot(Axis.java:1044)
	at org.jfree.chart.plot.XYPlot.<init>(XYPlot.java:660)
	at org.jfree.chart.plot.XYPlot_ESTest161.test161(XYPlot_ESTest161.java:337)
	at sun.reflect.NativeMethodAccessorImpl.invoke0(Native Method)
	at sun.reflect.NativeMethodAccessorImpl.invoke(NativeMethodAccessorImpl.java:57)
	at sun.reflect.DelegatingMethodAccessorImpl.invoke(DelegatingMethodAccessorImpl.java:43)
	at java.lang.reflect.Method.invoke(Method.java:606)
	at org.junit.runners.model.FrameworkMethod$1.runReflectiveCall(FrameworkMethod.java:47)
	at org.junit.internal.runners.model.ReflectiveCallable.run(ReflectiveCallable.java:12)
	at org.junit.runners.model.FrameworkMethod.invokeExplosively(FrameworkMethod.java:44)
	at org.junit.internal.runners.statements.InvokeMethod.evaluate(InvokeMethod.java:17)
	at org.junit.internal.runners.statements.RunBefores.evaluate(RunBefores.java:26)
	at org.junit.internal.runners.statements.RunAfters.evaluate(RunAfters.java:27)
	at org.junit.internal.runners.statements.FailOnTimeout$StatementThread.run(FailOnTimeout.java:74)
--- org.jfree.chart.plot.XYPlot_ESTest167::test167
java.lang.NullPointerException
	at org.jfree.chart.plot.XYPlot.getDataRange(XYPlot.java:4493)
	at org.jfree.chart.axis.NumberAxis.autoAdjustRange(NumberAxis.java:434)
	at org.jfree.chart.axis.NumberAxis.configure(NumberAxis.java:417)
	at org.jfree.chart.axis.Axis.setPlot(Axis.java:1044)
	at org.jfree.chart.plot.XYPlot.<init>(XYPlot.java:660)
	at org.jfree.chart.plot.XYPlot_ESTest167.test167(XYPlot_ESTest167.java:342)
	at sun.reflect.NativeMethodAccessorImpl.invoke0(Native Method)
	at sun.reflect.NativeMethodAccessorImpl.invoke(NativeMethodAccessorImpl.java:57)
	at sun.reflect.DelegatingMethodAccessorImpl.invoke(DelegatingMethodAccessorImpl.java:43)
	at java.lang.reflect.Method.invoke(Method.java:606)
	at org.junit.runners.model.FrameworkMethod$1.runReflectiveCall(FrameworkMethod.java:47)
	at org.junit.internal.runners.model.ReflectiveCallable.run(ReflectiveCallable.java:12)
	at org.junit.runners.model.FrameworkMethod.invokeExplosively(FrameworkMethod.java:44)
	at org.junit.internal.runners.statements.InvokeMethod.evaluate(InvokeMethod.java:17)
	at org.junit.internal.runners.statements.RunBefores.evaluate(RunBefores.java:26)
	at org.junit.internal.runners.statements.RunAfters.evaluate(RunAfters.java:27)
	at org.junit.internal.runners.statements.FailOnTimeout$StatementThread.run(FailOnTimeout.java:74)
--- org.jfree.chart.plot.XYPlot_ESTest171::test171
java.lang.NullPointerException
	at org.jfree.chart.plot.XYPlot.getDataRange(XYPlot.java:4493)
	at org.jfree.chart.axis.NumberAxis.autoAdjustRange(NumberAxis.java:434)
	at org.jfree.chart.axis.NumberAxis.configure(NumberAxis.java:417)
	at org.jfree.chart.axis.Axis.setPlot(Axis.java:1044)
	at org.jfree.chart.plot.XYPlot.<init>(XYPlot.java:660)
	at org.jfree.chart.plot.XYPlot_ESTest171.test171(XYPlot_ESTest171.java:337)
	at sun.reflect.NativeMethodAccessorImpl.invoke0(Native Method)
	at sun.reflect.NativeMethodAccessorImpl.invoke(NativeMethodAccessorImpl.java:57)
	at sun.reflect.DelegatingMethodAccessorImpl.invoke(DelegatingMethodAccessorImpl.java:43)
	at java.lang.reflect.Method.invoke(Method.java:606)
	at org.junit.runners.model.FrameworkMethod$1.runReflectiveCall(FrameworkMethod.java:47)
	at org.junit.internal.runners.model.ReflectiveCallable.run(ReflectiveCallable.java:12)
	at org.junit.runners.model.FrameworkMethod.invokeExplosively(FrameworkMethod.java:44)
	at org.junit.internal.runners.statements.InvokeMethod.evaluate(InvokeMethod.java:17)
	at org.junit.internal.runners.statements.RunBefores.evaluate(RunBefores.java:26)
	at org.junit.internal.runners.statements.RunAfters.evaluate(RunAfters.java:27)
	at org.junit.internal.runners.statements.FailOnTimeout$StatementThread.run(FailOnTimeout.java:74)
--- org.jfree.chart.plot.XYPlot_ESTest177::test177
java.lang.NullPointerException
	at org.jfree.chart.plot.XYPlot.getDataRange(XYPlot.java:4493)
	at org.jfree.chart.axis.NumberAxis.autoAdjustRange(NumberAxis.java:434)
	at org.jfree.chart.axis.NumberAxis.configure(NumberAxis.java:417)
	at org.jfree.chart.axis.Axis.setPlot(Axis.java:1044)
	at org.jfree.chart.plot.XYPlot.<init>(XYPlot.java:660)
	at org.jfree.chart.plot.XYPlot_ESTest177.test177(XYPlot_ESTest177.java:337)
	at sun.reflect.NativeMethodAccessorImpl.invoke0(Native Method)
	at sun.reflect.NativeMethodAccessorImpl.invoke(NativeMethodAccessorImpl.java:57)
	at sun.reflect.DelegatingMethodAccessorImpl.invoke(DelegatingMethodAccessorImpl.java:43)
	at java.lang.reflect.Method.invoke(Method.java:606)
	at org.junit.runners.model.FrameworkMethod$1.runReflectiveCall(FrameworkMethod.java:47)
	at org.junit.internal.runners.model.ReflectiveCallable.run(ReflectiveCallable.java:12)
	at org.junit.runners.model.FrameworkMethod.invokeExplosively(FrameworkMethod.java:44)
	at org.junit.internal.runners.statements.InvokeMethod.evaluate(InvokeMethod.java:17)
	at org.junit.internal.runners.statements.RunBefores.evaluate(RunBefores.java:26)
	at org.junit.internal.runners.statements.RunAfters.evaluate(RunAfters.java:27)
	at org.junit.internal.runners.statements.FailOnTimeout$StatementThread.run(FailOnTimeout.java:74)
--- org.jfree.chart.plot.XYPlot_ESTest199::test199
java.lang.NullPointerException
	at org.jfree.chart.plot.XYPlot.getDataRange(XYPlot.java:4493)
	at org.jfree.chart.axis.LogAxis.autoAdjustRange(LogAxis.java:393)
	at org.jfree.chart.axis.LogAxis.configure(LogAxis.java:376)
	at org.jfree.chart.axis.Axis.setPlot(Axis.java:1044)
	at org.jfree.chart.plot.XYPlot.<init>(XYPlot.java:660)
	at org.jfree.chart.plot.XYPlot_ESTest199.test199(XYPlot_ESTest199.java:340)
	at sun.reflect.NativeMethodAccessorImpl.invoke0(Native Method)
	at sun.reflect.NativeMethodAccessorImpl.invoke(NativeMethodAccessorImpl.java:57)
	at sun.reflect.DelegatingMethodAccessorImpl.invoke(DelegatingMethodAccessorImpl.java:43)
	at java.lang.reflect.Method.invoke(Method.java:606)
	at org.junit.runners.model.FrameworkMethod$1.runReflectiveCall(FrameworkMethod.java:47)
	at org.junit.internal.runners.model.ReflectiveCallable.run(ReflectiveCallable.java:12)
	at org.junit.runners.model.FrameworkMethod.invokeExplosively(FrameworkMethod.java:44)
	at org.junit.internal.runners.statements.InvokeMethod.evaluate(InvokeMethod.java:17)
	at org.junit.internal.runners.statements.RunBefores.evaluate(RunBefores.java:26)
	at org.junit.internal.runners.statements.RunAfters.evaluate(RunAfters.java:27)
	at org.junit.internal.runners.statements.FailOnTimeout$StatementThread.run(FailOnTimeout.java:74)
--- org.jfree.chart.plot.XYPlot_ESTest206::test206
java.lang.NullPointerException
	at org.jfree.chart.plot.XYPlot.getDataRange(XYPlot.java:4493)
	at org.jfree.chart.axis.NumberAxis.autoAdjustRange(NumberAxis.java:434)
	at org.jfree.chart.axis.NumberAxis.configure(NumberAxis.java:417)
	at org.jfree.chart.axis.Axis.setPlot(Axis.java:1044)
	at org.jfree.chart.plot.XYPlot.<init>(XYPlot.java:660)
	at org.jfree.chart.plot.XYPlot_ESTest206.test206(XYPlot_ESTest206.java:339)
	at sun.reflect.NativeMethodAccessorImpl.invoke0(Native Method)
	at sun.reflect.NativeMethodAccessorImpl.invoke(NativeMethodAccessorImpl.java:57)
	at sun.reflect.DelegatingMethodAccessorImpl.invoke(DelegatingMethodAccessorImpl.java:43)
	at java.lang.reflect.Method.invoke(Method.java:606)
	at org.junit.runners.model.FrameworkMethod$1.runReflectiveCall(FrameworkMethod.java:47)
	at org.junit.internal.runners.model.ReflectiveCallable.run(ReflectiveCallable.java:12)
	at org.junit.runners.model.FrameworkMethod.invokeExplosively(FrameworkMethod.java:44)
	at org.junit.internal.runners.statements.InvokeMethod.evaluate(InvokeMethod.java:17)
	at org.junit.internal.runners.statements.RunBefores.evaluate(RunBefores.java:26)
	at org.junit.internal.runners.statements.RunAfters.evaluate(RunAfters.java:27)
	at org.junit.internal.runners.statements.FailOnTimeout$StatementThread.run(FailOnTimeout.java:74)
--- org.jfree.chart.plot.XYPlot_ESTest22::test022
java.lang.NullPointerException
	at org.jfree.chart.plot.XYPlot.getDataRange(XYPlot.java:4493)
	at org.jfree.chart.axis.NumberAxis.autoAdjustRange(NumberAxis.java:434)
	at org.jfree.chart.axis.NumberAxis.configure(NumberAxis.java:417)
	at org.jfree.chart.axis.Axis.setPlot(Axis.java:1044)
	at org.jfree.chart.plot.XYPlot.<init>(XYPlot.java:660)
	at org.jfree.chart.plot.XYPlot_ESTest22.test022(XYPlot_ESTest22.java:339)
	at sun.reflect.NativeMethodAccessorImpl.invoke0(Native Method)
	at sun.reflect.NativeMethodAccessorImpl.invoke(NativeMethodAccessorImpl.java:57)
	at sun.reflect.DelegatingMethodAccessorImpl.invoke(DelegatingMethodAccessorImpl.java:43)
	at java.lang.reflect.Method.invoke(Method.java:606)
	at org.junit.runners.model.FrameworkMethod$1.runReflectiveCall(FrameworkMethod.java:47)
	at org.junit.internal.runners.model.ReflectiveCallable.run(ReflectiveCallable.java:12)
	at org.junit.runners.model.FrameworkMethod.invokeExplosively(FrameworkMethod.java:44)
	at org.junit.internal.runners.statements.InvokeMethod.evaluate(InvokeMethod.java:17)
	at org.junit.internal.runners.statements.RunBefores.evaluate(RunBefores.java:26)
	at org.junit.internal.runners.statements.RunAfters.evaluate(RunAfters.java:27)
	at org.junit.internal.runners.statements.FailOnTimeout$StatementThread.run(FailOnTimeout.java:74)
--- org.jfree.chart.plot.XYPlot_ESTest222::test222
java.lang.NullPointerException
	at org.jfree.chart.plot.XYPlot.getDataRange(XYPlot.java:4493)
	at org.jfree.chart.axis.NumberAxis.autoAdjustRange(NumberAxis.java:434)
	at org.jfree.chart.axis.NumberAxis.configure(NumberAxis.java:417)
	at org.jfree.chart.axis.Axis.setPlot(Axis.java:1044)
	at org.jfree.chart.plot.XYPlot.<init>(XYPlot.java:660)
	at org.jfree.chart.plot.XYPlot_ESTest222.test222(XYPlot_ESTest222.java:346)
	at sun.reflect.NativeMethodAccessorImpl.invoke0(Native Method)
	at sun.reflect.NativeMethodAccessorImpl.invoke(NativeMethodAccessorImpl.java:57)
	at sun.reflect.DelegatingMethodAccessorImpl.invoke(DelegatingMethodAccessorImpl.java:43)
	at java.lang.reflect.Method.invoke(Method.java:606)
	at org.junit.runners.model.FrameworkMethod$1.runReflectiveCall(FrameworkMethod.java:47)
	at org.junit.internal.runners.model.ReflectiveCallable.run(ReflectiveCallable.java:12)
	at org.junit.runners.model.FrameworkMethod.invokeExplosively(FrameworkMethod.java:44)
	at org.junit.internal.runners.statements.InvokeMethod.evaluate(InvokeMethod.java:17)
	at org.junit.internal.runners.statements.RunBefores.evaluate(RunBefores.java:26)
	at org.junit.internal.runners.statements.RunAfters.evaluate(RunAfters.java:27)
	at org.junit.internal.runners.statements.FailOnTimeout$StatementThread.run(FailOnTimeout.java:74)
--- org.jfree.chart.plot.XYPlot_ESTest26::test026
java.lang.NullPointerException
	at org.jfree.chart.plot.XYPlot.getDataRange(XYPlot.java:4493)
	at org.jfree.chart.axis.NumberAxis.autoAdjustRange(NumberAxis.java:434)
	at org.jfree.chart.axis.NumberAxis.configure(NumberAxis.java:417)
	at org.jfree.chart.axis.Axis.setPlot(Axis.java:1044)
	at org.jfree.chart.plot.XYPlot.<init>(XYPlot.java:660)
	at org.jfree.chart.plot.XYPlot_ESTest26.test026(XYPlot_ESTest26.java:337)
	at sun.reflect.NativeMethodAccessorImpl.invoke0(Native Method)
	at sun.reflect.NativeMethodAccessorImpl.invoke(NativeMethodAccessorImpl.java:57)
	at sun.reflect.DelegatingMethodAccessorImpl.invoke(DelegatingMethodAccessorImpl.java:43)
	at java.lang.reflect.Method.invoke(Method.java:606)
	at org.junit.runners.model.FrameworkMethod$1.runReflectiveCall(FrameworkMethod.java:47)
	at org.junit.internal.runners.model.ReflectiveCallable.run(ReflectiveCallable.java:12)
	at org.junit.runners.model.FrameworkMethod.invokeExplosively(FrameworkMethod.java:44)
	at org.junit.internal.runners.statements.InvokeMethod.evaluate(InvokeMethod.java:17)
	at org.junit.internal.runners.statements.RunBefores.evaluate(RunBefores.java:26)
	at org.junit.internal.runners.statements.RunAfters.evaluate(RunAfters.java:27)
	at org.junit.internal.runners.statements.FailOnTimeout$StatementThread.run(FailOnTimeout.java:74)
--- org.jfree.chart.plot.XYPlot_ESTest27::test027
java.lang.NullPointerException
	at org.jfree.chart.plot.XYPlot.getDataRange(XYPlot.java:4493)
	at org.jfree.chart.axis.NumberAxis.autoAdjustRange(NumberAxis.java:434)
	at org.jfree.chart.axis.NumberAxis.configure(NumberAxis.java:417)
	at org.jfree.chart.axis.Axis.setPlot(Axis.java:1044)
	at org.jfree.chart.plot.XYPlot.<init>(XYPlot.java:660)
	at org.jfree.chart.plot.XYPlot_ESTest27.test027(XYPlot_ESTest27.java:337)
	at sun.reflect.NativeMethodAccessorImpl.invoke0(Native Method)
	at sun.reflect.NativeMethodAccessorImpl.invoke(NativeMethodAccessorImpl.java:57)
	at sun.reflect.DelegatingMethodAccessorImpl.invoke(DelegatingMethodAccessorImpl.java:43)
	at java.lang.reflect.Method.invoke(Method.java:606)
	at org.junit.runners.model.FrameworkMethod$1.runReflectiveCall(FrameworkMethod.java:47)
	at org.junit.internal.runners.model.ReflectiveCallable.run(ReflectiveCallable.java:12)
	at org.junit.runners.model.FrameworkMethod.invokeExplosively(FrameworkMethod.java:44)
	at org.junit.internal.runners.statements.InvokeMethod.evaluate(InvokeMethod.java:17)
	at org.junit.internal.runners.statements.RunBefores.evaluate(RunBefores.java:26)
	at org.junit.internal.runners.statements.RunAfters.evaluate(RunAfters.java:27)
	at org.junit.internal.runners.statements.FailOnTimeout$StatementThread.run(FailOnTimeout.java:74)
--- org.jfree.chart.plot.XYPlot_ESTest32::test032
java.lang.NullPointerException
	at org.jfree.chart.plot.XYPlot.getDataRange(XYPlot.java:4493)
	at org.jfree.chart.axis.NumberAxis.autoAdjustRange(NumberAxis.java:434)
	at org.jfree.chart.axis.NumberAxis.configure(NumberAxis.java:417)
	at org.jfree.chart.axis.Axis.setPlot(Axis.java:1044)
	at org.jfree.chart.plot.XYPlot.<init>(XYPlot.java:660)
	at org.jfree.chart.plot.XYPlot_ESTest32.test032(XYPlot_ESTest32.java:337)
	at sun.reflect.NativeMethodAccessorImpl.invoke0(Native Method)
	at sun.reflect.NativeMethodAccessorImpl.invoke(NativeMethodAccessorImpl.java:57)
	at sun.reflect.DelegatingMethodAccessorImpl.invoke(DelegatingMethodAccessorImpl.java:43)
	at java.lang.reflect.Method.invoke(Method.java:606)
	at org.junit.runners.model.FrameworkMethod$1.runReflectiveCall(FrameworkMethod.java:47)
	at org.junit.internal.runners.model.ReflectiveCallable.run(ReflectiveCallable.java:12)
	at org.junit.runners.model.FrameworkMethod.invokeExplosively(FrameworkMethod.java:44)
	at org.junit.internal.runners.statements.InvokeMethod.evaluate(InvokeMethod.java:17)
	at org.junit.internal.runners.statements.RunBefores.evaluate(RunBefores.java:26)
	at org.junit.internal.runners.statements.RunAfters.evaluate(RunAfters.java:27)
	at org.junit.internal.runners.statements.FailOnTimeout$StatementThread.run(FailOnTimeout.java:74)
--- org.jfree.chart.plot.XYPlot_ESTest33::test033
java.lang.NullPointerException
	at org.jfree.chart.plot.XYPlot.getDataRange(XYPlot.java:4493)
	at org.jfree.chart.axis.NumberAxis.autoAdjustRange(NumberAxis.java:434)
	at org.jfree.chart.axis.NumberAxis.configure(NumberAxis.java:417)
	at org.jfree.chart.axis.Axis.setPlot(Axis.java:1044)
	at org.jfree.chart.plot.XYPlot.<init>(XYPlot.java:660)
	at org.jfree.chart.plot.XYPlot_ESTest33.test033(XYPlot_ESTest33.java:344)
	at sun.reflect.NativeMethodAccessorImpl.invoke0(Native Method)
	at sun.reflect.NativeMethodAccessorImpl.invoke(NativeMethodAccessorImpl.java:57)
	at sun.reflect.DelegatingMethodAccessorImpl.invoke(DelegatingMethodAccessorImpl.java:43)
	at java.lang.reflect.Method.invoke(Method.java:606)
	at org.junit.runners.model.FrameworkMethod$1.runReflectiveCall(FrameworkMethod.java:47)
	at org.junit.internal.runners.model.ReflectiveCallable.run(ReflectiveCallable.java:12)
	at org.junit.runners.model.FrameworkMethod.invokeExplosively(FrameworkMethod.java:44)
	at org.junit.internal.runners.statements.InvokeMethod.evaluate(InvokeMethod.java:17)
	at org.junit.internal.runners.statements.RunBefores.evaluate(RunBefores.java:26)
	at org.junit.internal.runners.statements.RunAfters.evaluate(RunAfters.java:27)
	at org.junit.internal.runners.statements.FailOnTimeout$StatementThread.run(FailOnTimeout.java:74)
--- org.jfree.chart.plot.XYPlot_ESTest44::test044
java.lang.NullPointerException
	at org.jfree.chart.plot.XYPlot.getDataRange(XYPlot.java:4493)
	at org.jfree.chart.axis.NumberAxis.autoAdjustRange(NumberAxis.java:434)
	at org.jfree.chart.axis.NumberAxis.configure(NumberAxis.java:417)
	at org.jfree.chart.axis.Axis.setPlot(Axis.java:1044)
	at org.jfree.chart.plot.XYPlot.<init>(XYPlot.java:660)
	at org.jfree.chart.plot.XYPlot_ESTest44.test044(XYPlot_ESTest44.java:339)
	at sun.reflect.NativeMethodAccessorImpl.invoke0(Native Method)
	at sun.reflect.NativeMethodAccessorImpl.invoke(NativeMethodAccessorImpl.java:57)
	at sun.reflect.DelegatingMethodAccessorImpl.invoke(DelegatingMethodAccessorImpl.java:43)
	at java.lang.reflect.Method.invoke(Method.java:606)
	at org.junit.runners.model.FrameworkMethod$1.runReflectiveCall(FrameworkMethod.java:47)
	at org.junit.internal.runners.model.ReflectiveCallable.run(ReflectiveCallable.java:12)
	at org.junit.runners.model.FrameworkMethod.invokeExplosively(FrameworkMethod.java:44)
	at org.junit.internal.runners.statements.InvokeMethod.evaluate(InvokeMethod.java:17)
	at org.junit.internal.runners.statements.RunBefores.evaluate(RunBefores.java:26)
	at org.junit.internal.runners.statements.RunAfters.evaluate(RunAfters.java:27)
	at org.junit.internal.runners.statements.FailOnTimeout$StatementThread.run(FailOnTimeout.java:74)
--- org.jfree.chart.plot.XYPlot_ESTest59::test059
java.lang.NullPointerException
	at org.jfree.chart.plot.XYPlot.getDataRange(XYPlot.java:4493)
	at org.jfree.chart.axis.NumberAxis.autoAdjustRange(NumberAxis.java:434)
	at org.jfree.chart.axis.NumberAxis.configure(NumberAxis.java:417)
	at org.jfree.chart.axis.Axis.setPlot(Axis.java:1044)
	at org.jfree.chart.plot.XYPlot.<init>(XYPlot.java:660)
	at org.jfree.chart.plot.XYPlot_ESTest59.test059(XYPlot_ESTest59.java:339)
	at sun.reflect.NativeMethodAccessorImpl.invoke0(Native Method)
	at sun.reflect.NativeMethodAccessorImpl.invoke(NativeMethodAccessorImpl.java:57)
	at sun.reflect.DelegatingMethodAccessorImpl.invoke(DelegatingMethodAccessorImpl.java:43)
	at java.lang.reflect.Method.invoke(Method.java:606)
	at org.junit.runners.model.FrameworkMethod$1.runReflectiveCall(FrameworkMethod.java:47)
	at org.junit.internal.runners.model.ReflectiveCallable.run(ReflectiveCallable.java:12)
	at org.junit.runners.model.FrameworkMethod.invokeExplosively(FrameworkMethod.java:44)
	at org.junit.internal.runners.statements.InvokeMethod.evaluate(InvokeMethod.java:17)
	at org.junit.internal.runners.statements.RunBefores.evaluate(RunBefores.java:26)
	at org.junit.internal.runners.statements.RunAfters.evaluate(RunAfters.java:27)
	at org.junit.internal.runners.statements.FailOnTimeout$StatementThread.run(FailOnTimeout.java:74)
--- org.jfree.chart.plot.XYPlot_ESTest8::test008
java.lang.NullPointerException
	at org.jfree.chart.plot.XYPlot.getDataRange(XYPlot.java:4493)
	at org.jfree.chart.axis.NumberAxis.autoAdjustRange(NumberAxis.java:434)
	at org.jfree.chart.axis.NumberAxis.configure(NumberAxis.java:417)
	at org.jfree.chart.axis.Axis.setPlot(Axis.java:1044)
	at org.jfree.chart.plot.XYPlot.<init>(XYPlot.java:660)
	at org.jfree.chart.plot.XYPlot_ESTest8.test008(XYPlot_ESTest8.java:349)
	at sun.reflect.NativeMethodAccessorImpl.invoke0(Native Method)
	at sun.reflect.NativeMethodAccessorImpl.invoke(NativeMethodAccessorImpl.java:57)
	at sun.reflect.DelegatingMethodAccessorImpl.invoke(DelegatingMethodAccessorImpl.java:43)
	at java.lang.reflect.Method.invoke(Method.java:606)
	at org.junit.runners.model.FrameworkMethod$1.runReflectiveCall(FrameworkMethod.java:47)
	at org.junit.internal.runners.model.ReflectiveCallable.run(ReflectiveCallable.java:12)
	at org.junit.runners.model.FrameworkMethod.invokeExplosively(FrameworkMethod.java:44)
	at org.junit.internal.runners.statements.InvokeMethod.evaluate(InvokeMethod.java:17)
	at org.junit.internal.runners.statements.RunBefores.evaluate(RunBefores.java:26)
	at org.junit.internal.runners.statements.RunAfters.evaluate(RunAfters.java:27)
	at org.junit.internal.runners.statements.FailOnTimeout$StatementThread.run(FailOnTimeout.java:74)
--- org.jfree.chart.plot.XYPlot_ESTest82::test082
java.lang.NullPointerException
	at org.jfree.chart.plot.XYPlot.getDataRange(XYPlot.java:4493)
	at org.jfree.chart.axis.NumberAxis.autoAdjustRange(NumberAxis.java:434)
	at org.jfree.chart.axis.NumberAxis.configure(NumberAxis.java:417)
	at org.jfree.chart.axis.Axis.setPlot(Axis.java:1044)
	at org.jfree.chart.plot.XYPlot.<init>(XYPlot.java:660)
	at org.jfree.chart.plot.XYPlot_ESTest82.test082(XYPlot_ESTest82.java:337)
	at sun.reflect.NativeMethodAccessorImpl.invoke0(Native Method)
	at sun.reflect.NativeMethodAccessorImpl.invoke(NativeMethodAccessorImpl.java:57)
	at sun.reflect.DelegatingMethodAccessorImpl.invoke(DelegatingMethodAccessorImpl.java:43)
	at java.lang.reflect.Method.invoke(Method.java:606)
	at org.junit.runners.model.FrameworkMethod$1.runReflectiveCall(FrameworkMethod.java:47)
	at org.junit.internal.runners.model.ReflectiveCallable.run(ReflectiveCallable.java:12)
	at org.junit.runners.model.FrameworkMethod.invokeExplosively(FrameworkMethod.java:44)
	at org.junit.internal.runners.statements.InvokeMethod.evaluate(InvokeMethod.java:17)
	at org.junit.internal.runners.statements.RunBefores.evaluate(RunBefores.java:26)
	at org.junit.internal.runners.statements.RunAfters.evaluate(RunAfters.java:27)
	at org.junit.internal.runners.statements.FailOnTimeout$StatementThread.run(FailOnTimeout.java:74)
